../../pdbs//1w9w.pdb 3.B
Timestep	Standard Nomenclature	Ring conformation
1			-		45q(4.654376)		q23(5.872445)		1t3(6.704346)		4t6(6.846754)	
../../pdbs//1w9w.pdb 2.B
Timestep	Standard Nomenclature	Ring conformation
1			-		6d3(5.900860)		2d5(7.083005)	
../../pdbs//5fih.pdb 3.C
Timestep	Standard Nomenclature	Ring conformation
1			1S3		4t6(0.984791)		q23(8.427316)		1t3(8.916922)	
../../pdbs//5fih.pdb 2.C
Timestep	Standard Nomenclature	Ring conformation
1			4C1		2d5(0.617960)		6d3(1.990049)		4d1(2.836544)	
../../pdbs//6k0q.pdb 2.D
Timestep	Standard Nomenclature	Ring conformation
1			4C1		6d3(0.692466)		4d1(2.025871)		2d5(2.772580)	
../../pdbs//6k0q.pdb 1.D
Timestep	Standard Nomenclature	Ring conformation
1			4C1		2d5(1.573202)		6d3(6.531861)		4d1(8.249580)	
../../pdbs//6k0s.pdb 2.D
Timestep	Standard Nomenclature	Ring conformation
1			4C1		4d1(0.348765)		2d5(0.582266)		6d3(0.900270)	
../../pdbs//6k0s.pdb 1.D
Timestep	Standard Nomenclature	Ring conformation
1			4C1		2d5(2.045244)		6d3(5.249056)		4d1(7.385545)	
../../pdbs//6k0v.pdb 2.G
Timestep	Standard Nomenclature	Ring conformation
1			4C1		4d1(0.195167)		6d3(1.339483)		2d5(1.489448)	
../../pdbs//6k0v.pdb 1.G
Timestep	Standard Nomenclature	Ring conformation
1			4C1		4d1(2.969367)		6d3(5.084725)		2d5(8.308919)	
