../../pdbs//8htu.pdb 850.B
../../pdbs//8htu.pdb 850.B
../../pdbs//8htu.pdb 850.B
../../pdbs//8htu.pdb 850.B
../../pdbs//7sa3.pdb 515.C
../../pdbs//7sa3.pdb 515.C
../../pdbs//7sa3.pdb 515.C
../../pdbs//7sa3.pdb 515.C
../../pdbs//6yp7.pdb 102.H
../../pdbs//6yp7.pdb 102.H
../../pdbs//6yp7.pdb 102.H
../../pdbs//6yp7.pdb 102.H
../../pdbs//6yp7.pdb 413.a
../../pdbs//6yp7.pdb 413.a
../../pdbs//6yp7.pdb 413.a
../../pdbs//6yp7.pdb 413.a
../../pdbs//6yp7.pdb 518.c
../../pdbs//6yp7.pdb 518.c
../../pdbs//6yp7.pdb 518.c
../../pdbs//6yp7.pdb 518.c
../../pdbs//6yp7.pdb 519.C
../../pdbs//6yp7.pdb 519.C
../../pdbs//6yp7.pdb 519.C
../../pdbs//6yp7.pdb 519.C
../../pdbs//6yp7.pdb 517.c
../../pdbs//6yp7.pdb 517.c
../../pdbs//6yp7.pdb 517.c
../../pdbs//6yp7.pdb 517.c
../../pdbs//6yp7.pdb 518.C
../../pdbs//6yp7.pdb 518.C
../../pdbs//6yp7.pdb 518.C
../../pdbs//6yp7.pdb 518.C
../../pdbs//6yp7.pdb 101.J
../../pdbs//6yp7.pdb 101.J
../../pdbs//6yp7.pdb 101.J
../../pdbs//6yp7.pdb 101.J
../../pdbs//6yp7.pdb 102.h
../../pdbs//6yp7.pdb 102.h
../../pdbs//6yp7.pdb 102.h
../../pdbs//6yp7.pdb 102.h
../../pdbs//6yp7.pdb 519.c
../../pdbs//6yp7.pdb 519.c
../../pdbs//6yp7.pdb 519.c
../../pdbs//6yp7.pdb 519.c
../../pdbs//6yp7.pdb 401.A
../../pdbs//6yp7.pdb 401.A
../../pdbs//6yp7.pdb 401.A
../../pdbs//6yp7.pdb 401.A
../../pdbs//8f4i.pdb 518.C
../../pdbs//8f4i.pdb 518.C
../../pdbs//8f4i.pdb 518.C
../../pdbs//8f4i.pdb 518.C
../../pdbs//8f4i.pdb 515.c
../../pdbs//8f4i.pdb 515.c
../../pdbs//8f4i.pdb 515.c
../../pdbs//8f4i.pdb 515.c
../../pdbs//8f4i.pdb 101.h
../../pdbs//8f4i.pdb 101.h
../../pdbs//8f4i.pdb 101.h
../../pdbs//8f4i.pdb 101.h
../../pdbs//8f4i.pdb 616.A
../../pdbs//8f4i.pdb 616.A
../../pdbs//8f4i.pdb 616.A
../../pdbs//8f4i.pdb 616.A
../../pdbs//8f4i.pdb 517.C
../../pdbs//8f4i.pdb 517.C
../../pdbs//8f4i.pdb 517.C
../../pdbs//8f4i.pdb 517.C
../../pdbs//8f4i.pdb 102.H
../../pdbs//8f4i.pdb 102.H
../../pdbs//8f4i.pdb 102.H
../../pdbs//8f4i.pdb 102.H
../../pdbs//8f4i.pdb 517.c
../../pdbs//8f4i.pdb 517.c
../../pdbs//8f4i.pdb 517.c
../../pdbs//8f4i.pdb 517.c
../../pdbs//8f4i.pdb 516.c
../../pdbs//8f4i.pdb 516.c
../../pdbs//8f4i.pdb 516.c
../../pdbs//8f4i.pdb 516.c
../../pdbs//8f4i.pdb 519.C
../../pdbs//8f4i.pdb 519.C
../../pdbs//8f4i.pdb 519.C
../../pdbs//8f4i.pdb 519.C
../../pdbs//7rcv.pdb 103.h
../../pdbs//7rcv.pdb 103.h
../../pdbs//7rcv.pdb 103.h
../../pdbs//7rcv.pdb 103.h
../../pdbs//7rcv.pdb 517.c
../../pdbs//7rcv.pdb 517.c
../../pdbs//7rcv.pdb 517.c
../../pdbs//7rcv.pdb 517.c
../../pdbs//7rcv.pdb 517.C
../../pdbs//7rcv.pdb 517.C
../../pdbs//7rcv.pdb 517.C
../../pdbs//7rcv.pdb 517.C
../../pdbs//7rcv.pdb 515.C
../../pdbs//7rcv.pdb 515.C
../../pdbs//7rcv.pdb 515.C
../../pdbs//7rcv.pdb 515.C
../../pdbs//7rcv.pdb 516.c
../../pdbs//7rcv.pdb 516.c
../../pdbs//7rcv.pdb 516.c
../../pdbs//7rcv.pdb 516.c
../../pdbs//7rcv.pdb 516.C
../../pdbs//7rcv.pdb 516.C
../../pdbs//7rcv.pdb 516.C
../../pdbs//7rcv.pdb 516.C
../../pdbs//7rcv.pdb 103.H
../../pdbs//7rcv.pdb 103.H
../../pdbs//7rcv.pdb 103.H
../../pdbs//7rcv.pdb 103.H
../../pdbs//7rcv.pdb 515.c
../../pdbs//7rcv.pdb 515.c
../../pdbs//7rcv.pdb 515.c
../../pdbs//7rcv.pdb 515.c
../../pdbs//6ijo.pdb 850.B
../../pdbs//6ijo.pdb 850.B
../../pdbs//6ijo.pdb 850.B
../../pdbs//6ijo.pdb 850.B
../../pdbs//6ijo.pdb 103.J
../../pdbs//6ijo.pdb 103.J
../../pdbs//6ijo.pdb 103.J
../../pdbs//6ijo.pdb 103.J
../../pdbs//6qph.pdb 5002.B
../../pdbs//6qph.pdb 5002.B
../../pdbs//6qph.pdb 5002.B
../../pdbs//6qph.pdb 5002.B
../../pdbs//6qph.pdb 811.2
../../pdbs//6qph.pdb 811.2
../../pdbs//6qph.pdb 811.2
../../pdbs//6qph.pdb 811.2
../../pdbs//6qph.pdb 5001.J
../../pdbs//6qph.pdb 5001.J
../../pdbs//6qph.pdb 5001.J
../../pdbs//6qph.pdb 5001.J
../../pdbs//6qph.pdb 811.4
../../pdbs//6qph.pdb 811.4
../../pdbs//6qph.pdb 811.4
../../pdbs//6qph.pdb 811.4
../../pdbs//4rvy.pdb 517.C
../../pdbs//4rvy.pdb 517.C
../../pdbs//4rvy.pdb 517.C
../../pdbs//4rvy.pdb 517.C
../../pdbs//4rvy.pdb 516.C
../../pdbs//4rvy.pdb 516.C
../../pdbs//4rvy.pdb 516.C
../../pdbs//4rvy.pdb 516.C
../../pdbs//4rvy.pdb 102.h
../../pdbs//4rvy.pdb 102.h
../../pdbs//4rvy.pdb 102.h
../../pdbs//4rvy.pdb 102.h
../../pdbs//4rvy.pdb 102.H
../../pdbs//4rvy.pdb 102.H
../../pdbs//4rvy.pdb 102.H
../../pdbs//4rvy.pdb 102.H
../../pdbs//4rvy.pdb 516.c
../../pdbs//4rvy.pdb 516.c
../../pdbs//4rvy.pdb 516.c
../../pdbs//4rvy.pdb 516.c
../../pdbs//4rvy.pdb 517.c
../../pdbs//4rvy.pdb 517.c
../../pdbs//4rvy.pdb 517.c
../../pdbs//4rvy.pdb 517.c
../../pdbs//4rvy.pdb 410.d
../../pdbs//4rvy.pdb 410.d
../../pdbs//4rvy.pdb 410.d
../../pdbs//4rvy.pdb 410.d
../../pdbs//4rvy.pdb 410.D
../../pdbs//4rvy.pdb 410.D
../../pdbs//4rvy.pdb 410.D
../../pdbs//4rvy.pdb 410.D
../../pdbs//4rvy.pdb 518.C
../../pdbs//4rvy.pdb 518.C
../../pdbs//4rvy.pdb 518.C
../../pdbs//4rvy.pdb 518.C
../../pdbs//4rvy.pdb 518.c
../../pdbs//4rvy.pdb 518.c
../../pdbs//4rvy.pdb 518.c
../../pdbs//4rvy.pdb 518.c
../../pdbs//7d1u.pdb 518.c
../../pdbs//7d1u.pdb 518.c
../../pdbs//7d1u.pdb 518.c
../../pdbs//7d1u.pdb 518.c
../../pdbs//7d1u.pdb 519.C
../../pdbs//7d1u.pdb 519.C
../../pdbs//7d1u.pdb 519.C
../../pdbs//7d1u.pdb 519.C
../../pdbs//7d1u.pdb 517.c
../../pdbs//7d1u.pdb 517.c
../../pdbs//7d1u.pdb 517.c
../../pdbs//7d1u.pdb 517.c
../../pdbs//7d1u.pdb 517.C
../../pdbs//7d1u.pdb 517.C
../../pdbs//7d1u.pdb 517.C
../../pdbs//7d1u.pdb 517.C
../../pdbs//7d1u.pdb 518.C
../../pdbs//7d1u.pdb 518.C
../../pdbs//7d1u.pdb 518.C
../../pdbs//7d1u.pdb 518.C
../../pdbs//7d1u.pdb 519.c
../../pdbs//7d1u.pdb 519.c
../../pdbs//7d1u.pdb 519.c
../../pdbs//7d1u.pdb 519.c
../../pdbs//7d1u.pdb 102.H
../../pdbs//7d1u.pdb 102.H
../../pdbs//7d1u.pdb 102.H
../../pdbs//7d1u.pdb 102.H
../../pdbs//7d1u.pdb 102.h
../../pdbs//7d1u.pdb 102.h
../../pdbs//7d1u.pdb 102.h
../../pdbs//7d1u.pdb 102.h
../../pdbs//6jlk.pdb 518.C
../../pdbs//6jlk.pdb 518.C
../../pdbs//6jlk.pdb 518.C
../../pdbs//6jlk.pdb 518.C
../../pdbs//6jlk.pdb 101.e
../../pdbs//6jlk.pdb 101.e
../../pdbs//6jlk.pdb 101.e
../../pdbs//6jlk.pdb 101.e
../../pdbs//6jlk.pdb 521.c
../../pdbs//6jlk.pdb 521.c
../../pdbs//6jlk.pdb 521.c
../../pdbs//6jlk.pdb 521.c
../../pdbs//6jlk.pdb 517.C
../../pdbs//6jlk.pdb 517.C
../../pdbs//6jlk.pdb 517.C
../../pdbs//6jlk.pdb 517.C
../../pdbs//6jlk.pdb 520.c
../../pdbs//6jlk.pdb 520.c
../../pdbs//6jlk.pdb 520.c
../../pdbs//6jlk.pdb 520.c
../../pdbs//6jlk.pdb 522.c
../../pdbs//6jlk.pdb 522.c
../../pdbs//6jlk.pdb 522.c
../../pdbs//6jlk.pdb 522.c
../../pdbs//6jlk.pdb 102.h
../../pdbs//6jlk.pdb 102.h
../../pdbs//6jlk.pdb 102.h
../../pdbs//6jlk.pdb 102.h
../../pdbs//6jlk.pdb 102.H
../../pdbs//6jlk.pdb 102.H
../../pdbs//6jlk.pdb 102.H
../../pdbs//6jlk.pdb 102.H
../../pdbs//6jlk.pdb 516.C
../../pdbs//6jlk.pdb 516.C
../../pdbs//6jlk.pdb 516.C
../../pdbs//6jlk.pdb 516.C
../../pdbs//6l7o.pdb 404.A
../../pdbs//6l7o.pdb 404.A
../../pdbs//6l7o.pdb 404.A
../../pdbs//6l7o.pdb 404.A
../../pdbs//6l7o.pdb 403.A
../../pdbs//6l7o.pdb 403.A
../../pdbs//6l7o.pdb 403.A
../../pdbs//6l7o.pdb 403.A
../../pdbs//6zzx.pdb 803.8
../../pdbs//6zzx.pdb 803.8
../../pdbs//6zzx.pdb 803.8
../../pdbs//6zzx.pdb 803.8
../../pdbs//6zzx.pdb 5003.B
../../pdbs//6zzx.pdb 5003.B
../../pdbs//6zzx.pdb 5003.B
../../pdbs//6zzx.pdb 5003.B
../../pdbs//6zzx.pdb 802.8
../../pdbs//6zzx.pdb 802.8
../../pdbs//6zzx.pdb 802.8
../../pdbs//6zzx.pdb 802.8
../../pdbs//6zzx.pdb 806.7
../../pdbs//6zzx.pdb 806.7
../../pdbs//6zzx.pdb 806.7
../../pdbs//6zzx.pdb 806.7
../../pdbs//5b66.pdb 516.C
../../pdbs//5b66.pdb 516.C
../../pdbs//5b66.pdb 516.C
../../pdbs//5b66.pdb 516.C
../../pdbs//5b66.pdb 518.C
../../pdbs//5b66.pdb 518.C
../../pdbs//5b66.pdb 518.C
../../pdbs//5b66.pdb 518.C
../../pdbs//5b66.pdb 517.c
../../pdbs//5b66.pdb 517.c
../../pdbs//5b66.pdb 517.c
../../pdbs//5b66.pdb 517.c
../../pdbs//5b66.pdb 517.C
../../pdbs//5b66.pdb 517.C
../../pdbs//5b66.pdb 517.C
../../pdbs//5b66.pdb 517.C
../../pdbs//5b66.pdb 102.H
../../pdbs//5b66.pdb 102.H
../../pdbs//5b66.pdb 102.H
../../pdbs//5b66.pdb 102.H
../../pdbs//5b66.pdb 516.c
../../pdbs//5b66.pdb 516.c
../../pdbs//5b66.pdb 516.c
../../pdbs//5b66.pdb 516.c
../../pdbs//5b66.pdb 515.c
../../pdbs//5b66.pdb 515.c
../../pdbs//5b66.pdb 515.c
../../pdbs//5b66.pdb 515.c
../../pdbs//5b66.pdb 101.h
../../pdbs//5b66.pdb 101.h
../../pdbs//5b66.pdb 101.h
../../pdbs//5b66.pdb 101.h
../../pdbs//5zji.pdb 850.B
../../pdbs//5zji.pdb 850.B
../../pdbs//5zji.pdb 850.B
../../pdbs//5zji.pdb 850.B
../../pdbs//5zji.pdb 103.J
../../pdbs//5zji.pdb 103.J
../../pdbs//5zji.pdb 103.J
../../pdbs//5zji.pdb 103.J
../../pdbs//7dxa.pdb 412.d
../../pdbs//7dxa.pdb 412.d
../../pdbs//7dxa.pdb 412.d
../../pdbs//7dxa.pdb 412.d
../../pdbs//5ws5.pdb 517.c
../../pdbs//5ws5.pdb 517.c
../../pdbs//5ws5.pdb 517.c
../../pdbs//5ws5.pdb 517.c
../../pdbs//5ws5.pdb 519.C
../../pdbs//5ws5.pdb 519.C
../../pdbs//5ws5.pdb 519.C
../../pdbs//5ws5.pdb 519.C
../../pdbs//5ws5.pdb 102.H
../../pdbs//5ws5.pdb 102.H
../../pdbs//5ws5.pdb 102.H
../../pdbs//5ws5.pdb 102.H
../../pdbs//5ws5.pdb 517.C
../../pdbs//5ws5.pdb 517.C
../../pdbs//5ws5.pdb 517.C
../../pdbs//5ws5.pdb 517.C
../../pdbs//5ws5.pdb 102.h
../../pdbs//5ws5.pdb 102.h
../../pdbs//5ws5.pdb 102.h
../../pdbs//5ws5.pdb 102.h
../../pdbs//5ws5.pdb 518.c
../../pdbs//5ws5.pdb 518.c
../../pdbs//5ws5.pdb 518.c
../../pdbs//5ws5.pdb 518.c
../../pdbs//5ws5.pdb 519.c
../../pdbs//5ws5.pdb 519.c
../../pdbs//5ws5.pdb 519.c
../../pdbs//5ws5.pdb 519.c
../../pdbs//5ws5.pdb 518.C
../../pdbs//5ws5.pdb 518.C
../../pdbs//5ws5.pdb 518.C
../../pdbs//5ws5.pdb 518.C
../../pdbs//7y7b.pdb 848.B
../../pdbs//7y7b.pdb 848.B
../../pdbs//7y7b.pdb 848.B
../../pdbs//7y7b.pdb 848.B
../../pdbs//7y7b.pdb 303.Z
../../pdbs//7y7b.pdb 303.Z
../../pdbs//7y7b.pdb 303.Z
../../pdbs//7y7b.pdb 303.Z
../../pdbs//7m76.pdb 207.L
../../pdbs//7m76.pdb 207.L
../../pdbs//7m76.pdb 207.L
../../pdbs//7m76.pdb 207.L
../../pdbs//7ew6.pdb 103.J
../../pdbs//7ew6.pdb 103.J
../../pdbs//7ew6.pdb 103.J
../../pdbs//7ew6.pdb 103.J
../../pdbs//7ew6.pdb 850.B
../../pdbs//7ew6.pdb 850.B
../../pdbs//7ew6.pdb 850.B
../../pdbs//7ew6.pdb 850.B
../../pdbs//3a0h.pdb 6057.c
../../pdbs//3a0h.pdb 6057.c
../../pdbs//3a0h.pdb 6057.c
../../pdbs//3a0h.pdb 6057.c
../../pdbs//3a0h.pdb 1058.B
../../pdbs//3a0h.pdb 1058.B
../../pdbs//3a0h.pdb 1058.B
../../pdbs//3a0h.pdb 1058.B
../../pdbs//3a0h.pdb 6056.c
../../pdbs//3a0h.pdb 6056.c
../../pdbs//3a0h.pdb 6056.c
../../pdbs//3a0h.pdb 6056.c
../../pdbs//3a0h.pdb 1056.C
../../pdbs//3a0h.pdb 1056.C
../../pdbs//3a0h.pdb 1056.C
../../pdbs//3a0h.pdb 1056.C
../../pdbs//3a0h.pdb 6058.b
../../pdbs//3a0h.pdb 6058.b
../../pdbs//3a0h.pdb 6058.b
../../pdbs//3a0h.pdb 6058.b
../../pdbs//3a0h.pdb 1055.C
../../pdbs//3a0h.pdb 1055.C
../../pdbs//3a0h.pdb 1055.C
../../pdbs//3a0h.pdb 1055.C
../../pdbs//3a0h.pdb 1057.C
../../pdbs//3a0h.pdb 1057.C
../../pdbs//3a0h.pdb 1057.C
../../pdbs//3a0h.pdb 1057.C
../../pdbs//3a0h.pdb 6055.c
../../pdbs//3a0h.pdb 6055.c
../../pdbs//3a0h.pdb 6055.c
../../pdbs//3a0h.pdb 6055.c
../../pdbs//5l8r.pdb 801.B
../../pdbs//5l8r.pdb 801.B
../../pdbs//5l8r.pdb 801.B
../../pdbs//5l8r.pdb 801.B
../../pdbs//5l8r.pdb 1106.J
../../pdbs//5l8r.pdb 1106.J
../../pdbs//5l8r.pdb 1106.J
../../pdbs//5l8r.pdb 1106.J
../../pdbs//5l8r.pdb 854.B
../../pdbs//5l8r.pdb 854.B
../../pdbs//5l8r.pdb 854.B
../../pdbs//5l8r.pdb 854.B
../../pdbs//5l8r.pdb 207.G
../../pdbs//5l8r.pdb 207.G
../../pdbs//5l8r.pdb 207.G
../../pdbs//5l8r.pdb 207.G
../../pdbs//5l8r.pdb 319.4
../../pdbs//5l8r.pdb 319.4
../../pdbs//5l8r.pdb 319.4
../../pdbs//5l8r.pdb 319.4
../../pdbs//8f4f.pdb 516.c
../../pdbs//8f4f.pdb 516.c
../../pdbs//8f4f.pdb 516.c
../../pdbs//8f4f.pdb 516.c
../../pdbs//8f4f.pdb 102.H
../../pdbs//8f4f.pdb 102.H
../../pdbs//8f4f.pdb 102.H
../../pdbs//8f4f.pdb 102.H
../../pdbs//8f4f.pdb 515.C
../../pdbs//8f4f.pdb 515.C
../../pdbs//8f4f.pdb 515.C
../../pdbs//8f4f.pdb 515.C
../../pdbs//8f4f.pdb 515.c
../../pdbs//8f4f.pdb 515.c
../../pdbs//8f4f.pdb 515.c
../../pdbs//8f4f.pdb 515.c
../../pdbs//8f4f.pdb 616.A
../../pdbs//8f4f.pdb 616.A
../../pdbs//8f4f.pdb 616.A
../../pdbs//8f4f.pdb 616.A
../../pdbs//8f4f.pdb 517.c
../../pdbs//8f4f.pdb 517.c
../../pdbs//8f4f.pdb 517.c
../../pdbs//8f4f.pdb 517.c
../../pdbs//8f4f.pdb 101.J
../../pdbs//8f4f.pdb 101.J
../../pdbs//8f4f.pdb 101.J
../../pdbs//8f4f.pdb 101.J
../../pdbs//8f4f.pdb 102.h
../../pdbs//8f4f.pdb 102.h
../../pdbs//8f4f.pdb 102.h
../../pdbs//8f4f.pdb 102.h
../../pdbs//8f4f.pdb 516.C
../../pdbs//8f4f.pdb 516.C
../../pdbs//8f4f.pdb 516.C
../../pdbs//8f4f.pdb 516.C
../../pdbs//5oy0.pdb 5004.L
../../pdbs//5oy0.pdb 5004.L
../../pdbs//5oy0.pdb 5004.L
../../pdbs//5oy0.pdb 5004.L
../../pdbs//5gti.pdb 517.c
../../pdbs//5gti.pdb 517.c
../../pdbs//5gti.pdb 517.c
../../pdbs//5gti.pdb 517.c
../../pdbs//5gti.pdb 517.C
../../pdbs//5gti.pdb 517.C
../../pdbs//5gti.pdb 517.C
../../pdbs//5gti.pdb 517.C
../../pdbs//5gti.pdb 103.h
../../pdbs//5gti.pdb 103.h
../../pdbs//5gti.pdb 103.h
../../pdbs//5gti.pdb 103.h
../../pdbs//5gti.pdb 519.C
../../pdbs//5gti.pdb 519.C
../../pdbs//5gti.pdb 519.C
../../pdbs//5gti.pdb 519.C
../../pdbs//5gti.pdb 518.C
../../pdbs//5gti.pdb 518.C
../../pdbs//5gti.pdb 518.C
../../pdbs//5gti.pdb 518.C
../../pdbs//5gti.pdb 102.H
../../pdbs//5gti.pdb 102.H
../../pdbs//5gti.pdb 102.H
../../pdbs//5gti.pdb 102.H
../../pdbs//5gti.pdb 518.c
../../pdbs//5gti.pdb 518.c
../../pdbs//5gti.pdb 518.c
../../pdbs//5gti.pdb 518.c
../../pdbs//5gti.pdb 516.c
../../pdbs//5gti.pdb 516.c
../../pdbs//5gti.pdb 516.c
../../pdbs//5gti.pdb 516.c
../../pdbs//7yq2.pdb 918.c
../../pdbs//7yq2.pdb 918.c
../../pdbs//7yq2.pdb 918.c
../../pdbs//7yq2.pdb 918.c
../../pdbs//7yq2.pdb 517.C
../../pdbs//7yq2.pdb 517.C
../../pdbs//7yq2.pdb 517.C
../../pdbs//7yq2.pdb 517.C
../../pdbs//7yq2.pdb 919.c
../../pdbs//7yq2.pdb 919.c
../../pdbs//7yq2.pdb 919.c
../../pdbs//7yq2.pdb 919.c
../../pdbs//7yq2.pdb 518.C
../../pdbs//7yq2.pdb 518.C
../../pdbs//7yq2.pdb 518.C
../../pdbs//7yq2.pdb 518.C
../../pdbs//7yq2.pdb 516.C
../../pdbs//7yq2.pdb 516.C
../../pdbs//7yq2.pdb 516.C
../../pdbs//7yq2.pdb 516.C
../../pdbs//7yq2.pdb 917.c
../../pdbs//7yq2.pdb 917.c
../../pdbs//7yq2.pdb 917.c
../../pdbs//7yq2.pdb 917.c
../../pdbs//7yq2.pdb 102.H
../../pdbs//7yq2.pdb 102.H
../../pdbs//7yq2.pdb 102.H
../../pdbs//7yq2.pdb 102.H
../../pdbs//7yq2.pdb 102.h
../../pdbs//7yq2.pdb 102.h
../../pdbs//7yq2.pdb 102.h
../../pdbs//7yq2.pdb 102.h
../../pdbs//4tnh.pdb 517.c
../../pdbs//4tnh.pdb 517.c
../../pdbs//4tnh.pdb 517.c
../../pdbs//4tnh.pdb 517.c
../../pdbs//4tnh.pdb 515.C
../../pdbs//4tnh.pdb 515.C
../../pdbs//4tnh.pdb 515.C
../../pdbs//4tnh.pdb 515.C
../../pdbs//4tnh.pdb 625.B
../../pdbs//4tnh.pdb 625.B
../../pdbs//4tnh.pdb 625.B
../../pdbs//4tnh.pdb 625.B
../../pdbs//4tnh.pdb 409.D
../../pdbs//4tnh.pdb 409.D
../../pdbs//4tnh.pdb 409.D
../../pdbs//4tnh.pdb 409.D
../../pdbs//4tnh.pdb 624.b
../../pdbs//4tnh.pdb 624.b
../../pdbs//4tnh.pdb 624.b
../../pdbs//4tnh.pdb 624.b
../../pdbs//4tnh.pdb 411.a
../../pdbs//4tnh.pdb 411.a
../../pdbs//4tnh.pdb 411.a
../../pdbs//4tnh.pdb 411.a
../../pdbs//4tnh.pdb 516.c
../../pdbs//4tnh.pdb 516.c
../../pdbs//4tnh.pdb 516.c
../../pdbs//4tnh.pdb 516.c
../../pdbs//4tnh.pdb 516.C
../../pdbs//4tnh.pdb 516.C
../../pdbs//4tnh.pdb 516.C
../../pdbs//4tnh.pdb 516.C
../../pdbs//4tnh.pdb 409.d
../../pdbs//4tnh.pdb 409.d
../../pdbs//4tnh.pdb 409.d
../../pdbs//4tnh.pdb 409.d
../../pdbs//4tnh.pdb 517.C
../../pdbs//4tnh.pdb 517.C
../../pdbs//4tnh.pdb 517.C
../../pdbs//4tnh.pdb 517.C
../../pdbs//4tnh.pdb 601.b
../../pdbs//4tnh.pdb 601.b
../../pdbs//4tnh.pdb 601.b
../../pdbs//4tnh.pdb 601.b
../../pdbs//4tnh.pdb 515.c
../../pdbs//4tnh.pdb 515.c
../../pdbs//4tnh.pdb 515.c
../../pdbs//4tnh.pdb 515.c
../../pdbs//4tnh.pdb 408.A
../../pdbs//4tnh.pdb 408.A
../../pdbs//4tnh.pdb 408.A
../../pdbs//4tnh.pdb 408.A
../../pdbs//4tnh.pdb 620.B
../../pdbs//4tnh.pdb 620.B
../../pdbs//4tnh.pdb 620.B
../../pdbs//4tnh.pdb 620.B
../../pdbs//5e79.pdb 516.c
../../pdbs//5e79.pdb 516.c
../../pdbs//5e79.pdb 516.c
../../pdbs//5e79.pdb 516.c
../../pdbs//5e79.pdb 517.c
../../pdbs//5e79.pdb 517.c
../../pdbs//5e79.pdb 517.c
../../pdbs//5e79.pdb 517.c
../../pdbs//5e79.pdb 515.C
../../pdbs//5e79.pdb 515.C
../../pdbs//5e79.pdb 515.C
../../pdbs//5e79.pdb 515.C
../../pdbs//5e79.pdb 405.d
../../pdbs//5e79.pdb 405.d
../../pdbs//5e79.pdb 405.d
../../pdbs//5e79.pdb 405.d
../../pdbs//5e79.pdb 518.c
../../pdbs//5e79.pdb 518.c
../../pdbs//5e79.pdb 518.c
../../pdbs//5e79.pdb 518.c
../../pdbs//5e79.pdb 516.C
../../pdbs//5e79.pdb 516.C
../../pdbs//5e79.pdb 516.C
../../pdbs//5e79.pdb 516.C
../../pdbs//5e79.pdb 102.H
../../pdbs//5e79.pdb 102.H
../../pdbs//5e79.pdb 102.H
../../pdbs//5e79.pdb 102.H
../../pdbs//5e79.pdb 101.E
../../pdbs//5e79.pdb 101.E
../../pdbs//5e79.pdb 101.E
../../pdbs//5e79.pdb 101.E
../../pdbs//5e79.pdb 517.C
../../pdbs//5e79.pdb 517.C
../../pdbs//5e79.pdb 517.C
../../pdbs//5e79.pdb 517.C
../../pdbs//5e79.pdb 102.h
../../pdbs//5e79.pdb 102.h
../../pdbs//5e79.pdb 102.h
../../pdbs//5e79.pdb 102.h
../../pdbs//4xk8.pdb 850.B
../../pdbs//4xk8.pdb 850.B
../../pdbs//4xk8.pdb 850.B
../../pdbs//4xk8.pdb 850.B
../../pdbs//4xk8.pdb 849.b
../../pdbs//4xk8.pdb 849.b
../../pdbs//4xk8.pdb 849.b
../../pdbs//4xk8.pdb 849.b
../../pdbs//5gth.pdb 516.c
../../pdbs//5gth.pdb 516.c
../../pdbs//5gth.pdb 516.c
../../pdbs//5gth.pdb 516.c
../../pdbs//5gth.pdb 518.C
../../pdbs//5gth.pdb 518.C
../../pdbs//5gth.pdb 518.C
../../pdbs//5gth.pdb 518.C
../../pdbs//5gth.pdb 102.h
../../pdbs//5gth.pdb 102.h
../../pdbs//5gth.pdb 102.h
../../pdbs//5gth.pdb 102.h
../../pdbs//5gth.pdb 518.c
../../pdbs//5gth.pdb 518.c
../../pdbs//5gth.pdb 518.c
../../pdbs//5gth.pdb 518.c
../../pdbs//5gth.pdb 517.C
../../pdbs//5gth.pdb 517.C
../../pdbs//5gth.pdb 517.C
../../pdbs//5gth.pdb 517.C
../../pdbs//5gth.pdb 519.C
../../pdbs//5gth.pdb 519.C
../../pdbs//5gth.pdb 519.C
../../pdbs//5gth.pdb 519.C
../../pdbs//5gth.pdb 517.c
../../pdbs//5gth.pdb 517.c
../../pdbs//5gth.pdb 517.c
../../pdbs//5gth.pdb 517.c
../../pdbs//5gth.pdb 102.H
../../pdbs//5gth.pdb 102.H
../../pdbs//5gth.pdb 102.H
../../pdbs//5gth.pdb 102.H
../../pdbs//7dkz.pdb 850.B
../../pdbs//7dkz.pdb 850.B
../../pdbs//7dkz.pdb 850.B
../../pdbs//7dkz.pdb 850.B
../../pdbs//7dkz.pdb 323.4
../../pdbs//7dkz.pdb 323.4
../../pdbs//7dkz.pdb 323.4
../../pdbs//7dkz.pdb 323.4
../../pdbs//7m78.pdb 207.L
../../pdbs//7m78.pdb 207.L
../../pdbs//7m78.pdb 207.L
../../pdbs//7m78.pdb 207.L
../../pdbs//6jo6.pdb 850.B
../../pdbs//6jo6.pdb 850.B
../../pdbs//6jo6.pdb 850.B
../../pdbs//6jo6.pdb 850.B
../../pdbs//8f4e.pdb 518.C
../../pdbs//8f4e.pdb 518.C
../../pdbs//8f4e.pdb 518.C
../../pdbs//8f4e.pdb 518.C
../../pdbs//8f4e.pdb 518.c
../../pdbs//8f4e.pdb 518.c
../../pdbs//8f4e.pdb 518.c
../../pdbs//8f4e.pdb 518.c
../../pdbs//8f4e.pdb 517.c
../../pdbs//8f4e.pdb 517.c
../../pdbs//8f4e.pdb 517.c
../../pdbs//8f4e.pdb 517.c
../../pdbs//8f4e.pdb 103.H
../../pdbs//8f4e.pdb 103.H
../../pdbs//8f4e.pdb 103.H
../../pdbs//8f4e.pdb 103.H
../../pdbs//8f4e.pdb 519.c
../../pdbs//8f4e.pdb 519.c
../../pdbs//8f4e.pdb 519.c
../../pdbs//8f4e.pdb 519.c
../../pdbs//8f4e.pdb 616.A
../../pdbs//8f4e.pdb 616.A
../../pdbs//8f4e.pdb 616.A
../../pdbs//8f4e.pdb 616.A
../../pdbs//8f4e.pdb 516.C
../../pdbs//8f4e.pdb 516.C
../../pdbs//8f4e.pdb 516.C
../../pdbs//8f4e.pdb 516.C
../../pdbs//8f4e.pdb 517.C
../../pdbs//8f4e.pdb 517.C
../../pdbs//8f4e.pdb 517.C
../../pdbs//8f4e.pdb 517.C
../../pdbs//8f4e.pdb 102.h
../../pdbs//8f4e.pdb 102.h
../../pdbs//8f4e.pdb 102.h
../../pdbs//8f4e.pdb 102.h
../../pdbs//6khj.pdb 401.A
../../pdbs//6khj.pdb 401.A
../../pdbs//6khj.pdb 401.A
../../pdbs//6khj.pdb 401.A
../../pdbs//6khj.pdb 402.A
../../pdbs//6khj.pdb 402.A
../../pdbs//6khj.pdb 402.A
../../pdbs//6khj.pdb 402.A
../../pdbs//7ksq.pdb 5002.B
../../pdbs//7ksq.pdb 5002.B
../../pdbs//7ksq.pdb 5002.B
../../pdbs//7ksq.pdb 5002.B
../../pdbs//4pj0.pdb 516.C
../../pdbs//4pj0.pdb 516.C
../../pdbs//4pj0.pdb 516.C
../../pdbs//4pj0.pdb 516.C
../../pdbs//4pj0.pdb 517.C
../../pdbs//4pj0.pdb 517.C
../../pdbs//4pj0.pdb 517.C
../../pdbs//4pj0.pdb 517.C
../../pdbs//4pj0.pdb 516.c
../../pdbs//4pj0.pdb 516.c
../../pdbs//4pj0.pdb 516.c
../../pdbs//4pj0.pdb 516.c
../../pdbs//4pj0.pdb 102.H
../../pdbs//4pj0.pdb 102.H
../../pdbs//4pj0.pdb 102.H
../../pdbs//4pj0.pdb 102.H
../../pdbs//4pj0.pdb 515.c
../../pdbs//4pj0.pdb 515.c
../../pdbs//4pj0.pdb 515.c
../../pdbs//4pj0.pdb 515.c
../../pdbs//4pj0.pdb 518.C
../../pdbs//4pj0.pdb 518.C
../../pdbs//4pj0.pdb 518.C
../../pdbs//4pj0.pdb 518.C
../../pdbs//4pj0.pdb 517.c
../../pdbs//4pj0.pdb 517.c
../../pdbs//4pj0.pdb 517.c
../../pdbs//4pj0.pdb 517.c
../../pdbs//4pj0.pdb 102.h
../../pdbs//4pj0.pdb 102.h
../../pdbs//4pj0.pdb 102.h
../../pdbs//4pj0.pdb 102.h
../../pdbs//8gn2.pdb 1205.h
../../pdbs//8gn2.pdb 1205.h
../../pdbs//8gn2.pdb 1205.h
../../pdbs//8gn2.pdb 1205.h
../../pdbs//8gn2.pdb 518.c
../../pdbs//8gn2.pdb 518.c
../../pdbs//8gn2.pdb 518.c
../../pdbs//8gn2.pdb 518.c
../../pdbs//8gn2.pdb 519.c
../../pdbs//8gn2.pdb 519.c
../../pdbs//8gn2.pdb 519.c
../../pdbs//8gn2.pdb 519.c
../../pdbs//8gn2.pdb 102.H
../../pdbs//8gn2.pdb 102.H
../../pdbs//8gn2.pdb 102.H
../../pdbs//8gn2.pdb 102.H
../../pdbs//8gn2.pdb 518.C
../../pdbs//8gn2.pdb 518.C
../../pdbs//8gn2.pdb 518.C
../../pdbs//8gn2.pdb 518.C
../../pdbs//8gn2.pdb 517.C
../../pdbs//8gn2.pdb 517.C
../../pdbs//8gn2.pdb 517.C
../../pdbs//8gn2.pdb 517.C
../../pdbs//8gn2.pdb 520.c
../../pdbs//8gn2.pdb 520.c
../../pdbs//8gn2.pdb 520.c
../../pdbs//8gn2.pdb 520.c
../../pdbs//8gn2.pdb 519.C
../../pdbs//8gn2.pdb 519.C
../../pdbs//8gn2.pdb 519.C
../../pdbs//8gn2.pdb 519.C
../../pdbs//7blx.pdb 5003.B
../../pdbs//7blx.pdb 5003.B
../../pdbs//7blx.pdb 5003.B
../../pdbs//7blx.pdb 5003.B
../../pdbs//8eqm.pdb 516.c
../../pdbs//8eqm.pdb 516.c
../../pdbs//8eqm.pdb 516.c
../../pdbs//8eqm.pdb 516.c
../../pdbs//8eqm.pdb 516.C
../../pdbs//8eqm.pdb 516.C
../../pdbs//8eqm.pdb 516.C
../../pdbs//8eqm.pdb 516.C
../../pdbs//7cjj.pdb 103.h
../../pdbs//7cjj.pdb 103.h
../../pdbs//7cjj.pdb 103.h
../../pdbs//7cjj.pdb 103.h
../../pdbs//7cjj.pdb 102.H
../../pdbs//7cjj.pdb 102.H
../../pdbs//7cjj.pdb 102.H
../../pdbs//7cjj.pdb 102.H
../../pdbs//7cjj.pdb 519.C
../../pdbs//7cjj.pdb 519.C
../../pdbs//7cjj.pdb 519.C
../../pdbs//7cjj.pdb 519.C
../../pdbs//7cjj.pdb 520.C
../../pdbs//7cjj.pdb 520.C
../../pdbs//7cjj.pdb 520.C
../../pdbs//7cjj.pdb 520.C
../../pdbs//7cjj.pdb 518.c
../../pdbs//7cjj.pdb 518.c
../../pdbs//7cjj.pdb 518.c
../../pdbs//7cjj.pdb 518.c
../../pdbs//7cjj.pdb 520.c
../../pdbs//7cjj.pdb 520.c
../../pdbs//7cjj.pdb 520.c
../../pdbs//7cjj.pdb 520.c
../../pdbs//7cjj.pdb 519.c
../../pdbs//7cjj.pdb 519.c
../../pdbs//7cjj.pdb 519.c
../../pdbs//7cjj.pdb 519.c
../../pdbs//7cjj.pdb 518.C
../../pdbs//7cjj.pdb 518.C
../../pdbs//7cjj.pdb 518.C
../../pdbs//7cjj.pdb 518.C
../../pdbs//8c29.pdb 515.C
../../pdbs//8c29.pdb 515.C
../../pdbs//8c29.pdb 515.C
../../pdbs//8c29.pdb 515.C
../../pdbs//8c29.pdb 502.H
../../pdbs//8c29.pdb 502.H
../../pdbs//8c29.pdb 502.H
../../pdbs//8c29.pdb 502.H
../../pdbs//8c29.pdb 411.d
../../pdbs//8c29.pdb 411.d
../../pdbs//8c29.pdb 411.d
../../pdbs//8c29.pdb 411.d
../../pdbs//8c29.pdb 515.c
../../pdbs//8c29.pdb 515.c
../../pdbs//8c29.pdb 515.c
../../pdbs//8c29.pdb 515.c
../../pdbs//7m75.pdb 206.L
../../pdbs//7m75.pdb 206.L
../../pdbs//7m75.pdb 206.L
../../pdbs//7m75.pdb 206.L
../../pdbs//7d0j.pdb 848.B
../../pdbs//7d0j.pdb 848.B
../../pdbs//7d0j.pdb 848.B
../../pdbs//7d0j.pdb 848.B
../../pdbs//7d0j.pdb 846.B
../../pdbs//7d0j.pdb 846.B
../../pdbs//7d0j.pdb 846.B
../../pdbs//7d0j.pdb 846.B
../../pdbs//4tnj.pdb 624.b
../../pdbs//4tnj.pdb 624.b
../../pdbs//4tnj.pdb 624.b
../../pdbs//4tnj.pdb 624.b
../../pdbs//4tnj.pdb 515.C
../../pdbs//4tnj.pdb 515.C
../../pdbs//4tnj.pdb 515.C
../../pdbs//4tnj.pdb 515.C
../../pdbs//4tnj.pdb 517.c
../../pdbs//4tnj.pdb 517.c
../../pdbs//4tnj.pdb 517.c
../../pdbs//4tnj.pdb 517.c
../../pdbs//4tnj.pdb 409.D
../../pdbs//4tnj.pdb 409.D
../../pdbs//4tnj.pdb 409.D
../../pdbs//4tnj.pdb 409.D
../../pdbs//4tnj.pdb 516.c
../../pdbs//4tnj.pdb 516.c
../../pdbs//4tnj.pdb 516.c
../../pdbs//4tnj.pdb 516.c
../../pdbs//4tnj.pdb 515.c
../../pdbs//4tnj.pdb 515.c
../../pdbs//4tnj.pdb 515.c
../../pdbs//4tnj.pdb 515.c
../../pdbs//4tnj.pdb 625.B
../../pdbs//4tnj.pdb 625.B
../../pdbs//4tnj.pdb 625.B
../../pdbs//4tnj.pdb 625.B
../../pdbs//4tnj.pdb 411.a
../../pdbs//4tnj.pdb 411.a
../../pdbs//4tnj.pdb 411.a
../../pdbs//4tnj.pdb 411.a
../../pdbs//4tnj.pdb 517.C
../../pdbs//4tnj.pdb 517.C
../../pdbs//4tnj.pdb 517.C
../../pdbs//4tnj.pdb 517.C
../../pdbs//4tnj.pdb 408.d
../../pdbs//4tnj.pdb 408.d
../../pdbs//4tnj.pdb 408.d
../../pdbs//4tnj.pdb 408.d
../../pdbs//4tnj.pdb 620.B
../../pdbs//4tnj.pdb 620.B
../../pdbs//4tnj.pdb 620.B
../../pdbs//4tnj.pdb 620.B
../../pdbs//4tnj.pdb 601.b
../../pdbs//4tnj.pdb 601.b
../../pdbs//4tnj.pdb 601.b
../../pdbs//4tnj.pdb 601.b
../../pdbs//4tnj.pdb 516.C
../../pdbs//4tnj.pdb 516.C
../../pdbs//4tnj.pdb 516.C
../../pdbs//4tnj.pdb 516.C
../../pdbs//4tnj.pdb 408.A
../../pdbs//4tnj.pdb 408.A
../../pdbs//4tnj.pdb 408.A
../../pdbs//4tnj.pdb 408.A
../../pdbs//7ewk.pdb 104.J
../../pdbs//7ewk.pdb 104.J
../../pdbs//7ewk.pdb 104.J
../../pdbs//7ewk.pdb 104.J
../../pdbs//7ewk.pdb 851.B
../../pdbs//7ewk.pdb 851.B
../../pdbs//7ewk.pdb 851.B
../../pdbs//7ewk.pdb 851.B
../../pdbs//4ub6.pdb 918.c
../../pdbs//4ub6.pdb 918.c
../../pdbs//4ub6.pdb 918.c
../../pdbs//4ub6.pdb 918.c
../../pdbs//4ub6.pdb 406.d
../../pdbs//4ub6.pdb 406.d
../../pdbs//4ub6.pdb 406.d
../../pdbs//4ub6.pdb 406.d
../../pdbs//4ub6.pdb 519.C
../../pdbs//4ub6.pdb 519.C
../../pdbs//4ub6.pdb 519.C
../../pdbs//4ub6.pdb 519.C
../../pdbs//4ub6.pdb 405.D
../../pdbs//4ub6.pdb 405.D
../../pdbs//4ub6.pdb 405.D
../../pdbs//4ub6.pdb 405.D
../../pdbs//4ub6.pdb 917.c
../../pdbs//4ub6.pdb 917.c
../../pdbs//4ub6.pdb 917.c
../../pdbs//4ub6.pdb 917.c
../../pdbs//4ub6.pdb 102.h
../../pdbs//4ub6.pdb 102.h
../../pdbs//4ub6.pdb 102.h
../../pdbs//4ub6.pdb 102.h
../../pdbs//4ub6.pdb 517.C
../../pdbs//4ub6.pdb 517.C
../../pdbs//4ub6.pdb 517.C
../../pdbs//4ub6.pdb 517.C
../../pdbs//4ub6.pdb 518.C
../../pdbs//4ub6.pdb 518.C
../../pdbs//4ub6.pdb 518.C
../../pdbs//4ub6.pdb 518.C
../../pdbs//4ub6.pdb 916.c
../../pdbs//4ub6.pdb 916.c
../../pdbs//4ub6.pdb 916.c
../../pdbs//4ub6.pdb 916.c
../../pdbs//4ub6.pdb 102.H
../../pdbs//4ub6.pdb 102.H
../../pdbs//4ub6.pdb 102.H
../../pdbs//4ub6.pdb 102.H
../../pdbs//7bgi.pdb 5003.B
../../pdbs//7bgi.pdb 5003.B
../../pdbs//7bgi.pdb 5003.B
../../pdbs//7bgi.pdb 5003.B
../../pdbs//6jlo.pdb 102.h
../../pdbs//6jlo.pdb 102.h
../../pdbs//6jlo.pdb 102.h
../../pdbs//6jlo.pdb 102.h
../../pdbs//6jlo.pdb 518.C
../../pdbs//6jlo.pdb 518.C
../../pdbs//6jlo.pdb 518.C
../../pdbs//6jlo.pdb 518.C
../../pdbs//6jlo.pdb 517.C
../../pdbs//6jlo.pdb 517.C
../../pdbs//6jlo.pdb 517.C
../../pdbs//6jlo.pdb 517.C
../../pdbs//6jlo.pdb 408.d
../../pdbs//6jlo.pdb 408.d
../../pdbs//6jlo.pdb 408.d
../../pdbs//6jlo.pdb 408.d
../../pdbs//6jlo.pdb 521.c
../../pdbs//6jlo.pdb 521.c
../../pdbs//6jlo.pdb 521.c
../../pdbs//6jlo.pdb 521.c
../../pdbs//6jlo.pdb 519.c
../../pdbs//6jlo.pdb 519.c
../../pdbs//6jlo.pdb 519.c
../../pdbs//6jlo.pdb 519.c
../../pdbs//6jlo.pdb 516.C
../../pdbs//6jlo.pdb 516.C
../../pdbs//6jlo.pdb 516.C
../../pdbs//6jlo.pdb 516.C
../../pdbs//6jlo.pdb 520.c
../../pdbs//6jlo.pdb 520.c
../../pdbs//6jlo.pdb 520.c
../../pdbs//6jlo.pdb 520.c
../../pdbs//6jlo.pdb 102.H
../../pdbs//6jlo.pdb 102.H
../../pdbs//6jlo.pdb 102.H
../../pdbs//6jlo.pdb 102.H
../../pdbs//8f4j.pdb 515.C
../../pdbs//8f4j.pdb 515.C
../../pdbs//8f4j.pdb 515.C
../../pdbs//8f4j.pdb 515.C
../../pdbs//8f4j.pdb 517.c
../../pdbs//8f4j.pdb 517.c
../../pdbs//8f4j.pdb 517.c
../../pdbs//8f4j.pdb 517.c
../../pdbs//8f4j.pdb 617.A
../../pdbs//8f4j.pdb 617.A
../../pdbs//8f4j.pdb 617.A
../../pdbs//8f4j.pdb 617.A
../../pdbs//8f4j.pdb 103.h
../../pdbs//8f4j.pdb 103.h
../../pdbs//8f4j.pdb 103.h
../../pdbs//8f4j.pdb 103.h
../../pdbs//8f4j.pdb 516.C
../../pdbs//8f4j.pdb 516.C
../../pdbs//8f4j.pdb 516.C
../../pdbs//8f4j.pdb 516.C
../../pdbs//8f4j.pdb 517.C
../../pdbs//8f4j.pdb 517.C
../../pdbs//8f4j.pdb 517.C
../../pdbs//8f4j.pdb 517.C
../../pdbs//8f4j.pdb 516.c
../../pdbs//8f4j.pdb 516.c
../../pdbs//8f4j.pdb 516.c
../../pdbs//8f4j.pdb 516.c
../../pdbs//8f4j.pdb 102.H
../../pdbs//8f4j.pdb 102.H
../../pdbs//8f4j.pdb 102.H
../../pdbs//8f4j.pdb 102.H
../../pdbs//8f4j.pdb 518.c
../../pdbs//8f4j.pdb 518.c
../../pdbs//8f4j.pdb 518.c
../../pdbs//8f4j.pdb 518.c
../../pdbs//5mx2.pdb 517.c
../../pdbs//5mx2.pdb 517.c
../../pdbs//5mx2.pdb 517.c
../../pdbs//5mx2.pdb 517.c
../../pdbs//5mx2.pdb 103.H
../../pdbs//5mx2.pdb 103.H
../../pdbs//5mx2.pdb 103.H
../../pdbs//5mx2.pdb 103.H
../../pdbs//5mx2.pdb 517.C
../../pdbs//5mx2.pdb 517.C
../../pdbs//5mx2.pdb 517.C
../../pdbs//5mx2.pdb 517.C
../../pdbs//5mx2.pdb 516.c
../../pdbs//5mx2.pdb 516.c
../../pdbs//5mx2.pdb 516.c
../../pdbs//5mx2.pdb 516.c
../../pdbs//5mx2.pdb 519.C
../../pdbs//5mx2.pdb 519.C
../../pdbs//5mx2.pdb 519.C
../../pdbs//5mx2.pdb 519.C
../../pdbs//5mx2.pdb 102.h
../../pdbs//5mx2.pdb 102.h
../../pdbs//5mx2.pdb 102.h
../../pdbs//5mx2.pdb 102.h
../../pdbs//5mx2.pdb 518.C
../../pdbs//5mx2.pdb 518.C
../../pdbs//5mx2.pdb 518.C
../../pdbs//5mx2.pdb 518.C
../../pdbs//5mx2.pdb 518.c
../../pdbs//5mx2.pdb 518.c
../../pdbs//5mx2.pdb 518.c
../../pdbs//5mx2.pdb 518.c
../../pdbs//6l7p.pdb 404.A
../../pdbs//6l7p.pdb 404.A
../../pdbs//6l7p.pdb 404.A
../../pdbs//6l7p.pdb 404.A
../../pdbs//6l7p.pdb 405.A
../../pdbs//6l7p.pdb 405.A
../../pdbs//6l7p.pdb 405.A
../../pdbs//6l7p.pdb 405.A
../../pdbs//6yxr.pdb 5002.B
../../pdbs//6yxr.pdb 5002.B
../../pdbs//6yxr.pdb 5002.B
../../pdbs//6yxr.pdb 5002.B
../../pdbs//4il6.pdb 517.c
../../pdbs//4il6.pdb 517.c
../../pdbs//4il6.pdb 517.c
../../pdbs//4il6.pdb 517.c
../../pdbs//4il6.pdb 515.c
../../pdbs//4il6.pdb 515.c
../../pdbs//4il6.pdb 515.c
../../pdbs//4il6.pdb 515.c
../../pdbs//4il6.pdb 102.H
../../pdbs//4il6.pdb 102.H
../../pdbs//4il6.pdb 102.H
../../pdbs//4il6.pdb 102.H
../../pdbs//4il6.pdb 102.h
../../pdbs//4il6.pdb 102.h
../../pdbs//4il6.pdb 102.h
../../pdbs//4il6.pdb 102.h
../../pdbs//4il6.pdb 516.c
../../pdbs//4il6.pdb 516.c
../../pdbs//4il6.pdb 516.c
../../pdbs//4il6.pdb 516.c
../../pdbs//4il6.pdb 517.C
../../pdbs//4il6.pdb 517.C
../../pdbs//4il6.pdb 517.C
../../pdbs//4il6.pdb 517.C
../../pdbs//4il6.pdb 516.C
../../pdbs//4il6.pdb 516.C
../../pdbs//4il6.pdb 516.C
../../pdbs//4il6.pdb 516.C
../../pdbs//4il6.pdb 515.C
../../pdbs//4il6.pdb 515.C
../../pdbs//4il6.pdb 515.C
../../pdbs//4il6.pdb 515.C
../../pdbs//6kac.pdb 520.c
../../pdbs//6kac.pdb 520.c
../../pdbs//6kac.pdb 520.c
../../pdbs//6kac.pdb 520.c
../../pdbs//6kac.pdb 524.c
../../pdbs//6kac.pdb 524.c
../../pdbs//6kac.pdb 524.c
../../pdbs//6kac.pdb 524.c
../../pdbs//6kac.pdb 520.C
../../pdbs//6kac.pdb 520.C
../../pdbs//6kac.pdb 520.C
../../pdbs//6kac.pdb 520.C
../../pdbs//6kac.pdb 519.c
../../pdbs//6kac.pdb 519.c
../../pdbs//6kac.pdb 519.c
../../pdbs//6kac.pdb 519.c
../../pdbs//6kac.pdb 524.C
../../pdbs//6kac.pdb 524.C
../../pdbs//6kac.pdb 524.C
../../pdbs//6kac.pdb 524.C
../../pdbs//6kac.pdb 523.c
../../pdbs//6kac.pdb 523.c
../../pdbs//6kac.pdb 523.c
../../pdbs//6kac.pdb 523.c
../../pdbs//6kac.pdb 519.C
../../pdbs//6kac.pdb 519.C
../../pdbs//6kac.pdb 519.C
../../pdbs//6kac.pdb 519.C
../../pdbs//6kac.pdb 523.C
../../pdbs//6kac.pdb 523.C
../../pdbs//6kac.pdb 523.C
../../pdbs//6kac.pdb 523.C
../../pdbs//6kac.pdb 518.c
../../pdbs//6kac.pdb 518.c
../../pdbs//6kac.pdb 518.c
../../pdbs//6kac.pdb 518.c
../../pdbs//6kac.pdb 518.C
../../pdbs//6kac.pdb 518.C
../../pdbs//6kac.pdb 518.C
../../pdbs//6kac.pdb 518.C
../../pdbs//7yq7.pdb 102.h
../../pdbs//7yq7.pdb 102.h
../../pdbs//7yq7.pdb 102.h
../../pdbs//7yq7.pdb 102.h
../../pdbs//7yq7.pdb 519.c
../../pdbs//7yq7.pdb 519.c
../../pdbs//7yq7.pdb 519.c
../../pdbs//7yq7.pdb 519.c
../../pdbs//7yq7.pdb 518.C
../../pdbs//7yq7.pdb 518.C
../../pdbs//7yq7.pdb 518.C
../../pdbs//7yq7.pdb 518.C
../../pdbs//7yq7.pdb 520.C
../../pdbs//7yq7.pdb 520.C
../../pdbs//7yq7.pdb 520.C
../../pdbs//7yq7.pdb 520.C
../../pdbs//7yq7.pdb 104.H
../../pdbs//7yq7.pdb 104.H
../../pdbs//7yq7.pdb 104.H
../../pdbs//7yq7.pdb 104.H
../../pdbs//7yq7.pdb 520.c
../../pdbs//7yq7.pdb 520.c
../../pdbs//7yq7.pdb 520.c
../../pdbs//7yq7.pdb 520.c
../../pdbs//7yq7.pdb 518.c
../../pdbs//7yq7.pdb 518.c
../../pdbs//7yq7.pdb 518.c
../../pdbs//7yq7.pdb 518.c
../../pdbs//7yq7.pdb 519.C
../../pdbs//7yq7.pdb 519.C
../../pdbs//7yq7.pdb 519.C
../../pdbs//7yq7.pdb 519.C
../../pdbs//7y8a.pdb 303.Z
../../pdbs//7y8a.pdb 303.Z
../../pdbs//7y8a.pdb 303.Z
../../pdbs//7y8a.pdb 303.Z
../../pdbs//7y8a.pdb 848.B
../../pdbs//7y8a.pdb 848.B
../../pdbs//7y8a.pdb 848.B
../../pdbs//7y8a.pdb 848.B
../../pdbs//7blz.pdb 850.B
../../pdbs//7blz.pdb 850.B
../../pdbs//7blz.pdb 850.B
../../pdbs//7blz.pdb 850.B
../../pdbs//7blz.pdb 849.B
../../pdbs//7blz.pdb 849.B
../../pdbs//7blz.pdb 849.B
../../pdbs//7blz.pdb 849.B
../../pdbs//7blz.pdb 846.B
../../pdbs//7blz.pdb 846.B
../../pdbs//7blz.pdb 846.B
../../pdbs//7blz.pdb 846.B
../../pdbs//7a4p.pdb 5003.B
../../pdbs//7a4p.pdb 5003.B
../../pdbs//7a4p.pdb 5003.B
../../pdbs//7a4p.pdb 5003.B
../../pdbs//7a4p.pdb 5005.A
../../pdbs//7a4p.pdb 5005.A
../../pdbs//7a4p.pdb 5005.A
../../pdbs//7a4p.pdb 5005.A
../../pdbs//7a4p.pdb 802.8
../../pdbs//7a4p.pdb 802.8
../../pdbs//7a4p.pdb 802.8
../../pdbs//7a4p.pdb 802.8
../../pdbs//7dz8.pdb 850.B
../../pdbs//7dz8.pdb 850.B
../../pdbs//7dz8.pdb 850.B
../../pdbs//7dz8.pdb 850.B
../../pdbs//7kux.pdb 5002.B
../../pdbs//7kux.pdb 5002.B
../../pdbs//7kux.pdb 5002.B
../../pdbs//7kux.pdb 5002.B
../../pdbs//6rhz.pdb 5002.B
../../pdbs//6rhz.pdb 5002.B
../../pdbs//6rhz.pdb 5002.B
../../pdbs//6rhz.pdb 5002.B
../../pdbs//6l35.pdb 850.B
../../pdbs//6l35.pdb 850.B
../../pdbs//6l35.pdb 850.B
../../pdbs//6l35.pdb 850.B
../../pdbs//6jll.pdb 518.C
../../pdbs//6jll.pdb 518.C
../../pdbs//6jll.pdb 518.C
../../pdbs//6jll.pdb 518.C
../../pdbs//6jll.pdb 519.c
../../pdbs//6jll.pdb 519.c
../../pdbs//6jll.pdb 519.c
../../pdbs//6jll.pdb 519.c
../../pdbs//6jll.pdb 103.H
../../pdbs//6jll.pdb 103.H
../../pdbs//6jll.pdb 103.H
../../pdbs//6jll.pdb 103.H
../../pdbs//6jll.pdb 102.h
../../pdbs//6jll.pdb 102.h
../../pdbs//6jll.pdb 102.h
../../pdbs//6jll.pdb 102.h
../../pdbs//6jll.pdb 517.C
../../pdbs//6jll.pdb 517.C
../../pdbs//6jll.pdb 517.C
../../pdbs//6jll.pdb 517.C
../../pdbs//6jll.pdb 521.c
../../pdbs//6jll.pdb 521.c
../../pdbs//6jll.pdb 521.c
../../pdbs//6jll.pdb 521.c
../../pdbs//6jll.pdb 516.C
../../pdbs//6jll.pdb 516.C
../../pdbs//6jll.pdb 516.C
../../pdbs//6jll.pdb 516.C
../../pdbs//6jll.pdb 101.e
../../pdbs//6jll.pdb 101.e
../../pdbs//6jll.pdb 101.e
../../pdbs//6jll.pdb 101.e
../../pdbs//6jll.pdb 520.c
../../pdbs//6jll.pdb 520.c
../../pdbs//6jll.pdb 520.c
../../pdbs//6jll.pdb 520.c
../../pdbs//7r3k.pdb 848.B
../../pdbs//7r3k.pdb 848.B
../../pdbs//7r3k.pdb 848.B
../../pdbs//7r3k.pdb 848.B
../../pdbs//6wj6.pdb 101.H
../../pdbs//6wj6.pdb 101.H
../../pdbs//6wj6.pdb 101.H
../../pdbs//6wj6.pdb 101.H
../../pdbs//6wj6.pdb 517.C
../../pdbs//6wj6.pdb 517.C
../../pdbs//6wj6.pdb 517.C
../../pdbs//6wj6.pdb 517.C
../../pdbs//7yca.pdb 850.B
../../pdbs//7yca.pdb 850.B
../../pdbs//7yca.pdb 850.B
../../pdbs//7yca.pdb 850.B
../../pdbs//7yca.pdb 854.A
../../pdbs//7yca.pdb 854.A
../../pdbs//7yca.pdb 854.A
../../pdbs//7yca.pdb 854.A
../../pdbs//6khi.pdb 402.A
../../pdbs//6khi.pdb 402.A
../../pdbs//6khi.pdb 402.A
../../pdbs//6khi.pdb 402.A
../../pdbs//6khi.pdb 401.A
../../pdbs//6khi.pdb 401.A
../../pdbs//6khi.pdb 401.A
../../pdbs//6khi.pdb 401.A
../../pdbs//6yac.pdb 803.3
../../pdbs//6yac.pdb 803.3
../../pdbs//6yac.pdb 803.3
../../pdbs//6yac.pdb 803.3
../../pdbs//6yac.pdb 5005.B
../../pdbs//6yac.pdb 5005.B
../../pdbs//6yac.pdb 5005.B
../../pdbs//6yac.pdb 5005.B
../../pdbs//6yac.pdb 803.1
../../pdbs//6yac.pdb 803.1
../../pdbs//6yac.pdb 803.1
../../pdbs//6yac.pdb 803.1
../../pdbs//6yac.pdb 802.4
../../pdbs//6yac.pdb 802.4
../../pdbs//6yac.pdb 802.4
../../pdbs//6yac.pdb 802.4
../../pdbs//6yac.pdb 5003.G
../../pdbs//6yac.pdb 5003.G
../../pdbs//6yac.pdb 5003.G
../../pdbs//6yac.pdb 5003.G
../../pdbs//6yac.pdb 5005.F
../../pdbs//6yac.pdb 5005.F
../../pdbs//6yac.pdb 5005.F
../../pdbs//6yac.pdb 5005.F
../../pdbs//6yac.pdb 801.4
../../pdbs//6yac.pdb 801.4
../../pdbs//6yac.pdb 801.4
../../pdbs//6yac.pdb 801.4
../../pdbs//6yac.pdb 5001.J
../../pdbs//6yac.pdb 5001.J
../../pdbs//6yac.pdb 5001.J
../../pdbs//6yac.pdb 5001.J
../../pdbs//5kaf.pdb 103.H
../../pdbs//5kaf.pdb 103.H
../../pdbs//5kaf.pdb 103.H
../../pdbs//5kaf.pdb 103.H
../../pdbs//5kaf.pdb 517.C
../../pdbs//5kaf.pdb 517.C
../../pdbs//5kaf.pdb 517.C
../../pdbs//5kaf.pdb 517.C
../../pdbs//5kaf.pdb 520.c
../../pdbs//5kaf.pdb 520.c
../../pdbs//5kaf.pdb 520.c
../../pdbs//5kaf.pdb 520.c
../../pdbs//5kaf.pdb 516.C
../../pdbs//5kaf.pdb 516.C
../../pdbs//5kaf.pdb 516.C
../../pdbs//5kaf.pdb 516.C
../../pdbs//5kaf.pdb 102.h
../../pdbs//5kaf.pdb 102.h
../../pdbs//5kaf.pdb 102.h
../../pdbs//5kaf.pdb 102.h
../../pdbs//5kaf.pdb 518.c
../../pdbs//5kaf.pdb 518.c
../../pdbs//5kaf.pdb 518.c
../../pdbs//5kaf.pdb 518.c
../../pdbs//5kaf.pdb 518.C
../../pdbs//5kaf.pdb 518.C
../../pdbs//5kaf.pdb 518.C
../../pdbs//5kaf.pdb 518.C
../../pdbs//5kaf.pdb 519.c
../../pdbs//5kaf.pdb 519.c
../../pdbs//5kaf.pdb 519.c
../../pdbs//5kaf.pdb 519.c
../../pdbs//5zzn.pdb 517.C
../../pdbs//5zzn.pdb 517.C
../../pdbs//5zzn.pdb 517.C
../../pdbs//5zzn.pdb 517.C
../../pdbs//5zzn.pdb 517.c
../../pdbs//5zzn.pdb 517.c
../../pdbs//5zzn.pdb 517.c
../../pdbs//5zzn.pdb 517.c
../../pdbs//5zzn.pdb 101.h
../../pdbs//5zzn.pdb 101.h
../../pdbs//5zzn.pdb 101.h
../../pdbs//5zzn.pdb 101.h
../../pdbs//5zzn.pdb 519.c
../../pdbs//5zzn.pdb 519.c
../../pdbs//5zzn.pdb 519.c
../../pdbs//5zzn.pdb 519.c
../../pdbs//5zzn.pdb 516.C
../../pdbs//5zzn.pdb 516.C
../../pdbs//5zzn.pdb 516.C
../../pdbs//5zzn.pdb 516.C
../../pdbs//5zzn.pdb 518.c
../../pdbs//5zzn.pdb 518.c
../../pdbs//5zzn.pdb 518.c
../../pdbs//5zzn.pdb 518.c
../../pdbs//5zzn.pdb 101.H
../../pdbs//5zzn.pdb 101.H
../../pdbs//5zzn.pdb 101.H
../../pdbs//5zzn.pdb 101.H
../../pdbs//5zzn.pdb 515.C
../../pdbs//5zzn.pdb 515.C
../../pdbs//5zzn.pdb 515.C
../../pdbs//5zzn.pdb 515.C
../../pdbs//4ixr.pdb 409.D
../../pdbs//4ixr.pdb 409.D
../../pdbs//4ixr.pdb 409.D
../../pdbs//4ixr.pdb 409.D
../../pdbs//4ixr.pdb 517.c
../../pdbs//4ixr.pdb 517.c
../../pdbs//4ixr.pdb 517.c
../../pdbs//4ixr.pdb 517.c
../../pdbs//4ixr.pdb 518.c
../../pdbs//4ixr.pdb 518.c
../../pdbs//4ixr.pdb 518.c
../../pdbs//4ixr.pdb 518.c
../../pdbs//4ixr.pdb 409.d
../../pdbs//4ixr.pdb 409.d
../../pdbs//4ixr.pdb 409.d
../../pdbs//4ixr.pdb 409.d
../../pdbs//4ixr.pdb 621.B
../../pdbs//4ixr.pdb 621.B
../../pdbs//4ixr.pdb 621.B
../../pdbs//4ixr.pdb 621.B
../../pdbs//4ixr.pdb 516.c
../../pdbs//4ixr.pdb 516.c
../../pdbs//4ixr.pdb 516.c
../../pdbs//4ixr.pdb 516.c
../../pdbs//4ixr.pdb 627.B
../../pdbs//4ixr.pdb 627.B
../../pdbs//4ixr.pdb 627.B
../../pdbs//4ixr.pdb 627.B
../../pdbs//4ixr.pdb 518.C
../../pdbs//4ixr.pdb 518.C
../../pdbs//4ixr.pdb 518.C
../../pdbs//4ixr.pdb 518.C
../../pdbs//4ixr.pdb 602.b
../../pdbs//4ixr.pdb 602.b
../../pdbs//4ixr.pdb 602.b
../../pdbs//4ixr.pdb 602.b
../../pdbs//4ixr.pdb 413.a
../../pdbs//4ixr.pdb 413.a
../../pdbs//4ixr.pdb 413.a
../../pdbs//4ixr.pdb 413.a
../../pdbs//4ixr.pdb 517.C
../../pdbs//4ixr.pdb 517.C
../../pdbs//4ixr.pdb 517.C
../../pdbs//4ixr.pdb 517.C
../../pdbs//4ixr.pdb 623.b
../../pdbs//4ixr.pdb 623.b
../../pdbs//4ixr.pdb 623.b
../../pdbs//4ixr.pdb 623.b
../../pdbs//4ixr.pdb 411.A
../../pdbs//4ixr.pdb 411.A
../../pdbs//4ixr.pdb 411.A
../../pdbs//4ixr.pdb 411.A
../../pdbs//4ixr.pdb 519.C
../../pdbs//4ixr.pdb 519.C
../../pdbs//4ixr.pdb 519.C
../../pdbs//4ixr.pdb 519.C
../../pdbs//6yez.pdb 803.3
../../pdbs//6yez.pdb 803.3
../../pdbs//6yez.pdb 803.3
../../pdbs//6yez.pdb 803.3
../../pdbs//6yez.pdb 803.1
../../pdbs//6yez.pdb 803.1
../../pdbs//6yez.pdb 803.1
../../pdbs//6yez.pdb 803.1
../../pdbs//6yez.pdb 5005.B
../../pdbs//6yez.pdb 5005.B
../../pdbs//6yez.pdb 5005.B
../../pdbs//6yez.pdb 5005.B
../../pdbs//6yez.pdb 5003.G
../../pdbs//6yez.pdb 5003.G
../../pdbs//6yez.pdb 5003.G
../../pdbs//6yez.pdb 5003.G
../../pdbs//6yez.pdb 802.4
../../pdbs//6yez.pdb 802.4
../../pdbs//6yez.pdb 802.4
../../pdbs//6yez.pdb 802.4
../../pdbs//6yez.pdb 5001.J
../../pdbs//6yez.pdb 5001.J
../../pdbs//6yez.pdb 5001.J
../../pdbs//6yez.pdb 5001.J
../../pdbs//6yez.pdb 5005.F
../../pdbs//6yez.pdb 5005.F
../../pdbs//6yez.pdb 5005.F
../../pdbs//6yez.pdb 5005.F
../../pdbs//5e7c.pdb 518.C
../../pdbs//5e7c.pdb 518.C
../../pdbs//5e7c.pdb 518.C
../../pdbs//5e7c.pdb 518.C
../../pdbs//5e7c.pdb 102.h
../../pdbs//5e7c.pdb 102.h
../../pdbs//5e7c.pdb 102.h
../../pdbs//5e7c.pdb 102.h
../../pdbs//5e7c.pdb 517.c
../../pdbs//5e7c.pdb 517.c
../../pdbs//5e7c.pdb 517.c
../../pdbs//5e7c.pdb 517.c
../../pdbs//5e7c.pdb 518.c
../../pdbs//5e7c.pdb 518.c
../../pdbs//5e7c.pdb 518.c
../../pdbs//5e7c.pdb 518.c
../../pdbs//5e7c.pdb 405.d
../../pdbs//5e7c.pdb 405.d
../../pdbs//5e7c.pdb 405.d
../../pdbs//5e7c.pdb 405.d
../../pdbs//5e7c.pdb 517.C
../../pdbs//5e7c.pdb 517.C
../../pdbs//5e7c.pdb 517.C
../../pdbs//5e7c.pdb 517.C
../../pdbs//5e7c.pdb 102.H
../../pdbs//5e7c.pdb 102.H
../../pdbs//5e7c.pdb 102.H
../../pdbs//5e7c.pdb 102.H
../../pdbs//5e7c.pdb 519.c
../../pdbs//5e7c.pdb 519.c
../../pdbs//5e7c.pdb 519.c
../../pdbs//5e7c.pdb 519.c
../../pdbs//5e7c.pdb 406.D
../../pdbs//5e7c.pdb 406.D
../../pdbs//5e7c.pdb 406.D
../../pdbs//5e7c.pdb 406.D
../../pdbs//5e7c.pdb 516.C
../../pdbs//5e7c.pdb 516.C
../../pdbs//5e7c.pdb 516.C
../../pdbs//5e7c.pdb 516.C
../../pdbs//6zoo.pdb 5005.F
../../pdbs//6zoo.pdb 5005.F
../../pdbs//6zoo.pdb 5005.F
../../pdbs//6zoo.pdb 5005.F
../../pdbs//6zoo.pdb 5003.G
../../pdbs//6zoo.pdb 5003.G
../../pdbs//6zoo.pdb 5003.G
../../pdbs//6zoo.pdb 5003.G
../../pdbs//6zoo.pdb 803.3
../../pdbs//6zoo.pdb 803.3
../../pdbs//6zoo.pdb 803.3
../../pdbs//6zoo.pdb 803.3
../../pdbs//6zoo.pdb 5005.B
../../pdbs//6zoo.pdb 5005.B
../../pdbs//6zoo.pdb 5005.B
../../pdbs//6zoo.pdb 5005.B
../../pdbs//6zoo.pdb 5001.J
../../pdbs//6zoo.pdb 5001.J
../../pdbs//6zoo.pdb 5001.J
../../pdbs//6zoo.pdb 5001.J
../../pdbs//6zoo.pdb 802.4
../../pdbs//6zoo.pdb 802.4
../../pdbs//6zoo.pdb 802.4
../../pdbs//6zoo.pdb 802.4
../../pdbs//6zoo.pdb 803.1
../../pdbs//6zoo.pdb 803.1
../../pdbs//6zoo.pdb 803.1
../../pdbs//6zoo.pdb 803.1
../../pdbs//8gn1.pdb 518.c
../../pdbs//8gn1.pdb 518.c
../../pdbs//8gn1.pdb 518.c
../../pdbs//8gn1.pdb 518.c
../../pdbs//8gn1.pdb 519.C
../../pdbs//8gn1.pdb 519.C
../../pdbs//8gn1.pdb 519.C
../../pdbs//8gn1.pdb 519.C
../../pdbs//8gn1.pdb 519.c
../../pdbs//8gn1.pdb 519.c
../../pdbs//8gn1.pdb 519.c
../../pdbs//8gn1.pdb 519.c
../../pdbs//8gn1.pdb 102.H
../../pdbs//8gn1.pdb 102.H
../../pdbs//8gn1.pdb 102.H
../../pdbs//8gn1.pdb 102.H
../../pdbs//8gn1.pdb 703.h
../../pdbs//8gn1.pdb 703.h
../../pdbs//8gn1.pdb 703.h
../../pdbs//8gn1.pdb 703.h
../../pdbs//8gn1.pdb 520.c
../../pdbs//8gn1.pdb 520.c
../../pdbs//8gn1.pdb 520.c
../../pdbs//8gn1.pdb 520.c
../../pdbs//8gn1.pdb 518.C
../../pdbs//8gn1.pdb 518.C
../../pdbs//8gn1.pdb 518.C
../../pdbs//8gn1.pdb 518.C
../../pdbs//8gn1.pdb 517.C
../../pdbs//8gn1.pdb 517.C
../../pdbs//8gn1.pdb 517.C
../../pdbs//8gn1.pdb 517.C
../../pdbs//7pi0.pdb 518.c
../../pdbs//7pi0.pdb 518.c
../../pdbs//7pi0.pdb 518.c
../../pdbs//7pi0.pdb 518.c
../../pdbs//7pi0.pdb 519.C
../../pdbs//7pi0.pdb 519.C
../../pdbs//7pi0.pdb 519.C
../../pdbs//7pi0.pdb 519.C
../../pdbs//7pi0.pdb 518.C
../../pdbs//7pi0.pdb 518.C
../../pdbs//7pi0.pdb 518.C
../../pdbs//7pi0.pdb 518.C
../../pdbs//7pi0.pdb 520.C
../../pdbs//7pi0.pdb 520.C
../../pdbs//7pi0.pdb 520.C
../../pdbs//7pi0.pdb 520.C
../../pdbs//7oui.pdb 415.A
../../pdbs//7oui.pdb 415.A
../../pdbs//7oui.pdb 415.A
../../pdbs//7oui.pdb 415.A
../../pdbs//7oui.pdb 515.C
../../pdbs//7oui.pdb 515.C
../../pdbs//7oui.pdb 515.C
../../pdbs//7oui.pdb 515.C
../../pdbs//7oui.pdb 516.c
../../pdbs//7oui.pdb 516.c
../../pdbs//7oui.pdb 516.c
../../pdbs//7oui.pdb 516.c
../../pdbs//7oui.pdb 401.a
../../pdbs//7oui.pdb 401.a
../../pdbs//7oui.pdb 401.a
../../pdbs//7oui.pdb 401.a
../../pdbs//7oui.pdb 626.b
../../pdbs//7oui.pdb 626.b
../../pdbs//7oui.pdb 626.b
../../pdbs//7oui.pdb 626.b
../../pdbs//7oui.pdb 516.C
../../pdbs//7oui.pdb 516.C
../../pdbs//7oui.pdb 516.C
../../pdbs//7oui.pdb 516.C
../../pdbs//7oui.pdb 626.B
../../pdbs//7oui.pdb 626.B
../../pdbs//7oui.pdb 626.B
../../pdbs//7oui.pdb 626.B
../../pdbs//7oui.pdb 515.c
../../pdbs//7oui.pdb 515.c
../../pdbs//7oui.pdb 515.c
../../pdbs//7oui.pdb 515.c
../../pdbs//5v2c.pdb 518.c
../../pdbs//5v2c.pdb 518.c
../../pdbs//5v2c.pdb 518.c
../../pdbs//5v2c.pdb 518.c
../../pdbs//5v2c.pdb 516.c
../../pdbs//5v2c.pdb 516.c
../../pdbs//5v2c.pdb 516.c
../../pdbs//5v2c.pdb 516.c
../../pdbs//5v2c.pdb 408.d
../../pdbs//5v2c.pdb 408.d
../../pdbs//5v2c.pdb 408.d
../../pdbs//5v2c.pdb 408.d
../../pdbs//5v2c.pdb 103.H
../../pdbs//5v2c.pdb 103.H
../../pdbs//5v2c.pdb 103.H
../../pdbs//5v2c.pdb 103.H
../../pdbs//5v2c.pdb 518.C
../../pdbs//5v2c.pdb 518.C
../../pdbs//5v2c.pdb 518.C
../../pdbs//5v2c.pdb 518.C
../../pdbs//5v2c.pdb 408.D
../../pdbs//5v2c.pdb 408.D
../../pdbs//5v2c.pdb 408.D
../../pdbs//5v2c.pdb 408.D
../../pdbs//5v2c.pdb 104.h
../../pdbs//5v2c.pdb 104.h
../../pdbs//5v2c.pdb 104.h
../../pdbs//5v2c.pdb 104.h
../../pdbs//5v2c.pdb 517.C
../../pdbs//5v2c.pdb 517.C
../../pdbs//5v2c.pdb 517.C
../../pdbs//5v2c.pdb 517.C
../../pdbs//5v2c.pdb 516.C
../../pdbs//5v2c.pdb 516.C
../../pdbs//5v2c.pdb 516.C
../../pdbs//5v2c.pdb 516.C
../../pdbs//5v2c.pdb 517.c
../../pdbs//5v2c.pdb 517.c
../../pdbs//5v2c.pdb 517.c
../../pdbs//5v2c.pdb 517.c
../../pdbs//6zzy.pdb 5005.A
../../pdbs//6zzy.pdb 5005.A
../../pdbs//6zzy.pdb 5005.A
../../pdbs//6zzy.pdb 5005.A
../../pdbs//6zzy.pdb 5003.B
../../pdbs//6zzy.pdb 5003.B
../../pdbs//6zzy.pdb 5003.B
../../pdbs//6zzy.pdb 5003.B
../../pdbs//6zzy.pdb 802.8
../../pdbs//6zzy.pdb 802.8
../../pdbs//6zzy.pdb 802.8
../../pdbs//6zzy.pdb 802.8
../../pdbs//8f4k.pdb 518.C
../../pdbs//8f4k.pdb 518.C
../../pdbs//8f4k.pdb 518.C
../../pdbs//8f4k.pdb 518.C
../../pdbs//8f4k.pdb 517.c
../../pdbs//8f4k.pdb 517.c
../../pdbs//8f4k.pdb 517.c
../../pdbs//8f4k.pdb 517.c
../../pdbs//8f4k.pdb 517.C
../../pdbs//8f4k.pdb 517.C
../../pdbs//8f4k.pdb 517.C
../../pdbs//8f4k.pdb 517.C
../../pdbs//8f4k.pdb 518.c
../../pdbs//8f4k.pdb 518.c
../../pdbs//8f4k.pdb 518.c
../../pdbs//8f4k.pdb 518.c
../../pdbs//8f4k.pdb 519.c
../../pdbs//8f4k.pdb 519.c
../../pdbs//8f4k.pdb 519.c
../../pdbs//8f4k.pdb 519.c
../../pdbs//8f4k.pdb 516.C
../../pdbs//8f4k.pdb 516.C
../../pdbs//8f4k.pdb 516.C
../../pdbs//8f4k.pdb 516.C
../../pdbs//8f4k.pdb 102.h
../../pdbs//8f4k.pdb 102.h
../../pdbs//8f4k.pdb 102.h
../../pdbs//8f4k.pdb 102.h
../../pdbs//8f4k.pdb 103.H
../../pdbs//8f4k.pdb 103.H
../../pdbs//8f4k.pdb 103.H
../../pdbs//8f4k.pdb 103.H
../../pdbs//8f4k.pdb 614.A
../../pdbs//8f4k.pdb 614.A
../../pdbs//8f4k.pdb 614.A
../../pdbs//8f4k.pdb 614.A
../../pdbs//4ub8.pdb 519.c
../../pdbs//4ub8.pdb 519.c
../../pdbs//4ub8.pdb 519.c
../../pdbs//4ub8.pdb 519.c
../../pdbs//4ub8.pdb 407.d
../../pdbs//4ub8.pdb 407.d
../../pdbs//4ub8.pdb 407.d
../../pdbs//4ub8.pdb 407.d
../../pdbs//4ub8.pdb 407.D
../../pdbs//4ub8.pdb 407.D
../../pdbs//4ub8.pdb 407.D
../../pdbs//4ub8.pdb 407.D
../../pdbs//4ub8.pdb 517.c
../../pdbs//4ub8.pdb 517.c
../../pdbs//4ub8.pdb 517.c
../../pdbs//4ub8.pdb 517.c
../../pdbs//4ub8.pdb 519.C
../../pdbs//4ub8.pdb 519.C
../../pdbs//4ub8.pdb 519.C
../../pdbs//4ub8.pdb 519.C
../../pdbs//4ub8.pdb 102.H
../../pdbs//4ub8.pdb 102.H
../../pdbs//4ub8.pdb 102.H
../../pdbs//4ub8.pdb 102.H
../../pdbs//4ub8.pdb 518.C
../../pdbs//4ub8.pdb 518.C
../../pdbs//4ub8.pdb 518.C
../../pdbs//4ub8.pdb 518.C
../../pdbs//4ub8.pdb 517.C
../../pdbs//4ub8.pdb 517.C
../../pdbs//4ub8.pdb 517.C
../../pdbs//4ub8.pdb 517.C
../../pdbs//4ub8.pdb 518.c
../../pdbs//4ub8.pdb 518.c
../../pdbs//4ub8.pdb 518.c
../../pdbs//4ub8.pdb 518.c
../../pdbs//4ub8.pdb 102.h
../../pdbs//4ub8.pdb 102.h
../../pdbs//4ub8.pdb 102.h
../../pdbs//4ub8.pdb 102.h
../../pdbs//4y28.pdb 7101.B
../../pdbs//4y28.pdb 7101.B
../../pdbs//4y28.pdb 7101.B
../../pdbs//4y28.pdb 7101.B
../../pdbs//7cou.pdb 519.C
../../pdbs//7cou.pdb 519.C
../../pdbs//7cou.pdb 519.C
../../pdbs//7cou.pdb 519.C
../../pdbs//7cou.pdb 520.C
../../pdbs//7cou.pdb 520.C
../../pdbs//7cou.pdb 520.C
../../pdbs//7cou.pdb 520.C
../../pdbs//7cou.pdb 103.h
../../pdbs//7cou.pdb 103.h
../../pdbs//7cou.pdb 103.h
../../pdbs//7cou.pdb 103.h
../../pdbs//7cou.pdb 518.C
../../pdbs//7cou.pdb 518.C
../../pdbs//7cou.pdb 518.C
../../pdbs//7cou.pdb 518.C
../../pdbs//7cou.pdb 518.c
../../pdbs//7cou.pdb 518.c
../../pdbs//7cou.pdb 518.c
../../pdbs//7cou.pdb 518.c
../../pdbs//7cou.pdb 520.c
../../pdbs//7cou.pdb 520.c
../../pdbs//7cou.pdb 520.c
../../pdbs//7cou.pdb 520.c
../../pdbs//7cou.pdb 519.c
../../pdbs//7cou.pdb 519.c
../../pdbs//7cou.pdb 519.c
../../pdbs//7cou.pdb 519.c
../../pdbs//7cou.pdb 102.H
../../pdbs//7cou.pdb 102.H
../../pdbs//7cou.pdb 102.H
../../pdbs//7cou.pdb 102.H
../../pdbs//5zgb.pdb 851.B
../../pdbs//5zgb.pdb 851.B
../../pdbs//5zgb.pdb 851.B
../../pdbs//5zgb.pdb 851.B
../../pdbs//6ijj.pdb 850.B
../../pdbs//6ijj.pdb 850.B
../../pdbs//6ijj.pdb 850.B
../../pdbs//6ijj.pdb 850.B
../../pdbs//6ijj.pdb 103.J
../../pdbs//6ijj.pdb 103.J
../../pdbs//6ijj.pdb 103.J
../../pdbs//6ijj.pdb 103.J
../../pdbs//8ez5.pdb 617.A
../../pdbs//8ez5.pdb 617.A
../../pdbs//8ez5.pdb 617.A
../../pdbs//8ez5.pdb 617.A
../../pdbs//8ez5.pdb 519.c
../../pdbs//8ez5.pdb 519.c
../../pdbs//8ez5.pdb 519.c
../../pdbs//8ez5.pdb 519.c
../../pdbs//8ez5.pdb 515.C
../../pdbs//8ez5.pdb 515.C
../../pdbs//8ez5.pdb 515.C
../../pdbs//8ez5.pdb 515.C
../../pdbs//8ez5.pdb 101.h
../../pdbs//8ez5.pdb 101.h
../../pdbs//8ez5.pdb 101.h
../../pdbs//8ez5.pdb 101.h
../../pdbs//8ez5.pdb 516.C
../../pdbs//8ez5.pdb 516.C
../../pdbs//8ez5.pdb 516.C
../../pdbs//8ez5.pdb 516.C
../../pdbs//8ez5.pdb 518.c
../../pdbs//8ez5.pdb 518.c
../../pdbs//8ez5.pdb 518.c
../../pdbs//8ez5.pdb 518.c
../../pdbs//8ez5.pdb 517.C
../../pdbs//8ez5.pdb 517.C
../../pdbs//8ez5.pdb 517.C
../../pdbs//8ez5.pdb 517.C
../../pdbs//8ez5.pdb 517.c
../../pdbs//8ez5.pdb 517.c
../../pdbs//8ez5.pdb 517.c
../../pdbs//8ez5.pdb 517.c
../../pdbs//8ez5.pdb 102.H
../../pdbs//8ez5.pdb 102.H
../../pdbs//8ez5.pdb 102.H
../../pdbs//8ez5.pdb 102.H
../../pdbs//3jcu.pdb 518.C
../../pdbs//3jcu.pdb 518.C
../../pdbs//3jcu.pdb 518.C
../../pdbs//3jcu.pdb 518.C
../../pdbs//3jcu.pdb 519.c
../../pdbs//3jcu.pdb 519.c
../../pdbs//3jcu.pdb 519.c
../../pdbs//3jcu.pdb 519.c
../../pdbs//3jcu.pdb 102.H
../../pdbs//3jcu.pdb 102.H
../../pdbs//3jcu.pdb 102.H
../../pdbs//3jcu.pdb 102.H
../../pdbs//3jcu.pdb 518.c
../../pdbs//3jcu.pdb 518.c
../../pdbs//3jcu.pdb 518.c
../../pdbs//3jcu.pdb 518.c
../../pdbs//3jcu.pdb 520.c
../../pdbs//3jcu.pdb 520.c
../../pdbs//3jcu.pdb 520.c
../../pdbs//3jcu.pdb 520.c
../../pdbs//3jcu.pdb 520.C
../../pdbs//3jcu.pdb 520.C
../../pdbs//3jcu.pdb 520.C
../../pdbs//3jcu.pdb 520.C
../../pdbs//3jcu.pdb 102.h
../../pdbs//3jcu.pdb 102.h
../../pdbs//3jcu.pdb 102.h
../../pdbs//3jcu.pdb 102.h
../../pdbs//3jcu.pdb 519.C
../../pdbs//3jcu.pdb 519.C
../../pdbs//3jcu.pdb 519.C
../../pdbs//3jcu.pdb 519.C
../../pdbs//8f4d.pdb 517.C
../../pdbs//8f4d.pdb 517.C
../../pdbs//8f4d.pdb 517.C
../../pdbs//8f4d.pdb 517.C
../../pdbs//8f4d.pdb 518.c
../../pdbs//8f4d.pdb 518.c
../../pdbs//8f4d.pdb 518.c
../../pdbs//8f4d.pdb 518.c
../../pdbs//8f4d.pdb 102.h
../../pdbs//8f4d.pdb 102.h
../../pdbs//8f4d.pdb 102.h
../../pdbs//8f4d.pdb 102.h
../../pdbs//8f4d.pdb 516.C
../../pdbs//8f4d.pdb 516.C
../../pdbs//8f4d.pdb 516.C
../../pdbs//8f4d.pdb 516.C
../../pdbs//8f4d.pdb 102.H
../../pdbs//8f4d.pdb 102.H
../../pdbs//8f4d.pdb 102.H
../../pdbs//8f4d.pdb 102.H
../../pdbs//8f4d.pdb 518.C
../../pdbs//8f4d.pdb 518.C
../../pdbs//8f4d.pdb 518.C
../../pdbs//8f4d.pdb 518.C
../../pdbs//8f4d.pdb 615.A
../../pdbs//8f4d.pdb 615.A
../../pdbs//8f4d.pdb 615.A
../../pdbs//8f4d.pdb 615.A
../../pdbs//8f4d.pdb 517.c
../../pdbs//8f4d.pdb 517.c
../../pdbs//8f4d.pdb 517.c
../../pdbs//8f4d.pdb 517.c
../../pdbs//8f4d.pdb 516.c
../../pdbs//8f4d.pdb 516.c
../../pdbs//8f4d.pdb 516.c
../../pdbs//8f4d.pdb 516.c
../../pdbs//3v3c.pdb 82.A
../../pdbs//3v3c.pdb 82.A
../../pdbs//3v3c.pdb 82.A
../../pdbs//3v3c.pdb 82.A
../../pdbs//3wu2.pdb 517.C
../../pdbs//3wu2.pdb 517.C
../../pdbs//3wu2.pdb 517.C
../../pdbs//3wu2.pdb 517.C
../../pdbs//3wu2.pdb 919.c
../../pdbs//3wu2.pdb 919.c
../../pdbs//3wu2.pdb 919.c
../../pdbs//3wu2.pdb 919.c
../../pdbs//3wu2.pdb 102.h
../../pdbs//3wu2.pdb 102.h
../../pdbs//3wu2.pdb 102.h
../../pdbs//3wu2.pdb 102.h
../../pdbs//3wu2.pdb 102.H
../../pdbs//3wu2.pdb 102.H
../../pdbs//3wu2.pdb 102.H
../../pdbs//3wu2.pdb 102.H
../../pdbs//3wu2.pdb 518.C
../../pdbs//3wu2.pdb 518.C
../../pdbs//3wu2.pdb 518.C
../../pdbs//3wu2.pdb 518.C
../../pdbs//3wu2.pdb 516.C
../../pdbs//3wu2.pdb 516.C
../../pdbs//3wu2.pdb 516.C
../../pdbs//3wu2.pdb 516.C
../../pdbs//3wu2.pdb 917.c
../../pdbs//3wu2.pdb 917.c
../../pdbs//3wu2.pdb 917.c
../../pdbs//3wu2.pdb 917.c
../../pdbs//3wu2.pdb 918.c
../../pdbs//3wu2.pdb 918.c
../../pdbs//3wu2.pdb 918.c
../../pdbs//3wu2.pdb 918.c
../../pdbs//6jln.pdb 516.C
../../pdbs//6jln.pdb 516.C
../../pdbs//6jln.pdb 516.C
../../pdbs//6jln.pdb 516.C
../../pdbs//6jln.pdb 101.e
../../pdbs//6jln.pdb 101.e
../../pdbs//6jln.pdb 101.e
../../pdbs//6jln.pdb 101.e
../../pdbs//6jln.pdb 518.C
../../pdbs//6jln.pdb 518.C
../../pdbs//6jln.pdb 518.C
../../pdbs//6jln.pdb 518.C
../../pdbs//6jln.pdb 519.c
../../pdbs//6jln.pdb 519.c
../../pdbs//6jln.pdb 519.c
../../pdbs//6jln.pdb 519.c
../../pdbs//6jln.pdb 102.H
../../pdbs//6jln.pdb 102.H
../../pdbs//6jln.pdb 102.H
../../pdbs//6jln.pdb 102.H
../../pdbs//6jln.pdb 520.c
../../pdbs//6jln.pdb 520.c
../../pdbs//6jln.pdb 520.c
../../pdbs//6jln.pdb 520.c
../../pdbs//6jln.pdb 102.h
../../pdbs//6jln.pdb 102.h
../../pdbs//6jln.pdb 102.h
../../pdbs//6jln.pdb 102.h
../../pdbs//6jln.pdb 521.c
../../pdbs//6jln.pdb 521.c
../../pdbs//6jln.pdb 521.c
../../pdbs//6jln.pdb 521.c
../../pdbs//6jln.pdb 517.C
../../pdbs//6jln.pdb 517.C
../../pdbs//6jln.pdb 517.C
../../pdbs//6jln.pdb 517.C
../../pdbs//7d1t.pdb 518.c
../../pdbs//7d1t.pdb 518.c
../../pdbs//7d1t.pdb 518.c
../../pdbs//7d1t.pdb 518.c
../../pdbs//7d1t.pdb 101.h
../../pdbs//7d1t.pdb 101.h
../../pdbs//7d1t.pdb 101.h
../../pdbs//7d1t.pdb 101.h
../../pdbs//7d1t.pdb 101.H
../../pdbs//7d1t.pdb 101.H
../../pdbs//7d1t.pdb 101.H
../../pdbs//7d1t.pdb 101.H
../../pdbs//7d1t.pdb 519.C
../../pdbs//7d1t.pdb 519.C
../../pdbs//7d1t.pdb 519.C
../../pdbs//7d1t.pdb 519.C
../../pdbs//7d1t.pdb 517.C
../../pdbs//7d1t.pdb 517.C
../../pdbs//7d1t.pdb 517.C
../../pdbs//7d1t.pdb 517.C
../../pdbs//7d1t.pdb 519.c
../../pdbs//7d1t.pdb 519.c
../../pdbs//7d1t.pdb 519.c
../../pdbs//7d1t.pdb 519.c
../../pdbs//7d1t.pdb 518.C
../../pdbs//7d1t.pdb 518.C
../../pdbs//7d1t.pdb 518.C
../../pdbs//7d1t.pdb 518.C
../../pdbs//7d1t.pdb 517.c
../../pdbs//7d1t.pdb 517.c
../../pdbs//7d1t.pdb 517.c
../../pdbs//7d1t.pdb 517.c
../../pdbs//6ly5.pdb 849.b
../../pdbs//6ly5.pdb 849.b
../../pdbs//6ly5.pdb 849.b
../../pdbs//6ly5.pdb 849.b
../../pdbs//6ly5.pdb 302.L
../../pdbs//6ly5.pdb 302.L
../../pdbs//6ly5.pdb 302.L
../../pdbs//6ly5.pdb 302.L
../../pdbs//6ly5.pdb 215.C
../../pdbs//6ly5.pdb 215.C
../../pdbs//6ly5.pdb 215.C
../../pdbs//6ly5.pdb 215.C
../../pdbs//8f4g.pdb 103.h
../../pdbs//8f4g.pdb 103.h
../../pdbs//8f4g.pdb 103.h
../../pdbs//8f4g.pdb 103.h
../../pdbs//8f4g.pdb 518.c
../../pdbs//8f4g.pdb 518.c
../../pdbs//8f4g.pdb 518.c
../../pdbs//8f4g.pdb 518.c
../../pdbs//8f4g.pdb 516.C
../../pdbs//8f4g.pdb 516.C
../../pdbs//8f4g.pdb 516.C
../../pdbs//8f4g.pdb 516.C
../../pdbs//8f4g.pdb 617.A
../../pdbs//8f4g.pdb 617.A
../../pdbs//8f4g.pdb 617.A
../../pdbs//8f4g.pdb 617.A
../../pdbs//8f4g.pdb 516.c
../../pdbs//8f4g.pdb 516.c
../../pdbs//8f4g.pdb 516.c
../../pdbs//8f4g.pdb 516.c
../../pdbs//8f4g.pdb 517.C
../../pdbs//8f4g.pdb 517.C
../../pdbs//8f4g.pdb 517.C
../../pdbs//8f4g.pdb 517.C
../../pdbs//8f4g.pdb 518.C
../../pdbs//8f4g.pdb 518.C
../../pdbs//8f4g.pdb 518.C
../../pdbs//8f4g.pdb 518.C
../../pdbs//8f4g.pdb 103.H
../../pdbs//8f4g.pdb 103.H
../../pdbs//8f4g.pdb 103.H
../../pdbs//8f4g.pdb 103.H
../../pdbs//8f4g.pdb 517.c
../../pdbs//8f4g.pdb 517.c
../../pdbs//8f4g.pdb 517.c
../../pdbs//8f4g.pdb 517.c
../../pdbs//7czl.pdb 5411.a
../../pdbs//7czl.pdb 5411.a
../../pdbs//7czl.pdb 5411.a
../../pdbs//7czl.pdb 5411.a
../../pdbs//7czl.pdb 518.C
../../pdbs//7czl.pdb 518.C
../../pdbs//7czl.pdb 518.C
../../pdbs//7czl.pdb 518.C
../../pdbs//7czl.pdb 5102.h
../../pdbs//7czl.pdb 5102.h
../../pdbs//7czl.pdb 5102.h
../../pdbs//7czl.pdb 5102.h
../../pdbs//7czl.pdb 5515.c
../../pdbs//7czl.pdb 5515.c
../../pdbs//7czl.pdb 5515.c
../../pdbs//7czl.pdb 5515.c
../../pdbs//7czl.pdb 519.C
../../pdbs//7czl.pdb 519.C
../../pdbs//7czl.pdb 519.C
../../pdbs//7czl.pdb 519.C
../../pdbs//7czl.pdb 5516.c
../../pdbs//7czl.pdb 5516.c
../../pdbs//7czl.pdb 5516.c
../../pdbs//7czl.pdb 5516.c
../../pdbs//7czl.pdb 102.H
../../pdbs//7czl.pdb 102.H
../../pdbs//7czl.pdb 102.H
../../pdbs//7czl.pdb 102.H
../../pdbs//7czl.pdb 517.C
../../pdbs//7czl.pdb 517.C
../../pdbs//7czl.pdb 517.C
../../pdbs//7czl.pdb 517.C
../../pdbs//8f4c.pdb 102.H
../../pdbs//8f4c.pdb 102.H
../../pdbs//8f4c.pdb 102.H
../../pdbs//8f4c.pdb 102.H
../../pdbs//8f4c.pdb 516.c
../../pdbs//8f4c.pdb 516.c
../../pdbs//8f4c.pdb 516.c
../../pdbs//8f4c.pdb 516.c
../../pdbs//8f4c.pdb 616.A
../../pdbs//8f4c.pdb 616.A
../../pdbs//8f4c.pdb 616.A
../../pdbs//8f4c.pdb 616.A
../../pdbs//8f4c.pdb 515.c
../../pdbs//8f4c.pdb 515.c
../../pdbs//8f4c.pdb 515.c
../../pdbs//8f4c.pdb 515.c
../../pdbs//8f4c.pdb 517.c
../../pdbs//8f4c.pdb 517.c
../../pdbs//8f4c.pdb 517.c
../../pdbs//8f4c.pdb 517.c
../../pdbs//8f4c.pdb 516.C
../../pdbs//8f4c.pdb 516.C
../../pdbs//8f4c.pdb 516.C
../../pdbs//8f4c.pdb 516.C
../../pdbs//8f4c.pdb 515.C
../../pdbs//8f4c.pdb 515.C
../../pdbs//8f4c.pdb 515.C
../../pdbs//8f4c.pdb 515.C
../../pdbs//8f4c.pdb 101.h
../../pdbs//8f4c.pdb 101.h
../../pdbs//8f4c.pdb 101.h
../../pdbs//8f4c.pdb 101.h
../../pdbs//8f4c.pdb 517.C
../../pdbs//8f4c.pdb 517.C
../../pdbs//8f4c.pdb 517.C
../../pdbs//8f4c.pdb 517.C
../../pdbs//3kzi.pdb 493.C
../../pdbs//3kzi.pdb 493.C
../../pdbs//3kzi.pdb 493.C
../../pdbs//3kzi.pdb 493.C
../../pdbs//3kzi.pdb 375.A
../../pdbs//3kzi.pdb 375.A
../../pdbs//3kzi.pdb 375.A
../../pdbs//3kzi.pdb 375.A
../../pdbs//3kzi.pdb 533.B
../../pdbs//3kzi.pdb 533.B
../../pdbs//3kzi.pdb 533.B
../../pdbs//3kzi.pdb 533.B
../../pdbs//3kzi.pdb 528.B
../../pdbs//3kzi.pdb 528.B
../../pdbs//3kzi.pdb 528.B
../../pdbs//3kzi.pdb 528.B
../../pdbs//3kzi.pdb 491.C
../../pdbs//3kzi.pdb 491.C
../../pdbs//3kzi.pdb 491.C
../../pdbs//3kzi.pdb 491.C
../../pdbs//3kzi.pdb 492.C
../../pdbs//3kzi.pdb 492.C
../../pdbs//3kzi.pdb 492.C
../../pdbs//3kzi.pdb 492.C
../../pdbs//3kzi.pdb 474.C
../../pdbs//3kzi.pdb 474.C
../../pdbs//3kzi.pdb 474.C
../../pdbs//3kzi.pdb 474.C
../../pdbs//3kzi.pdb 362.D
../../pdbs//3kzi.pdb 362.D
../../pdbs//3kzi.pdb 362.D
../../pdbs//3kzi.pdb 362.D
../../pdbs//6tjv.pdb 501.A
../../pdbs//6tjv.pdb 501.A
../../pdbs//6tjv.pdb 501.A
../../pdbs//6tjv.pdb 501.A
../../pdbs//6tjv.pdb 401.L
../../pdbs//6tjv.pdb 401.L
../../pdbs//6tjv.pdb 401.L
../../pdbs//6tjv.pdb 401.L
../../pdbs//8f4h.pdb 515.C
../../pdbs//8f4h.pdb 515.C
../../pdbs//8f4h.pdb 515.C
../../pdbs//8f4h.pdb 515.C
../../pdbs//8f4h.pdb 517.c
../../pdbs//8f4h.pdb 517.c
../../pdbs//8f4h.pdb 517.c
../../pdbs//8f4h.pdb 517.c
../../pdbs//8f4h.pdb 619.A
../../pdbs//8f4h.pdb 619.A
../../pdbs//8f4h.pdb 619.A
../../pdbs//8f4h.pdb 619.A
../../pdbs//8f4h.pdb 517.C
../../pdbs//8f4h.pdb 517.C
../../pdbs//8f4h.pdb 517.C
../../pdbs//8f4h.pdb 517.C
../../pdbs//8f4h.pdb 101.H
../../pdbs//8f4h.pdb 101.H
../../pdbs//8f4h.pdb 101.H
../../pdbs//8f4h.pdb 101.H
../../pdbs//8f4h.pdb 103.h
../../pdbs//8f4h.pdb 103.h
../../pdbs//8f4h.pdb 103.h
../../pdbs//8f4h.pdb 103.h
../../pdbs//8f4h.pdb 518.c
../../pdbs//8f4h.pdb 518.c
../../pdbs//8f4h.pdb 518.c
../../pdbs//8f4h.pdb 518.c
../../pdbs//8f4h.pdb 516.C
../../pdbs//8f4h.pdb 516.C
../../pdbs//8f4h.pdb 516.C
../../pdbs//8f4h.pdb 516.C
../../pdbs//8f4h.pdb 519.c
../../pdbs//8f4h.pdb 519.c
../../pdbs//8f4h.pdb 519.c
../../pdbs//8f4h.pdb 519.c
../../pdbs//7dxh.pdb 406.a
../../pdbs//7dxh.pdb 406.a
../../pdbs//7dxh.pdb 406.a
../../pdbs//7dxh.pdb 406.a
../../pdbs//7dxh.pdb 517.c
../../pdbs//7dxh.pdb 517.c
../../pdbs//7dxh.pdb 517.c
../../pdbs//7dxh.pdb 517.c
../../pdbs//7dxh.pdb 104.h
../../pdbs//7dxh.pdb 104.h
../../pdbs//7dxh.pdb 104.h
../../pdbs//7dxh.pdb 104.h
../../pdbs//7dxh.pdb 516.c
../../pdbs//7dxh.pdb 516.c
../../pdbs//7dxh.pdb 516.c
../../pdbs//7dxh.pdb 516.c
../../pdbs//7dz7.pdb 850.B
../../pdbs//7dz7.pdb 850.B
../../pdbs//7dz7.pdb 850.B
../../pdbs//7dz7.pdb 850.B
../../pdbs//7n8o.pdb 103.H
../../pdbs//7n8o.pdb 103.H
../../pdbs//7n8o.pdb 103.H
../../pdbs//7n8o.pdb 103.H
../../pdbs//7n8o.pdb 517.C
../../pdbs//7n8o.pdb 517.C
../../pdbs//7n8o.pdb 517.C
../../pdbs//7n8o.pdb 517.C
../../pdbs//7n8o.pdb 516.c
../../pdbs//7n8o.pdb 516.c
../../pdbs//7n8o.pdb 516.c
../../pdbs//7n8o.pdb 516.c
../../pdbs//7n8o.pdb 517.c
../../pdbs//7n8o.pdb 517.c
../../pdbs//7n8o.pdb 517.c
../../pdbs//7n8o.pdb 517.c
../../pdbs//7n8o.pdb 103.h
../../pdbs//7n8o.pdb 103.h
../../pdbs//7n8o.pdb 103.h
../../pdbs//7n8o.pdb 103.h
../../pdbs//7n8o.pdb 518.C
../../pdbs//7n8o.pdb 518.C
../../pdbs//7n8o.pdb 518.C
../../pdbs//7n8o.pdb 518.C
../../pdbs//7n8o.pdb 518.c
../../pdbs//7n8o.pdb 518.c
../../pdbs//7n8o.pdb 518.c
../../pdbs//7n8o.pdb 518.c
../../pdbs//7n8o.pdb 516.C
../../pdbs//7n8o.pdb 516.C
../../pdbs//7n8o.pdb 516.C
../../pdbs//7n8o.pdb 516.C
../../pdbs//4ixq.pdb 408.d
../../pdbs//4ixq.pdb 408.d
../../pdbs//4ixq.pdb 408.d
../../pdbs//4ixq.pdb 408.d
../../pdbs//4ixq.pdb 518.C
../../pdbs//4ixq.pdb 518.C
../../pdbs//4ixq.pdb 518.C
../../pdbs//4ixq.pdb 518.C
../../pdbs//4ixq.pdb 518.c
../../pdbs//4ixq.pdb 518.c
../../pdbs//4ixq.pdb 518.c
../../pdbs//4ixq.pdb 518.c
../../pdbs//4ixq.pdb 411.A
../../pdbs//4ixq.pdb 411.A
../../pdbs//4ixq.pdb 411.A
../../pdbs//4ixq.pdb 411.A
../../pdbs//4ixq.pdb 621.B
../../pdbs//4ixq.pdb 621.B
../../pdbs//4ixq.pdb 621.B
../../pdbs//4ixq.pdb 621.B
../../pdbs//4ixq.pdb 413.a
../../pdbs//4ixq.pdb 413.a
../../pdbs//4ixq.pdb 413.a
../../pdbs//4ixq.pdb 413.a
../../pdbs//4ixq.pdb 602.b
../../pdbs//4ixq.pdb 602.b
../../pdbs//4ixq.pdb 602.b
../../pdbs//4ixq.pdb 602.b
../../pdbs//4ixq.pdb 517.c
../../pdbs//4ixq.pdb 517.c
../../pdbs//4ixq.pdb 517.c
../../pdbs//4ixq.pdb 517.c
../../pdbs//4ixq.pdb 516.C
../../pdbs//4ixq.pdb 516.C
../../pdbs//4ixq.pdb 516.C
../../pdbs//4ixq.pdb 516.C
../../pdbs//4ixq.pdb 622.b
../../pdbs//4ixq.pdb 622.b
../../pdbs//4ixq.pdb 622.b
../../pdbs//4ixq.pdb 622.b
../../pdbs//4ixq.pdb 519.c
../../pdbs//4ixq.pdb 519.c
../../pdbs//4ixq.pdb 519.c
../../pdbs//4ixq.pdb 519.c
../../pdbs//4ixq.pdb 517.C
../../pdbs//4ixq.pdb 517.C
../../pdbs//4ixq.pdb 517.C
../../pdbs//4ixq.pdb 517.C
../../pdbs//4ixq.pdb 626.B
../../pdbs//4ixq.pdb 626.B
../../pdbs//4ixq.pdb 626.B
../../pdbs//4ixq.pdb 626.B
../../pdbs//4ixq.pdb 410.D
../../pdbs//4ixq.pdb 410.D
../../pdbs//4ixq.pdb 410.D
../../pdbs//4ixq.pdb 410.D
../../pdbs//6zxs.pdb 855.B
../../pdbs//6zxs.pdb 855.B
../../pdbs//6zxs.pdb 855.B
../../pdbs//6zxs.pdb 855.B
../../pdbs//6zxs.pdb 309.F
../../pdbs//6zxs.pdb 309.F
../../pdbs//6zxs.pdb 309.F
../../pdbs//6zxs.pdb 309.F
../../pdbs//6zxs.pdb 327.2
../../pdbs//6zxs.pdb 327.2
../../pdbs//6zxs.pdb 327.2
../../pdbs//6zxs.pdb 327.2
../../pdbs//6zxs.pdb 1106.J
../../pdbs//6zxs.pdb 1106.J
../../pdbs//6zxs.pdb 1106.J
../../pdbs//6zxs.pdb 1106.J
../../pdbs//5zgh.pdb 850.B
../../pdbs//5zgh.pdb 850.B
../../pdbs//5zgh.pdb 850.B
../../pdbs//5zgh.pdb 850.B
../../pdbs//7eda.pdb 518.C
../../pdbs//7eda.pdb 518.C
../../pdbs//7eda.pdb 518.C
../../pdbs//7eda.pdb 518.C
../../pdbs//7eda.pdb 517.C
../../pdbs//7eda.pdb 517.C
../../pdbs//7eda.pdb 517.C
../../pdbs//7eda.pdb 517.C
../../pdbs//7eda.pdb 516.C
../../pdbs//7eda.pdb 516.C
../../pdbs//7eda.pdb 516.C
../../pdbs//7eda.pdb 516.C
../../pdbs//7eda.pdb 102.H
../../pdbs//7eda.pdb 102.H
../../pdbs//7eda.pdb 102.H
../../pdbs//7eda.pdb 102.H
../../pdbs//6sl5.pdb 5002.B
../../pdbs//6sl5.pdb 5002.B
../../pdbs//6sl5.pdb 5002.B
../../pdbs//6sl5.pdb 5002.B
../../pdbs//6sl5.pdb 805.3
../../pdbs//6sl5.pdb 805.3
../../pdbs//6sl5.pdb 805.3
../../pdbs//6sl5.pdb 805.3
../../pdbs//6sl5.pdb 804.3
../../pdbs//6sl5.pdb 804.3
../../pdbs//6sl5.pdb 804.3
../../pdbs//6sl5.pdb 804.3
../../pdbs//6sl5.pdb 806.2
../../pdbs//6sl5.pdb 806.2
../../pdbs//6sl5.pdb 806.2
../../pdbs//6sl5.pdb 806.2
../../pdbs//7xqp.pdb 847.B
../../pdbs//7xqp.pdb 847.B
../../pdbs//7xqp.pdb 847.B
../../pdbs//7xqp.pdb 847.B
../../pdbs//5xnm.pdb 520.C
../../pdbs//5xnm.pdb 520.C
../../pdbs//5xnm.pdb 520.C
../../pdbs//5xnm.pdb 520.C
../../pdbs//5xnm.pdb 626.b
../../pdbs//5xnm.pdb 626.b
../../pdbs//5xnm.pdb 626.b
../../pdbs//5xnm.pdb 626.b
../../pdbs//5xnm.pdb 518.c
../../pdbs//5xnm.pdb 518.c
../../pdbs//5xnm.pdb 518.c
../../pdbs//5xnm.pdb 518.c
../../pdbs//5xnm.pdb 102.H
../../pdbs//5xnm.pdb 102.H
../../pdbs//5xnm.pdb 102.H
../../pdbs//5xnm.pdb 102.H
../../pdbs//5xnm.pdb 519.C
../../pdbs//5xnm.pdb 519.C
../../pdbs//5xnm.pdb 519.C
../../pdbs//5xnm.pdb 519.C
../../pdbs//5xnm.pdb 519.c
../../pdbs//5xnm.pdb 519.c
../../pdbs//5xnm.pdb 519.c
../../pdbs//5xnm.pdb 519.c
../../pdbs//5xnm.pdb 102.h
../../pdbs//5xnm.pdb 102.h
../../pdbs//5xnm.pdb 102.h
../../pdbs//5xnm.pdb 102.h
../../pdbs//5xnm.pdb 520.c
../../pdbs//5xnm.pdb 520.c
../../pdbs//5xnm.pdb 520.c
../../pdbs//5xnm.pdb 520.c
../../pdbs//5xnm.pdb 518.C
../../pdbs//5xnm.pdb 518.C
../../pdbs//5xnm.pdb 518.C
../../pdbs//5xnm.pdb 518.C
../../pdbs//5xnm.pdb 626.B
../../pdbs//5xnm.pdb 626.B
../../pdbs//5xnm.pdb 626.B
../../pdbs//5xnm.pdb 626.B
../../pdbs//5kai.pdb 517.c
../../pdbs//5kai.pdb 517.c
../../pdbs//5kai.pdb 517.c
../../pdbs//5kai.pdb 517.c
../../pdbs//5kai.pdb 519.C
../../pdbs//5kai.pdb 519.C
../../pdbs//5kai.pdb 519.C
../../pdbs//5kai.pdb 519.C
../../pdbs//5kai.pdb 518.C
../../pdbs//5kai.pdb 518.C
../../pdbs//5kai.pdb 518.C
../../pdbs//5kai.pdb 518.C
../../pdbs//5kai.pdb 102.h
../../pdbs//5kai.pdb 102.h
../../pdbs//5kai.pdb 102.h
../../pdbs//5kai.pdb 102.h
../../pdbs//5kai.pdb 516.c
../../pdbs//5kai.pdb 516.c
../../pdbs//5kai.pdb 516.c
../../pdbs//5kai.pdb 516.c
../../pdbs//5kai.pdb 518.c
../../pdbs//5kai.pdb 518.c
../../pdbs//5kai.pdb 518.c
../../pdbs//5kai.pdb 518.c
../../pdbs//5kai.pdb 517.C
../../pdbs//5kai.pdb 517.C
../../pdbs//5kai.pdb 517.C
../../pdbs//5kai.pdb 517.C
../../pdbs//5kai.pdb 103.H
../../pdbs//5kai.pdb 103.H
../../pdbs//5kai.pdb 103.H
../../pdbs//5kai.pdb 103.H
../../pdbs//8gn0.pdb 518.c
../../pdbs//8gn0.pdb 518.c
../../pdbs//8gn0.pdb 518.c
../../pdbs//8gn0.pdb 518.c
../../pdbs//8gn0.pdb 519.c
../../pdbs//8gn0.pdb 519.c
../../pdbs//8gn0.pdb 519.c
../../pdbs//8gn0.pdb 519.c
../../pdbs//8gn0.pdb 518.C
../../pdbs//8gn0.pdb 518.C
../../pdbs//8gn0.pdb 518.C
../../pdbs//8gn0.pdb 518.C
../../pdbs//8gn0.pdb 102.h
../../pdbs//8gn0.pdb 102.h
../../pdbs//8gn0.pdb 102.h
../../pdbs//8gn0.pdb 102.h
../../pdbs//8gn0.pdb 520.c
../../pdbs//8gn0.pdb 520.c
../../pdbs//8gn0.pdb 520.c
../../pdbs//8gn0.pdb 520.c
../../pdbs//8gn0.pdb 517.C
../../pdbs//8gn0.pdb 517.C
../../pdbs//8gn0.pdb 517.C
../../pdbs//8gn0.pdb 517.C
../../pdbs//8gn0.pdb 519.C
../../pdbs//8gn0.pdb 519.C
../../pdbs//8gn0.pdb 519.C
../../pdbs//8gn0.pdb 519.C
../../pdbs//8gn0.pdb 103.H
../../pdbs//8gn0.pdb 103.H
../../pdbs//8gn0.pdb 103.H
../../pdbs//8gn0.pdb 103.H
../../pdbs//7ymi.pdb 625.b
../../pdbs//7ymi.pdb 625.b
../../pdbs//7ymi.pdb 625.b
../../pdbs//7ymi.pdb 625.b
../../pdbs//7ymi.pdb 517.C
../../pdbs//7ymi.pdb 517.C
../../pdbs//7ymi.pdb 517.C
../../pdbs//7ymi.pdb 517.C
../../pdbs//7ymi.pdb 624.B
../../pdbs//7ymi.pdb 624.B
../../pdbs//7ymi.pdb 624.B
../../pdbs//7ymi.pdb 624.B
../../pdbs//7ymi.pdb 517.c
../../pdbs//7ymi.pdb 517.c
../../pdbs//7ymi.pdb 517.c
../../pdbs//7ymi.pdb 517.c
../../pdbs//5ws6.pdb 520.c
../../pdbs//5ws6.pdb 520.c
../../pdbs//5ws6.pdb 520.c
../../pdbs//5ws6.pdb 520.c
../../pdbs//5ws6.pdb 102.H
../../pdbs//5ws6.pdb 102.H
../../pdbs//5ws6.pdb 102.H
../../pdbs//5ws6.pdb 102.H
../../pdbs//5ws6.pdb 519.C
../../pdbs//5ws6.pdb 519.C
../../pdbs//5ws6.pdb 519.C
../../pdbs//5ws6.pdb 519.C
../../pdbs//5ws6.pdb 519.c
../../pdbs//5ws6.pdb 519.c
../../pdbs//5ws6.pdb 519.c
../../pdbs//5ws6.pdb 519.c
../../pdbs//5ws6.pdb 103.h
../../pdbs//5ws6.pdb 103.h
../../pdbs//5ws6.pdb 103.h
../../pdbs//5ws6.pdb 103.h
../../pdbs//5ws6.pdb 517.C
../../pdbs//5ws6.pdb 517.C
../../pdbs//5ws6.pdb 517.C
../../pdbs//5ws6.pdb 517.C
../../pdbs//5ws6.pdb 518.C
../../pdbs//5ws6.pdb 518.C
../../pdbs//5ws6.pdb 518.C
../../pdbs//5ws6.pdb 518.C
../../pdbs//5ws6.pdb 518.c
../../pdbs//5ws6.pdb 518.c
../../pdbs//5ws6.pdb 518.c
../../pdbs//5ws6.pdb 518.c
../../pdbs//6jlp.pdb 519.c
../../pdbs//6jlp.pdb 519.c
../../pdbs//6jlp.pdb 519.c
../../pdbs//6jlp.pdb 519.c
../../pdbs//6jlp.pdb 632.B
../../pdbs//6jlp.pdb 632.B
../../pdbs//6jlp.pdb 632.B
../../pdbs//6jlp.pdb 632.B
../../pdbs//6jlp.pdb 521.c
../../pdbs//6jlp.pdb 521.c
../../pdbs//6jlp.pdb 521.c
../../pdbs//6jlp.pdb 521.c
../../pdbs//6jlp.pdb 516.C
../../pdbs//6jlp.pdb 516.C
../../pdbs//6jlp.pdb 516.C
../../pdbs//6jlp.pdb 516.C
../../pdbs//6jlp.pdb 408.d
../../pdbs//6jlp.pdb 408.d
../../pdbs//6jlp.pdb 408.d
../../pdbs//6jlp.pdb 408.d
../../pdbs//6jlp.pdb 102.h
../../pdbs//6jlp.pdb 102.h
../../pdbs//6jlp.pdb 102.h
../../pdbs//6jlp.pdb 102.h
../../pdbs//6jlp.pdb 517.C
../../pdbs//6jlp.pdb 517.C
../../pdbs//6jlp.pdb 517.C
../../pdbs//6jlp.pdb 517.C
../../pdbs//6jlp.pdb 520.c
../../pdbs//6jlp.pdb 520.c
../../pdbs//6jlp.pdb 520.c
../../pdbs//6jlp.pdb 520.c
../../pdbs//6jlp.pdb 518.C
../../pdbs//6jlp.pdb 518.C
../../pdbs//6jlp.pdb 518.C
../../pdbs//6jlp.pdb 518.C
../../pdbs//6jlj.pdb 519.c
../../pdbs//6jlj.pdb 519.c
../../pdbs//6jlj.pdb 519.c
../../pdbs//6jlj.pdb 519.c
../../pdbs//6jlj.pdb 519.C
../../pdbs//6jlj.pdb 519.C
../../pdbs//6jlj.pdb 519.C
../../pdbs//6jlj.pdb 519.C
../../pdbs//6jlj.pdb 518.C
../../pdbs//6jlj.pdb 518.C
../../pdbs//6jlj.pdb 518.C
../../pdbs//6jlj.pdb 518.C
../../pdbs//6jlj.pdb 101.e
../../pdbs//6jlj.pdb 101.e
../../pdbs//6jlj.pdb 101.e
../../pdbs//6jlj.pdb 101.e
../../pdbs//6jlj.pdb 520.c
../../pdbs//6jlj.pdb 520.c
../../pdbs//6jlj.pdb 520.c
../../pdbs//6jlj.pdb 520.c
../../pdbs//6jlj.pdb 517.C
../../pdbs//6jlj.pdb 517.C
../../pdbs//6jlj.pdb 517.C
../../pdbs//6jlj.pdb 517.C
../../pdbs//6jlj.pdb 102.H
../../pdbs//6jlj.pdb 102.H
../../pdbs//6jlj.pdb 102.H
../../pdbs//6jlj.pdb 102.H
../../pdbs//6jlj.pdb 521.c
../../pdbs//6jlj.pdb 521.c
../../pdbs//6jlj.pdb 521.c
../../pdbs//6jlj.pdb 521.c
../../pdbs//6jlj.pdb 102.h
../../pdbs//6jlj.pdb 102.h
../../pdbs//6jlj.pdb 102.h
../../pdbs//6jlj.pdb 102.h
../../pdbs//6jo5.pdb 850.B
../../pdbs//6jo5.pdb 850.B
../../pdbs//6jo5.pdb 850.B
../../pdbs//6jo5.pdb 850.B
../../pdbs//5h2f.pdb 518.C
../../pdbs//5h2f.pdb 518.C
../../pdbs//5h2f.pdb 518.C
../../pdbs//5h2f.pdb 518.C
../../pdbs//5h2f.pdb 102.h
../../pdbs//5h2f.pdb 102.h
../../pdbs//5h2f.pdb 102.h
../../pdbs//5h2f.pdb 102.h
../../pdbs//5h2f.pdb 517.C
../../pdbs//5h2f.pdb 517.C
../../pdbs//5h2f.pdb 517.C
../../pdbs//5h2f.pdb 517.C
../../pdbs//5h2f.pdb 102.H
../../pdbs//5h2f.pdb 102.H
../../pdbs//5h2f.pdb 102.H
../../pdbs//5h2f.pdb 102.H
../../pdbs//5h2f.pdb 519.C
../../pdbs//5h2f.pdb 519.C
../../pdbs//5h2f.pdb 519.C
../../pdbs//5h2f.pdb 519.C
../../pdbs//5h2f.pdb 917.c
../../pdbs//5h2f.pdb 917.c
../../pdbs//5h2f.pdb 917.c
../../pdbs//5h2f.pdb 917.c
../../pdbs//5h2f.pdb 919.c
../../pdbs//5h2f.pdb 919.c
../../pdbs//5h2f.pdb 919.c
../../pdbs//5h2f.pdb 919.c
../../pdbs//5h2f.pdb 918.c
../../pdbs//5h2f.pdb 918.c
../../pdbs//5h2f.pdb 918.c
../../pdbs//5h2f.pdb 918.c
../../pdbs//4tnk.pdb 409.A
../../pdbs//4tnk.pdb 409.A
../../pdbs//4tnk.pdb 409.A
../../pdbs//4tnk.pdb 409.A
../../pdbs//4tnk.pdb 408.a
../../pdbs//4tnk.pdb 408.a
../../pdbs//4tnk.pdb 408.a
../../pdbs//4tnk.pdb 408.a
../../pdbs//4tnk.pdb 517.c
../../pdbs//4tnk.pdb 517.c
../../pdbs//4tnk.pdb 517.c
../../pdbs//4tnk.pdb 517.c
../../pdbs//4tnk.pdb 620.B
../../pdbs//4tnk.pdb 620.B
../../pdbs//4tnk.pdb 620.B
../../pdbs//4tnk.pdb 620.B
../../pdbs//4tnk.pdb 516.c
../../pdbs//4tnk.pdb 516.c
../../pdbs//4tnk.pdb 516.c
../../pdbs//4tnk.pdb 516.c
../../pdbs//4tnk.pdb 515.c
../../pdbs//4tnk.pdb 515.c
../../pdbs//4tnk.pdb 515.c
../../pdbs//4tnk.pdb 515.c
../../pdbs//4tnk.pdb 407.D
../../pdbs//4tnk.pdb 407.D
../../pdbs//4tnk.pdb 407.D
../../pdbs//4tnk.pdb 407.D
../../pdbs//4tnk.pdb 514.C
../../pdbs//4tnk.pdb 514.C
../../pdbs//4tnk.pdb 514.C
../../pdbs//4tnk.pdb 514.C
../../pdbs//4tnk.pdb 601.b
../../pdbs//4tnk.pdb 601.b
../../pdbs//4tnk.pdb 601.b
../../pdbs//4tnk.pdb 601.b
../../pdbs//4tnk.pdb 625.b
../../pdbs//4tnk.pdb 625.b
../../pdbs//4tnk.pdb 625.b
../../pdbs//4tnk.pdb 625.b
../../pdbs//4tnk.pdb 516.C
../../pdbs//4tnk.pdb 516.C
../../pdbs//4tnk.pdb 516.C
../../pdbs//4tnk.pdb 516.C
../../pdbs//4tnk.pdb 410.d
../../pdbs//4tnk.pdb 410.d
../../pdbs//4tnk.pdb 410.d
../../pdbs//4tnk.pdb 410.d
../../pdbs//4tnk.pdb 626.B
../../pdbs//4tnk.pdb 626.B
../../pdbs//4tnk.pdb 626.B
../../pdbs//4tnk.pdb 626.B
../../pdbs//4tnk.pdb 515.C
../../pdbs//4tnk.pdb 515.C
../../pdbs//4tnk.pdb 515.C
../../pdbs//4tnk.pdb 515.C
../../pdbs//4tni.pdb 410.a
../../pdbs//4tni.pdb 410.a
../../pdbs//4tni.pdb 410.a
../../pdbs//4tni.pdb 410.a
../../pdbs//4tni.pdb 624.b
../../pdbs//4tni.pdb 624.b
../../pdbs//4tni.pdb 624.b
../../pdbs//4tni.pdb 624.b
../../pdbs//4tni.pdb 516.C
../../pdbs//4tni.pdb 516.C
../../pdbs//4tni.pdb 516.C
../../pdbs//4tni.pdb 516.C
../../pdbs//4tni.pdb 410.D
../../pdbs//4tni.pdb 410.D
../../pdbs//4tni.pdb 410.D
../../pdbs//4tni.pdb 410.D
../../pdbs//4tni.pdb 517.c
../../pdbs//4tni.pdb 517.c
../../pdbs//4tni.pdb 517.c
../../pdbs//4tni.pdb 517.c
../../pdbs//4tni.pdb 620.B
../../pdbs//4tni.pdb 620.B
../../pdbs//4tni.pdb 620.B
../../pdbs//4tni.pdb 620.B
../../pdbs//4tni.pdb 515.c
../../pdbs//4tni.pdb 515.c
../../pdbs//4tni.pdb 515.c
../../pdbs//4tni.pdb 515.c
../../pdbs//4tni.pdb 625.B
../../pdbs//4tni.pdb 625.B
../../pdbs//4tni.pdb 625.B
../../pdbs//4tni.pdb 625.B
../../pdbs//4tni.pdb 516.c
../../pdbs//4tni.pdb 516.c
../../pdbs//4tni.pdb 516.c
../../pdbs//4tni.pdb 516.c
../../pdbs//4tni.pdb 408.A
../../pdbs//4tni.pdb 408.A
../../pdbs//4tni.pdb 408.A
../../pdbs//4tni.pdb 408.A
../../pdbs//4tni.pdb 601.b
../../pdbs//4tni.pdb 601.b
../../pdbs//4tni.pdb 601.b
../../pdbs//4tni.pdb 601.b
../../pdbs//4tni.pdb 410.d
../../pdbs//4tni.pdb 410.d
../../pdbs//4tni.pdb 410.d
../../pdbs//4tni.pdb 410.d
../../pdbs//4tni.pdb 517.C
../../pdbs//4tni.pdb 517.C
../../pdbs//4tni.pdb 517.C
../../pdbs//4tni.pdb 517.C
../../pdbs//4tni.pdb 515.C
../../pdbs//4tni.pdb 515.C
../../pdbs//4tni.pdb 515.C
../../pdbs//4tni.pdb 515.C
../../pdbs//4pbu.pdb 101.j
../../pdbs//4pbu.pdb 101.j
../../pdbs//4pbu.pdb 101.j
../../pdbs//4pbu.pdb 101.j
../../pdbs//4pbu.pdb 916.c
../../pdbs//4pbu.pdb 916.c
../../pdbs//4pbu.pdb 916.c
../../pdbs//4pbu.pdb 916.c
../../pdbs//4pbu.pdb 102.h
../../pdbs//4pbu.pdb 102.h
../../pdbs//4pbu.pdb 102.h
../../pdbs//4pbu.pdb 102.h
../../pdbs//4pbu.pdb 518.C
../../pdbs//4pbu.pdb 518.C
../../pdbs//4pbu.pdb 518.C
../../pdbs//4pbu.pdb 518.C
../../pdbs//4pbu.pdb 517.C
../../pdbs//4pbu.pdb 517.C
../../pdbs//4pbu.pdb 517.C
../../pdbs//4pbu.pdb 517.C
../../pdbs//4pbu.pdb 406.D
../../pdbs//4pbu.pdb 406.D
../../pdbs//4pbu.pdb 406.D
../../pdbs//4pbu.pdb 406.D
../../pdbs//4pbu.pdb 516.C
../../pdbs//4pbu.pdb 516.C
../../pdbs//4pbu.pdb 516.C
../../pdbs//4pbu.pdb 516.C
../../pdbs//4pbu.pdb 917.c
../../pdbs//4pbu.pdb 917.c
../../pdbs//4pbu.pdb 917.c
../../pdbs//4pbu.pdb 917.c
../../pdbs//4pbu.pdb 102.H
../../pdbs//4pbu.pdb 102.H
../../pdbs//4pbu.pdb 102.H
../../pdbs//4pbu.pdb 102.H
../../pdbs//4pbu.pdb 406.d
../../pdbs//4pbu.pdb 406.d
../../pdbs//4pbu.pdb 406.d
../../pdbs//4pbu.pdb 406.d
../../pdbs//5b5e.pdb 517.C
../../pdbs//5b5e.pdb 517.C
../../pdbs//5b5e.pdb 517.C
../../pdbs//5b5e.pdb 517.C
../../pdbs//5b5e.pdb 919.c
../../pdbs//5b5e.pdb 919.c
../../pdbs//5b5e.pdb 919.c
../../pdbs//5b5e.pdb 919.c
../../pdbs//5b5e.pdb 518.C
../../pdbs//5b5e.pdb 518.C
../../pdbs//5b5e.pdb 518.C
../../pdbs//5b5e.pdb 518.C
../../pdbs//5b5e.pdb 103.H
../../pdbs//5b5e.pdb 103.H
../../pdbs//5b5e.pdb 103.H
../../pdbs//5b5e.pdb 103.H
../../pdbs//5b5e.pdb 519.C
../../pdbs//5b5e.pdb 519.C
../../pdbs//5b5e.pdb 519.C
../../pdbs//5b5e.pdb 519.C
../../pdbs//5b5e.pdb 102.h
../../pdbs//5b5e.pdb 102.h
../../pdbs//5b5e.pdb 102.h
../../pdbs//5b5e.pdb 102.h
../../pdbs//5b5e.pdb 917.c
../../pdbs//5b5e.pdb 917.c
../../pdbs//5b5e.pdb 917.c
../../pdbs//5b5e.pdb 917.c
../../pdbs//5b5e.pdb 918.c
../../pdbs//5b5e.pdb 918.c
../../pdbs//5b5e.pdb 918.c
../../pdbs//5b5e.pdb 918.c
../../pdbs//5xnl.pdb 102.h
../../pdbs//5xnl.pdb 102.h
../../pdbs//5xnl.pdb 102.h
../../pdbs//5xnl.pdb 102.h
../../pdbs//5xnl.pdb 518.c
../../pdbs//5xnl.pdb 518.c
../../pdbs//5xnl.pdb 518.c
../../pdbs//5xnl.pdb 518.c
../../pdbs//5xnl.pdb 519.c
../../pdbs//5xnl.pdb 519.c
../../pdbs//5xnl.pdb 519.c
../../pdbs//5xnl.pdb 519.c
../../pdbs//5xnl.pdb 519.C
../../pdbs//5xnl.pdb 519.C
../../pdbs//5xnl.pdb 519.C
../../pdbs//5xnl.pdb 519.C
../../pdbs//5xnl.pdb 518.C
../../pdbs//5xnl.pdb 518.C
../../pdbs//5xnl.pdb 518.C
../../pdbs//5xnl.pdb 518.C
../../pdbs//5xnl.pdb 520.C
../../pdbs//5xnl.pdb 520.C
../../pdbs//5xnl.pdb 520.C
../../pdbs//5xnl.pdb 520.C
../../pdbs//5xnl.pdb 626.B
../../pdbs//5xnl.pdb 626.B
../../pdbs//5xnl.pdb 626.B
../../pdbs//5xnl.pdb 626.B
../../pdbs//5xnl.pdb 520.c
../../pdbs//5xnl.pdb 520.c
../../pdbs//5xnl.pdb 520.c
../../pdbs//5xnl.pdb 520.c
../../pdbs//5xnl.pdb 102.H
../../pdbs//5xnl.pdb 102.H
../../pdbs//5xnl.pdb 102.H
../../pdbs//5xnl.pdb 102.H
../../pdbs//5xnl.pdb 626.b
../../pdbs//5xnl.pdb 626.b
../../pdbs//5xnl.pdb 626.b
../../pdbs//5xnl.pdb 626.b
../../pdbs//4rku.pdb 7101.B
../../pdbs//4rku.pdb 7101.B
../../pdbs//4rku.pdb 7101.B
../../pdbs//4rku.pdb 7101.B
../../pdbs//6jlm.pdb 918.c
../../pdbs//6jlm.pdb 918.c
../../pdbs//6jlm.pdb 918.c
../../pdbs//6jlm.pdb 918.c
../../pdbs//6jlm.pdb 102.h
../../pdbs//6jlm.pdb 102.h
../../pdbs//6jlm.pdb 102.h
../../pdbs//6jlm.pdb 102.h
../../pdbs//6jlm.pdb 102.H
../../pdbs//6jlm.pdb 102.H
../../pdbs//6jlm.pdb 102.H
../../pdbs//6jlm.pdb 102.H
../../pdbs//6jlm.pdb 516.C
../../pdbs//6jlm.pdb 516.C
../../pdbs//6jlm.pdb 516.C
../../pdbs//6jlm.pdb 516.C
../../pdbs//6jlm.pdb 101.e
../../pdbs//6jlm.pdb 101.e
../../pdbs//6jlm.pdb 101.e
../../pdbs//6jlm.pdb 101.e
../../pdbs//6jlm.pdb 917.c
../../pdbs//6jlm.pdb 917.c
../../pdbs//6jlm.pdb 917.c
../../pdbs//6jlm.pdb 917.c
../../pdbs//6jlm.pdb 518.C
../../pdbs//6jlm.pdb 518.C
../../pdbs//6jlm.pdb 518.C
../../pdbs//6jlm.pdb 518.C
../../pdbs//6jlm.pdb 916.c
../../pdbs//6jlm.pdb 916.c
../../pdbs//6jlm.pdb 916.c
../../pdbs//6jlm.pdb 916.c
../../pdbs//6jlm.pdb 517.C
../../pdbs//6jlm.pdb 517.C
../../pdbs//6jlm.pdb 517.C
../../pdbs//6jlm.pdb 517.C
../../pdbs//3a0b.pdb 1056.C
../../pdbs//3a0b.pdb 1056.C
../../pdbs//3a0b.pdb 1056.C
../../pdbs//3a0b.pdb 1056.C
../../pdbs//3a0b.pdb 6056.c
../../pdbs//3a0b.pdb 6056.c
../../pdbs//3a0b.pdb 6056.c
../../pdbs//3a0b.pdb 6056.c
../../pdbs//3a0b.pdb 6058.h
../../pdbs//3a0b.pdb 6058.h
../../pdbs//3a0b.pdb 6058.h
../../pdbs//3a0b.pdb 6058.h
../../pdbs//3a0b.pdb 1055.C
../../pdbs//3a0b.pdb 1055.C
../../pdbs//3a0b.pdb 1055.C
../../pdbs//3a0b.pdb 1055.C
../../pdbs//3a0b.pdb 6055.c
../../pdbs//3a0b.pdb 6055.c
../../pdbs//3a0b.pdb 6055.c
../../pdbs//3a0b.pdb 6055.c
../../pdbs//3a0b.pdb 1057.C
../../pdbs//3a0b.pdb 1057.C
../../pdbs//3a0b.pdb 1057.C
../../pdbs//3a0b.pdb 1057.C
../../pdbs//3a0b.pdb 1058.H
../../pdbs//3a0b.pdb 1058.H
../../pdbs//3a0b.pdb 1058.H
../../pdbs//3a0b.pdb 1058.H
../../pdbs//3a0b.pdb 6057.c
../../pdbs//3a0b.pdb 6057.c
../../pdbs//3a0b.pdb 6057.c
../../pdbs//3a0b.pdb 6057.c
../../pdbs//8h2u.pdb 848.B
../../pdbs//8h2u.pdb 848.B
../../pdbs//8h2u.pdb 848.B
../../pdbs//8h2u.pdb 848.B
../../pdbs//8h2u.pdb 319.5
../../pdbs//8h2u.pdb 319.5
../../pdbs//8h2u.pdb 319.5
../../pdbs//8h2u.pdb 319.5
../../pdbs//5tis.pdb 518.c
../../pdbs//5tis.pdb 518.c
../../pdbs//5tis.pdb 518.c
../../pdbs//5tis.pdb 518.c
../../pdbs//5tis.pdb 519.C
../../pdbs//5tis.pdb 519.C
../../pdbs//5tis.pdb 519.C
../../pdbs//5tis.pdb 519.C
../../pdbs//5tis.pdb 102.H
../../pdbs//5tis.pdb 102.H
../../pdbs//5tis.pdb 102.H
../../pdbs//5tis.pdb 102.H
../../pdbs//5tis.pdb 517.c
../../pdbs//5tis.pdb 517.c
../../pdbs//5tis.pdb 517.c
../../pdbs//5tis.pdb 517.c
../../pdbs//5tis.pdb 518.C
../../pdbs//5tis.pdb 518.C
../../pdbs//5tis.pdb 518.C
../../pdbs//5tis.pdb 518.C
../../pdbs//5tis.pdb 516.c
../../pdbs//5tis.pdb 516.c
../../pdbs//5tis.pdb 516.c
../../pdbs//5tis.pdb 516.c
../../pdbs//5tis.pdb 102.h
../../pdbs//5tis.pdb 102.h
../../pdbs//5tis.pdb 102.h
../../pdbs//5tis.pdb 102.h
../../pdbs//5tis.pdb 517.C
../../pdbs//5tis.pdb 517.C
../../pdbs//5tis.pdb 517.C
../../pdbs//5tis.pdb 517.C
../../pdbs//7cji.pdb 518.c
../../pdbs//7cji.pdb 518.c
../../pdbs//7cji.pdb 518.c
../../pdbs//7cji.pdb 518.c
../../pdbs//7cji.pdb 519.c
../../pdbs//7cji.pdb 519.c
../../pdbs//7cji.pdb 519.c
../../pdbs//7cji.pdb 519.c
../../pdbs//7cji.pdb 103.h
../../pdbs//7cji.pdb 103.h
../../pdbs//7cji.pdb 103.h
../../pdbs//7cji.pdb 103.h
../../pdbs//7cji.pdb 518.C
../../pdbs//7cji.pdb 518.C
../../pdbs//7cji.pdb 518.C
../../pdbs//7cji.pdb 518.C
../../pdbs//7cji.pdb 102.H
../../pdbs//7cji.pdb 102.H
../../pdbs//7cji.pdb 102.H
../../pdbs//7cji.pdb 102.H
../../pdbs//7cji.pdb 519.C
../../pdbs//7cji.pdb 519.C
../../pdbs//7cji.pdb 519.C
../../pdbs//7cji.pdb 519.C
../../pdbs//7cji.pdb 517.C
../../pdbs//7cji.pdb 517.C
../../pdbs//7cji.pdb 517.C
../../pdbs//7cji.pdb 517.C
../../pdbs//7cji.pdb 517.c
../../pdbs//7cji.pdb 517.c
../../pdbs//7cji.pdb 517.c
../../pdbs//7cji.pdb 517.c
