../../pdbs//1d9u.pdb 5.D
Timestep	Standard Nomenclature	Ring conformation
1			-		46t(4.088257)		t35(5.584756)		2d5(7.667800)	
../../pdbs//1d9u.pdb 4.D
Timestep	Standard Nomenclature	Ring conformation
1			-		2d5(4.683202)		4d1(7.785636)	
../../pdbs//1zu8.pdb 3.B
Timestep	Standard Nomenclature	Ring conformation
1			-		2d5(2.417739)		46t(4.239486)		t35(4.304767)		t15(8.530470)		4q5(9.336679)	
../../pdbs//1zu8.pdb 2.B
Timestep	Standard Nomenclature	Ring conformation
1			14B		q23(0.373523)		14d(3.718796)		q56(7.063536)	
../../pdbs//3iyw.pdb 2.E
Timestep	Standard Nomenclature	Ring conformation
1			4C1		4d1(1.691312)		2d5(4.129096)		6d3(5.443386)	
../../pdbs//3iyw.pdb 1.E
Timestep	Standard Nomenclature	Ring conformation
1			1C4		5d2(0.012648)		1d4(1.184147)		3d6(1.235663)	
../../pdbs//3iyw.pdb 2.F
Timestep	Standard Nomenclature	Ring conformation
1			4C1		4d1(1.636024)		2d5(4.177401)		6d3(5.450197)	
../../pdbs//3iyw.pdb 1.F
Timestep	Standard Nomenclature	Ring conformation
1			1C4		5d2(0.022716)		1d4(1.190036)		3d6(1.264577)	
../../pdbs//3iyw.pdb 2.D
Timestep	Standard Nomenclature	Ring conformation
1			4C1		4d1(1.660501)		2d5(4.159988)		6d3(5.434866)	
../../pdbs//3iyw.pdb 1.D
Timestep	Standard Nomenclature	Ring conformation
1			1C4		5d2(0.042130)		1d4(1.160764)		3d6(1.234891)	
