../../pdbs//5kzx.pdb 3.B
Timestep	Standard Nomenclature	Ring conformation
1			4C1		6d3(0.759418)		2d5(2.029598)		4d1(2.849614)	
../../pdbs//5kzx.pdb 1.B
Timestep	Standard Nomenclature	Ring conformation
1			4C1		4d1(1.429450)		6d3(3.879249)		2d5(5.253592)	
../../pdbs//5kzx.pdb 2.F
Timestep	Standard Nomenclature	Ring conformation
1			4C1		4d1(1.682561)		2d5(5.776771)		6d3(7.265759)	
../../pdbs//5kzx.pdb 1.F
Timestep	Standard Nomenclature	Ring conformation
1			4C1		2d5(0.329942)		4d1(2.687874)		6d3(2.910045)	
../../pdbs//1j86.pdb 3.G
Timestep	Standard Nomenclature	Ring conformation
1			4C1		6d3(2.106500)		4d1(2.878377)		2d5(4.679237)	
../../pdbs//1j86.pdb 1.G
Timestep	Standard Nomenclature	Ring conformation
1			4C1		2d5(0.325736)		4d1(1.068188)		6d3(1.195330)	
../../pdbs//4dwc.pdb 3.G
Timestep	Standard Nomenclature	Ring conformation
1			4C1		2d5(2.209746)		4d1(2.561688)		6d3(4.176468)	
../../pdbs//4dwc.pdb 1.G
Timestep	Standard Nomenclature	Ring conformation
1			4C1		2d5(4.207279)		4d1(5.935226)		6d3(9.833617)	
../../pdbs//6db6.pdb 5.A
Timestep	Standard Nomenclature	Ring conformation
1			4C1		6d3(1.714677)		4d1(3.076603)		2d5(4.652875)	
../../pdbs//6db6.pdb 1.A
Timestep	Standard Nomenclature	Ring conformation
1			4C1		6d3(0.330708)		4d1(3.741924)		2d5(4.370008)	
../../pdbs//5kzw.pdb 2.F
Timestep	Standard Nomenclature	Ring conformation
1			4C1		4d1(1.682561)		2d5(5.776771)		6d3(7.265759)	
../../pdbs//5kzw.pdb 1.F
Timestep	Standard Nomenclature	Ring conformation
1			4C1		2d5(0.329942)		4d1(2.687874)		6d3(2.910045)	
../../pdbs//5kzw.pdb 3.B
Timestep	Standard Nomenclature	Ring conformation
1			4C1		6d3(0.759418)		2d5(2.029598)		4d1(2.849614)	
../../pdbs//5kzw.pdb 1.B
Timestep	Standard Nomenclature	Ring conformation
1			4C1		4d1(1.429450)		6d3(3.879249)		2d5(5.253592)	
