../../pdbs//7jjn.pdb 2.D
Timestep	Standard Nomenclature	Ring conformation
1			4C1		4d1(0.850089)		6d3(2.382535)		2d5(3.322201)	
../../pdbs//7jjn.pdb 1.D
Timestep	Standard Nomenclature	Ring conformation
1			4C1		6d3(0.110373)		2d5(1.149421)		4d1(1.356251)	
../../pdbs//7jjn.pdb 2.E
Timestep	Standard Nomenclature	Ring conformation
1			4C1		4d1(2.105038)		6d3(3.575444)		2d5(5.752367)	
../../pdbs//7jjn.pdb 1.E
Timestep	Standard Nomenclature	Ring conformation
1			4C1		4d1(0.495879)		6d3(0.767798)		2d5(1.264946)	
../../pdbs//8orp.pdb 2.E
Timestep	Standard Nomenclature	Ring conformation
1			4C1		6d3(2.788898)		2d5(4.950182)		4d1(7.768852)	
../../pdbs//8orp.pdb 1.E
Timestep	Standard Nomenclature	Ring conformation
1			4C1		6d3(0.715364)		2d5(2.526902)		4d1(3.209507)	
../../pdbs//8orp.pdb 2.C
Timestep	Standard Nomenclature	Ring conformation
1			4C1		6d3(2.664032)		2d5(4.768774)		4d1(7.505790)	
../../pdbs//8orp.pdb 1.C
Timestep	Standard Nomenclature	Ring conformation
1			4C1		6d3(0.408771)		2d5(1.788083)		4d1(2.148064)	
../../pdbs//1veo.pdb 2.B
Timestep	Standard Nomenclature	Ring conformation
1			4C1		2d5(1.289032)		6d3(1.833641)		4d1(3.197312)	
../../pdbs//1veo.pdb 1.B
Timestep	Standard Nomenclature	Ring conformation
1			4C1		4d1(0.242562)		2d5(4.237894)		6d3(4.388157)	
../../pdbs//5d5b.pdb 2.B
Timestep	Standard Nomenclature	Ring conformation
1			-		2d5(3.825680)	
../../pdbs//5d5b.pdb 1.B
Timestep	Standard Nomenclature	Ring conformation
1			-		2d5(4.868034)		6d3(5.396754)	
../../pdbs//6kkr.pdb 2.J
Timestep	Standard Nomenclature	Ring conformation
1			-		1d4(2.005628)		t26(3.633563)		15t(5.612617)		13t(8.796678)	
../../pdbs//6kkr.pdb 1.J
Timestep	Standard Nomenclature	Ring conformation
1			4C1		2d5(0.765318)		4d1(4.906137)		6d3(5.455395)	
../../pdbs//6kkr.pdb 2.E
Timestep	Standard Nomenclature	Ring conformation
1			-		1d4(2.005628)		t26(3.633563)		15t(5.612617)		13t(8.796678)	
../../pdbs//6kkr.pdb 1.E
Timestep	Standard Nomenclature	Ring conformation
1			4C1		2d5(0.765318)		4d1(4.906137)		6d3(5.455395)	
../../pdbs//6kkr.pdb 2.I
Timestep	Standard Nomenclature	Ring conformation
1			-		13t(2.012516)		t24(5.831231)		5d2(6.508062)	
../../pdbs//6kkr.pdb 1.I
Timestep	Standard Nomenclature	Ring conformation
1			4C1		6d3(0.206802)		4d1(1.385004)		2d5(1.805645)	
../../pdbs//6kkr.pdb 2.F
Timestep	Standard Nomenclature	Ring conformation
1			-		13t(2.012516)		t24(5.831231)		5d2(6.508062)	
../../pdbs//6kkr.pdb 1.F
Timestep	Standard Nomenclature	Ring conformation
1			4C1		6d3(0.206802)		4d1(1.385004)		2d5(1.805645)	
../../pdbs//4bqf.pdb 2.D
Timestep	Standard Nomenclature	Ring conformation
1			4C1		2d5(2.907942)		6d3(3.442619)		4d1(6.179253)	
../../pdbs//4bqf.pdb 1.D
Timestep	Standard Nomenclature	Ring conformation
1			4C1		2d5(1.144058)		6d3(8.646501)		4d1(9.803542)	
../../pdbs//6gnf.pdb 2.D
Timestep	Standard Nomenclature	Ring conformation
1			4C1		4d1(0.953310)		2d5(1.685950)		6d3(2.578752)	
../../pdbs//6gnf.pdb 1.D
Timestep	Standard Nomenclature	Ring conformation
1			4C1		4d1(4.946953)		2d5(5.171607)		6d3(9.868269)	
../../pdbs//6gnf.pdb 2.E
Timestep	Standard Nomenclature	Ring conformation
1			4C1		2d5(0.357392)		6d3(1.915165)		4d1(2.264412)	
../../pdbs//6gnf.pdb 1.E
Timestep	Standard Nomenclature	Ring conformation
1			-		4d1(3.398807)		6d3(6.763477)	
../../pdbs//5d6l.pdb 2.B
Timestep	Standard Nomenclature	Ring conformation
1			-		2d5(3.835557)	
../../pdbs//5d6l.pdb 1.B
Timestep	Standard Nomenclature	Ring conformation
1			-		2d5(4.859263)		6d3(5.409131)	
../../pdbs//5csy.pdb 2.C
Timestep	Standard Nomenclature	Ring conformation
1			4C1		6d3(0.705799)		2d5(1.098204)		4d1(1.604257)	
../../pdbs//5csy.pdb 1.C
Timestep	Standard Nomenclature	Ring conformation
1			4C1		4d1(2.084718)		2d5(4.507889)		6d3(6.352264)	
../../pdbs//5csy.pdb 2.D
Timestep	Standard Nomenclature	Ring conformation
1			4C1		4d1(1.070850)		6d3(1.972826)		2d5(3.241328)	
../../pdbs//5csy.pdb 1.D
Timestep	Standard Nomenclature	Ring conformation
1			4C1		4d1(0.666886)		6d3(4.380048)		2d5(5.239231)	
../../pdbs//1kck.pdb 2.E
Timestep	Standard Nomenclature	Ring conformation
1			4C1		4d1(0.397217)		6d3(1.406662)		2d5(2.015594)	
../../pdbs//1kck.pdb 1.E
Timestep	Standard Nomenclature	Ring conformation
1			4C1		6d3(0.089589)		4d1(1.599134)		2d5(1.793064)	
../../pdbs//1pez.pdb 2.B
Timestep	Standard Nomenclature	Ring conformation
1			4C1		2d5(0.012586)		4d1(1.413966)		6d3(1.668855)	
../../pdbs//1pez.pdb 1.B
Timestep	Standard Nomenclature	Ring conformation
1			4C1		2d5(1.211335)		4d1(2.460228)		6d3(3.633027)	
../../pdbs//6xdj.pdb 2.E
Timestep	Standard Nomenclature	Ring conformation
1			4C1		4d1(0.994657)		2d5(4.816098)		6d3(5.726844)	
../../pdbs//6xdj.pdb 1.E
Timestep	Standard Nomenclature	Ring conformation
1			4C1		4d1(0.280681)		6d3(8.850668)		2d5(9.300355)	
../../pdbs//6xdj.pdb 2.G
Timestep	Standard Nomenclature	Ring conformation
1			4C1		2d5(2.504004)		4d1(3.167827)		6d3(5.581911)	
../../pdbs//6xdj.pdb 1.G
Timestep	Standard Nomenclature	Ring conformation
1			4C1		4d1(0.119116)		2d5(9.397745)		6d3(9.424655)	
../../pdbs//6xdj.pdb 2.H
Timestep	Standard Nomenclature	Ring conformation
1			4C1		2d5(2.533164)		4d1(3.149060)		6d3(5.489818)	
../../pdbs//6xdj.pdb 1.H
Timestep	Standard Nomenclature	Ring conformation
1			4C1		4d1(0.879941)		6d3(8.941453)		2d5(9.919728)	
../../pdbs//1pig.pdb 2.C
Timestep	Standard Nomenclature	Ring conformation
1			4C1		2d5(1.364467)		4d1(3.355935)		6d3(4.709429)	
../../pdbs//1pig.pdb 1.C
Timestep	Standard Nomenclature	Ring conformation
1			4C1		2d5(0.314477)		4d1(2.106553)		6d3(2.202606)	
../../pdbs//1eo5.pdb 2.B
Timestep	Standard Nomenclature	Ring conformation
1			4C1		6d3(0.777718)		4d1(2.536311)		2d5(3.421443)	
../../pdbs//1eo5.pdb 1.B
Timestep	Standard Nomenclature	Ring conformation
1			4C1		4d1(1.486864)		2d5(5.843066)		6d3(7.221523)	
../../pdbs//7lsu.pdb 2.C
Timestep	Standard Nomenclature	Ring conformation
1			4C1		6d3(0.483086)		4d1(0.802315)		2d5(1.291549)	
../../pdbs//7lsu.pdb 1.C
Timestep	Standard Nomenclature	Ring conformation
1			4C1		6d3(1.204034)		2d5(2.156854)		4d1(3.405838)	
../../pdbs//1j0z.pdb 2.E
Timestep	Standard Nomenclature	Ring conformation
1			4C1		2d5(0.046971)		6d3(3.140268)		4d1(3.242352)	
../../pdbs//1j0z.pdb 1.E
Timestep	Standard Nomenclature	Ring conformation
1			4C1		2d5(0.209131)		4d1(0.795940)		6d3(0.829510)	
../../pdbs//1j0z.pdb 2.F
Timestep	Standard Nomenclature	Ring conformation
1			4C1		4d1(1.424525)		6d3(1.844175)		2d5(3.250340)	
../../pdbs//1j0z.pdb 1.F
Timestep	Standard Nomenclature	Ring conformation
1			4C1		2d5(0.517237)		4d1(1.191745)		6d3(1.518134)	
../../pdbs//1j0z.pdb 2.G
Timestep	Standard Nomenclature	Ring conformation
1			4C1		2d5(0.836470)		4d1(1.016798)		6d3(1.646470)	
../../pdbs//1j0z.pdb 1.G
Timestep	Standard Nomenclature	Ring conformation
1			4C1		4d1(0.931943)		6d3(4.071402)		2d5(5.176753)	
../../pdbs//1j0z.pdb 2.J
Timestep	Standard Nomenclature	Ring conformation
1			4C1		4d1(0.279761)		2d5(0.450020)		6d3(0.619292)	
../../pdbs//1j0z.pdb 1.J
Timestep	Standard Nomenclature	Ring conformation
1			4C1		2d5(0.930461)		4d1(1.752049)		6d3(2.538263)	
../../pdbs//1j0z.pdb 2.H
Timestep	Standard Nomenclature	Ring conformation
1			4C1		2d5(0.069288)		6d3(1.261692)		4d1(1.540159)	
../../pdbs//1j0z.pdb 1.H
Timestep	Standard Nomenclature	Ring conformation
1			4C1		6d3(1.567830)		2d5(2.317783)		4d1(3.744477)	
../../pdbs//1j0z.pdb 2.L
Timestep	Standard Nomenclature	Ring conformation
1			4C1		4d1(0.287926)		6d3(2.981472)		2d5(3.234787)	
../../pdbs//1j0z.pdb 1.L
Timestep	Standard Nomenclature	Ring conformation
1			4C1		4d1(0.684215)		2d5(1.445397)		6d3(1.911149)	
../../pdbs//2d0f.pdb 2.C
Timestep	Standard Nomenclature	Ring conformation
1			4C1		6d3(0.020917)		4d1(0.733146)		2d5(0.940711)	
../../pdbs//2d0f.pdb 1.C
Timestep	Standard Nomenclature	Ring conformation
1			4C1		6d3(0.857543)		4d1(1.854297)		2d5(2.842682)	
../../pdbs//2d0f.pdb 2.B
Timestep	Standard Nomenclature	Ring conformation
1			4C1		4d1(1.577440)		6d3(1.862593)		2d5(3.650530)	
../../pdbs//2d0f.pdb 1.B
Timestep	Standard Nomenclature	Ring conformation
1			4C1		6d3(2.677589)		4d1(7.080939)		2d5(9.867539)	
../../pdbs//2av6.pdb 2.D
Timestep	Standard Nomenclature	Ring conformation
1			4C1		6d3(0.465022)		2d5(2.363377)		4d1(2.715637)	
../../pdbs//2av6.pdb 1.D
Timestep	Standard Nomenclature	Ring conformation
1			4C1		4d1(2.025206)		6d3(5.373389)		2d5(6.969669)	
../../pdbs//2av6.pdb 2.C
Timestep	Standard Nomenclature	Ring conformation
1			4C1		6d3(0.967293)		2d5(2.189866)		4d1(3.175981)	
../../pdbs//2av6.pdb 1.C
Timestep	Standard Nomenclature	Ring conformation
1			4C1		4d1(2.367947)		2d5(3.359434)		6d3(5.702845)	
../../pdbs//6kkt.pdb 2.I
Timestep	Standard Nomenclature	Ring conformation
1			-		13t(2.012516)		t24(5.831231)		5d2(6.508062)	
../../pdbs//6kkt.pdb 1.I
Timestep	Standard Nomenclature	Ring conformation
1			4C1		6d3(0.206802)		4d1(1.385004)		2d5(1.805645)	
../../pdbs//6kkt.pdb 2.F
Timestep	Standard Nomenclature	Ring conformation
1			-		13t(2.012516)		t24(5.831231)		5d2(6.508062)	
../../pdbs//6kkt.pdb 1.F
Timestep	Standard Nomenclature	Ring conformation
1			4C1		6d3(0.206802)		4d1(1.385004)		2d5(1.805645)	
../../pdbs//6kkt.pdb 2.E
Timestep	Standard Nomenclature	Ring conformation
1			-		1d4(2.005628)		t26(3.633563)		15t(5.612617)		13t(8.796678)	
../../pdbs//6kkt.pdb 1.E
Timestep	Standard Nomenclature	Ring conformation
1			4C1		2d5(0.765318)		4d1(4.906137)		6d3(5.455395)	
../../pdbs//6kkt.pdb 2.J
Timestep	Standard Nomenclature	Ring conformation
1			-		1d4(2.005628)		t26(3.633563)		15t(5.612617)		13t(8.796678)	
../../pdbs//6kkt.pdb 1.J
Timestep	Standard Nomenclature	Ring conformation
1			4C1		2d5(0.765318)		4d1(4.906137)		6d3(5.455395)	
../../pdbs//3bcd.pdb 2.B
Timestep	Standard Nomenclature	Ring conformation
1			4C1		4d1(1.028539)		6d3(7.489721)		2d5(8.567122)	
../../pdbs//3bcd.pdb 1.B
Timestep	Standard Nomenclature	Ring conformation
1			4C1		4d1(4.250840)		2d5(4.453044)		6d3(8.544565)	
../../pdbs//2qpu.pdb 2.D
Timestep	Standard Nomenclature	Ring conformation
1			4C1		6d3(0.545414)		4d1(1.720295)		2d5(2.458445)	
../../pdbs//2qpu.pdb 1.D
Timestep	Standard Nomenclature	Ring conformation
1			4C1		6d3(0.668415)		2d5(0.810925)		4d1(1.553091)	
../../pdbs//2hyr.pdb 2.F
Timestep	Standard Nomenclature	Ring conformation
1			4C1		6d3(0.115397)		4d1(2.623739)		2d5(2.745659)	
../../pdbs//2hyr.pdb 1.F
Timestep	Standard Nomenclature	Ring conformation
1			4C1		6d3(0.307214)		4d1(4.835263)		2d5(5.151836)	
../../pdbs//2hyr.pdb 2.H
Timestep	Standard Nomenclature	Ring conformation
1			4C1		6d3(0.562086)		4d1(4.582105)		2d5(5.140746)	
../../pdbs//2hyr.pdb 1.H
Timestep	Standard Nomenclature	Ring conformation
1			4C1		6d3(0.859522)		4d1(6.171224)		2d5(7.037572)	
../../pdbs//2hyr.pdb 2.C
Timestep	Standard Nomenclature	Ring conformation
1			4C1		6d3(1.801224)		4d1(2.227035)		2d5(4.052734)	
../../pdbs//2hyr.pdb 1.C
Timestep	Standard Nomenclature	Ring conformation
1			4C1		6d3(0.663804)		4d1(5.210350)		2d5(5.911481)	
../../pdbs//2hyr.pdb 2.E
Timestep	Standard Nomenclature	Ring conformation
1			4C1		6d3(1.012975)		4d1(3.519578)		2d5(4.575631)	
../../pdbs//2hyr.pdb 1.E
Timestep	Standard Nomenclature	Ring conformation
1			4C1		6d3(0.395011)		4d1(5.182483)		2d5(5.574063)	
../../pdbs//2hyr.pdb 2.G
Timestep	Standard Nomenclature	Ring conformation
1			4C1		6d3(0.687417)		4d1(4.599424)		2d5(5.320400)	
../../pdbs//2hyr.pdb 1.G
Timestep	Standard Nomenclature	Ring conformation
1			4C1		6d3(1.445510)		4d1(5.135217)		2d5(6.600452)	
../../pdbs//5a05.pdb 2.G
Timestep	Standard Nomenclature	Ring conformation
1			4C1		6d3(0.969273)		4d1(2.393185)		2d5(3.416487)	
../../pdbs//5a05.pdb 1.G
Timestep	Standard Nomenclature	Ring conformation
1			4C1		6d3(2.453301)		2d5(2.965042)		4d1(6.674585)	
../../pdbs//5a05.pdb 2.H
Timestep	Standard Nomenclature	Ring conformation
1			4C1		4d1(0.075305)		2d5(0.566785)		6d3(0.683997)	
../../pdbs//5a05.pdb 1.H
Timestep	Standard Nomenclature	Ring conformation
1			4C1		6d3(1.453219)		2d5(3.362270)		4d1(6.067948)	
../../pdbs//5a05.pdb 2.J
Timestep	Standard Nomenclature	Ring conformation
1			4C1		6d3(0.344987)		2d5(1.234522)		4d1(1.801555)	
../../pdbs//5a05.pdb 1.J
Timestep	Standard Nomenclature	Ring conformation
1			4C1		6d3(1.793123)		2d5(5.347925)		4d1(8.250993)	
../../pdbs//5a05.pdb 2.I
Timestep	Standard Nomenclature	Ring conformation
1			4C1		6d3(0.667350)		4d1(0.746601)		2d5(1.482156)	
../../pdbs//5a05.pdb 1.I
Timestep	Standard Nomenclature	Ring conformation
1			4C1		6d3(2.113968)		2d5(3.247827)		4d1(6.619076)	
../../pdbs//3olg.pdb 2.E
Timestep	Standard Nomenclature	Ring conformation
1			-		4d1(2.884951)		6d3(8.800326)	
../../pdbs//3olg.pdb 1.E
Timestep	Standard Nomenclature	Ring conformation
1			4H3		4q3(1.223693)		t35(9.043816)		q23(9.937037)	
../../pdbs//3olg.pdb 2.D
Timestep	Standard Nomenclature	Ring conformation
1			4C1		2d5(0.013745)		6d3(0.853160)		4d1(1.035745)	
../../pdbs//3olg.pdb 1.D
Timestep	Standard Nomenclature	Ring conformation
1			-		2d5(7.810948)		4d1(7.819014)	
../../pdbs//3olg.pdb 2.C
Timestep	Standard Nomenclature	Ring conformation
1			4C1		2d5(0.837358)		4d1(6.767012)		6d3(7.511964)	
../../pdbs//3olg.pdb 1.C
Timestep	Standard Nomenclature	Ring conformation
1			-		4d1(3.753988)		26t(7.520705)	
../../pdbs//3cx4.pdb 2.E
Timestep	Standard Nomenclature	Ring conformation
1			4C1		6d3(0.735635)		4d1(1.288903)		2d5(1.972369)	
../../pdbs//3cx4.pdb 1.E
Timestep	Standard Nomenclature	Ring conformation
1			-		26t(0.690008)		t13(3.677906)		4d1(8.460156)	
../../pdbs//8ag0.pdb 2.D
Timestep	Standard Nomenclature	Ring conformation
1			4C1		6d3(4.573603)		4d1(5.343891)		2d5(9.838978)	
../../pdbs//8ag0.pdb 1.D
Timestep	Standard Nomenclature	Ring conformation
1			-		4d1(7.235363)		2d5(8.478362)	
../../pdbs//1vep.pdb 2.B
Timestep	Standard Nomenclature	Ring conformation
1			4C1		4d1(0.958439)		2d5(1.092180)		6d3(1.931892)	
../../pdbs//1vep.pdb 1.B
Timestep	Standard Nomenclature	Ring conformation
1			4C1		4d1(2.361679)		6d3(5.180552)		2d5(7.594375)	
../../pdbs//2ya1.pdb 2.B
Timestep	Standard Nomenclature	Ring conformation
1			4C1		6d3(1.480574)		2d5(2.085827)		4d1(3.343278)	
../../pdbs//2ya1.pdb 1.B
Timestep	Standard Nomenclature	Ring conformation
1			-		4d1(5.223066)		6d3(5.817612)	
../../pdbs//1q6g.pdb 2.C
Timestep	Standard Nomenclature	Ring conformation
1			4C1		2d5(1.230930)		4d1(1.568816)		6d3(2.950926)	
../../pdbs//1q6g.pdb 1.C
Timestep	Standard Nomenclature	Ring conformation
1			4C1		6d3(0.261910)		4d1(2.549319)		2d5(2.938535)	
../../pdbs//6sao.pdb 2.B
Timestep	Standard Nomenclature	Ring conformation
1			4C1		4d1(0.509607)		6d3(2.362302)		2d5(2.818082)	
../../pdbs//6sao.pdb 1.B
Timestep	Standard Nomenclature	Ring conformation
1			4C1		6d3(0.810198)		2d5(2.081033)		4d1(3.158631)	
../../pdbs//4cn6.pdb 2.D
Timestep	Standard Nomenclature	Ring conformation
1			4C1		4d1(1.298555)		2d5(2.998034)		6d3(3.669994)	
../../pdbs//4cn6.pdb 1.D
Timestep	Standard Nomenclature	Ring conformation
1			-		4d1(6.292643)		2d5(6.561765)	
../../pdbs//4cn6.pdb 2.C
Timestep	Standard Nomenclature	Ring conformation
1			4C1		2d5(1.063564)		4d1(1.888398)		6d3(3.112265)	
../../pdbs//4cn6.pdb 1.C
Timestep	Standard Nomenclature	Ring conformation
1			4C1		4d1(2.765304)		2d5(5.397545)		6d3(8.199091)	
../../pdbs//1b1y.pdb 2.B
Timestep	Standard Nomenclature	Ring conformation
1			4C1		4d1(0.161061)		2d5(0.949599)		6d3(1.246243)	
../../pdbs//1b1y.pdb 1.B
Timestep	Standard Nomenclature	Ring conformation
1			4C1		2d5(0.035188)		6d3(3.824074)		4d1(4.060033)	
../../pdbs//4xpa.pdb 2.B
Timestep	Standard Nomenclature	Ring conformation
1			BO3		12q(4.193018)		d36(8.008286)		45q(9.612447)	
../../pdbs//4xpa.pdb 1.B
Timestep	Standard Nomenclature	Ring conformation
1			4C1		4d1(3.420904)		6d3(3.528180)		2d5(7.050690)	
../../pdbs//7lsr.pdb 2.B
Timestep	Standard Nomenclature	Ring conformation
1			4C1		2d5(0.108390)		6d3(1.640336)		4d1(1.758484)	
../../pdbs//7lsr.pdb 1.B
Timestep	Standard Nomenclature	Ring conformation
1			4C1		6d3(1.592959)		2d5(2.309680)		4d1(3.922703)	
../../pdbs//5x7q.pdb 2.F
Timestep	Standard Nomenclature	Ring conformation
1			4C1		6d3(0.262633)		4d1(0.650321)		2d5(1.020333)	
../../pdbs//5x7q.pdb 1.F
Timestep	Standard Nomenclature	Ring conformation
1			-		4d1(3.133667)	
../../pdbs//5x7q.pdb 2.J
Timestep	Standard Nomenclature	Ring conformation
1			4C1		4d1(0.227168)		2d5(1.558727)		6d3(1.807622)	
../../pdbs//5x7q.pdb 1.J
Timestep	Standard Nomenclature	Ring conformation
1			4C1		4d1(0.511208)		6d3(9.304017)		2d5(9.805258)	
../../pdbs//4xnx.pdb 2.B
Timestep	Standard Nomenclature	Ring conformation
1			-		6d3(4.600316)		4d1(4.933186)		t35(9.613997)		24t(9.742998)		2d5(9.929106)	
../../pdbs//4xnx.pdb 1.B
Timestep	Standard Nomenclature	Ring conformation
1			4C1		4d1(1.056076)		6d3(6.054119)		2d5(7.589332)	
../../pdbs//1j18.pdb 2.D
Timestep	Standard Nomenclature	Ring conformation
1			4C1		6d3(0.091884)		4d1(0.147335)		2d5(0.461264)	
../../pdbs//1j18.pdb 1.D
Timestep	Standard Nomenclature	Ring conformation
1			4C1		6d3(0.361521)		2d5(1.637323)		4d1(1.912222)	
../../pdbs//1j18.pdb 2.C
Timestep	Standard Nomenclature	Ring conformation
1			4C1		2d5(0.028386)		4d1(0.374794)		6d3(0.491399)	
../../pdbs//1j18.pdb 1.C
Timestep	Standard Nomenclature	Ring conformation
1			4C1		4d1(0.432529)		6d3(2.597814)		2d5(3.242252)	
../../pdbs//2xff.pdb 2.B
Timestep	Standard Nomenclature	Ring conformation
1			4C1		4d1(1.399689)		2d5(3.586368)		6d3(4.934816)	
../../pdbs//2xff.pdb 1.B
Timestep	Standard Nomenclature	Ring conformation
1			4C1		6d3(0.855848)		4d1(1.613479)		2d5(2.443514)	
../../pdbs//1mfv.pdb 2.D
Timestep	Standard Nomenclature	Ring conformation
1			4C1		4d1(2.629396)		6d3(2.718598)		2d5(5.417475)	
../../pdbs//1mfv.pdb 1.D
Timestep	Standard Nomenclature	Ring conformation
1			4C1		6d3(0.250534)		4d1(4.360539)		2d5(4.961126)	
../../pdbs//1byc.pdb 2.B
Timestep	Standard Nomenclature	Ring conformation
1			4C1		6d3(2.325565)		4d1(4.392940)		2d5(6.803622)	
../../pdbs//1byc.pdb 1.B
Timestep	Standard Nomenclature	Ring conformation
1			-		4d1(3.926232)		26t(8.253570)	
../../pdbs//1qho.pdb 2.D
Timestep	Standard Nomenclature	Ring conformation
1			4C1		2d5(2.259973)		6d3(3.914041)		4d1(5.852397)	
../../pdbs//1qho.pdb 1.D
Timestep	Standard Nomenclature	Ring conformation
1			4C1		4d1(1.789171)		6d3(3.533287)		2d5(5.605769)	
../../pdbs//5d5a.pdb 2.B
Timestep	Standard Nomenclature	Ring conformation
1			-		2d5(3.825680)	
../../pdbs//5d5a.pdb 1.B
Timestep	Standard Nomenclature	Ring conformation
1			-		2d5(4.868034)		6d3(5.396754)	
../../pdbs//1wo2.pdb 2.C
Timestep	Standard Nomenclature	Ring conformation
1			4C1		6d3(0.172085)		4d1(0.906668)		2d5(1.348550)	
../../pdbs//1wo2.pdb 1.C
Timestep	Standard Nomenclature	Ring conformation
1			4C1		6d3(0.515784)		2d5(3.661916)		4d1(4.110003)	
../../pdbs//1wo2.pdb 2.D
Timestep	Standard Nomenclature	Ring conformation
1			4C1		2d5(1.757687)		6d3(2.644864)		4d1(4.531588)	
../../pdbs//1wo2.pdb 1.D
Timestep	Standard Nomenclature	Ring conformation
1			4C1		6d3(0.307141)		2d5(2.722853)		4d1(2.968392)	
../../pdbs//1wo2.pdb 2.B
Timestep	Standard Nomenclature	Ring conformation
1			4C1		2d5(2.558252)		4d1(3.633897)		6d3(6.432836)	
../../pdbs//1wo2.pdb 1.B
Timestep	Standard Nomenclature	Ring conformation
1			-		4d1(5.827804)		2d5(6.994130)	
../../pdbs//4qrz.pdb 2.B
Timestep	Standard Nomenclature	Ring conformation
1			4C1		2d5(0.954653)		4d1(4.272347)		6d3(5.373048)	
../../pdbs//4qrz.pdb 1.B
Timestep	Standard Nomenclature	Ring conformation
1			-		4d1(2.223033)	
../../pdbs//7mq6.pdb 2.F
Timestep	Standard Nomenclature	Ring conformation
1			4C1		4d1(0.129152)		6d3(2.315584)		2d5(2.464263)	
../../pdbs//7mq6.pdb 1.F
Timestep	Standard Nomenclature	Ring conformation
1			-		4d1(0.291857)	
../../pdbs//3ole.pdb 2.E
Timestep	Standard Nomenclature	Ring conformation
1			4C1		6d3(0.159250)		2d5(2.717753)		4d1(3.039325)	
../../pdbs//3ole.pdb 1.E
Timestep	Standard Nomenclature	Ring conformation
1			4C1		4d1(2.720047)		6d3(7.270231)		2d5(9.859635)	
../../pdbs//2asv.pdb 2.C
Timestep	Standard Nomenclature	Ring conformation
1			4C1		6d3(1.706549)		4d1(5.088924)		2d5(7.045139)	
../../pdbs//2asv.pdb 1.C
Timestep	Standard Nomenclature	Ring conformation
1			4C1		2d5(1.455698)		6d3(8.108929)		4d1(9.572388)	
../../pdbs//2asv.pdb 2.D
Timestep	Standard Nomenclature	Ring conformation
1			4C1		6d3(0.245542)		4d1(1.681623)		2d5(2.022732)	
../../pdbs//2asv.pdb 1.D
Timestep	Standard Nomenclature	Ring conformation
1			-		6d3(3.361289)		4d1(7.477021)	
../../pdbs//6lge.pdb 2.D
Timestep	Standard Nomenclature	Ring conformation
1			4C1		2d5(1.267806)		4d1(4.774775)		6d3(5.441548)	
../../pdbs//6lge.pdb 1.D
Timestep	Standard Nomenclature	Ring conformation
1			4C1		4d1(0.428955)		2d5(2.398169)		6d3(2.574773)	
../../pdbs//6lge.pdb 2.C
Timestep	Standard Nomenclature	Ring conformation
1			4C1		4d1(2.367000)		6d3(2.824522)		2d5(5.065642)	
../../pdbs//6lge.pdb 1.C
Timestep	Standard Nomenclature	Ring conformation
1			4C1		4d1(0.505528)		6d3(5.747196)		2d5(6.604430)	
../../pdbs//1dtu.pdb 2.E
Timestep	Standard Nomenclature	Ring conformation
1			2SO		2t6(8.067186)		5t3(8.170919)	
../../pdbs//1dtu.pdb 1.E
Timestep	Standard Nomenclature	Ring conformation
1			4C1		2d5(0.001658)		4d1(0.944206)		6d3(0.995428)	
../../pdbs//3fax.pdb 2.B
Timestep	Standard Nomenclature	Ring conformation
1			4C1		2d5(0.210323)		4d1(2.359457)		6d3(2.505759)	
../../pdbs//3fax.pdb 1.B
Timestep	Standard Nomenclature	Ring conformation
1			4C1		4d1(3.180715)		2d5(4.037935)		6d3(7.073866)	
../../pdbs//7p39.pdb 2.G
Timestep	Standard Nomenclature	Ring conformation
1			4C1		6d3(0.502016)		2d5(1.751267)		4d1(2.273557)	
../../pdbs//7p39.pdb 1.G
Timestep	Standard Nomenclature	Ring conformation
1			4C1		2d5(1.820646)		6d3(5.488326)		4d1(7.388110)	
../../pdbs//7p39.pdb 2.D
Timestep	Standard Nomenclature	Ring conformation
1			4C1		4d1(0.157964)		6d3(0.483428)		2d5(0.648510)	
../../pdbs//7p39.pdb 1.D
Timestep	Standard Nomenclature	Ring conformation
1			4C1		6d3(3.631762)		2d5(5.437681)		4d1(9.113602)	
../../pdbs//6a0k.pdb 2.D
Timestep	Standard Nomenclature	Ring conformation
1			4C1		4d1(1.003785)		2d5(4.938069)		6d3(5.589542)	
../../pdbs//6a0k.pdb 1.D
Timestep	Standard Nomenclature	Ring conformation
1			4C1		6d3(0.512539)		4d1(3.311828)		2d5(4.319371)	
../../pdbs//6a0k.pdb 2.F
Timestep	Standard Nomenclature	Ring conformation
1			4C1		4d1(2.139600)		6d3(6.914994)		2d5(8.820770)	
../../pdbs//6a0k.pdb 1.F
Timestep	Standard Nomenclature	Ring conformation
1			4C1		6d3(0.184256)		2d5(5.415279)		4d1(6.284913)	
../../pdbs//2gvy.pdb 2.C
Timestep	Standard Nomenclature	Ring conformation
1			4C1		4d1(0.309527)		6d3(1.274324)		2d5(1.989507)	
../../pdbs//2gvy.pdb 1.C
Timestep	Standard Nomenclature	Ring conformation
1			4C1		6d3(3.136366)		4d1(3.185090)		2d5(6.605641)	
../../pdbs//2gvy.pdb 2.E
Timestep	Standard Nomenclature	Ring conformation
1			-		4d1(3.522393)		6d3(9.433238)	
../../pdbs//2gvy.pdb 1.E
Timestep	Standard Nomenclature	Ring conformation
1			-		q45(1.116187)		6q5(4.833343)		3t5(5.002180)		t15(7.083642)		d25(7.178615)	
../../pdbs//2gvy.pdb 2.H
Timestep	Standard Nomenclature	Ring conformation
1			-		4d1(0.732340)		6d3(9.181693)	
../../pdbs//2gvy.pdb 1.H
Timestep	Standard Nomenclature	Ring conformation
1			4C1		2d5(1.051430)		4d1(8.467885)		6d3(9.340207)	
../../pdbs//1e4o.pdb 2.D
Timestep	Standard Nomenclature	Ring conformation
1			4C1		6d3(0.095403)		4d1(0.646116)		2d5(0.737199)	
../../pdbs//1e4o.pdb 1.D
Timestep	Standard Nomenclature	Ring conformation
1			4C1		2d5(0.300265)		4d1(0.635716)		6d3(0.820712)	
../../pdbs//1e4o.pdb 2.C
Timestep	Standard Nomenclature	Ring conformation
1			4C1		6d3(0.091425)		4d1(0.634871)		2d5(0.740894)	
../../pdbs//1e4o.pdb 1.C
Timestep	Standard Nomenclature	Ring conformation
1			4C1		2d5(0.274490)		4d1(0.646697)		6d3(0.804088)	
../../pdbs//3old.pdb 2.E
Timestep	Standard Nomenclature	Ring conformation
1			4C1		6d3(1.611349)		4d1(4.298122)		2d5(5.950945)	
../../pdbs//3old.pdb 1.E
Timestep	Standard Nomenclature	Ring conformation
1			-		4d1(7.030663)		2d5(8.935007)		26t(9.813055)	
../../pdbs//5cq1.pdb 2.D
Timestep	Standard Nomenclature	Ring conformation
1			4C1		2d5(0.800033)		4d1(2.162354)		6d3(2.992020)	
../../pdbs//5cq1.pdb 1.D
Timestep	Standard Nomenclature	Ring conformation
1			4C1		6d3(3.844920)		2d5(4.463169)		4d1(8.512827)	
../../pdbs//5cq1.pdb 2.C
Timestep	Standard Nomenclature	Ring conformation
1			4C1		6d3(1.657262)		4d1(1.814560)		2d5(3.680241)	
../../pdbs//5cq1.pdb 1.C
Timestep	Standard Nomenclature	Ring conformation
1			4C1		2d5(0.691470)		4d1(2.561824)		6d3(3.336776)	
../../pdbs//1bag.pdb 2.B
Timestep	Standard Nomenclature	Ring conformation
1			4C1		4d1(0.679510)		2d5(1.964220)		6d3(2.762101)	
../../pdbs//1bag.pdb 1.B
Timestep	Standard Nomenclature	Ring conformation
1			4C1		6d3(0.049755)		2d5(2.267298)		4d1(2.404677)	
../../pdbs//3bc9.pdb 2.D
Timestep	Standard Nomenclature	Ring conformation
1			4C1		4d1(0.378653)		6d3(7.092703)		2d5(8.321017)	
../../pdbs//3bc9.pdb 1.D
Timestep	Standard Nomenclature	Ring conformation
1			4C1		2d5(0.883903)		6d3(4.452116)		4d1(4.893438)	
../../pdbs//3k8l.pdb 2.C
Timestep	Standard Nomenclature	Ring conformation
1			4C1		6d3(0.146495)		4d1(0.325253)		2d5(0.458548)	
../../pdbs//3k8l.pdb 1.C
Timestep	Standard Nomenclature	Ring conformation
1			4C1		6d3(0.303357)		4d1(0.344440)		2d5(0.653999)	
../../pdbs//6kku.pdb 2.E
Timestep	Standard Nomenclature	Ring conformation
1			-		1d4(2.005628)		t26(3.633563)		15t(5.612617)		13t(8.796678)	
../../pdbs//6kku.pdb 1.E
Timestep	Standard Nomenclature	Ring conformation
1			4C1		2d5(0.765318)		4d1(4.906137)		6d3(5.455395)	
../../pdbs//6kku.pdb 2.F
Timestep	Standard Nomenclature	Ring conformation
1			-		13t(2.012516)		t24(5.831231)		5d2(6.508062)	
../../pdbs//6kku.pdb 1.F
Timestep	Standard Nomenclature	Ring conformation
1			4C1		6d3(0.206802)		4d1(1.385004)		2d5(1.805645)	
../../pdbs//6kku.pdb 2.J
Timestep	Standard Nomenclature	Ring conformation
1			-		1d4(2.005628)		t26(3.633563)		15t(5.612617)		13t(8.796678)	
../../pdbs//6kku.pdb 1.J
Timestep	Standard Nomenclature	Ring conformation
1			4C1		2d5(0.765318)		4d1(4.906137)		6d3(5.455395)	
../../pdbs//6kku.pdb 2.I
Timestep	Standard Nomenclature	Ring conformation
1			-		13t(2.012516)		t24(5.831231)		5d2(6.508062)	
../../pdbs//6kku.pdb 1.I
Timestep	Standard Nomenclature	Ring conformation
1			4C1		6d3(0.206802)		4d1(1.385004)		2d5(1.805645)	
../../pdbs//4xpb.pdb 2.B
Timestep	Standard Nomenclature	Ring conformation
1			1C4		1d4(3.392311)		3d6(5.390131)		5d2(8.820834)	
../../pdbs//4xpb.pdb 1.B
Timestep	Standard Nomenclature	Ring conformation
1			1C4		5d2(0.293830)		1d4(4.496795)		3d6(4.680069)	
../../pdbs//1wds.pdb 2.B
Timestep	Standard Nomenclature	Ring conformation
1			4C1		2d5(0.077535)		6d3(2.092503)		4d1(2.220240)	
../../pdbs//1wds.pdb 1.B
Timestep	Standard Nomenclature	Ring conformation
1			4C1		6d3(0.656348)		4d1(1.065988)		2d5(1.797861)	
../../pdbs//7bvh.pdb 2.H
Timestep	Standard Nomenclature	Ring conformation
1			-		45q(0.604724)		q23(6.131736)		1t3(9.465676)	
../../pdbs//7bvh.pdb 1.H
Timestep	Standard Nomenclature	Ring conformation
1			O3B		q12(0.247605)		36d(3.961688)		q45(6.466350)	
../../pdbs//7bvh.pdb 2.F
Timestep	Standard Nomenclature	Ring conformation
1			-		q56(3.826742)	
../../pdbs//7bvh.pdb 1.F
Timestep	Standard Nomenclature	Ring conformation
1			-		2d5(2.868749)		t13(6.544777)		4d1(8.513768)	
../../pdbs//7bvh.pdb 2.G
Timestep	Standard Nomenclature	Ring conformation
1			-		2d5(4.457741)		46t(5.706716)		t35(9.847210)	
../../pdbs//7bvh.pdb 1.G
Timestep	Standard Nomenclature	Ring conformation
1			-		q34(3.440037)		5t3(5.610961)		12q(9.583766)	
../../pdbs//7bvh.pdb 2.K
Timestep	Standard Nomenclature	Ring conformation
1			-		4t6(1.567967)		45q(7.543893)	
../../pdbs//7bvh.pdb 1.K
Timestep	Standard Nomenclature	Ring conformation
1			-		6d3(6.890775)		2d5(8.518898)	
../../pdbs//7bvh.pdb 2.L
Timestep	Standard Nomenclature	Ring conformation
1			4C1		2d5(0.206333)		6d3(0.234596)		4d1(0.281771)	
../../pdbs//7bvh.pdb 1.L
Timestep	Standard Nomenclature	Ring conformation
1			4C1		6d3(0.031485)		4d1(0.085178)		2d5(0.259288)	
../../pdbs//4xpt.pdb 2.C
Timestep	Standard Nomenclature	Ring conformation
1			2SO		2t6(1.186374)		5t3(8.929669)	
../../pdbs//4xpt.pdb 1.C
Timestep	Standard Nomenclature	Ring conformation
1			OS2		-		3t5(2.584407)		6t2(8.851933)	
../../pdbs//4xpt.pdb 2.D
Timestep	Standard Nomenclature	Ring conformation
1			1C4		1d4(2.514042)		5d2(5.985072)		3d6(8.336839)	
../../pdbs//4xpt.pdb 1.D
Timestep	Standard Nomenclature	Ring conformation
1			1C4		3d6(1.015552)		5d2(5.129648)		1d4(6.198641)	
../../pdbs//4xpt.pdb 2.F
Timestep	Standard Nomenclature	Ring conformation
1			-		45q(8.408751)	
../../pdbs//4xpt.pdb 1.F
Timestep	Standard Nomenclature	Ring conformation
1			1C4		3d6(1.171097)		5d2(4.213222)		1d4(5.397610)	
../../pdbs//4xpt.pdb 2.E
Timestep	Standard Nomenclature	Ring conformation
1			1C4		1d4(2.035636)		3d6(7.744824)		5d2(9.935748)	
../../pdbs//4xpt.pdb 1.E
Timestep	Standard Nomenclature	Ring conformation
1			1C4		1d4(1.758783)		3d6(2.867385)		5d2(4.693190)	
../../pdbs//4xpt.pdb 2.B
Timestep	Standard Nomenclature	Ring conformation
1			2SO		5t3(2.177689)		2t6(7.143088)	
../../pdbs//4xpt.pdb 1.B
Timestep	Standard Nomenclature	Ring conformation
1			-		6t2(7.699278)	
../../pdbs//1ot1.pdb 2.B
Timestep	Standard Nomenclature	Ring conformation
1			4C1		4d1(1.947922)		6d3(3.412417)		2d5(5.646359)	
../../pdbs//1ot1.pdb 1.B
Timestep	Standard Nomenclature	Ring conformation
1			4C1		2d5(2.040769)		4d1(3.913767)		6d3(5.791867)	
../../pdbs//1ot1.pdb 2.D
Timestep	Standard Nomenclature	Ring conformation
1			4C1		4d1(0.803342)		2d5(3.789721)		6d3(4.342420)	
../../pdbs//1ot1.pdb 1.D
Timestep	Standard Nomenclature	Ring conformation
1			4C1		4d1(1.518801)		6d3(3.045085)		2d5(4.710121)	
../../pdbs//1ot1.pdb 2.C
Timestep	Standard Nomenclature	Ring conformation
1			4C1		4d1(0.425672)		6d3(0.553056)		2d5(1.164947)	
../../pdbs//1ot1.pdb 1.C
Timestep	Standard Nomenclature	Ring conformation
1			4C1		6d3(0.128848)		2d5(4.152252)		4d1(4.185172)	
../../pdbs//1q6e.pdb 2.C
Timestep	Standard Nomenclature	Ring conformation
1			4C1		2d5(0.714584)		6d3(0.896092)		4d1(1.390928)	
../../pdbs//1q6e.pdb 1.C
Timestep	Standard Nomenclature	Ring conformation
1			4C1		6d3(0.407564)		2d5(1.891853)		4d1(2.224298)	
../../pdbs//1ot2.pdb 2.B
Timestep	Standard Nomenclature	Ring conformation
1			4C1		6d3(2.290063)		4d1(2.536633)		2d5(5.117015)	
../../pdbs//1ot2.pdb 1.B
Timestep	Standard Nomenclature	Ring conformation
1			4C1		2d5(0.725268)		4d1(4.972309)		6d3(5.525238)	
../../pdbs//1ot2.pdb 2.D
Timestep	Standard Nomenclature	Ring conformation
1			4C1		4d1(0.574869)		2d5(3.580379)		6d3(3.851288)	
../../pdbs//1ot2.pdb 1.D
Timestep	Standard Nomenclature	Ring conformation
1			4C1		4d1(1.239046)		6d3(2.404758)		2d5(3.760546)	
../../pdbs//1ot2.pdb 2.C
Timestep	Standard Nomenclature	Ring conformation
1			4C1		4d1(0.269454)		6d3(0.818693)		2d5(1.258271)	
../../pdbs//1ot2.pdb 1.C
Timestep	Standard Nomenclature	Ring conformation
1			4C1		6d3(0.506619)		4d1(3.059236)		2d5(3.654490)	
../../pdbs//1v3i.pdb 2.C
Timestep	Standard Nomenclature	Ring conformation
1			4C1		2d5(0.223756)		6d3(1.081397)		4d1(1.082597)	
../../pdbs//1v3i.pdb 1.C
Timestep	Standard Nomenclature	Ring conformation
1			4C1		6d3(0.925450)		2d5(0.999232)		4d1(1.869314)	
../../pdbs//2d0g.pdb 5.D
Timestep	Standard Nomenclature	Ring conformation
1			4C1		2d5(0.158140)		6d3(0.224033)		4d1(0.531965)	
../../pdbs//2d0g.pdb 4.D
Timestep	Standard Nomenclature	Ring conformation
1			4C1		4d1(1.873550)		6d3(6.323855)		2d5(8.418038)	
../../pdbs//7lst.pdb 2.C
Timestep	Standard Nomenclature	Ring conformation
1			4C1		2d5(0.005043)		6d3(0.241727)		4d1(0.330170)	
../../pdbs//7lst.pdb 1.C
Timestep	Standard Nomenclature	Ring conformation
1			4C1		2d5(0.360378)		6d3(0.480952)		4d1(0.842328)	
../../pdbs//2x2i.pdb 2.E
Timestep	Standard Nomenclature	Ring conformation
1			4C1		2d5(1.256948)		6d3(1.550591)		4d1(2.859265)	
../../pdbs//2x2i.pdb 1.E
Timestep	Standard Nomenclature	Ring conformation
1			-		6d3(3.196200)		4d1(8.255471)	
../../pdbs//2x2i.pdb 2.K
Timestep	Standard Nomenclature	Ring conformation
1			4C1		6d3(0.037417)		2d5(7.256467)		4d1(7.335458)	
../../pdbs//2x2i.pdb 1.K
Timestep	Standard Nomenclature	Ring conformation
1			4C1		6d3(0.847579)		4d1(4.746799)		2d5(5.844650)	
../../pdbs//2x2i.pdb 2.I
Timestep	Standard Nomenclature	Ring conformation
1			4C1		6d3(0.690944)		4d1(1.867420)		2d5(2.732540)	
../../pdbs//2x2i.pdb 1.I
Timestep	Standard Nomenclature	Ring conformation
1			4C1		4d1(1.322845)		2d5(8.548388)		6d3(9.726613)	
../../pdbs//2x2i.pdb 2.G
Timestep	Standard Nomenclature	Ring conformation
1			4C1		6d3(3.939445)		2d5(4.837811)		4d1(8.709688)	
../../pdbs//2x2i.pdb 1.G
Timestep	Standard Nomenclature	Ring conformation
1			4C1		6d3(1.093938)		2d5(3.225914)		4d1(4.444532)	
../../pdbs//6gng.pdb 2.D
Timestep	Standard Nomenclature	Ring conformation
1			-		6d3(1.174269)		24t(6.882613)	
../../pdbs//6gng.pdb 1.D
Timestep	Standard Nomenclature	Ring conformation
1			-		6d3(6.027137)		2d5(7.208925)	
../../pdbs//6gng.pdb 2.C
Timestep	Standard Nomenclature	Ring conformation
1			4C1		6d3(2.133581)		4d1(7.102573)		2d5(9.300107)	
../../pdbs//6gng.pdb 1.C
Timestep	Standard Nomenclature	Ring conformation
1			-		2d5(3.372204)		6d3(7.678098)	
../../pdbs//1rp8.pdb 6.B
Timestep	Standard Nomenclature	Ring conformation
1			4C1		6d3(1.242495)		4d1(3.325922)		2d5(4.850851)	
../../pdbs//1rp8.pdb 5.B
Timestep	Standard Nomenclature	Ring conformation
1			-		26t(4.515727)		4d1(5.677949)		t13(8.304045)	
../../pdbs//4xph.pdb 2.B
Timestep	Standard Nomenclature	Ring conformation
1			4C1		2d5(0.867110)		4d1(2.250153)		6d3(3.281423)	
../../pdbs//4xph.pdb 1.B
Timestep	Standard Nomenclature	Ring conformation
1			4C1		4d1(2.758301)		2d5(5.664155)		6d3(8.404609)	
../../pdbs//1w9x.pdb 2.B
Timestep	Standard Nomenclature	Ring conformation
1			4C1		2d5(2.315737)		4d1(2.607482)		6d3(4.879992)	
../../pdbs//1w9x.pdb 1.B
Timestep	Standard Nomenclature	Ring conformation
1			4C1		2d5(1.221583)		4d1(4.743077)		6d3(5.666000)	
../../pdbs//5cgt.pdb 2.B
Timestep	Standard Nomenclature	Ring conformation
1			4C1		2d5(0.316795)		6d3(3.292733)		4d1(3.440196)	
../../pdbs//5cgt.pdb 1.B
Timestep	Standard Nomenclature	Ring conformation
1			4C1		6d3(1.776978)		2d5(2.115374)		4d1(3.728909)	
../../pdbs//5cgt.pdb 2.C
Timestep	Standard Nomenclature	Ring conformation
1			4C1		4d1(0.080411)		6d3(2.356892)		2d5(2.528747)	
../../pdbs//5cgt.pdb 1.C
Timestep	Standard Nomenclature	Ring conformation
1			4C1		6d3(1.591408)		4d1(5.124232)		2d5(6.787485)	
../../pdbs//2gjp.pdb 2.B
Timestep	Standard Nomenclature	Ring conformation
1			4C1		2d5(2.012572)		4d1(3.126928)		6d3(4.912315)	
../../pdbs//2gjp.pdb 1.B
Timestep	Standard Nomenclature	Ring conformation
1			4C1		6d3(1.081811)		2d5(3.027311)		4d1(4.140339)	
../../pdbs//1mpm.pdb 2.F
Timestep	Standard Nomenclature	Ring conformation
1			4C1		2d5(1.620002)		4d1(3.172906)		6d3(4.858116)	
../../pdbs//1mpm.pdb 1.F
Timestep	Standard Nomenclature	Ring conformation
1			-		2d5(4.836369)		4d1(8.585446)	
../../pdbs//1mpm.pdb 2.I
Timestep	Standard Nomenclature	Ring conformation
1			4C1		6d3(1.696162)		4d1(5.835207)		2d5(7.808611)	
../../pdbs//1mpm.pdb 1.I
Timestep	Standard Nomenclature	Ring conformation
1			4C1		4d1(2.839734)		2d5(3.946100)		6d3(6.523308)	
../../pdbs//1mpm.pdb 2.H
Timestep	Standard Nomenclature	Ring conformation
1			4C1		2d5(1.621859)		4d1(3.187083)		6d3(4.878943)	
../../pdbs//1mpm.pdb 1.H
Timestep	Standard Nomenclature	Ring conformation
1			-		2d5(4.832167)		4d1(8.556328)	
../../pdbs//1mpm.pdb 2.G
Timestep	Standard Nomenclature	Ring conformation
1			4C1		6d3(1.696048)		4d1(5.820829)		2d5(7.809953)	
../../pdbs//1mpm.pdb 1.G
Timestep	Standard Nomenclature	Ring conformation
1			4C1		4d1(2.876037)		2d5(3.957748)		6d3(6.540782)	
../../pdbs//1mpm.pdb 2.E
Timestep	Standard Nomenclature	Ring conformation
1			4C1		6d3(1.695815)		4d1(5.830877)		2d5(7.826269)	
../../pdbs//1mpm.pdb 1.E
Timestep	Standard Nomenclature	Ring conformation
1			4C1		4d1(2.851064)		2d5(3.945174)		6d3(6.527008)	
../../pdbs//1mpm.pdb 2.D
Timestep	Standard Nomenclature	Ring conformation
1			4C1		2d5(1.632360)		4d1(3.178754)		6d3(4.891785)	
../../pdbs//1mpm.pdb 1.D
Timestep	Standard Nomenclature	Ring conformation
1			-		2d5(4.843830)		4d1(8.573107)	
../../pdbs//2mpr.pdb 2.E
Timestep	Standard Nomenclature	Ring conformation
1			4C1		4d1(0.658468)		6d3(0.677933)		2d5(1.431376)	
../../pdbs//2mpr.pdb 1.E
Timestep	Standard Nomenclature	Ring conformation
1			4C1		2d5(0.344234)		4d1(4.468397)		6d3(4.677919)	
../../pdbs//2mpr.pdb 2.F
Timestep	Standard Nomenclature	Ring conformation
1			4C1		4d1(0.243378)		2d5(0.766755)		6d3(1.025104)	
../../pdbs//2mpr.pdb 1.F
Timestep	Standard Nomenclature	Ring conformation
1			4C1		2d5(0.076970)		6d3(4.271684)		4d1(4.500938)	
../../pdbs//2mpr.pdb 2.D
Timestep	Standard Nomenclature	Ring conformation
1			4C1		6d3(0.581283)		4d1(0.692897)		2d5(1.236562)	
../../pdbs//2mpr.pdb 1.D
Timestep	Standard Nomenclature	Ring conformation
1			4C1		2d5(0.755419)		4d1(3.219569)		6d3(3.955034)	
../../pdbs//5lra.pdb 2.C
Timestep	Standard Nomenclature	Ring conformation
1			4C1		4d1(1.221795)		6d3(1.441177)		2d5(2.681305)	
../../pdbs//5lra.pdb 1.C
Timestep	Standard Nomenclature	Ring conformation
1			-		2d5(3.653595)		6d3(6.501852)	
../../pdbs//5lra.pdb 2.E
Timestep	Standard Nomenclature	Ring conformation
1			4C1		2d5(1.237522)		6d3(3.619038)		4d1(4.928572)	
../../pdbs//5lra.pdb 1.E
Timestep	Standard Nomenclature	Ring conformation
1			4C1		6d3(0.632380)		2d5(4.939306)		4d1(5.593571)	
../../pdbs//2azd.pdb 2.C
Timestep	Standard Nomenclature	Ring conformation
1			4C1		6d3(1.540858)		4d1(6.397392)		2d5(8.050062)	
../../pdbs//2azd.pdb 1.C
Timestep	Standard Nomenclature	Ring conformation
1			-		4d1(2.429719)		26t(8.620095)	
../../pdbs//2azd.pdb 2.D
Timestep	Standard Nomenclature	Ring conformation
1			4C1		6d3(1.920308)		2d5(7.629907)		4d1(9.497861)	
../../pdbs//2azd.pdb 1.D
Timestep	Standard Nomenclature	Ring conformation
1			-		4d1(2.832019)		26t(6.474961)	
../../pdbs//5csu.pdb 2.F
Timestep	Standard Nomenclature	Ring conformation
1			4C1		6d3(0.153230)		4d1(2.586098)		2d5(2.726496)	
../../pdbs//5csu.pdb 1.F
Timestep	Standard Nomenclature	Ring conformation
1			4C1		6d3(2.258216)		4d1(3.859336)		2d5(6.284197)	
../../pdbs//5csu.pdb 2.D
Timestep	Standard Nomenclature	Ring conformation
1			4C1		2d5(0.456387)		4d1(1.348879)		6d3(1.556986)	
../../pdbs//5csu.pdb 1.D
Timestep	Standard Nomenclature	Ring conformation
1			4C1		6d3(1.679628)		4d1(2.193748)		2d5(4.119393)	
../../pdbs//6sau.pdb 2.E
Timestep	Standard Nomenclature	Ring conformation
1			4C1		4d1(0.061687)		2d5(2.500182)		6d3(3.093363)	
../../pdbs//6sau.pdb 1.E
Timestep	Standard Nomenclature	Ring conformation
1			4C1		4d1(0.151592)		6d3(1.710845)		2d5(2.877977)	
../../pdbs//6sau.pdb 2.C
Timestep	Standard Nomenclature	Ring conformation
1			4C1		4d1(0.499266)		2d5(4.571891)		6d3(5.067788)	
../../pdbs//6sau.pdb 1.C
Timestep	Standard Nomenclature	Ring conformation
1			4C1		2d5(0.185197)		4d1(1.677972)		6d3(2.565862)	
../../pdbs//4lpc.pdb 2.J
Timestep	Standard Nomenclature	Ring conformation
1			4C1		4d1(1.411475)		2d5(2.553850)		6d3(3.979437)	
../../pdbs//4lpc.pdb 1.J
Timestep	Standard Nomenclature	Ring conformation
1			-		4d1(4.478984)		2d5(6.581029)	
../../pdbs//4lpc.pdb 2.I
Timestep	Standard Nomenclature	Ring conformation
1			1S3		1t3(2.814818)		4t6(5.253463)	
../../pdbs//4lpc.pdb 1.I
Timestep	Standard Nomenclature	Ring conformation
1			-		6d3(2.801999)		24t(9.311264)	
../../pdbs//4lpc.pdb 2.O
Timestep	Standard Nomenclature	Ring conformation
1			1S3		1t3(1.768590)		4t6(7.769483)	
../../pdbs//4lpc.pdb 1.O
Timestep	Standard Nomenclature	Ring conformation
1			4C1		6d3(3.394311)		2d5(6.063268)		4d1(9.657540)	
../../pdbs//4lpc.pdb 2.N
Timestep	Standard Nomenclature	Ring conformation
1			-		2d5(2.258321)		t13(3.125883)		26t(8.887799)	
../../pdbs//4lpc.pdb 1.N
Timestep	Standard Nomenclature	Ring conformation
1			-		t13(3.310558)		26t(4.866974)		2q1(7.013446)	
../../pdbs//4lpc.pdb 2.H
Timestep	Standard Nomenclature	Ring conformation
1			-		5t3(3.106357)		12q(4.125368)		d36(9.232074)	
../../pdbs//4lpc.pdb 1.H
Timestep	Standard Nomenclature	Ring conformation
1			-		26t(5.200989)		t15(5.873669)	
../../pdbs//1kcl.pdb 2.C
Timestep	Standard Nomenclature	Ring conformation
1			4C1		4d1(0.740506)		6d3(0.818347)		2d5(1.731345)	
../../pdbs//1kcl.pdb 1.C
Timestep	Standard Nomenclature	Ring conformation
1			4C1		2d5(1.316731)		6d3(1.779788)		4d1(3.025073)	
../../pdbs//2aw3.pdb 2.C
Timestep	Standard Nomenclature	Ring conformation
1			4C1		2d5(0.138014)		4d1(3.413810)		6d3(3.776227)	
../../pdbs//2aw3.pdb 1.C
Timestep	Standard Nomenclature	Ring conformation
1			4C1		4d1(2.346539)		2d5(7.344653)		6d3(9.245935)	
../../pdbs//2aw3.pdb 2.D
Timestep	Standard Nomenclature	Ring conformation
1			4C1		2d5(1.746724)		4d1(3.229051)		6d3(4.657650)	
../../pdbs//2aw3.pdb 1.D
Timestep	Standard Nomenclature	Ring conformation
1			4C1		4d1(2.301801)		6d3(5.209178)		2d5(7.585680)	
../../pdbs//1ded.pdb 2.D
Timestep	Standard Nomenclature	Ring conformation
1			-		t35(5.698524)		4d1(7.261977)		46t(8.668759)	
../../pdbs//1ded.pdb 1.D
Timestep	Standard Nomenclature	Ring conformation
1			4C1		4d1(3.349379)		2d5(5.724178)		6d3(8.862211)	
../../pdbs//1ded.pdb 2.E
Timestep	Standard Nomenclature	Ring conformation
1			4C1		2d5(2.821281)		4d1(3.514841)		6d3(6.365473)	
../../pdbs//1ded.pdb 1.E
Timestep	Standard Nomenclature	Ring conformation
1			4C1		2d5(1.716696)		6d3(3.729128)		4d1(5.651100)	
../../pdbs//1ded.pdb 2.C
Timestep	Standard Nomenclature	Ring conformation
1			-		24t(1.854838)		2d5(3.719259)		2q3(6.090336)		t13(7.559875)		26t(7.722802)		12q(8.946756)	
../../pdbs//1ded.pdb 1.C
Timestep	Standard Nomenclature	Ring conformation
1			4C1		4d1(0.016709)		6d3(0.930711)		2d5(1.149962)	
../../pdbs//5lgw.pdb 2.G
Timestep	Standard Nomenclature	Ring conformation
1			4C1		2d5(2.556804)		4d1(2.633491)		6d3(5.317890)	
../../pdbs//5lgw.pdb 1.G
Timestep	Standard Nomenclature	Ring conformation
1			4C1		4d1(1.396487)		2d5(2.292356)		6d3(3.696926)	
../../pdbs//5lgw.pdb 2.H
Timestep	Standard Nomenclature	Ring conformation
1			4C1		4d1(1.808592)		2d5(3.039310)		6d3(4.896303)	
../../pdbs//5lgw.pdb 1.H
Timestep	Standard Nomenclature	Ring conformation
1			4C1		2d5(1.122343)		4d1(1.361575)		6d3(2.422180)	
../../pdbs//5cpt.pdb 2.D
Timestep	Standard Nomenclature	Ring conformation
1			4C1		2d5(0.266399)		4d1(2.529699)		6d3(2.937919)	
../../pdbs//5cpt.pdb 1.D
Timestep	Standard Nomenclature	Ring conformation
1			4C1		4d1(0.133326)		2d5(2.498495)		6d3(2.570017)	
../../pdbs//5cpt.pdb 2.C
Timestep	Standard Nomenclature	Ring conformation
1			4C1		2d5(1.204684)		4d1(1.574687)		6d3(2.916011)	
../../pdbs//5cpt.pdb 1.C
Timestep	Standard Nomenclature	Ring conformation
1			4C1		2d5(0.775525)		4d1(3.188518)		6d3(3.797111)	
../../pdbs//7mq7.pdb 2.B
Timestep	Standard Nomenclature	Ring conformation
1			4C1		6d3(0.022138)		2d5(2.746371)		4d1(2.909277)	
../../pdbs//7mq7.pdb 1.B
Timestep	Standard Nomenclature	Ring conformation
1			-		4d1(1.036964)	
