../../pdbs//6pql.pdb 3.E
Timestep	Standard Nomenclature	Ring conformation
1			4C1		6d3(1.048189)		4d1(2.855613)		2d5(3.871710)	
../../pdbs//6pql.pdb 1.E
Timestep	Standard Nomenclature	Ring conformation
1			4C1		2d5(2.529881)		4d1(4.399017)		6d3(6.760844)	
../../pdbs//6pql.pdb 3.G
Timestep	Standard Nomenclature	Ring conformation
1			4C1		6d3(0.669509)		4d1(2.334584)		2d5(2.998855)	
../../pdbs//6pql.pdb 1.G
Timestep	Standard Nomenclature	Ring conformation
1			4C1		4d1(2.413573)		2d5(5.133860)		6d3(7.402560)	
../../pdbs//6pql.pdb 3.F
Timestep	Standard Nomenclature	Ring conformation
1			4C1		6d3(1.770702)		4d1(1.852701)		2d5(3.635938)	
../../pdbs//6pql.pdb 1.F
Timestep	Standard Nomenclature	Ring conformation
1			4C1		2d5(2.470037)		4d1(4.376588)		6d3(6.698406)	
../../pdbs//6pql.pdb 3.H
Timestep	Standard Nomenclature	Ring conformation
1			4C1		6d3(1.177982)		2d5(2.229953)		4d1(3.495653)	
../../pdbs//6pql.pdb 1.H
Timestep	Standard Nomenclature	Ring conformation
1			4C1		2d5(2.954936)		4d1(3.320735)		6d3(6.160097)	
../../pdbs//3lrm.pdb 3.K
Timestep	Standard Nomenclature	Ring conformation
1			4C1		6d3(1.488599)		4d1(2.990424)		2d5(4.369100)	
../../pdbs//3lrm.pdb 1.K
Timestep	Standard Nomenclature	Ring conformation
1			4C1		4d1(0.653037)		2d5(2.682742)		6d3(3.297676)	
../../pdbs//3lrm.pdb 3.M
Timestep	Standard Nomenclature	Ring conformation
1			4C1		6d3(0.872633)		4d1(2.469645)		2d5(3.287825)	
../../pdbs//3lrm.pdb 1.M
Timestep	Standard Nomenclature	Ring conformation
1			4C1		6d3(0.830421)		2d5(5.390765)		4d1(6.204330)	
../../pdbs//3lrm.pdb 3.L
Timestep	Standard Nomenclature	Ring conformation
1			4C1		4d1(1.489095)		2d5(3.864135)		6d3(5.376602)	
../../pdbs//3lrm.pdb 1.L
Timestep	Standard Nomenclature	Ring conformation
1			4C1		4d1(0.044964)		6d3(2.268663)		2d5(2.336501)	
../../pdbs//3lrm.pdb 3.N
Timestep	Standard Nomenclature	Ring conformation
1			4C1		4d1(0.759863)		6d3(1.712204)		2d5(2.468073)	
../../pdbs//3lrm.pdb 1.N
Timestep	Standard Nomenclature	Ring conformation
1			4C1		4d1(0.704989)		6d3(6.305710)		2d5(7.199246)	
../../pdbs//6prg.pdb 2.D
Timestep	Standard Nomenclature	Ring conformation
1			4C1		6d3(1.210919)		4d1(3.089796)		2d5(4.340442)	
../../pdbs//6prg.pdb 1.D
Timestep	Standard Nomenclature	Ring conformation
1			4C1		4d1(0.311505)		6d3(2.496663)		2d5(2.840348)	
../../pdbs//6prg.pdb 2.C
Timestep	Standard Nomenclature	Ring conformation
1			4C1		6d3(1.295303)		4d1(1.888323)		2d5(3.207851)	
../../pdbs//6prg.pdb 1.C
Timestep	Standard Nomenclature	Ring conformation
1			4C1		4d1(0.010409)		6d3(1.516978)		2d5(1.525947)	
../../pdbs//2i58.pdb 1.D
Timestep	Standard Nomenclature	Ring conformation
1			4C1		6d3(0.850711)		4d1(2.121469)		2d5(3.058338)	
../../pdbs//2i58.pdb 2.D
Timestep	Standard Nomenclature	Ring conformation
1			4C1		4d1(1.459335)		2d5(4.237149)		6d3(5.916965)	
../../pdbs//2i58.pdb 1.C
Timestep	Standard Nomenclature	Ring conformation
1			4C1		4d1(0.516245)		2d5(2.008972)		6d3(2.089997)	
../../pdbs//2i58.pdb 2.C
Timestep	Standard Nomenclature	Ring conformation
1			4C1		4d1(1.427786)		6d3(1.672242)		2d5(2.878677)	
../../pdbs//3hg3.pdb 2.G
Timestep	Standard Nomenclature	Ring conformation
1			4C1		4d1(0.656892)		2d5(2.790233)		6d3(3.405853)	
../../pdbs//3hg3.pdb 1.G
Timestep	Standard Nomenclature	Ring conformation
1			4C1		6d3(2.099247)		4d1(2.768207)		2d5(4.900435)	
../../pdbs//3hg3.pdb 2.E
Timestep	Standard Nomenclature	Ring conformation
1			4C1		4d1(0.567741)		2d5(2.846087)		6d3(3.309775)	
../../pdbs//3hg3.pdb 1.E
Timestep	Standard Nomenclature	Ring conformation
1			4C1		6d3(3.650984)		4d1(3.886837)		2d5(7.569772)	
../../pdbs//4zza.pdb 3.D
Timestep	Standard Nomenclature	Ring conformation
1			4C1		4d1(0.286327)		2d5(1.225565)		6d3(1.759025)	
../../pdbs//4zza.pdb 2.D
Timestep	Standard Nomenclature	Ring conformation
1			4C1		2d5(3.149983)		4d1(6.265760)		6d3(8.797219)	
../../pdbs//4zza.pdb 3.C
Timestep	Standard Nomenclature	Ring conformation
1			4C1		2d5(0.532833)		4d1(1.496453)		6d3(1.842951)	
../../pdbs//4zza.pdb 2.C
Timestep	Standard Nomenclature	Ring conformation
1			-		2d5(0.322199)	
../../pdbs//3w7x.pdb 2.C
Timestep	Standard Nomenclature	Ring conformation
1			4C1		2d5(0.915663)		4d1(1.216425)		6d3(1.938248)	
../../pdbs//3w7x.pdb 1.C
Timestep	Standard Nomenclature	Ring conformation
1			4C1		2d5(1.002137)		4d1(1.380379)		6d3(2.439212)	
../../pdbs//3w7x.pdb 2.D
Timestep	Standard Nomenclature	Ring conformation
1			4C1		4d1(0.138041)		6d3(0.146475)		2d5(0.187446)	
../../pdbs//3w7x.pdb 1.D
Timestep	Standard Nomenclature	Ring conformation
1			-		2d5(2.314036)		46t(9.346373)	
../../pdbs//4fnu.pdb 2.G
Timestep	Standard Nomenclature	Ring conformation
1			BO3		12q(1.782418)		d36(5.973555)		45q(7.644777)	
../../pdbs//4fnu.pdb 3.G
Timestep	Standard Nomenclature	Ring conformation
1			-		q12(2.732413)		36d(5.768171)		6t4(8.743495)	
../../pdbs//4fnu.pdb 2.H
Timestep	Standard Nomenclature	Ring conformation
1			1S3		45q(6.671380)		1t3(7.056221)		4t6(9.532845)	
../../pdbs//4fnu.pdb 3.H
Timestep	Standard Nomenclature	Ring conformation
1			-		4d1(1.292419)		26t(3.023086)	
../../pdbs//4fnu.pdb 2.F
Timestep	Standard Nomenclature	Ring conformation
1			1S3		4t6(2.753966)		12q(6.807345)		1t3(8.014515)	
../../pdbs//4fnu.pdb 3.F
Timestep	Standard Nomenclature	Ring conformation
1			4C1		4d1(1.907260)		2d5(1.975524)		6d3(3.073055)	
../../pdbs//4fnu.pdb 2.E
Timestep	Standard Nomenclature	Ring conformation
1			1C4		1d4(4.070422)		5d2(4.442420)		3d6(8.551851)	
../../pdbs//4fnu.pdb 3.E
Timestep	Standard Nomenclature	Ring conformation
1			4C1		4d1(1.667425)		6d3(5.187151)		2d5(6.338494)	
../../pdbs//6t1d.pdb 2.R
Timestep	Standard Nomenclature	Ring conformation
1			4C1		2d5(0.081112)		4d1(0.213121)		6d3(0.461113)	
../../pdbs//6t1d.pdb 1.R
Timestep	Standard Nomenclature	Ring conformation
1			4C1		4d1(0.112209)		2d5(0.112648)		6d3(0.190262)	
../../pdbs//6t1d.pdb 2.J
Timestep	Standard Nomenclature	Ring conformation
1			4C1		2d5(0.267912)		4d1(0.357864)		6d3(0.774202)	
../../pdbs//6t1d.pdb 1.J
Timestep	Standard Nomenclature	Ring conformation
1			4C1		6d3(0.128592)		2d5(0.144183)		4d1(0.196049)	
../../pdbs//6t1d.pdb 2.N
Timestep	Standard Nomenclature	Ring conformation
1			4C1		4d1(0.312878)		6d3(0.314464)		2d5(0.458938)	
../../pdbs//6t1d.pdb 1.N
Timestep	Standard Nomenclature	Ring conformation
1			4C1		2d5(0.025997)		6d3(0.339301)		4d1(0.522273)	
../../pdbs//6t1d.pdb 2.L
Timestep	Standard Nomenclature	Ring conformation
1			4C1		6d3(0.344723)		4d1(0.364137)		2d5(0.548831)	
../../pdbs//6t1d.pdb 1.L
Timestep	Standard Nomenclature	Ring conformation
1			4C1		6d3(0.015824)		4d1(0.081676)		2d5(0.117169)	
../../pdbs//6t1d.pdb 2.H
Timestep	Standard Nomenclature	Ring conformation
1			4C1		6d3(0.364219)		4d1(0.474359)		2d5(0.658436)	
../../pdbs//6t1d.pdb 1.H
Timestep	Standard Nomenclature	Ring conformation
1			4C1		4d1(0.016416)		6d3(0.024397)		2d5(0.236890)	
../../pdbs//6t1d.pdb 2.P
Timestep	Standard Nomenclature	Ring conformation
1			4C1		4d1(0.353950)		6d3(0.365645)		2d5(0.543728)	
../../pdbs//6t1d.pdb 1.P
Timestep	Standard Nomenclature	Ring conformation
1			4C1		2d5(0.074420)		4d1(0.369700)		6d3(0.655361)	
../../pdbs//6pre.pdb 2.H
Timestep	Standard Nomenclature	Ring conformation
1			4C1		4d1(0.806903)		6d3(1.049656)		2d5(1.851319)	
../../pdbs//6pre.pdb 1.H
Timestep	Standard Nomenclature	Ring conformation
1			4C1		6d3(0.268735)		2d5(1.280398)		4d1(1.620099)	
../../pdbs//6pre.pdb 2.E
Timestep	Standard Nomenclature	Ring conformation
1			4C1		6d3(1.044227)		2d5(1.239375)		4d1(2.340439)	
../../pdbs//6pre.pdb 1.E
Timestep	Standard Nomenclature	Ring conformation
1			4C1		6d3(0.373655)		2d5(1.700028)		4d1(2.146770)	
../../pdbs//6pre.pdb 2.G
Timestep	Standard Nomenclature	Ring conformation
1			4C1		6d3(0.870739)		2d5(2.451095)		4d1(3.367292)	
../../pdbs//6pre.pdb 1.G
Timestep	Standard Nomenclature	Ring conformation
1			4C1		4d1(1.153758)		6d3(2.102857)		2d5(3.247500)	
../../pdbs//6pre.pdb 2.F
Timestep	Standard Nomenclature	Ring conformation
1			4C1		6d3(0.458164)		2d5(1.817316)		4d1(2.334760)	
../../pdbs//6pre.pdb 1.F
Timestep	Standard Nomenclature	Ring conformation
1			4C1		4d1(0.810534)		2d5(1.661703)		6d3(2.438970)	
../../pdbs//5ofx.pdb 3.L
Timestep	Standard Nomenclature	Ring conformation
1			4C1		2d5(1.206671)		6d3(2.796009)		4d1(3.836597)	
../../pdbs//5ofx.pdb 2.L
Timestep	Standard Nomenclature	Ring conformation
1			4C1		2d5(0.029918)		6d3(0.691733)		4d1(0.710474)	
../../pdbs//5ofx.pdb 3.N
Timestep	Standard Nomenclature	Ring conformation
1			4C1		2d5(0.676095)		6d3(3.917667)		4d1(4.616177)	
../../pdbs//5ofx.pdb 2.N
Timestep	Standard Nomenclature	Ring conformation
1			4C1		2d5(0.871655)		6d3(3.544922)		4d1(4.099003)	
../../pdbs//5ofx.pdb 3.J
Timestep	Standard Nomenclature	Ring conformation
1			4C1		2d5(0.946416)		6d3(3.066236)		4d1(3.830342)	
../../pdbs//5ofx.pdb 2.J
Timestep	Standard Nomenclature	Ring conformation
1			4C1		6d3(0.811266)		2d5(1.201400)		4d1(2.126257)	
../../pdbs//5ofx.pdb 3.M
Timestep	Standard Nomenclature	Ring conformation
1			4C1		2d5(1.307539)		6d3(2.587544)		4d1(3.925507)	
../../pdbs//5ofx.pdb 2.M
Timestep	Standard Nomenclature	Ring conformation
1			4C1		6d3(0.236026)		4d1(0.502840)		2d5(0.725106)	
../../pdbs//5ofx.pdb 3.K
Timestep	Standard Nomenclature	Ring conformation
1			4C1		2d5(1.416199)		6d3(2.743323)		4d1(4.097378)	
../../pdbs//5ofx.pdb 2.K
Timestep	Standard Nomenclature	Ring conformation
1			4C1		2d5(0.183929)		6d3(2.995596)		4d1(3.235682)	
../../pdbs//5ofx.pdb 3.O
Timestep	Standard Nomenclature	Ring conformation
1			4C1		2d5(1.205238)		6d3(2.010284)		4d1(3.162514)	
../../pdbs//5ofx.pdb 2.O
Timestep	Standard Nomenclature	Ring conformation
1			4C1		2d5(0.704478)		4d1(2.960161)		6d3(3.673647)	
../../pdbs//5ofx.pdb 3.I
Timestep	Standard Nomenclature	Ring conformation
1			4C1		2d5(0.597709)		6d3(3.888391)		4d1(4.541683)	
../../pdbs//5ofx.pdb 2.I
Timestep	Standard Nomenclature	Ring conformation
1			4C1		2d5(0.204983)		6d3(4.512424)		4d1(4.517277)	
../../pdbs//1qkc.pdb 9.B
Timestep	Standard Nomenclature	Ring conformation
1			4C1		4d1(0.390288)		6d3(2.374356)		2d5(3.020834)	
../../pdbs//1qkc.pdb 6.B
Timestep	Standard Nomenclature	Ring conformation
1			4C1		4d1(0.386343)		2d5(0.527244)		6d3(1.018282)	
../../pdbs//3alu.pdb 3.G
Timestep	Standard Nomenclature	Ring conformation
1			4C1		6d3(0.455806)		4d1(0.956595)		2d5(1.424007)	
../../pdbs//3alu.pdb 2.G
Timestep	Standard Nomenclature	Ring conformation
1			4C1		2d5(1.475335)		6d3(2.321324)		4d1(3.326824)	
../../pdbs//3alu.pdb 3.E
Timestep	Standard Nomenclature	Ring conformation
1			4C1		6d3(0.041727)		2d5(3.277260)		4d1(3.365907)	
../../pdbs//3alu.pdb 2.E
Timestep	Standard Nomenclature	Ring conformation
1			4C1		2d5(0.641993)		6d3(2.876243)		4d1(3.522285)	
../../pdbs//3alu.pdb 3.H
Timestep	Standard Nomenclature	Ring conformation
1			4C1		6d3(0.137241)		2d5(2.758173)		4d1(2.966439)	
../../pdbs//3alu.pdb 2.H
Timestep	Standard Nomenclature	Ring conformation
1			4C1		6d3(2.631553)		2d5(3.288672)		4d1(5.854001)	
../../pdbs//3alu.pdb 3.F
Timestep	Standard Nomenclature	Ring conformation
1			4C1		6d3(1.720107)		4d1(3.641419)		2d5(5.216301)	
../../pdbs//3alu.pdb 2.F
Timestep	Standard Nomenclature	Ring conformation
1			4C1		2d5(0.366590)		6d3(1.041604)		4d1(1.230832)	
../../pdbs//1w2t.pdb 3.J
Timestep	Standard Nomenclature	Ring conformation
1			4C1		4d1(0.724147)		6d3(1.671724)		2d5(2.363406)	
../../pdbs//1w2t.pdb 1.J
Timestep	Standard Nomenclature	Ring conformation
1			4C1		4d1(1.096863)		2d5(6.041810)		6d3(6.941645)	
../../pdbs//1w2t.pdb 3.G
Timestep	Standard Nomenclature	Ring conformation
1			4C1		6d3(0.497468)		4d1(1.750785)		2d5(2.128083)	
../../pdbs//1w2t.pdb 1.G
Timestep	Standard Nomenclature	Ring conformation
1			4C1		4d1(0.615347)		2d5(6.020259)		6d3(6.485563)	
../../pdbs//1w2t.pdb 3.I
Timestep	Standard Nomenclature	Ring conformation
1			4C1		4d1(0.647046)		6d3(3.595727)		2d5(4.288719)	
../../pdbs//1w2t.pdb 1.I
Timestep	Standard Nomenclature	Ring conformation
1			4C1		6d3(0.131456)		4d1(0.564837)		2d5(0.624231)	
../../pdbs//1w2t.pdb 3.K
Timestep	Standard Nomenclature	Ring conformation
1			4C1		4d1(1.499097)		6d3(1.713034)		2d5(3.131388)	
../../pdbs//1w2t.pdb 1.K
Timestep	Standard Nomenclature	Ring conformation
1			4C1		4d1(1.183045)		2d5(7.138989)		6d3(8.144021)	
../../pdbs//1w2t.pdb 3.H
Timestep	Standard Nomenclature	Ring conformation
1			4C1		6d3(0.798117)		2d5(1.895970)		4d1(2.726821)	
../../pdbs//1w2t.pdb 1.H
Timestep	Standard Nomenclature	Ring conformation
1			4C1		2d5(1.075716)		4d1(1.195163)		6d3(2.289346)	
../../pdbs//1w2t.pdb 3.L
Timestep	Standard Nomenclature	Ring conformation
1			4C1		4d1(0.211969)		6d3(2.956996)		2d5(3.130803)	
../../pdbs//1w2t.pdb 1.L
Timestep	Standard Nomenclature	Ring conformation
1			4C1		4d1(0.151231)		2d5(2.891555)		6d3(2.945099)	
../../pdbs//3byn.pdb 3.B
Timestep	Standard Nomenclature	Ring conformation
1			4C1		6d3(0.221630)		4d1(0.467075)		2d5(0.744836)	
../../pdbs//3byn.pdb 2.B
Timestep	Standard Nomenclature	Ring conformation
1			4C1		6d3(0.843987)		2d5(1.283261)		4d1(2.102745)	
../../pdbs//1fi1.pdb 9.B
Timestep	Standard Nomenclature	Ring conformation
1			4C1		2d5(0.058297)		4d1(0.269399)		6d3(0.600299)	
../../pdbs//1fi1.pdb 6.B
Timestep	Standard Nomenclature	Ring conformation
1			4C1		2d5(0.988942)		6d3(1.908462)		4d1(2.715728)	
../../pdbs//6epy.pdb 3.G
Timestep	Standard Nomenclature	Ring conformation
1			4C1		2d5(1.901258)		4d1(3.242619)		6d3(5.355336)	
../../pdbs//6epy.pdb 2.G
Timestep	Standard Nomenclature	Ring conformation
1			4C1		4d1(1.929615)		6d3(2.914564)		2d5(4.631595)	
../../pdbs//6epy.pdb 3.F
Timestep	Standard Nomenclature	Ring conformation
1			4C1		2d5(2.268475)		4d1(3.146413)		6d3(5.110661)	
../../pdbs//6epy.pdb 2.F
Timestep	Standard Nomenclature	Ring conformation
1			4C1		4d1(1.506466)		6d3(2.936859)		2d5(4.758478)	
../../pdbs//6epy.pdb 3.E
Timestep	Standard Nomenclature	Ring conformation
1			4C1		4d1(2.086235)		2d5(5.056313)		6d3(7.101271)	
../../pdbs//6epy.pdb 2.E
Timestep	Standard Nomenclature	Ring conformation
1			4C1		4d1(1.169456)		6d3(2.704645)		2d5(3.775483)	
../../pdbs//6epy.pdb 3.H
Timestep	Standard Nomenclature	Ring conformation
1			4C1		2d5(1.522888)		4d1(3.416243)		6d3(5.191167)	
../../pdbs//6epy.pdb 2.H
Timestep	Standard Nomenclature	Ring conformation
1			4C1		4d1(1.829621)		6d3(2.653729)		2d5(4.848746)	
../../pdbs//1ugy.pdb 2.J
Timestep	Standard Nomenclature	Ring conformation
1			4C1		6d3(0.458272)		4d1(1.658133)		2d5(1.676306)	
../../pdbs//1ugy.pdb 1.J
Timestep	Standard Nomenclature	Ring conformation
1			4C1		2d5(0.251198)		6d3(6.011851)		4d1(6.568550)	
../../pdbs//4al9.pdb 2.J
Timestep	Standard Nomenclature	Ring conformation
1			4C1		2d5(0.933184)		4d1(1.086672)		6d3(2.220076)	
../../pdbs//4al9.pdb 1.J
Timestep	Standard Nomenclature	Ring conformation
1			4C1		4d1(0.096738)		6d3(2.366005)		2d5(2.386546)	
../../pdbs//4al9.pdb 2.I
Timestep	Standard Nomenclature	Ring conformation
1			4C1		4d1(0.360543)		2d5(2.978881)		6d3(3.004953)	
../../pdbs//4al9.pdb 1.I
Timestep	Standard Nomenclature	Ring conformation
1			4C1		4d1(2.192557)		2d5(2.736809)		6d3(4.816395)	
../../pdbs//4zs9.pdb 3.D
Timestep	Standard Nomenclature	Ring conformation
1			4C1		4d1(0.865136)		2d5(2.605955)		6d3(3.013556)	
../../pdbs//4zs9.pdb 2.D
Timestep	Standard Nomenclature	Ring conformation
1			4C1		2d5(1.667360)		4d1(7.996364)		6d3(9.211103)	
../../pdbs//4zs9.pdb 3.C
Timestep	Standard Nomenclature	Ring conformation
1			4C1		2d5(0.660404)		4d1(3.157982)		6d3(3.859124)	
../../pdbs//4zs9.pdb 2.C
Timestep	Standard Nomenclature	Ring conformation
1			4C1		2d5(0.682528)		4d1(7.306356)		6d3(7.841860)	
../../pdbs//3alt.pdb 2.G
Timestep	Standard Nomenclature	Ring conformation
1			4C1		2d5(1.769979)		6d3(7.631663)		4d1(9.387082)	
../../pdbs//3alt.pdb 1.G
Timestep	Standard Nomenclature	Ring conformation
1			1S3		1t3(5.360819)		4t6(8.769376)	
../../pdbs//3alt.pdb 2.H
Timestep	Standard Nomenclature	Ring conformation
1			-		2d5(3.452208)		6d3(6.589510)	
../../pdbs//3alt.pdb 1.H
Timestep	Standard Nomenclature	Ring conformation
1			1S3		1t3(4.049251)		4t6(4.914636)	
../../pdbs//3alt.pdb 2.E
Timestep	Standard Nomenclature	Ring conformation
1			4C1		2d5(2.449005)		6d3(2.957174)		4d1(6.113665)	
../../pdbs//3alt.pdb 1.E
Timestep	Standard Nomenclature	Ring conformation
1			1S3		1t3(5.726860)		4t6(8.096902)	
../../pdbs//3alt.pdb 2.F
Timestep	Standard Nomenclature	Ring conformation
1			4C1		2d5(3.870999)		6d3(4.590636)		4d1(8.245859)	
../../pdbs//3alt.pdb 1.F
Timestep	Standard Nomenclature	Ring conformation
1			1S3		1t3(2.001318)		4t6(7.276667)	
../../pdbs//4rk9.pdb 2.D
Timestep	Standard Nomenclature	Ring conformation
1			4C1		2d5(0.081441)		4d1(1.294528)		6d3(1.531206)	
../../pdbs//4rk9.pdb 1.D
Timestep	Standard Nomenclature	Ring conformation
1			4C1		4d1(0.398126)		6d3(0.923297)		2d5(1.291710)	
../../pdbs//4rk9.pdb 2.C
Timestep	Standard Nomenclature	Ring conformation
1			4C1		6d3(0.191731)		4d1(0.978088)		2d5(0.996254)	
../../pdbs//4rk9.pdb 1.C
Timestep	Standard Nomenclature	Ring conformation
1			4C1		2d5(0.851437)		6d3(1.568629)		4d1(2.759623)	
../../pdbs//6phx.pdb 1.B
Timestep	Standard Nomenclature	Ring conformation
1			4C1		2d5(2.723833)		4d1(3.402636)		6d3(6.286789)	
../../pdbs//6phx.pdb 2.B
Timestep	Standard Nomenclature	Ring conformation
1			4C1		2d5(0.389767)		4d1(2.098792)		6d3(2.279852)	
../../pdbs//3v0w.pdb 8.A
Timestep	Standard Nomenclature	Ring conformation
1			4C1		2d5(2.189176)		6d3(3.083941)		4d1(4.945178)	
../../pdbs//3v0w.pdb 4.A
Timestep	Standard Nomenclature	Ring conformation
1			4C1		4d1(0.063895)		2d5(2.768819)		6d3(3.015248)	
../../pdbs//1qfg.pdb 8.B
Timestep	Standard Nomenclature	Ring conformation
1			4C1		2d5(0.380439)		6d3(1.904106)		4d1(2.240945)	
../../pdbs//1qfg.pdb 6.B
Timestep	Standard Nomenclature	Ring conformation
1			4C1		6d3(0.043651)		4d1(2.293917)		2d5(2.573137)	
../../pdbs//6epz.pdb 2.H
Timestep	Standard Nomenclature	Ring conformation
1			4C1		6d3(0.654128)		2d5(2.550581)		4d1(3.375326)	
../../pdbs//6epz.pdb 1.H
Timestep	Standard Nomenclature	Ring conformation
1			1S3		1t3(0.184746)		45q(6.623092)		4t6(8.104676)	
../../pdbs//6epz.pdb 2.F
Timestep	Standard Nomenclature	Ring conformation
1			4C1		2d5(0.177460)		6d3(1.631219)		4d1(2.107825)	
../../pdbs//6epz.pdb 1.F
Timestep	Standard Nomenclature	Ring conformation
1			4C1		6d3(3.499014)		4d1(3.842418)		2d5(7.092830)	
../../pdbs//6epz.pdb 2.E
Timestep	Standard Nomenclature	Ring conformation
1			4C1		6d3(1.755721)		2d5(2.827912)		4d1(4.705947)	
../../pdbs//6epz.pdb 1.E
Timestep	Standard Nomenclature	Ring conformation
1			-		45q(3.284263)		1t3(5.039448)		q23(7.368663)		4t6(8.582985)	
../../pdbs//6epz.pdb 2.G
Timestep	Standard Nomenclature	Ring conformation
1			4C1		6d3(1.835560)		2d5(4.092550)		4d1(6.012203)	
../../pdbs//6epz.pdb 1.G
Timestep	Standard Nomenclature	Ring conformation
1			-		4t6(1.424680)		q23(5.024870)	
../../pdbs//3lih.pdb 3.B
Timestep	Standard Nomenclature	Ring conformation
1			4C1		4d1(0.515818)		6d3(2.357008)		2d5(3.260777)	
../../pdbs//3lih.pdb 2.B
Timestep	Standard Nomenclature	Ring conformation
1			4C1		2d5(0.158083)		6d3(0.721867)		4d1(0.826343)	
../../pdbs//6phw.pdb 2.B
Timestep	Standard Nomenclature	Ring conformation
1			4C1		4d1(3.053242)		2d5(4.926764)		6d3(7.962531)	
../../pdbs//6phw.pdb 1.B
Timestep	Standard Nomenclature	Ring conformation
1			4C1		6d3(2.633892)		2d5(5.823972)		4d1(8.599689)	
../../pdbs//4fnt.pdb 3.F
Timestep	Standard Nomenclature	Ring conformation
1			4C1		2d5(2.779611)		4d1(2.935465)		6d3(5.947337)	
../../pdbs//4fnt.pdb 2.F
Timestep	Standard Nomenclature	Ring conformation
1			-		6d3(1.120527)		24t(4.097168)		t35(7.686776)		4d1(8.146153)		2d5(9.252213)		t13(9.734313)	
../../pdbs//4fnt.pdb 3.G
Timestep	Standard Nomenclature	Ring conformation
1			4C1		6d3(1.181213)		2d5(7.295983)		4d1(8.045895)	
../../pdbs//4fnt.pdb 2.G
Timestep	Standard Nomenclature	Ring conformation
1			-		t13(1.578187)		24t(1.625343)		6d3(7.449283)		2d5(7.637406)		2q3(9.434960)	
../../pdbs//4fnt.pdb 3.E
Timestep	Standard Nomenclature	Ring conformation
1			4C1		2d5(2.879678)		6d3(6.195329)		4d1(9.165541)	
../../pdbs//4fnt.pdb 2.E
Timestep	Standard Nomenclature	Ring conformation
1			-		4d1(3.337015)		26t(3.516656)		t13(6.947956)		2d5(9.390164)	
../../pdbs//8beu.pdb 3.N
Timestep	Standard Nomenclature	Ring conformation
1			-		4d1(3.856329)		26t(8.173271)		6d3(8.813804)	
../../pdbs//8beu.pdb 2.N
Timestep	Standard Nomenclature	Ring conformation
1			4C1		2d5(0.296105)		6d3(0.559600)		4d1(1.033400)	
../../pdbs//8beu.pdb 3.J
Timestep	Standard Nomenclature	Ring conformation
1			-		4d1(4.086972)		26t(8.140831)	
../../pdbs//8beu.pdb 2.J
Timestep	Standard Nomenclature	Ring conformation
1			4C1		6d3(0.090740)		4d1(4.526309)		2d5(4.813669)	
../../pdbs//8beu.pdb 3.G
Timestep	Standard Nomenclature	Ring conformation
1			4C1		4d1(1.369614)		6d3(4.461623)		2d5(5.718926)	
../../pdbs//8beu.pdb 2.G
Timestep	Standard Nomenclature	Ring conformation
1			4C1		6d3(0.790701)		4d1(2.345890)		2d5(3.571078)	
../../pdbs//8beu.pdb 3.L
Timestep	Standard Nomenclature	Ring conformation
1			-		4d1(0.643711)	
../../pdbs//8beu.pdb 2.L
Timestep	Standard Nomenclature	Ring conformation
1			4C1		6d3(0.941032)		2d5(1.499128)		4d1(2.126586)	
../../pdbs//2fcp.pdb 7.B
Timestep	Standard Nomenclature	Ring conformation
1			1S3		1t3(0.904618)		4t6(1.128156)	
../../pdbs//2fcp.pdb 6.B
Timestep	Standard Nomenclature	Ring conformation
1			4C1		2d5(2.581112)		6d3(4.128346)		4d1(7.012834)	
../../pdbs//2fcp.pdb 8.B
Timestep	Standard Nomenclature	Ring conformation
1			4C1		6d3(1.390994)		2d5(1.448014)		4d1(3.030996)	
../../pdbs//2fcp.pdb 6.B
Timestep	Standard Nomenclature	Ring conformation
1			4C1		2d5(2.581112)		6d3(4.128346)		4d1(7.012834)	
../../pdbs//5fkc.pdb 3.J
Timestep	Standard Nomenclature	Ring conformation
1			4C1		4d1(0.492679)		6d3(2.134712)		2d5(2.525191)	
../../pdbs//5fkc.pdb 2.J
Timestep	Standard Nomenclature	Ring conformation
1			4C1		6d3(1.360109)		2d5(3.100893)		4d1(4.490696)	
../../pdbs//5fkc.pdb 3.F
Timestep	Standard Nomenclature	Ring conformation
1			4C1		4d1(0.646254)		2d5(2.366401)		6d3(2.660630)	
../../pdbs//5fkc.pdb 2.F
Timestep	Standard Nomenclature	Ring conformation
1			4C1		6d3(0.424175)		2d5(1.911202)		4d1(2.450499)	
