WARNING:
Replacing fetcher for 'pdb_nmr' and format NMRSTAR from NMRSTAR bundle with that from NMRSTAR bundle
INFO:
UCSF ChimeraX version: 1.6.1 (2023-05-09)
INFO:
© 2016-2023 Regents of the University of California.  All rights reserved.
INFO:
Executing: open ./calc_dihedral_chimerax/calc_dihedral_part_01.cxc
INFO:
Executing: close #1
INFO:
Executing: close #1
INFO:
Executing: open ../../../pdbs/8iuc.pdb
INFO:
_8iuc.pdb_ title:  
 **Crystal structure of GH65 α-1,2-glucosidase from flavobacterium johnsoniae
In complex with isomaltose** [[more info...]](cxcmd:log metadata #1)  
  

INFO:
Chain information for 8iuc.pdb #1  
---  
Chain | Description | UniProt  
[A](cxcmd:select /A:23-681 "Select chain") [B](cxcmd:select /B:23-681 "Select
chain") [C](cxcmd:select /C:23-681 "Select chain") | [candidate α glycoside
phosphorylase glycoside hydrolase family 65](cxcmd:sequence chain #1/A#1/B#1/C
"Show sequence") | [A5FBJ5_FLAJ1](cxcmd:open A5FBJ5 from uniprot "Show
annotations") [24-681](cxcmd:select #1/A,B,C:24-681 "Select sequence")  
  

INFO:
Non-standard residues in 8iuc.pdb #1  
---  
[BGC](cxcmd:sel :BGC "select residue") — [β-D-
glucopyranose](http://www.rcsb.org/ligand/BGC "show residue info") (β-D-
glucose; D-glucose; glucose)  
[EDO](cxcmd:sel :EDO "select residue") —
[1,2-ethanediol](http://www.rcsb.org/ligand/EDO "show residue info") (ethylene
glycol)  
[GLC](cxcmd:sel :GLC "select residue") — [α-D-
glucopyranose](http://www.rcsb.org/ligand/GLC "show residue info") (α-D-
glucose; D-glucose; glucose)  
  

INFO:
Executing: torsion /F:2@C2 /F:2@C1 /F:1@O6 /F:1@C6
INFO:
Torsion angle for atoms /F GLC 2 C2 C1 BGC 1 O6 C6 is 177.339°
INFO:
Executing: torsion /F:2@C1 /F:1@O6 /F:1@C6 /F:1@C5
INFO:
Torsion angle for atoms /F GLC 2 C1 BGC 1 O6 C6 C5 is 164.22°
INFO:
Executing: close #1
INFO:
Executing: open ../../../pdbs/8iuc.pdb
INFO:
_8iuc.pdb_ title:  
 **Crystal structure of GH65 α-1,2-glucosidase from flavobacterium johnsoniae
In complex with isomaltose** [[more info...]](cxcmd:log metadata #1)  
  

INFO:
Chain information for 8iuc.pdb #1  
---  
Chain | Description | UniProt  
[A](cxcmd:select /A:23-681 "Select chain") [B](cxcmd:select /B:23-681 "Select
chain") [C](cxcmd:select /C:23-681 "Select chain") | [candidate α glycoside
phosphorylase glycoside hydrolase family 65](cxcmd:sequence chain #1/A#1/B#1/C
"Show sequence") | [A5FBJ5_FLAJ1](cxcmd:open A5FBJ5 from uniprot "Show
annotations") [24-681](cxcmd:select #1/A,B,C:24-681 "Select sequence")  
  

INFO:
Non-standard residues in 8iuc.pdb #1  
---  
[BGC](cxcmd:sel :BGC "select residue") — [β-D-
glucopyranose](http://www.rcsb.org/ligand/BGC "show residue info") (β-D-
glucose; D-glucose; glucose)  
[EDO](cxcmd:sel :EDO "select residue") —
[1,2-ethanediol](http://www.rcsb.org/ligand/EDO "show residue info") (ethylene
glycol)  
[GLC](cxcmd:sel :GLC "select residue") — [α-D-
glucopyranose](http://www.rcsb.org/ligand/GLC "show residue info") (α-D-
glucose; D-glucose; glucose)  
  

INFO:
Executing: torsion /D:2@C2 /D:2@C1 /D:1@O6 /D:1@C6
INFO:
Torsion angle for atoms /D GLC 2 C2 C1 BGC 1 O6 C6 is -173.685°
INFO:
Executing: torsion /D:2@C1 /D:1@O6 /D:1@C6 /D:1@C5
INFO:
Torsion angle for atoms /D GLC 2 C1 BGC 1 O6 C6 C5 is 161.773°
INFO:
Executing: close #1
INFO:
Executing: open ../../../pdbs/8iuc.pdb
INFO:
_8iuc.pdb_ title:  
 **Crystal structure of GH65 α-1,2-glucosidase from flavobacterium johnsoniae
In complex with isomaltose** [[more info...]](cxcmd:log metadata #1)  
  

INFO:
Chain information for 8iuc.pdb #1  
---  
Chain | Description | UniProt  
[A](cxcmd:select /A:23-681 "Select chain") [B](cxcmd:select /B:23-681 "Select
chain") [C](cxcmd:select /C:23-681 "Select chain") | [candidate α glycoside
phosphorylase glycoside hydrolase family 65](cxcmd:sequence chain #1/A#1/B#1/C
"Show sequence") | [A5FBJ5_FLAJ1](cxcmd:open A5FBJ5 from uniprot "Show
annotations") [24-681](cxcmd:select #1/A,B,C:24-681 "Select sequence")  
  

INFO:
Non-standard residues in 8iuc.pdb #1  
---  
[BGC](cxcmd:sel :BGC "select residue") — [β-D-
glucopyranose](http://www.rcsb.org/ligand/BGC "show residue info") (β-D-
glucose; D-glucose; glucose)  
[EDO](cxcmd:sel :EDO "select residue") —
[1,2-ethanediol](http://www.rcsb.org/ligand/EDO "show residue info") (ethylene
glycol)  
[GLC](cxcmd:sel :GLC "select residue") — [α-D-
glucopyranose](http://www.rcsb.org/ligand/GLC "show residue info") (α-D-
glucose; D-glucose; glucose)  
  

INFO:
Executing: torsion /E:2@C2 /E:2@C1 /E:1@O6 /E:1@C6
INFO:
Torsion angle for atoms /E GLC 2 C2 C1 BGC 1 O6 C6 is -171.3°
INFO:
Executing: torsion /E:2@C1 /E:1@O6 /E:1@C6 /E:1@C5
INFO:
Torsion angle for atoms /E GLC 2 C1 BGC 1 O6 C6 C5 is 158.218°
INFO:
Executing: close #1
INFO:
Executing: open ../../../pdbs/3wwg.pdb
INFO:
_3wwg.pdb_ title:  
 **Crystal structure of the N-glycan-deficient variant N448A of isopullulanase
complexed with isopanose** [[more info...]](cxcmd:log metadata #1)  
  

INFO:
Chain information for 3wwg.pdb #1  
---  
Chain | Description | UniProt  
[A](cxcmd:select /A:18-564 "Select chain") [B](cxcmd:select /B:18-564 "Select
chain") [C](cxcmd:select /C:18-564 "Select chain") [D](cxcmd:select /D:18-564
"Select chain") | [isopullulanase](cxcmd:sequence chain #1/A#1/B#1/C#1/D "Show
sequence") | [IPUA_ASPNG](cxcmd:open O00105 from uniprot "Show annotations")
[20-564](cxcmd:select #1/A,B,C,D:20-564 "Select sequence")  
  

INFO:
Non-standard residues in 3wwg.pdb #1  
---  
[BGC](cxcmd:sel :BGC "select residue") — [β-D-
glucopyranose](http://www.rcsb.org/ligand/BGC "show residue info") (β-D-
glucose; D-glucose; glucose)  
[GLC](cxcmd:sel :GLC "select residue") — [α-D-
glucopyranose](http://www.rcsb.org/ligand/GLC "show residue info") (α-D-
glucose; D-glucose; glucose)  
[NAG](cxcmd:sel :NAG "select residue") — [2-acetamido-2-deoxy-β-D-
glucopyranose](http://www.rcsb.org/ligand/NAG "show residue info") (N-acetyl-
β-D-glucosamine; 2-acetamido-2-deoxy-β-D-glucose; 2-acetamido-2-deoxy-D-
glucose; 2-acetamido-2-deoxy-glucose; N-acetyl-D-glucosamine)  
  

INFO:
Executing: torsion /E:2@C2 /E:2@C1 /E:1@O6 /E:1@C6
INFO:
Torsion angle for atoms /E GLC 2 C2 C1 BGC 1 O6 C6 is -171.471°
INFO:
Executing: torsion /E:2@C1 /E:1@O6 /E:1@C6 /E:1@C5
INFO:
Torsion angle for atoms /E GLC 2 C1 BGC 1 O6 C6 C5 is 178.332°
INFO:
Executing: close #1
INFO:
Executing: open ../../../pdbs/5i0f.pdb
INFO:
_5i0f.pdb_ title:  
 **Cycloalternan-degrading enzyme from trueperella pyogenes In complex with
covalent intermediate** [[more info...]](cxcmd:log metadata #1)  
  

INFO:
Chain information for 5i0f.pdb #1  
---  
Chain | Description | UniProt  
[B](cxcmd:select /B:1-732 "Select chain") | [glycoside hydrolase family
31](cxcmd:sequence chain #1/B "Show sequence") | [X4QP62_9ACTO](cxcmd:open
X4QP62 from uniprot "Show annotations") [1-729](cxcmd:select #1/B:1-729
"Select sequence")  
  

INFO:
Non-standard residues in 5i0f.pdb #1  
---  
[BGC](cxcmd:sel :BGC "select residue") — [β-D-
glucopyranose](http://www.rcsb.org/ligand/BGC "show residue info") (β-D-
glucose; D-glucose; glucose)  
[CA](cxcmd:sel :CA "select residue") — [calcium
ion](http://www.rcsb.org/ligand/CA "show residue info")  
[GLC](cxcmd:sel :GLC "select residue") — [α-D-
glucopyranose](http://www.rcsb.org/ligand/GLC "show residue info") (α-D-
glucose; D-glucose; glucose)  
[PGE](cxcmd:sel :PGE "select residue") — [triethylene
glycol](http://www.rcsb.org/ligand/PGE "show residue info")  
  

INFO:
Executing: torsion /C:2@C2 /C:2@C1 /C:1@O6 /C:1@C6
INFO:
Torsion angle for atoms /C GLC 2 C2 C1 BGC 1 O6 C6 is -170.794°
INFO:
Executing: torsion /C:2@C1 /C:1@O6 /C:1@C6 /C:1@C5
INFO:
Torsion angle for atoms /C GLC 2 C1 BGC 1 O6 C6 C5 is 126.736°
INFO:
Executing: close #1
INFO:
Executing: open ../../../pdbs/3wnl.pdb
INFO:
_3wnl.pdb_ title:  
 **D308A mutant of bacillus circulans T-3040 cycloisomaltooligosaccharide
glucanotransferase complexed with isomaltohexaose** [[more info...]](cxcmd:log
metadata #1)  
  

INFO:
Chain information for 3wnl.pdb #1  
---  
Chain | Description | UniProt  
[A](cxcmd:select /A:41-741 "Select chain") | [cycloisomaltooligosaccharide
glucanotransferase](cxcmd:sequence chain #1/A "Show sequence") |
[CTA1_BACCI](cxcmd:open P94286 from uniprot "Show annotations")
[39-738](cxcmd:select #1/A:39-738 "Select sequence")  
  

INFO:
Non-standard residues in 3wnl.pdb #1  
---  
[BGC](cxcmd:sel :BGC "select residue") — [β-D-
glucopyranose](http://www.rcsb.org/ligand/BGC "show residue info") (β-D-
glucose; D-glucose; glucose)  
[CA](cxcmd:sel :CA "select residue") — [calcium
ion](http://www.rcsb.org/ligand/CA "show residue info")  
[GLC](cxcmd:sel :GLC "select residue") — [α-D-
glucopyranose](http://www.rcsb.org/ligand/GLC "show residue info") (α-D-
glucose; D-glucose; glucose)  
[MES](cxcmd:sel :MES "select residue") — [2-(N-morpholino)-ethanesulfonic
acid](http://www.rcsb.org/ligand/MES "show residue info")  
[NA](cxcmd:sel :NA "select residue") — [sodium
ion](http://www.rcsb.org/ligand/NA "show residue info")  
[SO4](cxcmd:sel :SO4 "select residue") — [sulfate
ion](http://www.rcsb.org/ligand/SO4 "show residue info")  
  

INFO:
Executing: torsion /B:2@C2 /B:2@C1 /B:1@O6 /B:1@C6
INFO:
Torsion angle for atoms /B GLC 2 C2 C1 BGC 1 O6 C6 is -178.037°
INFO:
Executing: torsion /B:2@C1 /B:1@O6 /B:1@C6 /B:1@C5
INFO:
Torsion angle for atoms /B GLC 2 C1 BGC 1 O6 C6 C5 is 179.964°
INFO:
Executing: close #1
INFO:
Executing: open ../../../pdbs/5axh.pdb
INFO:
_5axh.pdb_ title:  
 **Crystal structure of thermophilic dextranase from thermoanaerobacter
pseudethanolicus, D312G mutant In complex with isomaltohexaose**
[[more info...]](cxcmd:log metadata #1)  
  

INFO:
Chain information for 5axh.pdb #1  
---  
Chain | Description | UniProt  
[A](cxcmd:select /A:26-611 "Select chain") [B](cxcmd:select /B:25-611 "Select
chain") | [dextranase](cxcmd:sequence chain #1/A#1/B "Show sequence") |
[B0KBZ7_THEP3](cxcmd:open B0KBZ7 from uniprot "Show annotations")
[3-610](cxcmd:select #1/A,B:3-610 "Select sequence")  
  

INFO:
Non-standard residues in 5axh.pdb #1  
---  
[BGC](cxcmd:sel :BGC "select residue") — [β-D-
glucopyranose](http://www.rcsb.org/ligand/BGC "show residue info") (β-D-
glucose; D-glucose; glucose)  
[GLC](cxcmd:sel :GLC "select residue") — [α-D-
glucopyranose](http://www.rcsb.org/ligand/GLC "show residue info") (α-D-
glucose; D-glucose; glucose)  
[GOL](cxcmd:sel :GOL "select residue") —
[glycerol](http://www.rcsb.org/ligand/GOL "show residue info") (glycerin;
propane-1,2,3-triol)  
[PO4](cxcmd:sel :PO4 "select residue") — [phosphate
ion](http://www.rcsb.org/ligand/PO4 "show residue info")  
  

INFO:
Executing: torsion /D:2@C2 /D:2@C1 /D:1@O6 /D:1@C6
INFO:
Torsion angle for atoms /D GLC 2 C2 C1 BGC 1 O6 C6 is -157.061°
INFO:
Executing: torsion /D:2@C1 /D:1@O6 /D:1@C6 /D:1@C5
INFO:
Torsion angle for atoms /D GLC 2 C1 BGC 1 O6 C6 C5 is -169.037°
INFO:
Executing: close #1
INFO:
Executing: open ../../../pdbs/3vmo.pdb
INFO:
_3vmo.pdb_ title:  
 **Crystal structure of dextranase from streptococcus mutans In complex with
isomaltotriose** [[more info...]](cxcmd:log metadata #1)  
  

INFO:
Chain information for 3vmo.pdb #1  
---  
Chain | Description | UniProt  
[A](cxcmd:select /A:104-735 "Select chain") | [dextranase](cxcmd:sequence
chain #1/A "Show sequence") | [F5BA50_STRMU](cxcmd:open F5BA50 from uniprot
"Show annotations") [100-732](cxcmd:select #1/A:100-732 "Select sequence")  
  

INFO:
Non-standard residues in 3vmo.pdb #1  
---  
[BGC](cxcmd:sel :BGC "select residue") — [β-D-
glucopyranose](http://www.rcsb.org/ligand/BGC "show residue info") (β-D-
glucose; D-glucose; glucose)  
[GLC](cxcmd:sel :GLC "select residue") — [α-D-
glucopyranose](http://www.rcsb.org/ligand/GLC "show residue info") (α-D-
glucose; D-glucose; glucose)  
[PO4](cxcmd:sel :PO4 "select residue") — [phosphate
ion](http://www.rcsb.org/ligand/PO4 "show residue info")  
  

INFO:
Executing: torsion /B:2@C2 /B:2@C1 /B:1@O6 /B:1@C6
INFO:
Torsion angle for atoms /B GLC 2 C2 C1 BGC 1 O6 C6 is 159.917°
INFO:
Executing: torsion /B:2@C1 /B:1@O6 /B:1@C6 /B:1@C5
INFO:
Torsion angle for atoms /B GLC 2 C1 BGC 1 O6 C6 C5 is -159.945°
INFO:
Executing: close #1
INFO:
Executing: open ../../../pdbs/1ogo.pdb
INFO:
_1ogo.pdb_ title:  
 **DEX49A from penicillium minioluteum complex with isomaltose**
[[more info...]](cxcmd:log metadata #1)  
  

INFO:
Chain information for 1ogo.pdb #1  
---  
Chain | Description | UniProt  
[X](cxcmd:select /X:3-574 "Select chain") | [dextranase](cxcmd:sequence chain
#1/X "Show sequence") | [DEXT_PENMI](cxcmd:open P48845 from uniprot "Show
annotations") [1-574](cxcmd:select #1/X:1-574 "Select sequence")  
  

INFO:
Non-standard residues in 1ogo.pdb #1  
---  
[BGC](cxcmd:sel :BGC "select residue") — [β-D-
glucopyranose](http://www.rcsb.org/ligand/BGC "show residue info")  
[GLC](cxcmd:sel :GLC "select residue") — [α-D-
glucopyranose](http://www.rcsb.org/ligand/GLC "show residue info")  
  

INFO:
Executing: torsion /A:2@C2 /A:2@C1 /A:1@O6 /A:1@C6
INFO:
Torsion angle for atoms /A GLC 2 C2 C1 BGC 1 O6 C6 is -170.313°
INFO:
Executing: torsion /A:2@C1 /A:1@O6 /A:1@C6 /A:1@C5
INFO:
Torsion angle for atoms /A GLC 2 C1 BGC 1 O6 C6 C5 is 167.793°
INFO:
Executing: close #1
INFO:
Executing: open ../../../pdbs/3wnn.pdb
INFO:
_3wnn.pdb_ title:  
 **D308A mutant of bacillus circulans T-3040 cycloisomaltooligosaccharide
glucanotransferase complexed with isomaltooctaose** [[more info...]](cxcmd:log
metadata #1)  
  

INFO:
Chain information for 3wnn.pdb #1  
---  
Chain | Description | UniProt  
[A](cxcmd:select /A:42-740 "Select chain") [B](cxcmd:select /B:43-740 "Select
chain") | [cycloisomaltooligosaccharide glucanotransferase](cxcmd:sequence
chain #1/A#1/B "Show sequence") | [CTA1_BACCI](cxcmd:open P94286 from uniprot
"Show annotations") [39-738](cxcmd:select #1/A,B:39-738 "Select sequence")  
  

INFO:
Non-standard residues in 3wnn.pdb #1  
---  
[BGC](cxcmd:sel :BGC "select residue") — [β-D-
glucopyranose](http://www.rcsb.org/ligand/BGC "show residue info") (β-D-
glucose; D-glucose; glucose)  
[CA](cxcmd:sel :CA "select residue") — [calcium
ion](http://www.rcsb.org/ligand/CA "show residue info")  
[GLC](cxcmd:sel :GLC "select residue") — [α-D-
glucopyranose](http://www.rcsb.org/ligand/GLC "show residue info") (α-D-
glucose; D-glucose; glucose)  
[MES](cxcmd:sel :MES "select residue") — [2-(N-morpholino)-ethanesulfonic
acid](http://www.rcsb.org/ligand/MES "show residue info")  
[NA](cxcmd:sel :NA "select residue") — [sodium
ion](http://www.rcsb.org/ligand/NA "show residue info")  
[SO4](cxcmd:sel :SO4 "select residue") — [sulfate
ion](http://www.rcsb.org/ligand/SO4 "show residue info")  
  

INFO:
Executing: torsion /E:2@C2 /E:2@C1 /E:1@O6 /E:1@C6
INFO:
Torsion angle for atoms /E GLC 2 C2 C1 BGC 1 O6 C6 is -178.815°
INFO:
Executing: torsion /E:2@C1 /E:1@O6 /E:1@C6 /E:1@C5
INFO:
Torsion angle for atoms /E GLC 2 C1 BGC 1 O6 C6 C5 is -174.747°
INFO:
Executing: close #1
INFO:
Executing: open ../../../pdbs/3wnn.pdb
INFO:
_3wnn.pdb_ title:  
 **D308A mutant of bacillus circulans T-3040 cycloisomaltooligosaccharide
glucanotransferase complexed with isomaltooctaose** [[more info...]](cxcmd:log
metadata #1)  
  

INFO:
Chain information for 3wnn.pdb #1  
---  
Chain | Description | UniProt  
[A](cxcmd:select /A:42-740 "Select chain") [B](cxcmd:select /B:43-740 "Select
chain") | [cycloisomaltooligosaccharide glucanotransferase](cxcmd:sequence
chain #1/A#1/B "Show sequence") | [CTA1_BACCI](cxcmd:open P94286 from uniprot
"Show annotations") [39-738](cxcmd:select #1/A,B:39-738 "Select sequence")  
  

INFO:
Non-standard residues in 3wnn.pdb #1  
---  
[BGC](cxcmd:sel :BGC "select residue") — [β-D-
glucopyranose](http://www.rcsb.org/ligand/BGC "show residue info") (β-D-
glucose; D-glucose; glucose)  
[CA](cxcmd:sel :CA "select residue") — [calcium
ion](http://www.rcsb.org/ligand/CA "show residue info")  
[GLC](cxcmd:sel :GLC "select residue") — [α-D-
glucopyranose](http://www.rcsb.org/ligand/GLC "show residue info") (α-D-
glucose; D-glucose; glucose)  
[MES](cxcmd:sel :MES "select residue") — [2-(N-morpholino)-ethanesulfonic
acid](http://www.rcsb.org/ligand/MES "show residue info")  
[NA](cxcmd:sel :NA "select residue") — [sodium
ion](http://www.rcsb.org/ligand/NA "show residue info")  
[SO4](cxcmd:sel :SO4 "select residue") — [sulfate
ion](http://www.rcsb.org/ligand/SO4 "show residue info")  
  

INFO:
Executing: torsion /C:2@C2 /C:2@C1 /C:1@O6 /C:1@C6
INFO:
Torsion angle for atoms /C GLC 2 C2 C1 BGC 1 O6 C6 is -169.035°
INFO:
Executing: torsion /C:2@C1 /C:1@O6 /C:1@C6 /C:1@C5
INFO:
Torsion angle for atoms /C GLC 2 C1 BGC 1 O6 C6 C5 is 171.375°
INFO:
Executing: close #1
INFO:
Executing: open ../../../pdbs/2fh8.pdb
INFO:
_2fh8.pdb_ title:  
 **Crystal structure analysis of klebsiella pneumoniae pullulanase complexed
with isomaltose** [[more info...]](cxcmd:log metadata #1)  
  

INFO:
Chain information for 2fh8.pdb #1  
---  
Chain | Description | UniProt  
[A](cxcmd:select /A:32-1083 "Select chain") | [pullulan
6-glucanohydrolase](cxcmd:sequence chain #1/A "Show sequence") |
[W9BQ28_KLEPN](cxcmd:open W9BQ28 from uniprot "Show annotations")
[1-1083](cxcmd:select #1/A:1-1083 "Select sequence")  
  

INFO:
Non-standard residues in 2fh8.pdb #1  
---  
[BGC](cxcmd:sel :BGC "select residue") — [β-D-
glucopyranose](http://www.rcsb.org/ligand/BGC "show residue info") (β-D-
glucose; D-glucose; glucose)  
[CA](cxcmd:sel :CA "select residue") — [calcium
ion](http://www.rcsb.org/ligand/CA "show residue info")  
[GLC](cxcmd:sel :GLC "select residue") — [α-D-
glucopyranose](http://www.rcsb.org/ligand/GLC "show residue info") (α-D-
glucose; D-glucose; glucose)  
  

INFO:
Executing: torsion /B:2@C2 /B:2@C1 /B:1@O6 /B:1@C6
INFO:
Torsion angle for atoms /B GLC 2 C2 C1 BGC 1 O6 C6 is -167.536°
INFO:
Executing: torsion /B:2@C1 /B:1@O6 /B:1@C6 /B:1@C5
INFO:
Torsion angle for atoms /B GLC 2 C1 BGC 1 O6 C6 C5 is 164.036°
INFO:
Executing: close #1
INFO:
Executing: open ../../../pdbs/5yrj.pdb
INFO:
_5yrj.pdb_ title:  
 **PPL3B-isomaltose complex** [[more info...]](cxcmd:log metadata #1)  
  

INFO:
Chain information for 5yrj.pdb #1  
---  
Chain | Description | UniProt  
[A](cxcmd:select /A:20-161 "Select chain") | [PPL3-A](cxcmd:sequence chain
#1/A "Show sequence") | [B6F0T7_PTEPN](cxcmd:open B6F0T7 from uniprot "Show
annotations") [20-161](cxcmd:select #1/A:20-161 "Select sequence")  
[B](cxcmd:select /B:20-161 "Select chain") | [PPL3-B](cxcmd:sequence chain
#1/B "Show sequence") |  
  

INFO:
Non-standard residues in 5yrj.pdb #1  
---  
[BGC](cxcmd:sel :BGC "select residue") — [β-D-
glucopyranose](http://www.rcsb.org/ligand/BGC "show residue info") (β-D-
glucose; D-glucose; glucose)  
[GLC](cxcmd:sel :GLC "select residue") — [α-D-
glucopyranose](http://www.rcsb.org/ligand/GLC "show residue info") (α-D-
glucose; D-glucose; glucose)  
[PCA](cxcmd:sel :PCA "select residue") — [pyroglutamic
acid](http://www.rcsb.org/ligand/PCA "show residue info")  
[SO4](cxcmd:sel :SO4 "select residue") — [sulfate
ion](http://www.rcsb.org/ligand/SO4 "show residue info")  
  

INFO:
Executing: torsion /D:2@C2 /D:2@C1 /D:1@O6 /D:1@C6
INFO:
Torsion angle for atoms /D GLC 2 C2 C1 BGC 1 O6 C6 is -174.202°
INFO:
Executing: torsion /D:2@C1 /D:1@O6 /D:1@C6 /D:1@C5
INFO:
Torsion angle for atoms /D GLC 2 C1 BGC 1 O6 C6 C5 is -179.83°
INFO:
Executing: close #1
INFO:
Executing: open ../../../pdbs/5yrj.pdb
INFO:
_5yrj.pdb_ title:  
 **PPL3B-isomaltose complex** [[more info...]](cxcmd:log metadata #1)  
  

INFO:
Chain information for 5yrj.pdb #1  
---  
Chain | Description | UniProt  
[A](cxcmd:select /A:20-161 "Select chain") | [PPL3-A](cxcmd:sequence chain
#1/A "Show sequence") | [B6F0T7_PTEPN](cxcmd:open B6F0T7 from uniprot "Show
annotations") [20-161](cxcmd:select #1/A:20-161 "Select sequence")  
[B](cxcmd:select /B:20-161 "Select chain") | [PPL3-B](cxcmd:sequence chain
#1/B "Show sequence") |  
  

INFO:
Non-standard residues in 5yrj.pdb #1  
---  
[BGC](cxcmd:sel :BGC "select residue") — [β-D-
glucopyranose](http://www.rcsb.org/ligand/BGC "show residue info") (β-D-
glucose; D-glucose; glucose)  
[GLC](cxcmd:sel :GLC "select residue") — [α-D-
glucopyranose](http://www.rcsb.org/ligand/GLC "show residue info") (α-D-
glucose; D-glucose; glucose)  
[PCA](cxcmd:sel :PCA "select residue") — [pyroglutamic
acid](http://www.rcsb.org/ligand/PCA "show residue info")  
[SO4](cxcmd:sel :SO4 "select residue") — [sulfate
ion](http://www.rcsb.org/ligand/SO4 "show residue info")  
  

INFO:
Executing: torsion /C:2@C2 /C:2@C1 /C:1@O6 /C:1@C6
INFO:
Torsion angle for atoms /C GLC 2 C2 C1 BGC 1 O6 C6 is -168.456°
INFO:
Executing: torsion /C:2@C1 /C:1@O6 /C:1@C6 /C:1@C5
INFO:
Torsion angle for atoms /C GLC 2 C1 BGC 1 O6 C6 C5 is 174.999°
INFO:
Executing: close #1
INFO:
Executing: open ../../../pdbs/2z8g.pdb
INFO:
_2z8g.pdb_ title:  
 **Aspergillus niger ATCC9642 isopullulanase complexed with isopanose**
[[more info...]](cxcmd:log metadata #1)  
  

INFO:
Chain information for 2z8g.pdb #1  
---  
Chain | Description | UniProt  
[A](cxcmd:select /A:16-564 "Select chain") [B](cxcmd:select /B:16-564 "Select
chain") | [isopullulanase](cxcmd:sequence chain #1/A#1/B "Show sequence") |
[IPUA_ASPNG](cxcmd:open O00105 from uniprot "Show annotations")
[20-564](cxcmd:select #1/A,B:20-564 "Select sequence")  
  

INFO:
Non-standard residues in 2z8g.pdb #1  
---  
[BGC](cxcmd:sel :BGC "select residue") — [β-D-
glucopyranose](http://www.rcsb.org/ligand/BGC "show residue info") (β-D-
glucose; D-glucose; glucose)  
[GLC](cxcmd:sel :GLC "select residue") — [α-D-
glucopyranose](http://www.rcsb.org/ligand/GLC "show residue info") (α-D-
glucose; D-glucose; glucose)  
[NAG](cxcmd:sel :NAG "select residue") — [2-acetamido-2-deoxy-β-D-
glucopyranose](http://www.rcsb.org/ligand/NAG "show residue info") (N-acetyl-
β-D-glucosamine; 2-acetamido-2-deoxy-β-D-glucose; 2-acetamido-2-deoxy-D-
glucose; 2-acetamido-2-deoxy-glucose; N-acetyl-D-glucosamine)  
  

INFO:
Executing: torsion /C:2@C2 /C:2@C1 /C:1@O6 /C:1@C6
INFO:
Torsion angle for atoms /C GLC 2 C2 C1 BGC 1 O6 C6 is -176.214°
INFO:
Executing: torsion /C:2@C1 /C:1@O6 /C:1@C6 /C:1@C5
INFO:
Torsion angle for atoms /C GLC 2 C1 BGC 1 O6 C6 C5 is -159.679°
INFO:
Executing: close #1
INFO:
Executing: open ../../../pdbs/2z8g.pdb
INFO:
_2z8g.pdb_ title:  
 **Aspergillus niger ATCC9642 isopullulanase complexed with isopanose**
[[more info...]](cxcmd:log metadata #1)  
  

INFO:
Chain information for 2z8g.pdb #1  
---  
Chain | Description | UniProt  
[A](cxcmd:select /A:16-564 "Select chain") [B](cxcmd:select /B:16-564 "Select
chain") | [isopullulanase](cxcmd:sequence chain #1/A#1/B "Show sequence") |
[IPUA_ASPNG](cxcmd:open O00105 from uniprot "Show annotations")
[20-564](cxcmd:select #1/A,B:20-564 "Select sequence")  
  

INFO:
Non-standard residues in 2z8g.pdb #1  
---  
[BGC](cxcmd:sel :BGC "select residue") — [β-D-
glucopyranose](http://www.rcsb.org/ligand/BGC "show residue info") (β-D-
glucose; D-glucose; glucose)  
[GLC](cxcmd:sel :GLC "select residue") — [α-D-
glucopyranose](http://www.rcsb.org/ligand/GLC "show residue info") (α-D-
glucose; D-glucose; glucose)  
[NAG](cxcmd:sel :NAG "select residue") — [2-acetamido-2-deoxy-β-D-
glucopyranose](http://www.rcsb.org/ligand/NAG "show residue info") (N-acetyl-
β-D-glucosamine; 2-acetamido-2-deoxy-β-D-glucose; 2-acetamido-2-deoxy-D-
glucose; 2-acetamido-2-deoxy-glucose; N-acetyl-D-glucosamine)  
  

INFO:
Executing: torsion /D:2@C2 /D:2@C1 /D:1@O6 /D:1@C6
INFO:
Torsion angle for atoms /D GLC 2 C2 C1 BGC 1 O6 C6 is -170.975°
INFO:
Executing: torsion /D:2@C1 /D:1@O6 /D:1@C6 /D:1@C5
INFO:
Torsion angle for atoms /D GLC 2 C1 BGC 1 O6 C6 C5 is -169.643°
INFO:
Executing: close #1
INFO:
Executing: open ../../../pdbs/5awp.pdb
INFO:
_5awp.pdb_ title:  
 **Arthrobacter globiformis T6 isomalto-dextranase complexed with isomaltose**
[[more info...]](cxcmd:log metadata #1)  
  

INFO:
Chain information for 5awp.pdb #1  
---  
Chain | Description | UniProt  
[A](cxcmd:select /A:11-606 "Select chain") |
[isomaltodextranase](cxcmd:sequence chain #1/A "Show sequence") |
[Q7WSN5_ARTGO](cxcmd:open Q7WSN5 from uniprot "Show annotations")
[1-606](cxcmd:select #1/A:1-606 "Select sequence")  
  

INFO:
Non-standard residues in 5awp.pdb #1  
---  
[BGC](cxcmd:sel :BGC "select residue") — [β-D-
glucopyranose](http://www.rcsb.org/ligand/BGC "show residue info") (β-D-
glucose; D-glucose; glucose)  
[GLC](cxcmd:sel :GLC "select residue") — [α-D-
glucopyranose](http://www.rcsb.org/ligand/GLC "show residue info") (α-D-
glucose; D-glucose; glucose)  
[PO4](cxcmd:sel :PO4 "select residue") — [phosphate
ion](http://www.rcsb.org/ligand/PO4 "show residue info")  
  

INFO:
Executing: torsion /C:2@C2 /C:2@C1 /C:1@O6 /C:1@C6
INFO:
Torsion angle for atoms /C GLC 2 C2 C1 BGC 1 O6 C6 is -167.896°
INFO:
Executing: torsion /C:2@C1 /C:1@O6 /C:1@C6 /C:1@C5
INFO:
Torsion angle for atoms /C GLC 2 C1 BGC 1 O6 C6 C5 is -172.796°
INFO:
Executing: close #1
INFO:
Executing: open ../../../pdbs/5awp.pdb
INFO:
_5awp.pdb_ title:  
 **Arthrobacter globiformis T6 isomalto-dextranase complexed with isomaltose**
[[more info...]](cxcmd:log metadata #1)  
  

INFO:
Chain information for 5awp.pdb #1  
---  
Chain | Description | UniProt  
[A](cxcmd:select /A:11-606 "Select chain") |
[isomaltodextranase](cxcmd:sequence chain #1/A "Show sequence") |
[Q7WSN5_ARTGO](cxcmd:open Q7WSN5 from uniprot "Show annotations")
[1-606](cxcmd:select #1/A:1-606 "Select sequence")  
  

INFO:
Non-standard residues in 5awp.pdb #1  
---  
[BGC](cxcmd:sel :BGC "select residue") — [β-D-
glucopyranose](http://www.rcsb.org/ligand/BGC "show residue info") (β-D-
glucose; D-glucose; glucose)  
[GLC](cxcmd:sel :GLC "select residue") — [α-D-
glucopyranose](http://www.rcsb.org/ligand/GLC "show residue info") (α-D-
glucose; D-glucose; glucose)  
[PO4](cxcmd:sel :PO4 "select residue") — [phosphate
ion](http://www.rcsb.org/ligand/PO4 "show residue info")  
  

INFO:
Executing: torsion /B:2@C2 /B:2@C1 /B:1@O6 /B:1@C6
INFO:
Torsion angle for atoms /B GLC 2 C2 C1 BGC 1 O6 C6 is -161.553°
INFO:
Executing: torsion /B:2@C1 /B:1@O6 /B:1@C6 /B:1@C5
INFO:
Torsion angle for atoms /B GLC 2 C1 BGC 1 O6 C6 C5 is 164.905°
INFO:
Executing: close #1
INFO:
Executing: open ../../../pdbs/3mkk.pdb
INFO:
_3mkk.pdb_ title:  
 **The crystal structure of the D307A mutant of glycoside hydrolase (family
31) from ruminococcus obeum ATCC 29174 In complex with isomaltose**
[[more info...]](cxcmd:log metadata #1)  
  

INFO:
Chain information for 3mkk.pdb #1  
---  
Chain | Description | UniProt  
[A](cxcmd:select /A:0-663 "Select chain") [B](cxcmd:select /B:0-663 "Select
chain") | [α-glucosidase GH31 family](cxcmd:sequence chain #1/A#1/B "Show
sequence") | [A5ZY13_9FIRM](cxcmd:open A5ZY13 from uniprot "Show annotations")
[1-663](cxcmd:select #1/A,B:1-663 "Select sequence")  
  

INFO:
Non-standard residues in 3mkk.pdb #1  
---  
[BGC](cxcmd:sel :BGC "select residue") — [β-D-
glucopyranose](http://www.rcsb.org/ligand/BGC "show residue info") (β-D-
glucose; D-glucose; glucose)  
[GLC](cxcmd:sel :GLC "select residue") — [α-D-
glucopyranose](http://www.rcsb.org/ligand/GLC "show residue info") (α-D-
glucose; D-glucose; glucose)  
  

INFO:
Executing: torsion /A:801@C2 /A:801@C1 /A:802@O6 /A:802@C6
INFO:
Torsion angle for atoms /A GLC 801 C2 C1 BGC 802 O6 C6 is 168.341°
INFO:
Executing: torsion /A:801@C1 /A:802@O6 /A:802@C6 /A:802@C5
INFO:
Torsion angle for atoms /A GLC 801 C1 BGC 802 O6 C6 C5 is 154.183°
INFO:
Executing: close #1
INFO:
Executing: open ../../../pdbs/3mkk.pdb
INFO:
_3mkk.pdb_ title:  
 **The crystal structure of the D307A mutant of glycoside hydrolase (family
31) from ruminococcus obeum ATCC 29174 In complex with isomaltose**
[[more info...]](cxcmd:log metadata #1)  
  

INFO:
Chain information for 3mkk.pdb #1  
---  
Chain | Description | UniProt  
[A](cxcmd:select /A:0-663 "Select chain") [B](cxcmd:select /B:0-663 "Select
chain") | [α-glucosidase GH31 family](cxcmd:sequence chain #1/A#1/B "Show
sequence") | [A5ZY13_9FIRM](cxcmd:open A5ZY13 from uniprot "Show annotations")
[1-663](cxcmd:select #1/A,B:1-663 "Select sequence")  
  

INFO:
Non-standard residues in 3mkk.pdb #1  
---  
[BGC](cxcmd:sel :BGC "select residue") — [β-D-
glucopyranose](http://www.rcsb.org/ligand/BGC "show residue info") (β-D-
glucose; D-glucose; glucose)  
[GLC](cxcmd:sel :GLC "select residue") — [α-D-
glucopyranose](http://www.rcsb.org/ligand/GLC "show residue info") (α-D-
glucose; D-glucose; glucose)  
  

INFO:
Executing: torsion /C:2@C2 /C:2@C1 /C:1@O6 /C:1@C6
INFO:
Torsion angle for atoms /C GLC 2 C2 C1 BGC 1 O6 C6 is 171.409°
INFO:
Executing: torsion /C:2@C1 /C:1@O6 /C:1@C6 /C:1@C5
INFO:
Torsion angle for atoms /C GLC 2 C1 BGC 1 O6 C6 C5 is 158.004°
INFO:
Executing: close #1
INFO:
Executing: open ../../../pdbs/1xcx.pdb
INFO:
_1xcx.pdb_ title:  
 **Acarbose rearrangement mechanism implied by the kinetic and structural
analysis of human pancreatic α-amylase In complex with analogues and their
elongated counterparts** [[more info...]](cxcmd:log metadata #1)  
  

INFO:
Chain information for 1xcx.pdb #1  
---  
Chain | Description | UniProt  
[A](cxcmd:select /A:1-496 "Select chain") | [α-amylase](cxcmd:sequence chain
#1/A "Show sequence") | [AMYP_HUMAN](cxcmd:open P04746 from uniprot "Show
annotations") [1-496](cxcmd:select #1/A:1-496 "Select sequence")  
  

INFO:
Non-standard residues in 1xcx.pdb #1  
---  
[AC1](cxcmd:sel :AC1 "select residue") —
[4,6-dideoxy-4-{[(1S,4R,5S,6S)-4,5,6-trihydroxy-3-(hydroxymethyl)cyclohex-2-en-1-yl]amino}-α-D-
glucopyranose](http://www.rcsb.org/ligand/AC1 "show residue info")
(N-[4-hydroxymethyl-
cyclohexan-6-yl-1,2,3-triol]-4,6-dideoxy-4-aminoglucopyranoside)  
[BGC](cxcmd:sel :BGC "select residue") — [β-D-
glucopyranose](http://www.rcsb.org/ligand/BGC "show residue info")  
[CA](cxcmd:sel :CA "select residue") — [calcium
ion](http://www.rcsb.org/ligand/CA "show residue info")  
[CL](cxcmd:sel :CL "select residue") — [chloride
ion](http://www.rcsb.org/ligand/CL "show residue info")  
[GLC](cxcmd:sel :GLC "select residue") — [α-D-
glucopyranose](http://www.rcsb.org/ligand/GLC "show residue info")  
[NAG](cxcmd:sel :NAG "select residue") — [2-acetamido-2-deoxy-β-D-
glucopyranose](http://www.rcsb.org/ligand/NAG "show residue info")  
  

INFO:
Executing: torsion /B:2@C2 /B:2@C1 /B:1@O6 /B:1@C6
INFO:
Torsion angle for atoms /B GLC 2 C2 C1 BGC 1 O6 C6 is -178.489°
INFO:
Executing: torsion /B:2@C1 /B:1@O6 /B:1@C6 /B:1@C5
INFO:
Torsion angle for atoms /B GLC 2 C1 BGC 1 O6 C6 C5 is 107.329°
INFO:
Executing: close #1
INFO:
Executing: open ../../../pdbs/5x7r.pdb
INFO:
_5x7r.pdb_ title:  
 **Crystal structure of paenibacillus SP. 598K α-1,6- glucosyltransferase
complexed with isomaltohexaose** [[more info...]](cxcmd:log metadata #1)  
  

INFO:
Chain information for 5x7r.pdb #1  
---  
Chain | Description  
[A](cxcmd:select /A:35-1281 "Select chain") [B](cxcmd:select /B:35-1281
"Select chain") | [glycoside hydrolase family 31 α-glucosidase](cxcmd:sequence
chain #1/A#1/B "Show sequence")  
  

INFO:
Non-standard residues in 5x7r.pdb #1  
---  
[AC1](cxcmd:sel :AC1 "select residue") —
[4,6-dideoxy-4-{[(1S,4R,5S,6S)-4,5,6-trihydroxy-3-(hydroxymethyl)cyclohex-2-en-1-yl]amino}-α-D-
glucopyranose](http://www.rcsb.org/ligand/AC1 "show residue info")
(6-methyl-5-(4,5,6-trihydroxy-3-hydroxymethyl-
cyclohex-2-enylamino)-tetrahydro-pyran-2,3,4-triol;
4,6-dideoxy-4-{[(1S,4R,5S,6S)-4,5,6-trihydroxy-3-(hydroxymethyl)cyclohex-2-en-1-yl]amino}-α-D-
glucose;
4,6-dideoxy-4-{[(1S,4R,5S,6S)-4,5,6-trihydroxy-3-(hydroxymethyl)cyclohex-2-en-1-yl]amino}-D-glucose;
4,6-dideoxy-4-{[(1S,4R,5S,6S)-4,5,6-trihydroxy-3-(hydroxymethyl)cyclohex-2-en-1-yl]amino}-glucose)  
[BGC](cxcmd:sel :BGC "select residue") — [β-D-
glucopyranose](http://www.rcsb.org/ligand/BGC "show residue info") (β-D-
glucose; D-glucose; glucose)  
[CA](cxcmd:sel :CA "select residue") — [calcium
ion](http://www.rcsb.org/ligand/CA "show residue info")  
[EDO](cxcmd:sel :EDO "select residue") —
[1,2-ethanediol](http://www.rcsb.org/ligand/EDO "show residue info") (ethylene
glycol)  
[GLC](cxcmd:sel :GLC "select residue") — [α-D-
glucopyranose](http://www.rcsb.org/ligand/GLC "show residue info") (α-D-
glucose; D-glucose; glucose)  
[MES](cxcmd:sel :MES "select residue") — [2-(N-morpholino)-ethanesulfonic
acid](http://www.rcsb.org/ligand/MES "show residue info")  
[MG](cxcmd:sel :MG "select residue") — [magnesium
ion](http://www.rcsb.org/ligand/MG "show residue info")  
[NI](cxcmd:sel :NI "select residue") — [nickel (II)
ion](http://www.rcsb.org/ligand/NI "show residue info")  
[SO4](cxcmd:sel :SO4 "select residue") — [sulfate
ion](http://www.rcsb.org/ligand/SO4 "show residue info")  
  

INFO:
Executing: torsion /C:2@C2 /C:2@C1 /C:1@O6 /C:1@C6
INFO:
Torsion angle for atoms /C GLC 2 C2 C1 BGC 1 O6 C6 is -179.487°
INFO:
Executing: torsion /C:2@C1 /C:1@O6 /C:1@C6 /C:1@C5
INFO:
Torsion angle for atoms /C GLC 2 C1 BGC 1 O6 C6 C5 is 164.721°
INFO:
Executing: close #1
INFO:
Executing: open ../../../pdbs/5yrm.pdb
INFO:
_5yrm.pdb_ title:  
 **PPL3C-isomaltose complex** [[more info...]](cxcmd:log metadata #1)  
  

INFO:
Chain information for 5yrm.pdb #1  
---  
Chain | Description  
[A](cxcmd:select /A:20-161 "Select chain") [B](cxcmd:select /B:20-161 "Select
chain") | [PPL3-B](cxcmd:sequence chain #1/A#1/B "Show sequence")  
  

INFO:
Non-standard residues in 5yrm.pdb #1  
---  
[BGC](cxcmd:sel :BGC "select residue") — [β-D-
glucopyranose](http://www.rcsb.org/ligand/BGC "show residue info") (β-D-
glucose; D-glucose; glucose)  
[GLC](cxcmd:sel :GLC "select residue") — [α-D-
glucopyranose](http://www.rcsb.org/ligand/GLC "show residue info") (α-D-
glucose; D-glucose; glucose)  
[SO4](cxcmd:sel :SO4 "select residue") — [sulfate
ion](http://www.rcsb.org/ligand/SO4 "show residue info")  
  

INFO:
Executing: torsion /C:2@C2 /C:2@C1 /C:1@O6 /C:1@C6
INFO:
Torsion angle for atoms /C GLC 2 C2 C1 BGC 1 O6 C6 is -169.935°
INFO:
Executing: torsion /C:2@C1 /C:1@O6 /C:1@C6 /C:1@C5
INFO:
Torsion angle for atoms /C GLC 2 C1 BGC 1 O6 C6 C5 is -172.623°
INFO:
Executing: close #1
INFO:
Executing: open ../../../pdbs/5yrg.pdb
INFO:
_5yrg.pdb_ title:  
 **PPL3A-isomaltose complex** [[more info...]](cxcmd:log metadata #1)  
  

INFO:
Chain information for 5yrg.pdb #1  
---  
Chain | Description | UniProt  
[A](cxcmd:select /A:20-161 "Select chain") | [PPL3-A](cxcmd:sequence chain
#1/A "Show sequence") | [B6F0T7_PTEPN](cxcmd:open B6F0T7 from uniprot "Show
annotations") [20-161](cxcmd:select #1/A:20-161 "Select sequence")  
[B](cxcmd:select /B:20-161 "Select chain") | [PPL3-A](cxcmd:sequence chain
#1/B "Show sequence") | [B6F0T7_PTEPN](cxcmd:open B6F0T7 from uniprot "Show
annotations") [20-161](cxcmd:select #1/B:20-161 "Select sequence")  
  

INFO:
Non-standard residues in 5yrg.pdb #1  
---  
[BGC](cxcmd:sel :BGC "select residue") — [β-D-
glucopyranose](http://www.rcsb.org/ligand/BGC "show residue info") (β-D-
glucose; D-glucose; glucose)  
[GLC](cxcmd:sel :GLC "select residue") — [α-D-
glucopyranose](http://www.rcsb.org/ligand/GLC "show residue info") (α-D-
glucose; D-glucose; glucose)  
[SO4](cxcmd:sel :SO4 "select residue") — [sulfate
ion](http://www.rcsb.org/ligand/SO4 "show residue info")  
  

INFO:
Executing: torsion /C:2@C2 /C:2@C1 /C:1@O6 /C:1@C6
INFO:
Torsion angle for atoms /C GLC 2 C2 C1 BGC 1 O6 C6 is -167.015°
INFO:
Executing: torsion /C:2@C1 /C:1@O6 /C:1@C6 /C:1@C5
INFO:
Torsion angle for atoms /C GLC 2 C1 BGC 1 O6 C6 C5 is -171.873°
INFO:
Executing: close #1
INFO:
Executing: open ../../../pdbs/5yrg.pdb
INFO:
_5yrg.pdb_ title:  
 **PPL3A-isomaltose complex** [[more info...]](cxcmd:log metadata #1)  
  

INFO:
Chain information for 5yrg.pdb #1  
---  
Chain | Description | UniProt  
[A](cxcmd:select /A:20-161 "Select chain") | [PPL3-A](cxcmd:sequence chain
#1/A "Show sequence") | [B6F0T7_PTEPN](cxcmd:open B6F0T7 from uniprot "Show
annotations") [20-161](cxcmd:select #1/A:20-161 "Select sequence")  
[B](cxcmd:select /B:20-161 "Select chain") | [PPL3-A](cxcmd:sequence chain
#1/B "Show sequence") | [B6F0T7_PTEPN](cxcmd:open B6F0T7 from uniprot "Show
annotations") [20-161](cxcmd:select #1/B:20-161 "Select sequence")  
  

INFO:
Non-standard residues in 5yrg.pdb #1  
---  
[BGC](cxcmd:sel :BGC "select residue") — [β-D-
glucopyranose](http://www.rcsb.org/ligand/BGC "show residue info") (β-D-
glucose; D-glucose; glucose)  
[GLC](cxcmd:sel :GLC "select residue") — [α-D-
glucopyranose](http://www.rcsb.org/ligand/GLC "show residue info") (α-D-
glucose; D-glucose; glucose)  
[SO4](cxcmd:sel :SO4 "select residue") — [sulfate
ion](http://www.rcsb.org/ligand/SO4 "show residue info")  
  

INFO:
Executing: torsion /D:2@C2 /D:2@C1 /D:1@O6 /D:1@C6
INFO:
Torsion angle for atoms /D GLC 2 C2 C1 BGC 1 O6 C6 is -169.473°
INFO:
Executing: torsion /D:2@C1 /D:1@O6 /D:1@C6 /D:1@C5
INFO:
Torsion angle for atoms /D GLC 2 C1 BGC 1 O6 C6 C5 is -175.787°
INFO:
Executing: close #1
INFO:
Executing: open ../../../pdbs/2d0g.pdb
INFO:
_2d0g.pdb_ title:  
 **Crystal structure of thermoactinomyces vulgaris R-47 α-amylase 1 (tvai)
mutant D356N/E396Q complexed with P5, A pullulan model oligosaccharide**
[[more info...]](cxcmd:log metadata #1)  
  

INFO:
Chain information for 2d0g.pdb #1  
---  
Chain | Description | UniProt  
[A](cxcmd:select /A:1-637 "Select chain") | [TVA I](cxcmd:sequence chain #1/A
"Show sequence") | [NEPU1_THEVU](cxcmd:open Q60053 from uniprot "Show
annotations") [1-637](cxcmd:select #1/A:1-637 "Select sequence")  
  

INFO:
Non-standard residues in 2d0g.pdb #1  
---  
[BGC](cxcmd:sel :BGC "select residue") — [β-D-
glucopyranose](http://www.rcsb.org/ligand/BGC "show residue info") (β-D-
glucose; D-glucose; glucose)  
[CA](cxcmd:sel :CA "select residue") — [calcium
ion](http://www.rcsb.org/ligand/CA "show residue info")  
[GLC](cxcmd:sel :GLC "select residue") — [α-D-
glucopyranose](http://www.rcsb.org/ligand/GLC "show residue info") (α-D-
glucose; D-glucose; glucose)  
[MPD](cxcmd:sel :MPD "select residue") —
[(4S)-2-methyl-2,4-pentanediol](http://www.rcsb.org/ligand/MPD "show residue
info")  
  

INFO:
Executing: torsion /B:9@C2 /B:9@C1 /B:8@O6 /B:8@C6
INFO:
Torsion angle for atoms /B GLC 9 C2 C1 BGC 8 O6 C6 is 168.801°
INFO:
Executing: torsion /B:9@C1 /B:8@O6 /B:8@C6 /B:8@C5
INFO:
Torsion angle for atoms /B GLC 9 C1 BGC 8 O6 C6 C5 is 166.578°
INFO:
Executing: close #1
INFO:
Executing: open ../../../pdbs/3wnm.pdb
INFO:
_3wnm.pdb_ title:  
 **D308A mutant of bacillus circulans T-3040 cycloisomaltooligosaccharide
glucanotransferase complexed with isomaltoheptaose**
[[more info...]](cxcmd:log metadata #1)  
  

INFO:
Chain information for 3wnm.pdb #1  
---  
Chain | Description | UniProt  
[A](cxcmd:select /A:41-741 "Select chain") | [cycloisomaltooligosaccharide
glucanotransferase](cxcmd:sequence chain #1/A "Show sequence") |
[CTA1_BACCI](cxcmd:open P94286 from uniprot "Show annotations")
[39-738](cxcmd:select #1/A:39-738 "Select sequence")  
  

INFO:
Non-standard residues in 3wnm.pdb #1  
---  
[BGC](cxcmd:sel :BGC "select residue") — [β-D-
glucopyranose](http://www.rcsb.org/ligand/BGC "show residue info") (β-D-
glucose; D-glucose; glucose)  
[CA](cxcmd:sel :CA "select residue") — [calcium
ion](http://www.rcsb.org/ligand/CA "show residue info")  
[GLC](cxcmd:sel :GLC "select residue") — [α-D-
glucopyranose](http://www.rcsb.org/ligand/GLC "show residue info") (α-D-
glucose; D-glucose; glucose)  
[MES](cxcmd:sel :MES "select residue") — [2-(N-morpholino)-ethanesulfonic
acid](http://www.rcsb.org/ligand/MES "show residue info")  
[NA](cxcmd:sel :NA "select residue") — [sodium
ion](http://www.rcsb.org/ligand/NA "show residue info")  
[SO4](cxcmd:sel :SO4 "select residue") — [sulfate
ion](http://www.rcsb.org/ligand/SO4 "show residue info")  
  

INFO:
Executing: torsion /B:2@C2 /B:2@C1 /B:1@O6 /B:1@C6
INFO:
Torsion angle for atoms /B GLC 2 C2 C1 BGC 1 O6 C6 is -167.613°
INFO:
Executing: torsion /B:2@C1 /B:1@O6 /B:1@C6 /B:1@C5
INFO:
Torsion angle for atoms /B GLC 2 C1 BGC 1 O6 C6 C5 is 175.54°
INFO:
Executing: close #1
INFO:
Executing: open ../../../pdbs/3wnp.pdb
INFO:
_3wnp.pdb_ title:  
 **D308A, F268V, D469Y, A513V, and Y515S quintuple mutant of bacillus
circulans T-3040 cycloisomaltooligosaccharide glucanotransferase complexed
with isomaltoundecaose** [[more info...]](cxcmd:log metadata #1)  
  

INFO:
Chain information for 3wnp.pdb #1  
---  
Chain | Description | UniProt  
[A](cxcmd:select /A:42-740 "Select chain") [B](cxcmd:select /B:42-740 "Select
chain") | [cycloisomaltooligosaccharide glucanotransferase](cxcmd:sequence
chain #1/A#1/B "Show sequence") | [CTA1_BACCI](cxcmd:open P94286 from uniprot
"Show annotations") [39-738](cxcmd:select #1/A,B:39-738 "Select sequence")  
  

INFO:
Non-standard residues in 3wnp.pdb #1  
---  
[BGC](cxcmd:sel :BGC "select residue") — [β-D-
glucopyranose](http://www.rcsb.org/ligand/BGC "show residue info") (β-D-
glucose; D-glucose; glucose)  
[CA](cxcmd:sel :CA "select residue") — [calcium
ion](http://www.rcsb.org/ligand/CA "show residue info")  
[GLC](cxcmd:sel :GLC "select residue") — [α-D-
glucopyranose](http://www.rcsb.org/ligand/GLC "show residue info") (α-D-
glucose; D-glucose; glucose)  
[MES](cxcmd:sel :MES "select residue") — [2-(N-morpholino)-ethanesulfonic
acid](http://www.rcsb.org/ligand/MES "show residue info")  
[NA](cxcmd:sel :NA "select residue") — [sodium
ion](http://www.rcsb.org/ligand/NA "show residue info")  
[SO4](cxcmd:sel :SO4 "select residue") — [sulfate
ion](http://www.rcsb.org/ligand/SO4 "show residue info")  
  

INFO:
Executing: torsion /C:2@C2 /C:2@C1 /C:1@O6 /C:1@C6
INFO:
Torsion angle for atoms /C GLC 2 C2 C1 BGC 1 O6 C6 is 172.883°
INFO:
Executing: torsion /C:2@C1 /C:1@O6 /C:1@C6 /C:1@C5
INFO:
Torsion angle for atoms /C GLC 2 C1 BGC 1 O6 C6 C5 is -171.294°
INFO:
Executing: close #1
INFO:
Executing: open ../../../pdbs/3wnp.pdb
INFO:
_3wnp.pdb_ title:  
 **D308A, F268V, D469Y, A513V, and Y515S quintuple mutant of bacillus
circulans T-3040 cycloisomaltooligosaccharide glucanotransferase complexed
with isomaltoundecaose** [[more info...]](cxcmd:log metadata #1)  
  

INFO:
Chain information for 3wnp.pdb #1  
---  
Chain | Description | UniProt  
[A](cxcmd:select /A:42-740 "Select chain") [B](cxcmd:select /B:42-740 "Select
chain") | [cycloisomaltooligosaccharide glucanotransferase](cxcmd:sequence
chain #1/A#1/B "Show sequence") | [CTA1_BACCI](cxcmd:open P94286 from uniprot
"Show annotations") [39-738](cxcmd:select #1/A,B:39-738 "Select sequence")  
  

INFO:
Non-standard residues in 3wnp.pdb #1  
---  
[BGC](cxcmd:sel :BGC "select residue") — [β-D-
glucopyranose](http://www.rcsb.org/ligand/BGC "show residue info") (β-D-
glucose; D-glucose; glucose)  
[CA](cxcmd:sel :CA "select residue") — [calcium
ion](http://www.rcsb.org/ligand/CA "show residue info")  
[GLC](cxcmd:sel :GLC "select residue") — [α-D-
glucopyranose](http://www.rcsb.org/ligand/GLC "show residue info") (α-D-
glucose; D-glucose; glucose)  
[MES](cxcmd:sel :MES "select residue") — [2-(N-morpholino)-ethanesulfonic
acid](http://www.rcsb.org/ligand/MES "show residue info")  
[NA](cxcmd:sel :NA "select residue") — [sodium
ion](http://www.rcsb.org/ligand/NA "show residue info")  
[SO4](cxcmd:sel :SO4 "select residue") — [sulfate
ion](http://www.rcsb.org/ligand/SO4 "show residue info")  
  

INFO:
Executing: torsion /D:2@C2 /D:2@C1 /D:1@O6 /D:1@C6
INFO:
Torsion angle for atoms /D GLC 2 C2 C1 BGC 1 O6 C6 is 177.286°
INFO:
Executing: torsion /D:2@C1 /D:1@O6 /D:1@C6 /D:1@C5
INFO:
Torsion angle for atoms /D GLC 2 C1 BGC 1 O6 C6 C5 is -171.394°
INFO:
Executing: close #1
INFO:
Executing: exit
STATUS:
Exiting ...
