../../pdbs//1lcs.pdb 5.F
Timestep	Standard Nomenclature	Ring conformation
1			4C1		4d1(1.548614)		6d3(3.776216)		2d5(5.570914)	
../../pdbs//1lcs.pdb 4.F
Timestep	Standard Nomenclature	Ring conformation
1			4C1		6d3(0.536221)		4d1(0.605621)		2d5(1.361746)	
../../pdbs//6p3r.pdb 5.H
Timestep	Standard Nomenclature	Ring conformation
1			4C1		2d5(0.481568)		6d3(2.387054)		4d1(2.863026)	
../../pdbs//6p3r.pdb 4.H
Timestep	Standard Nomenclature	Ring conformation
1			-		6d3(3.981527)		4d1(8.761345)	
../../pdbs//6p3s.pdb 5.d
Timestep	Standard Nomenclature	Ring conformation
1			-		4t6(1.699092)		12q(6.636823)	
../../pdbs//6p3s.pdb 4.d
Timestep	Standard Nomenclature	Ring conformation
1			OS2		-		6t2(4.148338)		3t5(7.586150)	
../../pdbs//6p3s.pdb 3.e
Timestep	Standard Nomenclature	Ring conformation
1			OS2		-		3t5(2.739184)		6t2(6.692584)	
../../pdbs//6p3s.pdb 2.e
Timestep	Standard Nomenclature	Ring conformation
1			O3B		q12(1.114502)		36d(4.654629)		q45(7.148706)	
../../pdbs//6p3s.pdb 3.c
Timestep	Standard Nomenclature	Ring conformation
1			-		1d4(2.364970)		13t(4.962067)		t26(5.444305)		15t(9.043485)	
../../pdbs//6p3s.pdb 2.c
Timestep	Standard Nomenclature	Ring conformation
1			-		45q(4.982450)		1t3(6.342441)	
