../../pdbs//1brr.pdb 2.E
Timestep	Standard Nomenclature	Ring conformation
1			4C1		2d5(0.382720)		6d3(2.102347)		4d1(2.415492)	
../../pdbs//1brr.pdb 1.E
Timestep	Standard Nomenclature	Ring conformation
1			4C1		4d1(2.932524)		2d5(3.187158)		6d3(5.907448)	
../../pdbs//1brr.pdb 2.D
Timestep	Standard Nomenclature	Ring conformation
1			4C1		2d5(1.125913)		6d3(2.097975)		4d1(2.880742)	
../../pdbs//1brr.pdb 1.D
Timestep	Standard Nomenclature	Ring conformation
1			4C1		4d1(1.448875)		2d5(4.990867)		6d3(6.081456)	
../../pdbs//1qm8.pdb 2.B
Timestep	Standard Nomenclature	Ring conformation
1			4C1		4d1(1.232209)		6d3(1.647237)		2d5(3.482289)	
../../pdbs//1qm8.pdb 1.B
Timestep	Standard Nomenclature	Ring conformation
1			4C1		4d1(0.145854)		6d3(0.223935)		2d5(0.446853)	
../../pdbs//3vi0.pdb 2.B
Timestep	Standard Nomenclature	Ring conformation
1			4C1		6d3(0.423918)		2d5(2.257158)		4d1(2.555881)	
../../pdbs//3vi0.pdb 1.B
Timestep	Standard Nomenclature	Ring conformation
1			4C1		6d3(0.714639)		2d5(2.543705)		4d1(3.833793)	
../../pdbs//2z55.pdb 2.F
Timestep	Standard Nomenclature	Ring conformation
1			4C1		6d3(0.641929)		4d1(0.986308)		2d5(1.666006)	
../../pdbs//2z55.pdb 1.F
Timestep	Standard Nomenclature	Ring conformation
1			4C1		4d1(0.143666)		2d5(3.223515)		6d3(3.427051)	
../../pdbs//2z55.pdb 2.C
Timestep	Standard Nomenclature	Ring conformation
1			4C1		4d1(0.745868)		6d3(0.923806)		2d5(1.446065)	
../../pdbs//2z55.pdb 1.C
Timestep	Standard Nomenclature	Ring conformation
1			4C1		4d1(0.713226)		6d3(2.628533)		2d5(3.615658)	
../../pdbs//2z55.pdb 2.H
Timestep	Standard Nomenclature	Ring conformation
1			4C1		4d1(0.072458)		2d5(0.872307)		6d3(1.176775)	
../../pdbs//2z55.pdb 1.H
Timestep	Standard Nomenclature	Ring conformation
1			4C1		4d1(0.234159)		6d3(3.487974)		2d5(3.703423)	
../../pdbs//2z55.pdb 2.G
Timestep	Standard Nomenclature	Ring conformation
1			4C1		6d3(0.587409)		4d1(1.054894)		2d5(1.451001)	
../../pdbs//2z55.pdb 1.G
Timestep	Standard Nomenclature	Ring conformation
1			4C1		6d3(0.443303)		4d1(1.483569)		2d5(1.840976)	
../../pdbs//2zzl.pdb 2.B
Timestep	Standard Nomenclature	Ring conformation
1			4C1		6d3(0.722835)		2d5(2.476427)		4d1(2.984231)	
../../pdbs//2zzl.pdb 1.B
Timestep	Standard Nomenclature	Ring conformation
1			4C1		6d3(1.047327)		2d5(2.154165)		4d1(3.702171)	
../../pdbs//2zfe.pdb 2.B
Timestep	Standard Nomenclature	Ring conformation
1			4C1		6d3(0.046636)		4d1(2.931842)		2d5(3.193375)	
../../pdbs//2zfe.pdb 1.B
Timestep	Standard Nomenclature	Ring conformation
1			4C1		6d3(1.577398)		2d5(1.792939)		4d1(3.911652)	
../../pdbs//1dze.pdb 2.B
Timestep	Standard Nomenclature	Ring conformation
1			4C1		6d3(0.516077)		2d5(2.206965)		4d1(2.467926)	
../../pdbs//1dze.pdb 1.B
Timestep	Standard Nomenclature	Ring conformation
1			4C1		2d5(0.197655)		6d3(0.222796)		4d1(0.477879)	
../../pdbs//3vhz.pdb 2.B
Timestep	Standard Nomenclature	Ring conformation
1			4C1		6d3(0.610968)		2d5(1.845383)		4d1(2.321609)	
../../pdbs//3vhz.pdb 1.B
Timestep	Standard Nomenclature	Ring conformation
1			4C1		6d3(1.096882)		2d5(2.292727)		4d1(3.968655)	
