../../pdbs//7wh7.pdb 4.D
Timestep	Standard Nomenclature	Ring conformation
1			4C1		6d3(0.304485)		4d1(1.841529)		2d5(1.925820)	
../../pdbs//7wh7.pdb 3.D
Timestep	Standard Nomenclature	Ring conformation
1			4C1		4d1(0.370555)		6d3(1.943947)		2d5(2.114070)	
../../pdbs//7wh7.pdb 7.D
Timestep	Standard Nomenclature	Ring conformation
1			4C1		6d3(2.220034)		4d1(2.261904)		2d5(4.278026)	
../../pdbs//7wh7.pdb 3.D
Timestep	Standard Nomenclature	Ring conformation
1			4C1		4d1(0.370555)		6d3(1.943947)		2d5(2.114070)	
../../pdbs//7wh7.pdb 6.D
Timestep	Standard Nomenclature	Ring conformation
1			4C1		2d5(0.067852)		4d1(4.017207)		6d3(4.155134)	
../../pdbs//7wh7.pdb 3.D
Timestep	Standard Nomenclature	Ring conformation
1			4C1		4d1(0.370555)		6d3(1.943947)		2d5(2.114070)	
../../pdbs//6mdt.pdb 7.C
Timestep	Standard Nomenclature	Ring conformation
1			4C1		4d1(1.302293)		6d3(2.015283)		2d5(3.310989)	
../../pdbs//6mdt.pdb 3.C
Timestep	Standard Nomenclature	Ring conformation
1			4C1		6d3(0.878705)		4d1(3.258476)		2d5(4.147689)	
../../pdbs//6mdt.pdb 6.C
Timestep	Standard Nomenclature	Ring conformation
1			4C1		6d3(0.491111)		4d1(4.202144)		2d5(4.726283)	
../../pdbs//6mdt.pdb 3.C
Timestep	Standard Nomenclature	Ring conformation
1			4C1		6d3(0.878705)		4d1(3.258476)		2d5(4.147689)	
../../pdbs//6mdt.pdb 4.C
Timestep	Standard Nomenclature	Ring conformation
1			4C1		4d1(0.510252)		6d3(7.850077)		2d5(8.463997)	
../../pdbs//6mdt.pdb 3.C
Timestep	Standard Nomenclature	Ring conformation
1			4C1		6d3(0.878705)		4d1(3.258476)		2d5(4.147689)	
../../pdbs//1dpj.pdb 4.C
Timestep	Standard Nomenclature	Ring conformation
1			4C1		6d3(0.742282)		4d1(0.764416)		2d5(1.627500)	
../../pdbs//1dpj.pdb 3.C
Timestep	Standard Nomenclature	Ring conformation
1			4C1		6d3(2.293992)		2d5(2.654060)		4d1(5.017337)	
../../pdbs//1dpj.pdb 9.C
Timestep	Standard Nomenclature	Ring conformation
1			-		24t(4.769476)		t35(5.142779)		6d3(6.478157)		4d1(8.811052)	
../../pdbs//1dpj.pdb 3.C
Timestep	Standard Nomenclature	Ring conformation
1			4C1		6d3(2.293992)		2d5(2.654060)		4d1(5.017337)	
../../pdbs//1dpj.pdb 7.C
Timestep	Standard Nomenclature	Ring conformation
1			4C1		2d5(0.360707)		6d3(0.821979)		4d1(1.083615)	
../../pdbs//1dpj.pdb 3.C
Timestep	Standard Nomenclature	Ring conformation
1			4C1		6d3(2.293992)		2d5(2.654060)		4d1(5.017337)	
../../pdbs//6tys.pdb 2.P
Timestep	Standard Nomenclature	Ring conformation
1			4C1		4d1(0.569983)		2d5(1.173526)		6d3(2.132431)	
../../pdbs//6tys.pdb 1.P
Timestep	Standard Nomenclature	Ring conformation
1			4C1		6d3(0.905794)		4d1(2.733897)		2d5(2.976034)	
../../pdbs//6tys.pdb 3.P
Timestep	Standard Nomenclature	Ring conformation
1			4C1		4d1(1.346042)		6d3(1.859725)		2d5(2.909568)	
../../pdbs//6tys.pdb 1.P
Timestep	Standard Nomenclature	Ring conformation
1			4C1		6d3(0.905794)		4d1(2.733897)		2d5(2.976034)	
../../pdbs//6tys.pdb 2.K
Timestep	Standard Nomenclature	Ring conformation
1			4C1		4d1(0.560959)		2d5(1.169463)		6d3(2.106433)	
../../pdbs//6tys.pdb 1.K
Timestep	Standard Nomenclature	Ring conformation
1			4C1		6d3(0.893189)		4d1(2.720928)		2d5(2.956650)	
../../pdbs//6tys.pdb 3.K
Timestep	Standard Nomenclature	Ring conformation
1			4C1		4d1(1.320674)		6d3(1.883000)		2d5(2.911894)	
../../pdbs//6tys.pdb 1.K
Timestep	Standard Nomenclature	Ring conformation
1			4C1		6d3(0.893189)		4d1(2.720928)		2d5(2.956650)	
../../pdbs//6tys.pdb 2.T
Timestep	Standard Nomenclature	Ring conformation
1			4C1		4d1(0.550935)		2d5(1.201124)		6d3(2.139215)	
../../pdbs//6tys.pdb 1.T
Timestep	Standard Nomenclature	Ring conformation
1			4C1		6d3(0.906457)		4d1(2.721481)		2d5(2.956018)	
../../pdbs//6tys.pdb 3.T
Timestep	Standard Nomenclature	Ring conformation
1			4C1		4d1(1.358091)		6d3(1.878178)		2d5(2.960999)	
../../pdbs//6tys.pdb 1.T
Timestep	Standard Nomenclature	Ring conformation
1			4C1		6d3(0.906457)		4d1(2.721481)		2d5(2.956018)	
../../pdbs//6ojb.pdb 4.B
Timestep	Standard Nomenclature	Ring conformation
1			4C1		2d5(2.612257)		6d3(3.587238)		4d1(7.161138)	
../../pdbs//6ojb.pdb 3.B
Timestep	Standard Nomenclature	Ring conformation
1			4C1		6d3(2.006661)		2d5(8.339304)		4d1(9.826743)	
../../pdbs//6ojb.pdb 7.B
Timestep	Standard Nomenclature	Ring conformation
1			-		2d5(6.276394)		6d3(6.578704)		46t(8.689286)		t15(9.615900)	
../../pdbs//6ojb.pdb 3.B
Timestep	Standard Nomenclature	Ring conformation
1			4C1		6d3(2.006661)		2d5(8.339304)		4d1(9.826743)	
../../pdbs//6ojb.pdb 6.B
Timestep	Standard Nomenclature	Ring conformation
1			-			m	
../../pdbs//6ojb.pdb 3.B
Timestep	Standard Nomenclature	Ring conformation
1			4C1		6d3(2.006661)		2d5(8.339304)		4d1(9.826743)	
../../pdbs//7shz.pdb 4.M
Timestep	Standard Nomenclature	Ring conformation
1			4C1		2d5(0.240704)		6d3(2.596494)		4d1(3.128965)	
../../pdbs//7shz.pdb 3.M
Timestep	Standard Nomenclature	Ring conformation
1			4C1		2d5(3.653331)		6d3(3.700805)		4d1(6.807880)	
../../pdbs//7shz.pdb 7.M
Timestep	Standard Nomenclature	Ring conformation
1			4C1		4d1(0.608876)		6d3(6.444128)		2d5(7.736191)	
../../pdbs//7shz.pdb 3.M
Timestep	Standard Nomenclature	Ring conformation
1			4C1		2d5(3.653331)		6d3(3.700805)		4d1(6.807880)	
../../pdbs//7shz.pdb 6.M
Timestep	Standard Nomenclature	Ring conformation
1			4C1		6d3(0.511633)		2d5(5.503106)		4d1(5.663257)	
../../pdbs//7shz.pdb 3.M
Timestep	Standard Nomenclature	Ring conformation
1			4C1		2d5(3.653331)		6d3(3.700805)		4d1(6.807880)	
../../pdbs//5k8d.pdb 5.E
Timestep	Standard Nomenclature	Ring conformation
1			4C1		6d3(0.157194)		2d5(2.670939)		4d1(2.845652)	
../../pdbs//5k8d.pdb 4.E
Timestep	Standard Nomenclature	Ring conformation
1			4C1		4d1(0.253487)		2d5(0.814709)		6d3(1.057289)	
../../pdbs//5k8d.pdb 6.E
Timestep	Standard Nomenclature	Ring conformation
1			3S1		6t4(4.056338)		3t1(8.483637)		q12(9.530086)	
../../pdbs//5k8d.pdb 3.E
Timestep	Standard Nomenclature	Ring conformation
1			4C1		4d1(1.636529)		2d5(2.868604)		6d3(4.473273)	
../../pdbs//3fjw.pdb 2.D
Timestep	Standard Nomenclature	Ring conformation
1			4C1		4d1(0.339390)		6d3(8.389641)		2d5(8.824628)	
../../pdbs//3fjw.pdb 1.D
Timestep	Standard Nomenclature	Ring conformation
1			4C1		2d5(4.369657)		4d1(5.937623)		6d3(9.811066)	
../../pdbs//3fjw.pdb 2.C
Timestep	Standard Nomenclature	Ring conformation
1			4C1		6d3(2.875202)		4d1(3.221256)		2d5(6.527208)	
../../pdbs//3fjw.pdb 1.C
Timestep	Standard Nomenclature	Ring conformation
1			-		4d1(4.191282)		2d5(8.746399)	
../../pdbs//5v4e.pdb 4.N
Timestep	Standard Nomenclature	Ring conformation
1			4C1		6d3(0.323881)		2d5(1.042088)		4d1(1.318465)	
../../pdbs//5v4e.pdb 3.N
Timestep	Standard Nomenclature	Ring conformation
1			4C1		2d5(3.115101)		4d1(6.444695)		6d3(9.795315)	
../../pdbs//5v4e.pdb 6.N
Timestep	Standard Nomenclature	Ring conformation
1			4C1		4d1(1.445204)		6d3(1.805815)		2d5(3.715473)	
../../pdbs//5v4e.pdb 3.N
Timestep	Standard Nomenclature	Ring conformation
1			4C1		2d5(3.115101)		4d1(6.444695)		6d3(9.795315)	
../../pdbs//7ey1.pdb 7.E
Timestep	Standard Nomenclature	Ring conformation
1			4C1		2d5(1.468716)		6d3(4.340795)		4d1(5.899311)	
../../pdbs//7ey1.pdb 2.E
Timestep	Standard Nomenclature	Ring conformation
1			4C1		6d3(0.170161)		4d1(6.158616)		2d5(6.181759)	
../../pdbs//7ey1.pdb 5.E
Timestep	Standard Nomenclature	Ring conformation
1			-		q23(1.975946)		1t5(2.219905)	
../../pdbs//7ey1.pdb 4.E
Timestep	Standard Nomenclature	Ring conformation
1			-		t13(2.560024)		26t(4.416525)		2d5(9.525029)	
../../pdbs//7ey1.pdb 3.E
Timestep	Standard Nomenclature	Ring conformation
1			BO3		45q(0.598971)		d36(4.815746)		12q(9.816677)	
../../pdbs//7ey1.pdb 2.E
Timestep	Standard Nomenclature	Ring conformation
1			4C1		6d3(0.170161)		4d1(6.158616)		2d5(6.181759)	
../../pdbs//7ey1.pdb 7.G
Timestep	Standard Nomenclature	Ring conformation
1			-		2d5(0.039962)		t13(6.336692)	
../../pdbs//7ey1.pdb 2.G
Timestep	Standard Nomenclature	Ring conformation
1			4C1		6d3(0.200030)		4d1(3.122579)		2d5(3.187886)	
../../pdbs//7ey1.pdb 5.G
Timestep	Standard Nomenclature	Ring conformation
1			O3B		q45(4.036431)		6t2(7.288818)		36d(7.644344)		q12(9.365176)	
../../pdbs//7ey1.pdb 4.G
Timestep	Standard Nomenclature	Ring conformation
1			-		4d1(3.340710)	
../../pdbs//7ey1.pdb 3.G
Timestep	Standard Nomenclature	Ring conformation
1			4C1		6d3(0.431177)		4d1(6.198987)		2d5(6.630117)	
../../pdbs//7ey1.pdb 2.G
Timestep	Standard Nomenclature	Ring conformation
1			4C1		6d3(0.200030)		4d1(3.122579)		2d5(3.187886)	
../../pdbs//2xjt.pdb 2.B
Timestep	Standard Nomenclature	Ring conformation
1			4C1		2d5(0.187626)		6d3(1.711627)		4d1(2.036024)	
../../pdbs//2xjt.pdb 1.B
Timestep	Standard Nomenclature	Ring conformation
1			4C1		4d1(2.678491)		2d5(4.670769)		6d3(7.140878)	
../../pdbs//1dp5.pdb 4.C
Timestep	Standard Nomenclature	Ring conformation
1			4C1		2d5(1.320234)		4d1(1.764012)		6d3(2.781563)	
../../pdbs//1dp5.pdb 3.C
Timestep	Standard Nomenclature	Ring conformation
1			4C1		2d5(1.058052)		6d3(2.383498)		4d1(3.533848)	
../../pdbs//1dp5.pdb 8.C
Timestep	Standard Nomenclature	Ring conformation
1			4C1		2d5(0.465293)		4d1(1.076835)		6d3(1.855906)	
../../pdbs//1dp5.pdb 3.C
Timestep	Standard Nomenclature	Ring conformation
1			4C1		2d5(1.058052)		6d3(2.383498)		4d1(3.533848)	
../../pdbs//1dp5.pdb 7.C
Timestep	Standard Nomenclature	Ring conformation
1			4C1		4d1(2.402347)		2d5(4.092901)		6d3(6.116293)	
../../pdbs//1dp5.pdb 3.C
Timestep	Standard Nomenclature	Ring conformation
1			4C1		2d5(1.058052)		6d3(2.383498)		4d1(3.533848)	
../../pdbs//6oj1.pdb 4.B
Timestep	Standard Nomenclature	Ring conformation
1			4C1		2d5(0.745303)		4d1(2.711671)		6d3(2.762807)	
../../pdbs//6oj1.pdb 3.B
Timestep	Standard Nomenclature	Ring conformation
1			4C1		6d3(3.139819)		2d5(3.987524)		4d1(6.931370)	
../../pdbs//6oj1.pdb 7.B
Timestep	Standard Nomenclature	Ring conformation
1			-		6d3(4.875866)		2d5(6.652650)	
../../pdbs//6oj1.pdb 3.B
Timestep	Standard Nomenclature	Ring conformation
1			4C1		6d3(3.139819)		2d5(3.987524)		4d1(6.931370)	
../../pdbs//6oj1.pdb 6.B
Timestep	Standard Nomenclature	Ring conformation
1			14B		q56(4.110926)		q23(7.745889)		14d(8.189890)	
../../pdbs//6oj1.pdb 3.B
Timestep	Standard Nomenclature	Ring conformation
1			4C1		6d3(3.139819)		2d5(3.987524)		4d1(6.931370)	
../../pdbs//7wh6.pdb 4.C
Timestep	Standard Nomenclature	Ring conformation
1			4C1		4d1(0.284302)		2d5(1.083659)		6d3(1.207661)	
../../pdbs//7wh6.pdb 3.C
Timestep	Standard Nomenclature	Ring conformation
1			4C1		4d1(0.340414)		2d5(3.161397)		6d3(3.657278)	
../../pdbs//7wh6.pdb 7.C
Timestep	Standard Nomenclature	Ring conformation
1			4C1		4d1(1.835559)		6d3(3.075348)		2d5(4.985462)	
../../pdbs//7wh6.pdb 3.C
Timestep	Standard Nomenclature	Ring conformation
1			4C1		4d1(0.340414)		2d5(3.161397)		6d3(3.657278)	
../../pdbs//7wh6.pdb 6.C
Timestep	Standard Nomenclature	Ring conformation
1			4C1		2d5(0.513190)		6d3(5.430679)		4d1(5.701580)	
../../pdbs//7wh6.pdb 3.C
Timestep	Standard Nomenclature	Ring conformation
1			4C1		4d1(0.340414)		2d5(3.161397)		6d3(3.657278)	
../../pdbs//3fus.pdb 5.I
Timestep	Standard Nomenclature	Ring conformation
1			4C1		4d1(3.542432)		2d5(4.653078)		6d3(7.833337)	
../../pdbs//3fus.pdb 4.I
Timestep	Standard Nomenclature	Ring conformation
1			-		t13(7.818821)		26t(8.015046)		2d5(8.399971)		4d1(8.566252)	
../../pdbs//3fus.pdb 7.I
Timestep	Standard Nomenclature	Ring conformation
1			-		4d1(2.177580)		t15(3.589588)		26t(3.958325)		t13(7.126686)		6q1(7.539104)		q12(9.367357)	
../../pdbs//3fus.pdb 3.I
Timestep	Standard Nomenclature	Ring conformation
1			B25		d25(1.217677)		34q(2.931683)		16q(3.656440)	
../../pdbs//7fe2.pdb 2.F
Timestep	Standard Nomenclature	Ring conformation
1			4H5		4q5(0.649785)		t35(3.596559)		q56(4.166933)		2d5(5.428777)		1t5(5.770439)	
../../pdbs//7fe2.pdb 1.F
Timestep	Standard Nomenclature	Ring conformation
1			4C1		6d3(0.504591)		2d5(3.582903)		4d1(3.844904)	
../../pdbs//7fe2.pdb 2.G
Timestep	Standard Nomenclature	Ring conformation
1			-		34q(1.317882)		q56(3.897215)		1t5(4.928344)	
../../pdbs//7fe2.pdb 1.G
Timestep	Standard Nomenclature	Ring conformation
1			4C1		6d3(0.678444)		4d1(1.557073)		2d5(2.116545)	
../../pdbs//7fe2.pdb 2.E
Timestep	Standard Nomenclature	Ring conformation
1			Oh5		6q5(0.255145)		t15(1.943402)		q45(2.567991)		2d5(3.184234)		3t5(3.529187)	
../../pdbs//7fe2.pdb 1.E
Timestep	Standard Nomenclature	Ring conformation
1			4C1		4d1(3.629027)		6d3(5.934612)		2d5(9.497352)	
../../pdbs//7fe2.pdb 2.H
Timestep	Standard Nomenclature	Ring conformation
1			-		1t5(1.547515)		q56(2.435083)		d25(5.443230)		4q5(7.088047)		t35(7.582082)	
../../pdbs//7fe2.pdb 1.H
Timestep	Standard Nomenclature	Ring conformation
1			4C1		6d3(1.359580)		4d1(2.205906)		2d5(3.637813)	
../../pdbs//6mco.pdb 7.F
Timestep	Standard Nomenclature	Ring conformation
1			4C1		6d3(0.511202)		4d1(1.166412)		2d5(2.200175)	
../../pdbs//6mco.pdb 3.F
Timestep	Standard Nomenclature	Ring conformation
1			4C1		6d3(0.187402)		2d5(3.590929)		4d1(3.591870)	
../../pdbs//6mco.pdb 6.F
Timestep	Standard Nomenclature	Ring conformation
1			4C1		4d1(0.187972)		2d5(4.698352)		6d3(5.066590)	
../../pdbs//6mco.pdb 3.F
Timestep	Standard Nomenclature	Ring conformation
1			4C1		6d3(0.187402)		2d5(3.590929)		4d1(3.591870)	
../../pdbs//6mco.pdb 4.F
Timestep	Standard Nomenclature	Ring conformation
1			-		4d1(1.088428)		26t(4.985470)	
../../pdbs//6mco.pdb 3.F
Timestep	Standard Nomenclature	Ring conformation
1			4C1		6d3(0.187402)		2d5(3.590929)		4d1(3.591870)	
../../pdbs//6fat.pdb 4.H
Timestep	Standard Nomenclature	Ring conformation
1			4C1		4d1(1.863329)		2d5(4.741965)		6d3(6.425828)	
../../pdbs//6fat.pdb 3.H
Timestep	Standard Nomenclature	Ring conformation
1			4C1		6d3(1.577767)		4d1(2.620412)		2d5(4.134466)	
../../pdbs//6fat.pdb 9.H
Timestep	Standard Nomenclature	Ring conformation
1			4C1		6d3(0.107515)		4d1(2.205437)		2d5(2.295051)	
../../pdbs//6fat.pdb 3.H
Timestep	Standard Nomenclature	Ring conformation
1			4C1		6d3(1.577767)		4d1(2.620412)		2d5(4.134466)	
../../pdbs//6fat.pdb 8.H
Timestep	Standard Nomenclature	Ring conformation
1			4C1		4d1(2.398845)		6d3(3.113161)		2d5(5.489997)	
../../pdbs//6fat.pdb 3.H
Timestep	Standard Nomenclature	Ring conformation
1			4C1		6d3(1.577767)		4d1(2.620412)		2d5(4.134466)	
../../pdbs//6fat.pdb 7.H
Timestep	Standard Nomenclature	Ring conformation
1			-		2d5(3.134875)		6d3(8.587590)	
../../pdbs//6fat.pdb 3.H
Timestep	Standard Nomenclature	Ring conformation
1			4C1		6d3(1.577767)		4d1(2.620412)		2d5(4.134466)	
../../pdbs//6jbs.pdb 5.F
Timestep	Standard Nomenclature	Ring conformation
1			4C1		2d5(1.474065)		6d3(6.421285)		4d1(8.096960)	
../../pdbs//6jbs.pdb 4.F
Timestep	Standard Nomenclature	Ring conformation
1			-		4d1(0.552836)		6d3(9.790897)	
../../pdbs//6jbs.pdb 6.F
Timestep	Standard Nomenclature	Ring conformation
1			-		t13(1.685754)		2d5(3.579790)		24t(5.212132)		6d3(7.982858)	
../../pdbs//6jbs.pdb 3.F
Timestep	Standard Nomenclature	Ring conformation
1			4C1		2d5(0.836580)		6d3(1.212031)		4d1(2.072155)	
../../pdbs//7f95.pdb 6.G
Timestep	Standard Nomenclature	Ring conformation
1			-		q45(4.518031)		3t1(5.019902)	
../../pdbs//7f95.pdb 5.G
Timestep	Standard Nomenclature	Ring conformation
1			4C1		4d1(1.329904)		2d5(4.842023)		6d3(6.060259)	
../../pdbs//7f95.pdb 4.G
Timestep	Standard Nomenclature	Ring conformation
1			BO3		45q(2.433697)		12q(2.510831)		d36(3.340721)	
../../pdbs//7f95.pdb 3.G
Timestep	Standard Nomenclature	Ring conformation
1			4C1		2d5(0.433359)		6d3(1.549910)		4d1(1.929759)	
../../pdbs//7f95.pdb 7.E
Timestep	Standard Nomenclature	Ring conformation
1			4C1		2d5(0.283944)		4d1(1.159970)		6d3(1.356310)	
../../pdbs//7f95.pdb 2.E
Timestep	Standard Nomenclature	Ring conformation
1			4C1		6d3(1.882080)		4d1(2.088502)		2d5(3.764562)	
../../pdbs//7f95.pdb 5.E
Timestep	Standard Nomenclature	Ring conformation
1			-		13t(4.316554)		1q2(4.607031)		t26(5.043130)	
../../pdbs//7f95.pdb 4.E
Timestep	Standard Nomenclature	Ring conformation
1			-		t13(1.757463)		26t(6.487681)		2d5(6.825837)	
../../pdbs//7f95.pdb 3.E
Timestep	Standard Nomenclature	Ring conformation
1			4C1		2d5(0.153250)		6d3(1.436832)		4d1(1.574956)	
../../pdbs//7f95.pdb 2.E
Timestep	Standard Nomenclature	Ring conformation
1			4C1		6d3(1.882080)		4d1(2.088502)		2d5(3.764562)	
../../pdbs//1h4p.pdb 8.C
Timestep	Standard Nomenclature	Ring conformation
1			4C1		2d5(0.927360)		4d1(0.952727)		6d3(2.043333)	
../../pdbs//1h4p.pdb 7.C
Timestep	Standard Nomenclature	Ring conformation
1			4C1		6d3(0.443675)		2d5(1.382908)		4d1(1.594572)	
../../pdbs//1h4p.pdb 4.C
Timestep	Standard Nomenclature	Ring conformation
1			4C1		2d5(0.134560)		4d1(0.575623)		6d3(0.941740)	
../../pdbs//1h4p.pdb 3.C
Timestep	Standard Nomenclature	Ring conformation
1			4C1		6d3(0.513850)		4d1(3.464528)		2d5(4.046229)	
../../pdbs//2r7e.pdb 5.E
Timestep	Standard Nomenclature	Ring conformation
1			4C1		2d5(0.129167)		6d3(7.144615)		4d1(7.241186)	
../../pdbs//2r7e.pdb 4.E
Timestep	Standard Nomenclature	Ring conformation
1			4C1		4d1(0.389101)		6d3(7.291156)		2d5(7.556232)	
../../pdbs//2r7e.pdb 6.E
Timestep	Standard Nomenclature	Ring conformation
1			4C1		4d1(2.608991)		6d3(5.165811)		2d5(7.875749)	
../../pdbs//2r7e.pdb 3.E
Timestep	Standard Nomenclature	Ring conformation
1			4C1		4d1(0.705143)		2d5(1.691075)		6d3(2.079092)	
../../pdbs//8av5.pdb 4.D
Timestep	Standard Nomenclature	Ring conformation
1			4C1		6d3(0.806793)		4d1(1.048090)		2d5(1.987126)	
../../pdbs//8av5.pdb 3.D
Timestep	Standard Nomenclature	Ring conformation
1			4C1		6d3(0.810426)		2d5(6.219861)		4d1(6.957894)	
../../pdbs//8av5.pdb 9.D
Timestep	Standard Nomenclature	Ring conformation
1			4C1		4d1(1.056459)		6d3(2.081969)		2d5(3.124901)	
../../pdbs//8av5.pdb 3.D
Timestep	Standard Nomenclature	Ring conformation
1			4C1		6d3(0.810426)		2d5(6.219861)		4d1(6.957894)	
../../pdbs//8av5.pdb 7.D
Timestep	Standard Nomenclature	Ring conformation
1			4C1		4d1(0.360645)		2d5(1.735920)		6d3(2.243633)	
../../pdbs//8av5.pdb 3.D
Timestep	Standard Nomenclature	Ring conformation
1			4C1		6d3(0.810426)		2d5(6.219861)		4d1(6.957894)	
../../pdbs//8av5.pdb 6.D
Timestep	Standard Nomenclature	Ring conformation
1			4C1		2d5(0.604719)		6d3(4.536856)		4d1(5.049848)	
../../pdbs//8av5.pdb 3.D
Timestep	Standard Nomenclature	Ring conformation
1			4C1		6d3(0.810426)		2d5(6.219861)		4d1(6.957894)	
../../pdbs//5no7.pdb 4.G
Timestep	Standard Nomenclature	Ring conformation
1			4C1		6d3(0.475314)		4d1(0.806936)		2d5(1.318266)	
../../pdbs//5no7.pdb 3.G
Timestep	Standard Nomenclature	Ring conformation
1			4C1		6d3(1.628192)		2d5(3.647373)		4d1(5.403082)	
../../pdbs//5no7.pdb 7.G
Timestep	Standard Nomenclature	Ring conformation
1			4C1		4d1(1.464630)		6d3(2.690615)		2d5(4.200469)	
../../pdbs//5no7.pdb 3.G
Timestep	Standard Nomenclature	Ring conformation
1			4C1		6d3(1.628192)		2d5(3.647373)		4d1(5.403082)	
../../pdbs//5no7.pdb 6.G
Timestep	Standard Nomenclature	Ring conformation
1			4C1		2d5(0.843989)		6d3(2.711184)		4d1(3.594618)	
../../pdbs//5no7.pdb 3.G
Timestep	Standard Nomenclature	Ring conformation
1			4C1		6d3(1.628192)		2d5(3.647373)		4d1(5.403082)	
../../pdbs//5no7.pdb 4.L
Timestep	Standard Nomenclature	Ring conformation
1			4C1		2d5(0.655518)		4d1(1.984818)		6d3(2.550447)	
../../pdbs//5no7.pdb 3.L
Timestep	Standard Nomenclature	Ring conformation
1			4C1		6d3(3.163726)		2d5(3.533748)		4d1(6.828331)	
../../pdbs//5no7.pdb 7.L
Timestep	Standard Nomenclature	Ring conformation
1			4C1		6d3(2.141751)		2d5(2.734381)		4d1(4.986302)	
../../pdbs//5no7.pdb 3.L
Timestep	Standard Nomenclature	Ring conformation
1			4C1		6d3(3.163726)		2d5(3.533748)		4d1(6.828331)	
../../pdbs//5no7.pdb 6.L
Timestep	Standard Nomenclature	Ring conformation
1			4C1		2d5(0.209553)		6d3(6.422079)		4d1(6.784697)	
../../pdbs//5no7.pdb 3.L
Timestep	Standard Nomenclature	Ring conformation
1			4C1		6d3(3.163726)		2d5(3.533748)		4d1(6.828331)	
../../pdbs//4iug.pdb 4.F
Timestep	Standard Nomenclature	Ring conformation
1			4C1		4d1(1.856309)		2d5(5.245429)		6d3(6.657163)	
../../pdbs//4iug.pdb 3.F
Timestep	Standard Nomenclature	Ring conformation
1			4C1		4d1(0.085627)		2d5(0.615972)		6d3(0.896070)	
../../pdbs//4iug.pdb 10.F
Timestep	Standard Nomenclature	Ring conformation
1			4C1		2d5(1.685145)		4d1(2.064447)		6d3(3.947292)	
../../pdbs//4iug.pdb 3.F
Timestep	Standard Nomenclature	Ring conformation
1			4C1		4d1(0.085627)		2d5(0.615972)		6d3(0.896070)	
../../pdbs//4iug.pdb 8.F
Timestep	Standard Nomenclature	Ring conformation
1			-		t13(1.140652)		2d5(1.734222)		26t(7.801968)	
../../pdbs//4iug.pdb 3.F
Timestep	Standard Nomenclature	Ring conformation
1			4C1		4d1(0.085627)		2d5(0.615972)		6d3(0.896070)	
../../pdbs//4iug.pdb 7.F
Timestep	Standard Nomenclature	Ring conformation
1			4C1		6d3(1.355674)		2d5(3.079086)		4d1(4.252180)	
../../pdbs//4iug.pdb 3.F
Timestep	Standard Nomenclature	Ring conformation
1			4C1		4d1(0.085627)		2d5(0.615972)		6d3(0.896070)	
../../pdbs//3sgk.pdb 4.F
Timestep	Standard Nomenclature	Ring conformation
1			-		4d1(1.632879)		26t(4.172009)	
../../pdbs//3sgk.pdb 3.F
Timestep	Standard Nomenclature	Ring conformation
1			-		2d5(4.881915)		4d1(7.433946)		t13(9.211126)	
../../pdbs//3sgk.pdb 8.F
Timestep	Standard Nomenclature	Ring conformation
1			-		6d3(1.887469)		4d1(9.180313)	
../../pdbs//3sgk.pdb 3.F
Timestep	Standard Nomenclature	Ring conformation
1			-		2d5(4.881915)		4d1(7.433946)		t13(9.211126)	
../../pdbs//3sgk.pdb 6.F
Timestep	Standard Nomenclature	Ring conformation
1			4C1		6d3(1.352976)		2d5(3.746654)		4d1(5.141662)	
../../pdbs//3sgk.pdb 3.F
Timestep	Standard Nomenclature	Ring conformation
1			-		2d5(4.881915)		4d1(7.433946)		t13(9.211126)	
../../pdbs//8brn.pdb 4.L
Timestep	Standard Nomenclature	Ring conformation
1			-		4t2(7.311404)		q56(9.160886)	
../../pdbs//8brn.pdb 3.L
Timestep	Standard Nomenclature	Ring conformation
1			4C1		4d1(2.320840)		2d5(3.267715)		6d3(5.266388)	
../../pdbs//8brn.pdb 4.F
Timestep	Standard Nomenclature	Ring conformation
1			-		d25(3.237576)		3t5(4.347976)	
../../pdbs//8brn.pdb 3.F
Timestep	Standard Nomenclature	Ring conformation
1			-		2d5(5.560672)		46t(7.887125)		6d3(8.347098)	
../../pdbs//8brn.pdb 5.F
Timestep	Standard Nomenclature	Ring conformation
1			1S5		4t2(3.338185)		1t5(7.232206)	
../../pdbs//8brn.pdb 3.F
Timestep	Standard Nomenclature	Ring conformation
1			-		2d5(5.560672)		46t(7.887125)		6d3(8.347098)	
../../pdbs//7akj.pdb 4.N
Timestep	Standard Nomenclature	Ring conformation
1			-		6d3(2.795353)		4d1(8.143046)	
../../pdbs//7akj.pdb 3.N
Timestep	Standard Nomenclature	Ring conformation
1			4C1		6d3(0.433069)		2d5(2.826620)		4d1(3.070325)	
../../pdbs//7akj.pdb 8.N
Timestep	Standard Nomenclature	Ring conformation
1			-		q12(1.213645)		36d(5.454473)	
../../pdbs//7akj.pdb 3.N
Timestep	Standard Nomenclature	Ring conformation
1			4C1		6d3(0.433069)		2d5(2.826620)		4d1(3.070325)	
../../pdbs//7akj.pdb 6.N
Timestep	Standard Nomenclature	Ring conformation
1			-		6t4(7.073315)		q12(9.937162)	
../../pdbs//7akj.pdb 3.N
Timestep	Standard Nomenclature	Ring conformation
1			4C1		6d3(0.433069)		2d5(2.826620)		4d1(3.070325)	
../../pdbs//7akj.pdb 4.Z
Timestep	Standard Nomenclature	Ring conformation
1			-		6d3(2.796198)		4d1(8.153323)	
../../pdbs//7akj.pdb 3.Z
Timestep	Standard Nomenclature	Ring conformation
1			4C1		6d3(0.416148)		2d5(2.819003)		4d1(3.062883)	
../../pdbs//7akj.pdb 8.Z
Timestep	Standard Nomenclature	Ring conformation
1			-		q12(1.228004)		36d(5.468958)	
../../pdbs//7akj.pdb 3.Z
Timestep	Standard Nomenclature	Ring conformation
1			4C1		6d3(0.416148)		2d5(2.819003)		4d1(3.062883)	
../../pdbs//7akj.pdb 6.Z
Timestep	Standard Nomenclature	Ring conformation
1			-		6t4(7.027699)		q12(9.941561)	
../../pdbs//7akj.pdb 3.Z
Timestep	Standard Nomenclature	Ring conformation
1			4C1		6d3(0.416148)		2d5(2.819003)		4d1(3.062883)	
../../pdbs//7akj.pdb 4.T
Timestep	Standard Nomenclature	Ring conformation
1			-		6d3(2.817995)		4d1(8.138627)	
../../pdbs//7akj.pdb 3.T
Timestep	Standard Nomenclature	Ring conformation
1			4C1		6d3(0.405099)		2d5(2.818977)		4d1(3.047657)	
../../pdbs//7akj.pdb 8.T
Timestep	Standard Nomenclature	Ring conformation
1			-		q12(1.184504)		36d(5.496689)	
../../pdbs//7akj.pdb 3.T
Timestep	Standard Nomenclature	Ring conformation
1			4C1		6d3(0.405099)		2d5(2.818977)		4d1(3.047657)	
../../pdbs//7akj.pdb 6.T
Timestep	Standard Nomenclature	Ring conformation
1			-		6t4(7.079674)		q12(9.926966)	
../../pdbs//7akj.pdb 3.T
Timestep	Standard Nomenclature	Ring conformation
1			4C1		6d3(0.405099)		2d5(2.818977)		4d1(3.047657)	
../../pdbs//7ey2.pdb 5.H
Timestep	Standard Nomenclature	Ring conformation
1			4C1		6d3(0.974403)		2d5(2.081605)		4d1(3.606367)	
../../pdbs//7ey2.pdb 4.H
Timestep	Standard Nomenclature	Ring conformation
1			-		4d1(4.036634)		26t(7.452133)	
../../pdbs//7ey2.pdb 6.H
Timestep	Standard Nomenclature	Ring conformation
1			-		12q(1.017899)		5t3(2.967308)		q34(3.448249)		2t6(7.074081)		d36(8.114550)	
../../pdbs//7ey2.pdb 3.H
Timestep	Standard Nomenclature	Ring conformation
1			4C1		2d5(0.713760)		6d3(2.241768)		4d1(2.306042)	
../../pdbs//7ey2.pdb 5.K
Timestep	Standard Nomenclature	Ring conformation
1			4C1		2d5(3.300052)		6d3(4.641537)		4d1(8.459044)	
../../pdbs//7ey2.pdb 4.K
Timestep	Standard Nomenclature	Ring conformation
1			-		4d1(1.108897)		26t(7.534459)	
../../pdbs//7ey2.pdb 5.N
Timestep	Standard Nomenclature	Ring conformation
1			4C1		6d3(0.993768)		2d5(3.080911)		4d1(4.390337)	
../../pdbs//7ey2.pdb 4.N
Timestep	Standard Nomenclature	Ring conformation
1			-		4d1(2.129181)		26t(7.770999)	
../../pdbs//7ey2.pdb 6.N
Timestep	Standard Nomenclature	Ring conformation
1			-		24t(2.314815)		t13(2.363335)		2d5(2.987562)		2q3(5.917453)		26t(7.040747)		12q(8.282690)		6d3(9.525367)	
../../pdbs//7ey2.pdb 3.N
Timestep	Standard Nomenclature	Ring conformation
1			4C1		4d1(0.179217)		2d5(0.517370)		6d3(1.717645)	
../../pdbs//7ey2.pdb 5.T
Timestep	Standard Nomenclature	Ring conformation
1			-		24t(4.864422)		t13(5.678514)		6d3(7.561052)	
../../pdbs//7ey2.pdb 4.T
Timestep	Standard Nomenclature	Ring conformation
1			-		4d1(0.069741)		26t(7.458977)	
../../pdbs//7ey2.pdb 6.T
Timestep	Standard Nomenclature	Ring conformation
1			-		5t3(2.370261)		d36(3.522448)		12q(7.108651)		q34(7.755054)		1t3(8.199844)	
../../pdbs//7ey2.pdb 3.T
Timestep	Standard Nomenclature	Ring conformation
1			4C1		6d3(1.002546)		4d1(1.014652)		2d5(1.761568)	
../../pdbs//7ey2.pdb 4.Q
Timestep	Standard Nomenclature	Ring conformation
1			4C1		6d3(1.950709)		2d5(3.604541)		4d1(5.664254)	
../../pdbs//7ey2.pdb 3.Q
Timestep	Standard Nomenclature	Ring conformation
1			-		4d1(3.594780)		26t(9.045482)	
../../pdbs//7ey2.pdb 5.Q
Timestep	Standard Nomenclature	Ring conformation
1			2H3		2q3(2.474497)		12q(2.774624)		24t(4.728065)		2t6(4.852976)		2d5(5.418679)		q34(7.512003)		t13(8.514324)	
../../pdbs//7ey2.pdb 2.Q
Timestep	Standard Nomenclature	Ring conformation
1			4C1		4d1(0.475776)		2d5(4.514238)		6d3(4.951200)	
../../pdbs//7ey2.pdb 5.W
Timestep	Standard Nomenclature	Ring conformation
1			-		6d3(4.492738)		24t(5.767525)		t13(9.972697)	
../../pdbs//7ey2.pdb 4.W
Timestep	Standard Nomenclature	Ring conformation
1			-		4d1(2.086975)		26t(9.715534)	
../../pdbs//7ey2.pdb 6.W
Timestep	Standard Nomenclature	Ring conformation
1			-		5t3(0.504732)		q34(3.462833)		d36(4.115831)		1t3(6.432369)		2q3(6.755760)		12q(9.076216)	
../../pdbs//7ey2.pdb 3.W
Timestep	Standard Nomenclature	Ring conformation
1			4C1		4d1(0.697640)		6d3(1.785150)		2d5(2.530211)	
../../pdbs//5evm.pdb 4.G
Timestep	Standard Nomenclature	Ring conformation
1			OS2		-		3t5(1.914609)		6t2(2.150862)	
../../pdbs//5evm.pdb 3.G
Timestep	Standard Nomenclature	Ring conformation
1			-		2d5(6.411154)		4d1(7.635009)		46t(8.530107)		t35(9.761442)	
../../pdbs//5evm.pdb 5.G
Timestep	Standard Nomenclature	Ring conformation
1			4C1		2d5(2.434809)		6d3(5.017832)		4d1(7.180803)	
../../pdbs//5evm.pdb 3.G
Timestep	Standard Nomenclature	Ring conformation
1			-		2d5(6.411154)		4d1(7.635009)		46t(8.530107)		t35(9.761442)	
../../pdbs//4uoj.pdb 5.F
Timestep	Standard Nomenclature	Ring conformation
1			4C1		2d5(1.199901)		4d1(1.536505)		6d3(2.558410)	
../../pdbs//4uoj.pdb 4.F
Timestep	Standard Nomenclature	Ring conformation
1			4C1		4d1(0.762466)		6d3(7.229764)		2d5(8.068158)	
../../pdbs//4uoj.pdb 10.F
Timestep	Standard Nomenclature	Ring conformation
1			4C1		4d1(1.423655)		2d5(3.497172)		6d3(4.932693)	
../../pdbs//4uoj.pdb 3.F
Timestep	Standard Nomenclature	Ring conformation
1			4C1		2d5(0.395126)		4d1(1.982019)		6d3(2.579772)	
../../pdbs//4uoj.pdb 7.F
Timestep	Standard Nomenclature	Ring conformation
1			4C1		2d5(0.129828)		6d3(0.866073)		4d1(1.356334)	
../../pdbs//4uoj.pdb 3.F
Timestep	Standard Nomenclature	Ring conformation
1			4C1		2d5(0.395126)		4d1(1.982019)		6d3(2.579772)	
../../pdbs//4uoj.pdb 5.K
Timestep	Standard Nomenclature	Ring conformation
1			4C1		4d1(0.631470)		2d5(2.074595)		6d3(2.602529)	
../../pdbs//4uoj.pdb 4.K
Timestep	Standard Nomenclature	Ring conformation
1			4C1		4d1(1.287129)		6d3(7.617169)		2d5(8.999230)	
../../pdbs//4uoj.pdb 10.K
Timestep	Standard Nomenclature	Ring conformation
1			4C1		4d1(0.700023)		6d3(1.952748)		2d5(2.387734)	
../../pdbs//4uoj.pdb 3.K
Timestep	Standard Nomenclature	Ring conformation
1			4C1		2d5(1.360285)		4d1(2.879954)		6d3(4.468626)	
../../pdbs//4uoj.pdb 7.K
Timestep	Standard Nomenclature	Ring conformation
1			4C1		4d1(1.109654)		2d5(1.337723)		6d3(2.125251)	
../../pdbs//4uoj.pdb 3.K
Timestep	Standard Nomenclature	Ring conformation
1			4C1		2d5(1.360285)		4d1(2.879954)		6d3(4.468626)	
