WARNING:
Replacing fetcher for 'pdb_nmr' and format NMRSTAR from NMRSTAR bundle with that from NMRSTAR bundle
INFO:
UCSF ChimeraX version: 1.6.1 (2023-05-09)
INFO:
© 2016-2023 Regents of the University of California.  All rights reserved.
INFO:
Executing: open ./calc_dihedral_chimerax/calc_dihedral_part_42.cxc
INFO:
Executing: close #1
INFO:
Executing: open ../../../pdbs/8sb0.pdb
INFO:
_8sb0.pdb_ title:  
 **Cryoem structure of DH270.I4.6-CH848.10.17** [[more info...]](cxcmd:log
metadata #1)  
  

INFO:
Chain information for 8sb0.pdb #1  
---  
Chain | Description  
[A](cxcmd:select /A:32-503 "Select chain") [F](cxcmd:select /F:32-505 "Select
chain") [K](cxcmd:select /K:32-505 "Select chain") | [CH848.10.17.sosip
GP120](cxcmd:sequence chain #1/A#1/F#1/K "Show sequence")  
[B](cxcmd:select /B:522-660 "Select chain") [G](cxcmd:select /G:522-660
"Select chain") [L](cxcmd:select /L:522-660 "Select chain") |
[CH848.10.17.sosip GP41](cxcmd:sequence chain #1/B#1/G#1/L "Show sequence")  
[C](cxcmd:select /C:1-126 "Select chain") [H](cxcmd:select /H:1-126 "Select
chain") [M](cxcmd:select /M:1-126 "Select chain") | [DH270.I4.6 variable heavy
chain](cxcmd:sequence chain #1/C#1/H#1/M "Show sequence")  
[D](cxcmd:select /D:231-340 "Select chain") [I](cxcmd:select /I:231-340
"Select chain") [N](cxcmd:select /N:231-340 "Select chain") | [DH270.I4.6
variable light chain](cxcmd:sequence chain #1/D#1/I#1/N "Show sequence")  
  

INFO:
Non-standard residues in 8sb0.pdb #1  
---  
[BMA](cxcmd:sel :BMA "select residue") — [β-D-
mannopyranose](http://www.rcsb.org/ligand/BMA "show residue info") (β-D-
mannose; D-mannose; mannose)  
[MAN](cxcmd:sel :MAN "select residue") — [α-D-
mannopyranose](http://www.rcsb.org/ligand/MAN "show residue info") (α-D-
mannose; D-mannose; mannose)  
[NAG](cxcmd:sel :NAG "select residue") — [2-acetamido-2-deoxy-β-D-
glucopyranose](http://www.rcsb.org/ligand/NAG "show residue info") (N-acetyl-
β-D-glucosamine; 2-acetamido-2-deoxy-β-D-glucose; 2-acetamido-2-deoxy-D-
glucose; 2-acetamido-2-deoxy-glucose; N-acetyl-D-glucosamine)  
  

INFO:
Executing: torsion /R:9@C2 /R:9@C1 /R:8@O6 /R:8@C6
INFO:
Torsion angle for atoms /R MAN 9 C2 C1 MAN 8 O6 C6 is 135.703°
INFO:
Executing: torsion /R:9@C1 /R:8@O6 /R:8@C6 /R:8@C5
INFO:
Torsion angle for atoms /R MAN 9 C1 MAN 8 O6 C6 C5 is -39.5853°
INFO:
Executing: close #1
INFO:
Executing: open ../../../pdbs/8sb0.pdb
INFO:
_8sb0.pdb_ title:  
 **Cryoem structure of DH270.I4.6-CH848.10.17** [[more info...]](cxcmd:log
metadata #1)  
  

INFO:
Chain information for 8sb0.pdb #1  
---  
Chain | Description  
[A](cxcmd:select /A:32-503 "Select chain") [F](cxcmd:select /F:32-505 "Select
chain") [K](cxcmd:select /K:32-505 "Select chain") | [CH848.10.17.sosip
GP120](cxcmd:sequence chain #1/A#1/F#1/K "Show sequence")  
[B](cxcmd:select /B:522-660 "Select chain") [G](cxcmd:select /G:522-660
"Select chain") [L](cxcmd:select /L:522-660 "Select chain") |
[CH848.10.17.sosip GP41](cxcmd:sequence chain #1/B#1/G#1/L "Show sequence")  
[C](cxcmd:select /C:1-126 "Select chain") [H](cxcmd:select /H:1-126 "Select
chain") [M](cxcmd:select /M:1-126 "Select chain") | [DH270.I4.6 variable heavy
chain](cxcmd:sequence chain #1/C#1/H#1/M "Show sequence")  
[D](cxcmd:select /D:231-340 "Select chain") [I](cxcmd:select /I:231-340
"Select chain") [N](cxcmd:select /N:231-340 "Select chain") | [DH270.I4.6
variable light chain](cxcmd:sequence chain #1/D#1/I#1/N "Show sequence")  
  

INFO:
Non-standard residues in 8sb0.pdb #1  
---  
[BMA](cxcmd:sel :BMA "select residue") — [β-D-
mannopyranose](http://www.rcsb.org/ligand/BMA "show residue info") (β-D-
mannose; D-mannose; mannose)  
[MAN](cxcmd:sel :MAN "select residue") — [α-D-
mannopyranose](http://www.rcsb.org/ligand/MAN "show residue info") (α-D-
mannose; D-mannose; mannose)  
[NAG](cxcmd:sel :NAG "select residue") — [2-acetamido-2-deoxy-β-D-
glucopyranose](http://www.rcsb.org/ligand/NAG "show residue info") (N-acetyl-
β-D-glucosamine; 2-acetamido-2-deoxy-β-D-glucose; 2-acetamido-2-deoxy-D-
glucose; 2-acetamido-2-deoxy-glucose; N-acetyl-D-glucosamine)  
  

INFO:
Executing: torsion /R:6@C2 /R:6@C1 /R:5@O6 /R:5@C6
INFO:
Torsion angle for atoms /R MAN 6 C2 C1 MAN 5 O6 C6 is -85.4267°
INFO:
Executing: torsion /R:6@C1 /R:5@O6 /R:5@C6 /R:5@C5
INFO:
Torsion angle for atoms /R MAN 6 C1 MAN 5 O6 C6 C5 is -50.5797°
INFO:
Executing: close #1
INFO:
Executing: open ../../../pdbs/8sb0.pdb
INFO:
_8sb0.pdb_ title:  
 **Cryoem structure of DH270.I4.6-CH848.10.17** [[more info...]](cxcmd:log
metadata #1)  
  

INFO:
Chain information for 8sb0.pdb #1  
---  
Chain | Description  
[A](cxcmd:select /A:32-503 "Select chain") [F](cxcmd:select /F:32-505 "Select
chain") [K](cxcmd:select /K:32-505 "Select chain") | [CH848.10.17.sosip
GP120](cxcmd:sequence chain #1/A#1/F#1/K "Show sequence")  
[B](cxcmd:select /B:522-660 "Select chain") [G](cxcmd:select /G:522-660
"Select chain") [L](cxcmd:select /L:522-660 "Select chain") |
[CH848.10.17.sosip GP41](cxcmd:sequence chain #1/B#1/G#1/L "Show sequence")  
[C](cxcmd:select /C:1-126 "Select chain") [H](cxcmd:select /H:1-126 "Select
chain") [M](cxcmd:select /M:1-126 "Select chain") | [DH270.I4.6 variable heavy
chain](cxcmd:sequence chain #1/C#1/H#1/M "Show sequence")  
[D](cxcmd:select /D:231-340 "Select chain") [I](cxcmd:select /I:231-340
"Select chain") [N](cxcmd:select /N:231-340 "Select chain") | [DH270.I4.6
variable light chain](cxcmd:sequence chain #1/D#1/I#1/N "Show sequence")  
  

INFO:
Non-standard residues in 8sb0.pdb #1  
---  
[BMA](cxcmd:sel :BMA "select residue") — [β-D-
mannopyranose](http://www.rcsb.org/ligand/BMA "show residue info") (β-D-
mannose; D-mannose; mannose)  
[MAN](cxcmd:sel :MAN "select residue") — [α-D-
mannopyranose](http://www.rcsb.org/ligand/MAN "show residue info") (α-D-
mannose; D-mannose; mannose)  
[NAG](cxcmd:sel :NAG "select residue") — [2-acetamido-2-deoxy-β-D-
glucopyranose](http://www.rcsb.org/ligand/NAG "show residue info") (N-acetyl-
β-D-glucosamine; 2-acetamido-2-deoxy-β-D-glucose; 2-acetamido-2-deoxy-D-
glucose; 2-acetamido-2-deoxy-glucose; N-acetyl-D-glucosamine)  
  

INFO:
Executing: torsion /R:5@C2 /R:5@C1 /R:4@O6 /R:4@C6
INFO:
Torsion angle for atoms /R MAN 5 C2 C1 MAN 4 O6 C6 is -154.717°
INFO:
Executing: torsion /R:5@C1 /R:4@O6 /R:4@C6 /R:4@C5
INFO:
Torsion angle for atoms /R MAN 5 C1 MAN 4 O6 C6 C5 is 8.00896°
INFO:
Executing: close #1
INFO:
Executing: open ../../../pdbs/8sb0.pdb
INFO:
_8sb0.pdb_ title:  
 **Cryoem structure of DH270.I4.6-CH848.10.17** [[more info...]](cxcmd:log
metadata #1)  
  

INFO:
Chain information for 8sb0.pdb #1  
---  
Chain | Description  
[A](cxcmd:select /A:32-503 "Select chain") [F](cxcmd:select /F:32-505 "Select
chain") [K](cxcmd:select /K:32-505 "Select chain") | [CH848.10.17.sosip
GP120](cxcmd:sequence chain #1/A#1/F#1/K "Show sequence")  
[B](cxcmd:select /B:522-660 "Select chain") [G](cxcmd:select /G:522-660
"Select chain") [L](cxcmd:select /L:522-660 "Select chain") |
[CH848.10.17.sosip GP41](cxcmd:sequence chain #1/B#1/G#1/L "Show sequence")  
[C](cxcmd:select /C:1-126 "Select chain") [H](cxcmd:select /H:1-126 "Select
chain") [M](cxcmd:select /M:1-126 "Select chain") | [DH270.I4.6 variable heavy
chain](cxcmd:sequence chain #1/C#1/H#1/M "Show sequence")  
[D](cxcmd:select /D:231-340 "Select chain") [I](cxcmd:select /I:231-340
"Select chain") [N](cxcmd:select /N:231-340 "Select chain") | [DH270.I4.6
variable light chain](cxcmd:sequence chain #1/D#1/I#1/N "Show sequence")  
  

INFO:
Non-standard residues in 8sb0.pdb #1  
---  
[BMA](cxcmd:sel :BMA "select residue") — [β-D-
mannopyranose](http://www.rcsb.org/ligand/BMA "show residue info") (β-D-
mannose; D-mannose; mannose)  
[MAN](cxcmd:sel :MAN "select residue") — [α-D-
mannopyranose](http://www.rcsb.org/ligand/MAN "show residue info") (α-D-
mannose; D-mannose; mannose)  
[NAG](cxcmd:sel :NAG "select residue") — [2-acetamido-2-deoxy-β-D-
glucopyranose](http://www.rcsb.org/ligand/NAG "show residue info") (N-acetyl-
β-D-glucosamine; 2-acetamido-2-deoxy-β-D-glucose; 2-acetamido-2-deoxy-D-
glucose; 2-acetamido-2-deoxy-glucose; N-acetyl-D-glucosamine)  
  

INFO:
Executing: torsion /R:8@C2 /R:8@C1 /R:7@O6 /R:7@C6
INFO:
Torsion angle for atoms /R MAN 8 C2 C1 MAN 7 O6 C6 is -165.966°
INFO:
Executing: torsion /R:8@C1 /R:7@O6 /R:7@C6 /R:7@C5
INFO:
Torsion angle for atoms /R MAN 8 C1 MAN 7 O6 C6 C5 is -166.812°
INFO:
Executing: close #1
INFO:
Executing: open ../../../pdbs/8sb0.pdb
INFO:
_8sb0.pdb_ title:  
 **Cryoem structure of DH270.I4.6-CH848.10.17** [[more info...]](cxcmd:log
metadata #1)  
  

INFO:
Chain information for 8sb0.pdb #1  
---  
Chain | Description  
[A](cxcmd:select /A:32-503 "Select chain") [F](cxcmd:select /F:32-505 "Select
chain") [K](cxcmd:select /K:32-505 "Select chain") | [CH848.10.17.sosip
GP120](cxcmd:sequence chain #1/A#1/F#1/K "Show sequence")  
[B](cxcmd:select /B:522-660 "Select chain") [G](cxcmd:select /G:522-660
"Select chain") [L](cxcmd:select /L:522-660 "Select chain") |
[CH848.10.17.sosip GP41](cxcmd:sequence chain #1/B#1/G#1/L "Show sequence")  
[C](cxcmd:select /C:1-126 "Select chain") [H](cxcmd:select /H:1-126 "Select
chain") [M](cxcmd:select /M:1-126 "Select chain") | [DH270.I4.6 variable heavy
chain](cxcmd:sequence chain #1/C#1/H#1/M "Show sequence")  
[D](cxcmd:select /D:231-340 "Select chain") [I](cxcmd:select /I:231-340
"Select chain") [N](cxcmd:select /N:231-340 "Select chain") | [DH270.I4.6
variable light chain](cxcmd:sequence chain #1/D#1/I#1/N "Show sequence")  
  

INFO:
Non-standard residues in 8sb0.pdb #1  
---  
[BMA](cxcmd:sel :BMA "select residue") — [β-D-
mannopyranose](http://www.rcsb.org/ligand/BMA "show residue info") (β-D-
mannose; D-mannose; mannose)  
[MAN](cxcmd:sel :MAN "select residue") — [α-D-
mannopyranose](http://www.rcsb.org/ligand/MAN "show residue info") (α-D-
mannose; D-mannose; mannose)  
[NAG](cxcmd:sel :NAG "select residue") — [2-acetamido-2-deoxy-β-D-
glucopyranose](http://www.rcsb.org/ligand/NAG "show residue info") (N-acetyl-
β-D-glucosamine; 2-acetamido-2-deoxy-β-D-glucose; 2-acetamido-2-deoxy-D-
glucose; 2-acetamido-2-deoxy-glucose; N-acetyl-D-glucosamine)  
  

INFO:
Executing: torsion /V:10@C2 /V:10@C1 /V:7@O6 /V:7@C6
INFO:
Torsion angle for atoms /V MAN 10 C2 C1 MAN 7 O6 C6 is -68.5119°
INFO:
Executing: torsion /V:10@C1 /V:7@O6 /V:7@C6 /V:7@C5
INFO:
Torsion angle for atoms /V MAN 10 C1 MAN 7 O6 C6 C5 is -26.8965°
INFO:
Executing: close #1
INFO:
Executing: open ../../../pdbs/8sb0.pdb
INFO:
_8sb0.pdb_ title:  
 **Cryoem structure of DH270.I4.6-CH848.10.17** [[more info...]](cxcmd:log
metadata #1)  
  

INFO:
Chain information for 8sb0.pdb #1  
---  
Chain | Description  
[A](cxcmd:select /A:32-503 "Select chain") [F](cxcmd:select /F:32-505 "Select
chain") [K](cxcmd:select /K:32-505 "Select chain") | [CH848.10.17.sosip
GP120](cxcmd:sequence chain #1/A#1/F#1/K "Show sequence")  
[B](cxcmd:select /B:522-660 "Select chain") [G](cxcmd:select /G:522-660
"Select chain") [L](cxcmd:select /L:522-660 "Select chain") |
[CH848.10.17.sosip GP41](cxcmd:sequence chain #1/B#1/G#1/L "Show sequence")  
[C](cxcmd:select /C:1-126 "Select chain") [H](cxcmd:select /H:1-126 "Select
chain") [M](cxcmd:select /M:1-126 "Select chain") | [DH270.I4.6 variable heavy
chain](cxcmd:sequence chain #1/C#1/H#1/M "Show sequence")  
[D](cxcmd:select /D:231-340 "Select chain") [I](cxcmd:select /I:231-340
"Select chain") [N](cxcmd:select /N:231-340 "Select chain") | [DH270.I4.6
variable light chain](cxcmd:sequence chain #1/D#1/I#1/N "Show sequence")  
  

INFO:
Non-standard residues in 8sb0.pdb #1  
---  
[BMA](cxcmd:sel :BMA "select residue") — [β-D-
mannopyranose](http://www.rcsb.org/ligand/BMA "show residue info") (β-D-
mannose; D-mannose; mannose)  
[MAN](cxcmd:sel :MAN "select residue") — [α-D-
mannopyranose](http://www.rcsb.org/ligand/MAN "show residue info") (α-D-
mannose; D-mannose; mannose)  
[NAG](cxcmd:sel :NAG "select residue") — [2-acetamido-2-deoxy-β-D-
glucopyranose](http://www.rcsb.org/ligand/NAG "show residue info") (N-acetyl-
β-D-glucosamine; 2-acetamido-2-deoxy-β-D-glucose; 2-acetamido-2-deoxy-D-
glucose; 2-acetamido-2-deoxy-glucose; N-acetyl-D-glucosamine)  
  

INFO:
Executing: torsion /V:9@C2 /V:9@C1 /V:8@O6 /V:8@C6
INFO:
Torsion angle for atoms /V MAN 9 C2 C1 MAN 8 O6 C6 is 135.678°
INFO:
Executing: torsion /V:9@C1 /V:8@O6 /V:8@C6 /V:8@C5
INFO:
Torsion angle for atoms /V MAN 9 C1 MAN 8 O6 C6 C5 is -38.8913°
INFO:
Executing: close #1
INFO:
Executing: open ../../../pdbs/8sb0.pdb
INFO:
_8sb0.pdb_ title:  
 **Cryoem structure of DH270.I4.6-CH848.10.17** [[more info...]](cxcmd:log
metadata #1)  
  

INFO:
Chain information for 8sb0.pdb #1  
---  
Chain | Description  
[A](cxcmd:select /A:32-503 "Select chain") [F](cxcmd:select /F:32-505 "Select
chain") [K](cxcmd:select /K:32-505 "Select chain") | [CH848.10.17.sosip
GP120](cxcmd:sequence chain #1/A#1/F#1/K "Show sequence")  
[B](cxcmd:select /B:522-660 "Select chain") [G](cxcmd:select /G:522-660
"Select chain") [L](cxcmd:select /L:522-660 "Select chain") |
[CH848.10.17.sosip GP41](cxcmd:sequence chain #1/B#1/G#1/L "Show sequence")  
[C](cxcmd:select /C:1-126 "Select chain") [H](cxcmd:select /H:1-126 "Select
chain") [M](cxcmd:select /M:1-126 "Select chain") | [DH270.I4.6 variable heavy
chain](cxcmd:sequence chain #1/C#1/H#1/M "Show sequence")  
[D](cxcmd:select /D:231-340 "Select chain") [I](cxcmd:select /I:231-340
"Select chain") [N](cxcmd:select /N:231-340 "Select chain") | [DH270.I4.6
variable light chain](cxcmd:sequence chain #1/D#1/I#1/N "Show sequence")  
  

INFO:
Non-standard residues in 8sb0.pdb #1  
---  
[BMA](cxcmd:sel :BMA "select residue") — [β-D-
mannopyranose](http://www.rcsb.org/ligand/BMA "show residue info") (β-D-
mannose; D-mannose; mannose)  
[MAN](cxcmd:sel :MAN "select residue") — [α-D-
mannopyranose](http://www.rcsb.org/ligand/MAN "show residue info") (α-D-
mannose; D-mannose; mannose)  
[NAG](cxcmd:sel :NAG "select residue") — [2-acetamido-2-deoxy-β-D-
glucopyranose](http://www.rcsb.org/ligand/NAG "show residue info") (N-acetyl-
β-D-glucosamine; 2-acetamido-2-deoxy-β-D-glucose; 2-acetamido-2-deoxy-D-
glucose; 2-acetamido-2-deoxy-glucose; N-acetyl-D-glucosamine)  
  

INFO:
Executing: torsion /V:6@C2 /V:6@C1 /V:5@O6 /V:5@C6
INFO:
Torsion angle for atoms /V MAN 6 C2 C1 MAN 5 O6 C6 is -91.7137°
INFO:
Executing: torsion /V:6@C1 /V:5@O6 /V:5@C6 /V:5@C5
INFO:
Torsion angle for atoms /V MAN 6 C1 MAN 5 O6 C6 C5 is -49.2031°
INFO:
Executing: close #1
INFO:
Executing: open ../../../pdbs/8sb0.pdb
INFO:
_8sb0.pdb_ title:  
 **Cryoem structure of DH270.I4.6-CH848.10.17** [[more info...]](cxcmd:log
metadata #1)  
  

INFO:
Chain information for 8sb0.pdb #1  
---  
Chain | Description  
[A](cxcmd:select /A:32-503 "Select chain") [F](cxcmd:select /F:32-505 "Select
chain") [K](cxcmd:select /K:32-505 "Select chain") | [CH848.10.17.sosip
GP120](cxcmd:sequence chain #1/A#1/F#1/K "Show sequence")  
[B](cxcmd:select /B:522-660 "Select chain") [G](cxcmd:select /G:522-660
"Select chain") [L](cxcmd:select /L:522-660 "Select chain") |
[CH848.10.17.sosip GP41](cxcmd:sequence chain #1/B#1/G#1/L "Show sequence")  
[C](cxcmd:select /C:1-126 "Select chain") [H](cxcmd:select /H:1-126 "Select
chain") [M](cxcmd:select /M:1-126 "Select chain") | [DH270.I4.6 variable heavy
chain](cxcmd:sequence chain #1/C#1/H#1/M "Show sequence")  
[D](cxcmd:select /D:231-340 "Select chain") [I](cxcmd:select /I:231-340
"Select chain") [N](cxcmd:select /N:231-340 "Select chain") | [DH270.I4.6
variable light chain](cxcmd:sequence chain #1/D#1/I#1/N "Show sequence")  
  

INFO:
Non-standard residues in 8sb0.pdb #1  
---  
[BMA](cxcmd:sel :BMA "select residue") — [β-D-
mannopyranose](http://www.rcsb.org/ligand/BMA "show residue info") (β-D-
mannose; D-mannose; mannose)  
[MAN](cxcmd:sel :MAN "select residue") — [α-D-
mannopyranose](http://www.rcsb.org/ligand/MAN "show residue info") (α-D-
mannose; D-mannose; mannose)  
[NAG](cxcmd:sel :NAG "select residue") — [2-acetamido-2-deoxy-β-D-
glucopyranose](http://www.rcsb.org/ligand/NAG "show residue info") (N-acetyl-
β-D-glucosamine; 2-acetamido-2-deoxy-β-D-glucose; 2-acetamido-2-deoxy-D-
glucose; 2-acetamido-2-deoxy-glucose; N-acetyl-D-glucosamine)  
  

INFO:
Executing: torsion /V:5@C2 /V:5@C1 /V:4@O6 /V:4@C6
INFO:
Torsion angle for atoms /V MAN 5 C2 C1 MAN 4 O6 C6 is -158.986°
INFO:
Executing: torsion /V:5@C1 /V:4@O6 /V:4@C6 /V:4@C5
INFO:
Torsion angle for atoms /V MAN 5 C1 MAN 4 O6 C6 C5 is 7.62554°
INFO:
Executing: close #1
INFO:
Executing: open ../../../pdbs/8sb0.pdb
INFO:
_8sb0.pdb_ title:  
 **Cryoem structure of DH270.I4.6-CH848.10.17** [[more info...]](cxcmd:log
metadata #1)  
  

INFO:
Chain information for 8sb0.pdb #1  
---  
Chain | Description  
[A](cxcmd:select /A:32-503 "Select chain") [F](cxcmd:select /F:32-505 "Select
chain") [K](cxcmd:select /K:32-505 "Select chain") | [CH848.10.17.sosip
GP120](cxcmd:sequence chain #1/A#1/F#1/K "Show sequence")  
[B](cxcmd:select /B:522-660 "Select chain") [G](cxcmd:select /G:522-660
"Select chain") [L](cxcmd:select /L:522-660 "Select chain") |
[CH848.10.17.sosip GP41](cxcmd:sequence chain #1/B#1/G#1/L "Show sequence")  
[C](cxcmd:select /C:1-126 "Select chain") [H](cxcmd:select /H:1-126 "Select
chain") [M](cxcmd:select /M:1-126 "Select chain") | [DH270.I4.6 variable heavy
chain](cxcmd:sequence chain #1/C#1/H#1/M "Show sequence")  
[D](cxcmd:select /D:231-340 "Select chain") [I](cxcmd:select /I:231-340
"Select chain") [N](cxcmd:select /N:231-340 "Select chain") | [DH270.I4.6
variable light chain](cxcmd:sequence chain #1/D#1/I#1/N "Show sequence")  
  

INFO:
Non-standard residues in 8sb0.pdb #1  
---  
[BMA](cxcmd:sel :BMA "select residue") — [β-D-
mannopyranose](http://www.rcsb.org/ligand/BMA "show residue info") (β-D-
mannose; D-mannose; mannose)  
[MAN](cxcmd:sel :MAN "select residue") — [α-D-
mannopyranose](http://www.rcsb.org/ligand/MAN "show residue info") (α-D-
mannose; D-mannose; mannose)  
[NAG](cxcmd:sel :NAG "select residue") — [2-acetamido-2-deoxy-β-D-
glucopyranose](http://www.rcsb.org/ligand/NAG "show residue info") (N-acetyl-
β-D-glucosamine; 2-acetamido-2-deoxy-β-D-glucose; 2-acetamido-2-deoxy-D-
glucose; 2-acetamido-2-deoxy-glucose; N-acetyl-D-glucosamine)  
  

INFO:
Executing: torsion /V:8@C2 /V:8@C1 /V:7@O6 /V:7@C6
INFO:
Torsion angle for atoms /V MAN 8 C2 C1 MAN 7 O6 C6 is -166.014°
INFO:
Executing: torsion /V:8@C1 /V:7@O6 /V:7@C6 /V:7@C5
INFO:
Torsion angle for atoms /V MAN 8 C1 MAN 7 O6 C6 C5 is -167.753°
INFO:
Executing: close #1
INFO:
Executing: open ../../../pdbs/6utk.pdb
INFO:
_6utk.pdb_ title:  
 **Crystal structure of 438-B11 fab In complex with an uncleaved prefusion
optimized (ufo) soluble BG505 trimer and fab 35O22 At 3.80 angstrom**
[[more info...]](cxcmd:log metadata #1)  
  

INFO:
Chain information for 6utk.pdb #1  
---  
Chain | Description | UniProt  
[D](cxcmd:select /D:1-222 "Select chain") | [35O22 fab heavy
chain](cxcmd:sequence chain #1/D "Show sequence") |  
[E](cxcmd:select /E:2-210 "Select chain") | [35O22 fab light
chain](cxcmd:sequence chain #1/E "Show sequence") |  
[G](cxcmd:select /G:33-504 "Select chain") | [envelope glycoprotein
GP120](cxcmd:sequence chain #1/G "Show sequence") | [Q2N0S6_9HIV1](cxcmd:open
Q2N0S6 from uniprot "Show annotations") [31-506](cxcmd:select #1/G:31-506
"Select sequence")  
[H](cxcmd:select /H:1-216 "Select chain") | [B11 fab heavy
chain](cxcmd:sequence chain #1/H "Show sequence") |  
[L](cxcmd:select /L:1-212 "Select chain") | [B11 fab light
chain](cxcmd:sequence chain #1/L "Show sequence") |  
[T](cxcmd:select /T:518-664 "Select chain") | [envelope glycoprotein
GP41](cxcmd:sequence chain #1/T "Show sequence") | [Q2N0S9_9HIV1](cxcmd:open
Q2N0S9 from uniprot "Show annotations") [512-547](cxcmd:select #1/T:512-547
"Select sequence") [569-664](cxcmd:select #1/T:569-664 "Select sequence")  
  

INFO:
Non-standard residues in 6utk.pdb #1  
---  
[BMA](cxcmd:sel :BMA "select residue") — [β-D-
mannopyranose](http://www.rcsb.org/ligand/BMA "show residue info") (β-D-
mannose; D-mannose; mannose)  
[MAN](cxcmd:sel :MAN "select residue") — [α-D-
mannopyranose](http://www.rcsb.org/ligand/MAN "show residue info") (α-D-
mannose; D-mannose; mannose)  
[NAG](cxcmd:sel :NAG "select residue") — [2-acetamido-2-deoxy-β-D-
glucopyranose](http://www.rcsb.org/ligand/NAG "show residue info") (N-acetyl-
β-D-glucosamine; 2-acetamido-2-deoxy-β-D-glucose; 2-acetamido-2-deoxy-D-
glucose; 2-acetamido-2-deoxy-glucose; N-acetyl-D-glucosamine)  
  

INFO:
Executing: torsion /R:5@C2 /R:5@C1 /R:4@O6 /R:4@C6
INFO:
Torsion angle for atoms /R MAN 5 C2 C1 MAN 4 O6 C6 is -158.379°
INFO:
Executing: torsion /R:5@C1 /R:4@O6 /R:4@C6 /R:4@C5
INFO:
Torsion angle for atoms /R MAN 5 C1 MAN 4 O6 C6 C5 is 31.8309°
INFO:
Executing: close #1
INFO:
Executing: open ../../../pdbs/6utk.pdb
INFO:
_6utk.pdb_ title:  
 **Crystal structure of 438-B11 fab In complex with an uncleaved prefusion
optimized (ufo) soluble BG505 trimer and fab 35O22 At 3.80 angstrom**
[[more info...]](cxcmd:log metadata #1)  
  

INFO:
Chain information for 6utk.pdb #1  
---  
Chain | Description | UniProt  
[D](cxcmd:select /D:1-222 "Select chain") | [35O22 fab heavy
chain](cxcmd:sequence chain #1/D "Show sequence") |  
[E](cxcmd:select /E:2-210 "Select chain") | [35O22 fab light
chain](cxcmd:sequence chain #1/E "Show sequence") |  
[G](cxcmd:select /G:33-504 "Select chain") | [envelope glycoprotein
GP120](cxcmd:sequence chain #1/G "Show sequence") | [Q2N0S6_9HIV1](cxcmd:open
Q2N0S6 from uniprot "Show annotations") [31-506](cxcmd:select #1/G:31-506
"Select sequence")  
[H](cxcmd:select /H:1-216 "Select chain") | [B11 fab heavy
chain](cxcmd:sequence chain #1/H "Show sequence") |  
[L](cxcmd:select /L:1-212 "Select chain") | [B11 fab light
chain](cxcmd:sequence chain #1/L "Show sequence") |  
[T](cxcmd:select /T:518-664 "Select chain") | [envelope glycoprotein
GP41](cxcmd:sequence chain #1/T "Show sequence") | [Q2N0S9_9HIV1](cxcmd:open
Q2N0S9 from uniprot "Show annotations") [512-547](cxcmd:select #1/T:512-547
"Select sequence") [569-664](cxcmd:select #1/T:569-664 "Select sequence")  
  

INFO:
Non-standard residues in 6utk.pdb #1  
---  
[BMA](cxcmd:sel :BMA "select residue") — [β-D-
mannopyranose](http://www.rcsb.org/ligand/BMA "show residue info") (β-D-
mannose; D-mannose; mannose)  
[MAN](cxcmd:sel :MAN "select residue") — [α-D-
mannopyranose](http://www.rcsb.org/ligand/MAN "show residue info") (α-D-
mannose; D-mannose; mannose)  
[NAG](cxcmd:sel :NAG "select residue") — [2-acetamido-2-deoxy-β-D-
glucopyranose](http://www.rcsb.org/ligand/NAG "show residue info") (N-acetyl-
β-D-glucosamine; 2-acetamido-2-deoxy-β-D-glucose; 2-acetamido-2-deoxy-D-
glucose; 2-acetamido-2-deoxy-glucose; N-acetyl-D-glucosamine)  
  

INFO:
Executing: torsion /R:6@C2 /R:6@C1 /R:4@O6 /R:4@C6
INFO:
Torsion angle for atoms /R MAN 6 C2 C1 MAN 4 O6 C6 is -50.2027°
INFO:
Executing: torsion /R:6@C1 /R:4@O6 /R:4@C6 /R:4@C5
INFO:
Torsion angle for atoms /R MAN 6 C1 MAN 4 O6 C6 C5 is -139.245°
INFO:
Executing: close #1
INFO:
Executing: open ../../../pdbs/6utk.pdb
INFO:
_6utk.pdb_ title:  
 **Crystal structure of 438-B11 fab In complex with an uncleaved prefusion
optimized (ufo) soluble BG505 trimer and fab 35O22 At 3.80 angstrom**
[[more info...]](cxcmd:log metadata #1)  
  

INFO:
Chain information for 6utk.pdb #1  
---  
Chain | Description | UniProt  
[D](cxcmd:select /D:1-222 "Select chain") | [35O22 fab heavy
chain](cxcmd:sequence chain #1/D "Show sequence") |  
[E](cxcmd:select /E:2-210 "Select chain") | [35O22 fab light
chain](cxcmd:sequence chain #1/E "Show sequence") |  
[G](cxcmd:select /G:33-504 "Select chain") | [envelope glycoprotein
GP120](cxcmd:sequence chain #1/G "Show sequence") | [Q2N0S6_9HIV1](cxcmd:open
Q2N0S6 from uniprot "Show annotations") [31-506](cxcmd:select #1/G:31-506
"Select sequence")  
[H](cxcmd:select /H:1-216 "Select chain") | [B11 fab heavy
chain](cxcmd:sequence chain #1/H "Show sequence") |  
[L](cxcmd:select /L:1-212 "Select chain") | [B11 fab light
chain](cxcmd:sequence chain #1/L "Show sequence") |  
[T](cxcmd:select /T:518-664 "Select chain") | [envelope glycoprotein
GP41](cxcmd:sequence chain #1/T "Show sequence") | [Q2N0S9_9HIV1](cxcmd:open
Q2N0S9 from uniprot "Show annotations") [512-547](cxcmd:select #1/T:512-547
"Select sequence") [569-664](cxcmd:select #1/T:569-664 "Select sequence")  
  

INFO:
Non-standard residues in 6utk.pdb #1  
---  
[BMA](cxcmd:sel :BMA "select residue") — [β-D-
mannopyranose](http://www.rcsb.org/ligand/BMA "show residue info") (β-D-
mannose; D-mannose; mannose)  
[MAN](cxcmd:sel :MAN "select residue") — [α-D-
mannopyranose](http://www.rcsb.org/ligand/MAN "show residue info") (α-D-
mannose; D-mannose; mannose)  
[NAG](cxcmd:sel :NAG "select residue") — [2-acetamido-2-deoxy-β-D-
glucopyranose](http://www.rcsb.org/ligand/NAG "show residue info") (N-acetyl-
β-D-glucosamine; 2-acetamido-2-deoxy-β-D-glucose; 2-acetamido-2-deoxy-D-
glucose; 2-acetamido-2-deoxy-glucose; N-acetyl-D-glucosamine)  
  

INFO:
Executing: torsion /B:5@C2 /B:5@C1 /B:4@O6 /B:4@C6
INFO:
Torsion angle for atoms /B MAN 5 C2 C1 MAN 4 O6 C6 is 123.285°
INFO:
Executing: torsion /B:5@C1 /B:4@O6 /B:4@C6 /B:4@C5
INFO:
Torsion angle for atoms /B MAN 5 C1 MAN 4 O6 C6 C5 is -41.012°
INFO:
Executing: close #1
INFO:
Executing: open ../../../pdbs/6utk.pdb
INFO:
_6utk.pdb_ title:  
 **Crystal structure of 438-B11 fab In complex with an uncleaved prefusion
optimized (ufo) soluble BG505 trimer and fab 35O22 At 3.80 angstrom**
[[more info...]](cxcmd:log metadata #1)  
  

INFO:
Chain information for 6utk.pdb #1  
---  
Chain | Description | UniProt  
[D](cxcmd:select /D:1-222 "Select chain") | [35O22 fab heavy
chain](cxcmd:sequence chain #1/D "Show sequence") |  
[E](cxcmd:select /E:2-210 "Select chain") | [35O22 fab light
chain](cxcmd:sequence chain #1/E "Show sequence") |  
[G](cxcmd:select /G:33-504 "Select chain") | [envelope glycoprotein
GP120](cxcmd:sequence chain #1/G "Show sequence") | [Q2N0S6_9HIV1](cxcmd:open
Q2N0S6 from uniprot "Show annotations") [31-506](cxcmd:select #1/G:31-506
"Select sequence")  
[H](cxcmd:select /H:1-216 "Select chain") | [B11 fab heavy
chain](cxcmd:sequence chain #1/H "Show sequence") |  
[L](cxcmd:select /L:1-212 "Select chain") | [B11 fab light
chain](cxcmd:sequence chain #1/L "Show sequence") |  
[T](cxcmd:select /T:518-664 "Select chain") | [envelope glycoprotein
GP41](cxcmd:sequence chain #1/T "Show sequence") | [Q2N0S9_9HIV1](cxcmd:open
Q2N0S9 from uniprot "Show annotations") [512-547](cxcmd:select #1/T:512-547
"Select sequence") [569-664](cxcmd:select #1/T:569-664 "Select sequence")  
  

INFO:
Non-standard residues in 6utk.pdb #1  
---  
[BMA](cxcmd:sel :BMA "select residue") — [β-D-
mannopyranose](http://www.rcsb.org/ligand/BMA "show residue info") (β-D-
mannose; D-mannose; mannose)  
[MAN](cxcmd:sel :MAN "select residue") — [α-D-
mannopyranose](http://www.rcsb.org/ligand/MAN "show residue info") (α-D-
mannose; D-mannose; mannose)  
[NAG](cxcmd:sel :NAG "select residue") — [2-acetamido-2-deoxy-β-D-
glucopyranose](http://www.rcsb.org/ligand/NAG "show residue info") (N-acetyl-
β-D-glucosamine; 2-acetamido-2-deoxy-β-D-glucose; 2-acetamido-2-deoxy-D-
glucose; 2-acetamido-2-deoxy-glucose; N-acetyl-D-glucosamine)  
  

INFO:
Executing: torsion /B:8@C2 /B:8@C1 /B:7@O6 /B:7@C6
INFO:
Torsion angle for atoms /B MAN 8 C2 C1 MAN 7 O6 C6 is -147.174°
INFO:
Executing: torsion /B:8@C1 /B:7@O6 /B:7@C6 /B:7@C5
INFO:
Torsion angle for atoms /B MAN 8 C1 MAN 7 O6 C6 C5 is 32.2692°
INFO:
Executing: close #1
INFO:
Executing: open ../../../pdbs/6utk.pdb
INFO:
_6utk.pdb_ title:  
 **Crystal structure of 438-B11 fab In complex with an uncleaved prefusion
optimized (ufo) soluble BG505 trimer and fab 35O22 At 3.80 angstrom**
[[more info...]](cxcmd:log metadata #1)  
  

INFO:
Chain information for 6utk.pdb #1  
---  
Chain | Description | UniProt  
[D](cxcmd:select /D:1-222 "Select chain") | [35O22 fab heavy
chain](cxcmd:sequence chain #1/D "Show sequence") |  
[E](cxcmd:select /E:2-210 "Select chain") | [35O22 fab light
chain](cxcmd:sequence chain #1/E "Show sequence") |  
[G](cxcmd:select /G:33-504 "Select chain") | [envelope glycoprotein
GP120](cxcmd:sequence chain #1/G "Show sequence") | [Q2N0S6_9HIV1](cxcmd:open
Q2N0S6 from uniprot "Show annotations") [31-506](cxcmd:select #1/G:31-506
"Select sequence")  
[H](cxcmd:select /H:1-216 "Select chain") | [B11 fab heavy
chain](cxcmd:sequence chain #1/H "Show sequence") |  
[L](cxcmd:select /L:1-212 "Select chain") | [B11 fab light
chain](cxcmd:sequence chain #1/L "Show sequence") |  
[T](cxcmd:select /T:518-664 "Select chain") | [envelope glycoprotein
GP41](cxcmd:sequence chain #1/T "Show sequence") | [Q2N0S9_9HIV1](cxcmd:open
Q2N0S9 from uniprot "Show annotations") [512-547](cxcmd:select #1/T:512-547
"Select sequence") [569-664](cxcmd:select #1/T:569-664 "Select sequence")  
  

INFO:
Non-standard residues in 6utk.pdb #1  
---  
[BMA](cxcmd:sel :BMA "select residue") — [β-D-
mannopyranose](http://www.rcsb.org/ligand/BMA "show residue info") (β-D-
mannose; D-mannose; mannose)  
[MAN](cxcmd:sel :MAN "select residue") — [α-D-
mannopyranose](http://www.rcsb.org/ligand/MAN "show residue info") (α-D-
mannose; D-mannose; mannose)  
[NAG](cxcmd:sel :NAG "select residue") — [2-acetamido-2-deoxy-β-D-
glucopyranose](http://www.rcsb.org/ligand/NAG "show residue info") (N-acetyl-
β-D-glucosamine; 2-acetamido-2-deoxy-β-D-glucose; 2-acetamido-2-deoxy-D-
glucose; 2-acetamido-2-deoxy-glucose; N-acetyl-D-glucosamine)  
  

INFO:
Executing: torsion /B:6@C2 /B:6@C1 /B:5@O6 /B:5@C6
INFO:
Torsion angle for atoms /B MAN 6 C2 C1 MAN 5 O6 C6 is -166.207°
INFO:
Executing: torsion /B:6@C1 /B:5@O6 /B:5@C6 /B:5@C5
INFO:
Torsion angle for atoms /B MAN 6 C1 MAN 5 O6 C6 C5 is 13.8602°
INFO:
Executing: close #1
INFO:
Executing: open ../../../pdbs/6utk.pdb
INFO:
_6utk.pdb_ title:  
 **Crystal structure of 438-B11 fab In complex with an uncleaved prefusion
optimized (ufo) soluble BG505 trimer and fab 35O22 At 3.80 angstrom**
[[more info...]](cxcmd:log metadata #1)  
  

INFO:
Chain information for 6utk.pdb #1  
---  
Chain | Description | UniProt  
[D](cxcmd:select /D:1-222 "Select chain") | [35O22 fab heavy
chain](cxcmd:sequence chain #1/D "Show sequence") |  
[E](cxcmd:select /E:2-210 "Select chain") | [35O22 fab light
chain](cxcmd:sequence chain #1/E "Show sequence") |  
[G](cxcmd:select /G:33-504 "Select chain") | [envelope glycoprotein
GP120](cxcmd:sequence chain #1/G "Show sequence") | [Q2N0S6_9HIV1](cxcmd:open
Q2N0S6 from uniprot "Show annotations") [31-506](cxcmd:select #1/G:31-506
"Select sequence")  
[H](cxcmd:select /H:1-216 "Select chain") | [B11 fab heavy
chain](cxcmd:sequence chain #1/H "Show sequence") |  
[L](cxcmd:select /L:1-212 "Select chain") | [B11 fab light
chain](cxcmd:sequence chain #1/L "Show sequence") |  
[T](cxcmd:select /T:518-664 "Select chain") | [envelope glycoprotein
GP41](cxcmd:sequence chain #1/T "Show sequence") | [Q2N0S9_9HIV1](cxcmd:open
Q2N0S9 from uniprot "Show annotations") [512-547](cxcmd:select #1/T:512-547
"Select sequence") [569-664](cxcmd:select #1/T:569-664 "Select sequence")  
  

INFO:
Non-standard residues in 6utk.pdb #1  
---  
[BMA](cxcmd:sel :BMA "select residue") — [β-D-
mannopyranose](http://www.rcsb.org/ligand/BMA "show residue info") (β-D-
mannose; D-mannose; mannose)  
[MAN](cxcmd:sel :MAN "select residue") — [α-D-
mannopyranose](http://www.rcsb.org/ligand/MAN "show residue info") (α-D-
mannose; D-mannose; mannose)  
[NAG](cxcmd:sel :NAG "select residue") — [2-acetamido-2-deoxy-β-D-
glucopyranose](http://www.rcsb.org/ligand/NAG "show residue info") (N-acetyl-
β-D-glucosamine; 2-acetamido-2-deoxy-β-D-glucose; 2-acetamido-2-deoxy-D-
glucose; 2-acetamido-2-deoxy-glucose; N-acetyl-D-glucosamine)  
  

INFO:
Executing: torsion /B:10@C2 /B:10@C1 /B:9@O6 /B:9@C6
INFO:
Torsion angle for atoms /B MAN 10 C2 C1 MAN 9 O6 C6 is 110.385°
INFO:
Executing: torsion /B:10@C1 /B:9@O6 /B:9@C6 /B:9@C5
INFO:
Torsion angle for atoms /B MAN 10 C1 MAN 9 O6 C6 C5 is 16.0439°
INFO:
Executing: close #1
INFO:
Executing: open ../../../pdbs/6utk.pdb
INFO:
_6utk.pdb_ title:  
 **Crystal structure of 438-B11 fab In complex with an uncleaved prefusion
optimized (ufo) soluble BG505 trimer and fab 35O22 At 3.80 angstrom**
[[more info...]](cxcmd:log metadata #1)  
  

INFO:
Chain information for 6utk.pdb #1  
---  
Chain | Description | UniProt  
[D](cxcmd:select /D:1-222 "Select chain") | [35O22 fab heavy
chain](cxcmd:sequence chain #1/D "Show sequence") |  
[E](cxcmd:select /E:2-210 "Select chain") | [35O22 fab light
chain](cxcmd:sequence chain #1/E "Show sequence") |  
[G](cxcmd:select /G:33-504 "Select chain") | [envelope glycoprotein
GP120](cxcmd:sequence chain #1/G "Show sequence") | [Q2N0S6_9HIV1](cxcmd:open
Q2N0S6 from uniprot "Show annotations") [31-506](cxcmd:select #1/G:31-506
"Select sequence")  
[H](cxcmd:select /H:1-216 "Select chain") | [B11 fab heavy
chain](cxcmd:sequence chain #1/H "Show sequence") |  
[L](cxcmd:select /L:1-212 "Select chain") | [B11 fab light
chain](cxcmd:sequence chain #1/L "Show sequence") |  
[T](cxcmd:select /T:518-664 "Select chain") | [envelope glycoprotein
GP41](cxcmd:sequence chain #1/T "Show sequence") | [Q2N0S9_9HIV1](cxcmd:open
Q2N0S9 from uniprot "Show annotations") [512-547](cxcmd:select #1/T:512-547
"Select sequence") [569-664](cxcmd:select #1/T:569-664 "Select sequence")  
  

INFO:
Non-standard residues in 6utk.pdb #1  
---  
[BMA](cxcmd:sel :BMA "select residue") — [β-D-
mannopyranose](http://www.rcsb.org/ligand/BMA "show residue info") (β-D-
mannose; D-mannose; mannose)  
[MAN](cxcmd:sel :MAN "select residue") — [α-D-
mannopyranose](http://www.rcsb.org/ligand/MAN "show residue info") (α-D-
mannose; D-mannose; mannose)  
[NAG](cxcmd:sel :NAG "select residue") — [2-acetamido-2-deoxy-β-D-
glucopyranose](http://www.rcsb.org/ligand/NAG "show residue info") (N-acetyl-
β-D-glucosamine; 2-acetamido-2-deoxy-β-D-glucose; 2-acetamido-2-deoxy-D-
glucose; 2-acetamido-2-deoxy-glucose; N-acetyl-D-glucosamine)  
  

INFO:
Executing: torsion /B:7@C2 /B:7@C1 /B:4@O6 /B:4@C6
INFO:
Torsion angle for atoms /B MAN 7 C2 C1 MAN 4 O6 C6 is -72.4234°
INFO:
Executing: torsion /B:7@C1 /B:4@O6 /B:4@C6 /B:4@C5
INFO:
Torsion angle for atoms /B MAN 7 C1 MAN 4 O6 C6 C5 is -114.436°
INFO:
Executing: close #1
INFO:
Executing: open ../../../pdbs/6utk.pdb
INFO:
_6utk.pdb_ title:  
 **Crystal structure of 438-B11 fab In complex with an uncleaved prefusion
optimized (ufo) soluble BG505 trimer and fab 35O22 At 3.80 angstrom**
[[more info...]](cxcmd:log metadata #1)  
  

INFO:
Chain information for 6utk.pdb #1  
---  
Chain | Description | UniProt  
[D](cxcmd:select /D:1-222 "Select chain") | [35O22 fab heavy
chain](cxcmd:sequence chain #1/D "Show sequence") |  
[E](cxcmd:select /E:2-210 "Select chain") | [35O22 fab light
chain](cxcmd:sequence chain #1/E "Show sequence") |  
[G](cxcmd:select /G:33-504 "Select chain") | [envelope glycoprotein
GP120](cxcmd:sequence chain #1/G "Show sequence") | [Q2N0S6_9HIV1](cxcmd:open
Q2N0S6 from uniprot "Show annotations") [31-506](cxcmd:select #1/G:31-506
"Select sequence")  
[H](cxcmd:select /H:1-216 "Select chain") | [B11 fab heavy
chain](cxcmd:sequence chain #1/H "Show sequence") |  
[L](cxcmd:select /L:1-212 "Select chain") | [B11 fab light
chain](cxcmd:sequence chain #1/L "Show sequence") |  
[T](cxcmd:select /T:518-664 "Select chain") | [envelope glycoprotein
GP41](cxcmd:sequence chain #1/T "Show sequence") | [Q2N0S9_9HIV1](cxcmd:open
Q2N0S9 from uniprot "Show annotations") [512-547](cxcmd:select #1/T:512-547
"Select sequence") [569-664](cxcmd:select #1/T:569-664 "Select sequence")  
  

INFO:
Non-standard residues in 6utk.pdb #1  
---  
[BMA](cxcmd:sel :BMA "select residue") — [β-D-
mannopyranose](http://www.rcsb.org/ligand/BMA "show residue info") (β-D-
mannose; D-mannose; mannose)  
[MAN](cxcmd:sel :MAN "select residue") — [α-D-
mannopyranose](http://www.rcsb.org/ligand/MAN "show residue info") (α-D-
mannose; D-mannose; mannose)  
[NAG](cxcmd:sel :NAG "select residue") — [2-acetamido-2-deoxy-β-D-
glucopyranose](http://www.rcsb.org/ligand/NAG "show residue info") (N-acetyl-
β-D-glucosamine; 2-acetamido-2-deoxy-β-D-glucose; 2-acetamido-2-deoxy-D-
glucose; 2-acetamido-2-deoxy-glucose; N-acetyl-D-glucosamine)  
  

INFO:
Executing: torsion /K:8@C2 /K:8@C1 /K:7@O6 /K:7@C6
INFO:
Torsion angle for atoms /K MAN 8 C2 C1 MAN 7 O6 C6 is -149.309°
INFO:
Executing: torsion /K:8@C1 /K:7@O6 /K:7@C6 /K:7@C5
INFO:
Torsion angle for atoms /K MAN 8 C1 MAN 7 O6 C6 C5 is -17.6588°
INFO:
Executing: close #1
INFO:
Executing: open ../../../pdbs/6utk.pdb
INFO:
_6utk.pdb_ title:  
 **Crystal structure of 438-B11 fab In complex with an uncleaved prefusion
optimized (ufo) soluble BG505 trimer and fab 35O22 At 3.80 angstrom**
[[more info...]](cxcmd:log metadata #1)  
  

INFO:
Chain information for 6utk.pdb #1  
---  
Chain | Description | UniProt  
[D](cxcmd:select /D:1-222 "Select chain") | [35O22 fab heavy
chain](cxcmd:sequence chain #1/D "Show sequence") |  
[E](cxcmd:select /E:2-210 "Select chain") | [35O22 fab light
chain](cxcmd:sequence chain #1/E "Show sequence") |  
[G](cxcmd:select /G:33-504 "Select chain") | [envelope glycoprotein
GP120](cxcmd:sequence chain #1/G "Show sequence") | [Q2N0S6_9HIV1](cxcmd:open
Q2N0S6 from uniprot "Show annotations") [31-506](cxcmd:select #1/G:31-506
"Select sequence")  
[H](cxcmd:select /H:1-216 "Select chain") | [B11 fab heavy
chain](cxcmd:sequence chain #1/H "Show sequence") |  
[L](cxcmd:select /L:1-212 "Select chain") | [B11 fab light
chain](cxcmd:sequence chain #1/L "Show sequence") |  
[T](cxcmd:select /T:518-664 "Select chain") | [envelope glycoprotein
GP41](cxcmd:sequence chain #1/T "Show sequence") | [Q2N0S9_9HIV1](cxcmd:open
Q2N0S9 from uniprot "Show annotations") [512-547](cxcmd:select #1/T:512-547
"Select sequence") [569-664](cxcmd:select #1/T:569-664 "Select sequence")  
  

INFO:
Non-standard residues in 6utk.pdb #1  
---  
[BMA](cxcmd:sel :BMA "select residue") — [β-D-
mannopyranose](http://www.rcsb.org/ligand/BMA "show residue info") (β-D-
mannose; D-mannose; mannose)  
[MAN](cxcmd:sel :MAN "select residue") — [α-D-
mannopyranose](http://www.rcsb.org/ligand/MAN "show residue info") (α-D-
mannose; D-mannose; mannose)  
[NAG](cxcmd:sel :NAG "select residue") — [2-acetamido-2-deoxy-β-D-
glucopyranose](http://www.rcsb.org/ligand/NAG "show residue info") (N-acetyl-
β-D-glucosamine; 2-acetamido-2-deoxy-β-D-glucose; 2-acetamido-2-deoxy-D-
glucose; 2-acetamido-2-deoxy-glucose; N-acetyl-D-glucosamine)  
  

INFO:
Executing: torsion /K:11@C2 /K:11@C1 /K:10@O6 /K:10@C6
INFO:
Torsion angle for atoms /K MAN 11 C2 C1 MAN 10 O6 C6 is -69.4983°
INFO:
Executing: torsion /K:11@C1 /K:10@O6 /K:10@C6 /K:10@C5
INFO:
Torsion angle for atoms /K MAN 11 C1 MAN 10 O6 C6 C5 is -47.2484°
INFO:
Executing: close #1
INFO:
Executing: open ../../../pdbs/6utk.pdb
INFO:
_6utk.pdb_ title:  
 **Crystal structure of 438-B11 fab In complex with an uncleaved prefusion
optimized (ufo) soluble BG505 trimer and fab 35O22 At 3.80 angstrom**
[[more info...]](cxcmd:log metadata #1)  
  

INFO:
Chain information for 6utk.pdb #1  
---  
Chain | Description | UniProt  
[D](cxcmd:select /D:1-222 "Select chain") | [35O22 fab heavy
chain](cxcmd:sequence chain #1/D "Show sequence") |  
[E](cxcmd:select /E:2-210 "Select chain") | [35O22 fab light
chain](cxcmd:sequence chain #1/E "Show sequence") |  
[G](cxcmd:select /G:33-504 "Select chain") | [envelope glycoprotein
GP120](cxcmd:sequence chain #1/G "Show sequence") | [Q2N0S6_9HIV1](cxcmd:open
Q2N0S6 from uniprot "Show annotations") [31-506](cxcmd:select #1/G:31-506
"Select sequence")  
[H](cxcmd:select /H:1-216 "Select chain") | [B11 fab heavy
chain](cxcmd:sequence chain #1/H "Show sequence") |  
[L](cxcmd:select /L:1-212 "Select chain") | [B11 fab light
chain](cxcmd:sequence chain #1/L "Show sequence") |  
[T](cxcmd:select /T:518-664 "Select chain") | [envelope glycoprotein
GP41](cxcmd:sequence chain #1/T "Show sequence") | [Q2N0S9_9HIV1](cxcmd:open
Q2N0S9 from uniprot "Show annotations") [512-547](cxcmd:select #1/T:512-547
"Select sequence") [569-664](cxcmd:select #1/T:569-664 "Select sequence")  
  

INFO:
Non-standard residues in 6utk.pdb #1  
---  
[BMA](cxcmd:sel :BMA "select residue") — [β-D-
mannopyranose](http://www.rcsb.org/ligand/BMA "show residue info") (β-D-
mannose; D-mannose; mannose)  
[MAN](cxcmd:sel :MAN "select residue") — [α-D-
mannopyranose](http://www.rcsb.org/ligand/MAN "show residue info") (α-D-
mannose; D-mannose; mannose)  
[NAG](cxcmd:sel :NAG "select residue") — [2-acetamido-2-deoxy-β-D-
glucopyranose](http://www.rcsb.org/ligand/NAG "show residue info") (N-acetyl-
β-D-glucosamine; 2-acetamido-2-deoxy-β-D-glucose; 2-acetamido-2-deoxy-D-
glucose; 2-acetamido-2-deoxy-glucose; N-acetyl-D-glucosamine)  
  

INFO:
Executing: torsion /K:9@C2 /K:9@C1 /K:8@O6 /K:8@C6
INFO:
Torsion angle for atoms /K MAN 9 C2 C1 MAN 8 O6 C6 is 71.3469°
INFO:
Executing: torsion /K:9@C1 /K:8@O6 /K:8@C6 /K:8@C5
INFO:
Torsion angle for atoms /K MAN 9 C1 MAN 8 O6 C6 C5 is 42.2396°
INFO:
Executing: close #1
INFO:
Executing: open ../../../pdbs/6utk.pdb
INFO:
_6utk.pdb_ title:  
 **Crystal structure of 438-B11 fab In complex with an uncleaved prefusion
optimized (ufo) soluble BG505 trimer and fab 35O22 At 3.80 angstrom**
[[more info...]](cxcmd:log metadata #1)  
  

INFO:
Chain information for 6utk.pdb #1  
---  
Chain | Description | UniProt  
[D](cxcmd:select /D:1-222 "Select chain") | [35O22 fab heavy
chain](cxcmd:sequence chain #1/D "Show sequence") |  
[E](cxcmd:select /E:2-210 "Select chain") | [35O22 fab light
chain](cxcmd:sequence chain #1/E "Show sequence") |  
[G](cxcmd:select /G:33-504 "Select chain") | [envelope glycoprotein
GP120](cxcmd:sequence chain #1/G "Show sequence") | [Q2N0S6_9HIV1](cxcmd:open
Q2N0S6 from uniprot "Show annotations") [31-506](cxcmd:select #1/G:31-506
"Select sequence")  
[H](cxcmd:select /H:1-216 "Select chain") | [B11 fab heavy
chain](cxcmd:sequence chain #1/H "Show sequence") |  
[L](cxcmd:select /L:1-212 "Select chain") | [B11 fab light
chain](cxcmd:sequence chain #1/L "Show sequence") |  
[T](cxcmd:select /T:518-664 "Select chain") | [envelope glycoprotein
GP41](cxcmd:sequence chain #1/T "Show sequence") | [Q2N0S9_9HIV1](cxcmd:open
Q2N0S9 from uniprot "Show annotations") [512-547](cxcmd:select #1/T:512-547
"Select sequence") [569-664](cxcmd:select #1/T:569-664 "Select sequence")  
  

INFO:
Non-standard residues in 6utk.pdb #1  
---  
[BMA](cxcmd:sel :BMA "select residue") — [β-D-
mannopyranose](http://www.rcsb.org/ligand/BMA "show residue info") (β-D-
mannose; D-mannose; mannose)  
[MAN](cxcmd:sel :MAN "select residue") — [α-D-
mannopyranose](http://www.rcsb.org/ligand/MAN "show residue info") (α-D-
mannose; D-mannose; mannose)  
[NAG](cxcmd:sel :NAG "select residue") — [2-acetamido-2-deoxy-β-D-
glucopyranose](http://www.rcsb.org/ligand/NAG "show residue info") (N-acetyl-
β-D-glucosamine; 2-acetamido-2-deoxy-β-D-glucose; 2-acetamido-2-deoxy-D-
glucose; 2-acetamido-2-deoxy-glucose; N-acetyl-D-glucosamine)  
  

INFO:
Executing: torsion /K:6@C2 /K:6@C1 /K:5@O6 /K:5@C6
INFO:
Torsion angle for atoms /K MAN 6 C2 C1 MAN 5 O6 C6 is -96.0824°
INFO:
Executing: torsion /K:6@C1 /K:5@O6 /K:5@C6 /K:5@C5
INFO:
Torsion angle for atoms /K MAN 6 C1 MAN 5 O6 C6 C5 is -39.8848°
INFO:
Executing: close #1
INFO:
Executing: open ../../../pdbs/6utk.pdb
INFO:
_6utk.pdb_ title:  
 **Crystal structure of 438-B11 fab In complex with an uncleaved prefusion
optimized (ufo) soluble BG505 trimer and fab 35O22 At 3.80 angstrom**
[[more info...]](cxcmd:log metadata #1)  
  

INFO:
Chain information for 6utk.pdb #1  
---  
Chain | Description | UniProt  
[D](cxcmd:select /D:1-222 "Select chain") | [35O22 fab heavy
chain](cxcmd:sequence chain #1/D "Show sequence") |  
[E](cxcmd:select /E:2-210 "Select chain") | [35O22 fab light
chain](cxcmd:sequence chain #1/E "Show sequence") |  
[G](cxcmd:select /G:33-504 "Select chain") | [envelope glycoprotein
GP120](cxcmd:sequence chain #1/G "Show sequence") | [Q2N0S6_9HIV1](cxcmd:open
Q2N0S6 from uniprot "Show annotations") [31-506](cxcmd:select #1/G:31-506
"Select sequence")  
[H](cxcmd:select /H:1-216 "Select chain") | [B11 fab heavy
chain](cxcmd:sequence chain #1/H "Show sequence") |  
[L](cxcmd:select /L:1-212 "Select chain") | [B11 fab light
chain](cxcmd:sequence chain #1/L "Show sequence") |  
[T](cxcmd:select /T:518-664 "Select chain") | [envelope glycoprotein
GP41](cxcmd:sequence chain #1/T "Show sequence") | [Q2N0S9_9HIV1](cxcmd:open
Q2N0S9 from uniprot "Show annotations") [512-547](cxcmd:select #1/T:512-547
"Select sequence") [569-664](cxcmd:select #1/T:569-664 "Select sequence")  
  

INFO:
Non-standard residues in 6utk.pdb #1  
---  
[BMA](cxcmd:sel :BMA "select residue") — [β-D-
mannopyranose](http://www.rcsb.org/ligand/BMA "show residue info") (β-D-
mannose; D-mannose; mannose)  
[MAN](cxcmd:sel :MAN "select residue") — [α-D-
mannopyranose](http://www.rcsb.org/ligand/MAN "show residue info") (α-D-
mannose; D-mannose; mannose)  
[NAG](cxcmd:sel :NAG "select residue") — [2-acetamido-2-deoxy-β-D-
glucopyranose](http://www.rcsb.org/ligand/NAG "show residue info") (N-acetyl-
β-D-glucosamine; 2-acetamido-2-deoxy-β-D-glucose; 2-acetamido-2-deoxy-D-
glucose; 2-acetamido-2-deoxy-glucose; N-acetyl-D-glucosamine)  
  

INFO:
Executing: torsion /K:5@C2 /K:5@C1 /K:4@O6 /K:4@C6
INFO:
Torsion angle for atoms /K MAN 5 C2 C1 MAN 4 O6 C6 is -95.5224°
INFO:
Executing: torsion /K:5@C1 /K:4@O6 /K:4@C6 /K:4@C5
INFO:
Torsion angle for atoms /K MAN 5 C1 MAN 4 O6 C6 C5 is -1.9926°
INFO:
Executing: close #1
INFO:
Executing: open ../../../pdbs/6utk.pdb
INFO:
_6utk.pdb_ title:  
 **Crystal structure of 438-B11 fab In complex with an uncleaved prefusion
optimized (ufo) soluble BG505 trimer and fab 35O22 At 3.80 angstrom**
[[more info...]](cxcmd:log metadata #1)  
  

INFO:
Chain information for 6utk.pdb #1  
---  
Chain | Description | UniProt  
[D](cxcmd:select /D:1-222 "Select chain") | [35O22 fab heavy
chain](cxcmd:sequence chain #1/D "Show sequence") |  
[E](cxcmd:select /E:2-210 "Select chain") | [35O22 fab light
chain](cxcmd:sequence chain #1/E "Show sequence") |  
[G](cxcmd:select /G:33-504 "Select chain") | [envelope glycoprotein
GP120](cxcmd:sequence chain #1/G "Show sequence") | [Q2N0S6_9HIV1](cxcmd:open
Q2N0S6 from uniprot "Show annotations") [31-506](cxcmd:select #1/G:31-506
"Select sequence")  
[H](cxcmd:select /H:1-216 "Select chain") | [B11 fab heavy
chain](cxcmd:sequence chain #1/H "Show sequence") |  
[L](cxcmd:select /L:1-212 "Select chain") | [B11 fab light
chain](cxcmd:sequence chain #1/L "Show sequence") |  
[T](cxcmd:select /T:518-664 "Select chain") | [envelope glycoprotein
GP41](cxcmd:sequence chain #1/T "Show sequence") | [Q2N0S9_9HIV1](cxcmd:open
Q2N0S9 from uniprot "Show annotations") [512-547](cxcmd:select #1/T:512-547
"Select sequence") [569-664](cxcmd:select #1/T:569-664 "Select sequence")  
  

INFO:
Non-standard residues in 6utk.pdb #1  
---  
[BMA](cxcmd:sel :BMA "select residue") — [β-D-
mannopyranose](http://www.rcsb.org/ligand/BMA "show residue info") (β-D-
mannose; D-mannose; mannose)  
[MAN](cxcmd:sel :MAN "select residue") — [α-D-
mannopyranose](http://www.rcsb.org/ligand/MAN "show residue info") (α-D-
mannose; D-mannose; mannose)  
[NAG](cxcmd:sel :NAG "select residue") — [2-acetamido-2-deoxy-β-D-
glucopyranose](http://www.rcsb.org/ligand/NAG "show residue info") (N-acetyl-
β-D-glucosamine; 2-acetamido-2-deoxy-β-D-glucose; 2-acetamido-2-deoxy-D-
glucose; 2-acetamido-2-deoxy-glucose; N-acetyl-D-glucosamine)  
  

INFO:
Executing: torsion /K:10@C2 /K:10@C1 /K:7@O6 /K:7@C6
INFO:
Torsion angle for atoms /K MAN 10 C2 C1 MAN 7 O6 C6 is -62.8372°
INFO:
Executing: torsion /K:10@C1 /K:7@O6 /K:7@C6 /K:7@C5
INFO:
Torsion angle for atoms /K MAN 10 C1 MAN 7 O6 C6 C5 is 131.991°
INFO:
Executing: close #1
INFO:
Executing: open ../../../pdbs/6vzi.pdb
INFO:
_6vzi.pdb_ title:  
 **Crystal structure of hiv-1 CAP256 RNS-3MUT-2G-sosip.664 prefusion env
trimer In complex with human antibodies 3H109L and 35O22 At 3.5 angstrom**
[[more info...]](cxcmd:log metadata #1)  
  

INFO:
Chain information for 6vzi.pdb #1  
---  
Chain | Description | UniProt  
[B](cxcmd:select /B:518-663 "Select chain") | [envelope glycoprotein
GP41](cxcmd:sequence chain #1/B "Show sequence") | [W6ICH7_9HIV1](cxcmd:open
W6ICH7 from uniprot "Show annotations") [511-664](cxcmd:select #1/B:511-664
"Select sequence")  
[D](cxcmd:select /D:1-110 "Select chain") | [35O22 SCFV heavy
chain](cxcmd:sequence chain #1/D "Show sequence") |  
[E](cxcmd:select /E:3-106 "Select chain") | [35O22 SCFV light
chain](cxcmd:sequence chain #1/E "Show sequence") |  
[G](cxcmd:select /G:33-504 "Select chain") | [ENV polyprotein](cxcmd:sequence
chain #1/G "Show sequence") |  
[H](cxcmd:select /H:1-211 "Select chain") | [3H109L fab heavy
chain](cxcmd:sequence chain #1/H "Show sequence") |  
[L](cxcmd:select /L:6-210 "Select chain") | [3H109L fab light
chain](cxcmd:sequence chain #1/L "Show sequence") |  
  

INFO:
Non-standard residues in 6vzi.pdb #1  
---  
[BMA](cxcmd:sel :BMA "select residue") — [β-D-
mannopyranose](http://www.rcsb.org/ligand/BMA "show residue info") (β-D-
mannose; D-mannose; mannose)  
[MAN](cxcmd:sel :MAN "select residue") — [α-D-
mannopyranose](http://www.rcsb.org/ligand/MAN "show residue info") (α-D-
mannose; D-mannose; mannose)  
[NAG](cxcmd:sel :NAG "select residue") — [2-acetamido-2-deoxy-β-D-
glucopyranose](http://www.rcsb.org/ligand/NAG "show residue info") (N-acetyl-
β-D-glucosamine; 2-acetamido-2-deoxy-β-D-glucose; 2-acetamido-2-deoxy-D-
glucose; 2-acetamido-2-deoxy-glucose; N-acetyl-D-glucosamine)  
  

INFO:
Executing: torsion /J:10@C2 /J:10@C1 /J:7@O6 /J:7@C6
INFO:
Torsion angle for atoms /J MAN 10 C2 C1 MAN 7 O6 C6 is -93.3597°
INFO:
Executing: torsion /J:10@C1 /J:7@O6 /J:7@C6 /J:7@C5
INFO:
Torsion angle for atoms /J MAN 10 C1 MAN 7 O6 C6 C5 is -25.7574°
INFO:
Executing: close #1
INFO:
Executing: open ../../../pdbs/6vzi.pdb
INFO:
_6vzi.pdb_ title:  
 **Crystal structure of hiv-1 CAP256 RNS-3MUT-2G-sosip.664 prefusion env
trimer In complex with human antibodies 3H109L and 35O22 At 3.5 angstrom**
[[more info...]](cxcmd:log metadata #1)  
  

INFO:
Chain information for 6vzi.pdb #1  
---  
Chain | Description | UniProt  
[B](cxcmd:select /B:518-663 "Select chain") | [envelope glycoprotein
GP41](cxcmd:sequence chain #1/B "Show sequence") | [W6ICH7_9HIV1](cxcmd:open
W6ICH7 from uniprot "Show annotations") [511-664](cxcmd:select #1/B:511-664
"Select sequence")  
[D](cxcmd:select /D:1-110 "Select chain") | [35O22 SCFV heavy
chain](cxcmd:sequence chain #1/D "Show sequence") |  
[E](cxcmd:select /E:3-106 "Select chain") | [35O22 SCFV light
chain](cxcmd:sequence chain #1/E "Show sequence") |  
[G](cxcmd:select /G:33-504 "Select chain") | [ENV polyprotein](cxcmd:sequence
chain #1/G "Show sequence") |  
[H](cxcmd:select /H:1-211 "Select chain") | [3H109L fab heavy
chain](cxcmd:sequence chain #1/H "Show sequence") |  
[L](cxcmd:select /L:6-210 "Select chain") | [3H109L fab light
chain](cxcmd:sequence chain #1/L "Show sequence") |  
  

INFO:
Non-standard residues in 6vzi.pdb #1  
---  
[BMA](cxcmd:sel :BMA "select residue") — [β-D-
mannopyranose](http://www.rcsb.org/ligand/BMA "show residue info") (β-D-
mannose; D-mannose; mannose)  
[MAN](cxcmd:sel :MAN "select residue") — [α-D-
mannopyranose](http://www.rcsb.org/ligand/MAN "show residue info") (α-D-
mannose; D-mannose; mannose)  
[NAG](cxcmd:sel :NAG "select residue") — [2-acetamido-2-deoxy-β-D-
glucopyranose](http://www.rcsb.org/ligand/NAG "show residue info") (N-acetyl-
β-D-glucosamine; 2-acetamido-2-deoxy-β-D-glucose; 2-acetamido-2-deoxy-D-
glucose; 2-acetamido-2-deoxy-glucose; N-acetyl-D-glucosamine)  
  

INFO:
Executing: torsion /J:9@C2 /J:9@C1 /J:8@O6 /J:8@C6
INFO:
Torsion angle for atoms /J MAN 9 C2 C1 MAN 8 O6 C6 is -109.227°
INFO:
Executing: torsion /J:9@C1 /J:8@O6 /J:8@C6 /J:8@C5
INFO:
Torsion angle for atoms /J MAN 9 C1 MAN 8 O6 C6 C5 is -42.8058°
INFO:
Executing: close #1
INFO:
Executing: open ../../../pdbs/6vzi.pdb
INFO:
_6vzi.pdb_ title:  
 **Crystal structure of hiv-1 CAP256 RNS-3MUT-2G-sosip.664 prefusion env
trimer In complex with human antibodies 3H109L and 35O22 At 3.5 angstrom**
[[more info...]](cxcmd:log metadata #1)  
  

INFO:
Chain information for 6vzi.pdb #1  
---  
Chain | Description | UniProt  
[B](cxcmd:select /B:518-663 "Select chain") | [envelope glycoprotein
GP41](cxcmd:sequence chain #1/B "Show sequence") | [W6ICH7_9HIV1](cxcmd:open
W6ICH7 from uniprot "Show annotations") [511-664](cxcmd:select #1/B:511-664
"Select sequence")  
[D](cxcmd:select /D:1-110 "Select chain") | [35O22 SCFV heavy
chain](cxcmd:sequence chain #1/D "Show sequence") |  
[E](cxcmd:select /E:3-106 "Select chain") | [35O22 SCFV light
chain](cxcmd:sequence chain #1/E "Show sequence") |  
[G](cxcmd:select /G:33-504 "Select chain") | [ENV polyprotein](cxcmd:sequence
chain #1/G "Show sequence") |  
[H](cxcmd:select /H:1-211 "Select chain") | [3H109L fab heavy
chain](cxcmd:sequence chain #1/H "Show sequence") |  
[L](cxcmd:select /L:6-210 "Select chain") | [3H109L fab light
chain](cxcmd:sequence chain #1/L "Show sequence") |  
  

INFO:
Non-standard residues in 6vzi.pdb #1  
---  
[BMA](cxcmd:sel :BMA "select residue") — [β-D-
mannopyranose](http://www.rcsb.org/ligand/BMA "show residue info") (β-D-
mannose; D-mannose; mannose)  
[MAN](cxcmd:sel :MAN "select residue") — [α-D-
mannopyranose](http://www.rcsb.org/ligand/MAN "show residue info") (α-D-
mannose; D-mannose; mannose)  
[NAG](cxcmd:sel :NAG "select residue") — [2-acetamido-2-deoxy-β-D-
glucopyranose](http://www.rcsb.org/ligand/NAG "show residue info") (N-acetyl-
β-D-glucosamine; 2-acetamido-2-deoxy-β-D-glucose; 2-acetamido-2-deoxy-D-
glucose; 2-acetamido-2-deoxy-glucose; N-acetyl-D-glucosamine)  
  

INFO:
Executing: torsion /J:6@C2 /J:6@C1 /J:5@O6 /J:5@C6
INFO:
Torsion angle for atoms /J MAN 6 C2 C1 MAN 5 O6 C6 is -152.332°
INFO:
Executing: torsion /J:6@C1 /J:5@O6 /J:5@C6 /J:5@C5
INFO:
Torsion angle for atoms /J MAN 6 C1 MAN 5 O6 C6 C5 is 2.45693°
INFO:
Executing: close #1
INFO:
Executing: open ../../../pdbs/6vzi.pdb
INFO:
_6vzi.pdb_ title:  
 **Crystal structure of hiv-1 CAP256 RNS-3MUT-2G-sosip.664 prefusion env
trimer In complex with human antibodies 3H109L and 35O22 At 3.5 angstrom**
[[more info...]](cxcmd:log metadata #1)  
  

INFO:
Chain information for 6vzi.pdb #1  
---  
Chain | Description | UniProt  
[B](cxcmd:select /B:518-663 "Select chain") | [envelope glycoprotein
GP41](cxcmd:sequence chain #1/B "Show sequence") | [W6ICH7_9HIV1](cxcmd:open
W6ICH7 from uniprot "Show annotations") [511-664](cxcmd:select #1/B:511-664
"Select sequence")  
[D](cxcmd:select /D:1-110 "Select chain") | [35O22 SCFV heavy
chain](cxcmd:sequence chain #1/D "Show sequence") |  
[E](cxcmd:select /E:3-106 "Select chain") | [35O22 SCFV light
chain](cxcmd:sequence chain #1/E "Show sequence") |  
[G](cxcmd:select /G:33-504 "Select chain") | [ENV polyprotein](cxcmd:sequence
chain #1/G "Show sequence") |  
[H](cxcmd:select /H:1-211 "Select chain") | [3H109L fab heavy
chain](cxcmd:sequence chain #1/H "Show sequence") |  
[L](cxcmd:select /L:6-210 "Select chain") | [3H109L fab light
chain](cxcmd:sequence chain #1/L "Show sequence") |  
  

INFO:
Non-standard residues in 6vzi.pdb #1  
---  
[BMA](cxcmd:sel :BMA "select residue") — [β-D-
mannopyranose](http://www.rcsb.org/ligand/BMA "show residue info") (β-D-
mannose; D-mannose; mannose)  
[MAN](cxcmd:sel :MAN "select residue") — [α-D-
mannopyranose](http://www.rcsb.org/ligand/MAN "show residue info") (α-D-
mannose; D-mannose; mannose)  
[NAG](cxcmd:sel :NAG "select residue") — [2-acetamido-2-deoxy-β-D-
glucopyranose](http://www.rcsb.org/ligand/NAG "show residue info") (N-acetyl-
β-D-glucosamine; 2-acetamido-2-deoxy-β-D-glucose; 2-acetamido-2-deoxy-D-
glucose; 2-acetamido-2-deoxy-glucose; N-acetyl-D-glucosamine)  
  

INFO:
Executing: torsion /J:5@C2 /J:5@C1 /J:4@O6 /J:4@C6
INFO:
Torsion angle for atoms /J MAN 5 C2 C1 MAN 4 O6 C6 is -126.986°
INFO:
Executing: torsion /J:5@C1 /J:4@O6 /J:4@C6 /J:4@C5
INFO:
Torsion angle for atoms /J MAN 5 C1 MAN 4 O6 C6 C5 is -8.61388°
INFO:
Executing: close #1
INFO:
Executing: open ../../../pdbs/6vzi.pdb
INFO:
_6vzi.pdb_ title:  
 **Crystal structure of hiv-1 CAP256 RNS-3MUT-2G-sosip.664 prefusion env
trimer In complex with human antibodies 3H109L and 35O22 At 3.5 angstrom**
[[more info...]](cxcmd:log metadata #1)  
  

INFO:
Chain information for 6vzi.pdb #1  
---  
Chain | Description | UniProt  
[B](cxcmd:select /B:518-663 "Select chain") | [envelope glycoprotein
GP41](cxcmd:sequence chain #1/B "Show sequence") | [W6ICH7_9HIV1](cxcmd:open
W6ICH7 from uniprot "Show annotations") [511-664](cxcmd:select #1/B:511-664
"Select sequence")  
[D](cxcmd:select /D:1-110 "Select chain") | [35O22 SCFV heavy
chain](cxcmd:sequence chain #1/D "Show sequence") |  
[E](cxcmd:select /E:3-106 "Select chain") | [35O22 SCFV light
chain](cxcmd:sequence chain #1/E "Show sequence") |  
[G](cxcmd:select /G:33-504 "Select chain") | [ENV polyprotein](cxcmd:sequence
chain #1/G "Show sequence") |  
[H](cxcmd:select /H:1-211 "Select chain") | [3H109L fab heavy
chain](cxcmd:sequence chain #1/H "Show sequence") |  
[L](cxcmd:select /L:6-210 "Select chain") | [3H109L fab light
chain](cxcmd:sequence chain #1/L "Show sequence") |  
  

INFO:
Non-standard residues in 6vzi.pdb #1  
---  
[BMA](cxcmd:sel :BMA "select residue") — [β-D-
mannopyranose](http://www.rcsb.org/ligand/BMA "show residue info") (β-D-
mannose; D-mannose; mannose)  
[MAN](cxcmd:sel :MAN "select residue") — [α-D-
mannopyranose](http://www.rcsb.org/ligand/MAN "show residue info") (α-D-
mannose; D-mannose; mannose)  
[NAG](cxcmd:sel :NAG "select residue") — [2-acetamido-2-deoxy-β-D-
glucopyranose](http://www.rcsb.org/ligand/NAG "show residue info") (N-acetyl-
β-D-glucosamine; 2-acetamido-2-deoxy-β-D-glucose; 2-acetamido-2-deoxy-D-
glucose; 2-acetamido-2-deoxy-glucose; N-acetyl-D-glucosamine)  
  

INFO:
Executing: torsion /J:8@C2 /J:8@C1 /J:7@O6 /J:7@C6
INFO:
Torsion angle for atoms /J MAN 8 C2 C1 MAN 7 O6 C6 is -171.75°
INFO:
Executing: torsion /J:8@C1 /J:7@O6 /J:7@C6 /J:7@C5
INFO:
Torsion angle for atoms /J MAN 8 C1 MAN 7 O6 C6 C5 is -161.955°
INFO:
Executing: close #1
INFO:
Executing: open ../../../pdbs/7arn.pdb
INFO:
_7arn.pdb_ title:  
 **Crystal structure of the fab fragment of A glycosylated lymphoma antibody**
[[more info...]](cxcmd:log metadata #1)  
  

INFO:
Chain information for 7arn.pdb #1  
---  
Chain | Description  
[H](cxcmd:select /H:0-221 "Select chain") | [antibody fab fragment heavy
chain](cxcmd:sequence chain #1/H "Show sequence")  
[L](cxcmd:select /L:0-215 "Select chain") | [antibody fab fragment light
chain](cxcmd:sequence chain #1/L "Show sequence")  
  

INFO:
Non-standard residues in 7arn.pdb #1  
---  
[BMA](cxcmd:sel :BMA "select residue") — [β-D-
mannopyranose](http://www.rcsb.org/ligand/BMA "show residue info") (β-D-
mannose; D-mannose; mannose)  
[GOL](cxcmd:sel :GOL "select residue") —
[glycerol](http://www.rcsb.org/ligand/GOL "show residue info") (glycerin;
propane-1,2,3-triol)  
[MAN](cxcmd:sel :MAN "select residue") — [α-D-
mannopyranose](http://www.rcsb.org/ligand/MAN "show residue info") (α-D-
mannose; D-mannose; mannose)  
[NAG](cxcmd:sel :NAG "select residue") — [2-acetamido-2-deoxy-β-D-
glucopyranose](http://www.rcsb.org/ligand/NAG "show residue info") (N-acetyl-
β-D-glucosamine; 2-acetamido-2-deoxy-β-D-glucose; 2-acetamido-2-deoxy-D-
glucose; 2-acetamido-2-deoxy-glucose; N-acetyl-D-glucosamine)  
  

INFO:
Executing: torsion /B:5@C2 /B:5@C1 /B:4@O6 /B:4@C6
INFO:
Torsion angle for atoms /B MAN 5 C2 C1 MAN 4 O6 C6 is -171.806°
INFO:
Executing: torsion /B:5@C1 /B:4@O6 /B:4@C6 /B:4@C5
INFO:
Torsion angle for atoms /B MAN 5 C1 MAN 4 O6 C6 C5 is -174.126°
INFO:
Executing: close #1
INFO:
Executing: open ../../../pdbs/5m8s.pdb
INFO:
_5m8s.pdb_ title:  
 **Crystal structure of human tyrosinase related protein 1 mutant (T391V-
R374S-Y362F) In complex with phenylthiourea (ptu)** [[more info...]](cxcmd:log
metadata #1)  
  

INFO:
Chain information for 5m8s.pdb #1  
---  
Chain | Description | UniProt  
[A](cxcmd:select /A:25-470 "Select chain") [B](cxcmd:select /B:25-470 "Select
chain") [C](cxcmd:select /C:25-470 "Select chain") [D](cxcmd:select /D:25-470
"Select chain") | [5,6-dihydroxyindole-2-carboxylic acid
oxidase](cxcmd:sequence chain #1/A#1/B#1/C#1/D "Show sequence") |
[TYRP1_HUMAN](cxcmd:open P17643 from uniprot "Show annotations")
[25-470](cxcmd:select #1/A,B,C,D:25-470 "Select sequence")  
  

INFO:
Non-standard residues in 5m8s.pdb #1  
---  
[FUC](cxcmd:sel :FUC "select residue") — [α-L-
fucopyranose](http://www.rcsb.org/ligand/FUC "show residue info")  
[MAN](cxcmd:sel :MAN "select residue") — [α-D-
mannopyranose](http://www.rcsb.org/ligand/MAN "show residue info")  
[NAG](cxcmd:sel :NAG "select residue") — [2-acetamido-2-deoxy-β-D-
glucopyranose](http://www.rcsb.org/ligand/NAG "show residue info")  
[URS](cxcmd:sel :URS "select residue") —
[N-phenylthiourea](http://www.rcsb.org/ligand/URS "show residue info")  
[ZN](cxcmd:sel :ZN "select residue") — [zinc
ion](http://www.rcsb.org/ligand/ZN "show residue info")  
  

INFO:
Executing: torsion /S:4@C2 /S:4@C1 /S:3@O6 /S:3@C6
INFO:
Torsion angle for atoms /S MAN 4 C2 C1 MAN 3 O6 C6 is 158.287°
INFO:
Executing: torsion /S:4@C1 /S:3@O6 /S:3@C6 /S:3@C5
INFO:
Torsion angle for atoms /S MAN 4 C1 MAN 3 O6 C6 C5 is 37.0759°
INFO:
Executing: close #1
INFO:
Executing: open ../../../pdbs/5m8s.pdb
INFO:
_5m8s.pdb_ title:  
 **Crystal structure of human tyrosinase related protein 1 mutant (T391V-
R374S-Y362F) In complex with phenylthiourea (ptu)** [[more info...]](cxcmd:log
metadata #1)  
  

INFO:
Chain information for 5m8s.pdb #1  
---  
Chain | Description | UniProt  
[A](cxcmd:select /A:25-470 "Select chain") [B](cxcmd:select /B:25-470 "Select
chain") [C](cxcmd:select /C:25-470 "Select chain") [D](cxcmd:select /D:25-470
"Select chain") | [5,6-dihydroxyindole-2-carboxylic acid
oxidase](cxcmd:sequence chain #1/A#1/B#1/C#1/D "Show sequence") |
[TYRP1_HUMAN](cxcmd:open P17643 from uniprot "Show annotations")
[25-470](cxcmd:select #1/A,B,C,D:25-470 "Select sequence")  
  

INFO:
Non-standard residues in 5m8s.pdb #1  
---  
[FUC](cxcmd:sel :FUC "select residue") — [α-L-
fucopyranose](http://www.rcsb.org/ligand/FUC "show residue info")  
[MAN](cxcmd:sel :MAN "select residue") — [α-D-
mannopyranose](http://www.rcsb.org/ligand/MAN "show residue info")  
[NAG](cxcmd:sel :NAG "select residue") — [2-acetamido-2-deoxy-β-D-
glucopyranose](http://www.rcsb.org/ligand/NAG "show residue info")  
[URS](cxcmd:sel :URS "select residue") —
[N-phenylthiourea](http://www.rcsb.org/ligand/URS "show residue info")  
[ZN](cxcmd:sel :ZN "select residue") — [zinc
ion](http://www.rcsb.org/ligand/ZN "show residue info")  
  

INFO:
Executing: torsion /S:5@C2 /S:5@C1 /S:3@O6 /S:3@C6
INFO:
Torsion angle for atoms /S MAN 5 C2 C1 MAN 3 O6 C6 is -177.718°
INFO:
Executing: torsion /S:5@C1 /S:3@O6 /S:3@C6 /S:3@C5
INFO:
Torsion angle for atoms /S MAN 5 C1 MAN 3 O6 C6 C5 is 97.4112°
INFO:
Executing: close #1
INFO:
Executing: open ../../../pdbs/5m8s.pdb
INFO:
_5m8s.pdb_ title:  
 **Crystal structure of human tyrosinase related protein 1 mutant (T391V-
R374S-Y362F) In complex with phenylthiourea (ptu)** [[more info...]](cxcmd:log
metadata #1)  
  

INFO:
Chain information for 5m8s.pdb #1  
---  
Chain | Description | UniProt  
[A](cxcmd:select /A:25-470 "Select chain") [B](cxcmd:select /B:25-470 "Select
chain") [C](cxcmd:select /C:25-470 "Select chain") [D](cxcmd:select /D:25-470
"Select chain") | [5,6-dihydroxyindole-2-carboxylic acid
oxidase](cxcmd:sequence chain #1/A#1/B#1/C#1/D "Show sequence") |
[TYRP1_HUMAN](cxcmd:open P17643 from uniprot "Show annotations")
[25-470](cxcmd:select #1/A,B,C,D:25-470 "Select sequence")  
  

INFO:
Non-standard residues in 5m8s.pdb #1  
---  
[FUC](cxcmd:sel :FUC "select residue") — [α-L-
fucopyranose](http://www.rcsb.org/ligand/FUC "show residue info")  
[MAN](cxcmd:sel :MAN "select residue") — [α-D-
mannopyranose](http://www.rcsb.org/ligand/MAN "show residue info")  
[NAG](cxcmd:sel :NAG "select residue") — [2-acetamido-2-deoxy-β-D-
glucopyranose](http://www.rcsb.org/ligand/NAG "show residue info")  
[URS](cxcmd:sel :URS "select residue") —
[N-phenylthiourea](http://www.rcsb.org/ligand/URS "show residue info")  
[ZN](cxcmd:sel :ZN "select residue") — [zinc
ion](http://www.rcsb.org/ligand/ZN "show residue info")  
  

INFO:
Executing: torsion /K:4@C2 /K:4@C1 /K:3@O6 /K:3@C6
INFO:
Torsion angle for atoms /K MAN 4 C2 C1 MAN 3 O6 C6 is 174.163°
INFO:
Executing: torsion /K:4@C1 /K:3@O6 /K:3@C6 /K:3@C5
INFO:
Torsion angle for atoms /K MAN 4 C1 MAN 3 O6 C6 C5 is 28.3455°
INFO:
Executing: close #1
INFO:
Executing: open ../../../pdbs/5m8s.pdb
INFO:
_5m8s.pdb_ title:  
 **Crystal structure of human tyrosinase related protein 1 mutant (T391V-
R374S-Y362F) In complex with phenylthiourea (ptu)** [[more info...]](cxcmd:log
metadata #1)  
  

INFO:
Chain information for 5m8s.pdb #1  
---  
Chain | Description | UniProt  
[A](cxcmd:select /A:25-470 "Select chain") [B](cxcmd:select /B:25-470 "Select
chain") [C](cxcmd:select /C:25-470 "Select chain") [D](cxcmd:select /D:25-470
"Select chain") | [5,6-dihydroxyindole-2-carboxylic acid
oxidase](cxcmd:sequence chain #1/A#1/B#1/C#1/D "Show sequence") |
[TYRP1_HUMAN](cxcmd:open P17643 from uniprot "Show annotations")
[25-470](cxcmd:select #1/A,B,C,D:25-470 "Select sequence")  
  

INFO:
Non-standard residues in 5m8s.pdb #1  
---  
[FUC](cxcmd:sel :FUC "select residue") — [α-L-
fucopyranose](http://www.rcsb.org/ligand/FUC "show residue info")  
[MAN](cxcmd:sel :MAN "select residue") — [α-D-
mannopyranose](http://www.rcsb.org/ligand/MAN "show residue info")  
[NAG](cxcmd:sel :NAG "select residue") — [2-acetamido-2-deoxy-β-D-
glucopyranose](http://www.rcsb.org/ligand/NAG "show residue info")  
[URS](cxcmd:sel :URS "select residue") —
[N-phenylthiourea](http://www.rcsb.org/ligand/URS "show residue info")  
[ZN](cxcmd:sel :ZN "select residue") — [zinc
ion](http://www.rcsb.org/ligand/ZN "show residue info")  
  

INFO:
Executing: torsion /K:5@C2 /K:5@C1 /K:3@O6 /K:3@C6
INFO:
Torsion angle for atoms /K MAN 5 C2 C1 MAN 3 O6 C6 is -179.719°
INFO:
Executing: torsion /K:5@C1 /K:3@O6 /K:3@C6 /K:3@C5
INFO:
Torsion angle for atoms /K MAN 5 C1 MAN 3 O6 C6 C5 is 96.4842°
INFO:
Executing: close #1
INFO:
Executing: open ../../../pdbs/7zlk.pdb
INFO:
_7zlk.pdb_ title:  
 **AMC009 SOSIPV5.2 In complex with fabs ACS101 and ACS124**
[[more info...]](cxcmd:log metadata #1)  
  

INFO:
Chain information for 7zlk.pdb #1  
---  
Chain | Description  
[A](cxcmd:select /A:35-502 "Select chain") [C](cxcmd:select /C:35-502 "Select
chain") [D](cxcmd:select /D:35-502 "Select chain") | [AMC009 SOSIPV5.2
envelope glycoprotein GP120](cxcmd:sequence chain #1/A#1/C#1/D "Show
sequence")  
[B](cxcmd:select /B:523-651 "Select chain") [E](cxcmd:select /E:523-655
"Select chain") [F](cxcmd:select /F:523-664 "Select chain") | [AMC009
SOSIPV5.2 envelope glycoprotein GP41](cxcmd:sequence chain #1/B#1/E#1/F "Show
sequence")  
[H](cxcmd:select /H:1-113 "Select chain") [O](cxcmd:select /O:1-113 "Select
chain") [Q](cxcmd:select /Q:1-113 "Select chain") | [ACS114 heavy
chain](cxcmd:sequence chain #1/H#1/O#1/Q "Show sequence")  
[L](cxcmd:select /L:1-107 "Select chain") [P](cxcmd:select /P:1-107 "Select
chain") [R](cxcmd:select /R:1-107 "Select chain") | [ACS114 light
chain](cxcmd:sequence chain #1/L#1/P#1/R "Show sequence")  
[M](cxcmd:select /M:1-113 "Select chain") [S](cxcmd:select /S:1-108 "Select
chain") | [ACS122 heavy chain](cxcmd:sequence chain #1/M#1/S "Show sequence")  
[N](cxcmd:select /N:1-107 "Select chain") [T](cxcmd:select /T:1-107 "Select
chain") | [ACS122 light chain](cxcmd:sequence chain #1/N#1/T "Show sequence")  
  

INFO:
Non-standard residues in 7zlk.pdb #1  
---  
[BMA](cxcmd:sel :BMA "select residue") — [β-D-
mannopyranose](http://www.rcsb.org/ligand/BMA "show residue info") (β-D-
mannose; D-mannose; mannose)  
[MAN](cxcmd:sel :MAN "select residue") — [α-D-
mannopyranose](http://www.rcsb.org/ligand/MAN "show residue info") (α-D-
mannose; D-mannose; mannose)  
[NAG](cxcmd:sel :NAG "select residue") — [2-acetamido-2-deoxy-β-D-
glucopyranose](http://www.rcsb.org/ligand/NAG "show residue info") (N-acetyl-
β-D-glucosamine; 2-acetamido-2-deoxy-β-D-glucose; 2-acetamido-2-deoxy-D-
glucose; 2-acetamido-2-deoxy-glucose; N-acetyl-D-glucosamine)  
  

INFO:
Executing: torsion /X:5@C2 /X:5@C1 /X:4@O6 /X:4@C6
INFO:
Torsion angle for atoms /X MAN 5 C2 C1 MAN 4 O6 C6 is -178.489°
INFO:
Executing: torsion /X:5@C1 /X:4@O6 /X:4@C6 /X:4@C5
INFO:
Torsion angle for atoms /X MAN 5 C1 MAN 4 O6 C6 C5 is -14.1889°
INFO:
Executing: close #1
INFO:
Executing: open ../../../pdbs/7zlk.pdb
INFO:
_7zlk.pdb_ title:  
 **AMC009 SOSIPV5.2 In complex with fabs ACS101 and ACS124**
[[more info...]](cxcmd:log metadata #1)  
  

INFO:
Chain information for 7zlk.pdb #1  
---  
Chain | Description  
[A](cxcmd:select /A:35-502 "Select chain") [C](cxcmd:select /C:35-502 "Select
chain") [D](cxcmd:select /D:35-502 "Select chain") | [AMC009 SOSIPV5.2
envelope glycoprotein GP120](cxcmd:sequence chain #1/A#1/C#1/D "Show
sequence")  
[B](cxcmd:select /B:523-651 "Select chain") [E](cxcmd:select /E:523-655
"Select chain") [F](cxcmd:select /F:523-664 "Select chain") | [AMC009
SOSIPV5.2 envelope glycoprotein GP41](cxcmd:sequence chain #1/B#1/E#1/F "Show
sequence")  
[H](cxcmd:select /H:1-113 "Select chain") [O](cxcmd:select /O:1-113 "Select
chain") [Q](cxcmd:select /Q:1-113 "Select chain") | [ACS114 heavy
chain](cxcmd:sequence chain #1/H#1/O#1/Q "Show sequence")  
[L](cxcmd:select /L:1-107 "Select chain") [P](cxcmd:select /P:1-107 "Select
chain") [R](cxcmd:select /R:1-107 "Select chain") | [ACS114 light
chain](cxcmd:sequence chain #1/L#1/P#1/R "Show sequence")  
[M](cxcmd:select /M:1-113 "Select chain") [S](cxcmd:select /S:1-108 "Select
chain") | [ACS122 heavy chain](cxcmd:sequence chain #1/M#1/S "Show sequence")  
[N](cxcmd:select /N:1-107 "Select chain") [T](cxcmd:select /T:1-107 "Select
chain") | [ACS122 light chain](cxcmd:sequence chain #1/N#1/T "Show sequence")  
  

INFO:
Non-standard residues in 7zlk.pdb #1  
---  
[BMA](cxcmd:sel :BMA "select residue") — [β-D-
mannopyranose](http://www.rcsb.org/ligand/BMA "show residue info") (β-D-
mannose; D-mannose; mannose)  
[MAN](cxcmd:sel :MAN "select residue") — [α-D-
mannopyranose](http://www.rcsb.org/ligand/MAN "show residue info") (α-D-
mannose; D-mannose; mannose)  
[NAG](cxcmd:sel :NAG "select residue") — [2-acetamido-2-deoxy-β-D-
glucopyranose](http://www.rcsb.org/ligand/NAG "show residue info") (N-acetyl-
β-D-glucosamine; 2-acetamido-2-deoxy-β-D-glucose; 2-acetamido-2-deoxy-D-
glucose; 2-acetamido-2-deoxy-glucose; N-acetyl-D-glucosamine)  
  

INFO:
Executing: torsion /X:6@C2 /X:6@C1 /X:4@O6 /X:4@C6
INFO:
Torsion angle for atoms /X MAN 6 C2 C1 MAN 4 O6 C6 is -158.746°
INFO:
Executing: torsion /X:6@C1 /X:4@O6 /X:4@C6 /X:4@C5
INFO:
Torsion angle for atoms /X MAN 6 C1 MAN 4 O6 C6 C5 is 89.4695°
INFO:
Executing: close #1
INFO:
Executing: open ../../../pdbs/7zlk.pdb
INFO:
_7zlk.pdb_ title:  
 **AMC009 SOSIPV5.2 In complex with fabs ACS101 and ACS124**
[[more info...]](cxcmd:log metadata #1)  
  

INFO:
Chain information for 7zlk.pdb #1  
---  
Chain | Description  
[A](cxcmd:select /A:35-502 "Select chain") [C](cxcmd:select /C:35-502 "Select
chain") [D](cxcmd:select /D:35-502 "Select chain") | [AMC009 SOSIPV5.2
envelope glycoprotein GP120](cxcmd:sequence chain #1/A#1/C#1/D "Show
sequence")  
[B](cxcmd:select /B:523-651 "Select chain") [E](cxcmd:select /E:523-655
"Select chain") [F](cxcmd:select /F:523-664 "Select chain") | [AMC009
SOSIPV5.2 envelope glycoprotein GP41](cxcmd:sequence chain #1/B#1/E#1/F "Show
sequence")  
[H](cxcmd:select /H:1-113 "Select chain") [O](cxcmd:select /O:1-113 "Select
chain") [Q](cxcmd:select /Q:1-113 "Select chain") | [ACS114 heavy
chain](cxcmd:sequence chain #1/H#1/O#1/Q "Show sequence")  
[L](cxcmd:select /L:1-107 "Select chain") [P](cxcmd:select /P:1-107 "Select
chain") [R](cxcmd:select /R:1-107 "Select chain") | [ACS114 light
chain](cxcmd:sequence chain #1/L#1/P#1/R "Show sequence")  
[M](cxcmd:select /M:1-113 "Select chain") [S](cxcmd:select /S:1-108 "Select
chain") | [ACS122 heavy chain](cxcmd:sequence chain #1/M#1/S "Show sequence")  
[N](cxcmd:select /N:1-107 "Select chain") [T](cxcmd:select /T:1-107 "Select
chain") | [ACS122 light chain](cxcmd:sequence chain #1/N#1/T "Show sequence")  
  

INFO:
Non-standard residues in 7zlk.pdb #1  
---  
[BMA](cxcmd:sel :BMA "select residue") — [β-D-
mannopyranose](http://www.rcsb.org/ligand/BMA "show residue info") (β-D-
mannose; D-mannose; mannose)  
[MAN](cxcmd:sel :MAN "select residue") — [α-D-
mannopyranose](http://www.rcsb.org/ligand/MAN "show residue info") (α-D-
mannose; D-mannose; mannose)  
[NAG](cxcmd:sel :NAG "select residue") — [2-acetamido-2-deoxy-β-D-
glucopyranose](http://www.rcsb.org/ligand/NAG "show residue info") (N-acetyl-
β-D-glucosamine; 2-acetamido-2-deoxy-β-D-glucose; 2-acetamido-2-deoxy-D-
glucose; 2-acetamido-2-deoxy-glucose; N-acetyl-D-glucosamine)  
  

INFO:
Executing: torsion /J:5@C2 /J:5@C1 /J:4@O6 /J:4@C6
INFO:
Torsion angle for atoms /J MAN 5 C2 C1 MAN 4 O6 C6 is -12.173°
INFO:
Executing: torsion /J:5@C1 /J:4@O6 /J:4@C6 /J:4@C5
INFO:
Torsion angle for atoms /J MAN 5 C1 MAN 4 O6 C6 C5 is -27.3636°
INFO:
Executing: close #1
INFO:
Executing: open ../../../pdbs/7zlk.pdb
INFO:
_7zlk.pdb_ title:  
 **AMC009 SOSIPV5.2 In complex with fabs ACS101 and ACS124**
[[more info...]](cxcmd:log metadata #1)  
  

INFO:
Chain information for 7zlk.pdb #1  
---  
Chain | Description  
[A](cxcmd:select /A:35-502 "Select chain") [C](cxcmd:select /C:35-502 "Select
chain") [D](cxcmd:select /D:35-502 "Select chain") | [AMC009 SOSIPV5.2
envelope glycoprotein GP120](cxcmd:sequence chain #1/A#1/C#1/D "Show
sequence")  
[B](cxcmd:select /B:523-651 "Select chain") [E](cxcmd:select /E:523-655
"Select chain") [F](cxcmd:select /F:523-664 "Select chain") | [AMC009
SOSIPV5.2 envelope glycoprotein GP41](cxcmd:sequence chain #1/B#1/E#1/F "Show
sequence")  
[H](cxcmd:select /H:1-113 "Select chain") [O](cxcmd:select /O:1-113 "Select
chain") [Q](cxcmd:select /Q:1-113 "Select chain") | [ACS114 heavy
chain](cxcmd:sequence chain #1/H#1/O#1/Q "Show sequence")  
[L](cxcmd:select /L:1-107 "Select chain") [P](cxcmd:select /P:1-107 "Select
chain") [R](cxcmd:select /R:1-107 "Select chain") | [ACS114 light
chain](cxcmd:sequence chain #1/L#1/P#1/R "Show sequence")  
[M](cxcmd:select /M:1-113 "Select chain") [S](cxcmd:select /S:1-108 "Select
chain") | [ACS122 heavy chain](cxcmd:sequence chain #1/M#1/S "Show sequence")  
[N](cxcmd:select /N:1-107 "Select chain") [T](cxcmd:select /T:1-107 "Select
chain") | [ACS122 light chain](cxcmd:sequence chain #1/N#1/T "Show sequence")  
  

INFO:
Non-standard residues in 7zlk.pdb #1  
---  
[BMA](cxcmd:sel :BMA "select residue") — [β-D-
mannopyranose](http://www.rcsb.org/ligand/BMA "show residue info") (β-D-
mannose; D-mannose; mannose)  
[MAN](cxcmd:sel :MAN "select residue") — [α-D-
mannopyranose](http://www.rcsb.org/ligand/MAN "show residue info") (α-D-
mannose; D-mannose; mannose)  
[NAG](cxcmd:sel :NAG "select residue") — [2-acetamido-2-deoxy-β-D-
glucopyranose](http://www.rcsb.org/ligand/NAG "show residue info") (N-acetyl-
β-D-glucosamine; 2-acetamido-2-deoxy-β-D-glucose; 2-acetamido-2-deoxy-D-
glucose; 2-acetamido-2-deoxy-glucose; N-acetyl-D-glucosamine)  
  

INFO:
Executing: torsion /J:6@C2 /J:6@C1 /J:4@O6 /J:4@C6
INFO:
Torsion angle for atoms /J MAN 6 C2 C1 MAN 4 O6 C6 is -146.522°
INFO:
Executing: torsion /J:6@C1 /J:4@O6 /J:4@C6 /J:4@C5
INFO:
Torsion angle for atoms /J MAN 6 C1 MAN 4 O6 C6 C5 is -155.286°
INFO:
Executing: close #1
INFO:
Executing: open ../../../pdbs/7zlk.pdb
INFO:
_7zlk.pdb_ title:  
 **AMC009 SOSIPV5.2 In complex with fabs ACS101 and ACS124**
[[more info...]](cxcmd:log metadata #1)  
  

INFO:
Chain information for 7zlk.pdb #1  
---  
Chain | Description  
[A](cxcmd:select /A:35-502 "Select chain") [C](cxcmd:select /C:35-502 "Select
chain") [D](cxcmd:select /D:35-502 "Select chain") | [AMC009 SOSIPV5.2
envelope glycoprotein GP120](cxcmd:sequence chain #1/A#1/C#1/D "Show
sequence")  
[B](cxcmd:select /B:523-651 "Select chain") [E](cxcmd:select /E:523-655
"Select chain") [F](cxcmd:select /F:523-664 "Select chain") | [AMC009
SOSIPV5.2 envelope glycoprotein GP41](cxcmd:sequence chain #1/B#1/E#1/F "Show
sequence")  
[H](cxcmd:select /H:1-113 "Select chain") [O](cxcmd:select /O:1-113 "Select
chain") [Q](cxcmd:select /Q:1-113 "Select chain") | [ACS114 heavy
chain](cxcmd:sequence chain #1/H#1/O#1/Q "Show sequence")  
[L](cxcmd:select /L:1-107 "Select chain") [P](cxcmd:select /P:1-107 "Select
chain") [R](cxcmd:select /R:1-107 "Select chain") | [ACS114 light
chain](cxcmd:sequence chain #1/L#1/P#1/R "Show sequence")  
[M](cxcmd:select /M:1-113 "Select chain") [S](cxcmd:select /S:1-108 "Select
chain") | [ACS122 heavy chain](cxcmd:sequence chain #1/M#1/S "Show sequence")  
[N](cxcmd:select /N:1-107 "Select chain") [T](cxcmd:select /T:1-107 "Select
chain") | [ACS122 light chain](cxcmd:sequence chain #1/N#1/T "Show sequence")  
  

INFO:
Non-standard residues in 7zlk.pdb #1  
---  
[BMA](cxcmd:sel :BMA "select residue") — [β-D-
mannopyranose](http://www.rcsb.org/ligand/BMA "show residue info") (β-D-
mannose; D-mannose; mannose)  
[MAN](cxcmd:sel :MAN "select residue") — [α-D-
mannopyranose](http://www.rcsb.org/ligand/MAN "show residue info") (α-D-
mannose; D-mannose; mannose)  
[NAG](cxcmd:sel :NAG "select residue") — [2-acetamido-2-deoxy-β-D-
glucopyranose](http://www.rcsb.org/ligand/NAG "show residue info") (N-acetyl-
β-D-glucosamine; 2-acetamido-2-deoxy-β-D-glucose; 2-acetamido-2-deoxy-D-
glucose; 2-acetamido-2-deoxy-glucose; N-acetyl-D-glucosamine)  
  

INFO:
Executing: torsion /c:5@C2 /c:5@C1 /c:4@O6 /c:4@C6
INFO:
Torsion angle for atoms /c MAN 5 C2 C1 MAN 4 O6 C6 is 143.326°
INFO:
Executing: torsion /c:5@C1 /c:4@O6 /c:4@C6 /c:4@C5
INFO:
Torsion angle for atoms /c MAN 5 C1 MAN 4 O6 C6 C5 is -45.8874°
INFO:
Executing: close #1
INFO:
Executing: open ../../../pdbs/7zlk.pdb
INFO:
_7zlk.pdb_ title:  
 **AMC009 SOSIPV5.2 In complex with fabs ACS101 and ACS124**
[[more info...]](cxcmd:log metadata #1)  
  

INFO:
Chain information for 7zlk.pdb #1  
---  
Chain | Description  
[A](cxcmd:select /A:35-502 "Select chain") [C](cxcmd:select /C:35-502 "Select
chain") [D](cxcmd:select /D:35-502 "Select chain") | [AMC009 SOSIPV5.2
envelope glycoprotein GP120](cxcmd:sequence chain #1/A#1/C#1/D "Show
sequence")  
[B](cxcmd:select /B:523-651 "Select chain") [E](cxcmd:select /E:523-655
"Select chain") [F](cxcmd:select /F:523-664 "Select chain") | [AMC009
SOSIPV5.2 envelope glycoprotein GP41](cxcmd:sequence chain #1/B#1/E#1/F "Show
sequence")  
[H](cxcmd:select /H:1-113 "Select chain") [O](cxcmd:select /O:1-113 "Select
chain") [Q](cxcmd:select /Q:1-113 "Select chain") | [ACS114 heavy
chain](cxcmd:sequence chain #1/H#1/O#1/Q "Show sequence")  
[L](cxcmd:select /L:1-107 "Select chain") [P](cxcmd:select /P:1-107 "Select
chain") [R](cxcmd:select /R:1-107 "Select chain") | [ACS114 light
chain](cxcmd:sequence chain #1/L#1/P#1/R "Show sequence")  
[M](cxcmd:select /M:1-113 "Select chain") [S](cxcmd:select /S:1-108 "Select
chain") | [ACS122 heavy chain](cxcmd:sequence chain #1/M#1/S "Show sequence")  
[N](cxcmd:select /N:1-107 "Select chain") [T](cxcmd:select /T:1-107 "Select
chain") | [ACS122 light chain](cxcmd:sequence chain #1/N#1/T "Show sequence")  
  

INFO:
Non-standard residues in 7zlk.pdb #1  
---  
[BMA](cxcmd:sel :BMA "select residue") — [β-D-
mannopyranose](http://www.rcsb.org/ligand/BMA "show residue info") (β-D-
mannose; D-mannose; mannose)  
[MAN](cxcmd:sel :MAN "select residue") — [α-D-
mannopyranose](http://www.rcsb.org/ligand/MAN "show residue info") (α-D-
mannose; D-mannose; mannose)  
[NAG](cxcmd:sel :NAG "select residue") — [2-acetamido-2-deoxy-β-D-
glucopyranose](http://www.rcsb.org/ligand/NAG "show residue info") (N-acetyl-
β-D-glucosamine; 2-acetamido-2-deoxy-β-D-glucose; 2-acetamido-2-deoxy-D-
glucose; 2-acetamido-2-deoxy-glucose; N-acetyl-D-glucosamine)  
  

INFO:
Executing: torsion /c:6@C2 /c:6@C1 /c:4@O6 /c:4@C6
INFO:
Torsion angle for atoms /c MAN 6 C2 C1 MAN 4 O6 C6 is 170.566°
INFO:
Executing: torsion /c:6@C1 /c:4@O6 /c:4@C6 /c:4@C5
INFO:
Torsion angle for atoms /c MAN 6 C1 MAN 4 O6 C6 C5 is 58.4773°
INFO:
Executing: close #1
INFO:
Executing: open ../../../pdbs/7zlk.pdb
INFO:
_7zlk.pdb_ title:  
 **AMC009 SOSIPV5.2 In complex with fabs ACS101 and ACS124**
[[more info...]](cxcmd:log metadata #1)  
  

INFO:
Chain information for 7zlk.pdb #1  
---  
Chain | Description  
[A](cxcmd:select /A:35-502 "Select chain") [C](cxcmd:select /C:35-502 "Select
chain") [D](cxcmd:select /D:35-502 "Select chain") | [AMC009 SOSIPV5.2
envelope glycoprotein GP120](cxcmd:sequence chain #1/A#1/C#1/D "Show
sequence")  
[B](cxcmd:select /B:523-651 "Select chain") [E](cxcmd:select /E:523-655
"Select chain") [F](cxcmd:select /F:523-664 "Select chain") | [AMC009
SOSIPV5.2 envelope glycoprotein GP41](cxcmd:sequence chain #1/B#1/E#1/F "Show
sequence")  
[H](cxcmd:select /H:1-113 "Select chain") [O](cxcmd:select /O:1-113 "Select
chain") [Q](cxcmd:select /Q:1-113 "Select chain") | [ACS114 heavy
chain](cxcmd:sequence chain #1/H#1/O#1/Q "Show sequence")  
[L](cxcmd:select /L:1-107 "Select chain") [P](cxcmd:select /P:1-107 "Select
chain") [R](cxcmd:select /R:1-107 "Select chain") | [ACS114 light
chain](cxcmd:sequence chain #1/L#1/P#1/R "Show sequence")  
[M](cxcmd:select /M:1-113 "Select chain") [S](cxcmd:select /S:1-108 "Select
chain") | [ACS122 heavy chain](cxcmd:sequence chain #1/M#1/S "Show sequence")  
[N](cxcmd:select /N:1-107 "Select chain") [T](cxcmd:select /T:1-107 "Select
chain") | [ACS122 light chain](cxcmd:sequence chain #1/N#1/T "Show sequence")  
  

INFO:
Non-standard residues in 7zlk.pdb #1  
---  
[BMA](cxcmd:sel :BMA "select residue") — [β-D-
mannopyranose](http://www.rcsb.org/ligand/BMA "show residue info") (β-D-
mannose; D-mannose; mannose)  
[MAN](cxcmd:sel :MAN "select residue") — [α-D-
mannopyranose](http://www.rcsb.org/ligand/MAN "show residue info") (α-D-
mannose; D-mannose; mannose)  
[NAG](cxcmd:sel :NAG "select residue") — [2-acetamido-2-deoxy-β-D-
glucopyranose](http://www.rcsb.org/ligand/NAG "show residue info") (N-acetyl-
β-D-glucosamine; 2-acetamido-2-deoxy-β-D-glucose; 2-acetamido-2-deoxy-D-
glucose; 2-acetamido-2-deoxy-glucose; N-acetyl-D-glucosamine)  
  

INFO:
Executing: torsion /d:7@C2 /d:7@C1 /d:6@O6 /d:6@C6
INFO:
Torsion angle for atoms /d MAN 7 C2 C1 MAN 6 O6 C6 is 45.2606°
INFO:
Executing: torsion /d:7@C1 /d:6@O6 /d:6@C6 /d:6@C5
INFO:
Torsion angle for atoms /d MAN 7 C1 MAN 6 O6 C6 C5 is -17.6089°
INFO:
Executing: close #1
INFO:
Executing: open ../../../pdbs/7zlk.pdb
INFO:
_7zlk.pdb_ title:  
 **AMC009 SOSIPV5.2 In complex with fabs ACS101 and ACS124**
[[more info...]](cxcmd:log metadata #1)  
  

INFO:
Chain information for 7zlk.pdb #1  
---  
Chain | Description  
[A](cxcmd:select /A:35-502 "Select chain") [C](cxcmd:select /C:35-502 "Select
chain") [D](cxcmd:select /D:35-502 "Select chain") | [AMC009 SOSIPV5.2
envelope glycoprotein GP120](cxcmd:sequence chain #1/A#1/C#1/D "Show
sequence")  
[B](cxcmd:select /B:523-651 "Select chain") [E](cxcmd:select /E:523-655
"Select chain") [F](cxcmd:select /F:523-664 "Select chain") | [AMC009
SOSIPV5.2 envelope glycoprotein GP41](cxcmd:sequence chain #1/B#1/E#1/F "Show
sequence")  
[H](cxcmd:select /H:1-113 "Select chain") [O](cxcmd:select /O:1-113 "Select
chain") [Q](cxcmd:select /Q:1-113 "Select chain") | [ACS114 heavy
chain](cxcmd:sequence chain #1/H#1/O#1/Q "Show sequence")  
[L](cxcmd:select /L:1-107 "Select chain") [P](cxcmd:select /P:1-107 "Select
chain") [R](cxcmd:select /R:1-107 "Select chain") | [ACS114 light
chain](cxcmd:sequence chain #1/L#1/P#1/R "Show sequence")  
[M](cxcmd:select /M:1-113 "Select chain") [S](cxcmd:select /S:1-108 "Select
chain") | [ACS122 heavy chain](cxcmd:sequence chain #1/M#1/S "Show sequence")  
[N](cxcmd:select /N:1-107 "Select chain") [T](cxcmd:select /T:1-107 "Select
chain") | [ACS122 light chain](cxcmd:sequence chain #1/N#1/T "Show sequence")  
  

INFO:
Non-standard residues in 7zlk.pdb #1  
---  
[BMA](cxcmd:sel :BMA "select residue") — [β-D-
mannopyranose](http://www.rcsb.org/ligand/BMA "show residue info") (β-D-
mannose; D-mannose; mannose)  
[MAN](cxcmd:sel :MAN "select residue") — [α-D-
mannopyranose](http://www.rcsb.org/ligand/MAN "show residue info") (α-D-
mannose; D-mannose; mannose)  
[NAG](cxcmd:sel :NAG "select residue") — [2-acetamido-2-deoxy-β-D-
glucopyranose](http://www.rcsb.org/ligand/NAG "show residue info") (N-acetyl-
β-D-glucosamine; 2-acetamido-2-deoxy-β-D-glucose; 2-acetamido-2-deoxy-D-
glucose; 2-acetamido-2-deoxy-glucose; N-acetyl-D-glucosamine)  
  

INFO:
Executing: torsion /d:5@C2 /d:5@C1 /d:4@O6 /d:4@C6
INFO:
Torsion angle for atoms /d MAN 5 C2 C1 MAN 4 O6 C6 is 139.156°
INFO:
Executing: torsion /d:5@C1 /d:4@O6 /d:4@C6 /d:4@C5
INFO:
Torsion angle for atoms /d MAN 5 C1 MAN 4 O6 C6 C5 is -47.302°
INFO:
Executing: close #1
INFO:
Executing: open ../../../pdbs/7zlk.pdb
INFO:
_7zlk.pdb_ title:  
 **AMC009 SOSIPV5.2 In complex with fabs ACS101 and ACS124**
[[more info...]](cxcmd:log metadata #1)  
  

INFO:
Chain information for 7zlk.pdb #1  
---  
Chain | Description  
[A](cxcmd:select /A:35-502 "Select chain") [C](cxcmd:select /C:35-502 "Select
chain") [D](cxcmd:select /D:35-502 "Select chain") | [AMC009 SOSIPV5.2
envelope glycoprotein GP120](cxcmd:sequence chain #1/A#1/C#1/D "Show
sequence")  
[B](cxcmd:select /B:523-651 "Select chain") [E](cxcmd:select /E:523-655
"Select chain") [F](cxcmd:select /F:523-664 "Select chain") | [AMC009
SOSIPV5.2 envelope glycoprotein GP41](cxcmd:sequence chain #1/B#1/E#1/F "Show
sequence")  
[H](cxcmd:select /H:1-113 "Select chain") [O](cxcmd:select /O:1-113 "Select
chain") [Q](cxcmd:select /Q:1-113 "Select chain") | [ACS114 heavy
chain](cxcmd:sequence chain #1/H#1/O#1/Q "Show sequence")  
[L](cxcmd:select /L:1-107 "Select chain") [P](cxcmd:select /P:1-107 "Select
chain") [R](cxcmd:select /R:1-107 "Select chain") | [ACS114 light
chain](cxcmd:sequence chain #1/L#1/P#1/R "Show sequence")  
[M](cxcmd:select /M:1-113 "Select chain") [S](cxcmd:select /S:1-108 "Select
chain") | [ACS122 heavy chain](cxcmd:sequence chain #1/M#1/S "Show sequence")  
[N](cxcmd:select /N:1-107 "Select chain") [T](cxcmd:select /T:1-107 "Select
chain") | [ACS122 light chain](cxcmd:sequence chain #1/N#1/T "Show sequence")  
  

INFO:
Non-standard residues in 7zlk.pdb #1  
---  
[BMA](cxcmd:sel :BMA "select residue") — [β-D-
mannopyranose](http://www.rcsb.org/ligand/BMA "show residue info") (β-D-
mannose; D-mannose; mannose)  
[MAN](cxcmd:sel :MAN "select residue") — [α-D-
mannopyranose](http://www.rcsb.org/ligand/MAN "show residue info") (α-D-
mannose; D-mannose; mannose)  
[NAG](cxcmd:sel :NAG "select residue") — [2-acetamido-2-deoxy-β-D-
glucopyranose](http://www.rcsb.org/ligand/NAG "show residue info") (N-acetyl-
β-D-glucosamine; 2-acetamido-2-deoxy-β-D-glucose; 2-acetamido-2-deoxy-D-
glucose; 2-acetamido-2-deoxy-glucose; N-acetyl-D-glucosamine)  
  

INFO:
Executing: torsion /d:8@C2 /d:8@C1 /d:6@O6 /d:6@C6
INFO:
Torsion angle for atoms /d MAN 8 C2 C1 MAN 6 O6 C6 is -175.166°
INFO:
Executing: torsion /d:8@C1 /d:6@O6 /d:6@C6 /d:6@C5
INFO:
Torsion angle for atoms /d MAN 8 C1 MAN 6 O6 C6 C5 is -136.116°
INFO:
Executing: close #1
INFO:
Executing: exit
STATUS:
Exiting ...
