../../pdbs//3fru.pdb 5.H
Timestep	Standard Nomenclature	Ring conformation
1			4C1		4d1(1.680685)		2d5(6.048303)		6d3(7.540741)	
../../pdbs//3fru.pdb 4.H
Timestep	Standard Nomenclature	Ring conformation
1			-		1t3(8.246846)		45q(8.584878)	
../../pdbs//3agv.pdb 3.C
Timestep	Standard Nomenclature	Ring conformation
1			BO3		45q(0.270963)		d36(1.447566)		12q(3.030225)	
../../pdbs//3agv.pdb 2.C
Timestep	Standard Nomenclature	Ring conformation
1			O3B		q12(1.044315)		36d(3.363609)		q45(5.302309)	
../../pdbs//6p3r.pdb 5.G
Timestep	Standard Nomenclature	Ring conformation
1			1S3		4t6(0.071965)		1t3(1.778206)	
../../pdbs//6p3r.pdb 4.G
Timestep	Standard Nomenclature	Ring conformation
1			5S1		5t1(0.897948)		23q(6.948666)		2t4(8.883456)	
../../pdbs//3es6.pdb 5.C
Timestep	Standard Nomenclature	Ring conformation
1			4C1		2d5(1.458821)		4d1(4.739272)		6d3(5.876871)	
../../pdbs//3es6.pdb 4.C
Timestep	Standard Nomenclature	Ring conformation
1			-		6d3(5.118361)		2d5(5.180514)	
../../pdbs//1i1a.pdb 5.F
Timestep	Standard Nomenclature	Ring conformation
1			4C1		2d5(3.727238)		4d1(3.953662)		6d3(7.749978)	
../../pdbs//1i1a.pdb 4.F
Timestep	Standard Nomenclature	Ring conformation
1			4C1		4d1(1.342959)		2d5(1.375106)		6d3(2.525898)	
../../pdbs//6p3s.pdb 5.Y
Timestep	Standard Nomenclature	Ring conformation
1			1S5		1t5(1.891563)		q23(6.891421)		4t2(9.110265)	
../../pdbs//6p3s.pdb 4.Y
Timestep	Standard Nomenclature	Ring conformation
1			4C1		6d3(2.452360)		2d5(4.581103)		4d1(7.123644)	
../../pdbs//6p3s.pdb 4.a
Timestep	Standard Nomenclature	Ring conformation
1			-		1d4(1.531224)		t26(7.111961)	
../../pdbs//6p3s.pdb 3.a
Timestep	Standard Nomenclature	Ring conformation
1			-		23q(2.121067)		5t1(2.986774)	
../../pdbs//6p3s.pdb 5.f
Timestep	Standard Nomenclature	Ring conformation
1			1S3		1t3(4.470549)		4t6(4.666159)	
../../pdbs//6p3s.pdb 4.f
Timestep	Standard Nomenclature	Ring conformation
1			-		q45(8.885567)		q12(9.277490)	
../../pdbs//5y56.pdb 5.D
Timestep	Standard Nomenclature	Ring conformation
1			BO3		45q(4.633729)		d36(7.839407)		12q(8.803397)	
../../pdbs//5y56.pdb 4.D
Timestep	Standard Nomenclature	Ring conformation
1			-		12q(0.496753)		d36(5.725718)	
../../pdbs//5y56.pdb 5.C
Timestep	Standard Nomenclature	Ring conformation
1			-		45q(5.014078)		d36(9.202358)	
../../pdbs//5y56.pdb 4.C
Timestep	Standard Nomenclature	Ring conformation
1			-		d36(3.388758)		12q(8.781354)	
../../pdbs//1oqo.pdb 5.F
Timestep	Standard Nomenclature	Ring conformation
1			4C1		6d3(0.181952)		4d1(5.675915)		2d5(5.999633)	
../../pdbs//1oqo.pdb 4.F
Timestep	Standard Nomenclature	Ring conformation
1			-		2d5(4.526294)		46t(7.974592)		6d3(9.104228)	
../../pdbs//1t83.pdb 5.D
Timestep	Standard Nomenclature	Ring conformation
1			4C1		2d5(0.671509)		4d1(2.835331)		6d3(3.341336)	
../../pdbs//1t83.pdb 4.D
Timestep	Standard Nomenclature	Ring conformation
1			-		6d3(3.950686)		2d5(6.942970)	
../../pdbs//1t89.pdb 5.D
Timestep	Standard Nomenclature	Ring conformation
1			4C1		4d1(2.118350)		2d5(3.848789)		6d3(5.777433)	
../../pdbs//1t89.pdb 4.D
Timestep	Standard Nomenclature	Ring conformation
1			4C1		6d3(1.667322)		4d1(2.727856)		2d5(4.489930)	
