../../pdbs//5j35.pdb 3.D
Timestep	Standard Nomenclature	Ring conformation
1			1C4		1d4(0.813589)		3d6(3.256603)		5d2(3.602667)	
../../pdbs//5j35.pdb 2.D
Timestep	Standard Nomenclature	Ring conformation
1			4C1		6d3(0.833520)		4d1(1.107115)		2d5(2.456104)	
../../pdbs//5j35.pdb 3.C
Timestep	Standard Nomenclature	Ring conformation
1			1C4		1d4(0.749374)		3d6(3.256988)		5d2(3.635679)	
../../pdbs//5j35.pdb 2.C
Timestep	Standard Nomenclature	Ring conformation
1			4C1		6d3(0.756035)		4d1(1.339809)		2d5(2.582527)	
../../pdbs//5ufc.pdb 3.E
Timestep	Standard Nomenclature	Ring conformation
1			1C4		5d2(1.236875)		3d6(2.235825)		1d4(3.211781)	
../../pdbs//5ufc.pdb 2.E
Timestep	Standard Nomenclature	Ring conformation
1			4C1		2d5(0.027569)		6d3(1.986331)		4d1(2.204680)	
../../pdbs//5ufc.pdb 3.D
Timestep	Standard Nomenclature	Ring conformation
1			1C4		3d6(0.210056)		5d2(0.847234)		1d4(0.868575)	
../../pdbs//5ufc.pdb 2.D
Timestep	Standard Nomenclature	Ring conformation
1			4C1		6d3(0.176861)		4d1(1.166279)		2d5(1.434140)	
../../pdbs//5ufc.pdb 3.F
Timestep	Standard Nomenclature	Ring conformation
1			1C4		1d4(0.049554)		5d2(0.130451)		3d6(0.280221)	
../../pdbs//5ufc.pdb 2.F
Timestep	Standard Nomenclature	Ring conformation
1			4C1		2d5(1.210140)		4d1(1.538522)		6d3(2.676247)	
../../pdbs//5lkg.pdb 3.C
Timestep	Standard Nomenclature	Ring conformation
1			1C4		5d2(0.135923)		1d4(3.625426)		3d6(3.871890)	
../../pdbs//5lkg.pdb 2.C
Timestep	Standard Nomenclature	Ring conformation
1			4C1		6d3(2.872059)		4d1(3.091981)		2d5(6.360316)	
../../pdbs//5lkg.pdb 3.D
Timestep	Standard Nomenclature	Ring conformation
1			1C4		5d2(1.211050)		3d6(1.813616)		1d4(2.734228)	
../../pdbs//5lkg.pdb 2.D
Timestep	Standard Nomenclature	Ring conformation
1			4C1		6d3(0.851256)		2d5(5.658934)		4d1(6.069541)	
../../pdbs//1gsl.pdb 3.B
Timestep	Standard Nomenclature	Ring conformation
1			1C4		3d6(0.959648)		5d2(1.935062)		1d4(2.664941)	
../../pdbs//1gsl.pdb 2.B
Timestep	Standard Nomenclature	Ring conformation
1			4C1		2d5(0.892853)		4d1(1.400048)		6d3(2.404042)	
../../pdbs//1zj2.pdb 3.B
Timestep	Standard Nomenclature	Ring conformation
1			1C4		3d6(0.706274)		5d2(1.661043)		1d4(2.397469)	
../../pdbs//1zj2.pdb 2.B
Timestep	Standard Nomenclature	Ring conformation
1			4C1		4d1(1.185920)		6d3(1.801850)		2d5(2.880595)	
../../pdbs//6ha0.pdb 3.C
Timestep	Standard Nomenclature	Ring conformation
1			1C4		3d6(0.001182)		1d4(5.056701)		5d2(5.057933)	
../../pdbs//6ha0.pdb 2.C
Timestep	Standard Nomenclature	Ring conformation
1			4C1		6d3(0.058981)		2d5(5.119600)		4d1(5.152154)	
../../pdbs//3sej.pdb 5.P
Timestep	Standard Nomenclature	Ring conformation
1			1C4		3d6(0.012268)		1d4(6.709322)		5d2(6.727177)	
../../pdbs//3sej.pdb 4.P
Timestep	Standard Nomenclature	Ring conformation
1			4C1		6d3(1.613067)		4d1(5.287778)		2d5(6.806979)	
../../pdbs//3sej.pdb 5.K
Timestep	Standard Nomenclature	Ring conformation
1			1C4		3d6(0.049961)		5d2(6.680095)		1d4(6.739869)	
../../pdbs//3sej.pdb 4.K
Timestep	Standard Nomenclature	Ring conformation
1			4C1		6d3(1.596837)		4d1(5.280717)		2d5(6.793418)	
../../pdbs//3sej.pdb 5.Q
Timestep	Standard Nomenclature	Ring conformation
1			1C4		3d6(0.009082)		1d4(6.716747)		5d2(6.728922)	
../../pdbs//3sej.pdb 4.Q
Timestep	Standard Nomenclature	Ring conformation
1			4C1		6d3(1.587080)		4d1(5.293265)		2d5(6.756397)	
../../pdbs//3sej.pdb 5.N
Timestep	Standard Nomenclature	Ring conformation
1			1C4		3d6(0.142397)		1d4(6.056593)		5d2(6.282414)	
../../pdbs//3sej.pdb 4.N
Timestep	Standard Nomenclature	Ring conformation
1			-		6d3(3.193583)	
../../pdbs//3sej.pdb 5.R
Timestep	Standard Nomenclature	Ring conformation
1			1C4		3d6(0.015370)		5d2(6.667473)		1d4(6.698340)	
../../pdbs//3sej.pdb 4.R
Timestep	Standard Nomenclature	Ring conformation
1			4C1		6d3(1.591591)		4d1(5.281315)		2d5(6.767054)	
../../pdbs//3sej.pdb 5.O
Timestep	Standard Nomenclature	Ring conformation
1			1C4		3d6(1.491672)		1d4(5.512188)		5d2(6.695293)	
../../pdbs//3sej.pdb 4.O
Timestep	Standard Nomenclature	Ring conformation
1			-		t15(5.876472)		46t(7.071416)		6d3(8.102737)	
../../pdbs//3sej.pdb 5.M
Timestep	Standard Nomenclature	Ring conformation
1			-		15t(2.823710)		t26(4.938928)		3d6(5.573009)	
../../pdbs//3sej.pdb 4.M
Timestep	Standard Nomenclature	Ring conformation
1			-		4d1(6.407420)		26t(8.461235)		6d3(9.638446)	
../../pdbs//3sej.pdb 5.L
Timestep	Standard Nomenclature	Ring conformation
1			-		3d6(5.070152)		5d2(6.138816)	
../../pdbs//3sej.pdb 4.L
Timestep	Standard Nomenclature	Ring conformation
1			-		6d3(6.597945)		2d5(7.202926)	
../../pdbs//8cyb.pdb 4.I
Timestep	Standard Nomenclature	Ring conformation
1			1C4		5d2(0.720199)		3d6(0.721127)		1d4(1.855654)	
../../pdbs//8cyb.pdb 3.I
Timestep	Standard Nomenclature	Ring conformation
1			-		6t4(2.782951)		q12(8.132686)	
../../pdbs//4x1x.pdb 3.C
Timestep	Standard Nomenclature	Ring conformation
1			1C4		5d2(1.020488)		1d4(1.423436)		3d6(3.302514)	
../../pdbs//4x1x.pdb 2.C
Timestep	Standard Nomenclature	Ring conformation
1			4C1		4d1(0.031081)		2d5(0.349098)		6d3(0.677310)	
../../pdbs//5f97.pdb 5.K
Timestep	Standard Nomenclature	Ring conformation
1			1C4		3d6(1.139220)		5d2(5.464621)		1d4(6.713893)	
../../pdbs//5f97.pdb 4.K
Timestep	Standard Nomenclature	Ring conformation
1			4C1		4d1(0.672433)		2d5(8.445197)		6d3(8.974299)	
../../pdbs//5f97.pdb 5.J
Timestep	Standard Nomenclature	Ring conformation
1			1C4		3d6(0.659261)		5d2(2.361292)		1d4(2.836142)	
../../pdbs//5f97.pdb 4.J
Timestep	Standard Nomenclature	Ring conformation
1			-		2d5(2.044781)		46t(9.948943)	
../../pdbs//5f97.pdb 5.L
Timestep	Standard Nomenclature	Ring conformation
1			1C4		3d6(1.067331)		1d4(4.659855)		5d2(5.889750)	
../../pdbs//5f97.pdb 4.L
Timestep	Standard Nomenclature	Ring conformation
1			-		2d5(2.432851)		46t(3.570837)	
../../pdbs//5f97.pdb 5.I
Timestep	Standard Nomenclature	Ring conformation
1			1C4		3d6(1.779017)		1d4(2.986988)		5d2(4.833576)	
../../pdbs//5f97.pdb 4.I
Timestep	Standard Nomenclature	Ring conformation
1			-		2d5(3.865218)		4d1(6.828530)	
../../pdbs//5f93.pdb 5.J
Timestep	Standard Nomenclature	Ring conformation
1			1C4		5d2(0.977736)		3d6(1.418961)		1d4(2.235354)	
../../pdbs//5f93.pdb 4.J
Timestep	Standard Nomenclature	Ring conformation
1			4C1		2d5(0.982474)		4d1(2.598751)		6d3(3.446630)	
../../pdbs//5f93.pdb 5.I
Timestep	Standard Nomenclature	Ring conformation
1			1C4		1d4(0.188780)		3d6(4.389802)		5d2(4.639030)	
../../pdbs//5f93.pdb 4.I
Timestep	Standard Nomenclature	Ring conformation
1			4C1		6d3(0.255913)		4d1(3.539407)		2d5(3.891362)	
../../pdbs//5f93.pdb 5.K
Timestep	Standard Nomenclature	Ring conformation
1			1C4		1d4(0.303437)		3d6(6.446817)		5d2(6.459558)	
../../pdbs//5f93.pdb 4.K
Timestep	Standard Nomenclature	Ring conformation
1			BO3		d36(1.314864)		45q(1.671392)		12q(4.035551)	
../../pdbs//5f93.pdb 5.L
Timestep	Standard Nomenclature	Ring conformation
1			-		1d4(4.103273)		3d6(6.307601)	
../../pdbs//5f93.pdb 4.L
Timestep	Standard Nomenclature	Ring conformation
1			4C1		6d3(1.731550)		4d1(2.191011)		2d5(3.814824)	
../../pdbs//4d6e.pdb 2.B
Timestep	Standard Nomenclature	Ring conformation
1			1C4		5d2(1.083643)		1d4(1.179186)		3d6(2.511534)	
../../pdbs//4d6e.pdb 1.B
Timestep	Standard Nomenclature	Ring conformation
1			-		2d5(0.949390)		6d3(9.594592)	
../../pdbs//1uld.pdb 3.G
Timestep	Standard Nomenclature	Ring conformation
1			1C4		1d4(1.060607)		5d2(1.605333)		3d6(2.444069)	
../../pdbs//1uld.pdb 2.G
Timestep	Standard Nomenclature	Ring conformation
1			4C1		2d5(1.065506)		4d1(2.546324)		6d3(3.670626)	
../../pdbs//1uld.pdb 3.F
Timestep	Standard Nomenclature	Ring conformation
1			1C4		3d6(0.908397)		5d2(1.091771)		1d4(1.780768)	
../../pdbs//1uld.pdb 2.F
Timestep	Standard Nomenclature	Ring conformation
1			4C1		2d5(2.330480)		6d3(2.780667)		4d1(5.041577)	
../../pdbs//1uld.pdb 3.H
Timestep	Standard Nomenclature	Ring conformation
1			1C4		3d6(0.416719)		5d2(0.969334)		1d4(1.204998)	
../../pdbs//1uld.pdb 2.H
Timestep	Standard Nomenclature	Ring conformation
1			4C1		2d5(1.225252)		6d3(3.463654)		4d1(4.694755)	
../../pdbs//1uld.pdb 3.E
Timestep	Standard Nomenclature	Ring conformation
1			1C4		1d4(0.908362)		5d2(1.306147)		3d6(2.075666)	
../../pdbs//1uld.pdb 2.E
Timestep	Standard Nomenclature	Ring conformation
1			4C1		2d5(0.171643)		4d1(2.760146)		6d3(2.948345)	
../../pdbs//5f9a.pdb 5.B
Timestep	Standard Nomenclature	Ring conformation
1			1C4		1d4(1.935751)		3d6(3.238231)		5d2(5.736392)	
../../pdbs//5f9a.pdb 4.B
Timestep	Standard Nomenclature	Ring conformation
1			4C1		6d3(2.860237)		2d5(5.974719)		4d1(8.171228)	
../../pdbs//3pa2.pdb 3.C
Timestep	Standard Nomenclature	Ring conformation
1			1C4		3d6(0.760080)		5d2(3.909920)		1d4(4.587748)	
../../pdbs//3pa2.pdb 2.C
Timestep	Standard Nomenclature	Ring conformation
1			4C1		2d5(1.751103)		6d3(2.767428)		4d1(4.337246)	
../../pdbs//5f8r.pdb 5.E
Timestep	Standard Nomenclature	Ring conformation
1			1C4		5d2(0.582245)		3d6(1.382313)		1d4(1.693136)	
../../pdbs//5f8r.pdb 4.E
Timestep	Standard Nomenclature	Ring conformation
1			4C1		4d1(0.353523)		2d5(2.630661)		6d3(3.100991)	
../../pdbs//5f8r.pdb 5.F
Timestep	Standard Nomenclature	Ring conformation
1			1C4		1d4(2.036509)		5d2(2.120517)		3d6(4.027880)	
../../pdbs//5f8r.pdb 4.F
Timestep	Standard Nomenclature	Ring conformation
1			4C1		2d5(1.834557)		4d1(7.135719)		6d3(8.867341)	
../../pdbs//3eyv.pdb 3.C
Timestep	Standard Nomenclature	Ring conformation
1			1C4		1d4(0.431543)		3d6(0.732228)		5d2(0.967161)	
../../pdbs//3eyv.pdb 2.C
Timestep	Standard Nomenclature	Ring conformation
1			4C1		4d1(0.221816)		6d3(3.630379)		2d5(3.943980)	
../../pdbs//2wmg.pdb 3.B
Timestep	Standard Nomenclature	Ring conformation
1			1C4		5d2(0.322226)		3d6(3.100988)		1d4(3.526160)	
../../pdbs//2wmg.pdb 2.B
Timestep	Standard Nomenclature	Ring conformation
1			-		4d1(4.016010)		t35(7.060288)		2d5(9.296063)		46t(9.954959)	
../../pdbs//3asq.pdb 3.C
Timestep	Standard Nomenclature	Ring conformation
1			1C4		5d2(0.096447)		3d6(1.933727)		1d4(2.105589)	
../../pdbs//3asq.pdb 2.C
Timestep	Standard Nomenclature	Ring conformation
1			4C1		2d5(0.545283)		6d3(1.250782)		4d1(1.796243)	
../../pdbs//3asq.pdb 3.D
Timestep	Standard Nomenclature	Ring conformation
1			1C4		3d6(0.766446)		5d2(2.088750)		1d4(2.899985)	
../../pdbs//3asq.pdb 2.D
Timestep	Standard Nomenclature	Ring conformation
1			4C1		2d5(0.204214)		6d3(2.225815)		4d1(2.499399)	
../../pdbs//5elb.pdb 3.O
Timestep	Standard Nomenclature	Ring conformation
1			1C4		3d6(0.822601)		5d2(0.982139)		1d4(2.062639)	
../../pdbs//5elb.pdb 2.O
Timestep	Standard Nomenclature	Ring conformation
1			4C1		2d5(4.889963)		6d3(6.411918)		4d1(9.632519)	
../../pdbs//5elb.pdb 3.R
Timestep	Standard Nomenclature	Ring conformation
1			1C4		1d4(0.266364)		3d6(1.531372)		5d2(3.024949)	
../../pdbs//5elb.pdb 2.R
Timestep	Standard Nomenclature	Ring conformation
1			4C1		2d5(0.844700)		6d3(3.742832)		4d1(3.751214)	
../../pdbs//5elb.pdb 3.P
Timestep	Standard Nomenclature	Ring conformation
1			1C4		1d4(0.585786)		5d2(1.675670)		3d6(2.734828)	
../../pdbs//5elb.pdb 2.P
Timestep	Standard Nomenclature	Ring conformation
1			4C1		2d5(0.286186)		4d1(0.748629)		6d3(1.664890)	
../../pdbs//4p26.pdb 3.G
Timestep	Standard Nomenclature	Ring conformation
1			1C4		3d6(0.062246)		1d4(3.607724)		5d2(3.674426)	
../../pdbs//4p26.pdb 2.G
Timestep	Standard Nomenclature	Ring conformation
1			4C1		6d3(0.095926)		2d5(3.629180)		4d1(3.718174)	
../../pdbs//4p26.pdb 3.F
Timestep	Standard Nomenclature	Ring conformation
1			1C4		3d6(0.003708)		5d2(3.635492)		1d4(3.645010)	
../../pdbs//4p26.pdb 2.F
Timestep	Standard Nomenclature	Ring conformation
1			4C1		6d3(0.076498)		2d5(3.635416)		4d1(3.715254)	
../../pdbs//4p26.pdb 3.E
Timestep	Standard Nomenclature	Ring conformation
1			1C4		3d6(0.013571)		1d4(3.654236)		5d2(3.659485)	
../../pdbs//4p26.pdb 2.E
Timestep	Standard Nomenclature	Ring conformation
1			4C1		6d3(0.021069)		4d1(3.630161)		2d5(3.635348)	
../../pdbs//5dux.pdb 3.F
Timestep	Standard Nomenclature	Ring conformation
1			1C4		3d6(0.349935)		1d4(2.334828)		5d2(2.682141)	
../../pdbs//5dux.pdb 2.F
Timestep	Standard Nomenclature	Ring conformation
1			4C1		2d5(0.616494)		6d3(3.603884)		4d1(4.315415)	
../../pdbs//5dux.pdb 3.E
Timestep	Standard Nomenclature	Ring conformation
1			1C4		3d6(0.210675)		5d2(3.213602)		1d4(3.419585)	
../../pdbs//5dux.pdb 2.E
Timestep	Standard Nomenclature	Ring conformation
1			4C1		6d3(0.816006)		2d5(2.353232)		4d1(3.142513)	
../../pdbs//6n1b.pdb 2.B
Timestep	Standard Nomenclature	Ring conformation
1			1C4		3d6(0.307384)		1d4(1.939554)		5d2(2.101312)	
../../pdbs//6n1b.pdb 1.B
Timestep	Standard Nomenclature	Ring conformation
1			4C1		6d3(1.595244)		4d1(5.125672)		2d5(6.854091)	
../../pdbs//4x1z.pdb 3.D
Timestep	Standard Nomenclature	Ring conformation
1			1C4		1d4(0.116141)		5d2(0.164138)		3d6(0.584589)	
../../pdbs//4x1z.pdb 2.D
Timestep	Standard Nomenclature	Ring conformation
1			4C1		2d5(1.426129)		6d3(3.422913)		4d1(4.489294)	
../../pdbs//4x1z.pdb 3.C
Timestep	Standard Nomenclature	Ring conformation
1			1C4		1d4(0.073015)		5d2(0.203824)		3d6(0.486220)	
../../pdbs//4x1z.pdb 2.C
Timestep	Standard Nomenclature	Ring conformation
1			4C1		2d5(2.033396)		6d3(2.346679)		4d1(3.992983)	
../../pdbs//5f7m.pdb 5.E
Timestep	Standard Nomenclature	Ring conformation
1			1C4		1d4(1.153140)		5d2(3.544112)		3d6(4.652745)	
../../pdbs//5f7m.pdb 4.E
Timestep	Standard Nomenclature	Ring conformation
1			-		6d3(0.840877)		2d5(9.956236)	
../../pdbs//5f7m.pdb 5.F
Timestep	Standard Nomenclature	Ring conformation
1			1C4		3d6(0.306483)		1d4(3.466370)		5d2(4.280450)	
../../pdbs//5f7m.pdb 4.F
Timestep	Standard Nomenclature	Ring conformation
1			4C1		2d5(1.049273)		4d1(1.204400)		6d3(2.017804)	
../../pdbs//4p25.pdb 3.F
Timestep	Standard Nomenclature	Ring conformation
1			1C4		3d6(0.018940)		5d2(3.601276)		1d4(3.605893)	
../../pdbs//4p25.pdb 2.F
Timestep	Standard Nomenclature	Ring conformation
1			4C1		6d3(0.000829)		4d1(3.607469)		2d5(3.619542)	
../../pdbs//4p25.pdb 3.E
Timestep	Standard Nomenclature	Ring conformation
1			1C4		3d6(0.010252)		5d2(3.628312)		1d4(3.631904)	
../../pdbs//4p25.pdb 2.E
Timestep	Standard Nomenclature	Ring conformation
1			4C1		6d3(0.007616)		2d5(3.643579)		4d1(3.658942)	
../../pdbs//4p25.pdb 3.G
Timestep	Standard Nomenclature	Ring conformation
1			1C4		3d6(0.020805)		5d2(3.593485)		1d4(3.638169)	
../../pdbs//4p25.pdb 2.G
Timestep	Standard Nomenclature	Ring conformation
1			4C1		6d3(0.002278)		4d1(3.587833)		2d5(3.596418)	
../../pdbs//4p25.pdb 3.H
Timestep	Standard Nomenclature	Ring conformation
1			1C4		3d6(0.001481)		1d4(3.659899)		5d2(3.668259)	
../../pdbs//4p25.pdb 2.H
Timestep	Standard Nomenclature	Ring conformation
1			4C1		6d3(0.025873)		2d5(3.632682)		4d1(3.654716)	
../../pdbs//2ead.pdb 3.C
Timestep	Standard Nomenclature	Ring conformation
1			1C4		5d2(1.018434)		3d6(3.464041)		1d4(4.487034)	
../../pdbs//2ead.pdb 2.C
Timestep	Standard Nomenclature	Ring conformation
1			4C1		4d1(0.581802)		2d5(1.808946)		6d3(2.449382)	
../../pdbs//4wzk.pdb 3.D
Timestep	Standard Nomenclature	Ring conformation
1			1C4		3d6(0.013428)		5d2(5.035080)		1d4(5.054345)	
../../pdbs//4wzk.pdb 2.D
Timestep	Standard Nomenclature	Ring conformation
1			4C1		6d3(0.779987)		2d5(3.988833)		4d1(4.088033)	
../../pdbs//4wzk.pdb 3.C
Timestep	Standard Nomenclature	Ring conformation
1			1C4		3d6(0.060811)		5d2(5.031462)		1d4(5.102720)	
../../pdbs//4wzk.pdb 2.C
Timestep	Standard Nomenclature	Ring conformation
1			4C1		4d1(0.894185)		6d3(1.138398)		2d5(2.503649)	
../../pdbs//5n7m.pdb 3.D
Timestep	Standard Nomenclature	Ring conformation
1			1C4		1d4(1.252522)		3d6(3.314467)		5d2(4.516601)	
../../pdbs//5n7m.pdb 2.D
Timestep	Standard Nomenclature	Ring conformation
1			4C1		6d3(0.195284)		4d1(0.788136)		2d5(1.013991)	
../../pdbs//5n7m.pdb 3.C
Timestep	Standard Nomenclature	Ring conformation
1			1C4		1d4(0.559611)		3d6(3.967197)		5d2(4.041803)	
../../pdbs//5n7m.pdb 2.C
Timestep	Standard Nomenclature	Ring conformation
1			4C1		6d3(0.422143)		4d1(0.696580)		2d5(1.287703)	
../../pdbs//3r6k.pdb 2.B
Timestep	Standard Nomenclature	Ring conformation
1			1C4		3d6(1.513541)		1d4(1.917717)		5d2(3.537277)	
../../pdbs//3r6k.pdb 1.B
Timestep	Standard Nomenclature	Ring conformation
1			-		6d3(7.010856)		2d5(7.167995)	
../../pdbs//5vks.pdb 5.D
Timestep	Standard Nomenclature	Ring conformation
1			1C4		1d4(0.256393)		3d6(2.892860)		5d2(2.957983)	
../../pdbs//5vks.pdb 4.D
Timestep	Standard Nomenclature	Ring conformation
1			4C1		4d1(0.360519)		2d5(2.332196)		6d3(2.345812)	
../../pdbs//5vks.pdb 5.C
Timestep	Standard Nomenclature	Ring conformation
1			1C4		5d2(0.245102)		3d6(1.154177)		1d4(1.204369)	
../../pdbs//5vks.pdb 4.C
Timestep	Standard Nomenclature	Ring conformation
1			4C1		4d1(0.359244)		6d3(1.813040)		2d5(2.531693)	
../../pdbs//5vx9.pdb 5.B
Timestep	Standard Nomenclature	Ring conformation
1			1C4		3d6(0.760583)		5d2(0.978330)		1d4(1.763391)	
../../pdbs//5vx9.pdb 4.B
Timestep	Standard Nomenclature	Ring conformation
1			4C1		6d3(1.658286)		4d1(3.229132)		2d5(4.947415)	
../../pdbs//5elc.pdb 3.N
Timestep	Standard Nomenclature	Ring conformation
1			1C4		1d4(0.976671)		5d2(1.372112)		3d6(1.876862)	
../../pdbs//5elc.pdb 2.N
Timestep	Standard Nomenclature	Ring conformation
1			4C1		2d5(0.610740)		4d1(4.267283)		6d3(5.308050)	
../../pdbs//5elc.pdb 3.S
Timestep	Standard Nomenclature	Ring conformation
1			1C4		5d2(0.850091)		3d6(1.077185)		1d4(1.179349)	
../../pdbs//5elc.pdb 2.S
Timestep	Standard Nomenclature	Ring conformation
1			4C1		6d3(0.776771)		4d1(2.611080)		2d5(2.735355)	
../../pdbs//5elc.pdb 3.O
Timestep	Standard Nomenclature	Ring conformation
1			1C4		5d2(0.881709)		1d4(2.287851)		3d6(3.213082)	
../../pdbs//5elc.pdb 2.O
Timestep	Standard Nomenclature	Ring conformation
1			4C1		2d5(1.910096)		4d1(4.673087)		6d3(6.753539)	
../../pdbs//5elc.pdb 3.Q
Timestep	Standard Nomenclature	Ring conformation
1			1C4		3d6(0.302853)		1d4(4.130922)		5d2(4.137158)	
../../pdbs//5elc.pdb 2.Q
Timestep	Standard Nomenclature	Ring conformation
1			-		6d3(5.640690)		t15(9.984754)	
../../pdbs//5elc.pdb 3.K
Timestep	Standard Nomenclature	Ring conformation
1			1C4		5d2(1.939125)		3d6(3.165427)		1d4(4.986317)	
../../pdbs//5elc.pdb 2.K
Timestep	Standard Nomenclature	Ring conformation
1			4C1		4d1(1.274346)		2d5(2.933299)		6d3(4.034977)	
../../pdbs//5elc.pdb 3.P
Timestep	Standard Nomenclature	Ring conformation
1			1C4		5d2(0.130084)		3d6(0.658314)		1d4(1.027395)	
../../pdbs//5elc.pdb 2.P
Timestep	Standard Nomenclature	Ring conformation
1			4C1		2d5(0.266169)		4d1(4.828433)		6d3(4.939795)	
../../pdbs//3ass.pdb 3.C
Timestep	Standard Nomenclature	Ring conformation
1			1C4		5d2(0.078764)		3d6(0.525446)		1d4(0.689045)	
../../pdbs//3ass.pdb 2.C
Timestep	Standard Nomenclature	Ring conformation
1			4C1		2d5(1.303899)		6d3(1.970510)		4d1(3.265761)	
../../pdbs//3ass.pdb 3.D
Timestep	Standard Nomenclature	Ring conformation
1			1C4		3d6(0.131209)		1d4(0.298471)		5d2(0.538260)	
../../pdbs//3ass.pdb 2.D
Timestep	Standard Nomenclature	Ring conformation
1			4C1		2d5(1.241270)		6d3(1.490271)		4d1(2.765954)	
../../pdbs//4rdk.pdb 3.C
Timestep	Standard Nomenclature	Ring conformation
1			1C4		1d4(0.304950)		3d6(1.131074)		5d2(2.004550)	
../../pdbs//4rdk.pdb 2.C
Timestep	Standard Nomenclature	Ring conformation
1			4C1		2d5(0.319381)		6d3(0.988535)		4d1(1.175968)	
../../pdbs//4rdk.pdb 3.D
Timestep	Standard Nomenclature	Ring conformation
1			1C4		1d4(0.146589)		3d6(1.415119)		5d2(1.906348)	
../../pdbs//4rdk.pdb 2.D
Timestep	Standard Nomenclature	Ring conformation
1			4C1		6d3(0.535860)		4d1(0.840762)		2d5(0.851991)	
../../pdbs//7p8h.pdb 3.E
Timestep	Standard Nomenclature	Ring conformation
1			1C4		3d6(0.352958)		1d4(1.277657)		5d2(1.645720)	
../../pdbs//7p8h.pdb 2.E
Timestep	Standard Nomenclature	Ring conformation
1			4C1		6d3(1.382962)		2d5(3.778743)		4d1(4.627110)	
../../pdbs//7p8h.pdb 3.F
Timestep	Standard Nomenclature	Ring conformation
1			1C4		3d6(0.295651)		1d4(1.934773)		5d2(2.776125)	
../../pdbs//7p8h.pdb 2.F
Timestep	Standard Nomenclature	Ring conformation
1			4C1		6d3(1.224435)		2d5(3.320629)		4d1(4.428173)	
../../pdbs//2zl7.pdb 2.C
Timestep	Standard Nomenclature	Ring conformation
1			1C4		5d2(0.326978)		1d4(0.818514)		3d6(0.935567)	
../../pdbs//2zl7.pdb 1.C
Timestep	Standard Nomenclature	Ring conformation
1			4C1		2d5(1.084563)		6d3(2.324863)		4d1(3.456511)	
../../pdbs//2bs6.pdb 3.E
Timestep	Standard Nomenclature	Ring conformation
1			1C4		1d4(1.610175)		5d2(1.684362)		3d6(3.288412)	
../../pdbs//2bs6.pdb 2.E
Timestep	Standard Nomenclature	Ring conformation
1			4C1		6d3(0.971250)		2d5(0.991247)		4d1(1.882482)	
../../pdbs//2bs6.pdb 3.D
Timestep	Standard Nomenclature	Ring conformation
1			1C4		1d4(0.377012)		3d6(2.746236)		5d2(2.895214)	
../../pdbs//2bs6.pdb 2.D
Timestep	Standard Nomenclature	Ring conformation
1			4C1		2d5(0.220723)		4d1(5.474482)		6d3(6.017738)	
../../pdbs//2bs6.pdb 3.F
Timestep	Standard Nomenclature	Ring conformation
1			1C4		5d2(0.830524)		1d4(1.397585)		3d6(2.132454)	
../../pdbs//2bs6.pdb 2.F
Timestep	Standard Nomenclature	Ring conformation
1			4C1		4d1(1.089289)		2d5(2.688250)		6d3(3.926523)	
../../pdbs//2vno.pdb 2.C
Timestep	Standard Nomenclature	Ring conformation
1			1C4		5d2(0.220235)		1d4(1.946794)		3d6(2.250844)	
../../pdbs//2vno.pdb 1.C
Timestep	Standard Nomenclature	Ring conformation
1			4C1		6d3(3.041395)		2d5(3.558427)		4d1(6.550319)	
../../pdbs//2vno.pdb 2.D
Timestep	Standard Nomenclature	Ring conformation
1			1C4		5d2(0.788851)		1d4(4.345893)		3d6(5.003381)	
../../pdbs//2vno.pdb 1.D
Timestep	Standard Nomenclature	Ring conformation
1			4C1		6d3(0.252339)		2d5(2.704586)		4d1(2.782596)	
../../pdbs//3zzv.pdb 3.D
Timestep	Standard Nomenclature	Ring conformation
1			1C4		3d6(1.690360)		5d2(3.366011)		1d4(4.932363)	
../../pdbs//3zzv.pdb 2.D
Timestep	Standard Nomenclature	Ring conformation
1			4C1		2d5(0.567187)		6d3(2.530181)		4d1(3.019077)	
../../pdbs//3zzv.pdb 3.E
Timestep	Standard Nomenclature	Ring conformation
1			1C4		5d2(0.239066)		3d6(3.265257)		1d4(3.576270)	
../../pdbs//3zzv.pdb 2.E
Timestep	Standard Nomenclature	Ring conformation
1			4C1		2d5(0.320728)		6d3(3.296077)		4d1(3.721024)	
../../pdbs//3zzv.pdb 3.F
Timestep	Standard Nomenclature	Ring conformation
1			1C4		1d4(1.267269)		3d6(1.610177)		5d2(3.026308)	
../../pdbs//3zzv.pdb 2.F
Timestep	Standard Nomenclature	Ring conformation
1			-		4d1(2.311497)		t35(7.684764)		2d5(9.348133)	
../../pdbs//3zzv.pdb 3.H
Timestep	Standard Nomenclature	Ring conformation
1			1C4		1d4(0.814988)		3d6(1.149913)		5d2(2.194760)	
../../pdbs//3zzv.pdb 2.H
Timestep	Standard Nomenclature	Ring conformation
1			4C1		4d1(1.456905)		2d5(6.970982)		6d3(7.974915)	
../../pdbs//3zzv.pdb 3.G
Timestep	Standard Nomenclature	Ring conformation
1			1C4		3d6(0.504336)		5d2(2.778269)		1d4(3.122368)	
../../pdbs//3zzv.pdb 2.G
Timestep	Standard Nomenclature	Ring conformation
1			4C1		6d3(0.945079)		4d1(4.002834)		2d5(5.211005)	
../../pdbs//2w7y.pdb 2.C
Timestep	Standard Nomenclature	Ring conformation
1			1C4		5d2(1.276658)		3d6(1.561230)		1d4(2.855456)	
../../pdbs//2w7y.pdb 1.C
Timestep	Standard Nomenclature	Ring conformation
1			4C1		2d5(1.150197)		6d3(3.488686)		4d1(4.731463)	
../../pdbs//2w7y.pdb 2.D
Timestep	Standard Nomenclature	Ring conformation
1			1C4		1d4(0.582171)		3d6(1.877803)		5d2(2.451241)	
../../pdbs//2w7y.pdb 1.D
Timestep	Standard Nomenclature	Ring conformation
1			4C1		4d1(2.156853)		6d3(3.700379)		2d5(5.876194)	
../../pdbs//3q38.pdb 2.C
Timestep	Standard Nomenclature	Ring conformation
1			1C4		1d4(1.717609)		3d6(2.546962)		5d2(4.263084)	
../../pdbs//3q38.pdb 1.C
Timestep	Standard Nomenclature	Ring conformation
1			4C1		2d5(2.035727)		6d3(3.275684)		4d1(5.307131)	
../../pdbs//4ah4.pdb 2.G
Timestep	Standard Nomenclature	Ring conformation
1			1C4		1d4(1.393066)		5d2(2.787987)		3d6(4.350075)	
../../pdbs//4ah4.pdb 1.G
Timestep	Standard Nomenclature	Ring conformation
1			-		6d3(5.839628)		2d5(7.424863)	
../../pdbs//4ah4.pdb 2.D
Timestep	Standard Nomenclature	Ring conformation
1			1C4		3d6(1.295717)		1d4(1.412904)		5d2(2.959278)	
../../pdbs//4ah4.pdb 1.D
Timestep	Standard Nomenclature	Ring conformation
1			4C1		6d3(1.754183)		4d1(3.255630)		2d5(4.972079)	
../../pdbs//4ah4.pdb 2.C
Timestep	Standard Nomenclature	Ring conformation
1			1C4		1d4(0.034694)		5d2(0.672373)		3d6(0.744380)	
../../pdbs//4ah4.pdb 1.C
Timestep	Standard Nomenclature	Ring conformation
1			4C1		4d1(3.932350)		2d5(5.541618)		6d3(9.221125)	
../../pdbs//3efx.pdb 3.B
Timestep	Standard Nomenclature	Ring conformation
1			1C4		3d6(2.207209)		1d4(2.853600)		5d2(4.655577)	
../../pdbs//3efx.pdb 2.B
Timestep	Standard Nomenclature	Ring conformation
1			4C1		2d5(0.116210)		6d3(3.986800)		4d1(4.060988)	
../../pdbs//3efx.pdb 3.P
Timestep	Standard Nomenclature	Ring conformation
1			1C4		1d4(1.604281)		5d2(2.049316)		3d6(3.556314)	
../../pdbs//3efx.pdb 2.P
Timestep	Standard Nomenclature	Ring conformation
1			4C1		6d3(0.558424)		4d1(4.302594)		2d5(5.017332)	
../../pdbs//3efx.pdb 3.O
Timestep	Standard Nomenclature	Ring conformation
1			1C4		3d6(0.481207)		5d2(1.432817)		1d4(2.236672)	
../../pdbs//3efx.pdb 2.O
Timestep	Standard Nomenclature	Ring conformation
1			4C1		6d3(1.715995)		4d1(2.064117)		2d5(4.179778)	
../../pdbs//3efx.pdb 3.C
Timestep	Standard Nomenclature	Ring conformation
1			1C4		5d2(1.808668)		1d4(2.365611)		3d6(4.205515)	
../../pdbs//3efx.pdb 2.C
Timestep	Standard Nomenclature	Ring conformation
1			4C1		2d5(1.095597)		6d3(5.329596)		4d1(6.465251)	
../../pdbs//3efx.pdb 3.N
Timestep	Standard Nomenclature	Ring conformation
1			1C4		1d4(0.424423)		3d6(2.264302)		5d2(2.856829)	
../../pdbs//3efx.pdb 2.N
Timestep	Standard Nomenclature	Ring conformation
1			4C1		6d3(0.722550)		2d5(5.478396)		4d1(6.098756)	
../../pdbs//3efx.pdb 3.S
Timestep	Standard Nomenclature	Ring conformation
1			1C4		1d4(0.074250)		5d2(1.661107)		3d6(1.889580)	
../../pdbs//3efx.pdb 2.S
Timestep	Standard Nomenclature	Ring conformation
1			4C1		6d3(2.173747)		2d5(5.490264)		4d1(7.620835)	
../../pdbs//3efx.pdb 3.Q
Timestep	Standard Nomenclature	Ring conformation
1			1C4		5d2(0.977366)		1d4(2.739103)		3d6(3.811390)	
../../pdbs//3efx.pdb 2.Q
Timestep	Standard Nomenclature	Ring conformation
1			4C1		6d3(2.475200)		2d5(4.867738)		4d1(7.429959)	
../../pdbs//3efx.pdb 3.A
Timestep	Standard Nomenclature	Ring conformation
1			1C4		1d4(0.757633)		3d6(2.657902)		5d2(3.525745)	
../../pdbs//3efx.pdb 2.A
Timestep	Standard Nomenclature	Ring conformation
1			4C1		2d5(0.076083)		4d1(4.255097)		6d3(4.327006)	
../../pdbs//3efx.pdb 3.R
Timestep	Standard Nomenclature	Ring conformation
1			1C4		1d4(0.604044)		3d6(1.906650)		5d2(2.398718)	
../../pdbs//3efx.pdb 2.R
Timestep	Standard Nomenclature	Ring conformation
1			4C1		2d5(0.837485)		6d3(2.164105)		4d1(3.068056)	
../../pdbs//3efx.pdb 3.T
Timestep	Standard Nomenclature	Ring conformation
1			1C4		5d2(0.278844)		1d4(5.275213)		3d6(5.646626)	
../../pdbs//3efx.pdb 2.T
Timestep	Standard Nomenclature	Ring conformation
1			4C1		2d5(0.728084)		4d1(4.788467)		6d3(5.447711)	
../../pdbs//4ym1.pdb 3.F
Timestep	Standard Nomenclature	Ring conformation
1			1C4		3d6(1.864364)		1d4(4.416322)		5d2(6.360264)	
../../pdbs//4ym1.pdb 2.F
Timestep	Standard Nomenclature	Ring conformation
1			4C1		6d3(0.993174)		2d5(7.161871)		4d1(8.244352)	
../../pdbs//4ym1.pdb 3.E
Timestep	Standard Nomenclature	Ring conformation
1			1C4		1d4(2.736336)		5d2(5.943294)		3d6(8.561104)	
../../pdbs//4ym1.pdb 2.E
Timestep	Standard Nomenclature	Ring conformation
1			-		2d5(0.664060)		46t(9.398371)	
../../pdbs//4d72.pdb 3.B
Timestep	Standard Nomenclature	Ring conformation
1			1C4		1d4(0.381651)		5d2(1.902066)		3d6(2.220780)	
../../pdbs//4d72.pdb 2.B
Timestep	Standard Nomenclature	Ring conformation
1			-		4d1(3.847508)		t35(7.126766)		2d5(8.952457)	
../../pdbs//8d0r.pdb 3.C
Timestep	Standard Nomenclature	Ring conformation
1			1C4		1d4(0.663510)		3d6(1.234544)		5d2(1.653579)	
../../pdbs//8d0r.pdb 2.C
Timestep	Standard Nomenclature	Ring conformation
1			4C1		2d5(1.315883)		6d3(3.927896)		4d1(4.979680)	
../../pdbs//5d63.pdb 2.B
Timestep	Standard Nomenclature	Ring conformation
1			1C4		1d4(1.212579)		5d2(3.489229)		3d6(4.318672)	
../../pdbs//5d63.pdb 1.B
Timestep	Standard Nomenclature	Ring conformation
1			4C1		4d1(2.173886)		6d3(4.945613)		2d5(7.050147)	
../../pdbs//4ds0.pdb 3.B
Timestep	Standard Nomenclature	Ring conformation
1			1C4		3d6(2.211110)		1d4(2.940022)		5d2(4.532153)	
../../pdbs//4ds0.pdb 2.B
Timestep	Standard Nomenclature	Ring conformation
1			4C1		2d5(2.470315)		6d3(4.593064)		4d1(6.317906)	
../../pdbs//4d4u.pdb 3.G
Timestep	Standard Nomenclature	Ring conformation
1			1C4		1d4(0.594784)		3d6(0.661879)		5d2(1.202334)	
../../pdbs//4d4u.pdb 2.G
Timestep	Standard Nomenclature	Ring conformation
1			4C1		2d5(0.728660)		4d1(1.646210)		6d3(2.436938)	
../../pdbs//4d4u.pdb 3.H
Timestep	Standard Nomenclature	Ring conformation
1			1C4		5d2(0.199303)		1d4(1.918972)		3d6(2.138087)	
../../pdbs//4d4u.pdb 2.H
Timestep	Standard Nomenclature	Ring conformation
1			-		2d5(1.851870)		6d3(8.577567)	
../../pdbs//4d4u.pdb 3.I
Timestep	Standard Nomenclature	Ring conformation
1			-		5d2(3.310079)		1d4(7.190085)	
../../pdbs//4d4u.pdb 2.I
Timestep	Standard Nomenclature	Ring conformation
1			4C1		6d3(3.013970)		2d5(3.295990)		4d1(6.207181)	
../../pdbs//4d4u.pdb 2.J
Timestep	Standard Nomenclature	Ring conformation
1			1C4		3d6(0.049350)		5d2(3.973531)		1d4(3.999553)	
../../pdbs//4d4u.pdb 1.J
Timestep	Standard Nomenclature	Ring conformation
1			-		6d3(3.261361)		4d1(6.719115)	
../../pdbs//4d4u.pdb 3.D
Timestep	Standard Nomenclature	Ring conformation
1			1C4		1d4(1.504797)		5d2(2.429901)		3d6(3.926206)	
../../pdbs//4d4u.pdb 2.D
Timestep	Standard Nomenclature	Ring conformation
1			4C1		2d5(1.449512)		6d3(6.769741)		4d1(8.303965)	
../../pdbs//4d4u.pdb 3.E
Timestep	Standard Nomenclature	Ring conformation
1			1C4		1d4(1.654124)		3d6(2.896145)		5d2(4.729845)	
../../pdbs//4d4u.pdb 2.E
Timestep	Standard Nomenclature	Ring conformation
1			4C1		2d5(1.242381)		6d3(2.379669)		4d1(3.573298)	
../../pdbs//4d4u.pdb 3.C
Timestep	Standard Nomenclature	Ring conformation
1			1C4		3d6(1.636860)		5d2(2.048902)		1d4(3.666796)	
../../pdbs//4d4u.pdb 2.C
Timestep	Standard Nomenclature	Ring conformation
1			4C1		2d5(1.238561)		6d3(2.594692)		4d1(3.877986)	
../../pdbs//4d4u.pdb 3.F
Timestep	Standard Nomenclature	Ring conformation
1			1C4		5d2(1.639103)		3d6(1.880919)		1d4(3.234076)	
../../pdbs//4d4u.pdb 2.F
Timestep	Standard Nomenclature	Ring conformation
1			4C1		2d5(0.082170)		6d3(3.298571)		4d1(3.410826)	
../../pdbs//5f7w.pdb 5.E
Timestep	Standard Nomenclature	Ring conformation
1			1C4		3d6(1.290991)		5d2(1.413233)		1d4(2.577225)	
../../pdbs//5f7w.pdb 4.E
Timestep	Standard Nomenclature	Ring conformation
1			-		2d5(5.904321)		6d3(9.566337)	
../../pdbs//5f7w.pdb 7.E
Timestep	Standard Nomenclature	Ring conformation
1			1C4		3d6(0.485035)		1d4(2.200970)		5d2(2.497976)	
../../pdbs//5f7w.pdb 4.E
Timestep	Standard Nomenclature	Ring conformation
1			-		2d5(5.904321)		6d3(9.566337)	
../../pdbs//5f7w.pdb 5.F
Timestep	Standard Nomenclature	Ring conformation
1			1C4		3d6(1.224292)		5d2(7.081420)		1d4(8.065613)	
../../pdbs//5f7w.pdb 4.F
Timestep	Standard Nomenclature	Ring conformation
1			4C1		4d1(2.545761)		6d3(5.231614)		2d5(7.840622)	
../../pdbs//5f7w.pdb 7.F
Timestep	Standard Nomenclature	Ring conformation
1			1C4		1d4(0.849670)		3d6(3.453902)		5d2(4.213081)	
../../pdbs//5f7w.pdb 4.F
Timestep	Standard Nomenclature	Ring conformation
1			4C1		4d1(2.545761)		6d3(5.231614)		2d5(7.840622)	
../../pdbs//5f7y.pdb 5.F
Timestep	Standard Nomenclature	Ring conformation
1			1C4		5d2(2.642547)		3d6(4.786794)		1d4(7.056872)	
../../pdbs//5f7y.pdb 4.F
Timestep	Standard Nomenclature	Ring conformation
1			-		6d3(5.572662)		2d5(6.059779)	
../../pdbs//5f7y.pdb 5.E
Timestep	Standard Nomenclature	Ring conformation
1			1C4		5d2(0.423051)		3d6(1.610395)		1d4(1.732481)	
../../pdbs//5f7y.pdb 4.E
Timestep	Standard Nomenclature	Ring conformation
1			4C1		4d1(4.433548)		2d5(5.340724)		6d3(9.634373)	
../../pdbs//2wmj.pdb 2.D
Timestep	Standard Nomenclature	Ring conformation
1			1C4		1d4(0.388208)		5d2(2.038589)		3d6(2.487345)	
../../pdbs//2wmj.pdb 1.D
Timestep	Standard Nomenclature	Ring conformation
1			4C1		2d5(0.258500)		6d3(9.712316)		4d1(9.805976)	
../../pdbs//2wmj.pdb 2.C
Timestep	Standard Nomenclature	Ring conformation
1			1C4		1d4(0.105419)		5d2(1.768837)		3d6(1.822276)	
../../pdbs//2wmj.pdb 1.C
Timestep	Standard Nomenclature	Ring conformation
1			-		2d5(1.505768)		46t(9.024137)	
../../pdbs//5mu9.pdb 2.B
Timestep	Standard Nomenclature	Ring conformation
1			1C4		5d2(0.331297)		3d6(2.445709)		1d4(2.760786)	
../../pdbs//5mu9.pdb 1.B
Timestep	Standard Nomenclature	Ring conformation
1			4C1		6d3(0.268583)		2d5(3.417808)		4d1(3.461152)	
../../pdbs//4rdl.pdb 3.D
Timestep	Standard Nomenclature	Ring conformation
1			-		3d6(6.158394)		1d4(8.809900)	
../../pdbs//4rdl.pdb 2.D
Timestep	Standard Nomenclature	Ring conformation
1			4C1		6d3(2.515895)		2d5(4.863677)		4d1(6.410758)	
../../pdbs//4rdl.pdb 3.C
Timestep	Standard Nomenclature	Ring conformation
1			1C4		1d4(0.692948)		5d2(1.621196)		3d6(3.482716)	
../../pdbs//4rdl.pdb 2.C
Timestep	Standard Nomenclature	Ring conformation
1			4C1		2d5(0.166607)		4d1(2.011011)		6d3(2.861220)	
../../pdbs//2vng.pdb 2.C
Timestep	Standard Nomenclature	Ring conformation
1			1C4		1d4(0.175155)		5d2(1.479817)		3d6(1.497817)	
../../pdbs//2vng.pdb 1.C
Timestep	Standard Nomenclature	Ring conformation
1			4C1		6d3(1.646022)		2d5(1.957462)		4d1(3.764643)	
../../pdbs//2vng.pdb 2.D
Timestep	Standard Nomenclature	Ring conformation
1			1C4		5d2(0.024638)		1d4(1.472851)		3d6(1.630023)	
../../pdbs//2vng.pdb 1.D
Timestep	Standard Nomenclature	Ring conformation
1			4C1		2d5(2.326733)		6d3(3.643980)		4d1(6.156672)	
../../pdbs//4gwi.pdb 3.B
Timestep	Standard Nomenclature	Ring conformation
1			1C4		1d4(0.623797)		3d6(1.364147)		5d2(1.788826)	
../../pdbs//4gwi.pdb 2.B
Timestep	Standard Nomenclature	Ring conformation
1			4C1		6d3(2.305969)		2d5(2.395930)		4d1(4.471089)	
../../pdbs//1zi4.pdb 3.B
Timestep	Standard Nomenclature	Ring conformation
1			1C4		3d6(0.407290)		1d4(2.485058)		5d2(2.900852)	
../../pdbs//1zi4.pdb 2.B
Timestep	Standard Nomenclature	Ring conformation
1			4C1		2d5(0.697048)		6d3(1.605219)		4d1(2.449843)	
../../pdbs//6is5.pdb 3.G
Timestep	Standard Nomenclature	Ring conformation
1			1C4		5d2(0.003172)		3d6(0.535974)		1d4(1.172433)	
../../pdbs//6is5.pdb 2.G
Timestep	Standard Nomenclature	Ring conformation
1			4C1		6d3(1.172450)		4d1(2.938805)		2d5(4.485708)	
../../pdbs//6is5.pdb 3.H
Timestep	Standard Nomenclature	Ring conformation
1			1C4		3d6(0.397178)		1d4(0.441945)		5d2(0.874665)	
../../pdbs//6is5.pdb 2.H
Timestep	Standard Nomenclature	Ring conformation
1			4C1		2d5(1.328693)		4d1(4.045057)		6d3(5.519746)	
../../pdbs//6is5.pdb 3.E
Timestep	Standard Nomenclature	Ring conformation
1			1C4		5d2(0.204400)		3d6(2.159604)		1d4(3.096695)	
../../pdbs//6is5.pdb 2.E
Timestep	Standard Nomenclature	Ring conformation
1			4C1		6d3(1.407740)		2d5(3.422913)		4d1(4.371076)	
../../pdbs//6is5.pdb 3.F
Timestep	Standard Nomenclature	Ring conformation
1			1C4		5d2(0.151194)		3d6(2.144149)		1d4(2.322423)	
../../pdbs//6is5.pdb 2.F
Timestep	Standard Nomenclature	Ring conformation
1			4C1		2d5(0.134552)		6d3(2.150153)		4d1(2.307260)	
../../pdbs//7l63.pdb 3.B
Timestep	Standard Nomenclature	Ring conformation
1			1C4		1d4(0.129975)		3d6(1.692916)		5d2(1.906518)	
../../pdbs//7l63.pdb 2.B
Timestep	Standard Nomenclature	Ring conformation
1			4C1		2d5(1.754481)		6d3(2.341102)		4d1(4.043109)	
../../pdbs//4wze.pdb 3.D
Timestep	Standard Nomenclature	Ring conformation
1			1C4		3d6(0.043863)		5d2(1.056639)		1d4(1.415218)	
../../pdbs//4wze.pdb 2.D
Timestep	Standard Nomenclature	Ring conformation
1			4C1		6d3(0.587395)		4d1(1.141518)		2d5(2.114085)	
../../pdbs//4wze.pdb 3.C
Timestep	Standard Nomenclature	Ring conformation
1			1C4		3d6(0.140679)		5d2(1.040981)		1d4(1.296913)	
../../pdbs//4wze.pdb 2.C
Timestep	Standard Nomenclature	Ring conformation
1			4C1		6d3(0.545779)		4d1(1.280165)		2d5(2.202965)	
../../pdbs//2j1u.pdb 3.C
Timestep	Standard Nomenclature	Ring conformation
1			1C4		1d4(0.662754)		5d2(2.846906)		3d6(3.814859)	
../../pdbs//2j1u.pdb 2.C
Timestep	Standard Nomenclature	Ring conformation
1			4C1		6d3(1.621639)		2d5(2.513177)		4d1(3.871691)	
../../pdbs//5ele.pdb 3.K
Timestep	Standard Nomenclature	Ring conformation
1			1C4		5d2(1.075128)		1d4(2.706037)		3d6(3.400770)	
../../pdbs//5ele.pdb 2.K
Timestep	Standard Nomenclature	Ring conformation
1			4C1		6d3(0.429294)		4d1(0.472398)		2d5(0.722533)	
../../pdbs//5ele.pdb 3.M
Timestep	Standard Nomenclature	Ring conformation
1			1C4		5d2(1.639553)		3d6(4.537436)		1d4(5.906976)	
../../pdbs//5ele.pdb 2.M
Timestep	Standard Nomenclature	Ring conformation
1			4C1		4d1(2.489445)		2d5(3.074320)		6d3(4.986346)	
../../pdbs//1led.pdb 3.B
Timestep	Standard Nomenclature	Ring conformation
1			1C4		5d2(2.200636)		1d4(4.811172)		3d6(7.222518)	
../../pdbs//1led.pdb 2.B
Timestep	Standard Nomenclature	Ring conformation
1			4C1		2d5(1.320087)		4d1(2.768538)		6d3(4.122922)	
../../pdbs//3sld.pdb 2.Q
Timestep	Standard Nomenclature	Ring conformation
1			1C4		3d6(0.057407)		5d2(6.653314)		1d4(6.718657)	
../../pdbs//3sld.pdb 1.Q
Timestep	Standard Nomenclature	Ring conformation
1			4C1		6d3(1.873380)		4d1(3.397512)		2d5(5.291518)	
../../pdbs//3sld.pdb 2.R
Timestep	Standard Nomenclature	Ring conformation
1			1C4		3d6(0.056260)		5d2(6.660300)		1d4(6.727499)	
../../pdbs//3sld.pdb 1.R
Timestep	Standard Nomenclature	Ring conformation
1			4C1		6d3(1.926460)		4d1(3.367080)		2d5(5.307078)	
../../pdbs//3sld.pdb 2.P
Timestep	Standard Nomenclature	Ring conformation
1			1C4		3d6(0.068339)		5d2(6.692383)		1d4(6.749857)	
../../pdbs//3sld.pdb 1.P
Timestep	Standard Nomenclature	Ring conformation
1			4C1		6d3(1.884282)		4d1(3.428115)		2d5(5.315629)	
../../pdbs//3sld.pdb 2.O
Timestep	Standard Nomenclature	Ring conformation
1			1C4		3d6(0.037971)		5d2(6.705692)		1d4(6.734537)	
../../pdbs//3sld.pdb 1.O
Timestep	Standard Nomenclature	Ring conformation
1			4C1		6d3(1.688200)		4d1(3.724959)		2d5(5.408961)	
../../pdbs//3sld.pdb 2.M
Timestep	Standard Nomenclature	Ring conformation
1			1C4		3d6(0.063453)		1d4(6.701137)		5d2(6.748516)	
../../pdbs//3sld.pdb 1.M
Timestep	Standard Nomenclature	Ring conformation
1			4C1		6d3(1.577852)		4d1(3.819759)		2d5(5.383770)	
../../pdbs//3sld.pdb 2.K
Timestep	Standard Nomenclature	Ring conformation
1			1C4		3d6(0.049495)		1d4(6.709813)		5d2(6.747391)	
../../pdbs//3sld.pdb 1.K
Timestep	Standard Nomenclature	Ring conformation
1			4C1		6d3(1.527998)		4d1(3.891960)		2d5(5.430097)	
../../pdbs//3sld.pdb 2.L
Timestep	Standard Nomenclature	Ring conformation
1			1C4		3d6(0.058812)		1d4(6.710584)		5d2(6.778704)	
../../pdbs//3sld.pdb 1.L
Timestep	Standard Nomenclature	Ring conformation
1			4C1		6d3(1.608535)		4d1(3.830357)		2d5(5.432812)	
../../pdbs//3sld.pdb 2.N
Timestep	Standard Nomenclature	Ring conformation
1			1C4		3d6(0.044546)		5d2(6.685590)		1d4(6.721840)	
../../pdbs//3sld.pdb 1.N
Timestep	Standard Nomenclature	Ring conformation
1			4C1		6d3(1.923150)		4d1(3.424642)		2d5(5.340796)	
../../pdbs//1s3k.pdb 3.A
Timestep	Standard Nomenclature	Ring conformation
1			1C4		1d4(0.093526)		5d2(0.439688)		3d6(0.752959)	
../../pdbs//1s3k.pdb 2.A
Timestep	Standard Nomenclature	Ring conformation
1			4C1		6d3(0.002590)		2d5(0.281142)		4d1(0.353333)	
../../pdbs//4opo.pdb 3.D
Timestep	Standard Nomenclature	Ring conformation
1			1C4		1d4(0.196081)		5d2(1.565712)		3d6(1.935525)	
../../pdbs//4opo.pdb 2.D
Timestep	Standard Nomenclature	Ring conformation
1			4C1		6d3(0.889411)		2d5(1.774589)		4d1(2.451800)	
../../pdbs//4opo.pdb 3.C
Timestep	Standard Nomenclature	Ring conformation
1			1C4		1d4(0.625048)		3d6(1.442811)		5d2(1.883187)	
../../pdbs//4opo.pdb 2.C
Timestep	Standard Nomenclature	Ring conformation
1			4C1		4d1(0.099062)		6d3(1.402602)		2d5(1.795909)	
../../pdbs//3sln.pdb 5.Q
Timestep	Standard Nomenclature	Ring conformation
1			1C4		3d6(0.016587)		5d2(6.737508)		1d4(6.755264)	
../../pdbs//3sln.pdb 4.Q
Timestep	Standard Nomenclature	Ring conformation
1			4C1		6d3(1.564946)		4d1(5.294788)		2d5(6.769341)	
../../pdbs//3sln.pdb 5.M
Timestep	Standard Nomenclature	Ring conformation
1			1C4		5d2(1.353984)		1d4(4.719283)		3d6(6.166236)	
../../pdbs//3sln.pdb 4.M
Timestep	Standard Nomenclature	Ring conformation
1			-		6d3(7.266007)		t15(7.920846)		26t(8.216703)		4d1(8.470312)	
../../pdbs//3sln.pdb 5.P
Timestep	Standard Nomenclature	Ring conformation
1			1C4		3d6(0.028168)		5d2(6.692728)		1d4(6.728820)	
../../pdbs//3sln.pdb 4.P
Timestep	Standard Nomenclature	Ring conformation
1			4C1		6d3(1.583574)		4d1(5.263306)		2d5(6.749760)	
../../pdbs//3sln.pdb 5.R
Timestep	Standard Nomenclature	Ring conformation
1			1C4		3d6(0.003926)		1d4(6.698877)		5d2(6.703342)	
../../pdbs//3sln.pdb 4.R
Timestep	Standard Nomenclature	Ring conformation
1			4C1		6d3(1.628165)		4d1(5.241868)		2d5(6.786989)	
../../pdbs//3sln.pdb 5.L
Timestep	Standard Nomenclature	Ring conformation
1			1C4		3d6(0.053371)		1d4(6.658886)		5d2(6.723672)	
../../pdbs//3sln.pdb 4.L
Timestep	Standard Nomenclature	Ring conformation
1			-		46t(7.524762)		t15(7.646666)		2d5(9.103157)		6d3(9.661326)	
../../pdbs//3sln.pdb 5.K
Timestep	Standard Nomenclature	Ring conformation
1			1C4		3d6(0.302565)		5d2(6.531023)		1d4(6.707708)	
../../pdbs//3sln.pdb 4.K
Timestep	Standard Nomenclature	Ring conformation
1			-		46t(4.204014)		t15(6.104856)	
../../pdbs//3sln.pdb 5.O
Timestep	Standard Nomenclature	Ring conformation
1			1C4		3d6(0.021304)		5d2(6.677525)		1d4(6.695336)	
../../pdbs//3sln.pdb 4.O
Timestep	Standard Nomenclature	Ring conformation
1			4C1		6d3(1.626263)		4d1(5.234598)		2d5(6.759451)	
../../pdbs//3sln.pdb 5.N
Timestep	Standard Nomenclature	Ring conformation
1			1C4		3d6(0.294536)		5d2(6.527074)		1d4(6.710665)	
../../pdbs//3sln.pdb 4.N
Timestep	Standard Nomenclature	Ring conformation
1			-		46t(4.218394)		t15(6.137113)	
../../pdbs//4d6h.pdb 3.B
Timestep	Standard Nomenclature	Ring conformation
1			1C4		5d2(0.701620)		1d4(0.998526)		3d6(1.394836)	
../../pdbs//4d6h.pdb 2.B
Timestep	Standard Nomenclature	Ring conformation
1			-		4d1(3.153808)		t35(5.380049)		46t(9.563559)	
../../pdbs//5d62.pdb 2.B
Timestep	Standard Nomenclature	Ring conformation
1			1C4		1d4(2.298547)		5d2(3.897820)		3d6(6.003462)	
../../pdbs//5d62.pdb 1.B
Timestep	Standard Nomenclature	Ring conformation
1			4C1		4d1(2.748584)		6d3(3.207330)		2d5(6.136274)	
../../pdbs//2zl6.pdb 5.C
Timestep	Standard Nomenclature	Ring conformation
1			1C4		1d4(0.400700)		5d2(2.703981)		3d6(2.954743)	
../../pdbs//2zl6.pdb 4.C
Timestep	Standard Nomenclature	Ring conformation
1			4C1		6d3(0.871504)		2d5(2.483753)		4d1(3.270598)	
../../pdbs//4d6i.pdb 3.B
Timestep	Standard Nomenclature	Ring conformation
1			1C4		1d4(0.616398)		5d2(1.056241)		3d6(1.602862)	
../../pdbs//4d6i.pdb 2.B
Timestep	Standard Nomenclature	Ring conformation
1			-		4d1(4.979923)		2d5(7.053442)		t35(7.913382)		46t(9.302706)	
../../pdbs//7vs8.pdb 3.C
Timestep	Standard Nomenclature	Ring conformation
1			1C4		5d2(1.081536)		1d4(1.100348)		3d6(2.321043)	
../../pdbs//7vs8.pdb 2.C
Timestep	Standard Nomenclature	Ring conformation
1			4C1		4d1(0.075049)		6d3(0.429930)		2d5(0.521900)	
../../pdbs//7vs8.pdb 3.D
Timestep	Standard Nomenclature	Ring conformation
1			1C4		1d4(0.256806)		5d2(1.768668)		3d6(2.143725)	
../../pdbs//7vs8.pdb 2.D
Timestep	Standard Nomenclature	Ring conformation
1			4C1		2d5(0.245335)		4d1(0.434364)		6d3(0.769925)	
../../pdbs//2obt.pdb 2.B
Timestep	Standard Nomenclature	Ring conformation
1			1C4		3d6(1.852054)		5d2(1.920773)		1d4(3.744816)	
../../pdbs//2obt.pdb 1.B
Timestep	Standard Nomenclature	Ring conformation
1			4C1		6d3(0.326645)		4d1(3.146856)		2d5(3.288778)	
../../pdbs//3zwe.pdb 3.E
Timestep	Standard Nomenclature	Ring conformation
1			1C4		1d4(0.553212)		3d6(0.709281)		5d2(1.093281)	
../../pdbs//3zwe.pdb 2.E
Timestep	Standard Nomenclature	Ring conformation
1			4C1		6d3(3.281540)		2d5(4.763111)		4d1(8.130303)	
../../pdbs//3zwe.pdb 2.D
Timestep	Standard Nomenclature	Ring conformation
1			1C4		5d2(0.021547)		1d4(6.351785)		3d6(6.352242)	
../../pdbs//3zwe.pdb 1.D
Timestep	Standard Nomenclature	Ring conformation
1			4C1		6d3(0.353740)		4d1(7.989403)		2d5(8.619141)	
../../pdbs//3zwe.pdb 3.F
Timestep	Standard Nomenclature	Ring conformation
1			1C4		5d2(1.613104)		1d4(3.292575)		3d6(4.847231)	
../../pdbs//3zwe.pdb 2.F
Timestep	Standard Nomenclature	Ring conformation
1			4C1		2d5(2.053921)		6d3(3.184594)		4d1(5.431226)	
../../pdbs//1qot.pdb 2.E
Timestep	Standard Nomenclature	Ring conformation
1			1C4		1d4(0.048518)		3d6(2.544081)		5d2(2.832302)	
../../pdbs//1qot.pdb 1.E
Timestep	Standard Nomenclature	Ring conformation
1			4C1		2d5(1.177713)		4d1(3.660646)		6d3(4.865953)	
../../pdbs//1qot.pdb 3.G
Timestep	Standard Nomenclature	Ring conformation
1			1C4		3d6(0.132774)		1d4(1.019579)		5d2(1.386962)	
../../pdbs//1qot.pdb 2.G
Timestep	Standard Nomenclature	Ring conformation
1			4C1		2d5(1.640423)		4d1(2.587742)		6d3(4.337578)	
../../pdbs//1qot.pdb 2.F
Timestep	Standard Nomenclature	Ring conformation
1			1C4		3d6(0.086424)		1d4(0.988330)		5d2(1.285895)	
../../pdbs//1qot.pdb 1.F
Timestep	Standard Nomenclature	Ring conformation
1			4C1		2d5(0.858597)		4d1(2.756228)		6d3(3.763548)	
../../pdbs//1qot.pdb 2.H
Timestep	Standard Nomenclature	Ring conformation
1			1C4		3d6(0.044473)		1d4(1.018888)		5d2(1.228615)	
../../pdbs//1qot.pdb 1.H
Timestep	Standard Nomenclature	Ring conformation
1			4C1		2d5(1.477179)		4d1(2.596672)		6d3(4.249700)	
../../pdbs//7jhz.pdb 4.E
Timestep	Standard Nomenclature	Ring conformation
1			1C4		1d4(1.811085)		5d2(4.219384)		3d6(6.617048)	
../../pdbs//7jhz.pdb 3.E
Timestep	Standard Nomenclature	Ring conformation
1			4C1		6d3(1.003254)		2d5(1.344833)		4d1(2.009630)	
../../pdbs//7jhz.pdb 5.F
Timestep	Standard Nomenclature	Ring conformation
1			1C4		5d2(4.062959)		3d6(5.393933)		1d4(9.257216)	
../../pdbs//7jhz.pdb 4.F
Timestep	Standard Nomenclature	Ring conformation
1			4C1		4d1(0.193549)		2d5(0.808062)		6d3(0.833948)	
../../pdbs//3wg4.pdb 3.C
Timestep	Standard Nomenclature	Ring conformation
1			1C4		1d4(0.563682)		3d6(2.707845)		5d2(3.441893)	
../../pdbs//3wg4.pdb 2.C
Timestep	Standard Nomenclature	Ring conformation
1			4C1		6d3(0.800521)		4d1(3.791695)		2d5(4.549454)	
../../pdbs//3wg4.pdb 3.D
Timestep	Standard Nomenclature	Ring conformation
1			1C4		5d2(0.011669)		3d6(0.275155)		1d4(0.363854)	
../../pdbs//3wg4.pdb 2.D
Timestep	Standard Nomenclature	Ring conformation
1			4C1		6d3(0.128081)		2d5(4.346985)		4d1(4.598436)	
../../pdbs//5elf.pdb 3.P
Timestep	Standard Nomenclature	Ring conformation
1			1C4		5d2(4.059933)		1d4(4.149895)		3d6(7.870517)	
../../pdbs//5elf.pdb 2.P
Timestep	Standard Nomenclature	Ring conformation
1			4C1		2d5(0.423757)		4d1(2.420923)		6d3(2.699249)	
../../pdbs//5elf.pdb 3.M
Timestep	Standard Nomenclature	Ring conformation
1			1C4		3d6(1.743547)		5d2(4.136646)		1d4(5.902103)	
../../pdbs//5elf.pdb 2.M
Timestep	Standard Nomenclature	Ring conformation
1			4C1		2d5(0.569080)		4d1(4.874781)		6d3(5.447931)	
../../pdbs//5elf.pdb 3.N
Timestep	Standard Nomenclature	Ring conformation
1			1C4		5d2(1.882842)		1d4(2.812344)		3d6(4.958235)	
../../pdbs//5elf.pdb 2.N
Timestep	Standard Nomenclature	Ring conformation
1			4C1		2d5(2.966795)		6d3(3.466837)		4d1(6.055954)	
../../pdbs//5elf.pdb 3.K
Timestep	Standard Nomenclature	Ring conformation
1			1C4		1d4(0.181199)		3d6(5.528689)		5d2(5.810423)	
../../pdbs//5elf.pdb 2.K
Timestep	Standard Nomenclature	Ring conformation
1			4C1		2d5(0.892816)		6d3(4.223382)		4d1(4.732641)	
../../pdbs//6k2o.pdb 4.B
Timestep	Standard Nomenclature	Ring conformation
1			1C4		3d6(0.385388)		5d2(2.914683)		1d4(3.667026)	
../../pdbs//6k2o.pdb 3.B
Timestep	Standard Nomenclature	Ring conformation
1			4C1		4d1(0.577426)		2d5(4.103720)		6d3(4.189353)	
../../pdbs//1zj3.pdb 3.B
Timestep	Standard Nomenclature	Ring conformation
1			1C4		3d6(0.380043)		5d2(2.071562)		1d4(2.472521)	
../../pdbs//1zj3.pdb 2.B
Timestep	Standard Nomenclature	Ring conformation
1			4C1		4d1(0.848793)		6d3(2.500627)		2d5(3.228656)	
../../pdbs//3p5g.pdb 2.E
Timestep	Standard Nomenclature	Ring conformation
1			1C4		1d4(0.540151)		3d6(1.060392)		5d2(1.741783)	
../../pdbs//3p5g.pdb 1.E
Timestep	Standard Nomenclature	Ring conformation
1			4C1		6d3(2.048748)		4d1(3.358582)		2d5(5.405461)	
../../pdbs//5f7n.pdb 3.E
Timestep	Standard Nomenclature	Ring conformation
1			1C4		5d2(1.069880)		3d6(2.319334)		1d4(3.295071)	
../../pdbs//5f7n.pdb 2.E
Timestep	Standard Nomenclature	Ring conformation
1			4C1		2d5(0.560963)		4d1(7.824887)		6d3(8.411086)	
../../pdbs//5f7n.pdb 5.E
Timestep	Standard Nomenclature	Ring conformation
1			1C4		5d2(3.253441)		3d6(4.797111)		1d4(8.267168)	
../../pdbs//5f7n.pdb 2.E
Timestep	Standard Nomenclature	Ring conformation
1			4C1		2d5(0.560963)		4d1(7.824887)		6d3(8.411086)	
../../pdbs//5f7n.pdb 3.F
Timestep	Standard Nomenclature	Ring conformation
1			1C4		3d6(2.219778)		5d2(4.266052)		1d4(6.365862)	
../../pdbs//5f7n.pdb 2.F
Timestep	Standard Nomenclature	Ring conformation
1			4C1		4d1(0.076706)		6d3(2.059787)		2d5(2.066478)	
../../pdbs//5f7n.pdb 5.F
Timestep	Standard Nomenclature	Ring conformation
1			1C4		1d4(0.733636)		3d6(1.538534)		5d2(2.327872)	
../../pdbs//5f7n.pdb 2.F
Timestep	Standard Nomenclature	Ring conformation
1			4C1		4d1(0.076706)		6d3(2.059787)		2d5(2.066478)	
../../pdbs//6h72.pdb 3.E
Timestep	Standard Nomenclature	Ring conformation
1			1C4		1d4(0.559205)		3d6(0.793234)		5d2(1.501752)	
../../pdbs//6h72.pdb 2.E
Timestep	Standard Nomenclature	Ring conformation
1			4C1		2d5(0.335787)		6d3(1.596793)		4d1(1.952717)	
../../pdbs//6h72.pdb 3.F
Timestep	Standard Nomenclature	Ring conformation
1			1C4		1d4(0.904766)		3d6(1.304776)		5d2(2.385555)	
../../pdbs//6h72.pdb 2.F
Timestep	Standard Nomenclature	Ring conformation
1			4C1		4d1(0.626204)		6d3(0.918844)		2d5(1.507845)	
../../pdbs//3lek.pdb 3.B
Timestep	Standard Nomenclature	Ring conformation
1			1C4		1d4(1.765909)		5d2(4.185836)		3d6(5.633661)	
../../pdbs//3lek.pdb 2.B
Timestep	Standard Nomenclature	Ring conformation
1			4C1		2d5(0.819098)		4d1(3.977699)		6d3(4.650295)	
../../pdbs//2j1t.pdb 3.C
Timestep	Standard Nomenclature	Ring conformation
1			1C4		1d4(0.943259)		3d6(3.414271)		5d2(4.036731)	
../../pdbs//2j1t.pdb 2.C
Timestep	Standard Nomenclature	Ring conformation
1			4C1		4d1(1.506225)		6d3(1.518293)		2d5(3.159487)	
../../pdbs//2o2l.pdb 3.B
Timestep	Standard Nomenclature	Ring conformation
1			1C4		1d4(1.939994)		3d6(3.367179)		5d2(5.466711)	
../../pdbs//2o2l.pdb 2.B
Timestep	Standard Nomenclature	Ring conformation
1			4C1		6d3(1.080760)		4d1(3.699116)		2d5(4.829884)	
../../pdbs//2o2l.pdb 3.P
Timestep	Standard Nomenclature	Ring conformation
1			1C4		1d4(0.906960)		3d6(2.889962)		5d2(3.878772)	
../../pdbs//2o2l.pdb 2.P
Timestep	Standard Nomenclature	Ring conformation
1			4C1		6d3(1.278179)		4d1(4.527070)		2d5(5.803828)	
../../pdbs//2o2l.pdb 3.T
Timestep	Standard Nomenclature	Ring conformation
1			1C4		5d2(2.062520)		1d4(2.153640)		3d6(4.306532)	
../../pdbs//2o2l.pdb 2.T
Timestep	Standard Nomenclature	Ring conformation
1			4C1		4d1(2.471938)		6d3(3.419333)		2d5(5.919798)	
../../pdbs//2o2l.pdb 3.S
Timestep	Standard Nomenclature	Ring conformation
1			1C4		1d4(1.461893)		3d6(4.664228)		5d2(6.138743)	
../../pdbs//2o2l.pdb 2.S
Timestep	Standard Nomenclature	Ring conformation
1			4C1		2d5(0.183916)		6d3(1.653534)		4d1(2.143933)	
../../pdbs//2o2l.pdb 3.R
Timestep	Standard Nomenclature	Ring conformation
1			1C4		5d2(1.050786)		1d4(4.184321)		3d6(5.154074)	
../../pdbs//2o2l.pdb 2.R
Timestep	Standard Nomenclature	Ring conformation
1			4C1		6d3(1.668930)		2d5(2.918906)		4d1(4.320195)	
../../pdbs//2o2l.pdb 3.C
Timestep	Standard Nomenclature	Ring conformation
1			1C4		1d4(0.807991)		3d6(3.658706)		5d2(4.627267)	
../../pdbs//2o2l.pdb 2.C
Timestep	Standard Nomenclature	Ring conformation
1			4C1		2d5(0.370811)		6d3(1.992888)		4d1(2.385888)	
../../pdbs//2o2l.pdb 3.Q
Timestep	Standard Nomenclature	Ring conformation
1			1C4		1d4(0.425000)		3d6(4.106617)		5d2(4.691304)	
../../pdbs//2o2l.pdb 2.Q
Timestep	Standard Nomenclature	Ring conformation
1			4C1		6d3(0.259508)		2d5(7.838496)		4d1(8.002065)	
../../pdbs//2o2l.pdb 3.O
Timestep	Standard Nomenclature	Ring conformation
1			1C4		5d2(0.678524)		1d4(1.908709)		3d6(2.320339)	
../../pdbs//2o2l.pdb 2.O
Timestep	Standard Nomenclature	Ring conformation
1			4C1		6d3(0.214427)		2d5(0.421809)		4d1(0.517580)	
../../pdbs//2o2l.pdb 3.N
Timestep	Standard Nomenclature	Ring conformation
1			1C4		1d4(1.187312)		3d6(2.542209)		5d2(3.840777)	
../../pdbs//2o2l.pdb 2.N
Timestep	Standard Nomenclature	Ring conformation
1			4C1		6d3(0.389809)		2d5(4.842175)		4d1(5.223828)	
../../pdbs//2o2l.pdb 3.A
Timestep	Standard Nomenclature	Ring conformation
1			1C4		1d4(3.593501)		5d2(4.067923)		3d6(7.310550)	
../../pdbs//2o2l.pdb 2.A
Timestep	Standard Nomenclature	Ring conformation
1			4C1		6d3(0.376521)		4d1(5.523458)		2d5(5.963575)	
../../pdbs//4d6f.pdb 3.B
Timestep	Standard Nomenclature	Ring conformation
1			1C4		5d2(0.052291)		1d4(0.089001)		3d6(0.208786)	
../../pdbs//4d6f.pdb 2.B
Timestep	Standard Nomenclature	Ring conformation
1			-		4d1(4.282751)		t35(5.205890)		46t(8.138715)		2d5(8.980185)	
../../pdbs//7yqg.pdb 2.C
Timestep	Standard Nomenclature	Ring conformation
1			1C4		3d6(0.341275)		1d4(1.005556)		5d2(1.429632)	
../../pdbs//7yqg.pdb 1.C
Timestep	Standard Nomenclature	Ring conformation
1			4C1		4d1(0.320600)		6d3(2.913616)		2d5(3.825155)	
../../pdbs//7yqg.pdb 2.H
Timestep	Standard Nomenclature	Ring conformation
1			1C4		5d2(1.232706)		1d4(1.831211)		3d6(2.527352)	
../../pdbs//7yqg.pdb 1.H
Timestep	Standard Nomenclature	Ring conformation
1			4C1		6d3(0.168953)		4d1(1.284197)		2d5(1.907846)	
../../pdbs//5eld.pdb 3.I
Timestep	Standard Nomenclature	Ring conformation
1			1C4		3d6(1.203651)		5d2(3.036764)		1d4(3.576670)	
../../pdbs//5eld.pdb 2.I
Timestep	Standard Nomenclature	Ring conformation
1			4C1		4d1(0.301840)		6d3(0.699939)		2d5(1.542075)	
../../pdbs//5xfd.pdb 3.C
Timestep	Standard Nomenclature	Ring conformation
1			1C4		1d4(0.676372)		3d6(1.093538)		5d2(1.658449)	
../../pdbs//5xfd.pdb 2.C
Timestep	Standard Nomenclature	Ring conformation
1			4C1		6d3(0.335056)		4d1(2.516479)		2d5(3.575466)	
../../pdbs//5xfd.pdb 3.D
Timestep	Standard Nomenclature	Ring conformation
1			1C4		1d4(0.111608)		3d6(1.570155)		5d2(2.464144)	
../../pdbs//5xfd.pdb 2.D
Timestep	Standard Nomenclature	Ring conformation
1			4C1		6d3(1.252077)		4d1(3.677914)		2d5(5.438078)	
../../pdbs//4d71.pdb 3.B
Timestep	Standard Nomenclature	Ring conformation
1			1C4		3d6(0.016278)		5d2(0.700027)		1d4(0.726656)	
../../pdbs//4d71.pdb 2.B
Timestep	Standard Nomenclature	Ring conformation
1			-		4d1(4.711858)		t35(7.348032)		2d5(9.190958)		46t(9.863227)	
../../pdbs//3wg3.pdb 3.C
Timestep	Standard Nomenclature	Ring conformation
1			1C4		1d4(0.165487)		5d2(0.647519)		3d6(0.806984)	
../../pdbs//3wg3.pdb 2.C
Timestep	Standard Nomenclature	Ring conformation
1			4C1		6d3(0.081668)		4d1(4.500791)		2d5(4.706557)	
../../pdbs//3wg3.pdb 3.D
Timestep	Standard Nomenclature	Ring conformation
1			1C4		1d4(0.004466)		5d2(0.389510)		3d6(0.488583)	
../../pdbs//3wg3.pdb 2.D
Timestep	Standard Nomenclature	Ring conformation
1			4C1		6d3(0.149027)		2d5(4.080317)		4d1(4.224925)	
../../pdbs//4d6j.pdb 3.B
Timestep	Standard Nomenclature	Ring conformation
1			1C4		3d6(0.454939)		1d4(0.720948)		5d2(1.138264)	
../../pdbs//4d6j.pdb 2.B
Timestep	Standard Nomenclature	Ring conformation
1			-		4d1(4.797342)		2d5(6.691852)	
../../pdbs//3leg.pdb 3.B
Timestep	Standard Nomenclature	Ring conformation
1			1C4		1d4(1.277419)		5d2(3.769005)		3d6(5.135891)	
../../pdbs//3leg.pdb 2.B
Timestep	Standard Nomenclature	Ring conformation
1			-		2d5(1.016827)		6d3(9.128856)	
../../pdbs//6oai.pdb 5.E
Timestep	Standard Nomenclature	Ring conformation
1			1C4		5d2(3.229314)		3d6(6.030280)		1d4(9.244049)	
../../pdbs//6oai.pdb 4.E
Timestep	Standard Nomenclature	Ring conformation
1			-		6d3(4.030443)		4d1(9.136831)		24t(9.730620)	
../../pdbs//7l61.pdb 3.B
Timestep	Standard Nomenclature	Ring conformation
1			1C4		3d6(1.050739)		5d2(3.682481)		1d4(4.816667)	
../../pdbs//7l61.pdb 2.B
Timestep	Standard Nomenclature	Ring conformation
1			4C1		2d5(1.323203)		6d3(2.135349)		4d1(2.887765)	
../../pdbs//3asp.pdb 3.C
Timestep	Standard Nomenclature	Ring conformation
1			1C4		3d6(0.082484)		1d4(2.758583)		5d2(2.785754)	
../../pdbs//3asp.pdb 2.C
Timestep	Standard Nomenclature	Ring conformation
1			4C1		2d5(2.698763)		6d3(3.179687)		4d1(5.967838)	
../../pdbs//3asp.pdb 3.D
Timestep	Standard Nomenclature	Ring conformation
1			1C4		3d6(0.682498)		5d2(2.958685)		1d4(3.662447)	
../../pdbs//3asp.pdb 2.D
Timestep	Standard Nomenclature	Ring conformation
1			4C1		2d5(0.034755)		6d3(7.020135)		4d1(7.201240)	
../../pdbs//2j7m.pdb 3.B
Timestep	Standard Nomenclature	Ring conformation
1			1C4		5d2(1.453154)		3d6(3.773895)		1d4(4.796245)	
../../pdbs//2j7m.pdb 2.B
Timestep	Standard Nomenclature	Ring conformation
1			4C1		4d1(1.502254)		2d5(6.564367)		6d3(7.860531)	
../../pdbs//4gwj.pdb 3.B
Timestep	Standard Nomenclature	Ring conformation
1			1C4		5d2(0.059792)		1d4(6.211921)		3d6(6.981277)	
../../pdbs//4gwj.pdb 2.B
Timestep	Standard Nomenclature	Ring conformation
1			4C1		4d1(0.831948)		2d5(1.932255)		6d3(2.972458)	
../../pdbs//2bs5.pdb 3.C
Timestep	Standard Nomenclature	Ring conformation
1			1C4		1d4(0.094833)		3d6(0.697869)		5d2(0.764810)	
../../pdbs//2bs5.pdb 2.C
Timestep	Standard Nomenclature	Ring conformation
1			-		2d5(2.336442)		6d3(9.404534)	
../../pdbs//2bs5.pdb 3.B
Timestep	Standard Nomenclature	Ring conformation
1			1C4		1d4(1.503704)		3d6(3.784304)		5d2(5.472322)	
../../pdbs//2bs5.pdb 2.B
Timestep	Standard Nomenclature	Ring conformation
1			4C1		2d5(1.202433)		4d1(4.816215)		6d3(6.116675)	
../../pdbs//6orh.pdb 3.D
Timestep	Standard Nomenclature	Ring conformation
1			1C4		1d4(0.717730)		5d2(0.746265)		3d6(1.527845)	
../../pdbs//6orh.pdb 2.D
Timestep	Standard Nomenclature	Ring conformation
1			-		2d5(4.755504)		6d3(5.606587)	
../../pdbs//6orh.pdb 3.C
Timestep	Standard Nomenclature	Ring conformation
1			1C4		5d2(0.509171)		1d4(0.987736)		3d6(1.519305)	
../../pdbs//6orh.pdb 2.C
Timestep	Standard Nomenclature	Ring conformation
1			-		2d5(5.387206)		6d3(5.687745)	
../../pdbs//3pun.pdb 3.C
Timestep	Standard Nomenclature	Ring conformation
1			1C4		1d4(0.494287)		3d6(2.273964)		5d2(2.843488)	
../../pdbs//3pun.pdb 2.C
Timestep	Standard Nomenclature	Ring conformation
1			4C1		4d1(0.218120)		2d5(2.105312)		6d3(2.205561)	
../../pdbs//3pun.pdb 3.D
Timestep	Standard Nomenclature	Ring conformation
1			1C4		3d6(0.232522)		1d4(2.649253)		5d2(2.728237)	
../../pdbs//3pun.pdb 2.D
Timestep	Standard Nomenclature	Ring conformation
1			4C1		6d3(1.901631)		4d1(5.004931)		2d5(7.022502)	
../../pdbs//2wmi.pdb 2.D
Timestep	Standard Nomenclature	Ring conformation
1			1C4		5d2(0.524196)		3d6(0.851957)		1d4(1.614603)	
../../pdbs//2wmi.pdb 1.D
Timestep	Standard Nomenclature	Ring conformation
1			-		2d5(4.520336)		6d3(5.963487)	
../../pdbs//2wmi.pdb 2.C
Timestep	Standard Nomenclature	Ring conformation
1			1C4		1d4(0.348881)		5d2(0.645073)		3d6(0.674359)	
../../pdbs//2wmi.pdb 1.C
Timestep	Standard Nomenclature	Ring conformation
1			-		2d5(5.858283)		6d3(7.334946)	
../../pdbs//5d61.pdb 2.B
Timestep	Standard Nomenclature	Ring conformation
1			1C4		1d4(1.089423)		5d2(3.040724)		3d6(4.045358)	
../../pdbs//5d61.pdb 1.B
Timestep	Standard Nomenclature	Ring conformation
1			4C1		4d1(1.561435)		6d3(2.802517)		2d5(4.845584)	
../../pdbs//1gz9.pdb 3.B
Timestep	Standard Nomenclature	Ring conformation
1			1C4		5d2(2.399357)		1d4(5.386023)		3d6(8.190028)	
../../pdbs//1gz9.pdb 2.B
Timestep	Standard Nomenclature	Ring conformation
1			4C1		4d1(0.127930)		6d3(0.722337)		2d5(0.923362)	
../../pdbs//7khu.pdb 5.E
Timestep	Standard Nomenclature	Ring conformation
1			1C4		1d4(1.555020)		5d2(2.109891)		3d6(2.797122)	
../../pdbs//7khu.pdb 4.E
Timestep	Standard Nomenclature	Ring conformation
1			4C1		6d3(0.504609)		4d1(1.821840)		2d5(2.557709)	
../../pdbs//7khu.pdb 5.C
Timestep	Standard Nomenclature	Ring conformation
1			1C4		5d2(0.688707)		1d4(2.073923)		3d6(2.241669)	
../../pdbs//7khu.pdb 4.C
Timestep	Standard Nomenclature	Ring conformation
1			-		6d3(0.940024)		4d1(8.020992)	
../../pdbs//3d26.pdb 2.D
Timestep	Standard Nomenclature	Ring conformation
1			1C4		1d4(0.724026)		3d6(4.102443)		5d2(4.915906)	
../../pdbs//3d26.pdb 1.D
Timestep	Standard Nomenclature	Ring conformation
1			4C1		2d5(3.455152)		6d3(5.840982)		4d1(9.358090)	
../../pdbs//6h70.pdb 3.F
Timestep	Standard Nomenclature	Ring conformation
1			1C4		1d4(1.024817)		3d6(2.282339)		5d2(3.413165)	
../../pdbs//6h70.pdb 2.F
Timestep	Standard Nomenclature	Ring conformation
1			4C1		2d5(1.567226)		6d3(1.648433)		4d1(3.272850)	
../../pdbs//6h70.pdb 3.E
Timestep	Standard Nomenclature	Ring conformation
1			1C4		1d4(0.111503)		5d2(3.343739)		3d6(3.374578)	
../../pdbs//6h70.pdb 2.E
Timestep	Standard Nomenclature	Ring conformation
1			4C1		2d5(0.079656)		6d3(1.458836)		4d1(1.655276)	
../../pdbs//4p1v.pdb 3.F
Timestep	Standard Nomenclature	Ring conformation
1			1C4		3d6(0.007197)		1d4(3.647313)		5d2(3.649896)	
../../pdbs//4p1v.pdb 2.F
Timestep	Standard Nomenclature	Ring conformation
1			4C1		6d3(0.029416)		2d5(3.647545)		4d1(3.679114)	
../../pdbs//4p1v.pdb 3.H
Timestep	Standard Nomenclature	Ring conformation
1			1C4		3d6(0.047327)		1d4(3.625642)		5d2(3.659605)	
../../pdbs//4p1v.pdb 2.H
Timestep	Standard Nomenclature	Ring conformation
1			4C1		6d3(0.038506)		2d5(3.651954)		4d1(3.692802)	
../../pdbs//4p1v.pdb 3.G
Timestep	Standard Nomenclature	Ring conformation
1			1C4		3d6(0.011302)		1d4(3.641309)		5d2(3.666089)	
../../pdbs//4p1v.pdb 2.G
Timestep	Standard Nomenclature	Ring conformation
1			4C1		6d3(0.070333)		2d5(3.615463)		4d1(3.699467)	
../../pdbs//4p1v.pdb 3.E
Timestep	Standard Nomenclature	Ring conformation
1			1C4		3d6(0.002165)		5d2(3.642650)		1d4(3.647447)	
../../pdbs//4p1v.pdb 2.E
Timestep	Standard Nomenclature	Ring conformation
1			4C1		6d3(0.077436)		2d5(3.608641)		4d1(3.674771)	
../../pdbs//2ygm.pdb 3.D
Timestep	Standard Nomenclature	Ring conformation
1			1C4		3d6(1.138545)		5d2(2.624395)		1d4(3.800550)	
../../pdbs//2ygm.pdb 2.D
Timestep	Standard Nomenclature	Ring conformation
1			4C1		2d5(3.299691)		6d3(5.327353)		4d1(8.708366)	
../../pdbs//2ygm.pdb 3.C
Timestep	Standard Nomenclature	Ring conformation
1			1C4		1d4(0.202175)		5d2(0.741443)		3d6(0.882887)	
../../pdbs//2ygm.pdb 2.C
Timestep	Standard Nomenclature	Ring conformation
1			-		6d3(0.881187)		2d5(9.626307)	
../../pdbs//5hzb.pdb 3.C
Timestep	Standard Nomenclature	Ring conformation
1			1C4		3d6(0.035186)		1d4(5.097022)		5d2(5.154560)	
../../pdbs//5hzb.pdb 2.C
Timestep	Standard Nomenclature	Ring conformation
1			4C1		6d3(0.031321)		2d5(5.117703)		4d1(5.133582)	
../../pdbs//5f9d.pdb 5.B
Timestep	Standard Nomenclature	Ring conformation
1			1C4		1d4(3.078614)		5d2(3.204184)		3d6(6.367785)	
../../pdbs//5f9d.pdb 4.B
Timestep	Standard Nomenclature	Ring conformation
1			4C1		6d3(3.008162)		2d5(4.307989)		4d1(7.289733)	
../../pdbs//5f9d.pdb 7.B
Timestep	Standard Nomenclature	Ring conformation
1			-		1d4(5.039357)		5d2(8.825300)		t26(9.534339)	
../../pdbs//5f9d.pdb 4.B
Timestep	Standard Nomenclature	Ring conformation
1			4C1		6d3(3.008162)		2d5(4.307989)		4d1(7.289733)	
../../pdbs//1ulf.pdb 3.C
Timestep	Standard Nomenclature	Ring conformation
1			1C4		3d6(0.285305)		1d4(0.308411)		5d2(0.398352)	
../../pdbs//1ulf.pdb 2.C
Timestep	Standard Nomenclature	Ring conformation
1			4C1		2d5(1.240297)		6d3(1.298115)		4d1(2.461177)	
../../pdbs//1ulf.pdb 3.D
Timestep	Standard Nomenclature	Ring conformation
1			1C4		3d6(1.629882)		1d4(2.450869)		5d2(4.292132)	
../../pdbs//1ulf.pdb 2.D
Timestep	Standard Nomenclature	Ring conformation
1			4C1		6d3(1.284994)		2d5(2.883258)		4d1(3.948048)	
../../pdbs//8d0w.pdb 3.C
Timestep	Standard Nomenclature	Ring conformation
1			1C4		1d4(0.410533)		5d2(1.938153)		3d6(1.952114)	
../../pdbs//8d0w.pdb 2.C
Timestep	Standard Nomenclature	Ring conformation
1			4C1		2d5(1.497489)		4d1(3.800682)		6d3(5.520117)	
../../pdbs//4b4r.pdb 5.D
Timestep	Standard Nomenclature	Ring conformation
1			1C4		3d6(0.921332)		5d2(2.520888)		1d4(3.350157)	
../../pdbs//4b4r.pdb 4.D
Timestep	Standard Nomenclature	Ring conformation
1			4C1		2d5(2.652598)		4d1(2.816215)		6d3(6.287850)	
../../pdbs//4b4r.pdb 5.C
Timestep	Standard Nomenclature	Ring conformation
1			1C4		5d2(1.008091)		3d6(2.475248)		1d4(3.476977)	
../../pdbs//4b4r.pdb 4.C
Timestep	Standard Nomenclature	Ring conformation
1			4C1		2d5(1.376739)		4d1(1.616700)		6d3(2.360745)	
../../pdbs//1clz.pdb 3.A
Timestep	Standard Nomenclature	Ring conformation
1			1C4		5d2(0.751506)		1d4(4.222281)		3d6(5.145863)	
../../pdbs//1clz.pdb 2.A
Timestep	Standard Nomenclature	Ring conformation
1			4C1		6d3(0.593024)		2d5(1.577326)		4d1(2.283151)	
../../pdbs//5vx5.pdb 5.B
Timestep	Standard Nomenclature	Ring conformation
1			1C4		1d4(0.523664)		5d2(0.587699)		3d6(1.198404)	
../../pdbs//5vx5.pdb 4.B
Timestep	Standard Nomenclature	Ring conformation
1			4C1		6d3(0.677761)		2d5(2.166858)		4d1(2.902209)	
../../pdbs//3pa1.pdb 2.C
Timestep	Standard Nomenclature	Ring conformation
1			1C4		3d6(1.279291)		1d4(3.228069)		5d2(4.679153)	
../../pdbs//3pa1.pdb 1.C
Timestep	Standard Nomenclature	Ring conformation
1			4C1		2d5(0.838793)		6d3(5.884465)		4d1(6.847618)	
../../pdbs//6zzw.pdb 4.F
Timestep	Standard Nomenclature	Ring conformation
1			1C4		3d6(0.998853)		5d2(3.831103)		1d4(4.674366)	
../../pdbs//6zzw.pdb 3.F
Timestep	Standard Nomenclature	Ring conformation
1			4C1		6d3(2.657905)		2d5(3.913634)		4d1(6.463874)	
../../pdbs//6zzw.pdb 5.E
Timestep	Standard Nomenclature	Ring conformation
1			1C4		5d2(0.202655)		1d4(2.747646)		3d6(3.201534)	
../../pdbs//6zzw.pdb 4.E
Timestep	Standard Nomenclature	Ring conformation
1			4C1		2d5(1.796601)		6d3(2.272196)		4d1(4.330798)	
../../pdbs//6zzw.pdb 5.D
Timestep	Standard Nomenclature	Ring conformation
1			1C4		1d4(0.188384)		5d2(2.088734)		3d6(2.297246)	
../../pdbs//6zzw.pdb 4.D
Timestep	Standard Nomenclature	Ring conformation
1			4C1		6d3(1.024568)		4d1(3.053849)		2d5(4.433858)	
../../pdbs//4zh7.pdb 4.B
Timestep	Standard Nomenclature	Ring conformation
1			1C4		3d6(0.672488)		5d2(0.853795)		1d4(1.256352)	
../../pdbs//4zh7.pdb 3.B
Timestep	Standard Nomenclature	Ring conformation
1			4C1		2d5(0.799786)		6d3(3.131269)		4d1(3.318917)	
../../pdbs//3ef2.pdb 2.H
Timestep	Standard Nomenclature	Ring conformation
1			1C4		5d2(0.392023)		1d4(3.594360)		3d6(4.019809)	
../../pdbs//3ef2.pdb 1.H
Timestep	Standard Nomenclature	Ring conformation
1			4C1		4d1(0.928472)		6d3(0.962637)		2d5(1.976410)	
../../pdbs//3ef2.pdb 2.F
Timestep	Standard Nomenclature	Ring conformation
1			1C4		3d6(1.209549)		5d2(1.602230)		1d4(2.966058)	
../../pdbs//3ef2.pdb 1.F
Timestep	Standard Nomenclature	Ring conformation
1			4C1		2d5(1.304463)		6d3(3.717609)		4d1(4.963686)	
../../pdbs//3ef2.pdb 2.K
Timestep	Standard Nomenclature	Ring conformation
1			1C4		5d2(0.074685)		1d4(4.490641)		3d6(4.580438)	
../../pdbs//3ef2.pdb 1.K
Timestep	Standard Nomenclature	Ring conformation
1			4C1		6d3(0.269743)		4d1(3.622411)		2d5(3.944296)	
../../pdbs//3ef2.pdb 2.L
Timestep	Standard Nomenclature	Ring conformation
1			1C4		5d2(0.753171)		1d4(2.591560)		3d6(3.159349)	
../../pdbs//3ef2.pdb 1.L
Timestep	Standard Nomenclature	Ring conformation
1			4C1		2d5(0.206850)		4d1(1.721766)		6d3(2.065880)	
../../pdbs//3ef2.pdb 2.E
Timestep	Standard Nomenclature	Ring conformation
1			1C4		5d2(0.514986)		1d4(3.833437)		3d6(4.352177)	
../../pdbs//3ef2.pdb 1.E
Timestep	Standard Nomenclature	Ring conformation
1			4C1		6d3(1.292389)		2d5(3.526843)		4d1(4.742843)	
../../pdbs//3ef2.pdb 2.I
Timestep	Standard Nomenclature	Ring conformation
1			1C4		5d2(0.687250)		3d6(3.101779)		1d4(3.948814)	
../../pdbs//3ef2.pdb 1.I
Timestep	Standard Nomenclature	Ring conformation
1			4C1		2d5(2.506765)		6d3(4.006421)		4d1(6.420329)	
../../pdbs//3ef2.pdb 2.N
Timestep	Standard Nomenclature	Ring conformation
1			1C4		5d2(0.213885)		1d4(4.418217)		3d6(4.584842)	
../../pdbs//3ef2.pdb 1.N
Timestep	Standard Nomenclature	Ring conformation
1			4C1		6d3(0.935129)		4d1(2.335429)		2d5(3.200084)	
../../pdbs//3ef2.pdb 2.O
Timestep	Standard Nomenclature	Ring conformation
1			1C4		5d2(0.457931)		1d4(1.433661)		3d6(1.768201)	
../../pdbs//3ef2.pdb 1.O
Timestep	Standard Nomenclature	Ring conformation
1			4C1		2d5(1.636021)		6d3(3.016534)		4d1(4.567490)	
../../pdbs//5mxg.pdb 3.C
Timestep	Standard Nomenclature	Ring conformation
1			1C4		1d4(1.482502)		5d2(3.090187)		3d6(4.730952)	
../../pdbs//5mxg.pdb 2.C
Timestep	Standard Nomenclature	Ring conformation
1			4C1		4d1(3.541794)		2d5(3.730569)		6d3(6.911135)	
../../pdbs//5mxg.pdb 3.B
Timestep	Standard Nomenclature	Ring conformation
1			1C4		1d4(1.009410)		5d2(4.739056)		3d6(5.342825)	
../../pdbs//5mxg.pdb 2.B
Timestep	Standard Nomenclature	Ring conformation
1			-		2d5(1.763149)		4d1(9.092121)	
../../pdbs//5mxg.pdb 3.D
Timestep	Standard Nomenclature	Ring conformation
1			1C4		5d2(1.034702)		1d4(9.019634)		3d6(9.841767)	
../../pdbs//5mxg.pdb 2.D
Timestep	Standard Nomenclature	Ring conformation
1			4C1		2d5(0.378886)		4d1(6.100443)		6d3(6.283376)	
../../pdbs//6hmy.pdb 5.P
Timestep	Standard Nomenclature	Ring conformation
1			1C4		3d6(1.435740)		5d2(1.893059)		1d4(3.287832)	
../../pdbs//6hmy.pdb 4.P
Timestep	Standard Nomenclature	Ring conformation
1			4C1		4d1(0.633323)		6d3(4.479958)		2d5(4.873365)	
../../pdbs//6hmy.pdb 5.S
Timestep	Standard Nomenclature	Ring conformation
1			-		3d6(4.600482)		5d2(6.216296)	
../../pdbs//6hmy.pdb 4.S
Timestep	Standard Nomenclature	Ring conformation
1			4C1		4d1(1.433400)		6d3(2.580351)		2d5(4.844462)	
../../pdbs//6hmy.pdb 5.O
Timestep	Standard Nomenclature	Ring conformation
1			1C4		5d2(0.224374)		3d6(4.765719)		1d4(4.837306)	
../../pdbs//6hmy.pdb 4.O
Timestep	Standard Nomenclature	Ring conformation
1			4C1		4d1(0.283841)		6d3(3.039120)		2d5(3.714019)	
../../pdbs//6hmy.pdb 5.K
Timestep	Standard Nomenclature	Ring conformation
1			1C4		3d6(2.196183)		1d4(2.584176)		5d2(4.958641)	
../../pdbs//6hmy.pdb 4.K
Timestep	Standard Nomenclature	Ring conformation
1			4C1		4d1(1.094025)		6d3(3.134141)		2d5(4.340617)	
../../pdbs//3ast.pdb 3.C
Timestep	Standard Nomenclature	Ring conformation
1			1C4		3d6(0.172212)		5d2(1.528871)		1d4(1.649101)	
../../pdbs//3ast.pdb 2.C
Timestep	Standard Nomenclature	Ring conformation
1			4C1		6d3(1.388786)		2d5(1.810035)		4d1(3.213931)	
../../pdbs//3ast.pdb 3.D
Timestep	Standard Nomenclature	Ring conformation
1			1C4		3d6(0.403176)		1d4(0.981764)		5d2(1.368678)	
../../pdbs//3ast.pdb 2.D
Timestep	Standard Nomenclature	Ring conformation
1			4C1		2d5(0.965372)		6d3(0.999362)		4d1(1.954472)	
../../pdbs//4ops.pdb 3.C
Timestep	Standard Nomenclature	Ring conformation
1			1C4		3d6(0.009983)		1d4(5.099376)		5d2(5.126833)	
../../pdbs//4ops.pdb 2.C
Timestep	Standard Nomenclature	Ring conformation
1			4C1		6d3(0.111929)		2d5(5.041988)		4d1(5.167913)	
../../pdbs//5uff.pdb 3.B
Timestep	Standard Nomenclature	Ring conformation
1			1C4		5d2(0.573133)		1d4(2.944093)		3d6(3.809110)	
../../pdbs//5uff.pdb 2.B
Timestep	Standard Nomenclature	Ring conformation
1			4C1		4d1(0.589703)		2d5(1.631392)		6d3(1.863716)	
../../pdbs//2wmk.pdb 3.C
Timestep	Standard Nomenclature	Ring conformation
1			1C4		1d4(1.412054)		5d2(2.207720)		3d6(3.621449)	
../../pdbs//2wmk.pdb 2.C
Timestep	Standard Nomenclature	Ring conformation
1			-		4d1(5.226219)		2d5(5.675463)	
../../pdbs//2wmk.pdb 3.D
Timestep	Standard Nomenclature	Ring conformation
1			1C4		1d4(1.773234)		5d2(1.944637)		3d6(3.443241)	
../../pdbs//2wmk.pdb 2.D
Timestep	Standard Nomenclature	Ring conformation
1			-		4d1(3.937399)		t35(6.627804)		2d5(9.264492)		46t(9.671659)	
../../pdbs//3zw2.pdb 2.E
Timestep	Standard Nomenclature	Ring conformation
1			1C4		5d2(1.661063)		3d6(1.718088)		1d4(3.290016)	
../../pdbs//3zw2.pdb 1.E
Timestep	Standard Nomenclature	Ring conformation
1			4C1		4d1(1.549735)		2d5(1.593558)		6d3(2.977847)	
../../pdbs//3zw2.pdb 3.I
Timestep	Standard Nomenclature	Ring conformation
1			1C4		1d4(0.833444)		5d2(1.864206)		3d6(2.215248)	
../../pdbs//3zw2.pdb 2.I
Timestep	Standard Nomenclature	Ring conformation
1			4C1		2d5(0.545669)		6d3(2.466953)		4d1(3.137887)	
../../pdbs//3zw2.pdb 3.G
Timestep	Standard Nomenclature	Ring conformation
1			1C4		5d2(0.260462)		3d6(0.535223)		1d4(0.700998)	
../../pdbs//3zw2.pdb 2.G
Timestep	Standard Nomenclature	Ring conformation
1			4C1		6d3(0.316712)		2d5(0.575676)		4d1(0.831313)	
../../pdbs//3zw2.pdb 3.D
Timestep	Standard Nomenclature	Ring conformation
1			1C4		5d2(0.307978)		1d4(1.885911)		3d6(2.617524)	
../../pdbs//3zw2.pdb 2.D
Timestep	Standard Nomenclature	Ring conformation
1			4C1		2d5(2.654879)		6d3(5.840982)		4d1(8.465857)	
../../pdbs//3zw2.pdb 4.H
Timestep	Standard Nomenclature	Ring conformation
1			1C4		5d2(0.409286)		1d4(1.476792)		3d6(1.719702)	
../../pdbs//3zw2.pdb 3.H
Timestep	Standard Nomenclature	Ring conformation
1			4C1		6d3(1.336410)		4d1(3.787785)		2d5(5.130949)	
../../pdbs//3zw2.pdb 3.F
Timestep	Standard Nomenclature	Ring conformation
1			1C4		1d4(1.690888)		5d2(1.800778)		3d6(3.019671)	
../../pdbs//3zw2.pdb 2.F
Timestep	Standard Nomenclature	Ring conformation
1			4C1		6d3(0.964711)		2d5(3.838876)		4d1(4.763060)	
../../pdbs//2wmh.pdb 2.B
Timestep	Standard Nomenclature	Ring conformation
1			1C4		5d2(0.907684)		1d4(1.014640)		3d6(2.025139)	
../../pdbs//2wmh.pdb 1.B
Timestep	Standard Nomenclature	Ring conformation
1			-		2d5(1.861153)		4d1(9.680145)	
../../pdbs//5uf1.pdb 3.D
Timestep	Standard Nomenclature	Ring conformation
1			1C4		3d6(0.511942)		1d4(0.599458)		5d2(0.613492)	
../../pdbs//5uf1.pdb 2.D
Timestep	Standard Nomenclature	Ring conformation
1			4C1		4d1(0.981979)		6d3(1.241527)		2d5(2.681826)	
../../pdbs//5uf1.pdb 3.C
Timestep	Standard Nomenclature	Ring conformation
1			1C4		3d6(0.361778)		5d2(0.676412)		1d4(0.676723)	
../../pdbs//5uf1.pdb 2.C
Timestep	Standard Nomenclature	Ring conformation
1			4C1		4d1(0.892750)		6d3(1.266757)		2d5(2.623900)	
../../pdbs//4ayj.pdb 3.H
Timestep	Standard Nomenclature	Ring conformation
1			-		5d2(0.430359)		t46(6.805002)	
../../pdbs//4ayj.pdb 2.H
Timestep	Standard Nomenclature	Ring conformation
1			4C1		4d1(1.266681)		2d5(4.768431)		6d3(5.077755)	
../../pdbs//4ayj.pdb 3.E
Timestep	Standard Nomenclature	Ring conformation
1			1C4		1d4(1.966760)		5d2(5.108433)		3d6(7.494227)	
../../pdbs//4ayj.pdb 2.E
Timestep	Standard Nomenclature	Ring conformation
1			4C1		6d3(1.919661)		2d5(2.636703)		4d1(3.220000)	
../../pdbs//4ayj.pdb 3.G
Timestep	Standard Nomenclature	Ring conformation
1			-		5d2(2.956895)		1d4(7.450175)		t46(7.477443)		35t(9.669739)	
../../pdbs//4ayj.pdb 2.G
Timestep	Standard Nomenclature	Ring conformation
1			4C1		4d1(0.471604)		6d3(6.035880)		2d5(7.294246)	
../../pdbs//4ayj.pdb 3.F
Timestep	Standard Nomenclature	Ring conformation
1			-		5d2(2.728810)		1d4(8.015326)		t46(8.189867)	
../../pdbs//4ayj.pdb 2.F
Timestep	Standard Nomenclature	Ring conformation
1			4C1		6d3(0.360860)		4d1(0.438215)		2d5(0.716071)	
../../pdbs//4q56.pdb 4.B
Timestep	Standard Nomenclature	Ring conformation
1			1C4		5d2(2.673168)		1d4(3.027580)		3d6(5.664709)	
../../pdbs//4q56.pdb 3.B
Timestep	Standard Nomenclature	Ring conformation
1			4C1		2d5(0.003427)		6d3(3.918078)		4d1(4.029630)	
../../pdbs//4b4q.pdb 5.D
Timestep	Standard Nomenclature	Ring conformation
1			1C4		3d6(0.580216)		5d2(2.898354)		1d4(3.282799)	
../../pdbs//4b4q.pdb 4.D
Timestep	Standard Nomenclature	Ring conformation
1			4C1		2d5(2.885385)		4d1(2.900880)		6d3(6.178309)	
../../pdbs//4b4q.pdb 5.C
Timestep	Standard Nomenclature	Ring conformation
1			1C4		3d6(0.543039)		1d4(1.178193)		5d2(2.145810)	
../../pdbs//4b4q.pdb 4.C
Timestep	Standard Nomenclature	Ring conformation
1			4C1		2d5(0.928690)		6d3(4.434966)		4d1(5.386531)	
../../pdbs//6hur.pdb 3.B
Timestep	Standard Nomenclature	Ring conformation
1			1C4		5d2(0.159939)		3d6(0.482614)		1d4(0.931112)	
../../pdbs//6hur.pdb 2.B
Timestep	Standard Nomenclature	Ring conformation
1			4C1		6d3(0.543145)		2d5(6.193145)		4d1(6.372071)	
../../pdbs//3e6j.pdb 3.B
Timestep	Standard Nomenclature	Ring conformation
1			1C4		5d2(0.650209)		3d6(2.043972)		1d4(2.807947)	
../../pdbs//3e6j.pdb 2.B
Timestep	Standard Nomenclature	Ring conformation
1			4C1		4d1(0.881979)		6d3(1.513399)		2d5(2.998730)	
../../pdbs//1zi5.pdb 3.B
Timestep	Standard Nomenclature	Ring conformation
1			1C4		3d6(0.393995)		5d2(2.075473)		1d4(2.502886)	
../../pdbs//1zi5.pdb 2.B
Timestep	Standard Nomenclature	Ring conformation
1			4C1		6d3(0.669776)		4d1(1.836133)		2d5(2.362955)	
../../pdbs//1cly.pdb 3.A
Timestep	Standard Nomenclature	Ring conformation
1			1C4		5d2(2.512934)		3d6(3.655635)		1d4(5.945269)	
../../pdbs//1cly.pdb 2.A
Timestep	Standard Nomenclature	Ring conformation
1			4C1		4d1(0.694675)		6d3(0.927491)		2d5(1.591512)	
../../pdbs//3q39.pdb 2.C
Timestep	Standard Nomenclature	Ring conformation
1			1C4		3d6(1.374439)		1d4(4.336994)		5d2(5.698973)	
../../pdbs//3q39.pdb 1.C
Timestep	Standard Nomenclature	Ring conformation
1			4C1		6d3(1.685482)		4d1(7.866058)		2d5(9.559128)	
../../pdbs//7l62.pdb 3.B
Timestep	Standard Nomenclature	Ring conformation
1			1C4		1d4(2.109259)		3d6(2.271980)		5d2(4.388843)	
../../pdbs//7l62.pdb 2.B
Timestep	Standard Nomenclature	Ring conformation
1			4C1		2d5(1.914907)		6d3(2.262270)		4d1(3.893294)	
../../pdbs//5iyr.pdb 3.D
Timestep	Standard Nomenclature	Ring conformation
1			1C4		1d4(0.648644)		5d2(1.492226)		3d6(2.243662)	
../../pdbs//5iyr.pdb 2.D
Timestep	Standard Nomenclature	Ring conformation
1			4C1		6d3(0.050628)		2d5(5.050809)		4d1(5.111377)	
../../pdbs//5iyr.pdb 3.C
Timestep	Standard Nomenclature	Ring conformation
1			1C4		3d6(0.015214)		1d4(5.093436)		5d2(5.093676)	
../../pdbs//5iyr.pdb 2.C
Timestep	Standard Nomenclature	Ring conformation
1			4C1		6d3(0.008752)		2d5(5.113474)		4d1(5.114764)	
