../../pdbs//4xle.pdb 2.B
Timestep	Standard Nomenclature	Ring conformation
1			4C1		4d1(0.078641)		6d3(3.364850)		2d5(3.436524)	
../../pdbs//4xle.pdb 1.B
Timestep	Standard Nomenclature	Ring conformation
1			4C1		2d5(1.530098)		6d3(1.591203)		4d1(3.399737)	
../../pdbs//4xlf.pdb 2.B
Timestep	Standard Nomenclature	Ring conformation
1			4C1		2d5(0.075278)		4d1(2.564946)		6d3(2.647380)	
../../pdbs//4xlf.pdb 1.B
Timestep	Standard Nomenclature	Ring conformation
1			4C1		2d5(0.584514)		6d3(4.345008)		4d1(4.953387)	
../../pdbs//6gvr.pdb 2.B
Timestep	Standard Nomenclature	Ring conformation
1			4C1		2d5(0.522069)		6d3(2.800019)		4d1(3.204536)	
../../pdbs//6gvr.pdb 1.B
Timestep	Standard Nomenclature	Ring conformation
1			4C1		6d3(0.377499)		4d1(0.706573)		2d5(1.458426)	
../../pdbs//6gvp.pdb 2.B
Timestep	Standard Nomenclature	Ring conformation
1			4C1		2d5(0.151399)		4d1(1.043545)		6d3(1.214302)	
../../pdbs//6gvp.pdb 1.B
Timestep	Standard Nomenclature	Ring conformation
1			4C1		2d5(0.991351)		4d1(1.237891)		6d3(2.125799)	
