../../pdbs//2yb7.pdb 2.C
Timestep	Standard Nomenclature	Ring conformation
1			4C1		4d1(1.484020)		6d3(1.792126)		2d5(3.065189)	
../../pdbs//2yb7.pdb 1.C
Timestep	Standard Nomenclature	Ring conformation
1			-		t15(0.214926)		26t(1.540900)		6d3(9.132164)	
../../pdbs//2yb7.pdb 2.D
Timestep	Standard Nomenclature	Ring conformation
1			4C1		4d1(0.581159)		6d3(3.127123)		2d5(3.845096)	
../../pdbs//2yb7.pdb 1.D
Timestep	Standard Nomenclature	Ring conformation
1			-		6d3(5.443584)		4d1(9.174037)		24t(9.356440)	
../../pdbs//6f7k.pdb 6.L
Timestep	Standard Nomenclature	Ring conformation
1			4C1		6d3(0.818727)		2d5(1.695117)		4d1(2.329168)	
../../pdbs//6f7k.pdb 5.L
Timestep	Standard Nomenclature	Ring conformation
1			4C1		4d1(0.126854)		6d3(1.994423)		2d5(2.101986)	
../../pdbs//6f7k.pdb 3.L
Timestep	Standard Nomenclature	Ring conformation
1			4C1		4d1(1.911693)		6d3(4.230109)		2d5(6.343112)	
../../pdbs//6f7k.pdb 2.L
Timestep	Standard Nomenclature	Ring conformation
1			-		12q(3.465850)		2q3(6.499940)		q34(8.104280)		2t6(8.903687)	
../../pdbs//6f7k.pdb 6.K
Timestep	Standard Nomenclature	Ring conformation
1			4C1		6d3(0.305172)		4d1(4.983596)		2d5(5.450537)	
../../pdbs//6f7k.pdb 5.K
Timestep	Standard Nomenclature	Ring conformation
1			4C1		2d5(1.045741)		6d3(2.846022)		4d1(4.215026)	
../../pdbs//6f7k.pdb 3.K
Timestep	Standard Nomenclature	Ring conformation
1			4C1		6d3(1.278919)		2d5(1.328712)		4d1(2.916597)	
../../pdbs//6f7k.pdb 2.K
Timestep	Standard Nomenclature	Ring conformation
1			-		6d3(5.067818)		4d1(5.948881)	
../../pdbs//6f7k.pdb 6.M
Timestep	Standard Nomenclature	Ring conformation
1			4C1		2d5(0.399843)		6d3(2.799541)		4d1(3.012905)	
../../pdbs//6f7k.pdb 5.M
Timestep	Standard Nomenclature	Ring conformation
1			4C1		2d5(0.349896)		4d1(3.225058)		6d3(3.360069)	
../../pdbs//6f7k.pdb 3.M
Timestep	Standard Nomenclature	Ring conformation
1			4C1		6d3(0.044058)		4d1(1.938347)		2d5(2.276600)	
../../pdbs//6f7k.pdb 2.M
Timestep	Standard Nomenclature	Ring conformation
1			4C1		2d5(1.092547)		6d3(6.604498)		4d1(7.765497)	
../../pdbs//6f7k.pdb 6.H
Timestep	Standard Nomenclature	Ring conformation
1			4C1		4d1(0.986653)		6d3(3.426954)		2d5(4.691274)	
../../pdbs//6f7k.pdb 5.H
Timestep	Standard Nomenclature	Ring conformation
1			4C1		6d3(1.404567)		2d5(4.480322)		4d1(6.158553)	
../../pdbs//6f7k.pdb 3.H
Timestep	Standard Nomenclature	Ring conformation
1			4C1		4d1(0.974726)		2d5(4.467164)		6d3(4.964407)	
../../pdbs//6f7k.pdb 2.H
Timestep	Standard Nomenclature	Ring conformation
1			4C1		2d5(1.848048)		6d3(5.301875)		4d1(7.124541)	
../../pdbs//6f7k.pdb 4.I
Timestep	Standard Nomenclature	Ring conformation
1			4C1		6d3(0.295242)		4d1(4.028749)		2d5(4.521964)	
../../pdbs//6f7k.pdb 3.I
Timestep	Standard Nomenclature	Ring conformation
1			4C1		2d5(0.375835)		6d3(4.606651)		4d1(4.695649)	
../../pdbs//6f7k.pdb 1.I
Timestep	Standard Nomenclature	Ring conformation
1			4C1		4d1(3.264922)		2d5(5.543367)		6d3(8.486015)	
../../pdbs//6f7k.pdb 2.J
Timestep	Standard Nomenclature	Ring conformation
1			4C1		4d1(2.355948)		2d5(2.451662)		6d3(4.360501)	
../../pdbs//6f7k.pdb 6.E
Timestep	Standard Nomenclature	Ring conformation
1			4C1		2d5(0.192867)		4d1(0.362998)		6d3(0.454720)	
../../pdbs//6f7k.pdb 5.E
Timestep	Standard Nomenclature	Ring conformation
1			4C1		2d5(2.169895)		4d1(4.710327)		6d3(6.565232)	
../../pdbs//6f7k.pdb 3.E
Timestep	Standard Nomenclature	Ring conformation
1			4C1		4d1(1.810792)		6d3(2.143179)		2d5(4.246966)	
../../pdbs//6f7k.pdb 2.E
Timestep	Standard Nomenclature	Ring conformation
1			4C1		2d5(2.529671)		6d3(5.282045)		4d1(8.159319)	
../../pdbs//6hf4.pdb 5.B
Timestep	Standard Nomenclature	Ring conformation
1			4C1		6d3(4.296266)		2d5(5.215191)		4d1(9.424796)	
../../pdbs//6hf4.pdb 3.B
Timestep	Standard Nomenclature	Ring conformation
1			4C1		6d3(0.688190)		4d1(3.766334)		2d5(4.760017)	
../../pdbs//2yg0.pdb 2.B
Timestep	Standard Nomenclature	Ring conformation
1			4C1		4d1(0.750543)		2d5(1.566078)		6d3(2.327967)	
../../pdbs//2yg0.pdb 1.B
Timestep	Standard Nomenclature	Ring conformation
1			4C1		2d5(1.136409)		6d3(1.803468)		4d1(2.843549)	
../../pdbs//2vx6.pdb 5.B
Timestep	Standard Nomenclature	Ring conformation
1			4C1		6d3(2.539991)		2d5(3.135675)		4d1(5.730914)	
../../pdbs//2vx6.pdb 3.B
Timestep	Standard Nomenclature	Ring conformation
1			-		16q(6.771514)		4t2(7.073253)	
../../pdbs//6hpf.pdb 5.B
Timestep	Standard Nomenclature	Ring conformation
1			4C1		2d5(4.879820)		4d1(5.868809)		6d3(8.586831)	
../../pdbs//6hpf.pdb 2.B
Timestep	Standard Nomenclature	Ring conformation
1			4C1		4d1(0.313795)		2d5(4.011237)		6d3(4.200117)	
../../pdbs//6hpf.pdb 4.B
Timestep	Standard Nomenclature	Ring conformation
1			4C1		6d3(2.545691)		2d5(4.152458)		4d1(6.660780)	
../../pdbs//6hpf.pdb 2.B
Timestep	Standard Nomenclature	Ring conformation
1			4C1		4d1(0.313795)		2d5(4.011237)		6d3(4.200117)	
../../pdbs//3dni.pdb 5.B
Timestep	Standard Nomenclature	Ring conformation
1			-		t13(1.788787)		26t(4.415993)		2d5(5.355812)		4d1(7.607364)	
../../pdbs//3dni.pdb 4.B
Timestep	Standard Nomenclature	Ring conformation
1			-		46t(2.168549)		t15(3.399638)		2d5(4.917710)		6d3(6.946808)		6q5(9.802515)	
../../pdbs//1oh4.pdb 6.B
Timestep	Standard Nomenclature	Ring conformation
1			4C1		2d5(4.226669)		4d1(4.266362)		6d3(8.159279)	
../../pdbs//1oh4.pdb 4.B
Timestep	Standard Nomenclature	Ring conformation
1			4C1		6d3(1.234536)		2d5(1.350488)		4d1(2.215939)	
