../../pdbs//4rk9.pdb 3.D
Timestep	Standard Nomenclature	Ring conformation
1			-		t35(3.704460)		4d1(5.031555)		24t(7.555904)		6d3(9.156776)	
../../pdbs//4rk9.pdb 2.D
Timestep	Standard Nomenclature	Ring conformation
1			4C1		2d5(0.081441)		4d1(1.294528)		6d3(1.531206)	
../../pdbs//4rk9.pdb 3.C
Timestep	Standard Nomenclature	Ring conformation
1			4C1		6d3(0.476589)		4d1(1.045804)		2d5(1.229794)	
../../pdbs//4rk9.pdb 2.C
Timestep	Standard Nomenclature	Ring conformation
1			4C1		6d3(0.191731)		4d1(0.978088)		2d5(0.996254)	
../../pdbs//6pre.pdb 4.H
Timestep	Standard Nomenclature	Ring conformation
1			4C1		4d1(0.120593)		2d5(2.119113)		6d3(2.238446)	
../../pdbs//6pre.pdb 3.H
Timestep	Standard Nomenclature	Ring conformation
1			4C1		4d1(0.213792)		6d3(1.750862)		2d5(1.956818)	
../../pdbs//6pre.pdb 3.H
Timestep	Standard Nomenclature	Ring conformation
1			4C1		4d1(0.213792)		6d3(1.750862)		2d5(1.956818)	
../../pdbs//6pre.pdb 2.H
Timestep	Standard Nomenclature	Ring conformation
1			4C1		4d1(0.806903)		6d3(1.049656)		2d5(1.851319)	
../../pdbs//6pre.pdb 4.E
Timestep	Standard Nomenclature	Ring conformation
1			4C1		6d3(0.219906)		4d1(0.995061)		2d5(1.166243)	
../../pdbs//6pre.pdb 3.E
Timestep	Standard Nomenclature	Ring conformation
1			4C1		4d1(0.303071)		6d3(3.431611)		2d5(3.748532)	
../../pdbs//6pre.pdb 3.E
Timestep	Standard Nomenclature	Ring conformation
1			4C1		4d1(0.303071)		6d3(3.431611)		2d5(3.748532)	
../../pdbs//6pre.pdb 2.E
Timestep	Standard Nomenclature	Ring conformation
1			4C1		6d3(1.044227)		2d5(1.239375)		4d1(2.340439)	
../../pdbs//6pre.pdb 4.G
Timestep	Standard Nomenclature	Ring conformation
1			4C1		4d1(0.219166)		2d5(2.203796)		6d3(2.422182)	
../../pdbs//6pre.pdb 3.G
Timestep	Standard Nomenclature	Ring conformation
1			4C1		4d1(0.752639)		2d5(2.602732)		6d3(3.313612)	
../../pdbs//6pre.pdb 3.G
Timestep	Standard Nomenclature	Ring conformation
1			4C1		4d1(0.752639)		2d5(2.602732)		6d3(3.313612)	
../../pdbs//6pre.pdb 2.G
Timestep	Standard Nomenclature	Ring conformation
1			4C1		6d3(0.870739)		2d5(2.451095)		4d1(3.367292)	
../../pdbs//6pre.pdb 4.F
Timestep	Standard Nomenclature	Ring conformation
1			4C1		4d1(0.202676)		6d3(1.066319)		2d5(1.231964)	
../../pdbs//6pre.pdb 3.F
Timestep	Standard Nomenclature	Ring conformation
1			4C1		6d3(1.666154)		4d1(2.128583)		2d5(3.811272)	
../../pdbs//6pre.pdb 3.F
Timestep	Standard Nomenclature	Ring conformation
1			4C1		6d3(1.666154)		4d1(2.128583)		2d5(3.811272)	
../../pdbs//6pre.pdb 2.F
Timestep	Standard Nomenclature	Ring conformation
1			4C1		6d3(0.458164)		2d5(1.817316)		4d1(2.334760)	
../../pdbs//6prg.pdb 3.D
Timestep	Standard Nomenclature	Ring conformation
1			4C1		4d1(0.683658)		6d3(2.038657)		2d5(2.748200)	
../../pdbs//6prg.pdb 2.D
Timestep	Standard Nomenclature	Ring conformation
1			4C1		6d3(1.210919)		4d1(3.089796)		2d5(4.340442)	
../../pdbs//6prg.pdb 3.C
Timestep	Standard Nomenclature	Ring conformation
1			4C1		4d1(0.108587)		2d5(2.004406)		6d3(2.090995)	
../../pdbs//6prg.pdb 2.C
Timestep	Standard Nomenclature	Ring conformation
1			4C1		6d3(1.295303)		4d1(1.888323)		2d5(3.207851)	
../../pdbs//4fnu.pdb 1.G
Timestep	Standard Nomenclature	Ring conformation
1			4C1		2d5(0.052828)		4d1(1.549424)		6d3(1.872340)	
../../pdbs//4fnu.pdb 2.G
Timestep	Standard Nomenclature	Ring conformation
1			BO3		12q(1.782418)		d36(5.973555)		45q(7.644777)	
../../pdbs//4fnu.pdb 1.H
Timestep	Standard Nomenclature	Ring conformation
1			4C1		2d5(0.028239)		6d3(0.399833)		4d1(1.003321)	
../../pdbs//4fnu.pdb 2.H
Timestep	Standard Nomenclature	Ring conformation
1			1S3		45q(6.671380)		1t3(7.056221)		4t6(9.532845)	
../../pdbs//4fnu.pdb 1.F
Timestep	Standard Nomenclature	Ring conformation
1			4C1		2d5(0.444267)		4d1(1.365739)		6d3(1.407696)	
../../pdbs//4fnu.pdb 2.F
Timestep	Standard Nomenclature	Ring conformation
1			1S3		4t6(2.753966)		12q(6.807345)		1t3(8.014515)	
../../pdbs//4fnu.pdb 1.E
Timestep	Standard Nomenclature	Ring conformation
1			4C1		2d5(1.248316)		4d1(2.212206)		6d3(3.838245)	
../../pdbs//4fnu.pdb 2.E
Timestep	Standard Nomenclature	Ring conformation
1			1C4		1d4(4.070422)		5d2(4.442420)		3d6(8.551851)	
