WARNING:
Replacing fetcher for 'pdb_nmr' and format NMRSTAR from NMRSTAR bundle with that from NMRSTAR bundle
INFO:
UCSF ChimeraX version: 1.6.1 (2023-05-09)
INFO:
© 2016-2023 Regents of the University of California.  All rights reserved.
INFO:
Executing: open ./calc_dihedral_chimerax/calc_dihedral_part_01.cxc
INFO:
Executing: close #1
INFO:
Executing: close #1
INFO:
Executing: open ../../../pdbs/3au1.pdb
INFO:
_3au1.pdb_ title:  
 **Crystal structure of mouse CD1D In complex with ganglioside GD3**
[[more info...]](cxcmd:log metadata #1)  
  

INFO:
Chain information for 3au1.pdb #1  
---  
Chain | Description | UniProt  
[A](cxcmd:select /A:7-279 "Select chain") | [CD1D](cxcmd:sequence chain #1/A
"Show sequence") | [CD1D1_MOUSE](cxcmd:open P11609 from uniprot "Show
annotations") [1-279](cxcmd:select #1/A:1-279 "Select sequence")  
[B](cxcmd:select /B:2-99 "Select chain") | [β-2-microglobulin](cxcmd:sequence
chain #1/B "Show sequence") | [B2MG_MOUSE](cxcmd:open P01887 from uniprot
"Show annotations") [1-99](cxcmd:select #1/B:1-99 "Select sequence")  
  

INFO:
Non-standard residues in 3au1.pdb #1  
---  
[BGC](cxcmd:sel :BGC "select residue") — [β-D-
glucopyranose](http://www.rcsb.org/ligand/BGC "show residue info") (β-D-
glucose; D-glucose; glucose)  
[BMA](cxcmd:sel :BMA "select residue") — [β-D-
mannopyranose](http://www.rcsb.org/ligand/BMA "show residue info") (β-D-
mannose; D-mannose; mannose)  
[ERA](cxcmd:sel :ERA "select residue") —
[(7Z,15E,17E)-N-[(2S,3S,4E)-1,3-dihydroxyoctadec-4-en-2-yl]tricosa-7,15,17-trienamide](http://www.rcsb.org/ligand/ERA
"show residue info")  
[FUC](cxcmd:sel :FUC "select residue") — [α-L-
fucopyranose](http://www.rcsb.org/ligand/FUC "show residue info") (α-L-fucose;
6-deoxy-α-L-galactopyranose; L-fucose; fucose)  
[GAL](cxcmd:sel :GAL "select residue") — [β-D-
galactopyranose](http://www.rcsb.org/ligand/GAL "show residue info") (β-D-
galactose; D-galactose; galactose)  
[GLC](cxcmd:sel :GLC "select residue") — [α-D-
glucopyranose](http://www.rcsb.org/ligand/GLC "show residue info") (α-D-
glucose; D-glucose; glucose)  
[MAN](cxcmd:sel :MAN "select residue") — [α-D-
mannopyranose](http://www.rcsb.org/ligand/MAN "show residue info") (α-D-
mannose; D-mannose; mannose)  
[NAG](cxcmd:sel :NAG "select residue") — [2-acetamido-2-deoxy-β-D-
glucopyranose](http://www.rcsb.org/ligand/NAG "show residue info") (N-acetyl-
β-D-glucosamine; 2-acetamido-2-deoxy-β-D-glucose; 2-acetamido-2-deoxy-D-
glucose; 2-acetamido-2-deoxy-glucose; N-acetyl-D-glucosamine)  
  

INFO:
Executing: torsion /D:4@C2 /D:4@C1 /D:3@O3 /D:3@C3
INFO:
Torsion angle for atoms /D MAN 4 C2 C1 GLC 3 O3 C3 is -173.686°
INFO:
Executing: torsion /D:4@C1 /D:3@O3 /D:3@C3 /D:3@C4
INFO:
Torsion angle for atoms /D MAN 4 C1 GLC 3 O3 C3 C4 is 100.226°
INFO:
Executing: close #1
INFO:
Executing: open ../../../pdbs/3au1.pdb
INFO:
_3au1.pdb_ title:  
 **Crystal structure of mouse CD1D In complex with ganglioside GD3**
[[more info...]](cxcmd:log metadata #1)  
  

INFO:
Chain information for 3au1.pdb #1  
---  
Chain | Description | UniProt  
[A](cxcmd:select /A:7-279 "Select chain") | [CD1D](cxcmd:sequence chain #1/A
"Show sequence") | [CD1D1_MOUSE](cxcmd:open P11609 from uniprot "Show
annotations") [1-279](cxcmd:select #1/A:1-279 "Select sequence")  
[B](cxcmd:select /B:2-99 "Select chain") | [β-2-microglobulin](cxcmd:sequence
chain #1/B "Show sequence") | [B2MG_MOUSE](cxcmd:open P01887 from uniprot
"Show annotations") [1-99](cxcmd:select #1/B:1-99 "Select sequence")  
  

INFO:
Non-standard residues in 3au1.pdb #1  
---  
[BGC](cxcmd:sel :BGC "select residue") — [β-D-
glucopyranose](http://www.rcsb.org/ligand/BGC "show residue info") (β-D-
glucose; D-glucose; glucose)  
[BMA](cxcmd:sel :BMA "select residue") — [β-D-
mannopyranose](http://www.rcsb.org/ligand/BMA "show residue info") (β-D-
mannose; D-mannose; mannose)  
[ERA](cxcmd:sel :ERA "select residue") —
[(7Z,15E,17E)-N-[(2S,3S,4E)-1,3-dihydroxyoctadec-4-en-2-yl]tricosa-7,15,17-trienamide](http://www.rcsb.org/ligand/ERA
"show residue info")  
[FUC](cxcmd:sel :FUC "select residue") — [α-L-
fucopyranose](http://www.rcsb.org/ligand/FUC "show residue info") (α-L-fucose;
6-deoxy-α-L-galactopyranose; L-fucose; fucose)  
[GAL](cxcmd:sel :GAL "select residue") — [β-D-
galactopyranose](http://www.rcsb.org/ligand/GAL "show residue info") (β-D-
galactose; D-galactose; galactose)  
[GLC](cxcmd:sel :GLC "select residue") — [α-D-
glucopyranose](http://www.rcsb.org/ligand/GLC "show residue info") (α-D-
glucose; D-glucose; glucose)  
[MAN](cxcmd:sel :MAN "select residue") — [α-D-
mannopyranose](http://www.rcsb.org/ligand/MAN "show residue info") (α-D-
mannose; D-mannose; mannose)  
[NAG](cxcmd:sel :NAG "select residue") — [2-acetamido-2-deoxy-β-D-
glucopyranose](http://www.rcsb.org/ligand/NAG "show residue info") (N-acetyl-
β-D-glucosamine; 2-acetamido-2-deoxy-β-D-glucose; 2-acetamido-2-deoxy-D-
glucose; 2-acetamido-2-deoxy-glucose; N-acetyl-D-glucosamine)  
  

INFO:
Executing: torsion /C:4@C2 /C:4@C1 /C:3@O3 /C:3@C3
INFO:
Torsion angle for atoms /C MAN 4 C2 C1 GLC 3 O3 C3 is 178.418°
INFO:
Executing: torsion /C:4@C1 /C:3@O3 /C:3@C3 /C:3@C4
INFO:
Torsion angle for atoms /C MAN 4 C1 GLC 3 O3 C3 C4 is 149.459°
INFO:
Executing: close #1
INFO:
Executing: exit
STATUS:
Exiting ...
