../../pdbs//4b4r.pdb 6.C
Timestep	Standard Nomenclature	Ring conformation
1			4C1		2d5(0.105938)		4d1(2.038895)		6d3(2.075162)	
../../pdbs//4b4r.pdb 4.C
Timestep	Standard Nomenclature	Ring conformation
1			4C1		2d5(1.376739)		4d1(1.616700)		6d3(2.360745)	
../../pdbs//4b4r.pdb 6.D
Timestep	Standard Nomenclature	Ring conformation
1			4C1		4d1(0.620107)		6d3(1.105080)		2d5(2.315362)	
../../pdbs//4b4r.pdb 4.D
Timestep	Standard Nomenclature	Ring conformation
1			4C1		2d5(2.652598)		4d1(2.816215)		6d3(6.287850)	
../../pdbs//3p5g.pdb 3.E
Timestep	Standard Nomenclature	Ring conformation
1			4C1		6d3(0.274004)		4d1(1.281016)		2d5(1.661198)	
../../pdbs//3p5g.pdb 1.E
Timestep	Standard Nomenclature	Ring conformation
1			4C1		6d3(2.048748)		4d1(3.358582)		2d5(5.405461)	
../../pdbs//5mu9.pdb 3.B
Timestep	Standard Nomenclature	Ring conformation
1			4C1		2d5(0.821193)		4d1(5.269483)		6d3(5.623688)	
../../pdbs//5mu9.pdb 1.B
Timestep	Standard Nomenclature	Ring conformation
1			4C1		6d3(0.268583)		2d5(3.417808)		4d1(3.461152)	
../../pdbs//6pi0.pdb 2.B
Timestep	Standard Nomenclature	Ring conformation
1			4C1		4d1(1.422636)		2d5(6.060745)		6d3(7.528911)	
../../pdbs//6pi0.pdb 1.B
Timestep	Standard Nomenclature	Ring conformation
1			-		2d5(3.801147)		4d1(7.478500)	
../../pdbs//5jm1.pdb 3.I
Timestep	Standard Nomenclature	Ring conformation
1			4C1		2d5(0.461947)		4d1(2.092062)		6d3(4.256763)	
../../pdbs//5jm1.pdb 2.I
Timestep	Standard Nomenclature	Ring conformation
1			4C1		6d3(0.244910)		4d1(4.986677)		2d5(5.809974)	
../../pdbs//6n1b.pdb 3.B
Timestep	Standard Nomenclature	Ring conformation
1			4C1		4d1(2.261407)		6d3(3.811566)		2d5(6.739904)	
../../pdbs//6n1b.pdb 1.B
Timestep	Standard Nomenclature	Ring conformation
1			4C1		6d3(1.595244)		4d1(5.125672)		2d5(6.854091)	
../../pdbs//5d61.pdb 3.B
Timestep	Standard Nomenclature	Ring conformation
1			4C1		2d5(0.739341)		4d1(5.738139)		6d3(7.470138)	
../../pdbs//5d61.pdb 1.B
Timestep	Standard Nomenclature	Ring conformation
1			4C1		4d1(1.561435)		6d3(2.802517)		2d5(4.845584)	
../../pdbs//2ygm.pdb 4.C
Timestep	Standard Nomenclature	Ring conformation
1			4C1		6d3(0.386789)		2d5(3.784477)		4d1(4.158628)	
../../pdbs//2ygm.pdb 2.C
Timestep	Standard Nomenclature	Ring conformation
1			-		6d3(0.881187)		2d5(9.626307)	
../../pdbs//2ygm.pdb 4.D
Timestep	Standard Nomenclature	Ring conformation
1			4C1		6d3(0.442917)		2d5(1.170715)		4d1(1.607113)	
../../pdbs//2ygm.pdb 2.D
Timestep	Standard Nomenclature	Ring conformation
1			4C1		2d5(3.299691)		6d3(5.327353)		4d1(8.708366)	
../../pdbs//7jwf.pdb 2.G
Timestep	Standard Nomenclature	Ring conformation
1			4C1		2d5(1.046643)		6d3(4.488368)		4d1(5.372795)	
../../pdbs//7jwf.pdb 1.G
Timestep	Standard Nomenclature	Ring conformation
1			4C1		2d5(0.009410)		6d3(0.755493)		4d1(1.193465)	
../../pdbs//7jwf.pdb 2.H
Timestep	Standard Nomenclature	Ring conformation
1			4C1		2d5(2.485905)		6d3(2.798496)		4d1(5.111406)	
../../pdbs//7jwf.pdb 1.H
Timestep	Standard Nomenclature	Ring conformation
1			4C1		2d5(0.700499)		4d1(0.836898)		6d3(1.145395)	
../../pdbs//7jwf.pdb 2.F
Timestep	Standard Nomenclature	Ring conformation
1			4C1		2d5(2.021572)		6d3(2.277027)		4d1(4.106234)	
../../pdbs//7jwf.pdb 1.F
Timestep	Standard Nomenclature	Ring conformation
1			4C1		6d3(0.248292)		2d5(1.864864)		4d1(1.999439)	
../../pdbs//7jwf.pdb 2.E
Timestep	Standard Nomenclature	Ring conformation
1			4C1		2d5(2.113791)		6d3(3.221007)		4d1(5.195314)	
../../pdbs//7jwf.pdb 1.E
Timestep	Standard Nomenclature	Ring conformation
1			4C1		6d3(0.063680)		2d5(0.861889)		4d1(1.348833)	
../../pdbs//6phy.pdb 2.B
Timestep	Standard Nomenclature	Ring conformation
1			4C1		4d1(2.044062)		2d5(3.484727)		6d3(5.784867)	
../../pdbs//6phy.pdb 1.B
Timestep	Standard Nomenclature	Ring conformation
1			4C1		4d1(1.853521)		6d3(2.112111)		2d5(4.192880)	
../../pdbs//7uen.pdb 2.A
Timestep	Standard Nomenclature	Ring conformation
1			4C1		6d3(0.819333)		4d1(1.200909)		2d5(1.684261)	
../../pdbs//7uen.pdb 1.A
Timestep	Standard Nomenclature	Ring conformation
1			4C1		6d3(0.456571)		2d5(2.743553)		4d1(3.824340)	
../../pdbs//2e7q.pdb 3.M
Timestep	Standard Nomenclature	Ring conformation
1			4C1		4d1(0.600176)		2d5(1.913598)		6d3(2.252866)	
../../pdbs//2e7q.pdb 2.M
Timestep	Standard Nomenclature	Ring conformation
1			4C1		6d3(2.088088)		4d1(5.650487)		2d5(7.848434)	
../../pdbs//2e7q.pdb 3.J
Timestep	Standard Nomenclature	Ring conformation
1			4C1		4d1(2.307279)		2d5(3.551253)		6d3(5.352491)	
../../pdbs//2e7q.pdb 2.J
Timestep	Standard Nomenclature	Ring conformation
1			4C1		6d3(2.567812)		4d1(4.344197)		2d5(7.152485)	
../../pdbs//2e7q.pdb 3.G
Timestep	Standard Nomenclature	Ring conformation
1			4C1		2d5(1.861301)		4d1(2.194661)		6d3(3.771965)	
../../pdbs//2e7q.pdb 2.G
Timestep	Standard Nomenclature	Ring conformation
1			4C1		6d3(0.297060)		4d1(6.707879)		2d5(7.040047)	
../../pdbs//3ef2.pdb 3.O
Timestep	Standard Nomenclature	Ring conformation
1			4C1		6d3(0.340246)		4d1(0.759093)		2d5(1.102153)	
../../pdbs//3ef2.pdb 1.O
Timestep	Standard Nomenclature	Ring conformation
1			4C1		2d5(1.636021)		6d3(3.016534)		4d1(4.567490)	
../../pdbs//3ef2.pdb 3.L
Timestep	Standard Nomenclature	Ring conformation
1			4C1		6d3(0.251885)		2d5(0.918531)		4d1(1.226295)	
../../pdbs//3ef2.pdb 1.L
Timestep	Standard Nomenclature	Ring conformation
1			4C1		2d5(0.206850)		4d1(1.721766)		6d3(2.065880)	
../../pdbs//3ef2.pdb 3.I
Timestep	Standard Nomenclature	Ring conformation
1			4C1		4d1(0.084061)		6d3(1.611754)		2d5(1.674558)	
../../pdbs//3ef2.pdb 1.I
Timestep	Standard Nomenclature	Ring conformation
1			4C1		2d5(2.506765)		6d3(4.006421)		4d1(6.420329)	
../../pdbs//3ef2.pdb 3.N
Timestep	Standard Nomenclature	Ring conformation
1			4C1		2d5(2.619233)		4d1(3.946967)		6d3(6.377790)	
../../pdbs//3ef2.pdb 1.N
Timestep	Standard Nomenclature	Ring conformation
1			4C1		6d3(0.935129)		4d1(2.335429)		2d5(3.200084)	
../../pdbs//3ef2.pdb 3.H
Timestep	Standard Nomenclature	Ring conformation
1			4C1		2d5(1.652710)		4d1(4.971665)		6d3(6.358147)	
../../pdbs//3ef2.pdb 1.H
Timestep	Standard Nomenclature	Ring conformation
1			4C1		4d1(0.928472)		6d3(0.962637)		2d5(1.976410)	
../../pdbs//3ef2.pdb 3.K
Timestep	Standard Nomenclature	Ring conformation
1			4C1		2d5(0.379303)		4d1(5.103986)		6d3(5.208784)	
../../pdbs//3ef2.pdb 1.K
Timestep	Standard Nomenclature	Ring conformation
1			4C1		6d3(0.269743)		4d1(3.622411)		2d5(3.944296)	
../../pdbs//3ef2.pdb 3.E
Timestep	Standard Nomenclature	Ring conformation
1			4C1		2d5(1.187486)		6d3(3.721494)		4d1(5.190069)	
../../pdbs//3ef2.pdb 1.E
Timestep	Standard Nomenclature	Ring conformation
1			4C1		6d3(1.292389)		2d5(3.526843)		4d1(4.742843)	
../../pdbs//3ef2.pdb 3.F
Timestep	Standard Nomenclature	Ring conformation
1			4C1		2d5(0.047882)		6d3(0.385660)		4d1(0.457222)	
../../pdbs//3ef2.pdb 1.F
Timestep	Standard Nomenclature	Ring conformation
1			4C1		2d5(1.304463)		6d3(3.717609)		4d1(4.963686)	
../../pdbs//7eqt.pdb 3.C
Timestep	Standard Nomenclature	Ring conformation
1			4C1		6d3(1.243086)		4d1(1.627608)		2d5(2.775576)	
../../pdbs//7eqt.pdb 2.C
Timestep	Standard Nomenclature	Ring conformation
1			4C1		2d5(1.716345)		6d3(3.259395)		4d1(4.915264)	
../../pdbs//5d62.pdb 3.B
Timestep	Standard Nomenclature	Ring conformation
1			4C1		2d5(1.282995)		4d1(8.371968)		6d3(9.449921)	
../../pdbs//5d62.pdb 1.B
Timestep	Standard Nomenclature	Ring conformation
1			4C1		4d1(2.748584)		6d3(3.207330)		2d5(6.136274)	
../../pdbs//2obt.pdb 3.B
Timestep	Standard Nomenclature	Ring conformation
1			4C1		6d3(0.880625)		4d1(2.548667)		2d5(3.527803)	
../../pdbs//2obt.pdb 1.B
Timestep	Standard Nomenclature	Ring conformation
1			4C1		6d3(0.326645)		4d1(3.146856)		2d5(3.288778)	
../../pdbs//2g7c.pdb 3.F
Timestep	Standard Nomenclature	Ring conformation
1			4C1		4d1(1.300610)		6d3(3.914820)		2d5(4.958907)	
../../pdbs//2g7c.pdb 2.F
Timestep	Standard Nomenclature	Ring conformation
1			4C1		6d3(1.357162)		2d5(5.475176)		4d1(6.770408)	
../../pdbs//2g7c.pdb 3.D
Timestep	Standard Nomenclature	Ring conformation
1			4C1		4d1(0.043849)		2d5(0.357859)		6d3(0.553002)	
../../pdbs//2g7c.pdb 2.D
Timestep	Standard Nomenclature	Ring conformation
1			4C1		2d5(0.541733)		6d3(7.265569)		4d1(7.792042)	
../../pdbs//2g7c.pdb 3.C
Timestep	Standard Nomenclature	Ring conformation
1			4C1		2d5(0.071757)		6d3(0.564746)		4d1(0.690624)	
../../pdbs//2g7c.pdb 2.C
Timestep	Standard Nomenclature	Ring conformation
1			4C1		2d5(0.643192)		6d3(7.086039)		4d1(7.737050)	
../../pdbs//2g7c.pdb 3.E
Timestep	Standard Nomenclature	Ring conformation
1			4C1		6d3(0.200550)		4d1(1.200834)		2d5(1.245916)	
../../pdbs//2g7c.pdb 2.E
Timestep	Standard Nomenclature	Ring conformation
1			4C1		2d5(0.964330)		6d3(8.564189)		4d1(9.503734)	
../../pdbs//2wmj.pdb 3.D
Timestep	Standard Nomenclature	Ring conformation
1			4C1		4d1(0.747901)		6d3(3.725906)		2d5(4.394673)	
../../pdbs//2wmj.pdb 1.D
Timestep	Standard Nomenclature	Ring conformation
1			4C1		2d5(0.258500)		6d3(9.712316)		4d1(9.805976)	
../../pdbs//2wmj.pdb 3.C
Timestep	Standard Nomenclature	Ring conformation
1			4C1		6d3(0.559782)		4d1(2.133598)		2d5(2.673441)	
../../pdbs//2wmj.pdb 1.C
Timestep	Standard Nomenclature	Ring conformation
1			-		2d5(1.505768)		46t(9.024137)	
../../pdbs//3q38.pdb 3.C
Timestep	Standard Nomenclature	Ring conformation
1			4C1		6d3(1.774758)		4d1(2.426218)		2d5(4.317315)	
../../pdbs//3q38.pdb 1.C
Timestep	Standard Nomenclature	Ring conformation
1			4C1		2d5(2.035727)		6d3(3.275684)		4d1(5.307131)	
../../pdbs//5f9d.pdb 6.B
Timestep	Standard Nomenclature	Ring conformation
1			-		6d3(6.029952)		t15(6.399624)		26t(7.722333)		4d1(9.935671)	
../../pdbs//5f9d.pdb 4.B
Timestep	Standard Nomenclature	Ring conformation
1			4C1		6d3(3.008162)		2d5(4.307989)		4d1(7.289733)	
../../pdbs//4ma1.pdb 7.G
Timestep	Standard Nomenclature	Ring conformation
1			4C1		6d3(0.708049)		4d1(3.871577)		2d5(4.405370)	
../../pdbs//4ma1.pdb 6.G
Timestep	Standard Nomenclature	Ring conformation
1			-		2d5(6.287058)		6d3(8.491455)		t13(8.722821)	
../../pdbs//7p8h.pdb 4.E
Timestep	Standard Nomenclature	Ring conformation
1			4C1		2d5(0.375277)		6d3(1.282066)		4d1(1.493435)	
../../pdbs//7p8h.pdb 2.E
Timestep	Standard Nomenclature	Ring conformation
1			4C1		6d3(1.382962)		2d5(3.778743)		4d1(4.627110)	
../../pdbs//7p8h.pdb 4.F
Timestep	Standard Nomenclature	Ring conformation
1			4C1		2d5(0.013268)		4d1(0.757957)		6d3(0.784792)	
../../pdbs//7p8h.pdb 2.F
Timestep	Standard Nomenclature	Ring conformation
1			4C1		6d3(1.224435)		2d5(3.320629)		4d1(4.428173)	
../../pdbs//5d63.pdb 3.B
Timestep	Standard Nomenclature	Ring conformation
1			4C1		2d5(0.706168)		4d1(5.851037)		6d3(7.541207)	
../../pdbs//5d63.pdb 1.B
Timestep	Standard Nomenclature	Ring conformation
1			4C1		4d1(2.173886)		6d3(4.945613)		2d5(7.050147)	
../../pdbs//4cov.pdb 2.B
Timestep	Standard Nomenclature	Ring conformation
1			1S3		4t6(2.034257)		1t3(8.201355)		q23(9.595673)	
../../pdbs//4cov.pdb 1.B
Timestep	Standard Nomenclature	Ring conformation
1			-		2d5(3.512615)		6d3(9.107997)	
../../pdbs//2vxj.pdb 3.h
Timestep	Standard Nomenclature	Ring conformation
1			4C1		6d3(1.472019)		2d5(2.485612)		4d1(3.907709)	
../../pdbs//2vxj.pdb 2.h
Timestep	Standard Nomenclature	Ring conformation
1			4C1		6d3(2.153476)		2d5(3.572113)		4d1(5.365657)	
../../pdbs//2vxj.pdb 3.g
Timestep	Standard Nomenclature	Ring conformation
1			4C1		2d5(1.266225)		4d1(1.665852)		6d3(3.060218)	
../../pdbs//2vxj.pdb 2.g
Timestep	Standard Nomenclature	Ring conformation
1			4C1		4d1(3.391308)		2d5(3.790420)		6d3(7.436463)	
../../pdbs//2vxj.pdb 2.l
Timestep	Standard Nomenclature	Ring conformation
1			4C1		6d3(0.231004)		4d1(2.926320)		2d5(3.197162)	
../../pdbs//2vxj.pdb 1.l
Timestep	Standard Nomenclature	Ring conformation
1			4C1		2d5(4.285529)		6d3(4.349887)		4d1(8.503292)	
../../pdbs//2vxj.pdb 3.j
Timestep	Standard Nomenclature	Ring conformation
1			4C1		6d3(0.875221)		4d1(2.027391)		2d5(3.093972)	
../../pdbs//2vxj.pdb 2.j
Timestep	Standard Nomenclature	Ring conformation
1			4C1		6d3(0.464642)		4d1(7.160980)		2d5(8.040341)	
../../pdbs//2vxj.pdb 3.Z
Timestep	Standard Nomenclature	Ring conformation
1			4C1		4d1(0.524270)		2d5(5.365242)		6d3(5.808396)	
../../pdbs//2vxj.pdb 2.Z
Timestep	Standard Nomenclature	Ring conformation
1			4C1		2d5(3.205151)		6d3(4.677423)		4d1(7.313633)	
../../pdbs//2vxj.pdb 3.t
Timestep	Standard Nomenclature	Ring conformation
1			4C1		4d1(0.077416)		6d3(0.892203)		2d5(1.268240)	
../../pdbs//2vxj.pdb 2.t
Timestep	Standard Nomenclature	Ring conformation
1			4C1		6d3(2.831004)		2d5(4.943215)		4d1(7.252869)	
../../pdbs//2vxj.pdb 3.c
Timestep	Standard Nomenclature	Ring conformation
1			4C1		4d1(1.857909)		2d5(2.002068)		6d3(3.745756)	
../../pdbs//2vxj.pdb 2.c
Timestep	Standard Nomenclature	Ring conformation
1			4C1		2d5(1.489651)		4d1(3.030286)		6d3(4.939198)	
../../pdbs//2vxj.pdb 3.k
Timestep	Standard Nomenclature	Ring conformation
1			4C1		4d1(0.987818)		6d3(1.900827)		2d5(2.425419)	
../../pdbs//2vxj.pdb 2.k
Timestep	Standard Nomenclature	Ring conformation
1			4C1		2d5(0.963915)		6d3(4.633315)		4d1(5.054520)	
../../pdbs//2vxj.pdb 3.e
Timestep	Standard Nomenclature	Ring conformation
1			4C1		2d5(0.062325)		4d1(1.310573)		6d3(1.527521)	
../../pdbs//2vxj.pdb 2.e
Timestep	Standard Nomenclature	Ring conformation
1			4C1		6d3(3.658678)		2d5(5.409555)		4d1(8.754026)	
../../pdbs//2vxj.pdb 3.v
Timestep	Standard Nomenclature	Ring conformation
1			4C1		2d5(0.657097)		4d1(1.359828)		6d3(1.919566)	
../../pdbs//2vxj.pdb 2.v
Timestep	Standard Nomenclature	Ring conformation
1			4C1		2d5(0.510536)		6d3(4.406818)		4d1(4.756844)	
../../pdbs//2vxj.pdb 3.p
Timestep	Standard Nomenclature	Ring conformation
1			4C1		4d1(0.148727)		6d3(3.308040)		2d5(3.618645)	
../../pdbs//2vxj.pdb 2.p
Timestep	Standard Nomenclature	Ring conformation
1			4C1		6d3(1.939337)		2d5(4.486293)		4d1(6.259167)	
../../pdbs//2vxj.pdb 3.a
Timestep	Standard Nomenclature	Ring conformation
1			4C1		2d5(0.339194)		4d1(0.749052)		6d3(1.243222)	
../../pdbs//2vxj.pdb 2.a
Timestep	Standard Nomenclature	Ring conformation
1			-		2d5(3.132431)	
../../pdbs//2vxj.pdb 3.o
Timestep	Standard Nomenclature	Ring conformation
1			4C1		2d5(1.778592)		6d3(1.898205)		4d1(3.789637)	
../../pdbs//2vxj.pdb 2.o
Timestep	Standard Nomenclature	Ring conformation
1			4C1		2d5(0.719617)		6d3(3.392633)		4d1(3.912009)	
../../pdbs//2vxj.pdb 3.u
Timestep	Standard Nomenclature	Ring conformation
1			4C1		2d5(1.132134)		6d3(1.627773)		4d1(2.906668)	
../../pdbs//2vxj.pdb 2.u
Timestep	Standard Nomenclature	Ring conformation
1			4C1		6d3(2.634005)		2d5(3.285794)		4d1(5.885784)	
../../pdbs//2vxj.pdb 3.s
Timestep	Standard Nomenclature	Ring conformation
1			4C1		4d1(0.108838)		6d3(1.157299)		2d5(1.166792)	
../../pdbs//2vxj.pdb 2.s
Timestep	Standard Nomenclature	Ring conformation
1			4C1		2d5(1.444132)		6d3(5.990393)		4d1(7.301602)	
../../pdbs//2vxj.pdb 3.f
Timestep	Standard Nomenclature	Ring conformation
1			4C1		4d1(1.458347)		2d5(1.982979)		6d3(3.212009)	
../../pdbs//2vxj.pdb 2.f
Timestep	Standard Nomenclature	Ring conformation
1			4C1		6d3(2.763775)		2d5(7.282012)		4d1(9.946389)	
../../pdbs//2vxj.pdb 3.d
Timestep	Standard Nomenclature	Ring conformation
1			4C1		2d5(0.086128)		4d1(2.130545)		6d3(2.240200)	
../../pdbs//2vxj.pdb 2.d
Timestep	Standard Nomenclature	Ring conformation
1			4C1		2d5(0.172761)		4d1(1.289163)		6d3(1.865296)	
../../pdbs//2vxj.pdb 3.b
Timestep	Standard Nomenclature	Ring conformation
1			4C1		4d1(0.561137)		6d3(4.471869)		2d5(4.994741)	
../../pdbs//2vxj.pdb 2.b
Timestep	Standard Nomenclature	Ring conformation
1			4C1		4d1(1.620192)		2d5(4.468403)		6d3(5.786424)	
../../pdbs//2vxj.pdb 3.n
Timestep	Standard Nomenclature	Ring conformation
1			4C1		2d5(0.263703)		4d1(0.796786)		6d3(1.097068)	
../../pdbs//2vxj.pdb 2.n
Timestep	Standard Nomenclature	Ring conformation
1			4C1		6d3(3.112917)		2d5(4.579342)		4d1(7.488018)	
../../pdbs//2vxj.pdb 3.r
Timestep	Standard Nomenclature	Ring conformation
1			4C1		2d5(1.017718)		6d3(3.369870)		4d1(4.321869)	
../../pdbs//2vxj.pdb 2.r
Timestep	Standard Nomenclature	Ring conformation
1			-		6d3(2.508773)		2d5(8.017608)	
../../pdbs//2vxj.pdb 3.m
Timestep	Standard Nomenclature	Ring conformation
1			4C1		4d1(2.269692)		6d3(3.685104)		2d5(5.885303)	
../../pdbs//2vxj.pdb 2.m
Timestep	Standard Nomenclature	Ring conformation
1			4C1		6d3(3.460941)		4d1(3.848576)		2d5(7.751921)	
../../pdbs//2vxj.pdb 3.i
Timestep	Standard Nomenclature	Ring conformation
1			4C1		4d1(0.406868)		2d5(0.602798)		6d3(0.915255)	
../../pdbs//2vxj.pdb 2.i
Timestep	Standard Nomenclature	Ring conformation
1			4C1		2d5(0.256107)		4d1(4.390005)		6d3(4.995760)	
../../pdbs//2vxj.pdb 3.q
Timestep	Standard Nomenclature	Ring conformation
1			4C1		6d3(0.589833)		2d5(1.428737)		4d1(1.802033)	
../../pdbs//2vxj.pdb 2.q
Timestep	Standard Nomenclature	Ring conformation
1			4C1		6d3(1.222946)		2d5(3.614129)		4d1(4.535991)	
../../pdbs//2vxj.pdb 3.Y
Timestep	Standard Nomenclature	Ring conformation
1			4C1		4d1(0.297782)		2d5(1.107116)		6d3(1.223720)	
../../pdbs//2vxj.pdb 2.Y
Timestep	Standard Nomenclature	Ring conformation
1			4C1		2d5(4.546959)		6d3(5.191330)		4d1(9.320064)	
../../pdbs//1ule.pdb 3.D
Timestep	Standard Nomenclature	Ring conformation
1			4C1		2d5(0.885466)		6d3(1.536395)		4d1(2.200285)	
../../pdbs//1ule.pdb 2.D
Timestep	Standard Nomenclature	Ring conformation
1			4C1		2d5(1.578569)		6d3(2.564774)		4d1(4.055300)	
../../pdbs//1ule.pdb 3.C
Timestep	Standard Nomenclature	Ring conformation
1			4C1		2d5(0.040629)		4d1(0.337619)		6d3(0.480319)	
../../pdbs//1ule.pdb 2.C
Timestep	Standard Nomenclature	Ring conformation
1			4C1		4d1(0.994032)		6d3(1.054918)		2d5(2.098190)	
../../pdbs//7uem.pdb 2.A
Timestep	Standard Nomenclature	Ring conformation
1			4C1		2d5(0.019470)		4d1(0.592294)		6d3(0.768211)	
../../pdbs//7uem.pdb 1.A
Timestep	Standard Nomenclature	Ring conformation
1			4C1		2d5(3.206643)		4d1(3.282079)		6d3(6.071060)	
../../pdbs//7uem.pdb 2.B
Timestep	Standard Nomenclature	Ring conformation
1			4C1		4d1(0.670604)		6d3(1.001104)		2d5(1.657001)	
../../pdbs//7uem.pdb 1.B
Timestep	Standard Nomenclature	Ring conformation
1			-		4d1(3.317872)		2d5(7.617017)	
../../pdbs//5f7w.pdb 6.F
Timestep	Standard Nomenclature	Ring conformation
1			4C1		4d1(2.427981)		6d3(5.051832)		2d5(7.666868)	
../../pdbs//5f7w.pdb 4.F
Timestep	Standard Nomenclature	Ring conformation
1			4C1		4d1(2.545761)		6d3(5.231614)		2d5(7.840622)	
../../pdbs//5f7w.pdb 6.E
Timestep	Standard Nomenclature	Ring conformation
1			4C1		2d5(2.689206)		4d1(4.409028)		6d3(6.716473)	
../../pdbs//5f7w.pdb 4.E
Timestep	Standard Nomenclature	Ring conformation
1			-		2d5(5.904321)		6d3(9.566337)	
../../pdbs//3zwe.pdb 4.E
Timestep	Standard Nomenclature	Ring conformation
1			4C1		6d3(2.027981)		4d1(4.543253)		2d5(7.124322)	
../../pdbs//3zwe.pdb 2.E
Timestep	Standard Nomenclature	Ring conformation
1			4C1		6d3(3.281540)		2d5(4.763111)		4d1(8.130303)	
../../pdbs//3zwe.pdb 4.F
Timestep	Standard Nomenclature	Ring conformation
1			4C1		6d3(1.949405)		4d1(3.393962)		2d5(5.446222)	
../../pdbs//3zwe.pdb 2.F
Timestep	Standard Nomenclature	Ring conformation
1			4C1		2d5(2.053921)		6d3(3.184594)		4d1(5.431226)	
../../pdbs//3r6k.pdb 3.B
Timestep	Standard Nomenclature	Ring conformation
1			4C1		6d3(1.293498)		2d5(4.835906)		4d1(6.146346)	
../../pdbs//3r6k.pdb 1.B
Timestep	Standard Nomenclature	Ring conformation
1			-		6d3(7.010856)		2d5(7.167995)	
../../pdbs//7er1.pdb 2.E
Timestep	Standard Nomenclature	Ring conformation
1			4C1		2d5(1.709517)		4d1(6.007060)		6d3(7.462848)	
../../pdbs//7er1.pdb 1.E
Timestep	Standard Nomenclature	Ring conformation
1			4C1		4d1(0.389582)		2d5(0.864244)		6d3(1.167220)	
