../../pdbs//2hca.pdb 5.D
Timestep	Standard Nomenclature	Ring conformation
1			O3B		36d(0.890993)		q45(3.076094)		q12(4.792649)	
../../pdbs//2hca.pdb 4.D
Timestep	Standard Nomenclature	Ring conformation
1			4C1		2d5(0.607581)		4d1(4.735406)		6d3(5.100585)	
../../pdbs//4mmz.pdb 6.E
Timestep	Standard Nomenclature	Ring conformation
1			4C1		2d5(0.095855)		4d1(2.337040)		6d3(2.832110)	
../../pdbs//4mmz.pdb 3.E
Timestep	Standard Nomenclature	Ring conformation
1			4C1		6d3(0.400503)		2d5(2.135189)		4d1(2.342012)	
../../pdbs//4mmz.pdb 5.E
Timestep	Standard Nomenclature	Ring conformation
1			4C1		2d5(2.741307)		6d3(6.243383)		4d1(8.473446)	
../../pdbs//4mmz.pdb 4.E
Timestep	Standard Nomenclature	Ring conformation
1			B14		d14(0.713302)		56q(7.933100)		23q(9.568080)	
../../pdbs//1jdn.pdb 4.B
Timestep	Standard Nomenclature	Ring conformation
1			1C4		3d6(0.010963)		1d4(8.177397)		5d2(8.350494)	
../../pdbs//1jdn.pdb 3.B
Timestep	Standard Nomenclature	Ring conformation
1			O3B		q12(1.902569)		36d(2.363481)		q45(6.299821)	
../../pdbs//7ugp.pdb 4.Z
Timestep	Standard Nomenclature	Ring conformation
1			-		24t(1.707680)		4d1(2.612460)		4q3(4.806268)		46t(5.780747)		45q(6.782019)		t35(9.022210)	
../../pdbs//7ugp.pdb 3.Z
Timestep	Standard Nomenclature	Ring conformation
1			-		4d1(2.493116)		6d3(7.862574)	
../../pdbs//7ugp.pdb 6.Z
Timestep	Standard Nomenclature	Ring conformation
1			BO3		45q(3.249876)		d36(5.396691)		12q(6.383473)	
../../pdbs//7ugp.pdb 3.Z
Timestep	Standard Nomenclature	Ring conformation
1			-		4d1(2.493116)		6d3(7.862574)	
../../pdbs//7ugp.pdb 4.S
Timestep	Standard Nomenclature	Ring conformation
1			1S3		1t3(4.137316)		4t6(8.400738)		45q(9.595851)	
../../pdbs//7ugp.pdb 3.S
Timestep	Standard Nomenclature	Ring conformation
1			-		4d1(2.982382)		26t(4.194952)		t15(9.737117)	
../../pdbs//7ugp.pdb 6.S
Timestep	Standard Nomenclature	Ring conformation
1			BO3		45q(3.586459)		d36(5.941923)		12q(7.010893)	
../../pdbs//7ugp.pdb 3.S
Timestep	Standard Nomenclature	Ring conformation
1			-		4d1(2.982382)		26t(4.194952)		t15(9.737117)	
../../pdbs//7ugp.pdb 4.V
Timestep	Standard Nomenclature	Ring conformation
1			1S3		1t3(3.448959)		4t6(7.520404)	
../../pdbs//7ugp.pdb 3.V
Timestep	Standard Nomenclature	Ring conformation
1			-		4d1(3.277065)		26t(3.304756)		t15(8.903620)	
../../pdbs//7ugp.pdb 6.V
Timestep	Standard Nomenclature	Ring conformation
1			BO3		d36(1.109163)		45q(2.338843)		12q(4.505405)	
../../pdbs//7ugp.pdb 3.V
Timestep	Standard Nomenclature	Ring conformation
1			-		4d1(3.277065)		26t(3.304756)		t15(8.903620)	
../../pdbs//3faq.pdb 4.E
Timestep	Standard Nomenclature	Ring conformation
1			14B		q23(5.356121)		14d(5.783875)		q56(6.587756)	
../../pdbs//3faq.pdb 3.E
Timestep	Standard Nomenclature	Ring conformation
1			BO3		12q(4.651506)		d36(7.098069)		45q(7.420665)	
../../pdbs//2dwa.pdb 5.D
Timestep	Standard Nomenclature	Ring conformation
1			O3B		36d(0.101678)		q45(5.873635)		q12(6.325641)	
../../pdbs//2dwa.pdb 4.D
Timestep	Standard Nomenclature	Ring conformation
1			-		2d5(4.000720)		4d1(7.539071)	
../../pdbs//2ays.pdb 4.C
Timestep	Standard Nomenclature	Ring conformation
1			-		6d3(4.931550)		t15(6.740250)		26t(8.742233)		4d1(9.462041)	
../../pdbs//2ays.pdb 3.C
Timestep	Standard Nomenclature	Ring conformation
1			OH1		6q1(1.135269)		26t(9.335416)	
../../pdbs//2gjm.pdb 4.E
Timestep	Standard Nomenclature	Ring conformation
1			-		1t3(6.105966)	
../../pdbs//2gjm.pdb 3.E
Timestep	Standard Nomenclature	Ring conformation
1			-		1t3(0.222442)		45q(5.914677)		q23(8.569322)		d36(9.081827)	
../../pdbs//2dyx.pdb 4.B
Timestep	Standard Nomenclature	Ring conformation
1			4C1		4d1(0.388136)		6d3(1.938459)		2d5(2.319159)	
../../pdbs//2dyx.pdb 3.B
Timestep	Standard Nomenclature	Ring conformation
1			-		26t(4.603537)		4d1(4.975720)		t13(7.694490)	
../../pdbs//2dyx.pdb 5.D
Timestep	Standard Nomenclature	Ring conformation
1			-		q45(6.866691)		6t2(7.131472)	
../../pdbs//2dyx.pdb 4.D
Timestep	Standard Nomenclature	Ring conformation
1			4C1		2d5(0.561684)		6d3(3.635265)		4d1(4.234882)	
../../pdbs//1xfd.pdb 4.H
Timestep	Standard Nomenclature	Ring conformation
1			-		2d5(3.575568)		6d3(7.539839)	
../../pdbs//1xfd.pdb 3.H
Timestep	Standard Nomenclature	Ring conformation
1			-		2d5(6.221503)		t13(9.212288)	
../../pdbs//2o51.pdb 4.B
Timestep	Standard Nomenclature	Ring conformation
1			-		t35(1.874652)		46t(3.324503)		4d1(6.153128)	
../../pdbs//2o51.pdb 3.B
Timestep	Standard Nomenclature	Ring conformation
1			-		4d1(5.631502)		6d3(6.179619)	
../../pdbs//3erh.pdb 4.E
Timestep	Standard Nomenclature	Ring conformation
1			BO3		45q(0.762153)		d36(3.488951)		12q(6.578269)	
../../pdbs//3erh.pdb 3.E
Timestep	Standard Nomenclature	Ring conformation
1			BO3		45q(4.605006)		d36(6.632830)		12q(7.201349)	
../../pdbs//4mmy.pdb 6.F
Timestep	Standard Nomenclature	Ring conformation
1			4C1		2d5(1.264281)		4d1(4.169619)		6d3(5.704677)	
../../pdbs//4mmy.pdb 3.F
Timestep	Standard Nomenclature	Ring conformation
1			4C1		6d3(0.030564)		4d1(1.982097)		2d5(2.270570)	
../../pdbs//4mmy.pdb 5.F
Timestep	Standard Nomenclature	Ring conformation
1			4C1		2d5(0.638305)		4d1(3.105802)		6d3(4.168485)	
../../pdbs//4mmy.pdb 4.F
Timestep	Standard Nomenclature	Ring conformation
1			-		d14(4.423364)		56q(5.835229)		3t1(8.310843)	
../../pdbs//2dsu.pdb 4.B
Timestep	Standard Nomenclature	Ring conformation
1			1S3		4t6(3.831977)		1t3(4.278193)	
../../pdbs//2dsu.pdb 3.B
Timestep	Standard Nomenclature	Ring conformation
1			-		4d1(4.443795)		t35(5.293854)		24t(5.584867)	
../../pdbs//7enu.pdb 4.C
Timestep	Standard Nomenclature	Ring conformation
1			25B		q34(5.999114)		q16(7.663753)		25d(8.833124)	
../../pdbs//7enu.pdb 3.C
Timestep	Standard Nomenclature	Ring conformation
1			4C1		4d1(3.675787)		2d5(3.838387)		6d3(7.259596)	
../../pdbs//7enu.pdb 4.H
Timestep	Standard Nomenclature	Ring conformation
1			B14		23q(1.906813)		d14(5.437913)		56q(5.788999)	
../../pdbs//7enu.pdb 3.H
Timestep	Standard Nomenclature	Ring conformation
1			-		t35(1.480322)		46t(4.276831)		4d1(8.738843)	
../../pdbs//6msu.pdb 6.F
Timestep	Standard Nomenclature	Ring conformation
1			-		2d5(3.468414)		4d1(8.488441)	
../../pdbs//6msu.pdb 3.F
Timestep	Standard Nomenclature	Ring conformation
1			4C1		2d5(0.107913)		6d3(1.382810)		4d1(1.518149)	
../../pdbs//6msu.pdb 5.F
Timestep	Standard Nomenclature	Ring conformation
1			-		2d5(4.477150)		46t(8.238289)		4d1(9.465725)	
../../pdbs//6msu.pdb 4.F
Timestep	Standard Nomenclature	Ring conformation
1			-		23q(1.127374)		5t1(7.194840)	
../../pdbs//7v07.pdb 4.F
Timestep	Standard Nomenclature	Ring conformation
1			BO3		45q(2.914903)		d36(3.595512)		12q(9.510065)	
../../pdbs//7v07.pdb 3.F
Timestep	Standard Nomenclature	Ring conformation
1			4C1		4d1(3.214225)		2d5(3.459921)		6d3(5.622149)	
../../pdbs//7v07.pdb 5.F
Timestep	Standard Nomenclature	Ring conformation
1			1S3		4t6(2.346625)		1t3(5.366761)	
../../pdbs//7v07.pdb 3.F
Timestep	Standard Nomenclature	Ring conformation
1			4C1		4d1(3.214225)		2d5(3.459921)		6d3(5.622149)	
../../pdbs//7v07.pdb 4.A
Timestep	Standard Nomenclature	Ring conformation
1			-		14d(0.970386)		4t6(8.336012)	
../../pdbs//7v07.pdb 3.A
Timestep	Standard Nomenclature	Ring conformation
1			4C1		4d1(0.413845)		6d3(2.459369)		2d5(3.780570)	
../../pdbs//7v07.pdb 5.A
Timestep	Standard Nomenclature	Ring conformation
1			14B		q56(6.831770)		14d(8.259445)		q23(9.750673)	
../../pdbs//7v07.pdb 3.A
Timestep	Standard Nomenclature	Ring conformation
1			4C1		4d1(0.413845)		6d3(2.459369)		2d5(3.780570)	
../../pdbs//2alu.pdb 4.C
Timestep	Standard Nomenclature	Ring conformation
1			4C1		4d1(2.720832)		6d3(5.068476)		2d5(7.917254)	
../../pdbs//2alu.pdb 3.C
Timestep	Standard Nomenclature	Ring conformation
1			-		4d1(1.634495)		t15(4.287186)		26t(6.659002)		t13(6.835984)		6q1(8.080865)		2q1(9.354614)	
../../pdbs//1sdx.pdb 4.C
Timestep	Standard Nomenclature	Ring conformation
1			1C4		1d4(1.063573)		5d2(4.641958)		3d6(6.035573)	
../../pdbs//1sdx.pdb 3.C
Timestep	Standard Nomenclature	Ring conformation
1			-		6d3(2.719303)		26t(3.302582)		t15(4.975530)		46t(7.975161)		6q1(8.059372)	
../../pdbs//2g93.pdb 6.D
Timestep	Standard Nomenclature	Ring conformation
1			4C1		2d5(0.790325)		4d1(3.437335)		6d3(4.065529)	
../../pdbs//2g93.pdb 5.D
Timestep	Standard Nomenclature	Ring conformation
1			4C1		6d3(2.557438)		4d1(5.437639)		2d5(8.082749)	
../../pdbs//2dvc.pdb 5.D
Timestep	Standard Nomenclature	Ring conformation
1			O3B		q45(2.262112)		36d(4.747020)		q12(6.157930)	
../../pdbs//2dvc.pdb 4.D
Timestep	Standard Nomenclature	Ring conformation
1			4C1		4d1(1.438366)		6d3(4.412488)		2d5(5.706442)	
../../pdbs//6naj.pdb 6.E
Timestep	Standard Nomenclature	Ring conformation
1			4C1		4d1(1.930845)		2d5(2.022965)		6d3(4.325352)	
../../pdbs//6naj.pdb 3.E
Timestep	Standard Nomenclature	Ring conformation
1			4C1		6d3(0.078185)		4d1(1.494971)		2d5(1.596054)	
../../pdbs//6naj.pdb 5.E
Timestep	Standard Nomenclature	Ring conformation
1			4C1		6d3(2.907599)		2d5(3.551283)		4d1(5.919185)	
../../pdbs//6naj.pdb 4.E
Timestep	Standard Nomenclature	Ring conformation
1			-		d14(1.724190)		56q(6.518404)	
../../pdbs//6msl.pdb 6.F
Timestep	Standard Nomenclature	Ring conformation
1			4C1		4d1(1.300156)		2d5(1.960884)		6d3(2.527520)	
../../pdbs//6msl.pdb 3.F
Timestep	Standard Nomenclature	Ring conformation
1			4C1		4d1(1.400936)		6d3(1.468319)		2d5(2.598318)	
../../pdbs//6msl.pdb 5.F
Timestep	Standard Nomenclature	Ring conformation
1			-		2d5(2.558579)		46t(5.548550)	
../../pdbs//6msl.pdb 4.F
Timestep	Standard Nomenclature	Ring conformation
1			-		23q(1.804093)		d14(7.746589)		5t1(8.732531)	
../../pdbs//7uz3.pdb 4.F
Timestep	Standard Nomenclature	Ring conformation
1			1S3		4t6(5.051365)		1t3(9.832106)	
../../pdbs//7uz3.pdb 3.F
Timestep	Standard Nomenclature	Ring conformation
1			4C1		6d3(0.104664)		4d1(1.763693)		2d5(2.225655)	
../../pdbs//7uz3.pdb 5.F
Timestep	Standard Nomenclature	Ring conformation
1			1S5		4t2(3.231677)		1t5(7.162583)	
../../pdbs//7uz3.pdb 3.F
Timestep	Standard Nomenclature	Ring conformation
1			4C1		6d3(0.104664)		4d1(1.763693)		2d5(2.225655)	
../../pdbs//7uz3.pdb 4.A
Timestep	Standard Nomenclature	Ring conformation
1			1S3		4t6(5.051365)		1t3(9.832106)	
../../pdbs//7uz3.pdb 3.A
Timestep	Standard Nomenclature	Ring conformation
1			4C1		6d3(0.094339)		4d1(1.762725)		2d5(2.237416)	
../../pdbs//7uz3.pdb 5.A
Timestep	Standard Nomenclature	Ring conformation
1			1S5		4t2(3.220510)		1t5(7.145179)	
../../pdbs//7uz3.pdb 3.A
Timestep	Standard Nomenclature	Ring conformation
1			4C1		6d3(0.094339)		4d1(1.762725)		2d5(2.237416)	
../../pdbs//1nkx.pdb 4.C
Timestep	Standard Nomenclature	Ring conformation
1			4C1		4d1(0.570693)		2d5(1.062976)		6d3(1.428144)	
../../pdbs//1nkx.pdb 3.C
Timestep	Standard Nomenclature	Ring conformation
1			-		26t(1.606794)		4d1(2.858071)		t13(9.090721)	
../../pdbs//5to3.pdb 3.C
Timestep	Standard Nomenclature	Ring conformation
1			-		6d3(0.951596)		24t(6.900861)		4d1(9.524675)	
../../pdbs//5to3.pdb 2.C
Timestep	Standard Nomenclature	Ring conformation
1			4C1		6d3(3.070039)		2d5(3.464688)		4d1(6.701115)	
../../pdbs//3n8z.pdb 5.F
Timestep	Standard Nomenclature	Ring conformation
1			1C4		1d4(0.434119)		5d2(7.657603)		3d6(7.924835)	
../../pdbs//3n8z.pdb 4.F
Timestep	Standard Nomenclature	Ring conformation
1			4C1		6d3(2.910248)		2d5(6.886625)		4d1(9.938990)	
../../pdbs//2fa7.pdb 6.D
Timestep	Standard Nomenclature	Ring conformation
1			4C1		4d1(0.039272)		6d3(8.953789)		2d5(9.216140)	
../../pdbs//2fa7.pdb 5.D
Timestep	Standard Nomenclature	Ring conformation
1			-		q34(0.039327)		5t1(2.092079)		56q(3.491766)		2t4(6.503852)		25d(7.724584)	
../../pdbs//2dwi.pdb 5.D
Timestep	Standard Nomenclature	Ring conformation
1			O3B		q45(1.573726)		36d(2.198695)		q12(5.603842)	
../../pdbs//2dwi.pdb 4.D
Timestep	Standard Nomenclature	Ring conformation
1			4C1		2d5(4.143877)		4d1(5.211802)		6d3(9.119872)	
../../pdbs//2dwi.pdb 4.B
Timestep	Standard Nomenclature	Ring conformation
1			4C1		2d5(2.517560)		4d1(6.204455)		6d3(8.530516)	
../../pdbs//2dwi.pdb 3.B
Timestep	Standard Nomenclature	Ring conformation
1			-		4d1(0.148580)		6d3(9.756400)	
../../pdbs//4c1m.pdb 4.E
Timestep	Standard Nomenclature	Ring conformation
1			1S3		4t6(6.942125)		1t3(8.455251)	
../../pdbs//4c1m.pdb 3.E
Timestep	Standard Nomenclature	Ring conformation
1			-		q45(6.943929)		3t1(9.728736)	
../../pdbs//4c1m.pdb 5.E
Timestep	Standard Nomenclature	Ring conformation
1			4C1		2d5(0.833715)		6d3(2.905871)		4d1(3.911108)	
../../pdbs//4c1m.pdb 3.E
Timestep	Standard Nomenclature	Ring conformation
1			-		q45(6.943929)		3t1(9.728736)	
../../pdbs//4c1m.pdb 4.F
Timestep	Standard Nomenclature	Ring conformation
1			BO3		12q(2.103311)		d36(4.337001)		45q(5.945221)	
../../pdbs//4c1m.pdb 3.F
Timestep	Standard Nomenclature	Ring conformation
1			-		2d5(5.092564)		4d1(7.764978)	
../../pdbs//4c1m.pdb 5.F
Timestep	Standard Nomenclature	Ring conformation
1			4C1		2d5(2.818970)		4d1(4.250899)		6d3(6.950151)	
../../pdbs//4c1m.pdb 3.F
Timestep	Standard Nomenclature	Ring conformation
1			-		2d5(5.092564)		4d1(7.764978)	
../../pdbs//3iaz.pdb 6.D
Timestep	Standard Nomenclature	Ring conformation
1			BO3		12q(3.588132)		d36(6.769614)		45q(8.385542)	
../../pdbs//3iaz.pdb 5.D
Timestep	Standard Nomenclature	Ring conformation
1			-		2d5(2.766099)		46t(8.712453)	
../../pdbs//7y1t.pdb 6.G
Timestep	Standard Nomenclature	Ring conformation
1			OS2		-		3t5(0.650709)		6t2(7.317502)	
../../pdbs//7y1t.pdb 3.G
Timestep	Standard Nomenclature	Ring conformation
1			4C1		6d3(2.704775)		2d5(3.649144)		4d1(6.045928)	
../../pdbs//7y1t.pdb 4.G
Timestep	Standard Nomenclature	Ring conformation
1			4C1		4d1(1.012901)		2d5(4.449431)		6d3(5.794052)	
../../pdbs//7y1t.pdb 3.G
Timestep	Standard Nomenclature	Ring conformation
1			4C1		6d3(2.704775)		2d5(3.649144)		4d1(6.045928)	
../../pdbs//6qig.pdb 4.D
Timestep	Standard Nomenclature	Ring conformation
1			-		3t5(2.882876)		d25(4.430554)		q45(8.960168)	
../../pdbs//6qig.pdb 3.D
Timestep	Standard Nomenclature	Ring conformation
1			-		q12(5.000466)		6t4(9.161823)	
../../pdbs//6qig.pdb 301.H
Timestep	Standard Nomenclature	Ring conformation
1			-		1d4(1.099486)		5d2(8.038365)		t26(8.586524)		3d6(9.170491)	
../../pdbs//6qig.pdb 3.B
Timestep	Standard Nomenclature	Ring conformation
1			O3B		q45(2.124799)		36d(2.473531)		q12(6.574877)	
../../pdbs//2e0s.pdb 4.B
Timestep	Standard Nomenclature	Ring conformation
1			-		6d3(3.583558)		4d1(7.086423)		24t(9.344784)	
../../pdbs//2e0s.pdb 3.B
Timestep	Standard Nomenclature	Ring conformation
1			-		4d1(2.653393)		6d3(7.767119)	
../../pdbs//2e0s.pdb 5.D
Timestep	Standard Nomenclature	Ring conformation
1			-		q45(9.041098)		q12(9.723564)	
../../pdbs//2e0s.pdb 4.D
Timestep	Standard Nomenclature	Ring conformation
1			4C1		2d5(1.161789)		6d3(1.910094)		4d1(3.139595)	
../../pdbs//4apq.pdb 4.F
Timestep	Standard Nomenclature	Ring conformation
1			4C1		2d5(2.166180)		4d1(3.699522)		6d3(5.931582)	
../../pdbs//4apq.pdb 3.F
Timestep	Standard Nomenclature	Ring conformation
1			4C1		4d1(0.855019)		2d5(4.092969)		6d3(4.751333)	
../../pdbs//7rbv.pdb 4.a
Timestep	Standard Nomenclature	Ring conformation
1			1S3		4t6(0.723727)		1t3(2.770324)	
../../pdbs//7rbv.pdb 3.a
Timestep	Standard Nomenclature	Ring conformation
1			4C1		2d5(0.508162)		6d3(4.622096)		4d1(4.959039)	
../../pdbs//7rbv.pdb 5.a
Timestep	Standard Nomenclature	Ring conformation
1			4C1		2d5(1.277782)		4d1(2.741508)		6d3(4.390461)	
../../pdbs//7rbv.pdb 3.a
Timestep	Standard Nomenclature	Ring conformation
1			4C1		2d5(0.508162)		6d3(4.622096)		4d1(4.959039)	
../../pdbs//7rbv.pdb 4.Q
Timestep	Standard Nomenclature	Ring conformation
1			1S3		4t6(0.342172)		1t3(2.910066)	
../../pdbs//7rbv.pdb 3.Q
Timestep	Standard Nomenclature	Ring conformation
1			4C1		2d5(1.105387)		6d3(3.976070)		4d1(4.869115)	
../../pdbs//7rbv.pdb 5.Q
Timestep	Standard Nomenclature	Ring conformation
1			4C1		2d5(1.499145)		4d1(2.667624)		6d3(4.534286)	
../../pdbs//7rbv.pdb 3.Q
Timestep	Standard Nomenclature	Ring conformation
1			4C1		2d5(1.105387)		6d3(3.976070)		4d1(4.869115)	
../../pdbs//7rbv.pdb 4.E
Timestep	Standard Nomenclature	Ring conformation
1			1S3		1t3(0.766883)		4t6(3.672335)	
../../pdbs//7rbv.pdb 3.E
Timestep	Standard Nomenclature	Ring conformation
1			4C1		2d5(3.327385)		4d1(6.373166)		6d3(9.728085)	
../../pdbs//7rbv.pdb 5.E
Timestep	Standard Nomenclature	Ring conformation
1			4C1		2d5(2.586770)		4d1(3.012737)		6d3(5.931427)	
../../pdbs//7rbv.pdb 3.E
Timestep	Standard Nomenclature	Ring conformation
1			4C1		2d5(3.327385)		4d1(6.373166)		6d3(9.728085)	
../../pdbs//2e1s.pdb 4.B
Timestep	Standard Nomenclature	Ring conformation
1			4C1		4d1(2.745154)		2d5(7.448584)		6d3(9.957666)		t35(9.964135)	
../../pdbs//2e1s.pdb 3.B
Timestep	Standard Nomenclature	Ring conformation
1			-		4d1(3.590838)		26t(7.627591)		6d3(9.281692)	
../../pdbs//2e1s.pdb 5.D
Timestep	Standard Nomenclature	Ring conformation
1			OS2		-		6t2(2.070958)		3t5(4.029601)	
../../pdbs//2e1s.pdb 4.D
Timestep	Standard Nomenclature	Ring conformation
1			4C1		6d3(2.223838)		2d5(3.028747)		4d1(5.354435)	
../../pdbs//4lsx.pdb 4.G
Timestep	Standard Nomenclature	Ring conformation
1			4C1		2d5(0.147676)		4d1(1.623988)		6d3(2.178789)	
../../pdbs//4lsx.pdb 3.G
Timestep	Standard Nomenclature	Ring conformation
1			-		2d5(4.839741)		6d3(5.613519)	
../../pdbs//4lsx.pdb 5.G
Timestep	Standard Nomenclature	Ring conformation
1			1S5		1t5(4.286854)		4t2(6.601367)		34q(9.497941)	
../../pdbs//4lsx.pdb 3.G
Timestep	Standard Nomenclature	Ring conformation
1			-		2d5(4.839741)		6d3(5.613519)	
../../pdbs//7ev0.pdb 4.D
Timestep	Standard Nomenclature	Ring conformation
1			5S1		2t4(3.462877)		5t1(6.743969)		q16(8.814555)	
../../pdbs//7ev0.pdb 3.D
Timestep	Standard Nomenclature	Ring conformation
1			-		4d1(6.424442)		t35(7.040548)		46t(9.720755)	
../../pdbs//7ev0.pdb 4.C
Timestep	Standard Nomenclature	Ring conformation
1			5S1		2t4(0.774118)		5t1(6.415146)		56q(9.008530)	
../../pdbs//7ev0.pdb 3.C
Timestep	Standard Nomenclature	Ring conformation
1			-		4d1(1.067815)		t35(5.264394)		24t(6.677485)		46t(7.992145)	
../../pdbs//4mmx.pdb 6.F
Timestep	Standard Nomenclature	Ring conformation
1			4C1		2d5(1.101103)		4d1(2.812256)		6d3(4.300883)	
../../pdbs//4mmx.pdb 3.F
Timestep	Standard Nomenclature	Ring conformation
1			4C1		6d3(0.052488)		4d1(2.293466)		2d5(2.456254)	
../../pdbs//4mmx.pdb 5.F
Timestep	Standard Nomenclature	Ring conformation
1			-		46t(6.077591)		2d5(6.890397)		t35(7.473798)		4d1(9.051337)	
../../pdbs//4mmx.pdb 4.F
Timestep	Standard Nomenclature	Ring conformation
1			-		23q(3.363867)		5t1(6.495258)	
../../pdbs//6mk0.pdb 6.D
Timestep	Standard Nomenclature	Ring conformation
1			-		6d3(5.613977)		2d5(8.349110)		t15(9.866284)	
../../pdbs//6mk0.pdb 3.D
Timestep	Standard Nomenclature	Ring conformation
1			4C1		2d5(0.225691)		4d1(4.927442)		6d3(5.309524)	
../../pdbs//6mk0.pdb 5.D
Timestep	Standard Nomenclature	Ring conformation
1			-		46t(3.330576)		4d1(4.195013)		t35(5.085297)		4q5(9.168452)	
../../pdbs//6mk0.pdb 4.D
Timestep	Standard Nomenclature	Ring conformation
1			-		5t1(7.579650)	
../../pdbs//2h4i.pdb 5.D
Timestep	Standard Nomenclature	Ring conformation
1			OS2		-		6t2(7.569925)		3t5(9.191061)	
../../pdbs//2h4i.pdb 4.D
Timestep	Standard Nomenclature	Ring conformation
1			4C1		4d1(0.558453)		6d3(3.719235)		2d5(4.533822)	
../../pdbs//2p1s.pdb 4.C
Timestep	Standard Nomenclature	Ring conformation
1			OS2		-		6t2(0.846687)		3t5(6.919524)	
../../pdbs//2p1s.pdb 3.C
Timestep	Standard Nomenclature	Ring conformation
1			-		56q(1.167179)		3t1(4.945375)	
