../../pdbs//1xfd.pdb 3.F
Timestep	Standard Nomenclature	Ring conformation
1			4C1		6d3(0.448836)		4d1(2.274679)		2d5(2.725335)	
../../pdbs//1xfd.pdb 2.F
Timestep	Standard Nomenclature	Ring conformation
1			4C1		4d1(0.613290)		2d5(6.359765)		6d3(6.922978)	
../../pdbs//1xfd.pdb 3.W
Timestep	Standard Nomenclature	Ring conformation
1			4C1		6d3(1.146152)		4d1(4.723688)		2d5(5.868214)	
../../pdbs//1xfd.pdb 2.W
Timestep	Standard Nomenclature	Ring conformation
1			4C1		4d1(3.131660)		6d3(5.804624)		2d5(8.876914)	
../../pdbs//1xfd.pdb 3.L
Timestep	Standard Nomenclature	Ring conformation
1			4C1		4d1(0.935016)		6d3(3.999220)		2d5(4.910502)	
../../pdbs//1xfd.pdb 2.L
Timestep	Standard Nomenclature	Ring conformation
1			4C1		4d1(1.737659)		6d3(5.928556)		2d5(7.705055)	
../../pdbs//1xfd.pdb 3.R
Timestep	Standard Nomenclature	Ring conformation
1			4C1		4d1(0.372969)		2d5(4.948375)		6d3(5.276250)	
../../pdbs//1xfd.pdb 2.R
Timestep	Standard Nomenclature	Ring conformation
1			4C1		4d1(0.443999)		6d3(1.457542)		2d5(1.735497)	
../../pdbs//1fl7.pdb 3.I
Timestep	Standard Nomenclature	Ring conformation
1			4C1		2d5(0.481411)		6d3(2.849647)		4d1(3.153680)	
../../pdbs//1fl7.pdb 2.I
Timestep	Standard Nomenclature	Ring conformation
1			O3B		36d(1.283231)		q45(5.878860)		q12(7.965243)	
../../pdbs//2doj.pdb 3.C
Timestep	Standard Nomenclature	Ring conformation
1			-		16q(7.554670)		3t5(8.818771)	
../../pdbs//2doj.pdb 2.C
Timestep	Standard Nomenclature	Ring conformation
1			1S3		1t3(2.753361)		4t6(4.218541)	
../../pdbs//1flc.pdb 3.U
Timestep	Standard Nomenclature	Ring conformation
1			4C1		2d5(2.212109)		6d3(2.965070)		4d1(4.924815)	
../../pdbs//1flc.pdb 2.U
Timestep	Standard Nomenclature	Ring conformation
1			-		4d1(2.397285)		t35(6.316505)	
../../pdbs//1flc.pdb 3.K
Timestep	Standard Nomenclature	Ring conformation
1			4C1		6d3(0.321475)		2d5(3.170228)		4d1(3.341392)	
../../pdbs//1flc.pdb 2.K
Timestep	Standard Nomenclature	Ring conformation
1			-		4d1(5.539045)		t35(8.648128)	
../../pdbs//1flc.pdb 3.P
Timestep	Standard Nomenclature	Ring conformation
1			4C1		4d1(0.071811)		6d3(1.916437)		2d5(2.087113)	
../../pdbs//1flc.pdb 2.P
Timestep	Standard Nomenclature	Ring conformation
1			-		1t3(5.855191)	
../../pdbs//2fa7.pdb 3.C
Timestep	Standard Nomenclature	Ring conformation
1			-		4t6(4.920178)		q23(7.273541)	
../../pdbs//2fa7.pdb 2.C
Timestep	Standard Nomenclature	Ring conformation
1			1S3		1t3(7.323536)		4t6(8.180874)	
../../pdbs//1ozn.pdb 3.B
Timestep	Standard Nomenclature	Ring conformation
1			O3B		q45(1.019702)		36d(2.387044)		q12(3.340857)	
../../pdbs//1ozn.pdb 2.B
Timestep	Standard Nomenclature	Ring conformation
1			1S3		1t3(2.694275)		4t6(2.797835)	
../../pdbs//3cig.pdb 3.F
Timestep	Standard Nomenclature	Ring conformation
1			B14		6t4(9.069179)		23q(9.154671)		d14(9.680804)		56q(9.801003)	
../../pdbs//3cig.pdb 2.F
Timestep	Standard Nomenclature	Ring conformation
1			1S3		4t6(4.927037)		1t3(6.934931)	
../../pdbs//3iaz.pdb 3.C
Timestep	Standard Nomenclature	Ring conformation
1			-		4t6(5.876456)	
../../pdbs//3iaz.pdb 2.C
Timestep	Standard Nomenclature	Ring conformation
1			1S3		1t3(5.139849)		4t6(5.765063)	
../../pdbs//2ifg.pdb 3.I
Timestep	Standard Nomenclature	Ring conformation
1			OS2		-		6t2(5.805971)		3t5(8.501452)	
../../pdbs//2ifg.pdb 2.I
Timestep	Standard Nomenclature	Ring conformation
1			1C4		1d4(0.387231)		5d2(4.300493)		3d6(4.537968)	
../../pdbs//2ifg.pdb 3.D
Timestep	Standard Nomenclature	Ring conformation
1			OS2		-		6t2(3.111695)		3t5(6.268946)	
../../pdbs//2ifg.pdb 2.D
Timestep	Standard Nomenclature	Ring conformation
1			14B		q56(3.410416)		14d(6.228625)		q23(9.596189)	
../../pdbs//2ifg.pdb 3.L
Timestep	Standard Nomenclature	Ring conformation
1			OS2		-		6t2(2.397880)		3t5(5.215125)	
../../pdbs//2ifg.pdb 2.L
Timestep	Standard Nomenclature	Ring conformation
1			1C4		1d4(0.985403)		3d6(2.185256)		5d2(3.397622)	
../../pdbs//2ifg.pdb 3.O
Timestep	Standard Nomenclature	Ring conformation
1			OS2		-		6t2(3.958650)		3t5(7.273690)	
../../pdbs//2ifg.pdb 2.O
Timestep	Standard Nomenclature	Ring conformation
1			1S3		1t3(4.120808)		4t6(7.551608)	
../../pdbs//3ciy.pdb 3.P
Timestep	Standard Nomenclature	Ring conformation
1			4C1		2d5(1.670253)		4d1(3.041372)		6d3(4.790892)	
../../pdbs//3ciy.pdb 2.P
Timestep	Standard Nomenclature	Ring conformation
1			BO3		45q(4.708676)		d36(7.268693)		12q(8.554670)	
../../pdbs//1n1m.pdb 3.F
Timestep	Standard Nomenclature	Ring conformation
1			4C1		4d1(0.364928)		2d5(4.434225)		6d3(4.637129)	
../../pdbs//1n1m.pdb 2.F
Timestep	Standard Nomenclature	Ring conformation
1			-		4d1(2.943390)		2d5(8.093219)	
../../pdbs//1u8e.pdb 3.F
Timestep	Standard Nomenclature	Ring conformation
1			4C1		6d3(0.526985)		2d5(0.689558)		4d1(1.294783)	
../../pdbs//1u8e.pdb 2.F
Timestep	Standard Nomenclature	Ring conformation
1			-		2d5(0.334328)		46t(8.312795)		6d3(9.083085)		4d1(9.619096)	
../../pdbs//2aos.pdb 3.C
Timestep	Standard Nomenclature	Ring conformation
1			-		6d3(2.892469)		4d1(5.851262)		24t(7.111023)		t35(8.618009)		2d5(8.749068)	
../../pdbs//2aos.pdb 2.C
Timestep	Standard Nomenclature	Ring conformation
1			14B		q56(0.253988)		14d(1.132263)		q23(3.488548)	
../../pdbs//1tk3.pdb 3.F
Timestep	Standard Nomenclature	Ring conformation
1			4C1		6d3(0.016296)		4d1(1.027567)		2d5(1.176710)	
../../pdbs//1tk3.pdb 2.F
Timestep	Standard Nomenclature	Ring conformation
1			-		2d5(3.317559)		4d1(7.498139)	
../../pdbs//3k24.pdb 3.E
Timestep	Standard Nomenclature	Ring conformation
1			-		34q(7.431975)		1t5(9.576671)	
../../pdbs//3k24.pdb 2.E
Timestep	Standard Nomenclature	Ring conformation
1			-		12q(4.062934)		1q6(5.429278)		1t3(9.222113)		15t(9.765785)	
../../pdbs//1tkr.pdb 3.F
Timestep	Standard Nomenclature	Ring conformation
1			4C1		2d5(1.164867)		4d1(1.223601)		6d3(2.488366)	
../../pdbs//1tkr.pdb 2.F
Timestep	Standard Nomenclature	Ring conformation
1			-		2d5(3.022870)		46t(9.175863)	
../../pdbs//6p3r.pdb 3.G
Timestep	Standard Nomenclature	Ring conformation
1			4C1		4d1(0.031492)		2d5(2.970862)		6d3(2.979885)	
../../pdbs//6p3r.pdb 2.G
Timestep	Standard Nomenclature	Ring conformation
1			BO3		12q(7.141828)		d36(9.758703)		45q(9.789328)	
../../pdbs//2z7x.pdb 3.D
Timestep	Standard Nomenclature	Ring conformation
1			1C4		1d4(1.831320)		3d6(4.691747)		5d2(6.697759)	
../../pdbs//2z7x.pdb 2.D
Timestep	Standard Nomenclature	Ring conformation
1			1C4		1d4(4.287297)		5d2(4.764958)		3d6(8.698487)	
../../pdbs//1zu8.pdb 3.C
Timestep	Standard Nomenclature	Ring conformation
1			-		q23(0.114586)		45q(5.758679)		1t3(5.861487)		4q3(8.451722)		d36(9.709557)	
../../pdbs//1zu8.pdb 2.C
Timestep	Standard Nomenclature	Ring conformation
1			-		1t3(3.802440)		q56(4.166201)	
