../../pdbs//2zmn.pdb 2.M
Timestep	Standard Nomenclature	Ring conformation
1			4C1		2d5(0.670628)		4d1(1.733575)		6d3(2.557504)	
../../pdbs//2zmn.pdb 1.M
Timestep	Standard Nomenclature	Ring conformation
1			4C1		6d3(1.042665)		4d1(1.255005)		2d5(2.656853)	
../../pdbs//2zmn.pdb 2.J
Timestep	Standard Nomenclature	Ring conformation
1			4C1		4d1(1.274047)		6d3(7.167532)		2d5(8.292855)	
../../pdbs//2zmn.pdb 1.J
Timestep	Standard Nomenclature	Ring conformation
1			4C1		2d5(2.362503)		6d3(3.421143)		4d1(5.354990)	
../../pdbs//2zmn.pdb 2.G
Timestep	Standard Nomenclature	Ring conformation
1			4C1		4d1(0.131315)		6d3(0.430121)		2d5(0.822520)	
../../pdbs//2zmn.pdb 1.G
Timestep	Standard Nomenclature	Ring conformation
1			4C1		6d3(2.730500)		2d5(3.085684)		4d1(5.988619)	
../../pdbs//2zmn.pdb 2.O
Timestep	Standard Nomenclature	Ring conformation
1			4C1		4d1(0.987156)		2d5(1.770150)		6d3(2.519948)	
../../pdbs//2zmn.pdb 1.O
Timestep	Standard Nomenclature	Ring conformation
1			4C1		4d1(1.987013)		6d3(2.123075)		2d5(3.892142)	
../../pdbs//2dvg.pdb 2.E
Timestep	Standard Nomenclature	Ring conformation
1			4C1		2d5(0.349290)		4d1(0.675765)		6d3(0.729757)	
../../pdbs//2dvg.pdb 1.E
Timestep	Standard Nomenclature	Ring conformation
1			4C1		4d1(0.283954)		6d3(1.289174)		2d5(1.909085)	
../../pdbs//1ugy.pdb 2.K
Timestep	Standard Nomenclature	Ring conformation
1			4C1		4d1(0.848835)		6d3(1.232938)		2d5(2.020302)	
../../pdbs//1ugy.pdb 1.K
Timestep	Standard Nomenclature	Ring conformation
1			4C1		2d5(1.005604)		4d1(6.821035)		6d3(7.692283)	
../../pdbs//1ugy.pdb 2.L
Timestep	Standard Nomenclature	Ring conformation
1			4C1		6d3(1.476988)		2d5(2.582060)		4d1(4.135287)	
../../pdbs//1ugy.pdb 1.L
Timestep	Standard Nomenclature	Ring conformation
1			4C1		2d5(0.405941)		6d3(1.517390)		4d1(1.771674)	
../../pdbs//2zx3.pdb 2.F
Timestep	Standard Nomenclature	Ring conformation
1			4C1		6d3(1.193668)		2d5(1.541567)		4d1(2.792093)	
../../pdbs//2zx3.pdb 1.F
Timestep	Standard Nomenclature	Ring conformation
1			4C1		4d1(0.522045)		2d5(1.269108)		6d3(1.711514)	
../../pdbs//2zx3.pdb 2.E
Timestep	Standard Nomenclature	Ring conformation
1			4C1		6d3(0.397532)		2d5(2.209236)		4d1(2.504831)	
../../pdbs//2zx3.pdb 1.E
Timestep	Standard Nomenclature	Ring conformation
1			4C1		4d1(1.070167)		6d3(2.670994)		2d5(3.736916)	
../../pdbs//2zx3.pdb 2.D
Timestep	Standard Nomenclature	Ring conformation
1			4C1		4d1(1.379584)		2d5(4.925434)		6d3(6.241045)	
../../pdbs//2zx3.pdb 1.D
Timestep	Standard Nomenclature	Ring conformation
1			4C1		4d1(1.152938)		6d3(5.295242)		2d5(6.469842)	
../../pdbs//2zx3.pdb 2.C
Timestep	Standard Nomenclature	Ring conformation
1			4C1		2d5(0.759063)		4d1(3.932945)		6d3(4.370990)	
../../pdbs//2zx3.pdb 1.C
Timestep	Standard Nomenclature	Ring conformation
1			4C1		2d5(1.375825)		6d3(4.562571)		4d1(5.952421)	
