../../pdbs//4rm0.pdb 3.D
Timestep	Standard Nomenclature	Ring conformation
1			1C4		5d2(1.223463)		3d6(5.188212)		1d4(6.772413)	
../../pdbs//4rm0.pdb 1.D
Timestep	Standard Nomenclature	Ring conformation
1			4C1		4d1(0.963740)		6d3(1.687271)		2d5(3.080947)	
../../pdbs//4wzl.pdb 3.C
Timestep	Standard Nomenclature	Ring conformation
1			1C4		3d6(0.021040)		1d4(5.130795)		5d2(5.144732)	
../../pdbs//4wzl.pdb 1.C
Timestep	Standard Nomenclature	Ring conformation
1			4C1		4d1(0.695764)		2d5(0.894140)		6d3(1.639990)	
../../pdbs//4wzl.pdb 3.D
Timestep	Standard Nomenclature	Ring conformation
1			1C4		3d6(0.034108)		5d2(5.085193)		1d4(5.122120)	
../../pdbs//4wzl.pdb 1.D
Timestep	Standard Nomenclature	Ring conformation
1			4C1		4d1(0.718212)		2d5(0.844048)		6d3(1.630646)	
../../pdbs//4rdk.pdb 4.C
Timestep	Standard Nomenclature	Ring conformation
1			1C4		1d4(0.972460)		3d6(1.943549)		5d2(2.069674)	
../../pdbs//4rdk.pdb 1.C
Timestep	Standard Nomenclature	Ring conformation
1			4C1		2d5(1.040783)		4d1(2.472089)		6d3(3.730122)	
../../pdbs//4rdk.pdb 4.D
Timestep	Standard Nomenclature	Ring conformation
1			1C4		5d2(0.304656)		1d4(1.954857)		3d6(2.343727)	
../../pdbs//4rdk.pdb 1.D
Timestep	Standard Nomenclature	Ring conformation
1			4C1		2d5(1.491575)		6d3(1.625901)		4d1(2.855261)	
../../pdbs//3lek.pdb 4.B
Timestep	Standard Nomenclature	Ring conformation
1			1C4		3d6(1.328815)		1d4(1.979525)		5d2(3.332097)	
../../pdbs//3lek.pdb 1.B
Timestep	Standard Nomenclature	Ring conformation
1			4C1		2d5(0.408441)		4d1(4.779823)		6d3(5.108368)	
../../pdbs//7vs8.pdb 4.C
Timestep	Standard Nomenclature	Ring conformation
1			1C4		5d2(0.020378)		3d6(5.203309)		1d4(5.506691)	
../../pdbs//7vs8.pdb 1.C
Timestep	Standard Nomenclature	Ring conformation
1			4C1		6d3(1.067299)		2d5(2.441484)		4d1(3.479820)	
../../pdbs//7vs8.pdb 4.D
Timestep	Standard Nomenclature	Ring conformation
1			1C4		5d2(0.718269)		1d4(3.967471)		3d6(4.135832)	
../../pdbs//7vs8.pdb 1.D
Timestep	Standard Nomenclature	Ring conformation
1			4C1		6d3(0.106915)		2d5(2.611537)		4d1(2.685783)	
