WARNING:
Replacing fetcher for 'pdb_nmr' and format NMRSTAR from NMRSTAR bundle with that from NMRSTAR bundle
INFO:
UCSF ChimeraX version: 1.6.1 (2023-05-09)
INFO:
© 2016-2023 Regents of the University of California.  All rights reserved.
INFO:
Executing: open ./calc_dihedral_chimerax/calc_dihedral_part_26.cxc
INFO:
Executing: close #1
INFO:
Executing: open ../../../pdbs/5iqz.pdb
INFO:
_5iqz.pdb_ title:  
 **Crystal structure of N-terminal domain of human SIRT7**
[[more info...]](cxcmd:log metadata #1)  
  

INFO:
Chain information for 5iqz.pdb #1  
---  
Chain | Description  
[A](cxcmd:select /A:-368-61 "Select chain") | [SIRT7 protein](cxcmd:sequence
chain #1/A "Show sequence")  
  

INFO:
Non-standard residues in 5iqz.pdb #1  
---  
[GLC](cxcmd:sel :GLC "select residue") — [α-D-
glucopyranose](http://www.rcsb.org/ligand/GLC "show residue info") (α-D-
glucose; D-glucose; glucose)  
  

INFO:
Executing: torsion /B:2@C2 /B:2@C1 /B:1@O4 /B:1@C4
INFO:
Torsion angle for atoms /B GLC 2 C2 C1 GLC 1 O4 C4 is -136.449°
INFO:
Executing: torsion /B:2@C1 /B:1@O4 /B:1@C4 /B:1@C5
INFO:
Torsion angle for atoms /B GLC 2 C1 GLC 1 O4 C4 C5 is -143.84°
INFO:
Executing: close #1
INFO:
Executing: open ../../../pdbs/3p7h.pdb
INFO:
_3p7h.pdb_ title:  
 **Structure of the human langerin carbohydrate recognition domain In complex
with maltose** [[more info...]](cxcmd:log metadata #1)  
  

INFO:
Chain information for 3p7h.pdb #1  
---  
Chain | Description | UniProt  
[A](cxcmd:select /A:198-332 "Select chain") [B](cxcmd:select /B:196-325
"Select chain") [C](cxcmd:select /C:198-331 "Select chain") [D](cxcmd:select
/D:196-325 "Select chain") | [langerin](cxcmd:sequence chain #1/A#1/B#1/C#1/D
"Show sequence") | [CLC4K_HUMAN](cxcmd:open Q9UJ71 from uniprot "Show
annotations") [193-328](cxcmd:select #1/A,B,C,D:193-328 "Select sequence")  
  

INFO:
Non-standard residues in 3p7h.pdb #1  
---  
[CA](cxcmd:sel :CA "select residue") — [calcium
ion](http://www.rcsb.org/ligand/CA "show residue info")  
[GLC](cxcmd:sel :GLC "select residue") — [α-D-
glucopyranose](http://www.rcsb.org/ligand/GLC "show residue info") (α-D-
glucose; D-glucose; glucose)  
  

INFO:
Executing: torsion /H:2@C2 /H:2@C1 /H:1@O4 /H:1@C4
INFO:
Torsion angle for atoms /H GLC 2 C2 C1 GLC 1 O4 C4 is 171.976°
INFO:
Executing: torsion /H:2@C1 /H:1@O4 /H:1@C4 /H:1@C5
INFO:
Torsion angle for atoms /H GLC 2 C1 GLC 1 O4 C4 C5 is -147.523°
INFO:
Executing: close #1
INFO:
Executing: open ../../../pdbs/3p7h.pdb
INFO:
_3p7h.pdb_ title:  
 **Structure of the human langerin carbohydrate recognition domain In complex
with maltose** [[more info...]](cxcmd:log metadata #1)  
  

INFO:
Chain information for 3p7h.pdb #1  
---  
Chain | Description | UniProt  
[A](cxcmd:select /A:198-332 "Select chain") [B](cxcmd:select /B:196-325
"Select chain") [C](cxcmd:select /C:198-331 "Select chain") [D](cxcmd:select
/D:196-325 "Select chain") | [langerin](cxcmd:sequence chain #1/A#1/B#1/C#1/D
"Show sequence") | [CLC4K_HUMAN](cxcmd:open Q9UJ71 from uniprot "Show
annotations") [193-328](cxcmd:select #1/A,B,C,D:193-328 "Select sequence")  
  

INFO:
Non-standard residues in 3p7h.pdb #1  
---  
[CA](cxcmd:sel :CA "select residue") — [calcium
ion](http://www.rcsb.org/ligand/CA "show residue info")  
[GLC](cxcmd:sel :GLC "select residue") — [α-D-
glucopyranose](http://www.rcsb.org/ligand/GLC "show residue info") (α-D-
glucose; D-glucose; glucose)  
  

INFO:
Executing: torsion /G:2@C2 /G:2@C1 /G:1@O4 /G:1@C4
INFO:
Torsion angle for atoms /G GLC 2 C2 C1 GLC 1 O4 C4 is -154.506°
INFO:
Executing: torsion /G:2@C1 /G:1@O4 /G:1@C4 /G:1@C5
INFO:
Torsion angle for atoms /G GLC 2 C1 GLC 1 O4 C4 C5 is -130.799°
INFO:
Executing: close #1
INFO:
Executing: open ../../../pdbs/3p7h.pdb
INFO:
_3p7h.pdb_ title:  
 **Structure of the human langerin carbohydrate recognition domain In complex
with maltose** [[more info...]](cxcmd:log metadata #1)  
  

INFO:
Chain information for 3p7h.pdb #1  
---  
Chain | Description | UniProt  
[A](cxcmd:select /A:198-332 "Select chain") [B](cxcmd:select /B:196-325
"Select chain") [C](cxcmd:select /C:198-331 "Select chain") [D](cxcmd:select
/D:196-325 "Select chain") | [langerin](cxcmd:sequence chain #1/A#1/B#1/C#1/D
"Show sequence") | [CLC4K_HUMAN](cxcmd:open Q9UJ71 from uniprot "Show
annotations") [193-328](cxcmd:select #1/A,B,C,D:193-328 "Select sequence")  
  

INFO:
Non-standard residues in 3p7h.pdb #1  
---  
[CA](cxcmd:sel :CA "select residue") — [calcium
ion](http://www.rcsb.org/ligand/CA "show residue info")  
[GLC](cxcmd:sel :GLC "select residue") — [α-D-
glucopyranose](http://www.rcsb.org/ligand/GLC "show residue info") (α-D-
glucose; D-glucose; glucose)  
  

INFO:
Executing: torsion /F:2@C2 /F:2@C1 /F:1@O4 /F:1@C4
INFO:
Torsion angle for atoms /F GLC 2 C2 C1 GLC 1 O4 C4 is -159.89°
INFO:
Executing: torsion /F:2@C1 /F:1@O4 /F:1@C4 /F:1@C5
INFO:
Torsion angle for atoms /F GLC 2 C1 GLC 1 O4 C4 C5 is -147.623°
INFO:
Executing: close #1
INFO:
Executing: open ../../../pdbs/3p7h.pdb
INFO:
_3p7h.pdb_ title:  
 **Structure of the human langerin carbohydrate recognition domain In complex
with maltose** [[more info...]](cxcmd:log metadata #1)  
  

INFO:
Chain information for 3p7h.pdb #1  
---  
Chain | Description | UniProt  
[A](cxcmd:select /A:198-332 "Select chain") [B](cxcmd:select /B:196-325
"Select chain") [C](cxcmd:select /C:198-331 "Select chain") [D](cxcmd:select
/D:196-325 "Select chain") | [langerin](cxcmd:sequence chain #1/A#1/B#1/C#1/D
"Show sequence") | [CLC4K_HUMAN](cxcmd:open Q9UJ71 from uniprot "Show
annotations") [193-328](cxcmd:select #1/A,B,C,D:193-328 "Select sequence")  
  

INFO:
Non-standard residues in 3p7h.pdb #1  
---  
[CA](cxcmd:sel :CA "select residue") — [calcium
ion](http://www.rcsb.org/ligand/CA "show residue info")  
[GLC](cxcmd:sel :GLC "select residue") — [α-D-
glucopyranose](http://www.rcsb.org/ligand/GLC "show residue info") (α-D-
glucose; D-glucose; glucose)  
  

INFO:
Executing: torsion /E:2@C2 /E:2@C1 /E:1@O4 /E:1@C4
INFO:
Torsion angle for atoms /E GLC 2 C2 C1 GLC 1 O4 C4 is -124.872°
INFO:
Executing: torsion /E:2@C1 /E:1@O4 /E:1@C4 /E:1@C5
INFO:
Torsion angle for atoms /E GLC 2 C1 GLC 1 O4 C4 C5 is -132.14°
INFO:
Executing: close #1
INFO:
Executing: open ../../../pdbs/3q25.pdb
INFO:
_3q25.pdb_ title:  
 **Crystal structure of human α-synuclein (1-19) fused to maltose binding
protein (MBP)** [[more info...]](cxcmd:log metadata #1)  
  

INFO:
Chain information for 3q25.pdb #1  
---  
Chain | Description | UniProt  
[A](cxcmd:select /A:3-390 "Select chain") | [maltose-binding periplasmic
protein/α-synuclein chimeric protein](cxcmd:sequence chain #1/A "Show
sequence") | [MALE_ECOLI](cxcmd:open P0AEX9 from uniprot "Show annotations")
[2-367](cxcmd:select #1/A:2-367 "Select sequence"), [SYUA_HUMAN](cxcmd:open
P37840 from uniprot "Show annotations") [372-390](cxcmd:select #1/A:372-390
"Select sequence")  
  

INFO:
Non-standard residues in 3q25.pdb #1  
---  
[GLC](cxcmd:sel :GLC "select residue") — [α-D-
glucopyranose](http://www.rcsb.org/ligand/GLC "show residue info") (α-D-
glucose; D-glucose; glucose)  
[GOL](cxcmd:sel :GOL "select residue") —
[glycerol](http://www.rcsb.org/ligand/GOL "show residue info") (glycerin;
propane-1,2,3-triol)  
[SO4](cxcmd:sel :SO4 "select residue") — [sulfate
ion](http://www.rcsb.org/ligand/SO4 "show residue info")  
  

INFO:
Executing: torsion /B:2@C2 /B:2@C1 /B:1@O4 /B:1@C4
INFO:
Torsion angle for atoms /B GLC 2 C2 C1 GLC 1 O4 C4 is -136.935°
INFO:
Executing: torsion /B:2@C1 /B:1@O4 /B:1@C4 /B:1@C5
INFO:
Torsion angle for atoms /B GLC 2 C1 GLC 1 O4 C4 C5 is -138.184°
INFO:
Executing: close #1
INFO:
Executing: open ../../../pdbs/5az7.pdb
INFO:
_5az7.pdb_ title:  
 **Crystal structure of MBP-TOM20 fusion protein with A 4-residue spacer In
the connector helix** [[more info...]](cxcmd:log metadata #1)  
  

INFO:
Chain information for 5az7.pdb #1  
---  
Chain | Description | UniProt  
[A](cxcmd:select /A:1-434 "Select chain") | [maltose-binding periplasmic
protein,mitochondrial import receptor subunit TOM20 homolog](cxcmd:sequence
chain #1/A "Show sequence") | [MALE_ECOLI](cxcmd:open P0AEX9 from uniprot
"Show annotations") [1-368](cxcmd:select #1/A:1-368 "Select sequence"),
[TOM20_RAT](cxcmd:open Q62760 from uniprot "Show annotations")
[373-434](cxcmd:select #1/A:373-434 "Select sequence")  
  

INFO:
Non-standard residues in 5az7.pdb #1  
---  
[GLC](cxcmd:sel :GLC "select residue") — [α-D-
glucopyranose](http://www.rcsb.org/ligand/GLC "show residue info") (α-D-
glucose; D-glucose; glucose)  
  

INFO:
Executing: torsion /B:2@C2 /B:2@C1 /B:1@O4 /B:1@C4
INFO:
Torsion angle for atoms /B GLC 2 C2 C1 GLC 1 O4 C4 is -133.638°
INFO:
Executing: torsion /B:2@C1 /B:1@O4 /B:1@C4 /B:1@C5
INFO:
Torsion angle for atoms /B GLC 2 C1 GLC 1 O4 C4 C5 is -140.121°
INFO:
Executing: close #1
INFO:
Executing: open ../../../pdbs/1hx0.pdb
INFO:
_1hx0.pdb_ title:  
 **Structure of pig pancreatic α-amylase complexed with the "truncate"
acarbose molecule (pseudotrisaccharide)** [[more info...]](cxcmd:log metadata
#1)  
  

INFO:
Chain information for 1hx0.pdb #1  
---  
Chain | Description | UniProt  
[A](cxcmd:select /A:1-496 "Select chain") | [α amylase (ppa)](cxcmd:sequence
chain #1/A "Show sequence") | [AMYP_PIG](cxcmd:open P00690 from uniprot "Show
annotations") [1-496](cxcmd:select #1/A:1-496 "Select sequence")  
  

INFO:
Non-standard residues in 1hx0.pdb #1  
---  
[AC1](cxcmd:sel :AC1 "select residue") —
[4,6-dideoxy-4-{[(1S,4R,5S,6S)-4,5,6-trihydroxy-3-(hydroxymethyl)cyclohex-2-en-1-yl]amino}-α-D-
glucopyranose](http://www.rcsb.org/ligand/AC1 "show residue info")
(6-methyl-5-(4,5,6-trihydroxy-3-hydroxymethyl-
cyclohex-2-enylamino)-tetrahydro-pyran-2,3,4-triol;
4,6-dideoxy-4-{[(1S,4R,5S,6S)-4,5,6-trihydroxy-3-(hydroxymethyl)cyclohex-2-en-1-yl]amino}-α-D-
glucose;
4,6-dideoxy-4-{[(1S,4R,5S,6S)-4,5,6-trihydroxy-3-(hydroxymethyl)cyclohex-2-en-1-yl]amino}-D-glucose;
4,6-dideoxy-4-{[(1S,4R,5S,6S)-4,5,6-trihydroxy-3-(hydroxymethyl)cyclohex-2-en-1-yl]amino}-glucose)  
[BGC](cxcmd:sel :BGC "select residue") — [β-D-
glucopyranose](http://www.rcsb.org/ligand/BGC "show residue info") (β-D-
glucose; D-glucose; glucose)  
[CA](cxcmd:sel :CA "select residue") — [calcium
ion](http://www.rcsb.org/ligand/CA "show residue info")  
[CL](cxcmd:sel :CL "select residue") — [chloride
ion](http://www.rcsb.org/ligand/CL "show residue info")  
[EDO](cxcmd:sel :EDO "select residue") —
[1,2-ethanediol](http://www.rcsb.org/ligand/EDO "show residue info") (ethylene
glycol)  
[GLC](cxcmd:sel :GLC "select residue") — [α-D-
glucopyranose](http://www.rcsb.org/ligand/GLC "show residue info") (α-D-
glucose; D-glucose; glucose)  
  

INFO:
Executing: torsion /C:2@C2 /C:2@C1 /C:1@O4 /C:1@C4
INFO:
Torsion angle for atoms /C GLC 2 C2 C1 GLC 1 O4 C4 is -107.289°
INFO:
Executing: torsion /C:2@C1 /C:1@O4 /C:1@C4 /C:1@C5
INFO:
Torsion angle for atoms /C GLC 2 C1 GLC 1 O4 C4 C5 is -108.138°
INFO:
Executing: close #1
INFO:
Executing: open ../../../pdbs/6ybj.pdb
INFO:
_6ybj.pdb_ title:  
 **Structure of MBP-MCL-1 In complex with compound 3E**
[[more info...]](cxcmd:log metadata #1)  
  

INFO:
Chain information for 6ybj.pdb #1  
---  
Chain | Description | UniProt  
[A](cxcmd:select /A:-195-321 "Select chain") | [maltose/maltodextrin-binding
periplasmic protein,induced myeloid leukemia cell differentiation protein
MCL-1](cxcmd:sequence chain #1/A "Show sequence") | [MALE_ECO57](cxcmd:open
P0AEY0 from uniprot "Show annotations") [-195-170](cxcmd:select #1/A:-195-170
"Select sequence"), [MCL1_HUMAN](cxcmd:open Q07820 from uniprot "Show
annotations") [173-321](cxcmd:select #1/A:173-321 "Select sequence")  
  

INFO:
Non-standard residues in 6ybj.pdb #1  
---  
[CL](cxcmd:sel :CL "select residue") — [chloride
ion](http://www.rcsb.org/ligand/CL "show residue info")  
[GLC](cxcmd:sel :GLC "select residue") — [α-D-
glucopyranose](http://www.rcsb.org/ligand/GLC "show residue info") (α-D-
glucose; D-glucose; glucose)  
[OJW](cxcmd:sel :OJW "select residue") —
[(2~{R})-2-[5-[3-chloranyl-2-methyl-4-[2-(4-methylpiperazin-1-yl)ethoxy]phenyl]-6-(5-fluoranylfuran-2-yl)thieno[2,3-D]pyrimidin-4-yl]oxy-3-[2-[(2-methylpyrazol-3-yl)methoxy]phenyl]propanoicacid](http://www.rcsb.org/ligand/OJW
"show residue info")  
  

INFO:
Executing: torsion /B:2@C2 /B:2@C1 /B:1@O4 /B:1@C4
INFO:
Torsion angle for atoms /B GLC 2 C2 C1 GLC 1 O4 C4 is -139.228°
INFO:
Executing: torsion /B:2@C1 /B:1@O4 /B:1@C4 /B:1@C5
INFO:
Torsion angle for atoms /B GLC 2 C1 GLC 1 O4 C4 C5 is -137.647°
INFO:
Executing: close #1
INFO:
Executing: open ../../../pdbs/5h06.pdb
INFO:
_5h06.pdb_ title:  
 **Crystal structure of amyp In complex with maltose**
[[more info...]](cxcmd:log metadata #1)  
  

INFO:
Chain information for 5h06.pdb #1  
---  
Chain | Description  
[A](cxcmd:select /A:0-496 "Select chain") [B](cxcmd:select /B:0-498 "Select
chain") [C](cxcmd:select /C:0-496 "Select chain") [D](cxcmd:select /D:0-496
"Select chain") | [AMYP](cxcmd:sequence chain #1/A#1/B#1/C#1/D "Show
sequence")  
  

INFO:
Non-standard residues in 5h06.pdb #1  
---  
[CA](cxcmd:sel :CA "select residue") — [calcium
ion](http://www.rcsb.org/ligand/CA "show residue info")  
[GLC](cxcmd:sel :GLC "select residue") — [α-D-
glucopyranose](http://www.rcsb.org/ligand/GLC "show residue info") (α-D-
glucose; D-glucose; glucose)  
  

INFO:
Executing: torsion /F:2@C2 /F:2@C1 /F:1@O4 /F:1@C4
INFO:
Torsion angle for atoms /F GLC 2 C2 C1 GLC 1 O4 C4 is -132.631°
INFO:
Executing: torsion /F:2@C1 /F:1@O4 /F:1@C4 /F:1@C5
INFO:
Torsion angle for atoms /F GLC 2 C1 GLC 1 O4 C4 C5 is -144.801°
INFO:
Executing: close #1
INFO:
Executing: open ../../../pdbs/5h06.pdb
INFO:
_5h06.pdb_ title:  
 **Crystal structure of amyp In complex with maltose**
[[more info...]](cxcmd:log metadata #1)  
  

INFO:
Chain information for 5h06.pdb #1  
---  
Chain | Description  
[A](cxcmd:select /A:0-496 "Select chain") [B](cxcmd:select /B:0-498 "Select
chain") [C](cxcmd:select /C:0-496 "Select chain") [D](cxcmd:select /D:0-496
"Select chain") | [AMYP](cxcmd:sequence chain #1/A#1/B#1/C#1/D "Show
sequence")  
  

INFO:
Non-standard residues in 5h06.pdb #1  
---  
[CA](cxcmd:sel :CA "select residue") — [calcium
ion](http://www.rcsb.org/ligand/CA "show residue info")  
[GLC](cxcmd:sel :GLC "select residue") — [α-D-
glucopyranose](http://www.rcsb.org/ligand/GLC "show residue info") (α-D-
glucose; D-glucose; glucose)  
  

INFO:
Executing: torsion /G:2@C2 /G:2@C1 /G:1@O4 /G:1@C4
INFO:
Torsion angle for atoms /G GLC 2 C2 C1 GLC 1 O4 C4 is -130.421°
INFO:
Executing: torsion /G:2@C1 /G:1@O4 /G:1@C4 /G:1@C5
INFO:
Torsion angle for atoms /G GLC 2 C1 GLC 1 O4 C4 C5 is -148.318°
INFO:
Executing: close #1
INFO:
Executing: open ../../../pdbs/5h06.pdb
INFO:
_5h06.pdb_ title:  
 **Crystal structure of amyp In complex with maltose**
[[more info...]](cxcmd:log metadata #1)  
  

INFO:
Chain information for 5h06.pdb #1  
---  
Chain | Description  
[A](cxcmd:select /A:0-496 "Select chain") [B](cxcmd:select /B:0-498 "Select
chain") [C](cxcmd:select /C:0-496 "Select chain") [D](cxcmd:select /D:0-496
"Select chain") | [AMYP](cxcmd:sequence chain #1/A#1/B#1/C#1/D "Show
sequence")  
  

INFO:
Non-standard residues in 5h06.pdb #1  
---  
[CA](cxcmd:sel :CA "select residue") — [calcium
ion](http://www.rcsb.org/ligand/CA "show residue info")  
[GLC](cxcmd:sel :GLC "select residue") — [α-D-
glucopyranose](http://www.rcsb.org/ligand/GLC "show residue info") (α-D-
glucose; D-glucose; glucose)  
  

INFO:
Executing: torsion /H:2@C2 /H:2@C1 /H:1@O4 /H:1@C4
INFO:
Torsion angle for atoms /H GLC 2 C2 C1 GLC 1 O4 C4 is -133.276°
INFO:
Executing: torsion /H:2@C1 /H:1@O4 /H:1@C4 /H:1@C5
INFO:
Torsion angle for atoms /H GLC 2 C1 GLC 1 O4 C4 C5 is -144.05°
INFO:
Executing: close #1
INFO:
Executing: open ../../../pdbs/5h06.pdb
INFO:
_5h06.pdb_ title:  
 **Crystal structure of amyp In complex with maltose**
[[more info...]](cxcmd:log metadata #1)  
  

INFO:
Chain information for 5h06.pdb #1  
---  
Chain | Description  
[A](cxcmd:select /A:0-496 "Select chain") [B](cxcmd:select /B:0-498 "Select
chain") [C](cxcmd:select /C:0-496 "Select chain") [D](cxcmd:select /D:0-496
"Select chain") | [AMYP](cxcmd:sequence chain #1/A#1/B#1/C#1/D "Show
sequence")  
  

INFO:
Non-standard residues in 5h06.pdb #1  
---  
[CA](cxcmd:sel :CA "select residue") — [calcium
ion](http://www.rcsb.org/ligand/CA "show residue info")  
[GLC](cxcmd:sel :GLC "select residue") — [α-D-
glucopyranose](http://www.rcsb.org/ligand/GLC "show residue info") (α-D-
glucose; D-glucose; glucose)  
  

INFO:
Executing: torsion /E:2@C2 /E:2@C1 /E:1@O4 /E:1@C4
INFO:
Torsion angle for atoms /E GLC 2 C2 C1 GLC 1 O4 C4 is -131.809°
INFO:
Executing: torsion /E:2@C1 /E:1@O4 /E:1@C4 /E:1@C5
INFO:
Torsion angle for atoms /E GLC 2 C1 GLC 1 O4 C4 C5 is -146.94°
INFO:
Executing: close #1
INFO:
Executing: open ../../../pdbs/3ehs.pdb
INFO:
_3ehs.pdb_ title:  
 **Crystal structure of the extracellular domain of human corticotropin
releasing factor receptor type 1 (CRFR1)** [[more info...]](cxcmd:log metadata
#1)  
  

INFO:
Chain information for 3ehs.pdb #1  
---  
Chain | Description | UniProt  
[A](cxcmd:select /A:-348-108 "Select chain") | [fusion protein of CRFR1
extracellular domain and MBP](cxcmd:sequence chain #1/A "Show sequence") |
[MALE_ECOLI](cxcmd:open P0AEX9 from uniprot "Show annotations")
[-349-17](cxcmd:select #1/A:-349-17 "Select sequence"),
[CRFR1_HUMAN](cxcmd:open P34998 from uniprot "Show annotations")
[24-119](cxcmd:select #1/A:24-119 "Select sequence")  
  

INFO:
Non-standard residues in 3ehs.pdb #1  
---  
[GLC](cxcmd:sel :GLC "select residue") — [α-D-
glucopyranose](http://www.rcsb.org/ligand/GLC "show residue info") (α-D-
glucose; D-glucose; glucose)  
  

INFO:
Executing: torsion /B:2@C2 /B:2@C1 /B:1@O4 /B:1@C4
INFO:
Torsion angle for atoms /B GLC 2 C2 C1 GLC 1 O4 C4 is -136.667°
INFO:
Executing: torsion /B:2@C1 /B:1@O4 /B:1@C4 /B:1@C5
INFO:
Torsion angle for atoms /B GLC 2 C1 GLC 1 O4 C4 C5 is -136.825°
INFO:
Executing: close #1
INFO:
Executing: exit
STATUS:
Exiting ...
