../../pdbs//2ds9.pdb 6.C
Timestep	Standard Nomenclature	Ring conformation
1			4C1		2d5(3.003020)		4d1(5.032353)		6d3(7.822430)	
../../pdbs//2ds9.pdb 5.C
Timestep	Standard Nomenclature	Ring conformation
1			B14		56q(4.671552)		23q(6.451687)		d14(6.962693)		2t4(9.587014)	
../../pdbs//2ds9.pdb 5.C
Timestep	Standard Nomenclature	Ring conformation
1			B14		56q(4.671552)		23q(6.451687)		d14(6.962693)		2t4(9.587014)	
../../pdbs//2ds9.pdb 4.C
Timestep	Standard Nomenclature	Ring conformation
1			-		6t4(2.932642)		56q(5.209893)		q12(6.666452)	
../../pdbs//2ds9.pdb 4.C
Timestep	Standard Nomenclature	Ring conformation
1			-		6t4(2.932642)		56q(5.209893)		q12(6.666452)	
../../pdbs//2ds9.pdb 3.C
Timestep	Standard Nomenclature	Ring conformation
1			-		q12(4.451137)		56q(5.038231)		6t4(6.473678)	
../../pdbs//4z7v.pdb 4.K
Timestep	Standard Nomenclature	Ring conformation
1			1S3		1t3(8.859243)		4t6(9.076769)	
../../pdbs//4z7v.pdb 3.K
Timestep	Standard Nomenclature	Ring conformation
1			-		12q(7.612484)	
../../pdbs//5lgj.pdb 5.D
Timestep	Standard Nomenclature	Ring conformation
1			14B		q56(5.248007)		14d(5.276886)		q23(6.546354)	
../../pdbs//5lgj.pdb 4.D
Timestep	Standard Nomenclature	Ring conformation
1			4C1		4d1(0.585737)		2d5(1.788978)		6d3(2.411124)	
../../pdbs//5lgj.pdb 6.D
Timestep	Standard Nomenclature	Ring conformation
1			4C1		2d5(0.165110)		6d3(3.014490)		4d1(3.123161)	
../../pdbs//5lgj.pdb 4.D
Timestep	Standard Nomenclature	Ring conformation
1			4C1		4d1(0.585737)		2d5(1.788978)		6d3(2.411124)	
../../pdbs//1sdx.pdb 5.C
Timestep	Standard Nomenclature	Ring conformation
1			4C1		6d3(0.694483)		2d5(3.077747)		4d1(3.771360)	
../../pdbs//1sdx.pdb 4.C
Timestep	Standard Nomenclature	Ring conformation
1			1C4		1d4(1.063573)		5d2(4.641958)		3d6(6.035573)	
../../pdbs//1sdx.pdb 6.C
Timestep	Standard Nomenclature	Ring conformation
1			-		6d3(0.731237)		4d1(9.969607)		t15(9.990588)	
../../pdbs//1sdx.pdb 4.C
Timestep	Standard Nomenclature	Ring conformation
1			1C4		1d4(1.063573)		5d2(4.641958)		3d6(6.035573)	
../../pdbs//4e36.pdb 4.E
Timestep	Standard Nomenclature	Ring conformation
1			4C1		6d3(1.729705)		4d1(4.212299)		2d5(5.984956)	
../../pdbs//4e36.pdb 3.E
Timestep	Standard Nomenclature	Ring conformation
1			-		6d3(3.598774)		4d1(8.394543)	
../../pdbs//3ib1.pdb 6.C
Timestep	Standard Nomenclature	Ring conformation
1			4C1		4d1(2.373114)		6d3(3.573595)		2d5(6.028172)	
../../pdbs//3ib1.pdb 5.C
Timestep	Standard Nomenclature	Ring conformation
1			-		23q(1.328853)		d14(6.527283)	
../../pdbs//3ib1.pdb 5.C
Timestep	Standard Nomenclature	Ring conformation
1			-		23q(1.328853)		d14(6.527283)	
../../pdbs//3ib1.pdb 4.C
Timestep	Standard Nomenclature	Ring conformation
1			-		6d3(3.726159)		t15(5.066669)		26t(8.078494)		4d1(9.864146)	
../../pdbs//3ib1.pdb 4.C
Timestep	Standard Nomenclature	Ring conformation
1			-		6d3(3.726159)		t15(5.066669)		26t(8.078494)		4d1(9.864146)	
../../pdbs//3ib1.pdb 3.C
Timestep	Standard Nomenclature	Ring conformation
1			OH1		6q1(3.855908)		26t(4.641711)		t15(8.153189)	
../../pdbs//5u8q.pdb 4.D
Timestep	Standard Nomenclature	Ring conformation
1			4C1		4d1(0.167818)		2d5(3.255544)		6d3(3.441220)	
../../pdbs//5u8q.pdb 3.D
Timestep	Standard Nomenclature	Ring conformation
1			4C1		2d5(1.212070)		6d3(2.694966)		4d1(4.565123)	
../../pdbs//2zmb.pdb 6.D
Timestep	Standard Nomenclature	Ring conformation
1			-		2d5(0.653468)		46t(5.051480)	
../../pdbs//2zmb.pdb 5.D
Timestep	Standard Nomenclature	Ring conformation
1			-		q45(6.124290)	
../../pdbs//4xx6.pdb 6.F
Timestep	Standard Nomenclature	Ring conformation
1			BO3		12q(2.774480)		d36(3.657817)		45q(4.263631)	
../../pdbs//4xx6.pdb 5.F
Timestep	Standard Nomenclature	Ring conformation
1			4C1		2d5(3.887970)		4d1(4.503532)		6d3(8.106451)	
../../pdbs//4xx6.pdb 5.F
Timestep	Standard Nomenclature	Ring conformation
1			4C1		2d5(3.887970)		4d1(4.503532)		6d3(8.106451)	
../../pdbs//4xx6.pdb 4.F
Timestep	Standard Nomenclature	Ring conformation
1			4C1		2d5(0.501084)		6d3(0.821761)		4d1(1.481827)	
../../pdbs//3ije.pdb 5.E
Timestep	Standard Nomenclature	Ring conformation
1			4C1		6d3(4.287572)		2d5(5.575256)		4d1(9.878717)	
../../pdbs//3ije.pdb 4.E
Timestep	Standard Nomenclature	Ring conformation
1			4C1		6d3(1.039593)		4d1(7.506352)		2d5(8.635664)	
../../pdbs//1nkx.pdb 6.C
Timestep	Standard Nomenclature	Ring conformation
1			-		6d3(4.220501)		t15(7.694991)		4d1(9.545477)	
../../pdbs//1nkx.pdb 5.C
Timestep	Standard Nomenclature	Ring conformation
1			3S1		6t4(0.815618)		3t1(5.673810)	
../../pdbs//1nkx.pdb 5.C
Timestep	Standard Nomenclature	Ring conformation
1			3S1		6t4(0.815618)		3t1(5.673810)	
../../pdbs//1nkx.pdb 4.C
Timestep	Standard Nomenclature	Ring conformation
1			4C1		4d1(0.570693)		2d5(1.062976)		6d3(1.428144)	
../../pdbs//1qpa.pdb 2.D
Timestep	Standard Nomenclature	Ring conformation
1			4C1		6d3(1.189303)		2d5(1.846946)		4d1(2.481682)	
../../pdbs//1qpa.pdb 1.D
Timestep	Standard Nomenclature	Ring conformation
1			-		4d1(5.148660)		6d3(5.174796)		26t(9.835915)	
../../pdbs//4dvk.pdb 5.C
Timestep	Standard Nomenclature	Ring conformation
1			-		3d6(1.734862)		t24(6.270474)	
../../pdbs//4dvk.pdb 4.C
Timestep	Standard Nomenclature	Ring conformation
1			-		q12(4.235447)		36d(5.995612)		3t5(6.847458)	
../../pdbs//4dvk.pdb 7.E
Timestep	Standard Nomenclature	Ring conformation
1			-		3d6(1.602871)		t24(7.594924)	
../../pdbs//4dvk.pdb 6.E
Timestep	Standard Nomenclature	Ring conformation
1			-		q12(4.404127)		3t5(8.999891)	
../../pdbs//7czf.pdb 4.S
Timestep	Standard Nomenclature	Ring conformation
1			4C1		2d5(0.200346)		4d1(2.557370)		6d3(3.163414)	
../../pdbs//7czf.pdb 3.S
Timestep	Standard Nomenclature	Ring conformation
1			4C1		2d5(0.083542)		4d1(1.093164)		6d3(1.413049)	
../../pdbs//2dxr.pdb 6.D
Timestep	Standard Nomenclature	Ring conformation
1			-		46t(1.196342)		t35(4.092890)		2d5(7.139865)	
../../pdbs//2dxr.pdb 5.D
Timestep	Standard Nomenclature	Ring conformation
1			O3B		q45(8.397425)		q12(8.430052)		36d(9.559981)	
../../pdbs//2dxr.pdb 5.D
Timestep	Standard Nomenclature	Ring conformation
1			O3B		q45(8.397425)		q12(8.430052)		36d(9.559981)	
../../pdbs//2dxr.pdb 4.D
Timestep	Standard Nomenclature	Ring conformation
1			4C1		2d5(0.441452)		6d3(5.527870)		4d1(6.132455)	
../../pdbs//2dxr.pdb 4.D
Timestep	Standard Nomenclature	Ring conformation
1			4C1		2d5(0.441452)		6d3(5.527870)		4d1(6.132455)	
../../pdbs//2dxr.pdb 3.D
Timestep	Standard Nomenclature	Ring conformation
1			-		3t5(0.059066)		16q(2.185401)	
../../pdbs//5f1a.pdb 4.C
Timestep	Standard Nomenclature	Ring conformation
1			-		12q(7.323895)		d36(9.739090)	
../../pdbs//5f1a.pdb 3.C
Timestep	Standard Nomenclature	Ring conformation
1			14B		q56(5.821080)		14d(5.995073)		q23(9.031035)	
../../pdbs//2alu.pdb 6.C
Timestep	Standard Nomenclature	Ring conformation
1			-		4d1(3.088141)		26t(8.356279)	
../../pdbs//2alu.pdb 5.C
Timestep	Standard Nomenclature	Ring conformation
1			-		3t1(3.002557)		56q(3.586077)	
../../pdbs//2alu.pdb 5.C
Timestep	Standard Nomenclature	Ring conformation
1			-		3t1(3.002557)		56q(3.586077)	
../../pdbs//2alu.pdb 4.C
Timestep	Standard Nomenclature	Ring conformation
1			4C1		4d1(2.720832)		6d3(5.068476)		2d5(7.917254)	
../../pdbs//2dsw.pdb 4.B
Timestep	Standard Nomenclature	Ring conformation
1			-		q23(0.766974)		1t3(4.822613)		4q3(5.598240)		d36(7.294494)		t35(7.757392)	
../../pdbs//2dsw.pdb 3.B
Timestep	Standard Nomenclature	Ring conformation
1			4C1		4d1(0.105415)		6d3(6.559139)		2d5(6.935040)	
../../pdbs//5k1v.pdb 4.E
Timestep	Standard Nomenclature	Ring conformation
1			4C1		2d5(1.564655)		4d1(2.031591)		6d3(3.234251)	
../../pdbs//5k1v.pdb 3.E
Timestep	Standard Nomenclature	Ring conformation
1			4C1		2d5(1.105603)		4d1(4.614152)		6d3(5.348777)	
../../pdbs//2o1l.pdb 4.D
Timestep	Standard Nomenclature	Ring conformation
1			BO3		12q(2.619842)		d36(5.566561)		45q(6.960114)	
../../pdbs//2o1l.pdb 3.D
Timestep	Standard Nomenclature	Ring conformation
1			BO3		45q(1.456691)		d36(4.219776)		12q(5.690593)	
../../pdbs//6jk8.pdb 4.F
Timestep	Standard Nomenclature	Ring conformation
1			4C1		2d5(0.960917)		4d1(3.346575)		6d3(4.924383)	
../../pdbs//6jk8.pdb 3.F
Timestep	Standard Nomenclature	Ring conformation
1			4C1		2d5(1.946348)		4d1(3.453862)		6d3(6.545892)	
../../pdbs//4jbs.pdb 4.E
Timestep	Standard Nomenclature	Ring conformation
1			-		6d3(3.975694)		24t(7.756162)		2d5(9.523316)		t13(9.876051)	
../../pdbs//4jbs.pdb 3.E
Timestep	Standard Nomenclature	Ring conformation
1			-		6d3(1.488927)		t15(3.117950)		26t(8.262096)	
../../pdbs//4dw7.pdb 7.E
Timestep	Standard Nomenclature	Ring conformation
1			1C4		1d4(1.778646)		5d2(5.328850)		3d6(6.883539)	
../../pdbs//4dw7.pdb 6.E
Timestep	Standard Nomenclature	Ring conformation
1			OS2		-		6t2(3.493742)		3t5(5.167905)	
../../pdbs//5cu5.pdb 4.E
Timestep	Standard Nomenclature	Ring conformation
1			-		t35(3.180738)		24t(4.167352)		6d3(9.006662)		4d1(9.016135)	
../../pdbs//5cu5.pdb 3.E
Timestep	Standard Nomenclature	Ring conformation
1			4C1		6d3(2.355520)		2d5(6.411223)		4d1(8.788533)	
../../pdbs//6djp.pdb 5.I
Timestep	Standard Nomenclature	Ring conformation
1			4C1		4d1(0.069119)		6d3(0.937544)		2d5(1.105810)	
../../pdbs//6djp.pdb 4.I
Timestep	Standard Nomenclature	Ring conformation
1			4C1		4d1(0.000957)		6d3(1.314221)		2d5(1.512587)	
../../pdbs//4pfw.pdb 2.C
Timestep	Standard Nomenclature	Ring conformation
1			1S3		4t6(5.760097)		1t3(8.749308)	
../../pdbs//4pfw.pdb 1.C
Timestep	Standard Nomenclature	Ring conformation
1			-		q56(4.717328)		4t2(7.549122)		14d(8.944054)	
../../pdbs//4pfw.pdb 2.D
Timestep	Standard Nomenclature	Ring conformation
1			-		4t6(5.753952)		12q(9.659081)	
../../pdbs//4pfw.pdb 1.D
Timestep	Standard Nomenclature	Ring conformation
1			4C1		2d5(0.854486)		6d3(5.456128)		4d1(6.079207)	
../../pdbs//5k9k.pdb 5.G
Timestep	Standard Nomenclature	Ring conformation
1			1S3		1t3(6.968222)		4t6(8.677945)	
../../pdbs//5k9k.pdb 4.G
Timestep	Standard Nomenclature	Ring conformation
1			-		12q(9.035343)	
../../pdbs//5k9k.pdb 5.M
Timestep	Standard Nomenclature	Ring conformation
1			4C1		2d5(0.670582)		6d3(4.473886)		4d1(4.843738)	
../../pdbs//5k9k.pdb 4.M
Timestep	Standard Nomenclature	Ring conformation
1			4C1		4d1(0.513486)		2d5(1.086648)		6d3(2.076798)	
../../pdbs//1xfd.pdb 4.X
Timestep	Standard Nomenclature	Ring conformation
1			-		t35(1.730439)		4d1(4.534149)		46t(4.900582)	
../../pdbs//1xfd.pdb 3.X
Timestep	Standard Nomenclature	Ring conformation
1			-		35t(0.217154)		t46(3.309260)		5q4(5.960684)		5d2(6.621891)	
../../pdbs//2ays.pdb 6.C
Timestep	Standard Nomenclature	Ring conformation
1			4C1		4d1(0.617810)		6d3(1.152344)		2d5(1.786207)	
../../pdbs//2ays.pdb 5.C
Timestep	Standard Nomenclature	Ring conformation
1			-		23q(0.320839)		d14(7.208406)	
../../pdbs//2ays.pdb 5.C
Timestep	Standard Nomenclature	Ring conformation
1			-		23q(0.320839)		d14(7.208406)	
../../pdbs//2ays.pdb 4.C
Timestep	Standard Nomenclature	Ring conformation
1			-		6d3(4.931550)		t15(6.740250)		26t(8.742233)		4d1(9.462041)	
