WARNING:
Replacing fetcher for 'pdb_nmr' and format NMRSTAR from NMRSTAR bundle with that from NMRSTAR bundle
INFO:
UCSF ChimeraX version: 1.6.1 (2023-05-09)
INFO:
© 2016-2023 Regents of the University of California.  All rights reserved.
INFO:
Executing: open ./calc_dihedral_chimerax/calc_dihedral_part_01.cxc
INFO:
Executing: close #1
INFO:
Executing: close #1
INFO:
Executing: open ../../../pdbs/1qkc.pdb
INFO:
_1qkc.pdb_ title:  
 **Escherichia coli ferric hydroxamate uptake receptor (fhua) In complex δ
two-albomycin** [[more info...]](cxcmd:log metadata #1)  
  

INFO:
Chain information for 1qkc.pdb #1  
---  
Chain | Description | UniProt  
[A](cxcmd:select /A:19-725 "Select chain") | [FHUA](cxcmd:sequence chain #1/A
"Show sequence") | [FHUA_ECOLI](cxcmd:open P06971 from uniprot "Show
annotations") [1-405](cxcmd:select #1/A:1-405 "Select sequence")
[417-725](cxcmd:select #1/A:417-725 "Select sequence")  
  

INFO:
Non-standard residues in 1qkc.pdb #1  
---  
[ALB](cxcmd:sel :ALB "select residue") — [δ-2-albomycin
A1](http://www.rcsb.org/ligand/ALB "show residue info")  
[DPO](cxcmd:sel :DPO "select residue") —
[diphosphate](http://www.rcsb.org/ligand/DPO "show residue info")  
[FTT](cxcmd:sel :FTT "select residue") — [3-hydroxy-tetradecanoic
acid](http://www.rcsb.org/ligand/FTT "show residue info") (3-hydroxy-myristic
acid)  
[GCN](cxcmd:sel :GCN "select residue") — [2-amino-2,3-dideoxy-α-D-
glucoyranose](http://www.rcsb.org/ligand/GCN "show residue info") (3-deoxy-D-
glucosamine; 3-deoxy-α-D-glucosamine)  
[GLA](cxcmd:sel :GLA "select residue") — [α-D-
galactopyranose](http://www.rcsb.org/ligand/GLA "show residue info") (α-D-
galactose; D-galactose; galactose; α D-galactose)  
[GLC](cxcmd:sel :GLC "select residue") — [α-D-
glucopyranose](http://www.rcsb.org/ligand/GLC "show residue info") (α-D-
glucose; D-glucose; glucose)  
[GMH](cxcmd:sel :GMH "select residue") — [L-glycero-α-D-manno-
heptopyranose](http://www.rcsb.org/ligand/GMH "show residue info") (L-glycero-
α-D-manno-heptose; L-glycero-D-manno-heptose; L-glycero-manno-heptose;
L-glycero-D-manno-heptopyranose)  
[KDO](cxcmd:sel :KDO "select residue") — [3-deoxy-α-D-manno-
oct-2-ulopyranosonic acid](http://www.rcsb.org/ligand/KDO "show residue info")
(3-deoxy-D-manno-oct-2-ulopyranosonic acid; 2-keto-3-deoxy-D-mannooctanoic
acid; 3-deoxy-α-D-manno-oct-2-ulosonic acid; 3-deoxy-D-manno-oct-2-ulosonic
acid;3-deoxy-manno-oct-2-ulosonic acid)  
[NI](cxcmd:sel :NI "select residue") — [nickel (II)
ion](http://www.rcsb.org/ligand/NI "show residue info")  
[PA1](cxcmd:sel :PA1 "select residue") — [2-amino-2-deoxy-α-D-
glucopyranose](http://www.rcsb.org/ligand/PA1 "show residue info") (alpah-D-
glucosamine; 2-amino-2-deoxy-α-D-glucose;2-amino-2-deoxy-D-glucose;
2-amino-2-deoxy-glucose)  
[PO4](cxcmd:sel :PO4 "select residue") — [phosphate
ion](http://www.rcsb.org/ligand/PO4 "show residue info")  
  

INFO:
Executing: torsion /B:7@C2 /B:7@C1 /B:6@O2 /B:6@C2
INFO:
Torsion angle for atoms /B GLC 7 C2 C1 GLC 6 O2 C2 is -112.309°
INFO:
Executing: torsion /B:7@C1 /B:6@O2 /B:6@C2 /B:6@C3
INFO:
Torsion angle for atoms /B GLC 7 C1 GLC 6 O2 C2 C3 is -20.4792°
INFO:
Executing: close #1
INFO:
Executing: open ../../../pdbs/1qkc.pdb
INFO:
_1qkc.pdb_ title:  
 **Escherichia coli ferric hydroxamate uptake receptor (fhua) In complex δ
two-albomycin** [[more info...]](cxcmd:log metadata #1)  
  

INFO:
Chain information for 1qkc.pdb #1  
---  
Chain | Description | UniProt  
[A](cxcmd:select /A:19-725 "Select chain") | [FHUA](cxcmd:sequence chain #1/A
"Show sequence") | [FHUA_ECOLI](cxcmd:open P06971 from uniprot "Show
annotations") [1-405](cxcmd:select #1/A:1-405 "Select sequence")
[417-725](cxcmd:select #1/A:417-725 "Select sequence")  
  

INFO:
Non-standard residues in 1qkc.pdb #1  
---  
[ALB](cxcmd:sel :ALB "select residue") — [δ-2-albomycin
A1](http://www.rcsb.org/ligand/ALB "show residue info")  
[DPO](cxcmd:sel :DPO "select residue") —
[diphosphate](http://www.rcsb.org/ligand/DPO "show residue info")  
[FTT](cxcmd:sel :FTT "select residue") — [3-hydroxy-tetradecanoic
acid](http://www.rcsb.org/ligand/FTT "show residue info") (3-hydroxy-myristic
acid)  
[GCN](cxcmd:sel :GCN "select residue") — [2-amino-2,3-dideoxy-α-D-
glucoyranose](http://www.rcsb.org/ligand/GCN "show residue info") (3-deoxy-D-
glucosamine; 3-deoxy-α-D-glucosamine)  
[GLA](cxcmd:sel :GLA "select residue") — [α-D-
galactopyranose](http://www.rcsb.org/ligand/GLA "show residue info") (α-D-
galactose; D-galactose; galactose; α D-galactose)  
[GLC](cxcmd:sel :GLC "select residue") — [α-D-
glucopyranose](http://www.rcsb.org/ligand/GLC "show residue info") (α-D-
glucose; D-glucose; glucose)  
[GMH](cxcmd:sel :GMH "select residue") — [L-glycero-α-D-manno-
heptopyranose](http://www.rcsb.org/ligand/GMH "show residue info") (L-glycero-
α-D-manno-heptose; L-glycero-D-manno-heptose; L-glycero-manno-heptose;
L-glycero-D-manno-heptopyranose)  
[KDO](cxcmd:sel :KDO "select residue") — [3-deoxy-α-D-manno-
oct-2-ulopyranosonic acid](http://www.rcsb.org/ligand/KDO "show residue info")
(3-deoxy-D-manno-oct-2-ulopyranosonic acid; 2-keto-3-deoxy-D-mannooctanoic
acid; 3-deoxy-α-D-manno-oct-2-ulosonic acid; 3-deoxy-D-manno-oct-2-ulosonic
acid;3-deoxy-manno-oct-2-ulosonic acid)  
[NI](cxcmd:sel :NI "select residue") — [nickel (II)
ion](http://www.rcsb.org/ligand/NI "show residue info")  
[PA1](cxcmd:sel :PA1 "select residue") — [2-amino-2-deoxy-α-D-
glucopyranose](http://www.rcsb.org/ligand/PA1 "show residue info") (alpah-D-
glucosamine; 2-amino-2-deoxy-α-D-glucose;2-amino-2-deoxy-D-glucose;
2-amino-2-deoxy-glucose)  
[PO4](cxcmd:sel :PO4 "select residue") — [phosphate
ion](http://www.rcsb.org/ligand/PO4 "show residue info")  
  

INFO:
Executing: torsion /B:8@C2 /B:8@C1 /B:7@O2 /B:7@C2
INFO:
Torsion angle for atoms /B GLC 8 C2 C1 GLC 7 O2 C2 is 43.9258°
INFO:
Executing: torsion /B:8@C1 /B:7@O2 /B:7@C2 /B:7@C3
INFO:
Torsion angle for atoms /B GLC 8 C1 GLC 7 O2 C2 C3 is -131.801°
INFO:
Executing: close #1
INFO:
Executing: open ../../../pdbs/6wlw.pdb
INFO:
_6wlw.pdb_ title:  
 **The vo region of human V-atpase In state 1 (focused refinement)**
[[more info...]](cxcmd:log metadata #1)  
  

INFO:
Chain information for 6wlw.pdb #1  
---  
Chain | Description | UniProt  
[0](cxcmd:select /0:1-204 "Select chain") | [V-type proton atpase 21 kda
proteolipid subunit](cxcmd:sequence chain #1/0 "Show sequence") |
[VATO_HUMAN](cxcmd:open Q99437 from uniprot "Show annotations")
[1-205](cxcmd:select #1/0:1-205 "Select sequence")  
[1](cxcmd:select /1:6-155 "Select chain") [2](cxcmd:select /2:6-155 "Select
chain") [3](cxcmd:select /3:6-155 "Select chain") [4](cxcmd:select /4:6-155
"Select chain") [5](cxcmd:select /5:6-155 "Select chain") [6](cxcmd:select
/6:6-155 "Select chain") [7](cxcmd:select /7:6-155 "Select chain")
[8](cxcmd:select /8:6-155 "Select chain") [9](cxcmd:select /9:6-155 "Select
chain") | [V-type proton atpase 16 kda proteolipid subunit](cxcmd:sequence
chain #1/1#1/2#1/3#1/4#1/5#1/6#1/7#1/8#1/9 "Show sequence") |
[VATL_HUMAN](cxcmd:open P27449 from uniprot "Show annotations")
[1-155](cxcmd:select #1/1,2,3,4,5,6,7,8,9:1-155 "Select sequence")  
[Q](cxcmd:select /Q:2-351 "Select chain") | [V-type proton atpase subunit D
1](cxcmd:sequence chain #1/Q "Show sequence") | [VA0D1_HUMAN](cxcmd:open
P61421 from uniprot "Show annotations") [1-351](cxcmd:select #1/Q:1-351
"Select sequence")  
[R](cxcmd:select /R:361-832 "Select chain") | [V-type proton atpase 116 kda
subunit A isoform 1](cxcmd:sequence chain #1/R "Show sequence") |
[VPP1_HUMAN](cxcmd:open Q93050 from uniprot "Show annotations")
[1-837](cxcmd:select #1/R:1-837 "Select sequence")  
[S](cxcmd:select /S:4-80 "Select chain") | [V-type proton atpase subunit E
1](cxcmd:sequence chain #1/S "Show sequence") | [VA0E1_HUMAN](cxcmd:open
O15342 from uniprot "Show annotations") [1-81](cxcmd:select #1/S:1-81 "Select
sequence")  
[T](cxcmd:select /T:45-129 "Select chain") | [RNAse κ](cxcmd:sequence chain
#1/T "Show sequence") | [RNK_HUMAN](cxcmd:open Q6P5S7 from uniprot "Show
annotations") [1-137](cxcmd:select #1/T:1-137 "Select sequence")  
[U](cxcmd:select /U:254-458 "Select chain") | [V-type proton atpase subunit
S1](cxcmd:sequence chain #1/U "Show sequence") | [VAS1_HUMAN](cxcmd:open
Q15904 from uniprot "Show annotations") [1-470](cxcmd:select #1/U:1-470
"Select sequence")  
[V](cxcmd:select /V:291-340 "Select chain") | [renin receptor](cxcmd:sequence
chain #1/V "Show sequence") | [RENR_HUMAN](cxcmd:open O75787 from uniprot
"Show annotations") [1-350](cxcmd:select #1/V:1-350 "Select sequence")  
  

INFO:
Non-standard residues in 6wlw.pdb #1  
---  
[BGC](cxcmd:sel :BGC "select residue") — [β-D-
glucopyranose](http://www.rcsb.org/ligand/BGC "show residue info") (β-D-
glucose; D-glucose; glucose)  
[BMA](cxcmd:sel :BMA "select residue") — [β-D-
mannopyranose](http://www.rcsb.org/ligand/BMA "show residue info") (β-D-
mannose; D-mannose; mannose)  
[CLR](cxcmd:sel :CLR "select residue") —
[cholesterol](http://www.rcsb.org/ligand/CLR "show residue info")  
[GAL](cxcmd:sel :GAL "select residue") — [β-D-
galactopyranose](http://www.rcsb.org/ligand/GAL "show residue info") (β-D-
galactose; D-galactose; galactose)  
[GLC](cxcmd:sel :GLC "select residue") — [α-D-
glucopyranose](http://www.rcsb.org/ligand/GLC "show residue info") (α-D-
glucose; D-glucose; glucose)  
[MAN](cxcmd:sel :MAN "select residue") — [α-D-
mannopyranose](http://www.rcsb.org/ligand/MAN "show residue info") (α-D-
mannose; D-mannose; mannose)  
[NAG](cxcmd:sel :NAG "select residue") — [2-acetamido-2-deoxy-β-D-
glucopyranose](http://www.rcsb.org/ligand/NAG "show residue info") (N-acetyl-
β-D-glucosamine; 2-acetamido-2-deoxy-β-D-glucose; 2-acetamido-2-deoxy-D-
glucose; 2-acetamido-2-deoxy-glucose; N-acetyl-D-glucosamine)  
[NGA](cxcmd:sel :NGA "select residue") — [2-acetamido-2-deoxy-β-D-
galactopyranose](http://www.rcsb.org/ligand/NGA "show residue info")
(N-acetyl-β-D-galactosamine; 2-acetamido-2-deoxy-β-D-galactose;
2-acetamido-2-deoxy-D-galactose; 2-acetamido-2-deoxy-galactose; N-acetyl-D-
galactosamine)  
[PSF](cxcmd:sel :PSF "select residue") — [1,2-dicaproyl-Sn-phosphatidyl-L-
serine](http://www.rcsb.org/ligand/PSF "show residue info")
(phosphatidylserine)  
[PTY](cxcmd:sel :PTY "select residue") —
[phosphatidylethanolamine](http://www.rcsb.org/ligand/PTY "show residue info")  
[SIA](cxcmd:sel :SIA "select residue") — [N-acetyl-α-neuraminic
acid](http://www.rcsb.org/ligand/SIA "show residue info") (N-acetylneuraminic
acid; sialic acid; α-sialicacid; O-sialic acid)  
[WJP](cxcmd:sel :WJP "select residue") — [methyl
(3R,6Z,10E,14E)-3,7,11,15,19-pentamethylicosa-6,10,14,18-tetraen-1-yl
dihydrogen diphosphate](http://www.rcsb.org/ligand/WJP "show residue info")
(dolichol-PP)  
[WJS](cxcmd:sel :WJS "select residue") —
[(2~{S})-2-$L^{4}-azanyl-3-[[(2~{R})-3-octadecanoyloxy-2-oxidanyl-
propoxy]-oxidanyl-oxidanylidene-$L^{6}-phosphanyl]oxy-propanoic
acid](http://www.rcsb.org/ligand/WJS "show residue info")  
[WSS](cxcmd:sel :WSS "select residue") —
[tri(methyl)-[2-[[(2~{R})-2-[(~{Z})-octadec-9-enoyl]oxy-3-[(~{E})-1-oxidanylideneoctadec-9-enoxy]propoxy]-oxidanyl-
phosphoryl]oxyethyl]azanium](http://www.rcsb.org/ligand/WSS "show residue
info")  
  

INFO:
Executing: torsion /r:9@C2 /r:9@C1 /r:8@O2 /r:8@C2
INFO:
Torsion angle for atoms /r GLC 9 C2 C1 GLC 8 O2 C2 is -158.429°
INFO:
Executing: torsion /r:9@C1 /r:8@O2 /r:8@C2 /r:8@C3
INFO:
Torsion angle for atoms /r GLC 9 C1 GLC 8 O2 C2 C3 is -133.732°
INFO:
Executing: close #1
INFO:
Executing: open ../../../pdbs/6wlw.pdb
INFO:
_6wlw.pdb_ title:  
 **The vo region of human V-atpase In state 1 (focused refinement)**
[[more info...]](cxcmd:log metadata #1)  
  

INFO:
Chain information for 6wlw.pdb #1  
---  
Chain | Description | UniProt  
[0](cxcmd:select /0:1-204 "Select chain") | [V-type proton atpase 21 kda
proteolipid subunit](cxcmd:sequence chain #1/0 "Show sequence") |
[VATO_HUMAN](cxcmd:open Q99437 from uniprot "Show annotations")
[1-205](cxcmd:select #1/0:1-205 "Select sequence")  
[1](cxcmd:select /1:6-155 "Select chain") [2](cxcmd:select /2:6-155 "Select
chain") [3](cxcmd:select /3:6-155 "Select chain") [4](cxcmd:select /4:6-155
"Select chain") [5](cxcmd:select /5:6-155 "Select chain") [6](cxcmd:select
/6:6-155 "Select chain") [7](cxcmd:select /7:6-155 "Select chain")
[8](cxcmd:select /8:6-155 "Select chain") [9](cxcmd:select /9:6-155 "Select
chain") | [V-type proton atpase 16 kda proteolipid subunit](cxcmd:sequence
chain #1/1#1/2#1/3#1/4#1/5#1/6#1/7#1/8#1/9 "Show sequence") |
[VATL_HUMAN](cxcmd:open P27449 from uniprot "Show annotations")
[1-155](cxcmd:select #1/1,2,3,4,5,6,7,8,9:1-155 "Select sequence")  
[Q](cxcmd:select /Q:2-351 "Select chain") | [V-type proton atpase subunit D
1](cxcmd:sequence chain #1/Q "Show sequence") | [VA0D1_HUMAN](cxcmd:open
P61421 from uniprot "Show annotations") [1-351](cxcmd:select #1/Q:1-351
"Select sequence")  
[R](cxcmd:select /R:361-832 "Select chain") | [V-type proton atpase 116 kda
subunit A isoform 1](cxcmd:sequence chain #1/R "Show sequence") |
[VPP1_HUMAN](cxcmd:open Q93050 from uniprot "Show annotations")
[1-837](cxcmd:select #1/R:1-837 "Select sequence")  
[S](cxcmd:select /S:4-80 "Select chain") | [V-type proton atpase subunit E
1](cxcmd:sequence chain #1/S "Show sequence") | [VA0E1_HUMAN](cxcmd:open
O15342 from uniprot "Show annotations") [1-81](cxcmd:select #1/S:1-81 "Select
sequence")  
[T](cxcmd:select /T:45-129 "Select chain") | [RNAse κ](cxcmd:sequence chain
#1/T "Show sequence") | [RNK_HUMAN](cxcmd:open Q6P5S7 from uniprot "Show
annotations") [1-137](cxcmd:select #1/T:1-137 "Select sequence")  
[U](cxcmd:select /U:254-458 "Select chain") | [V-type proton atpase subunit
S1](cxcmd:sequence chain #1/U "Show sequence") | [VAS1_HUMAN](cxcmd:open
Q15904 from uniprot "Show annotations") [1-470](cxcmd:select #1/U:1-470
"Select sequence")  
[V](cxcmd:select /V:291-340 "Select chain") | [renin receptor](cxcmd:sequence
chain #1/V "Show sequence") | [RENR_HUMAN](cxcmd:open O75787 from uniprot
"Show annotations") [1-350](cxcmd:select #1/V:1-350 "Select sequence")  
  

INFO:
Non-standard residues in 6wlw.pdb #1  
---  
[BGC](cxcmd:sel :BGC "select residue") — [β-D-
glucopyranose](http://www.rcsb.org/ligand/BGC "show residue info") (β-D-
glucose; D-glucose; glucose)  
[BMA](cxcmd:sel :BMA "select residue") — [β-D-
mannopyranose](http://www.rcsb.org/ligand/BMA "show residue info") (β-D-
mannose; D-mannose; mannose)  
[CLR](cxcmd:sel :CLR "select residue") —
[cholesterol](http://www.rcsb.org/ligand/CLR "show residue info")  
[GAL](cxcmd:sel :GAL "select residue") — [β-D-
galactopyranose](http://www.rcsb.org/ligand/GAL "show residue info") (β-D-
galactose; D-galactose; galactose)  
[GLC](cxcmd:sel :GLC "select residue") — [α-D-
glucopyranose](http://www.rcsb.org/ligand/GLC "show residue info") (α-D-
glucose; D-glucose; glucose)  
[MAN](cxcmd:sel :MAN "select residue") — [α-D-
mannopyranose](http://www.rcsb.org/ligand/MAN "show residue info") (α-D-
mannose; D-mannose; mannose)  
[NAG](cxcmd:sel :NAG "select residue") — [2-acetamido-2-deoxy-β-D-
glucopyranose](http://www.rcsb.org/ligand/NAG "show residue info") (N-acetyl-
β-D-glucosamine; 2-acetamido-2-deoxy-β-D-glucose; 2-acetamido-2-deoxy-D-
glucose; 2-acetamido-2-deoxy-glucose; N-acetyl-D-glucosamine)  
[NGA](cxcmd:sel :NGA "select residue") — [2-acetamido-2-deoxy-β-D-
galactopyranose](http://www.rcsb.org/ligand/NGA "show residue info")
(N-acetyl-β-D-galactosamine; 2-acetamido-2-deoxy-β-D-galactose;
2-acetamido-2-deoxy-D-galactose; 2-acetamido-2-deoxy-galactose; N-acetyl-D-
galactosamine)  
[PSF](cxcmd:sel :PSF "select residue") — [1,2-dicaproyl-Sn-phosphatidyl-L-
serine](http://www.rcsb.org/ligand/PSF "show residue info")
(phosphatidylserine)  
[PTY](cxcmd:sel :PTY "select residue") —
[phosphatidylethanolamine](http://www.rcsb.org/ligand/PTY "show residue info")  
[SIA](cxcmd:sel :SIA "select residue") — [N-acetyl-α-neuraminic
acid](http://www.rcsb.org/ligand/SIA "show residue info") (N-acetylneuraminic
acid; sialic acid; α-sialicacid; O-sialic acid)  
[WJP](cxcmd:sel :WJP "select residue") — [methyl
(3R,6Z,10E,14E)-3,7,11,15,19-pentamethylicosa-6,10,14,18-tetraen-1-yl
dihydrogen diphosphate](http://www.rcsb.org/ligand/WJP "show residue info")
(dolichol-PP)  
[WJS](cxcmd:sel :WJS "select residue") —
[(2~{S})-2-$L^{4}-azanyl-3-[[(2~{R})-3-octadecanoyloxy-2-oxidanyl-
propoxy]-oxidanyl-oxidanylidene-$L^{6}-phosphanyl]oxy-propanoic
acid](http://www.rcsb.org/ligand/WJS "show residue info")  
[WSS](cxcmd:sel :WSS "select residue") —
[tri(methyl)-[2-[[(2~{R})-2-[(~{Z})-octadec-9-enoyl]oxy-3-[(~{E})-1-oxidanylideneoctadec-9-enoxy]propoxy]-oxidanyl-
phosphoryl]oxyethyl]azanium](http://www.rcsb.org/ligand/WSS "show residue
info")  
  

INFO:
Executing: torsion /r:8@C2 /r:8@C1 /r:7@O2 /r:7@C2
INFO:
Torsion angle for atoms /r GLC 8 C2 C1 GLC 7 O2 C2 is -99.0894°
INFO:
Executing: torsion /r:8@C1 /r:7@O2 /r:7@C2 /r:7@C3
INFO:
Torsion angle for atoms /r GLC 8 C1 GLC 7 O2 C2 C3 is -16.9188°
INFO:
Executing: close #1
INFO:
Executing: open ../../../pdbs/6wm2.pdb
INFO:
_6wm2.pdb_ title:  
 **Human V-atpase In state 1 with sidk and adp** [[more info...]](cxcmd:log
metadata #1)  
  

INFO:
Chain information for 6wm2.pdb #1  
---  
Chain | Description | UniProt  
[0](cxcmd:select /0:1-204 "Select chain") | [V-type proton atpase 21 kda
proteolipid subunit](cxcmd:sequence chain #1/0 "Show sequence") |
[VATO_HUMAN](cxcmd:open Q99437 from uniprot "Show annotations")
[1-205](cxcmd:select #1/0:1-205 "Select sequence")  
[1](cxcmd:select /1:6-155 "Select chain") [2](cxcmd:select /2:6-155 "Select
chain") [3](cxcmd:select /3:6-155 "Select chain") [4](cxcmd:select /4:6-155
"Select chain") [5](cxcmd:select /5:6-155 "Select chain") [6](cxcmd:select
/6:6-155 "Select chain") [7](cxcmd:select /7:6-155 "Select chain")
[8](cxcmd:select /8:6-155 "Select chain") [9](cxcmd:select /9:6-155 "Select
chain") | [V-type proton atpase 16 kda proteolipid subunit](cxcmd:sequence
chain #1/1#1/2#1/3#1/4#1/5#1/6#1/7#1/8#1/9 "Show sequence") |
[VATL_HUMAN](cxcmd:open P27449 from uniprot "Show annotations")
[1-155](cxcmd:select #1/1,2,3,4,5,6,7,8,9:1-155 "Select sequence")  
[A](cxcmd:select /A:17-616 "Select chain") [B](cxcmd:select /B:17-616 "Select
chain") [C](cxcmd:select /C:17-616 "Select chain") | [V-type proton atpase
catalytic subunit A](cxcmd:sequence chain #1/A#1/B#1/C "Show sequence") |
[VATA_HUMAN](cxcmd:open P38606 from uniprot "Show annotations")
[1-617](cxcmd:select #1/A,B,C:1-617 "Select sequence")  
[D](cxcmd:select /D:39-506 "Select chain") [E](cxcmd:select /E:39-506 "Select
chain") [F](cxcmd:select /F:39-506 "Select chain") | [V-type proton atpase
subunit B, brain isoform](cxcmd:sequence chain #1/D#1/E#1/F "Show sequence") |
[VATB2_HUMAN](cxcmd:open P21281 from uniprot "Show annotations")
[1-511](cxcmd:select #1/D,E,F:1-511 "Select sequence")  
[G](cxcmd:select /G:4-216 "Select chain") | [V-type proton atpase subunit
D](cxcmd:sequence chain #1/G "Show sequence") | [VATD_HUMAN](cxcmd:open Q9Y5K8
from uniprot "Show annotations") [1-247](cxcmd:select #1/G:1-247 "Select
sequence")  
[H](cxcmd:select /H:2-226 "Select chain") [I](cxcmd:select /I:2-226 "Select
chain") [J](cxcmd:select /J:2-226 "Select chain") | [V-type proton atpase
subunit E 1](cxcmd:sequence chain #1/H#1/I#1/J "Show sequence") |
[VATE1_HUMAN](cxcmd:open P36543 from uniprot "Show annotations")
[1-226](cxcmd:select #1/H,I,J:1-226 "Select sequence")  
[K](cxcmd:select /K:3-116 "Select chain") [L](cxcmd:select /L:3-116 "Select
chain") [M](cxcmd:select /M:3-116 "Select chain") | [V-type proton atpase
subunit G 1](cxcmd:sequence chain #1/K#1/L#1/M "Show sequence") |
[VATG1_HUMAN](cxcmd:open O75348 from uniprot "Show annotations")
[1-118](cxcmd:select #1/K,L,M:1-118 "Select sequence")  
[N](cxcmd:select /N:4-113 "Select chain") | [V-type proton atpase subunit
F](cxcmd:sequence chain #1/N "Show sequence") | [VATF_HUMAN](cxcmd:open Q16864
from uniprot "Show annotations") [1-119](cxcmd:select #1/N:1-119 "Select
sequence")  
[O](cxcmd:select /O:2-376 "Select chain") | [V-type proton atpase subunit C
1](cxcmd:sequence chain #1/O "Show sequence") | [VATC1_HUMAN](cxcmd:open
P21283 from uniprot "Show annotations") [1-382](cxcmd:select #1/O:1-382
"Select sequence")  
[P](cxcmd:select /P:17-463 "Select chain") | [V-type proton atpase subunit
H](cxcmd:sequence chain #1/P "Show sequence") | [VATH_HUMAN](cxcmd:open Q9UI12
from uniprot "Show annotations") [1-483](cxcmd:select #1/P:1-483 "Select
sequence")  
[Q](cxcmd:select /Q:2-351 "Select chain") | [V-type proton atpase subunit D
1](cxcmd:sequence chain #1/Q "Show sequence") | [VA0D1_HUMAN](cxcmd:open
P61421 from uniprot "Show annotations") [1-351](cxcmd:select #1/Q:1-351
"Select sequence")  
[R](cxcmd:select /R:3-832 "Select chain") | [V-type proton atpase 116 kda
subunit A isoform 1](cxcmd:sequence chain #1/R "Show sequence") |
[VPP1_HUMAN](cxcmd:open Q93050 from uniprot "Show annotations")
[1-837](cxcmd:select #1/R:1-837 "Select sequence")  
[S](cxcmd:select /S:4-80 "Select chain") | [V-type proton atpase subunit E
1](cxcmd:sequence chain #1/S "Show sequence") | [VA0E1_HUMAN](cxcmd:open
O15342 from uniprot "Show annotations") [1-81](cxcmd:select #1/S:1-81 "Select
sequence")  
[T](cxcmd:select /T:45-129 "Select chain") | [RNAse κ](cxcmd:sequence chain
#1/T "Show sequence") | [RNK_HUMAN](cxcmd:open Q6P5S7 from uniprot "Show
annotations") [1-137](cxcmd:select #1/T:1-137 "Select sequence")  
[U](cxcmd:select /U:254-458 "Select chain") | [V-type proton atpase subunit
S1](cxcmd:sequence chain #1/U "Show sequence") | [VAS1_HUMAN](cxcmd:open
Q15904 from uniprot "Show annotations") [1-470](cxcmd:select #1/U:1-470
"Select sequence")  
[V](cxcmd:select /V:291-340 "Select chain") | [renin receptor](cxcmd:sequence
chain #1/V "Show sequence") | [RENR_HUMAN](cxcmd:open O75787 from uniprot
"Show annotations") [1-350](cxcmd:select #1/V:1-350 "Select sequence")  
[X](cxcmd:select /X:14-275 "Select chain") [Y](cxcmd:select /Y:9-275 "Select
chain") [Z](cxcmd:select /Z:14-275 "Select chain") | [SIDK](cxcmd:sequence
chain #1/X#1/Y#1/Z "Show sequence") |  
  

INFO:
Non-standard residues in 6wm2.pdb #1  
---  
[ADP](cxcmd:sel :ADP "select residue") —
[adenosine-5&#x27;-diphosphate](http://www.rcsb.org/ligand/ADP "show residue
info")  
[BGC](cxcmd:sel :BGC "select residue") — [β-D-
glucopyranose](http://www.rcsb.org/ligand/BGC "show residue info") (β-D-
glucose; D-glucose; glucose)  
[BMA](cxcmd:sel :BMA "select residue") — [β-D-
mannopyranose](http://www.rcsb.org/ligand/BMA "show residue info") (β-D-
mannose; D-mannose; mannose)  
[CLR](cxcmd:sel :CLR "select residue") —
[cholesterol](http://www.rcsb.org/ligand/CLR "show residue info")  
[GAL](cxcmd:sel :GAL "select residue") — [β-D-
galactopyranose](http://www.rcsb.org/ligand/GAL "show residue info") (β-D-
galactose; D-galactose; galactose)  
[GLC](cxcmd:sel :GLC "select residue") — [α-D-
glucopyranose](http://www.rcsb.org/ligand/GLC "show residue info") (α-D-
glucose; D-glucose; glucose)  
[MAN](cxcmd:sel :MAN "select residue") — [α-D-
mannopyranose](http://www.rcsb.org/ligand/MAN "show residue info") (α-D-
mannose; D-mannose; mannose)  
[NAG](cxcmd:sel :NAG "select residue") — [2-acetamido-2-deoxy-β-D-
glucopyranose](http://www.rcsb.org/ligand/NAG "show residue info") (N-acetyl-
β-D-glucosamine; 2-acetamido-2-deoxy-β-D-glucose; 2-acetamido-2-deoxy-D-
glucose; 2-acetamido-2-deoxy-glucose; N-acetyl-D-glucosamine)  
[NGA](cxcmd:sel :NGA "select residue") — [2-acetamido-2-deoxy-β-D-
galactopyranose](http://www.rcsb.org/ligand/NGA "show residue info")
(N-acetyl-β-D-galactosamine; 2-acetamido-2-deoxy-β-D-galactose;
2-acetamido-2-deoxy-D-galactose; 2-acetamido-2-deoxy-galactose; N-acetyl-D-
galactosamine)  
[PSF](cxcmd:sel :PSF "select residue") — [1,2-dicaproyl-Sn-phosphatidyl-L-
serine](http://www.rcsb.org/ligand/PSF "show residue info")
(phosphatidylserine)  
[PTY](cxcmd:sel :PTY "select residue") —
[phosphatidylethanolamine](http://www.rcsb.org/ligand/PTY "show residue info")  
[SIA](cxcmd:sel :SIA "select residue") — [N-acetyl-α-neuraminic
acid](http://www.rcsb.org/ligand/SIA "show residue info") (N-acetylneuraminic
acid; sialic acid; α-sialicacid; O-sialic acid)  
[WJP](cxcmd:sel :WJP "select residue") — [methyl
(3R,6Z,10E,14E)-3,7,11,15,19-pentamethylicosa-6,10,14,18-tetraen-1-yl
dihydrogen diphosphate](http://www.rcsb.org/ligand/WJP "show residue info")
(dolichol-PP)  
[WJS](cxcmd:sel :WJS "select residue") —
[(2~{S})-2-$L^{4}-azanyl-3-[[(2~{R})-3-octadecanoyloxy-2-oxidanyl-
propoxy]-oxidanyl-oxidanylidene-$L^{6}-phosphanyl]oxy-propanoic
acid](http://www.rcsb.org/ligand/WJS "show residue info")  
[WSS](cxcmd:sel :WSS "select residue") —
[tri(methyl)-[2-[[(2~{R})-2-[(~{Z})-octadec-9-enoyl]oxy-3-[(~{E})-1-oxidanylideneoctadec-9-enoxy]propoxy]-oxidanyl-
phosphoryl]oxyethyl]azanium](http://www.rcsb.org/ligand/WSS "show residue
info")  
  

INFO:
Executing: torsion /r:9@C2 /r:9@C1 /r:8@O2 /r:8@C2
INFO:
Torsion angle for atoms /r GLC 9 C2 C1 GLC 8 O2 C2 is -158.993°
INFO:
Executing: torsion /r:9@C1 /r:8@O2 /r:8@C2 /r:8@C3
INFO:
Torsion angle for atoms /r GLC 9 C1 GLC 8 O2 C2 C3 is -131.865°
INFO:
Executing: close #1
INFO:
Executing: open ../../../pdbs/6wm2.pdb
INFO:
_6wm2.pdb_ title:  
 **Human V-atpase In state 1 with sidk and adp** [[more info...]](cxcmd:log
metadata #1)  
  

INFO:
Chain information for 6wm2.pdb #1  
---  
Chain | Description | UniProt  
[0](cxcmd:select /0:1-204 "Select chain") | [V-type proton atpase 21 kda
proteolipid subunit](cxcmd:sequence chain #1/0 "Show sequence") |
[VATO_HUMAN](cxcmd:open Q99437 from uniprot "Show annotations")
[1-205](cxcmd:select #1/0:1-205 "Select sequence")  
[1](cxcmd:select /1:6-155 "Select chain") [2](cxcmd:select /2:6-155 "Select
chain") [3](cxcmd:select /3:6-155 "Select chain") [4](cxcmd:select /4:6-155
"Select chain") [5](cxcmd:select /5:6-155 "Select chain") [6](cxcmd:select
/6:6-155 "Select chain") [7](cxcmd:select /7:6-155 "Select chain")
[8](cxcmd:select /8:6-155 "Select chain") [9](cxcmd:select /9:6-155 "Select
chain") | [V-type proton atpase 16 kda proteolipid subunit](cxcmd:sequence
chain #1/1#1/2#1/3#1/4#1/5#1/6#1/7#1/8#1/9 "Show sequence") |
[VATL_HUMAN](cxcmd:open P27449 from uniprot "Show annotations")
[1-155](cxcmd:select #1/1,2,3,4,5,6,7,8,9:1-155 "Select sequence")  
[A](cxcmd:select /A:17-616 "Select chain") [B](cxcmd:select /B:17-616 "Select
chain") [C](cxcmd:select /C:17-616 "Select chain") | [V-type proton atpase
catalytic subunit A](cxcmd:sequence chain #1/A#1/B#1/C "Show sequence") |
[VATA_HUMAN](cxcmd:open P38606 from uniprot "Show annotations")
[1-617](cxcmd:select #1/A,B,C:1-617 "Select sequence")  
[D](cxcmd:select /D:39-506 "Select chain") [E](cxcmd:select /E:39-506 "Select
chain") [F](cxcmd:select /F:39-506 "Select chain") | [V-type proton atpase
subunit B, brain isoform](cxcmd:sequence chain #1/D#1/E#1/F "Show sequence") |
[VATB2_HUMAN](cxcmd:open P21281 from uniprot "Show annotations")
[1-511](cxcmd:select #1/D,E,F:1-511 "Select sequence")  
[G](cxcmd:select /G:4-216 "Select chain") | [V-type proton atpase subunit
D](cxcmd:sequence chain #1/G "Show sequence") | [VATD_HUMAN](cxcmd:open Q9Y5K8
from uniprot "Show annotations") [1-247](cxcmd:select #1/G:1-247 "Select
sequence")  
[H](cxcmd:select /H:2-226 "Select chain") [I](cxcmd:select /I:2-226 "Select
chain") [J](cxcmd:select /J:2-226 "Select chain") | [V-type proton atpase
subunit E 1](cxcmd:sequence chain #1/H#1/I#1/J "Show sequence") |
[VATE1_HUMAN](cxcmd:open P36543 from uniprot "Show annotations")
[1-226](cxcmd:select #1/H,I,J:1-226 "Select sequence")  
[K](cxcmd:select /K:3-116 "Select chain") [L](cxcmd:select /L:3-116 "Select
chain") [M](cxcmd:select /M:3-116 "Select chain") | [V-type proton atpase
subunit G 1](cxcmd:sequence chain #1/K#1/L#1/M "Show sequence") |
[VATG1_HUMAN](cxcmd:open O75348 from uniprot "Show annotations")
[1-118](cxcmd:select #1/K,L,M:1-118 "Select sequence")  
[N](cxcmd:select /N:4-113 "Select chain") | [V-type proton atpase subunit
F](cxcmd:sequence chain #1/N "Show sequence") | [VATF_HUMAN](cxcmd:open Q16864
from uniprot "Show annotations") [1-119](cxcmd:select #1/N:1-119 "Select
sequence")  
[O](cxcmd:select /O:2-376 "Select chain") | [V-type proton atpase subunit C
1](cxcmd:sequence chain #1/O "Show sequence") | [VATC1_HUMAN](cxcmd:open
P21283 from uniprot "Show annotations") [1-382](cxcmd:select #1/O:1-382
"Select sequence")  
[P](cxcmd:select /P:17-463 "Select chain") | [V-type proton atpase subunit
H](cxcmd:sequence chain #1/P "Show sequence") | [VATH_HUMAN](cxcmd:open Q9UI12
from uniprot "Show annotations") [1-483](cxcmd:select #1/P:1-483 "Select
sequence")  
[Q](cxcmd:select /Q:2-351 "Select chain") | [V-type proton atpase subunit D
1](cxcmd:sequence chain #1/Q "Show sequence") | [VA0D1_HUMAN](cxcmd:open
P61421 from uniprot "Show annotations") [1-351](cxcmd:select #1/Q:1-351
"Select sequence")  
[R](cxcmd:select /R:3-832 "Select chain") | [V-type proton atpase 116 kda
subunit A isoform 1](cxcmd:sequence chain #1/R "Show sequence") |
[VPP1_HUMAN](cxcmd:open Q93050 from uniprot "Show annotations")
[1-837](cxcmd:select #1/R:1-837 "Select sequence")  
[S](cxcmd:select /S:4-80 "Select chain") | [V-type proton atpase subunit E
1](cxcmd:sequence chain #1/S "Show sequence") | [VA0E1_HUMAN](cxcmd:open
O15342 from uniprot "Show annotations") [1-81](cxcmd:select #1/S:1-81 "Select
sequence")  
[T](cxcmd:select /T:45-129 "Select chain") | [RNAse κ](cxcmd:sequence chain
#1/T "Show sequence") | [RNK_HUMAN](cxcmd:open Q6P5S7 from uniprot "Show
annotations") [1-137](cxcmd:select #1/T:1-137 "Select sequence")  
[U](cxcmd:select /U:254-458 "Select chain") | [V-type proton atpase subunit
S1](cxcmd:sequence chain #1/U "Show sequence") | [VAS1_HUMAN](cxcmd:open
Q15904 from uniprot "Show annotations") [1-470](cxcmd:select #1/U:1-470
"Select sequence")  
[V](cxcmd:select /V:291-340 "Select chain") | [renin receptor](cxcmd:sequence
chain #1/V "Show sequence") | [RENR_HUMAN](cxcmd:open O75787 from uniprot
"Show annotations") [1-350](cxcmd:select #1/V:1-350 "Select sequence")  
[X](cxcmd:select /X:14-275 "Select chain") [Y](cxcmd:select /Y:9-275 "Select
chain") [Z](cxcmd:select /Z:14-275 "Select chain") | [SIDK](cxcmd:sequence
chain #1/X#1/Y#1/Z "Show sequence") |  
  

INFO:
Non-standard residues in 6wm2.pdb #1  
---  
[ADP](cxcmd:sel :ADP "select residue") —
[adenosine-5&#x27;-diphosphate](http://www.rcsb.org/ligand/ADP "show residue
info")  
[BGC](cxcmd:sel :BGC "select residue") — [β-D-
glucopyranose](http://www.rcsb.org/ligand/BGC "show residue info") (β-D-
glucose; D-glucose; glucose)  
[BMA](cxcmd:sel :BMA "select residue") — [β-D-
mannopyranose](http://www.rcsb.org/ligand/BMA "show residue info") (β-D-
mannose; D-mannose; mannose)  
[CLR](cxcmd:sel :CLR "select residue") —
[cholesterol](http://www.rcsb.org/ligand/CLR "show residue info")  
[GAL](cxcmd:sel :GAL "select residue") — [β-D-
galactopyranose](http://www.rcsb.org/ligand/GAL "show residue info") (β-D-
galactose; D-galactose; galactose)  
[GLC](cxcmd:sel :GLC "select residue") — [α-D-
glucopyranose](http://www.rcsb.org/ligand/GLC "show residue info") (α-D-
glucose; D-glucose; glucose)  
[MAN](cxcmd:sel :MAN "select residue") — [α-D-
mannopyranose](http://www.rcsb.org/ligand/MAN "show residue info") (α-D-
mannose; D-mannose; mannose)  
[NAG](cxcmd:sel :NAG "select residue") — [2-acetamido-2-deoxy-β-D-
glucopyranose](http://www.rcsb.org/ligand/NAG "show residue info") (N-acetyl-
β-D-glucosamine; 2-acetamido-2-deoxy-β-D-glucose; 2-acetamido-2-deoxy-D-
glucose; 2-acetamido-2-deoxy-glucose; N-acetyl-D-glucosamine)  
[NGA](cxcmd:sel :NGA "select residue") — [2-acetamido-2-deoxy-β-D-
galactopyranose](http://www.rcsb.org/ligand/NGA "show residue info")
(N-acetyl-β-D-galactosamine; 2-acetamido-2-deoxy-β-D-galactose;
2-acetamido-2-deoxy-D-galactose; 2-acetamido-2-deoxy-galactose; N-acetyl-D-
galactosamine)  
[PSF](cxcmd:sel :PSF "select residue") — [1,2-dicaproyl-Sn-phosphatidyl-L-
serine](http://www.rcsb.org/ligand/PSF "show residue info")
(phosphatidylserine)  
[PTY](cxcmd:sel :PTY "select residue") —
[phosphatidylethanolamine](http://www.rcsb.org/ligand/PTY "show residue info")  
[SIA](cxcmd:sel :SIA "select residue") — [N-acetyl-α-neuraminic
acid](http://www.rcsb.org/ligand/SIA "show residue info") (N-acetylneuraminic
acid; sialic acid; α-sialicacid; O-sialic acid)  
[WJP](cxcmd:sel :WJP "select residue") — [methyl
(3R,6Z,10E,14E)-3,7,11,15,19-pentamethylicosa-6,10,14,18-tetraen-1-yl
dihydrogen diphosphate](http://www.rcsb.org/ligand/WJP "show residue info")
(dolichol-PP)  
[WJS](cxcmd:sel :WJS "select residue") —
[(2~{S})-2-$L^{4}-azanyl-3-[[(2~{R})-3-octadecanoyloxy-2-oxidanyl-
propoxy]-oxidanyl-oxidanylidene-$L^{6}-phosphanyl]oxy-propanoic
acid](http://www.rcsb.org/ligand/WJS "show residue info")  
[WSS](cxcmd:sel :WSS "select residue") —
[tri(methyl)-[2-[[(2~{R})-2-[(~{Z})-octadec-9-enoyl]oxy-3-[(~{E})-1-oxidanylideneoctadec-9-enoxy]propoxy]-oxidanyl-
phosphoryl]oxyethyl]azanium](http://www.rcsb.org/ligand/WSS "show residue
info")  
  

INFO:
Executing: torsion /r:8@C2 /r:8@C1 /r:7@O2 /r:7@C2
INFO:
Torsion angle for atoms /r GLC 8 C2 C1 GLC 7 O2 C2 is -97.0725°
INFO:
Executing: torsion /r:8@C1 /r:7@O2 /r:7@C2 /r:7@C3
INFO:
Torsion angle for atoms /r GLC 8 C1 GLC 7 O2 C2 C3 is -17.6624°
INFO:
Executing: close #1
INFO:
Executing: open ../../../pdbs/3v0w.pdb
INFO:
_3v0w.pdb_ title:  
 **Crystal structure of fab WN1 222-5 In complex with LPS**
[[more info...]](cxcmd:log metadata #1)  
  

INFO:
Chain information for 3v0w.pdb #1  
---  
Chain | Description  
[H](cxcmd:select /H:1-212 "Select chain") | [WN1 222-5 fab (IGG2A) heavy
chain](cxcmd:sequence chain #1/H "Show sequence")  
[L](cxcmd:select /L:1-211 "Select chain") | [WN1 222-5 fab (IGG2A) light
chain](cxcmd:sequence chain #1/L "Show sequence")  
  

INFO:
Non-standard residues in 3v0w.pdb #1  
---  
[GLA](cxcmd:sel :GLA "select residue") — [α-D-
galactopyranose](http://www.rcsb.org/ligand/GLA "show residue info")  
[GLC](cxcmd:sel :GLC "select residue") — [α-D-
glucopyranose](http://www.rcsb.org/ligand/GLC "show residue info")  
[GM0](cxcmd:sel :GM0 "select residue") — [4-O-phosphono-L-glycero-α-D-manno-
heptopyranose](http://www.rcsb.org/ligand/GM0 "show residue info")  
[GMH](cxcmd:sel :GMH "select residue") — [L-glycero-α-D-manno-
heptopyranose](http://www.rcsb.org/ligand/GMH "show residue info")  
[KDO](cxcmd:sel :KDO "select residue") — [3-deoxy-α-D-manno-
oct-2-ulopyranosonic acid](http://www.rcsb.org/ligand/KDO "show residue info")  
[PA1](cxcmd:sel :PA1 "select residue") — [2-amino-2-deoxy-α-D-
glucopyranose](http://www.rcsb.org/ligand/PA1 "show residue info")  
[SO4](cxcmd:sel :SO4 "select residue") — [sulfate
ion](http://www.rcsb.org/ligand/SO4 "show residue info")  
  

INFO:
Executing: torsion /A:5@C2 /A:5@C1 /A:4@O2 /A:4@C2
INFO:
Torsion angle for atoms /A GLC 5 C2 C1 GLC 4 O2 C2 is 164.697°
INFO:
Executing: torsion /A:5@C1 /A:4@O2 /A:4@C2 /A:4@C3
INFO:
Torsion angle for atoms /A GLC 5 C1 GLC 4 O2 C2 C3 is -54.8037°
INFO:
Executing: close #1
INFO:
Executing: open ../../../pdbs/3v0w.pdb
INFO:
_3v0w.pdb_ title:  
 **Crystal structure of fab WN1 222-5 In complex with LPS**
[[more info...]](cxcmd:log metadata #1)  
  

INFO:
Chain information for 3v0w.pdb #1  
---  
Chain | Description  
[H](cxcmd:select /H:1-212 "Select chain") | [WN1 222-5 fab (IGG2A) heavy
chain](cxcmd:sequence chain #1/H "Show sequence")  
[L](cxcmd:select /L:1-211 "Select chain") | [WN1 222-5 fab (IGG2A) light
chain](cxcmd:sequence chain #1/L "Show sequence")  
  

INFO:
Non-standard residues in 3v0w.pdb #1  
---  
[GLA](cxcmd:sel :GLA "select residue") — [α-D-
galactopyranose](http://www.rcsb.org/ligand/GLA "show residue info")  
[GLC](cxcmd:sel :GLC "select residue") — [α-D-
glucopyranose](http://www.rcsb.org/ligand/GLC "show residue info")  
[GM0](cxcmd:sel :GM0 "select residue") — [4-O-phosphono-L-glycero-α-D-manno-
heptopyranose](http://www.rcsb.org/ligand/GM0 "show residue info")  
[GMH](cxcmd:sel :GMH "select residue") — [L-glycero-α-D-manno-
heptopyranose](http://www.rcsb.org/ligand/GMH "show residue info")  
[KDO](cxcmd:sel :KDO "select residue") — [3-deoxy-α-D-manno-
oct-2-ulopyranosonic acid](http://www.rcsb.org/ligand/KDO "show residue info")  
[PA1](cxcmd:sel :PA1 "select residue") — [2-amino-2-deoxy-α-D-
glucopyranose](http://www.rcsb.org/ligand/PA1 "show residue info")  
[SO4](cxcmd:sel :SO4 "select residue") — [sulfate
ion](http://www.rcsb.org/ligand/SO4 "show residue info")  
  

INFO:
Executing: torsion /A:6@C2 /A:6@C1 /A:5@O2 /A:5@C2
INFO:
Torsion angle for atoms /A GLC 6 C2 C1 GLC 5 O2 C2 is 177.387°
INFO:
Executing: torsion /A:6@C1 /A:5@O2 /A:5@C2 /A:5@C3
INFO:
Torsion angle for atoms /A GLC 6 C1 GLC 5 O2 C2 C3 is -158.559°
INFO:
Executing: close #1
INFO:
Executing: open ../../../pdbs/7wjf.pdb
INFO:
_7wjf.pdb_ title:  
 **Crystal structure of lactococcus lactis subsp. Cremoris GH31 α-1,
3-glucosidase mutant D394A In complex with kojibiose**
[[more info...]](cxcmd:log metadata #1)  
  

INFO:
Chain information for 7wjf.pdb #1  
---  
Chain | Description | UniProt  
[A](cxcmd:select /A:11-739 "Select chain") | [α-xylosidase](cxcmd:sequence
chain #1/A "Show sequence") | [A2RM80_LACLM](cxcmd:open A2RM80 from uniprot
"Show annotations") [1-739](cxcmd:select #1/A:1-739 "Select sequence")  
  

INFO:
Non-standard residues in 7wjf.pdb #1  
---  
[EDO](cxcmd:sel :EDO "select residue") —
[1,2-ethanediol](http://www.rcsb.org/ligand/EDO "show residue info") (ethylene
glycol)  
[GLC](cxcmd:sel :GLC "select residue") — [α-D-
glucopyranose](http://www.rcsb.org/ligand/GLC "show residue info") (α-D-
glucose; D-glucose; glucose)  
  

INFO:
Executing: torsion /B:2@C2 /B:2@C1 /B:1@O2 /B:1@C2
INFO:
Torsion angle for atoms /B GLC 2 C2 C1 GLC 1 O2 C2 is 177.667°
INFO:
Executing: torsion /B:2@C1 /B:1@O2 /B:1@C2 /B:1@C3
INFO:
Torsion angle for atoms /B GLC 2 C1 GLC 1 O2 C2 C3 is -153.485°
INFO:
Executing: close #1
INFO:
Executing: open ../../../pdbs/8agc.pdb
INFO:
_8agc.pdb_ title:  
 **Structure of yeast oligosaccharylransferase complex with lipid-linked
oligosaccharide and non-acceptor peptide bound** [[more info...]](cxcmd:log
metadata #1)  
  

INFO:
Chain information for 8agc.pdb #1  
---  
Chain | Description | UniProt  
[A](cxcmd:select /A:6-718 "Select chain") | [dolichyl-diphosphooligosaccharide
--protein glycotransferase](cxcmd:sequence chain #1/A "Show sequence") |  
[B](cxcmd:select /B:1-33 "Select chain") | [OST4 isoform 1](cxcmd:sequence
chain #1/B "Show sequence") |  
[C](cxcmd:select /C:2-86 "Select chain") | [dolichyl-diphosphooligosaccharide
--protein glycosyltransferase subunit OST5](cxcmd:sequence chain #1/C "Show
sequence") | [OST5_YEAST](cxcmd:open Q92316 from uniprot "Show annotations")
[1-86](cxcmd:select #1/C:1-86 "Select sequence")  
[D](cxcmd:select /D:22-130 "Select chain") | [oligosaccharyl transferase
subunit OST2](cxcmd:sequence chain #1/D "Show sequence") |  
[E](cxcmd:select /E:25-474 "Select chain") | [dolichyl-
diphosphooligosaccharide--protein glycosyltransferase subunit
1](cxcmd:sequence chain #1/E "Show sequence") |  
[F](cxcmd:select /F:25-282 "Select chain") | [dolichyl-
diphosphooligosaccharide--protein glycosyltransferase subunit
2](cxcmd:sequence chain #1/F "Show sequence") |  
[G](cxcmd:select /G:25-418 "Select chain") | [oligosaccharyl transferase
subunit WBP1](cxcmd:sequence chain #1/G "Show sequence") |  
[H](cxcmd:select /H:213-343 "Select chain") | [OST3 isoform 1](cxcmd:sequence
chain #1/H "Show sequence") |  
[P](cxcmd:select /P:2-8 "Select chain") | [peptide](cxcmd:sequence chain #1/P
"Show sequence") |  
  

INFO:
Non-standard residues in 8agc.pdb #1  
---  
[323](cxcmd:sel ::name="323" "select residue") —
[2-[3,6-bis(dimethylamino)xanthen-9-yl]-5-methanoyl-
benzoate](http://www.rcsb.org/ligand/323 "show residue info")
(5-carboxy-N,N&#x27;-tetramethyl rhodamine)  
[BMA](cxcmd:sel :BMA "select residue") — [β-D-
mannopyranose](http://www.rcsb.org/ligand/BMA "show residue info") (β-D-
mannose; D-mannose; mannose)  
[CPL](cxcmd:sel :CPL "select residue") — [1-palmitoyl-2-linoleoyl-Sn-
glycero-3-phosphocholine](http://www.rcsb.org/ligand/CPL "show residue info")
(palmitoyl-linoleoyl phosphatidylcholine)  
[DAB](cxcmd:sel :DAB "select residue") — [2,4-diaminobutyric
acid](http://www.rcsb.org/ligand/DAB "show residue info")  
[ELU](cxcmd:sel :ELU "select residue") — [phosphono
[(3~{R},6~{E},10~{E})-3,7,11,15-tetramethylhexadeca-6,10,14-trienyl]
hydrogenphosphate](http://www.rcsb.org/ligand/ELU "show residue info")  
[GLC](cxcmd:sel :GLC "select residue") — [α-D-
glucopyranose](http://www.rcsb.org/ligand/GLC "show residue info") (α-D-
glucose; D-glucose; glucose)  
[MAN](cxcmd:sel :MAN "select residue") — [α-D-
mannopyranose](http://www.rcsb.org/ligand/MAN "show residue info") (α-D-
mannose; D-mannose; mannose)  
[MN](cxcmd:sel :MN "select residue") — [manganese (II)
ion](http://www.rcsb.org/ligand/MN "show residue info")  
[NAG](cxcmd:sel :NAG "select residue") — [2-acetamido-2-deoxy-β-D-
glucopyranose](http://www.rcsb.org/ligand/NAG "show residue info") (N-acetyl-
β-D-glucosamine; 2-acetamido-2-deoxy-β-D-glucose; 2-acetamido-2-deoxy-D-
glucose; 2-acetamido-2-deoxy-glucose; N-acetyl-D-glucosamine)  
[NDG](cxcmd:sel :NDG "select residue") — [2-acetamido-2-deoxy-α-D-
glucopyranose](http://www.rcsb.org/ligand/NDG "show residue info") (N-acetyl-
α-D-glucosamine; 2-acetamido-2-deoxy-α-D-glucose; 2-acetamido-2-deoxy-D-
glucose; 2-acetamido-2-deoxy-glucose; 2-(acetylamino)-2-deoxy-A-D-
glucopyranose)  
[PTY](cxcmd:sel :PTY "select residue") —
[phosphatidylethanolamine](http://www.rcsb.org/ligand/PTY "show residue info")  
  

INFO:
Executing: torsion /L:9@C2 /L:9@C1 /L:8@O2 /L:8@C2
INFO:
Torsion angle for atoms /L GLC 9 C2 C1 GLC 8 O2 C2 is -158.388°
INFO:
Executing: torsion /L:9@C1 /L:8@O2 /L:8@C2 /L:8@C3
INFO:
Torsion angle for atoms /L GLC 9 C1 GLC 8 O2 C2 C3 is -168.905°
INFO:
Executing: close #1
INFO:
Executing: open ../../../pdbs/8agc.pdb
INFO:
_8agc.pdb_ title:  
 **Structure of yeast oligosaccharylransferase complex with lipid-linked
oligosaccharide and non-acceptor peptide bound** [[more info...]](cxcmd:log
metadata #1)  
  

INFO:
Chain information for 8agc.pdb #1  
---  
Chain | Description | UniProt  
[A](cxcmd:select /A:6-718 "Select chain") | [dolichyl-diphosphooligosaccharide
--protein glycotransferase](cxcmd:sequence chain #1/A "Show sequence") |  
[B](cxcmd:select /B:1-33 "Select chain") | [OST4 isoform 1](cxcmd:sequence
chain #1/B "Show sequence") |  
[C](cxcmd:select /C:2-86 "Select chain") | [dolichyl-diphosphooligosaccharide
--protein glycosyltransferase subunit OST5](cxcmd:sequence chain #1/C "Show
sequence") | [OST5_YEAST](cxcmd:open Q92316 from uniprot "Show annotations")
[1-86](cxcmd:select #1/C:1-86 "Select sequence")  
[D](cxcmd:select /D:22-130 "Select chain") | [oligosaccharyl transferase
subunit OST2](cxcmd:sequence chain #1/D "Show sequence") |  
[E](cxcmd:select /E:25-474 "Select chain") | [dolichyl-
diphosphooligosaccharide--protein glycosyltransferase subunit
1](cxcmd:sequence chain #1/E "Show sequence") |  
[F](cxcmd:select /F:25-282 "Select chain") | [dolichyl-
diphosphooligosaccharide--protein glycosyltransferase subunit
2](cxcmd:sequence chain #1/F "Show sequence") |  
[G](cxcmd:select /G:25-418 "Select chain") | [oligosaccharyl transferase
subunit WBP1](cxcmd:sequence chain #1/G "Show sequence") |  
[H](cxcmd:select /H:213-343 "Select chain") | [OST3 isoform 1](cxcmd:sequence
chain #1/H "Show sequence") |  
[P](cxcmd:select /P:2-8 "Select chain") | [peptide](cxcmd:sequence chain #1/P
"Show sequence") |  
  

INFO:
Non-standard residues in 8agc.pdb #1  
---  
[323](cxcmd:sel ::name="323" "select residue") —
[2-[3,6-bis(dimethylamino)xanthen-9-yl]-5-methanoyl-
benzoate](http://www.rcsb.org/ligand/323 "show residue info")
(5-carboxy-N,N&#x27;-tetramethyl rhodamine)  
[BMA](cxcmd:sel :BMA "select residue") — [β-D-
mannopyranose](http://www.rcsb.org/ligand/BMA "show residue info") (β-D-
mannose; D-mannose; mannose)  
[CPL](cxcmd:sel :CPL "select residue") — [1-palmitoyl-2-linoleoyl-Sn-
glycero-3-phosphocholine](http://www.rcsb.org/ligand/CPL "show residue info")
(palmitoyl-linoleoyl phosphatidylcholine)  
[DAB](cxcmd:sel :DAB "select residue") — [2,4-diaminobutyric
acid](http://www.rcsb.org/ligand/DAB "show residue info")  
[ELU](cxcmd:sel :ELU "select residue") — [phosphono
[(3~{R},6~{E},10~{E})-3,7,11,15-tetramethylhexadeca-6,10,14-trienyl]
hydrogenphosphate](http://www.rcsb.org/ligand/ELU "show residue info")  
[GLC](cxcmd:sel :GLC "select residue") — [α-D-
glucopyranose](http://www.rcsb.org/ligand/GLC "show residue info") (α-D-
glucose; D-glucose; glucose)  
[MAN](cxcmd:sel :MAN "select residue") — [α-D-
mannopyranose](http://www.rcsb.org/ligand/MAN "show residue info") (α-D-
mannose; D-mannose; mannose)  
[MN](cxcmd:sel :MN "select residue") — [manganese (II)
ion](http://www.rcsb.org/ligand/MN "show residue info")  
[NAG](cxcmd:sel :NAG "select residue") — [2-acetamido-2-deoxy-β-D-
glucopyranose](http://www.rcsb.org/ligand/NAG "show residue info") (N-acetyl-
β-D-glucosamine; 2-acetamido-2-deoxy-β-D-glucose; 2-acetamido-2-deoxy-D-
glucose; 2-acetamido-2-deoxy-glucose; N-acetyl-D-glucosamine)  
[NDG](cxcmd:sel :NDG "select residue") — [2-acetamido-2-deoxy-α-D-
glucopyranose](http://www.rcsb.org/ligand/NDG "show residue info") (N-acetyl-
α-D-glucosamine; 2-acetamido-2-deoxy-α-D-glucose; 2-acetamido-2-deoxy-D-
glucose; 2-acetamido-2-deoxy-glucose; 2-(acetylamino)-2-deoxy-A-D-
glucopyranose)  
[PTY](cxcmd:sel :PTY "select residue") —
[phosphatidylethanolamine](http://www.rcsb.org/ligand/PTY "show residue info")  
  

INFO:
Executing: torsion /L:8@C2 /L:8@C1 /L:7@O2 /L:7@C2
INFO:
Torsion angle for atoms /L GLC 8 C2 C1 GLC 7 O2 C2 is -106.271°
INFO:
Executing: torsion /L:8@C1 /L:7@O2 /L:7@C2 /L:7@C3
INFO:
Torsion angle for atoms /L GLC 8 C1 GLC 7 O2 C2 C3 is -16.4067°
INFO:
Executing: close #1
INFO:
Executing: open ../../../pdbs/1fi1.pdb
INFO:
_1fi1.pdb_ title:  
 **Fhua In complex with lipopolysaccharide and rifamycin CGP4832**
[[more info...]](cxcmd:log metadata #1)  
  

INFO:
Chain information for 1fi1.pdb #1  
---  
Chain | Description | UniProt  
[A](cxcmd:select /A:19-725 "Select chain") | [ferrichrome-iron
receptor](cxcmd:sequence chain #1/A "Show sequence") | [FHUA_ECOLI](cxcmd:open
P06971 from uniprot "Show annotations") [19-725](cxcmd:select #1/A:19-725
"Select sequence")  
  

INFO:
Non-standard residues in 1fi1.pdb #1  
---  
[DDQ](cxcmd:sel :DDQ "select residue") — [decylamine-N,N-dimethyl-N-
oxide](http://www.rcsb.org/ligand/DDQ "show residue info")  
[DPO](cxcmd:sel :DPO "select residue") —
[diphosphate](http://www.rcsb.org/ligand/DPO "show residue info")  
[FTT](cxcmd:sel :FTT "select residue") — [3-hydroxy-tetradecanoic
acid](http://www.rcsb.org/ligand/FTT "show residue info") (3-hydroxy-myristic
acid)  
[GCN](cxcmd:sel :GCN "select residue") — [2-amino-2,3-dideoxy-α-D-
glucoyranose](http://www.rcsb.org/ligand/GCN "show residue info") (3-deoxy-D-
glucosamine; 3-deoxy-α-D-glucosamine)  
[GLA](cxcmd:sel :GLA "select residue") — [α-D-
galactopyranose](http://www.rcsb.org/ligand/GLA "show residue info") (α-D-
galactose; D-galactose; galactose; α D-galactose)  
[GLC](cxcmd:sel :GLC "select residue") — [α-D-
glucopyranose](http://www.rcsb.org/ligand/GLC "show residue info") (α-D-
glucose; D-glucose; glucose)  
[GMH](cxcmd:sel :GMH "select residue") — [L-glycero-α-D-manno-
heptopyranose](http://www.rcsb.org/ligand/GMH "show residue info") (L-glycero-
α-D-manno-heptose; L-glycero-D-manno-heptose; L-glycero-manno-heptose;
L-glycero-D-manno-heptopyranose)  
[KDO](cxcmd:sel :KDO "select residue") — [3-deoxy-α-D-manno-
oct-2-ulopyranosonic acid](http://www.rcsb.org/ligand/KDO "show residue info")
(3-deoxy-D-manno-oct-2-ulopyranosonic acid; 2-keto-3-deoxy-D-mannooctanoic
acid; 3-deoxy-α-D-manno-oct-2-ulosonic acid; 3-deoxy-D-manno-oct-2-ulosonic
acid;3-deoxy-manno-oct-2-ulosonic acid)  
[MG](cxcmd:sel :MG "select residue") — [magnesium
ion](http://www.rcsb.org/ligand/MG "show residue info")  
[NA](cxcmd:sel :NA "select residue") — [sodium
ion](http://www.rcsb.org/ligand/NA "show residue info")  
[NI](cxcmd:sel :NI "select residue") — [nickel (II)
ion](http://www.rcsb.org/ligand/NI "show residue info")  
[PA1](cxcmd:sel :PA1 "select residue") — [2-amino-2-deoxy-α-D-
glucopyranose](http://www.rcsb.org/ligand/PA1 "show residue info") (alpah-D-
glucosamine; 2-amino-2-deoxy-α-D-glucose;2-amino-2-deoxy-D-glucose;
2-amino-2-deoxy-glucose)  
[PO4](cxcmd:sel :PO4 "select residue") — [phosphate
ion](http://www.rcsb.org/ligand/PO4 "show residue info")  
[RIF](cxcmd:sel :RIF "select residue") — [rifamycin CGP
4832](http://www.rcsb.org/ligand/RIF "show residue info")  
  

INFO:
Executing: torsion /B:7@C2 /B:7@C1 /B:6@O2 /B:6@C2
INFO:
Torsion angle for atoms /B GLC 7 C2 C1 GLC 6 O2 C2 is -110.528°
INFO:
Executing: torsion /B:7@C1 /B:6@O2 /B:6@C2 /B:6@C3
INFO:
Torsion angle for atoms /B GLC 7 C1 GLC 6 O2 C2 C3 is -20.8487°
INFO:
Executing: close #1
INFO:
Executing: open ../../../pdbs/1fi1.pdb
INFO:
_1fi1.pdb_ title:  
 **Fhua In complex with lipopolysaccharide and rifamycin CGP4832**
[[more info...]](cxcmd:log metadata #1)  
  

INFO:
Chain information for 1fi1.pdb #1  
---  
Chain | Description | UniProt  
[A](cxcmd:select /A:19-725 "Select chain") | [ferrichrome-iron
receptor](cxcmd:sequence chain #1/A "Show sequence") | [FHUA_ECOLI](cxcmd:open
P06971 from uniprot "Show annotations") [19-725](cxcmd:select #1/A:19-725
"Select sequence")  
  

INFO:
Non-standard residues in 1fi1.pdb #1  
---  
[DDQ](cxcmd:sel :DDQ "select residue") — [decylamine-N,N-dimethyl-N-
oxide](http://www.rcsb.org/ligand/DDQ "show residue info")  
[DPO](cxcmd:sel :DPO "select residue") —
[diphosphate](http://www.rcsb.org/ligand/DPO "show residue info")  
[FTT](cxcmd:sel :FTT "select residue") — [3-hydroxy-tetradecanoic
acid](http://www.rcsb.org/ligand/FTT "show residue info") (3-hydroxy-myristic
acid)  
[GCN](cxcmd:sel :GCN "select residue") — [2-amino-2,3-dideoxy-α-D-
glucoyranose](http://www.rcsb.org/ligand/GCN "show residue info") (3-deoxy-D-
glucosamine; 3-deoxy-α-D-glucosamine)  
[GLA](cxcmd:sel :GLA "select residue") — [α-D-
galactopyranose](http://www.rcsb.org/ligand/GLA "show residue info") (α-D-
galactose; D-galactose; galactose; α D-galactose)  
[GLC](cxcmd:sel :GLC "select residue") — [α-D-
glucopyranose](http://www.rcsb.org/ligand/GLC "show residue info") (α-D-
glucose; D-glucose; glucose)  
[GMH](cxcmd:sel :GMH "select residue") — [L-glycero-α-D-manno-
heptopyranose](http://www.rcsb.org/ligand/GMH "show residue info") (L-glycero-
α-D-manno-heptose; L-glycero-D-manno-heptose; L-glycero-manno-heptose;
L-glycero-D-manno-heptopyranose)  
[KDO](cxcmd:sel :KDO "select residue") — [3-deoxy-α-D-manno-
oct-2-ulopyranosonic acid](http://www.rcsb.org/ligand/KDO "show residue info")
(3-deoxy-D-manno-oct-2-ulopyranosonic acid; 2-keto-3-deoxy-D-mannooctanoic
acid; 3-deoxy-α-D-manno-oct-2-ulosonic acid; 3-deoxy-D-manno-oct-2-ulosonic
acid;3-deoxy-manno-oct-2-ulosonic acid)  
[MG](cxcmd:sel :MG "select residue") — [magnesium
ion](http://www.rcsb.org/ligand/MG "show residue info")  
[NA](cxcmd:sel :NA "select residue") — [sodium
ion](http://www.rcsb.org/ligand/NA "show residue info")  
[NI](cxcmd:sel :NI "select residue") — [nickel (II)
ion](http://www.rcsb.org/ligand/NI "show residue info")  
[PA1](cxcmd:sel :PA1 "select residue") — [2-amino-2-deoxy-α-D-
glucopyranose](http://www.rcsb.org/ligand/PA1 "show residue info") (alpah-D-
glucosamine; 2-amino-2-deoxy-α-D-glucose;2-amino-2-deoxy-D-glucose;
2-amino-2-deoxy-glucose)  
[PO4](cxcmd:sel :PO4 "select residue") — [phosphate
ion](http://www.rcsb.org/ligand/PO4 "show residue info")  
[RIF](cxcmd:sel :RIF "select residue") — [rifamycin CGP
4832](http://www.rcsb.org/ligand/RIF "show residue info")  
  

INFO:
Executing: torsion /B:8@C2 /B:8@C1 /B:7@O2 /B:7@C2
INFO:
Torsion angle for atoms /B GLC 8 C2 C1 GLC 7 O2 C2 is -70.6431°
INFO:
Executing: torsion /B:8@C1 /B:7@O2 /B:7@C2 /B:7@C3
INFO:
Torsion angle for atoms /B GLC 8 C1 GLC 7 O2 C2 C3 is -128.08°
INFO:
Executing: close #1
INFO:
Executing: open ../../../pdbs/7khr.pdb
INFO:
_7khr.pdb_ title:  
 **Cryo-em structure of bafilomycin A1-bound intact V-atpase from bovine
brain** [[more info...]](cxcmd:log metadata #1)  
  

INFO:
Chain information for 7khr.pdb #1  
---  
Chain | Description | UniProt  
[A](cxcmd:select /A:16-612 "Select chain") [B](cxcmd:select /B:15-612 "Select
chain") [C](cxcmd:select /C:13-612 "Select chain") | [V-type proton atpase
catalytic subunit A](cxcmd:sequence chain #1/A#1/B#1/C "Show sequence") |
[VATA_BOVIN](cxcmd:open P31404 from uniprot "Show annotations")
[1-617](cxcmd:select #1/A,B,C:1-617 "Select sequence")  
[D](cxcmd:select /D:38-506 "Select chain") [E](cxcmd:select /E:38-506 "Select
chain") [F](cxcmd:select /F:38-506 "Select chain") | [V-type proton atpase
subunit B, brain isoform](cxcmd:sequence chain #1/D#1/E#1/F "Show sequence") |
[VATB2_BOVIN](cxcmd:open P31408 from uniprot "Show annotations")
[1-511](cxcmd:select #1/D,E,F:1-511 "Select sequence")  
[G](cxcmd:select /G:2-379 "Select chain") | [V-type proton atpase subunit C
1](cxcmd:sequence chain #1/G "Show sequence") | [VATC1_BOVIN](cxcmd:open
P21282 from uniprot "Show annotations") [1-382](cxcmd:select #1/G:1-382
"Select sequence")  
[H](cxcmd:select /H:6-217 "Select chain") | [V-type proton atpase subunit
D](cxcmd:sequence chain #1/H "Show sequence") |  
[I](cxcmd:select /I:6-223 "Select chain") [J](cxcmd:select /J:6-223 "Select
chain") [K](cxcmd:select /K:4-223 "Select chain") | [V-type proton atpase
subunit E 1](cxcmd:sequence chain #1/I#1/J#1/K "Show sequence") |
[VATE1_BOVIN](cxcmd:open P11019 from uniprot "Show annotations")
[1-226](cxcmd:select #1/I,J,K:1-226 "Select sequence")  
[L](cxcmd:select /L:5-107 "Select chain") | [V-type proton atpase subunit
F](cxcmd:sequence chain #1/L "Show sequence") | [VATF_BOVIN](cxcmd:open Q28029
from uniprot "Show annotations") [1-119](cxcmd:select #1/L:1-119 "Select
sequence")  
[M](cxcmd:select /M:6-114 "Select chain") [N](cxcmd:select /N:6-114 "Select
chain") [O](cxcmd:select /O:6-114 "Select chain") | [V-type proton atpase
subunit G](cxcmd:sequence chain #1/M#1/N#1/O "Show sequence") |
[Q0VCV6_BOVIN](cxcmd:open Q0VCV6 from uniprot "Show annotations")
[1-118](cxcmd:select #1/M,N,O:1-118 "Select sequence")  
[P](cxcmd:select /P:66-445 "Select chain") | [V-type proton atpase subunit
H](cxcmd:sequence chain #1/P "Show sequence") | [F1MZL6_BOVIN](cxcmd:open
F1MZL6 from uniprot "Show annotations") [1-465](cxcmd:select #1/P:1-465
"Select sequence")  
[a](cxcmd:select /a:4-834 "Select chain") | [V-type proton atpase subunit
A](cxcmd:sequence chain #1/a "Show sequence") | [F1MJV0_BOVIN](cxcmd:open
F1MJV0 from uniprot "Show annotations") [1-838](cxcmd:select #1/a:1-838
"Select sequence")  
[b](cxcmd:select /b:2-205 "Select chain") | [V-type proton atpase 21 kda
proteolipid subunit](cxcmd:sequence chain #1/b "Show sequence") |
[VATO_BOVIN](cxcmd:open Q2TA24 from uniprot "Show annotations")
[1-205](cxcmd:select #1/b:1-205 "Select sequence")  
[c](cxcmd:select /c:6-155 "Select chain") [g](cxcmd:select /g:6-155 "Select
chain") [k](cxcmd:select /k:6-155 "Select chain") [l](cxcmd:select /l:6-155
"Select chain") [m](cxcmd:select /m:6-155 "Select chain") [n](cxcmd:select
/n:6-155 "Select chain") [o](cxcmd:select /o:5-155 "Select chain")
[p](cxcmd:select /p:5-155 "Select chain") [q](cxcmd:select /q:5-155 "Select
chain") | [V-type proton atpase 16 kda proteolipid subunit](cxcmd:sequence
chain #1/c#1/g#1/k#1/l#1/m#1/n#1/o#1/p#1/q "Show sequence") |
[VATL_BOVIN](cxcmd:open P23956 from uniprot "Show annotations")
[1-155](cxcmd:select #1/c,g,k,l,m,n,o,p,q:1-155 "Select sequence")  
[d](cxcmd:select /d:4-351 "Select chain") | [V-type proton atpase subunit D
1](cxcmd:sequence chain #1/d "Show sequence") | [VA0D1_BOVIN](cxcmd:open
P61420 from uniprot "Show annotations") [1-351](cxcmd:select #1/d:1-351
"Select sequence")  
[e](cxcmd:select /e:8-80 "Select chain") | [V-type proton atpase subunit E
2](cxcmd:sequence chain #1/e "Show sequence") | [VA0E2_BOVIN](cxcmd:open
Q2KIB5 from uniprot "Show annotations") [1-81](cxcmd:select #1/e:1-81 "Select
sequence")  
[f](cxcmd:select /f:9-83 "Select chain") | [RNAse κ](cxcmd:sequence chain #1/f
"Show sequence") | [RNK_BOVIN](cxcmd:open Q3ZC23 from uniprot "Show
annotations") [1-98](cxcmd:select #1/f:1-98 "Select sequence")  
[r](cxcmd:select /r:293-338 "Select chain") | [renin receptor](cxcmd:sequence
chain #1/r "Show sequence") | [RENR_BOVIN](cxcmd:open P81134 from uniprot
"Show annotations") [1-351](cxcmd:select #1/r:1-351 "Select sequence")  
[s](cxcmd:select /s:252-455 "Select chain") | [V-type proton atpase subunit
S1](cxcmd:sequence chain #1/s "Show sequence") | [VAS1_BOVIN](cxcmd:open
P40682 from uniprot "Show annotations") [1-468](cxcmd:select #1/s:1-468
"Select sequence")  
  

INFO:
Non-standard residues in 7khr.pdb #1  
---  
[ADP](cxcmd:sel :ADP "select residue") —
[adenosine-5&#x27;-diphosphate](http://www.rcsb.org/ligand/ADP "show residue
info")  
[BMA](cxcmd:sel :BMA "select residue") — [β-D-
mannopyranose](http://www.rcsb.org/ligand/BMA "show residue info") (β-D-
mannose; D-mannose; mannose)  
[GLC](cxcmd:sel :GLC "select residue") — [α-D-
glucopyranose](http://www.rcsb.org/ligand/GLC "show residue info") (α-D-
glucose; D-glucose; glucose)  
[MAN](cxcmd:sel :MAN "select residue") — [α-D-
mannopyranose](http://www.rcsb.org/ligand/MAN "show residue info") (α-D-
mannose; D-mannose; mannose)  
[MG](cxcmd:sel :MG "select residue") — [magnesium
ion](http://www.rcsb.org/ligand/MG "show residue info")  
[NAG](cxcmd:sel :NAG "select residue") — [2-acetamido-2-deoxy-β-D-
glucopyranose](http://www.rcsb.org/ligand/NAG "show residue info") (N-acetyl-
β-D-glucosamine; 2-acetamido-2-deoxy-β-D-glucose; 2-acetamido-2-deoxy-D-
glucose; 2-acetamido-2-deoxy-glucose; N-acetyl-D-glucosamine)  
[OLA](cxcmd:sel :OLA "select residue") — [oleic
acid](http://www.rcsb.org/ligand/OLA "show residue info")  
[POV](cxcmd:sel :POV "select residue") —
[(2S)-3-(hexadecanoyloxy)-2-[(9Z)-octadec-9-enoyloxy]propyl
2-(trimethylammonio)ethyl phosphate](http://www.rcsb.org/ligand/POV "show
residue info") (POPC)  
[WEV](cxcmd:sel :WEV "select residue") —
[(5R)-2,4-dideoxy-1-C-{(2S,3R,4S)-3-hydroxy-4-[(2R,3S,4E,6E,9R,10S,11R,12E,14Z)-10-hydroxy-3,15-dimethoxy-7,9,11,13-tetramethyl-16-oxo-1-oxacyclohexadeca-4,6,12,14-tetraen-2-yl]pentan-2-yl}-4-methyl-5-propan-2-yl-
α-D-threo-pentopyranose](http://www.rcsb.org/ligand/WEV "show residue info")  
[WJP](cxcmd:sel :WJP "select residue") — [methyl
(3R,6Z,10E,14E)-3,7,11,15,19-pentamethylicosa-6,10,14,18-tetraen-1-yl
dihydrogen diphosphate](http://www.rcsb.org/ligand/WJP "show residue info")
(dolichol-PP)  
  

INFO:
Executing: torsion /t:9@C2 /t:9@C1 /t:8@O2 /t:8@C2
INFO:
Torsion angle for atoms /t GLC 9 C2 C1 GLC 8 O2 C2 is -158.999°
INFO:
Executing: torsion /t:9@C1 /t:8@O2 /t:8@C2 /t:8@C3
INFO:
Torsion angle for atoms /t GLC 9 C1 GLC 8 O2 C2 C3 is -131.83°
INFO:
Executing: close #1
INFO:
Executing: open ../../../pdbs/7khr.pdb
INFO:
_7khr.pdb_ title:  
 **Cryo-em structure of bafilomycin A1-bound intact V-atpase from bovine
brain** [[more info...]](cxcmd:log metadata #1)  
  

INFO:
Chain information for 7khr.pdb #1  
---  
Chain | Description | UniProt  
[A](cxcmd:select /A:16-612 "Select chain") [B](cxcmd:select /B:15-612 "Select
chain") [C](cxcmd:select /C:13-612 "Select chain") | [V-type proton atpase
catalytic subunit A](cxcmd:sequence chain #1/A#1/B#1/C "Show sequence") |
[VATA_BOVIN](cxcmd:open P31404 from uniprot "Show annotations")
[1-617](cxcmd:select #1/A,B,C:1-617 "Select sequence")  
[D](cxcmd:select /D:38-506 "Select chain") [E](cxcmd:select /E:38-506 "Select
chain") [F](cxcmd:select /F:38-506 "Select chain") | [V-type proton atpase
subunit B, brain isoform](cxcmd:sequence chain #1/D#1/E#1/F "Show sequence") |
[VATB2_BOVIN](cxcmd:open P31408 from uniprot "Show annotations")
[1-511](cxcmd:select #1/D,E,F:1-511 "Select sequence")  
[G](cxcmd:select /G:2-379 "Select chain") | [V-type proton atpase subunit C
1](cxcmd:sequence chain #1/G "Show sequence") | [VATC1_BOVIN](cxcmd:open
P21282 from uniprot "Show annotations") [1-382](cxcmd:select #1/G:1-382
"Select sequence")  
[H](cxcmd:select /H:6-217 "Select chain") | [V-type proton atpase subunit
D](cxcmd:sequence chain #1/H "Show sequence") |  
[I](cxcmd:select /I:6-223 "Select chain") [J](cxcmd:select /J:6-223 "Select
chain") [K](cxcmd:select /K:4-223 "Select chain") | [V-type proton atpase
subunit E 1](cxcmd:sequence chain #1/I#1/J#1/K "Show sequence") |
[VATE1_BOVIN](cxcmd:open P11019 from uniprot "Show annotations")
[1-226](cxcmd:select #1/I,J,K:1-226 "Select sequence")  
[L](cxcmd:select /L:5-107 "Select chain") | [V-type proton atpase subunit
F](cxcmd:sequence chain #1/L "Show sequence") | [VATF_BOVIN](cxcmd:open Q28029
from uniprot "Show annotations") [1-119](cxcmd:select #1/L:1-119 "Select
sequence")  
[M](cxcmd:select /M:6-114 "Select chain") [N](cxcmd:select /N:6-114 "Select
chain") [O](cxcmd:select /O:6-114 "Select chain") | [V-type proton atpase
subunit G](cxcmd:sequence chain #1/M#1/N#1/O "Show sequence") |
[Q0VCV6_BOVIN](cxcmd:open Q0VCV6 from uniprot "Show annotations")
[1-118](cxcmd:select #1/M,N,O:1-118 "Select sequence")  
[P](cxcmd:select /P:66-445 "Select chain") | [V-type proton atpase subunit
H](cxcmd:sequence chain #1/P "Show sequence") | [F1MZL6_BOVIN](cxcmd:open
F1MZL6 from uniprot "Show annotations") [1-465](cxcmd:select #1/P:1-465
"Select sequence")  
[a](cxcmd:select /a:4-834 "Select chain") | [V-type proton atpase subunit
A](cxcmd:sequence chain #1/a "Show sequence") | [F1MJV0_BOVIN](cxcmd:open
F1MJV0 from uniprot "Show annotations") [1-838](cxcmd:select #1/a:1-838
"Select sequence")  
[b](cxcmd:select /b:2-205 "Select chain") | [V-type proton atpase 21 kda
proteolipid subunit](cxcmd:sequence chain #1/b "Show sequence") |
[VATO_BOVIN](cxcmd:open Q2TA24 from uniprot "Show annotations")
[1-205](cxcmd:select #1/b:1-205 "Select sequence")  
[c](cxcmd:select /c:6-155 "Select chain") [g](cxcmd:select /g:6-155 "Select
chain") [k](cxcmd:select /k:6-155 "Select chain") [l](cxcmd:select /l:6-155
"Select chain") [m](cxcmd:select /m:6-155 "Select chain") [n](cxcmd:select
/n:6-155 "Select chain") [o](cxcmd:select /o:5-155 "Select chain")
[p](cxcmd:select /p:5-155 "Select chain") [q](cxcmd:select /q:5-155 "Select
chain") | [V-type proton atpase 16 kda proteolipid subunit](cxcmd:sequence
chain #1/c#1/g#1/k#1/l#1/m#1/n#1/o#1/p#1/q "Show sequence") |
[VATL_BOVIN](cxcmd:open P23956 from uniprot "Show annotations")
[1-155](cxcmd:select #1/c,g,k,l,m,n,o,p,q:1-155 "Select sequence")  
[d](cxcmd:select /d:4-351 "Select chain") | [V-type proton atpase subunit D
1](cxcmd:sequence chain #1/d "Show sequence") | [VA0D1_BOVIN](cxcmd:open
P61420 from uniprot "Show annotations") [1-351](cxcmd:select #1/d:1-351
"Select sequence")  
[e](cxcmd:select /e:8-80 "Select chain") | [V-type proton atpase subunit E
2](cxcmd:sequence chain #1/e "Show sequence") | [VA0E2_BOVIN](cxcmd:open
Q2KIB5 from uniprot "Show annotations") [1-81](cxcmd:select #1/e:1-81 "Select
sequence")  
[f](cxcmd:select /f:9-83 "Select chain") | [RNAse κ](cxcmd:sequence chain #1/f
"Show sequence") | [RNK_BOVIN](cxcmd:open Q3ZC23 from uniprot "Show
annotations") [1-98](cxcmd:select #1/f:1-98 "Select sequence")  
[r](cxcmd:select /r:293-338 "Select chain") | [renin receptor](cxcmd:sequence
chain #1/r "Show sequence") | [RENR_BOVIN](cxcmd:open P81134 from uniprot
"Show annotations") [1-351](cxcmd:select #1/r:1-351 "Select sequence")  
[s](cxcmd:select /s:252-455 "Select chain") | [V-type proton atpase subunit
S1](cxcmd:sequence chain #1/s "Show sequence") | [VAS1_BOVIN](cxcmd:open
P40682 from uniprot "Show annotations") [1-468](cxcmd:select #1/s:1-468
"Select sequence")  
  

INFO:
Non-standard residues in 7khr.pdb #1  
---  
[ADP](cxcmd:sel :ADP "select residue") —
[adenosine-5&#x27;-diphosphate](http://www.rcsb.org/ligand/ADP "show residue
info")  
[BMA](cxcmd:sel :BMA "select residue") — [β-D-
mannopyranose](http://www.rcsb.org/ligand/BMA "show residue info") (β-D-
mannose; D-mannose; mannose)  
[GLC](cxcmd:sel :GLC "select residue") — [α-D-
glucopyranose](http://www.rcsb.org/ligand/GLC "show residue info") (α-D-
glucose; D-glucose; glucose)  
[MAN](cxcmd:sel :MAN "select residue") — [α-D-
mannopyranose](http://www.rcsb.org/ligand/MAN "show residue info") (α-D-
mannose; D-mannose; mannose)  
[MG](cxcmd:sel :MG "select residue") — [magnesium
ion](http://www.rcsb.org/ligand/MG "show residue info")  
[NAG](cxcmd:sel :NAG "select residue") — [2-acetamido-2-deoxy-β-D-
glucopyranose](http://www.rcsb.org/ligand/NAG "show residue info") (N-acetyl-
β-D-glucosamine; 2-acetamido-2-deoxy-β-D-glucose; 2-acetamido-2-deoxy-D-
glucose; 2-acetamido-2-deoxy-glucose; N-acetyl-D-glucosamine)  
[OLA](cxcmd:sel :OLA "select residue") — [oleic
acid](http://www.rcsb.org/ligand/OLA "show residue info")  
[POV](cxcmd:sel :POV "select residue") —
[(2S)-3-(hexadecanoyloxy)-2-[(9Z)-octadec-9-enoyloxy]propyl
2-(trimethylammonio)ethyl phosphate](http://www.rcsb.org/ligand/POV "show
residue info") (POPC)  
[WEV](cxcmd:sel :WEV "select residue") —
[(5R)-2,4-dideoxy-1-C-{(2S,3R,4S)-3-hydroxy-4-[(2R,3S,4E,6E,9R,10S,11R,12E,14Z)-10-hydroxy-3,15-dimethoxy-7,9,11,13-tetramethyl-16-oxo-1-oxacyclohexadeca-4,6,12,14-tetraen-2-yl]pentan-2-yl}-4-methyl-5-propan-2-yl-
α-D-threo-pentopyranose](http://www.rcsb.org/ligand/WEV "show residue info")  
[WJP](cxcmd:sel :WJP "select residue") — [methyl
(3R,6Z,10E,14E)-3,7,11,15,19-pentamethylicosa-6,10,14,18-tetraen-1-yl
dihydrogen diphosphate](http://www.rcsb.org/ligand/WJP "show residue info")
(dolichol-PP)  
  

INFO:
Executing: torsion /t:8@C2 /t:8@C1 /t:7@O2 /t:7@C2
INFO:
Torsion angle for atoms /t GLC 8 C2 C1 GLC 7 O2 C2 is -97.0405°
INFO:
Executing: torsion /t:8@C1 /t:7@O2 /t:7@C2 /t:7@C3
INFO:
Torsion angle for atoms /t GLC 8 C1 GLC 7 O2 C2 C3 is -17.6595°
INFO:
Executing: close #1
INFO:
Executing: exit
STATUS:
Exiting ...
