../../pdbs//1qkc.pdb 7.B
Timestep	Standard Nomenclature	Ring conformation
1			4C1		2d5(0.661958)		4d1(1.582260)		6d3(1.959160)	
../../pdbs//1qkc.pdb 6.B
Timestep	Standard Nomenclature	Ring conformation
1			4C1		4d1(0.386343)		2d5(0.527244)		6d3(1.018282)	
../../pdbs//1qkc.pdb 8.B
Timestep	Standard Nomenclature	Ring conformation
1			4C1		4d1(0.664208)		2d5(4.424874)		6d3(5.313801)	
../../pdbs//1qkc.pdb 7.B
Timestep	Standard Nomenclature	Ring conformation
1			4C1		2d5(0.661958)		4d1(1.582260)		6d3(1.959160)	
../../pdbs//6wlw.pdb 9.r
Timestep	Standard Nomenclature	Ring conformation
1			4C1		6d3(0.625520)		2d5(4.865315)		4d1(5.496393)	
../../pdbs//6wlw.pdb 8.r
Timestep	Standard Nomenclature	Ring conformation
1			4C1		6d3(1.503865)		2d5(3.653153)		4d1(5.175115)	
../../pdbs//6wlw.pdb 8.r
Timestep	Standard Nomenclature	Ring conformation
1			4C1		6d3(1.503865)		2d5(3.653153)		4d1(5.175115)	
../../pdbs//6wlw.pdb 7.r
Timestep	Standard Nomenclature	Ring conformation
1			4C1		6d3(0.403096)		2d5(5.470355)		4d1(5.825529)	
../../pdbs//6wm2.pdb 9.r
Timestep	Standard Nomenclature	Ring conformation
1			4C1		6d3(1.957632)		4d1(3.952849)		2d5(5.945643)	
../../pdbs//6wm2.pdb 8.r
Timestep	Standard Nomenclature	Ring conformation
1			4C1		6d3(0.285885)		4d1(3.510233)		2d5(3.840274)	
../../pdbs//6wm2.pdb 8.r
Timestep	Standard Nomenclature	Ring conformation
1			4C1		6d3(0.285885)		4d1(3.510233)		2d5(3.840274)	
../../pdbs//6wm2.pdb 7.r
Timestep	Standard Nomenclature	Ring conformation
1			4C1		6d3(1.119266)		2d5(6.338018)		4d1(7.367951)	
../../pdbs//3v0w.pdb 5.A
Timestep	Standard Nomenclature	Ring conformation
1			4C1		2d5(1.176953)		6d3(1.734766)		4d1(3.090972)	
../../pdbs//3v0w.pdb 4.A
Timestep	Standard Nomenclature	Ring conformation
1			4C1		4d1(0.063895)		2d5(2.768819)		6d3(3.015248)	
../../pdbs//3v0w.pdb 6.A
Timestep	Standard Nomenclature	Ring conformation
1			4C1		6d3(0.461712)		2d5(1.749346)		4d1(1.878120)	
../../pdbs//3v0w.pdb 5.A
Timestep	Standard Nomenclature	Ring conformation
1			4C1		2d5(1.176953)		6d3(1.734766)		4d1(3.090972)	
../../pdbs//7wjf.pdb 2.B
Timestep	Standard Nomenclature	Ring conformation
1			4C1		2d5(1.217943)		4d1(1.657139)		6d3(2.990089)	
../../pdbs//7wjf.pdb 1.B
Timestep	Standard Nomenclature	Ring conformation
1			4C1		2d5(2.053716)		4d1(2.409250)		6d3(5.222330)	
../../pdbs//8agc.pdb 9.L
Timestep	Standard Nomenclature	Ring conformation
1			4C1		2d5(0.044857)		4d1(0.193185)		6d3(0.226742)	
../../pdbs//8agc.pdb 8.L
Timestep	Standard Nomenclature	Ring conformation
1			4C1		6d3(0.084296)		2d5(0.085744)		4d1(0.265998)	
../../pdbs//8agc.pdb 8.L
Timestep	Standard Nomenclature	Ring conformation
1			4C1		6d3(0.084296)		2d5(0.085744)		4d1(0.265998)	
../../pdbs//8agc.pdb 7.L
Timestep	Standard Nomenclature	Ring conformation
1			4C1		4d1(0.004098)		2d5(0.096934)		6d3(0.102203)	
../../pdbs//1fi1.pdb 7.B
Timestep	Standard Nomenclature	Ring conformation
1			4C1		4d1(1.156558)		2d5(1.715105)		6d3(2.600813)	
../../pdbs//1fi1.pdb 6.B
Timestep	Standard Nomenclature	Ring conformation
1			4C1		2d5(0.988942)		6d3(1.908462)		4d1(2.715728)	
../../pdbs//1fi1.pdb 8.B
Timestep	Standard Nomenclature	Ring conformation
1			4C1		4d1(0.943611)		2d5(1.356724)		6d3(2.031833)	
../../pdbs//1fi1.pdb 7.B
Timestep	Standard Nomenclature	Ring conformation
1			4C1		4d1(1.156558)		2d5(1.715105)		6d3(2.600813)	
../../pdbs//7khr.pdb 9.t
Timestep	Standard Nomenclature	Ring conformation
1			4C1		6d3(1.939438)		4d1(3.982446)		2d5(5.950247)	
../../pdbs//7khr.pdb 8.t
Timestep	Standard Nomenclature	Ring conformation
1			4C1		6d3(0.230182)		4d1(3.536476)		2d5(3.811898)	
../../pdbs//7khr.pdb 8.t
Timestep	Standard Nomenclature	Ring conformation
1			4C1		6d3(0.230182)		4d1(3.536476)		2d5(3.811898)	
../../pdbs//7khr.pdb 7.t
Timestep	Standard Nomenclature	Ring conformation
1			4C1		6d3(1.110019)		2d5(6.351674)		4d1(7.384408)	
