WARNING:
Replacing fetcher for 'pdb_nmr' and format NMRSTAR from NMRSTAR bundle with that from NMRSTAR bundle
INFO:
UCSF ChimeraX version: 1.6.1 (2023-05-09)
INFO:
© 2016-2023 Regents of the University of California.  All rights reserved.
INFO:
Executing: open ./calc_dihedral_chimerax/calc_dihedral_part_01.cxc
INFO:
Executing: close #1
INFO:
Executing: close #1
INFO:
Executing: open ../../../pdbs/6gvp.pdb
INFO:
_6gvp.pdb_ title:  
 **Tailspike protein mutant E372Q (δ N471/S472) of E. Coli bacteriophage HK620
In complex with hexasaccharide** [[more info...]](cxcmd:log metadata #1)  
  

INFO:
Chain information for 6gvp.pdb #1  
---  
Chain | Description | UniProt  
[A](cxcmd:select /A:110-709 "Select chain") | [tail spike
protein](cxcmd:sequence chain #1/A "Show sequence") |
[Q9AYY6_BPHK6](cxcmd:open Q9AYY6 from uniprot "Show annotations")
[110-709](cxcmd:select #1/A:110-709 "Select sequence")  
  

INFO:
Non-standard residues in 6gvp.pdb #1  
---  
[FMT](cxcmd:sel :FMT "select residue") — [formic
acid](http://www.rcsb.org/ligand/FMT "show residue info")  
[GLA](cxcmd:sel :GLA "select residue") — [α-D-
galactopyranose](http://www.rcsb.org/ligand/GLA "show residue info") (α-D-
galactose; D-galactose; galactose; α D-galactose)  
[GLC](cxcmd:sel :GLC "select residue") — [α-D-
glucopyranose](http://www.rcsb.org/ligand/GLC "show residue info") (α-D-
glucose; D-glucose; glucose)  
[NA](cxcmd:sel :NA "select residue") — [sodium
ion](http://www.rcsb.org/ligand/NA "show residue info")  
[NAG](cxcmd:sel :NAG "select residue") — [2-acetamido-2-deoxy-β-D-
glucopyranose](http://www.rcsb.org/ligand/NAG "show residue info") (N-acetyl-
β-D-glucosamine; 2-acetamido-2-deoxy-β-D-glucose; 2-acetamido-2-deoxy-D-
glucose; 2-acetamido-2-deoxy-glucose; N-acetyl-D-glucosamine)  
[NDG](cxcmd:sel :NDG "select residue") — [2-acetamido-2-deoxy-α-D-
glucopyranose](http://www.rcsb.org/ligand/NDG "show residue info") (N-acetyl-
α-D-glucosamine; 2-acetamido-2-deoxy-α-D-glucose; 2-acetamido-2-deoxy-D-
glucose; 2-acetamido-2-deoxy-glucose; 2-(acetylamino)-2-deoxy-A-D-
glucopyranose)  
[RAM](cxcmd:sel :RAM "select residue") — [α-L-
rhamnopyranose](http://www.rcsb.org/ligand/RAM "show residue info") (α-L-
rhamnose; 6-deoxy-α-L-mannopyranose; L-rhamnose; rhamnose)  
[TRS](cxcmd:sel :TRS "select residue") — [2-amino-2-hydroxymethyl-
propane-1,3-diol](http://www.rcsb.org/ligand/TRS "show residue info") (tris
buffer)  
  

INFO:
Executing: torsion /B:6@C2 /B:6@C1 /B:1@O6 /B:1@C6
INFO:
Torsion angle for atoms /B GLC 6 C2 C1 NDG 1 O6 C6 is -165.916°
INFO:
Executing: torsion /B:6@C1 /B:1@O6 /B:1@C6 /B:1@C5
INFO:
Torsion angle for atoms /B GLC 6 C1 NDG 1 O6 C6 C5 is 86.1567°
INFO:
Executing: close #1
INFO:
Executing: open ../../../pdbs/6gvp.pdb
INFO:
_6gvp.pdb_ title:  
 **Tailspike protein mutant E372Q (δ N471/S472) of E. Coli bacteriophage HK620
In complex with hexasaccharide** [[more info...]](cxcmd:log metadata #1)  
  

INFO:
Chain information for 6gvp.pdb #1  
---  
Chain | Description | UniProt  
[A](cxcmd:select /A:110-709 "Select chain") | [tail spike
protein](cxcmd:sequence chain #1/A "Show sequence") |
[Q9AYY6_BPHK6](cxcmd:open Q9AYY6 from uniprot "Show annotations")
[110-709](cxcmd:select #1/A:110-709 "Select sequence")  
  

INFO:
Non-standard residues in 6gvp.pdb #1  
---  
[FMT](cxcmd:sel :FMT "select residue") — [formic
acid](http://www.rcsb.org/ligand/FMT "show residue info")  
[GLA](cxcmd:sel :GLA "select residue") — [α-D-
galactopyranose](http://www.rcsb.org/ligand/GLA "show residue info") (α-D-
galactose; D-galactose; galactose; α D-galactose)  
[GLC](cxcmd:sel :GLC "select residue") — [α-D-
glucopyranose](http://www.rcsb.org/ligand/GLC "show residue info") (α-D-
glucose; D-glucose; glucose)  
[NA](cxcmd:sel :NA "select residue") — [sodium
ion](http://www.rcsb.org/ligand/NA "show residue info")  
[NAG](cxcmd:sel :NAG "select residue") — [2-acetamido-2-deoxy-β-D-
glucopyranose](http://www.rcsb.org/ligand/NAG "show residue info") (N-acetyl-
β-D-glucosamine; 2-acetamido-2-deoxy-β-D-glucose; 2-acetamido-2-deoxy-D-
glucose; 2-acetamido-2-deoxy-glucose; N-acetyl-D-glucosamine)  
[NDG](cxcmd:sel :NDG "select residue") — [2-acetamido-2-deoxy-α-D-
glucopyranose](http://www.rcsb.org/ligand/NDG "show residue info") (N-acetyl-
α-D-glucosamine; 2-acetamido-2-deoxy-α-D-glucose; 2-acetamido-2-deoxy-D-
glucose; 2-acetamido-2-deoxy-glucose; 2-(acetylamino)-2-deoxy-A-D-
glucopyranose)  
[RAM](cxcmd:sel :RAM "select residue") — [α-L-
rhamnopyranose](http://www.rcsb.org/ligand/RAM "show residue info") (α-L-
rhamnose; 6-deoxy-α-L-mannopyranose; L-rhamnose; rhamnose)  
[TRS](cxcmd:sel :TRS "select residue") — [2-amino-2-hydroxymethyl-
propane-1,3-diol](http://www.rcsb.org/ligand/TRS "show residue info") (tris
buffer)  
  

INFO:
Executing: torsion /B:3@C2 /B:3@C1 /B:1@O6 /B:1@C6
INFO:
Torsion angle for atoms /B GLC 3 C2 C1 NDG 1 O6 C6 is 148.208°
INFO:
Executing: torsion /B:3@C1 /B:1@O6 /B:1@C6 /B:1@C5
INFO:
Torsion angle for atoms /B GLC 3 C1 NDG 1 O6 C6 C5 is 34.2375°
INFO:
Executing: close #1
INFO:
Executing: open ../../../pdbs/4xle.pdb
INFO:
_4xle.pdb_ title:  
 **Tailspike protein double mutant D339N/E372A of E. Coli bacteriophage HK620
In complex with hexasaccharide** [[more info...]](cxcmd:log metadata #1)  
  

INFO:
Chain information for 4xle.pdb #1  
---  
Chain | Description | UniProt  
[A](cxcmd:select /A:114-709 "Select chain") | [tail spike
protein](cxcmd:sequence chain #1/A "Show sequence") |
[Q9AYY6_BPHK6](cxcmd:open Q9AYY6 from uniprot "Show annotations")
[114-709](cxcmd:select #1/A:114-709 "Select sequence")  
  

INFO:
Non-standard residues in 4xle.pdb #1  
---  
[FMT](cxcmd:sel :FMT "select residue") — [formic
acid](http://www.rcsb.org/ligand/FMT "show residue info")  
[GLA](cxcmd:sel :GLA "select residue") — [α-D-
galactopyranose](http://www.rcsb.org/ligand/GLA "show residue info") (α-D-
galactose; D-galactose; galactose; α D-galactose)  
[GLC](cxcmd:sel :GLC "select residue") — [α-D-
glucopyranose](http://www.rcsb.org/ligand/GLC "show residue info") (α-D-
glucose; D-glucose; glucose)  
[NA](cxcmd:sel :NA "select residue") — [sodium
ion](http://www.rcsb.org/ligand/NA "show residue info")  
[NAG](cxcmd:sel :NAG "select residue") — [2-acetamido-2-deoxy-β-D-
glucopyranose](http://www.rcsb.org/ligand/NAG "show residue info") (N-acetyl-
β-D-glucosamine; 2-acetamido-2-deoxy-β-D-glucose; 2-acetamido-2-deoxy-D-
glucose; 2-acetamido-2-deoxy-glucose; N-acetyl-D-glucosamine)  
[NDG](cxcmd:sel :NDG "select residue") — [2-acetamido-2-deoxy-α-D-
glucopyranose](http://www.rcsb.org/ligand/NDG "show residue info") (N-acetyl-
α-D-glucosamine; 2-acetamido-2-deoxy-α-D-glucose; 2-acetamido-2-deoxy-D-
glucose; 2-acetamido-2-deoxy-glucose; 2-(acetylamino)-2-deoxy-A-D-
glucopyranose)  
[RAM](cxcmd:sel :RAM "select residue") — [α-L-
rhamnopyranose](http://www.rcsb.org/ligand/RAM "show residue info") (α-L-
rhamnose; 6-deoxy-α-L-mannopyranose; L-rhamnose; rhamnose)  
[TRS](cxcmd:sel :TRS "select residue") — [2-amino-2-hydroxymethyl-
propane-1,3-diol](http://www.rcsb.org/ligand/TRS "show residue info") (tris
buffer)  
  

INFO:
Executing: torsion /B:6@C2 /B:6@C1 /B:1@O6 /B:1@C6
INFO:
Torsion angle for atoms /B GLC 6 C2 C1 NDG 1 O6 C6 is -171.319°
INFO:
Executing: torsion /B:6@C1 /B:1@O6 /B:1@C6 /B:1@C5
INFO:
Torsion angle for atoms /B GLC 6 C1 NDG 1 O6 C6 C5 is 87.8635°
INFO:
Executing: close #1
INFO:
Executing: open ../../../pdbs/4xle.pdb
INFO:
_4xle.pdb_ title:  
 **Tailspike protein double mutant D339N/E372A of E. Coli bacteriophage HK620
In complex with hexasaccharide** [[more info...]](cxcmd:log metadata #1)  
  

INFO:
Chain information for 4xle.pdb #1  
---  
Chain | Description | UniProt  
[A](cxcmd:select /A:114-709 "Select chain") | [tail spike
protein](cxcmd:sequence chain #1/A "Show sequence") |
[Q9AYY6_BPHK6](cxcmd:open Q9AYY6 from uniprot "Show annotations")
[114-709](cxcmd:select #1/A:114-709 "Select sequence")  
  

INFO:
Non-standard residues in 4xle.pdb #1  
---  
[FMT](cxcmd:sel :FMT "select residue") — [formic
acid](http://www.rcsb.org/ligand/FMT "show residue info")  
[GLA](cxcmd:sel :GLA "select residue") — [α-D-
galactopyranose](http://www.rcsb.org/ligand/GLA "show residue info") (α-D-
galactose; D-galactose; galactose; α D-galactose)  
[GLC](cxcmd:sel :GLC "select residue") — [α-D-
glucopyranose](http://www.rcsb.org/ligand/GLC "show residue info") (α-D-
glucose; D-glucose; glucose)  
[NA](cxcmd:sel :NA "select residue") — [sodium
ion](http://www.rcsb.org/ligand/NA "show residue info")  
[NAG](cxcmd:sel :NAG "select residue") — [2-acetamido-2-deoxy-β-D-
glucopyranose](http://www.rcsb.org/ligand/NAG "show residue info") (N-acetyl-
β-D-glucosamine; 2-acetamido-2-deoxy-β-D-glucose; 2-acetamido-2-deoxy-D-
glucose; 2-acetamido-2-deoxy-glucose; N-acetyl-D-glucosamine)  
[NDG](cxcmd:sel :NDG "select residue") — [2-acetamido-2-deoxy-α-D-
glucopyranose](http://www.rcsb.org/ligand/NDG "show residue info") (N-acetyl-
α-D-glucosamine; 2-acetamido-2-deoxy-α-D-glucose; 2-acetamido-2-deoxy-D-
glucose; 2-acetamido-2-deoxy-glucose; 2-(acetylamino)-2-deoxy-A-D-
glucopyranose)  
[RAM](cxcmd:sel :RAM "select residue") — [α-L-
rhamnopyranose](http://www.rcsb.org/ligand/RAM "show residue info") (α-L-
rhamnose; 6-deoxy-α-L-mannopyranose; L-rhamnose; rhamnose)  
[TRS](cxcmd:sel :TRS "select residue") — [2-amino-2-hydroxymethyl-
propane-1,3-diol](http://www.rcsb.org/ligand/TRS "show residue info") (tris
buffer)  
  

INFO:
Executing: torsion /B:3@C2 /B:3@C1 /B:1@O6 /B:1@C6
INFO:
Torsion angle for atoms /B GLC 3 C2 C1 NDG 1 O6 C6 is 138.799°
INFO:
Executing: torsion /B:3@C1 /B:1@O6 /B:1@C6 /B:1@C5
INFO:
Torsion angle for atoms /B GLC 3 C1 NDG 1 O6 C6 C5 is 30.0137°
INFO:
Executing: close #1
INFO:
Executing: exit
STATUS:
Exiting ...
