../../pdbs//6t18.pdb 6.C
Timestep	Standard Nomenclature	Ring conformation
1			4C1		6d3(1.057571)		4d1(1.677984)		2d5(2.801317)	
../../pdbs//6t18.pdb 5.C
Timestep	Standard Nomenclature	Ring conformation
1			4C1		6d3(0.670372)		4d1(1.280295)		2d5(1.990470)	
../../pdbs//6t18.pdb 5.C
Timestep	Standard Nomenclature	Ring conformation
1			4C1		6d3(0.670372)		4d1(1.280295)		2d5(1.990470)	
../../pdbs//6t18.pdb 4.C
Timestep	Standard Nomenclature	Ring conformation
1			4C1		6d3(1.375384)		2d5(5.561991)		4d1(6.779511)	
../../pdbs//6t18.pdb 4.C
Timestep	Standard Nomenclature	Ring conformation
1			4C1		6d3(1.375384)		2d5(5.561991)		4d1(6.779511)	
../../pdbs//6t18.pdb 3.C
Timestep	Standard Nomenclature	Ring conformation
1			4C1		6d3(0.075253)		2d5(0.450086)		4d1(0.486819)	
../../pdbs//6t18.pdb 3.C
Timestep	Standard Nomenclature	Ring conformation
1			4C1		6d3(0.075253)		2d5(0.450086)		4d1(0.486819)	
../../pdbs//6t18.pdb 2.C
Timestep	Standard Nomenclature	Ring conformation
1			-		4d1(4.342846)		6d3(6.392629)	
../../pdbs//6t18.pdb 2.C
Timestep	Standard Nomenclature	Ring conformation
1			-		4d1(4.342846)		6d3(6.392629)	
../../pdbs//6t18.pdb 1.C
Timestep	Standard Nomenclature	Ring conformation
1			4C1		2d5(1.124433)		4d1(1.643934)		6d3(2.681136)	
../../pdbs//6t18.pdb 3.D
Timestep	Standard Nomenclature	Ring conformation
1			4C1		6d3(2.227222)		4d1(2.334293)		2d5(4.393116)	
../../pdbs//6t18.pdb 2.D
Timestep	Standard Nomenclature	Ring conformation
1			4C1		6d3(0.586721)		2d5(6.455468)		4d1(7.177186)	
../../pdbs//6t18.pdb 2.D
Timestep	Standard Nomenclature	Ring conformation
1			4C1		6d3(0.586721)		2d5(6.455468)		4d1(7.177186)	
../../pdbs//6t18.pdb 1.D
Timestep	Standard Nomenclature	Ring conformation
1			-		t35(3.937215)		24t(6.779475)		4d1(6.850403)	
../../pdbs//6t18.pdb 4.E
Timestep	Standard Nomenclature	Ring conformation
1			4C1		4d1(0.331154)		2d5(5.548909)		6d3(5.684162)	
../../pdbs//6t18.pdb 3.E
Timestep	Standard Nomenclature	Ring conformation
1			4C1		2d5(2.876256)		6d3(4.771194)		4d1(7.522024)	
../../pdbs//6t18.pdb 3.E
Timestep	Standard Nomenclature	Ring conformation
1			4C1		2d5(2.876256)		6d3(4.771194)		4d1(7.522024)	
../../pdbs//6t18.pdb 2.E
Timestep	Standard Nomenclature	Ring conformation
1			4C1		2d5(2.040224)		6d3(2.938688)		4d1(5.033911)	
../../pdbs//6t18.pdb 2.E
Timestep	Standard Nomenclature	Ring conformation
1			4C1		2d5(2.040224)		6d3(2.938688)		4d1(5.033911)	
../../pdbs//6t18.pdb 1.E
Timestep	Standard Nomenclature	Ring conformation
1			4C1		4d1(4.365738)		6d3(5.570797)		2d5(9.879372)	
../../pdbs//6wlw.pdb 9.r
Timestep	Standard Nomenclature	Ring conformation
1			4C1		6d3(0.625520)		2d5(4.865315)		4d1(5.496393)	
../../pdbs//6wlw.pdb 8.r
Timestep	Standard Nomenclature	Ring conformation
1			4C1		6d3(1.503865)		2d5(3.653153)		4d1(5.175115)	
../../pdbs//6wlw.pdb 8.r
Timestep	Standard Nomenclature	Ring conformation
1			4C1		6d3(1.503865)		2d5(3.653153)		4d1(5.175115)	
../../pdbs//6wlw.pdb 7.r
Timestep	Standard Nomenclature	Ring conformation
1			4C1		6d3(0.403096)		2d5(5.470355)		4d1(5.825529)	
../../pdbs//6k0n.pdb 2.C
Timestep	Standard Nomenclature	Ring conformation
1			4C1		2d5(0.911411)		4d1(1.502495)		6d3(2.423991)	
../../pdbs//6k0n.pdb 1.C
Timestep	Standard Nomenclature	Ring conformation
1			4C1		4d1(2.010304)		2d5(4.549569)		6d3(6.393300)	
../../pdbs//6k0n.pdb 2.D
Timestep	Standard Nomenclature	Ring conformation
1			4C1		2d5(0.780581)		6d3(2.193283)		4d1(2.989385)	
../../pdbs//6k0n.pdb 1.D
Timestep	Standard Nomenclature	Ring conformation
1			4H5		4q5(0.728814)		46t(4.299945)		34q(5.212376)		4d1(6.677622)		4t2(7.218760)	
../../pdbs//6k0n.pdb 2.B
Timestep	Standard Nomenclature	Ring conformation
1			4C1		6d3(0.607598)		4d1(2.216264)		2d5(2.848482)	
../../pdbs//6k0n.pdb 1.B
Timestep	Standard Nomenclature	Ring conformation
1			4C1		2d5(0.457703)		6d3(1.553149)		4d1(1.990101)	
../../pdbs//3vgg.pdb 5.B
Timestep	Standard Nomenclature	Ring conformation
1			4C1		6d3(3.785556)		2d5(5.292164)		4d1(9.066970)	
../../pdbs//3vgg.pdb 4.B
Timestep	Standard Nomenclature	Ring conformation
1			-		t13(0.762402)		24t(2.872011)		2d5(5.626340)		2q3(9.360626)	
../../pdbs//3vgg.pdb 4.B
Timestep	Standard Nomenclature	Ring conformation
1			-		t13(0.762402)		24t(2.872011)		2d5(5.626340)		2q3(9.360626)	
../../pdbs//3vgg.pdb 3.B
Timestep	Standard Nomenclature	Ring conformation
1			4C1		4d1(3.205121)		2d5(3.378440)		6d3(6.494711)	
../../pdbs//3vgg.pdb 3.B
Timestep	Standard Nomenclature	Ring conformation
1			4C1		4d1(3.205121)		2d5(3.378440)		6d3(6.494711)	
../../pdbs//3vgg.pdb 2.B
Timestep	Standard Nomenclature	Ring conformation
1			-		t13(1.308298)		2d5(2.364402)		26t(8.957801)	
../../pdbs//3vgg.pdb 2.B
Timestep	Standard Nomenclature	Ring conformation
1			-		t13(1.308298)		2d5(2.364402)		26t(8.957801)	
../../pdbs//3vgg.pdb 1.B
Timestep	Standard Nomenclature	Ring conformation
1			4C1		4d1(1.944902)		2d5(4.640947)		6d3(6.403809)	
../../pdbs//6k0s.pdb 2.C
Timestep	Standard Nomenclature	Ring conformation
1			4C1		4d1(0.992904)		6d3(2.496955)		2d5(3.504834)	
../../pdbs//6k0s.pdb 1.C
Timestep	Standard Nomenclature	Ring conformation
1			4C1		4d1(1.911927)		2d5(6.784310)		6d3(8.136532)	
../../pdbs//6k0s.pdb 2.B
Timestep	Standard Nomenclature	Ring conformation
1			4C1		4d1(1.754320)		6d3(2.482041)		2d5(4.268224)	
../../pdbs//6k0s.pdb 1.B
Timestep	Standard Nomenclature	Ring conformation
1			4C1		4d1(0.939938)		2d5(2.346194)		6d3(3.245030)	
../../pdbs//6bpp.pdb 7.C
Timestep	Standard Nomenclature	Ring conformation
1			3S1		3t1(0.442454)		6t4(3.064037)	
../../pdbs//6bpp.pdb 6.C
Timestep	Standard Nomenclature	Ring conformation
1			-		14d(4.386376)		4t2(6.379663)	
../../pdbs//6bpp.pdb 8.C
Timestep	Standard Nomenclature	Ring conformation
1			-		1t3(1.904283)		45q(7.489655)		d36(7.788673)	
../../pdbs//6bpp.pdb 6.C
Timestep	Standard Nomenclature	Ring conformation
1			-		14d(4.386376)		4t2(6.379663)	
../../pdbs//5man.pdb 2.A
Timestep	Standard Nomenclature	Ring conformation
1			4C1		2d5(0.538270)		6d3(1.526136)		4d1(2.035506)	
../../pdbs//5man.pdb 1.A
Timestep	Standard Nomenclature	Ring conformation
1			4C1		6d3(0.084567)		2d5(0.801114)		4d1(0.835731)	
../../pdbs//5f7u.pdb 2.B
Timestep	Standard Nomenclature	Ring conformation
1			4C1		6d3(0.832108)		4d1(0.847026)		2d5(1.797918)	
../../pdbs//5f7u.pdb 1.B
Timestep	Standard Nomenclature	Ring conformation
1			-		d36(2.698179)		45q(6.093321)	
../../pdbs//5f7u.pdb 3.B
Timestep	Standard Nomenclature	Ring conformation
1			4C1		2d5(0.064802)		6d3(2.566693)		4d1(2.665967)	
../../pdbs//5f7u.pdb 2.B
Timestep	Standard Nomenclature	Ring conformation
1			4C1		6d3(0.832108)		4d1(0.847026)		2d5(1.797918)	
../../pdbs//5f7u.pdb 4.B
Timestep	Standard Nomenclature	Ring conformation
1			BO3		12q(0.870451)		d36(4.578974)		45q(8.809972)	
../../pdbs//5f7u.pdb 1.B
Timestep	Standard Nomenclature	Ring conformation
1			-		d36(2.698179)		45q(6.093321)	
../../pdbs//6wm2.pdb 9.r
Timestep	Standard Nomenclature	Ring conformation
1			4C1		6d3(1.957632)		4d1(3.952849)		2d5(5.945643)	
../../pdbs//6wm2.pdb 8.r
Timestep	Standard Nomenclature	Ring conformation
1			4C1		6d3(0.285885)		4d1(3.510233)		2d5(3.840274)	
../../pdbs//6wm2.pdb 8.r
Timestep	Standard Nomenclature	Ring conformation
1			4C1		6d3(0.285885)		4d1(3.510233)		2d5(3.840274)	
../../pdbs//6wm2.pdb 7.r
Timestep	Standard Nomenclature	Ring conformation
1			4C1		6d3(1.119266)		2d5(6.338018)		4d1(7.367951)	
../../pdbs//6k0v.pdb 2.J
Timestep	Standard Nomenclature	Ring conformation
1			4C1		2d5(0.608858)		4d1(4.510321)		6d3(5.388678)	
../../pdbs//6k0v.pdb 1.J
Timestep	Standard Nomenclature	Ring conformation
1			-		t35(2.003240)		46t(3.483443)		4d1(9.989258)	
../../pdbs//6k0v.pdb 3.E
Timestep	Standard Nomenclature	Ring conformation
1			4C1		6d3(0.032126)		4d1(0.805504)		2d5(0.987982)	
../../pdbs//6k0v.pdb 2.E
Timestep	Standard Nomenclature	Ring conformation
1			4C1		4d1(2.353846)		6d3(5.256938)		2d5(7.803650)	
../../pdbs//6k0v.pdb 2.E
Timestep	Standard Nomenclature	Ring conformation
1			4C1		4d1(2.353846)		6d3(5.256938)		2d5(7.803650)	
../../pdbs//6k0v.pdb 1.E
Timestep	Standard Nomenclature	Ring conformation
1			1S3		1t3(3.368995)		4t6(8.017755)	
../../pdbs//6k0v.pdb 3.K
Timestep	Standard Nomenclature	Ring conformation
1			4C1		4d1(0.534426)		6d3(1.045291)		2d5(1.779959)	
../../pdbs//6k0v.pdb 2.K
Timestep	Standard Nomenclature	Ring conformation
1			4C1		4d1(0.091181)		6d3(4.946517)		2d5(5.098509)	
../../pdbs//6k0v.pdb 2.K
Timestep	Standard Nomenclature	Ring conformation
1			4C1		4d1(0.091181)		6d3(4.946517)		2d5(5.098509)	
../../pdbs//6k0v.pdb 1.K
Timestep	Standard Nomenclature	Ring conformation
1			1S3		4t6(3.017036)		1t3(9.525801)	
../../pdbs//6k0v.pdb 3.F
Timestep	Standard Nomenclature	Ring conformation
1			4C1		6d3(1.484126)		2d5(5.656636)		4d1(7.237600)	
../../pdbs//6k0v.pdb 2.F
Timestep	Standard Nomenclature	Ring conformation
1			-		4d1(4.395453)		26t(7.582984)	
../../pdbs//6k0v.pdb 2.F
Timestep	Standard Nomenclature	Ring conformation
1			-		4d1(4.395453)		26t(7.582984)	
../../pdbs//6k0v.pdb 1.F
Timestep	Standard Nomenclature	Ring conformation
1			-		2d5(1.348144)		6d3(8.177927)	
../../pdbs//6k0v.pdb 3.I
Timestep	Standard Nomenclature	Ring conformation
1			4C1		2d5(0.133250)		6d3(5.247939)		4d1(5.466871)	
../../pdbs//6k0v.pdb 2.I
Timestep	Standard Nomenclature	Ring conformation
1			4C1		6d3(0.098133)		4d1(6.325750)		2d5(6.504458)	
../../pdbs//6k0v.pdb 2.I
Timestep	Standard Nomenclature	Ring conformation
1			4C1		6d3(0.098133)		4d1(6.325750)		2d5(6.504458)	
../../pdbs//6k0v.pdb 1.I
Timestep	Standard Nomenclature	Ring conformation
1			-		2d5(0.420930)	
../../pdbs//6k0v.pdb 3.G
Timestep	Standard Nomenclature	Ring conformation
1			4C1		6d3(0.082017)		4d1(5.485495)		2d5(5.648033)	
../../pdbs//6k0v.pdb 2.G
Timestep	Standard Nomenclature	Ring conformation
1			4C1		4d1(0.195167)		6d3(1.339483)		2d5(1.489448)	
../../pdbs//6k0v.pdb 3.H
Timestep	Standard Nomenclature	Ring conformation
1			-		6d3(5.639723)		4d1(6.978270)	
../../pdbs//6k0v.pdb 2.H
Timestep	Standard Nomenclature	Ring conformation
1			4C1		4d1(3.863718)		2d5(4.087690)		6d3(7.762828)	
../../pdbs//6k0v.pdb 2.H
Timestep	Standard Nomenclature	Ring conformation
1			4C1		4d1(3.863718)		2d5(4.087690)		6d3(7.762828)	
../../pdbs//6k0v.pdb 1.H
Timestep	Standard Nomenclature	Ring conformation
1			-		2d5(1.073518)		t35(3.822250)		t15(5.694249)		4q5(7.154360)		6q5(8.007092)		46t(8.796523)	
../../pdbs//7khr.pdb 9.t
Timestep	Standard Nomenclature	Ring conformation
1			4C1		6d3(1.939438)		4d1(3.982446)		2d5(5.950247)	
../../pdbs//7khr.pdb 8.t
Timestep	Standard Nomenclature	Ring conformation
1			4C1		6d3(0.230182)		4d1(3.536476)		2d5(3.811898)	
../../pdbs//7khr.pdb 8.t
Timestep	Standard Nomenclature	Ring conformation
1			4C1		6d3(0.230182)		4d1(3.536476)		2d5(3.811898)	
../../pdbs//7khr.pdb 7.t
Timestep	Standard Nomenclature	Ring conformation
1			4C1		6d3(1.110019)		2d5(6.351674)		4d1(7.384408)	
../../pdbs//5i0d.pdb 3.G
Timestep	Standard Nomenclature	Ring conformation
1			4C1		6d3(1.838629)		4d1(2.267839)		2d5(4.087351)	
../../pdbs//5i0d.pdb 2.G
Timestep	Standard Nomenclature	Ring conformation
1			4C1		4d1(0.964199)		2d5(1.527707)		6d3(2.457203)	
../../pdbs//5i0d.pdb 2.G
Timestep	Standard Nomenclature	Ring conformation
1			4C1		4d1(0.964199)		2d5(1.527707)		6d3(2.457203)	
../../pdbs//5i0d.pdb 1.G
Timestep	Standard Nomenclature	Ring conformation
1			4C1		2d5(1.539324)		4d1(1.938068)		6d3(3.468820)	
../../pdbs//6k0p.pdb 2.C
Timestep	Standard Nomenclature	Ring conformation
1			4C1		4d1(1.005891)		6d3(1.257023)		2d5(2.242541)	
../../pdbs//6k0p.pdb 1.C
Timestep	Standard Nomenclature	Ring conformation
1			4C1		4d1(1.059329)		2d5(7.922514)		6d3(8.727973)	
../../pdbs//6k0p.pdb 2.D
Timestep	Standard Nomenclature	Ring conformation
1			4C1		6d3(0.434251)		4d1(1.677680)		2d5(2.433917)	
../../pdbs//6k0p.pdb 1.D
Timestep	Standard Nomenclature	Ring conformation
1			-		2d5(5.617863)		4d1(8.982285)	
../../pdbs//6k0p.pdb 2.B
Timestep	Standard Nomenclature	Ring conformation
1			4C1		6d3(0.904191)		4d1(1.927327)		2d5(2.781560)	
../../pdbs//6k0p.pdb 1.B
Timestep	Standard Nomenclature	Ring conformation
1			4C1		4d1(0.356877)		6d3(2.691958)		2d5(2.947151)	
../../pdbs//1fi1.pdb 7.B
Timestep	Standard Nomenclature	Ring conformation
1			4C1		4d1(1.156558)		2d5(1.715105)		6d3(2.600813)	
../../pdbs//1fi1.pdb 6.B
Timestep	Standard Nomenclature	Ring conformation
1			4C1		2d5(0.988942)		6d3(1.908462)		4d1(2.715728)	
../../pdbs//1fi1.pdb 8.B
Timestep	Standard Nomenclature	Ring conformation
1			4C1		4d1(0.943611)		2d5(1.356724)		6d3(2.031833)	
../../pdbs//1fi1.pdb 7.B
Timestep	Standard Nomenclature	Ring conformation
1			4C1		4d1(1.156558)		2d5(1.715105)		6d3(2.600813)	
../../pdbs//3og2.pdb 8.C
Timestep	Standard Nomenclature	Ring conformation
1			-		46t(4.788061)		2d5(5.960104)		t35(6.896957)	
../../pdbs//3og2.pdb 7.C
Timestep	Standard Nomenclature	Ring conformation
1			4C1		4d1(2.257865)		6d3(2.520926)		2d5(4.555436)	
../../pdbs//5dkz.pdb 2.B
Timestep	Standard Nomenclature	Ring conformation
1			4C1		2d5(2.139545)		6d3(2.906658)		4d1(5.119407)	
../../pdbs//5dkz.pdb 1.B
Timestep	Standard Nomenclature	Ring conformation
1			4C1		2d5(4.078121)		4d1(4.873372)		6d3(8.444320)	
../../pdbs//7wje.pdb 4.B
Timestep	Standard Nomenclature	Ring conformation
1			4C1		2d5(0.010920)		4d1(3.018057)		6d3(3.075683)	
../../pdbs//7wje.pdb 3.B
Timestep	Standard Nomenclature	Ring conformation
1			4C1		4d1(1.350575)		2d5(2.141986)		6d3(3.490320)	
../../pdbs//7wje.pdb 3.B
Timestep	Standard Nomenclature	Ring conformation
1			4C1		4d1(1.350575)		2d5(2.141986)		6d3(3.490320)	
../../pdbs//7wje.pdb 2.B
Timestep	Standard Nomenclature	Ring conformation
1			4C1		6d3(1.977235)		2d5(5.497198)		4d1(6.532277)	
../../pdbs//7wje.pdb 2.B
Timestep	Standard Nomenclature	Ring conformation
1			4C1		6d3(1.977235)		2d5(5.497198)		4d1(6.532277)	
../../pdbs//7wje.pdb 1.B
Timestep	Standard Nomenclature	Ring conformation
1			4C1		4d1(1.732614)		2d5(6.184917)		6d3(7.699564)	
../../pdbs//7wjd.pdb 3.B
Timestep	Standard Nomenclature	Ring conformation
1			4C1		2d5(0.302542)		6d3(2.798073)		4d1(2.866713)	
../../pdbs//7wjd.pdb 2.B
Timestep	Standard Nomenclature	Ring conformation
1			4C1		4d1(0.811541)		2d5(2.427346)		6d3(3.351326)	
../../pdbs//1qfg.pdb 7.B
Timestep	Standard Nomenclature	Ring conformation
1			4C1		4d1(0.689757)		6d3(4.968132)		2d5(5.304023)	
../../pdbs//1qfg.pdb 6.B
Timestep	Standard Nomenclature	Ring conformation
1			4C1		6d3(0.043651)		4d1(2.293917)		2d5(2.573137)	
../../pdbs//1qkc.pdb 7.B
Timestep	Standard Nomenclature	Ring conformation
1			4C1		2d5(0.661958)		4d1(1.582260)		6d3(1.959160)	
../../pdbs//1qkc.pdb 6.B
Timestep	Standard Nomenclature	Ring conformation
1			4C1		4d1(0.386343)		2d5(0.527244)		6d3(1.018282)	
../../pdbs//1qkc.pdb 8.B
Timestep	Standard Nomenclature	Ring conformation
1			4C1		4d1(0.664208)		2d5(4.424874)		6d3(5.313801)	
../../pdbs//1qkc.pdb 7.B
Timestep	Standard Nomenclature	Ring conformation
1			4C1		2d5(0.661958)		4d1(1.582260)		6d3(1.959160)	
../../pdbs//7wjc.pdb 2.B
Timestep	Standard Nomenclature	Ring conformation
1			4C1		2d5(0.047476)		6d3(0.443141)		4d1(1.017778)	
../../pdbs//7wjc.pdb 1.B
Timestep	Standard Nomenclature	Ring conformation
1			4C1		4d1(0.523215)		2d5(1.677658)		6d3(2.624726)	
../../pdbs//8agc.pdb 9.L
Timestep	Standard Nomenclature	Ring conformation
1			4C1		2d5(0.044857)		4d1(0.193185)		6d3(0.226742)	
../../pdbs//8agc.pdb 8.L
Timestep	Standard Nomenclature	Ring conformation
1			4C1		6d3(0.084296)		2d5(0.085744)		4d1(0.265998)	
../../pdbs//8agc.pdb 8.L
Timestep	Standard Nomenclature	Ring conformation
1			4C1		6d3(0.084296)		2d5(0.085744)		4d1(0.265998)	
../../pdbs//8agc.pdb 7.L
Timestep	Standard Nomenclature	Ring conformation
1			4C1		4d1(0.004098)		2d5(0.096934)		6d3(0.102203)	
../../pdbs//6bpl.pdb 3.C
Timestep	Standard Nomenclature	Ring conformation
1			-		3t1(4.369118)		36d(4.707535)		q45(8.688888)	
../../pdbs//6bpl.pdb 2.C
Timestep	Standard Nomenclature	Ring conformation
1			4C1		4d1(0.024206)		6d3(1.457089)		2d5(1.521983)	
../../pdbs//6bpl.pdb 4.C
Timestep	Standard Nomenclature	Ring conformation
1			-		1d4(5.692232)		t26(8.764816)		5d2(9.133877)	
../../pdbs//6bpl.pdb 2.C
Timestep	Standard Nomenclature	Ring conformation
1			4C1		4d1(0.024206)		6d3(1.457089)		2d5(1.521983)	
../../pdbs//6k0u.pdb 4.C
Timestep	Standard Nomenclature	Ring conformation
1			4C1		4d1(3.788496)		2d5(4.931647)		6d3(8.408979)	
../../pdbs//6k0u.pdb 3.C
Timestep	Standard Nomenclature	Ring conformation
1			4C1		6d3(2.128218)		2d5(6.847892)		4d1(8.915726)	
../../pdbs//6k0u.pdb 3.C
Timestep	Standard Nomenclature	Ring conformation
1			4C1		6d3(2.128218)		2d5(6.847892)		4d1(8.915726)	
../../pdbs//6k0u.pdb 2.C
Timestep	Standard Nomenclature	Ring conformation
1			4C1		4d1(0.119088)		2d5(1.437322)		6d3(1.585468)	
../../pdbs//6k0u.pdb 2.C
Timestep	Standard Nomenclature	Ring conformation
1			4C1		4d1(0.119088)		2d5(1.437322)		6d3(1.585468)	
../../pdbs//6k0u.pdb 1.C
Timestep	Standard Nomenclature	Ring conformation
1			4H3		4q3(1.891146)		24t(2.926649)		4d1(7.207999)		t35(7.824193)		45q(8.145192)		4t6(9.157214)	
../../pdbs//6k0u.pdb 3.B
Timestep	Standard Nomenclature	Ring conformation
1			4C1		2d5(1.043473)		6d3(1.514416)		4d1(2.675565)	
../../pdbs//6k0u.pdb 2.B
Timestep	Standard Nomenclature	Ring conformation
1			4C1		2d5(2.994144)		4d1(3.253584)		6d3(6.175606)	
../../pdbs//6k0u.pdb 2.B
Timestep	Standard Nomenclature	Ring conformation
1			4C1		2d5(2.994144)		4d1(3.253584)		6d3(6.175606)	
../../pdbs//6k0u.pdb 1.B
Timestep	Standard Nomenclature	Ring conformation
1			4C1		2d5(2.858594)		4d1(3.994809)		6d3(6.755221)	
../../pdbs//6k0q.pdb 2.B
Timestep	Standard Nomenclature	Ring conformation
1			4C1		4d1(1.373107)		6d3(1.862856)		2d5(3.245762)	
../../pdbs//6k0q.pdb 1.B
Timestep	Standard Nomenclature	Ring conformation
1			4C1		4d1(1.511024)		2d5(2.512959)		6d3(4.210337)	
../../pdbs//6k0q.pdb 2.C
Timestep	Standard Nomenclature	Ring conformation
1			4C1		4d1(0.519442)		6d3(2.126028)		2d5(2.627229)	
../../pdbs//6k0q.pdb 1.C
Timestep	Standard Nomenclature	Ring conformation
1			4C1		4d1(1.912647)		2d5(5.829257)		6d3(7.340515)	
../../pdbs//3v0w.pdb 5.A
Timestep	Standard Nomenclature	Ring conformation
1			4C1		2d5(1.176953)		6d3(1.734766)		4d1(3.090972)	
../../pdbs//3v0w.pdb 4.A
Timestep	Standard Nomenclature	Ring conformation
1			4C1		4d1(0.063895)		2d5(2.768819)		6d3(3.015248)	
../../pdbs//3v0w.pdb 6.A
Timestep	Standard Nomenclature	Ring conformation
1			4C1		6d3(0.461712)		2d5(1.749346)		4d1(1.878120)	
../../pdbs//3v0w.pdb 5.A
Timestep	Standard Nomenclature	Ring conformation
1			4C1		2d5(1.176953)		6d3(1.734766)		4d1(3.090972)	
