WARNING:
Replacing fetcher for 'pdb_nmr' and format NMRSTAR from NMRSTAR bundle with that from NMRSTAR bundle
INFO:
UCSF ChimeraX version: 1.6.1 (2023-05-09)
INFO:
© 2016-2023 Regents of the University of California.  All rights reserved.
INFO:
Executing: open ./calc_dihedral_chimerax/calc_dihedral_part_01.cxc
INFO:
Executing: close #1
INFO:
Executing: close #1
INFO:
Executing: open ../../../pdbs/2ds9.pdb
INFO:
_2ds9.pdb_ title:  
 **Structure of the complex of C-terminal lobe of bovine lactoferrin with
mannose At 2.8 A resolution** [[more info...]](cxcmd:log metadata #1)  
  

INFO:
Chain information for 2ds9.pdb #1  
---  
Chain | Description | UniProt  
[A](cxcmd:select /A:342-686 "Select chain") | [lactoferrin](cxcmd:sequence
chain #1/A "Show sequence") | [TRFL_BOVIN](cxcmd:open P24627 from uniprot
"Show annotations") [342-686](cxcmd:select #1/A:342-686 "Select sequence")  
  

INFO:
Non-standard residues in 2ds9.pdb #1  
---  
[CO3](cxcmd:sel :CO3 "select residue") — [carbonate
ion](http://www.rcsb.org/ligand/CO3 "show residue info")  
[FE](cxcmd:sel :FE "select residue") — [Fe (III)
ion](http://www.rcsb.org/ligand/FE "show residue info")  
[MAN](cxcmd:sel :MAN "select residue") — [α-D-
mannopyranose](http://www.rcsb.org/ligand/MAN "show residue info") (α-D-
mannose; D-mannose; mannose)  
[NAG](cxcmd:sel :NAG "select residue") — [2-acetamido-2-deoxy-β-D-
glucopyranose](http://www.rcsb.org/ligand/NAG "show residue info") (N-acetyl-
β-D-glucosamine; 2-acetamido-2-deoxy-β-D-glucose; 2-acetamido-2-deoxy-D-
glucose; 2-acetamido-2-deoxy-glucose; N-acetyl-D-glucosamine)  
[SO4](cxcmd:sel :SO4 "select residue") — [sulfate
ion](http://www.rcsb.org/ligand/SO4 "show residue info")  
[ZN](cxcmd:sel :ZN "select residue") — [zinc
ion](http://www.rcsb.org/ligand/ZN "show residue info")  
  

INFO:
Executing: torsion /C:6@C2 /C:6@C1 /C:5@O4 /C:5@C4
INFO:
Torsion angle for atoms /C MAN 6 C2 C1 MAN 5 O4 C4 is -79.627°
INFO:
Executing: torsion /C:6@C1 /C:5@O4 /C:5@C4 /C:5@C5
INFO:
Torsion angle for atoms /C MAN 6 C1 MAN 5 O4 C4 C5 is -66.2121°
INFO:
Executing: close #1
INFO:
Executing: open ../../../pdbs/2ds9.pdb
INFO:
_2ds9.pdb_ title:  
 **Structure of the complex of C-terminal lobe of bovine lactoferrin with
mannose At 2.8 A resolution** [[more info...]](cxcmd:log metadata #1)  
  

INFO:
Chain information for 2ds9.pdb #1  
---  
Chain | Description | UniProt  
[A](cxcmd:select /A:342-686 "Select chain") | [lactoferrin](cxcmd:sequence
chain #1/A "Show sequence") | [TRFL_BOVIN](cxcmd:open P24627 from uniprot
"Show annotations") [342-686](cxcmd:select #1/A:342-686 "Select sequence")  
  

INFO:
Non-standard residues in 2ds9.pdb #1  
---  
[CO3](cxcmd:sel :CO3 "select residue") — [carbonate
ion](http://www.rcsb.org/ligand/CO3 "show residue info")  
[FE](cxcmd:sel :FE "select residue") — [Fe (III)
ion](http://www.rcsb.org/ligand/FE "show residue info")  
[MAN](cxcmd:sel :MAN "select residue") — [α-D-
mannopyranose](http://www.rcsb.org/ligand/MAN "show residue info") (α-D-
mannose; D-mannose; mannose)  
[NAG](cxcmd:sel :NAG "select residue") — [2-acetamido-2-deoxy-β-D-
glucopyranose](http://www.rcsb.org/ligand/NAG "show residue info") (N-acetyl-
β-D-glucosamine; 2-acetamido-2-deoxy-β-D-glucose; 2-acetamido-2-deoxy-D-
glucose; 2-acetamido-2-deoxy-glucose; N-acetyl-D-glucosamine)  
[SO4](cxcmd:sel :SO4 "select residue") — [sulfate
ion](http://www.rcsb.org/ligand/SO4 "show residue info")  
[ZN](cxcmd:sel :ZN "select residue") — [zinc
ion](http://www.rcsb.org/ligand/ZN "show residue info")  
  

INFO:
Executing: torsion /C:5@C2 /C:5@C1 /C:4@O4 /C:4@C4
INFO:
Torsion angle for atoms /C MAN 5 C2 C1 MAN 4 O4 C4 is 115.674°
INFO:
Executing: torsion /C:5@C1 /C:4@O4 /C:4@C4 /C:4@C5
INFO:
Torsion angle for atoms /C MAN 5 C1 MAN 4 O4 C4 C5 is -162.614°
INFO:
Executing: close #1
INFO:
Executing: open ../../../pdbs/2ds9.pdb
INFO:
_2ds9.pdb_ title:  
 **Structure of the complex of C-terminal lobe of bovine lactoferrin with
mannose At 2.8 A resolution** [[more info...]](cxcmd:log metadata #1)  
  

INFO:
Chain information for 2ds9.pdb #1  
---  
Chain | Description | UniProt  
[A](cxcmd:select /A:342-686 "Select chain") | [lactoferrin](cxcmd:sequence
chain #1/A "Show sequence") | [TRFL_BOVIN](cxcmd:open P24627 from uniprot
"Show annotations") [342-686](cxcmd:select #1/A:342-686 "Select sequence")  
  

INFO:
Non-standard residues in 2ds9.pdb #1  
---  
[CO3](cxcmd:sel :CO3 "select residue") — [carbonate
ion](http://www.rcsb.org/ligand/CO3 "show residue info")  
[FE](cxcmd:sel :FE "select residue") — [Fe (III)
ion](http://www.rcsb.org/ligand/FE "show residue info")  
[MAN](cxcmd:sel :MAN "select residue") — [α-D-
mannopyranose](http://www.rcsb.org/ligand/MAN "show residue info") (α-D-
mannose; D-mannose; mannose)  
[NAG](cxcmd:sel :NAG "select residue") — [2-acetamido-2-deoxy-β-D-
glucopyranose](http://www.rcsb.org/ligand/NAG "show residue info") (N-acetyl-
β-D-glucosamine; 2-acetamido-2-deoxy-β-D-glucose; 2-acetamido-2-deoxy-D-
glucose; 2-acetamido-2-deoxy-glucose; N-acetyl-D-glucosamine)  
[SO4](cxcmd:sel :SO4 "select residue") — [sulfate
ion](http://www.rcsb.org/ligand/SO4 "show residue info")  
[ZN](cxcmd:sel :ZN "select residue") — [zinc
ion](http://www.rcsb.org/ligand/ZN "show residue info")  
  

INFO:
Executing: torsion /C:4@C2 /C:4@C1 /C:3@O4 /C:3@C4
INFO:
Torsion angle for atoms /C MAN 4 C2 C1 MAN 3 O4 C4 is -156.347°
INFO:
Executing: torsion /C:4@C1 /C:3@O4 /C:3@C4 /C:3@C5
INFO:
Torsion angle for atoms /C MAN 4 C1 MAN 3 O4 C4 C5 is -118.795°
INFO:
Executing: close #1
INFO:
Executing: open ../../../pdbs/4z7v.pdb
INFO:
_4z7v.pdb_ title:  
 **L3-12 complex** [[more info...]](cxcmd:log metadata #1)  
  

INFO:
Chain information for 4z7v.pdb #1  
---  
Chain | Description | UniProt  
[A](cxcmd:select /A:2-180 "Select chain") [C](cxcmd:select /C:2-180 "Select
chain") | [MHC class II hla-DQ-α chain](cxcmd:sequence chain #1/A#1/C "Show
sequence") | [Q30069_HUMAN](cxcmd:open Q30069 from uniprot "Show annotations")
[-1-181](cxcmd:select #1/A,C:-1-181 "Select sequence")  
[B](cxcmd:select /B:3-189 "Select chain") [D](cxcmd:select /D:2-188 "Select
chain") | [MHC class II hla-DQ-β-1](cxcmd:sequence chain #1/B#1/D "Show
sequence") | [O19707_HUMAN](cxcmd:open O19707 from uniprot "Show annotations")
[1-192](cxcmd:select #1/B,D:1-192 "Select sequence")  
[E](cxcmd:select /E:2-217 "Select chain") [G](cxcmd:select /G:3-219 "Select
chain") | [T-cell receptor, L3-12 α chain](cxcmd:sequence chain #1/E#1/G "Show
sequence") |  
[F](cxcmd:select /F:1-256 "Select chain") [H](cxcmd:select /H:2-256 "Select
chain") | [T-cell receptor, L3-12 β chain](cxcmd:sequence chain #1/F#1/H "Show
sequence") |  
[I](cxcmd:select /I:1-13 "Select chain") [J](cxcmd:select /J:1-13 "Select
chain") | [deamidated DQ8-glia-Α1 peptide](cxcmd:sequence chain #1/I#1/J "Show
sequence") |  
  

INFO:
Non-standard residues in 4z7v.pdb #1  
---  
[FUC](cxcmd:sel :FUC "select residue") — [α-L-
fucopyranose](http://www.rcsb.org/ligand/FUC "show residue info") (α-L-fucose;
6-deoxy-α-L-galactopyranose; L-fucose; fucose)  
[MAN](cxcmd:sel :MAN "select residue") — [α-D-
mannopyranose](http://www.rcsb.org/ligand/MAN "show residue info") (α-D-
mannose; D-mannose; mannose)  
[NAG](cxcmd:sel :NAG "select residue") — [2-acetamido-2-deoxy-β-D-
glucopyranose](http://www.rcsb.org/ligand/NAG "show residue info") (N-acetyl-
β-D-glucosamine; 2-acetamido-2-deoxy-β-D-glucose; 2-acetamido-2-deoxy-D-
glucose; 2-acetamido-2-deoxy-glucose; N-acetyl-D-glucosamine)  
  

INFO:
Executing: torsion /K:4@C2 /K:4@C1 /K:3@O4 /K:3@C4
INFO:
Torsion angle for atoms /K MAN 4 C2 C1 MAN 3 O4 C4 is 65.3822°
INFO:
Executing: torsion /K:4@C1 /K:3@O4 /K:3@C4 /K:3@C5
INFO:
Torsion angle for atoms /K MAN 4 C1 MAN 3 O4 C4 C5 is -145.433°
INFO:
Executing: close #1
INFO:
Executing: open ../../../pdbs/5lgj.pdb
INFO:
_5lgj.pdb_ title:  
 **The crystal structure of ige FC mutant - P333C** [[more info...]](cxcmd:log
metadata #1)  
  

INFO:
Chain information for 5lgj.pdb #1  
---  
Chain | Description | UniProt  
[A](cxcmd:select /A:228-545 "Select chain") | [ig ε chain C
region](cxcmd:sequence chain #1/A "Show sequence") | [IGHE_HUMAN](cxcmd:open
P01854 from uniprot "Show annotations") [228-545](cxcmd:select #1/A:228-545
"Select sequence")  
[B](cxcmd:select /B:231-546 "Select chain") | [ig ε chain C
region](cxcmd:sequence chain #1/B "Show sequence") | [IGHE_HUMAN](cxcmd:open
P01854 from uniprot "Show annotations") [228-546](cxcmd:select #1/B:228-546
"Select sequence")  
  

INFO:
Non-standard residues in 5lgj.pdb #1  
---  
[BMA](cxcmd:sel :BMA "select residue") — [β-D-
mannopyranose](http://www.rcsb.org/ligand/BMA "show residue info") (β-D-
mannose; D-mannose; mannose)  
[GOL](cxcmd:sel :GOL "select residue") —
[glycerol](http://www.rcsb.org/ligand/GOL "show residue info") (glycerin;
propane-1,2,3-triol)  
[MAN](cxcmd:sel :MAN "select residue") — [α-D-
mannopyranose](http://www.rcsb.org/ligand/MAN "show residue info") (α-D-
mannose; D-mannose; mannose)  
[NAG](cxcmd:sel :NAG "select residue") — [2-acetamido-2-deoxy-β-D-
glucopyranose](http://www.rcsb.org/ligand/NAG "show residue info") (N-acetyl-
β-D-glucosamine; 2-acetamido-2-deoxy-β-D-glucose; 2-acetamido-2-deoxy-D-
glucose; 2-acetamido-2-deoxy-glucose; N-acetyl-D-glucosamine)  
[PG4](cxcmd:sel :PG4 "select residue") — [tetraethylene
glycol](http://www.rcsb.org/ligand/PG4 "show residue info")  
[SO4](cxcmd:sel :SO4 "select residue") — [sulfate
ion](http://www.rcsb.org/ligand/SO4 "show residue info")  
  

INFO:
Executing: torsion /D:5@C2 /D:5@C1 /D:4@O4 /D:4@C4
INFO:
Torsion angle for atoms /D MAN 5 C2 C1 MAN 4 O4 C4 is 126.496°
INFO:
Executing: torsion /D:5@C1 /D:4@O4 /D:4@C4 /D:4@C5
INFO:
Torsion angle for atoms /D MAN 5 C1 MAN 4 O4 C4 C5 is 135.112°
INFO:
Executing: close #1
INFO:
Executing: open ../../../pdbs/5lgj.pdb
INFO:
_5lgj.pdb_ title:  
 **The crystal structure of ige FC mutant - P333C** [[more info...]](cxcmd:log
metadata #1)  
  

INFO:
Chain information for 5lgj.pdb #1  
---  
Chain | Description | UniProt  
[A](cxcmd:select /A:228-545 "Select chain") | [ig ε chain C
region](cxcmd:sequence chain #1/A "Show sequence") | [IGHE_HUMAN](cxcmd:open
P01854 from uniprot "Show annotations") [228-545](cxcmd:select #1/A:228-545
"Select sequence")  
[B](cxcmd:select /B:231-546 "Select chain") | [ig ε chain C
region](cxcmd:sequence chain #1/B "Show sequence") | [IGHE_HUMAN](cxcmd:open
P01854 from uniprot "Show annotations") [228-546](cxcmd:select #1/B:228-546
"Select sequence")  
  

INFO:
Non-standard residues in 5lgj.pdb #1  
---  
[BMA](cxcmd:sel :BMA "select residue") — [β-D-
mannopyranose](http://www.rcsb.org/ligand/BMA "show residue info") (β-D-
mannose; D-mannose; mannose)  
[GOL](cxcmd:sel :GOL "select residue") —
[glycerol](http://www.rcsb.org/ligand/GOL "show residue info") (glycerin;
propane-1,2,3-triol)  
[MAN](cxcmd:sel :MAN "select residue") — [α-D-
mannopyranose](http://www.rcsb.org/ligand/MAN "show residue info") (α-D-
mannose; D-mannose; mannose)  
[NAG](cxcmd:sel :NAG "select residue") — [2-acetamido-2-deoxy-β-D-
glucopyranose](http://www.rcsb.org/ligand/NAG "show residue info") (N-acetyl-
β-D-glucosamine; 2-acetamido-2-deoxy-β-D-glucose; 2-acetamido-2-deoxy-D-
glucose; 2-acetamido-2-deoxy-glucose; N-acetyl-D-glucosamine)  
[PG4](cxcmd:sel :PG4 "select residue") — [tetraethylene
glycol](http://www.rcsb.org/ligand/PG4 "show residue info")  
[SO4](cxcmd:sel :SO4 "select residue") — [sulfate
ion](http://www.rcsb.org/ligand/SO4 "show residue info")  
  

INFO:
Executing: torsion /D:6@C2 /D:6@C1 /D:4@O4 /D:4@C4
INFO:
Torsion angle for atoms /D MAN 6 C2 C1 MAN 4 O4 C4 is -162.191°
INFO:
Executing: torsion /D:6@C1 /D:4@O4 /D:4@C4 /D:4@C5
INFO:
Torsion angle for atoms /D MAN 6 C1 MAN 4 O4 C4 C5 is -140.19°
INFO:
Executing: close #1
INFO:
Executing: open ../../../pdbs/1sdx.pdb
INFO:
_1sdx.pdb_ title:  
 **Crystal structure of the zinc saturated C-terminal half of bovine
lactoferrin At 2.0 A resolution reveals two additional zinc binding sites**
[[more info...]](cxcmd:log metadata #1)  
  

INFO:
Chain information for 1sdx.pdb #1  
---  
Chain | Description | UniProt  
[A](cxcmd:select /A:342-676 "Select chain") | [lactoferrin](cxcmd:sequence
chain #1/A "Show sequence") | [TRFL_BOVIN](cxcmd:open P24627 from uniprot
"Show annotations") [342-676](cxcmd:select #1/A:342-676 "Select sequence")  
[E](cxcmd:select /E:681-685 "Select chain") |
[lactotransferrin](cxcmd:sequence chain #1/E "Show sequence") |
[TRFL_BOVIN](cxcmd:open P24627 from uniprot "Show annotations")
[681-685](cxcmd:select #1/E:681-685 "Select sequence")  
  

INFO:
Non-standard residues in 1sdx.pdb #1  
---  
[BMA](cxcmd:sel :BMA "select residue") — [β-D-
mannopyranose](http://www.rcsb.org/ligand/BMA "show residue info") (β-D-
mannose; D-mannose; mannose)  
[CO3](cxcmd:sel :CO3 "select residue") — [carbonate
ion](http://www.rcsb.org/ligand/CO3 "show residue info")  
[MAN](cxcmd:sel :MAN "select residue") — [α-D-
mannopyranose](http://www.rcsb.org/ligand/MAN "show residue info") (α-D-
mannose; D-mannose; mannose)  
[NAG](cxcmd:sel :NAG "select residue") — [2-acetamido-2-deoxy-β-D-
glucopyranose](http://www.rcsb.org/ligand/NAG "show residue info") (N-acetyl-
β-D-glucosamine; 2-acetamido-2-deoxy-β-D-glucose; 2-acetamido-2-deoxy-D-
glucose; 2-acetamido-2-deoxy-glucose; N-acetyl-D-glucosamine)  
[NDG](cxcmd:sel :NDG "select residue") — [2-acetamido-2-deoxy-α-D-
glucopyranose](http://www.rcsb.org/ligand/NDG "show residue info") (N-acetyl-
α-D-glucosamine; 2-acetamido-2-deoxy-α-D-glucose; 2-acetamido-2-deoxy-D-
glucose; 2-acetamido-2-deoxy-glucose; 2-(acetylamino)-2-deoxy-A-D-
glucopyranose)  
[SO4](cxcmd:sel :SO4 "select residue") — [sulfate
ion](http://www.rcsb.org/ligand/SO4 "show residue info")  
[ZN](cxcmd:sel :ZN "select residue") — [zinc
ion](http://www.rcsb.org/ligand/ZN "show residue info")  
  

INFO:
Executing: torsion /C:5@C2 /C:5@C1 /C:4@O4 /C:4@C4
INFO:
Torsion angle for atoms /C MAN 5 C2 C1 MAN 4 O4 C4 is -7.56655°
INFO:
Executing: torsion /C:5@C1 /C:4@O4 /C:4@C4 /C:4@C5
INFO:
Torsion angle for atoms /C MAN 5 C1 MAN 4 O4 C4 C5 is 120.178°
INFO:
Executing: close #1
INFO:
Executing: open ../../../pdbs/1sdx.pdb
INFO:
_1sdx.pdb_ title:  
 **Crystal structure of the zinc saturated C-terminal half of bovine
lactoferrin At 2.0 A resolution reveals two additional zinc binding sites**
[[more info...]](cxcmd:log metadata #1)  
  

INFO:
Chain information for 1sdx.pdb #1  
---  
Chain | Description | UniProt  
[A](cxcmd:select /A:342-676 "Select chain") | [lactoferrin](cxcmd:sequence
chain #1/A "Show sequence") | [TRFL_BOVIN](cxcmd:open P24627 from uniprot
"Show annotations") [342-676](cxcmd:select #1/A:342-676 "Select sequence")  
[E](cxcmd:select /E:681-685 "Select chain") |
[lactotransferrin](cxcmd:sequence chain #1/E "Show sequence") |
[TRFL_BOVIN](cxcmd:open P24627 from uniprot "Show annotations")
[681-685](cxcmd:select #1/E:681-685 "Select sequence")  
  

INFO:
Non-standard residues in 1sdx.pdb #1  
---  
[BMA](cxcmd:sel :BMA "select residue") — [β-D-
mannopyranose](http://www.rcsb.org/ligand/BMA "show residue info") (β-D-
mannose; D-mannose; mannose)  
[CO3](cxcmd:sel :CO3 "select residue") — [carbonate
ion](http://www.rcsb.org/ligand/CO3 "show residue info")  
[MAN](cxcmd:sel :MAN "select residue") — [α-D-
mannopyranose](http://www.rcsb.org/ligand/MAN "show residue info") (α-D-
mannose; D-mannose; mannose)  
[NAG](cxcmd:sel :NAG "select residue") — [2-acetamido-2-deoxy-β-D-
glucopyranose](http://www.rcsb.org/ligand/NAG "show residue info") (N-acetyl-
β-D-glucosamine; 2-acetamido-2-deoxy-β-D-glucose; 2-acetamido-2-deoxy-D-
glucose; 2-acetamido-2-deoxy-glucose; N-acetyl-D-glucosamine)  
[NDG](cxcmd:sel :NDG "select residue") — [2-acetamido-2-deoxy-α-D-
glucopyranose](http://www.rcsb.org/ligand/NDG "show residue info") (N-acetyl-
α-D-glucosamine; 2-acetamido-2-deoxy-α-D-glucose; 2-acetamido-2-deoxy-D-
glucose; 2-acetamido-2-deoxy-glucose; 2-(acetylamino)-2-deoxy-A-D-
glucopyranose)  
[SO4](cxcmd:sel :SO4 "select residue") — [sulfate
ion](http://www.rcsb.org/ligand/SO4 "show residue info")  
[ZN](cxcmd:sel :ZN "select residue") — [zinc
ion](http://www.rcsb.org/ligand/ZN "show residue info")  
  

INFO:
Executing: torsion /C:6@C2 /C:6@C1 /C:4@O4 /C:4@C4
INFO:
Torsion angle for atoms /C MAN 6 C2 C1 MAN 4 O4 C4 is 40.5381°
INFO:
Executing: torsion /C:6@C1 /C:4@O4 /C:4@C4 /C:4@C5
INFO:
Torsion angle for atoms /C MAN 6 C1 MAN 4 O4 C4 C5 is -110.102°
INFO:
Executing: close #1
INFO:
Executing: open ../../../pdbs/4e36.pdb
INFO:
_4e36.pdb_ title:  
 **Crystal structure of the human endoplasmic reticulum aminopeptidase 2
variant N392K** [[more info...]](cxcmd:log metadata #1)  
  

INFO:
Chain information for 4e36.pdb #1  
---  
Chain | Description | UniProt  
[A](cxcmd:select /A:54-961 "Select chain") [B](cxcmd:select /B:55-961 "Select
chain") | [endoplasmic reticulum aminopeptidase 2](cxcmd:sequence chain
#1/A#1/B "Show sequence") | [ERAP2_HUMAN](cxcmd:open Q6P179 from uniprot "Show
annotations") [1-960](cxcmd:select #1/A,B:1-960 "Select sequence")  
  

INFO:
Non-standard residues in 4e36.pdb #1  
---  
[LYS](cxcmd:sel :LYS "select residue") —
[lysine](http://www.rcsb.org/ligand/LYS "show residue info")  
[MAN](cxcmd:sel :MAN "select residue") — [α-D-
mannopyranose](http://www.rcsb.org/ligand/MAN "show residue info") (α-D-
mannose; D-mannose; mannose)  
[MES](cxcmd:sel :MES "select residue") — [2-(N-morpholino)-ethanesulfonic
acid](http://www.rcsb.org/ligand/MES "show residue info")  
[NAG](cxcmd:sel :NAG "select residue") — [2-acetamido-2-deoxy-β-D-
glucopyranose](http://www.rcsb.org/ligand/NAG "show residue info") (N-acetyl-
β-D-glucosamine; 2-acetamido-2-deoxy-β-D-glucose; 2-acetamido-2-deoxy-D-
glucose; 2-acetamido-2-deoxy-glucose; N-acetyl-D-glucosamine)  
[ZN](cxcmd:sel :ZN "select residue") — [zinc
ion](http://www.rcsb.org/ligand/ZN "show residue info")  
  

INFO:
Executing: torsion /E:4@C2 /E:4@C1 /E:3@O4 /E:3@C4
INFO:
Torsion angle for atoms /E MAN 4 C2 C1 MAN 3 O4 C4 is 108.944°
INFO:
Executing: torsion /E:4@C1 /E:3@O4 /E:3@C4 /E:3@C5
INFO:
Torsion angle for atoms /E MAN 4 C1 MAN 3 O4 C4 C5 is 132.928°
INFO:
Executing: close #1
INFO:
Executing: open ../../../pdbs/3ib1.pdb
INFO:
_3ib1.pdb_ title:  
 **Structural basis of the prevention of nsaid-induced damage of the
gastrointestinal tract by C-terminal half (C-lobe) of bovine colostrum protein
lactoferrin: binding and structural studies of C- lobe complex with
indomethacin** [[more info...]](cxcmd:log metadata #1)  
  

INFO:
Chain information for 3ib1.pdb #1  
---  
Chain | Description | UniProt  
[A](cxcmd:select /A:342-686 "Select chain") |
[lactotransferrin](cxcmd:sequence chain #1/A "Show sequence") |
[TRFL_BOVIN](cxcmd:open P24627 from uniprot "Show annotations")
[342-686](cxcmd:select #1/A:342-686 "Select sequence")  
  

INFO:
Non-standard residues in 3ib1.pdb #1  
---  
[BMA](cxcmd:sel :BMA "select residue") — [β-D-
mannopyranose](http://www.rcsb.org/ligand/BMA "show residue info") (β-D-
mannose; D-mannose; mannose)  
[CO3](cxcmd:sel :CO3 "select residue") — [carbonate
ion](http://www.rcsb.org/ligand/CO3 "show residue info")  
[FE](cxcmd:sel :FE "select residue") — [Fe (III)
ion](http://www.rcsb.org/ligand/FE "show residue info")  
[IMN](cxcmd:sel :IMN "select residue") —
[indomethacin](http://www.rcsb.org/ligand/IMN "show residue info")  
[MAN](cxcmd:sel :MAN "select residue") — [α-D-
mannopyranose](http://www.rcsb.org/ligand/MAN "show residue info") (α-D-
mannose; D-mannose; mannose)  
[NAG](cxcmd:sel :NAG "select residue") — [2-acetamido-2-deoxy-β-D-
glucopyranose](http://www.rcsb.org/ligand/NAG "show residue info") (N-acetyl-
β-D-glucosamine; 2-acetamido-2-deoxy-β-D-glucose; 2-acetamido-2-deoxy-D-
glucose; 2-acetamido-2-deoxy-glucose; N-acetyl-D-glucosamine)  
[SO4](cxcmd:sel :SO4 "select residue") — [sulfate
ion](http://www.rcsb.org/ligand/SO4 "show residue info")  
[ZN](cxcmd:sel :ZN "select residue") — [zinc
ion](http://www.rcsb.org/ligand/ZN "show residue info")  
  

INFO:
Executing: torsion /C:6@C2 /C:6@C1 /C:5@O4 /C:5@C4
INFO:
Torsion angle for atoms /C MAN 6 C2 C1 MAN 5 O4 C4 is 179.451°
INFO:
Executing: torsion /C:6@C1 /C:5@O4 /C:5@C4 /C:5@C5
INFO:
Torsion angle for atoms /C MAN 6 C1 MAN 5 O4 C4 C5 is -124.859°
INFO:
Executing: close #1
INFO:
Executing: open ../../../pdbs/3ib1.pdb
INFO:
_3ib1.pdb_ title:  
 **Structural basis of the prevention of nsaid-induced damage of the
gastrointestinal tract by C-terminal half (C-lobe) of bovine colostrum protein
lactoferrin: binding and structural studies of C- lobe complex with
indomethacin** [[more info...]](cxcmd:log metadata #1)  
  

INFO:
Chain information for 3ib1.pdb #1  
---  
Chain | Description | UniProt  
[A](cxcmd:select /A:342-686 "Select chain") |
[lactotransferrin](cxcmd:sequence chain #1/A "Show sequence") |
[TRFL_BOVIN](cxcmd:open P24627 from uniprot "Show annotations")
[342-686](cxcmd:select #1/A:342-686 "Select sequence")  
  

INFO:
Non-standard residues in 3ib1.pdb #1  
---  
[BMA](cxcmd:sel :BMA "select residue") — [β-D-
mannopyranose](http://www.rcsb.org/ligand/BMA "show residue info") (β-D-
mannose; D-mannose; mannose)  
[CO3](cxcmd:sel :CO3 "select residue") — [carbonate
ion](http://www.rcsb.org/ligand/CO3 "show residue info")  
[FE](cxcmd:sel :FE "select residue") — [Fe (III)
ion](http://www.rcsb.org/ligand/FE "show residue info")  
[IMN](cxcmd:sel :IMN "select residue") —
[indomethacin](http://www.rcsb.org/ligand/IMN "show residue info")  
[MAN](cxcmd:sel :MAN "select residue") — [α-D-
mannopyranose](http://www.rcsb.org/ligand/MAN "show residue info") (α-D-
mannose; D-mannose; mannose)  
[NAG](cxcmd:sel :NAG "select residue") — [2-acetamido-2-deoxy-β-D-
glucopyranose](http://www.rcsb.org/ligand/NAG "show residue info") (N-acetyl-
β-D-glucosamine; 2-acetamido-2-deoxy-β-D-glucose; 2-acetamido-2-deoxy-D-
glucose; 2-acetamido-2-deoxy-glucose; N-acetyl-D-glucosamine)  
[SO4](cxcmd:sel :SO4 "select residue") — [sulfate
ion](http://www.rcsb.org/ligand/SO4 "show residue info")  
[ZN](cxcmd:sel :ZN "select residue") — [zinc
ion](http://www.rcsb.org/ligand/ZN "show residue info")  
  

INFO:
Executing: torsion /C:5@C2 /C:5@C1 /C:4@O4 /C:4@C4
INFO:
Torsion angle for atoms /C MAN 5 C2 C1 MAN 4 O4 C4 is 18.1883°
INFO:
Executing: torsion /C:5@C1 /C:4@O4 /C:4@C4 /C:4@C5
INFO:
Torsion angle for atoms /C MAN 5 C1 MAN 4 O4 C4 C5 is 173.207°
INFO:
Executing: close #1
INFO:
Executing: open ../../../pdbs/3ib1.pdb
INFO:
_3ib1.pdb_ title:  
 **Structural basis of the prevention of nsaid-induced damage of the
gastrointestinal tract by C-terminal half (C-lobe) of bovine colostrum protein
lactoferrin: binding and structural studies of C- lobe complex with
indomethacin** [[more info...]](cxcmd:log metadata #1)  
  

INFO:
Chain information for 3ib1.pdb #1  
---  
Chain | Description | UniProt  
[A](cxcmd:select /A:342-686 "Select chain") |
[lactotransferrin](cxcmd:sequence chain #1/A "Show sequence") |
[TRFL_BOVIN](cxcmd:open P24627 from uniprot "Show annotations")
[342-686](cxcmd:select #1/A:342-686 "Select sequence")  
  

INFO:
Non-standard residues in 3ib1.pdb #1  
---  
[BMA](cxcmd:sel :BMA "select residue") — [β-D-
mannopyranose](http://www.rcsb.org/ligand/BMA "show residue info") (β-D-
mannose; D-mannose; mannose)  
[CO3](cxcmd:sel :CO3 "select residue") — [carbonate
ion](http://www.rcsb.org/ligand/CO3 "show residue info")  
[FE](cxcmd:sel :FE "select residue") — [Fe (III)
ion](http://www.rcsb.org/ligand/FE "show residue info")  
[IMN](cxcmd:sel :IMN "select residue") —
[indomethacin](http://www.rcsb.org/ligand/IMN "show residue info")  
[MAN](cxcmd:sel :MAN "select residue") — [α-D-
mannopyranose](http://www.rcsb.org/ligand/MAN "show residue info") (α-D-
mannose; D-mannose; mannose)  
[NAG](cxcmd:sel :NAG "select residue") — [2-acetamido-2-deoxy-β-D-
glucopyranose](http://www.rcsb.org/ligand/NAG "show residue info") (N-acetyl-
β-D-glucosamine; 2-acetamido-2-deoxy-β-D-glucose; 2-acetamido-2-deoxy-D-
glucose; 2-acetamido-2-deoxy-glucose; N-acetyl-D-glucosamine)  
[SO4](cxcmd:sel :SO4 "select residue") — [sulfate
ion](http://www.rcsb.org/ligand/SO4 "show residue info")  
[ZN](cxcmd:sel :ZN "select residue") — [zinc
ion](http://www.rcsb.org/ligand/ZN "show residue info")  
  

INFO:
Executing: torsion /C:4@C2 /C:4@C1 /C:3@O4 /C:3@C4
INFO:
Torsion angle for atoms /C MAN 4 C2 C1 MAN 3 O4 C4 is -154.693°
INFO:
Executing: torsion /C:4@C1 /C:3@O4 /C:3@C4 /C:3@C5
INFO:
Torsion angle for atoms /C MAN 4 C1 MAN 3 O4 C4 C5 is -104.695°
INFO:
Executing: close #1
INFO:
Executing: open ../../../pdbs/5u8q.pdb
INFO:
_5u8q.pdb_ title:  
 **Structure of the ectodomain of the human type 1 insulin-like growth factor
receptor In complex with igf-I** [[more info...]](cxcmd:log metadata #1)  
  

INFO:
Chain information for 5u8q.pdb #1  
---  
Chain | Description | UniProt  
[A](cxcmd:select /A:1-900 "Select chain") | [insulin-like growth factor 1
receptor](cxcmd:sequence chain #1/A "Show sequence") |
[IGF1R_HUMAN](cxcmd:open P08069 from uniprot "Show annotations")
[1-905](cxcmd:select #1/A:1-905 "Select sequence")  
[B](cxcmd:select /B:4-63 "Select chain") | [insulin-like growth factor
I](cxcmd:sequence chain #1/B "Show sequence") | [IGF1_HUMAN](cxcmd:open P05019
from uniprot "Show annotations") [1-70](cxcmd:select #1/B:1-70 "Select
sequence")  
[H](cxcmd:select /H:1-118 "Select chain") | [FV 24-60 heavy
chain](cxcmd:sequence chain #1/H "Show sequence") |  
[L](cxcmd:select /L:1-107 "Select chain") | [FV 24-60 light
chain](cxcmd:sequence chain #1/L "Show sequence") |  
  

INFO:
Non-standard residues in 5u8q.pdb #1  
---  
[MAN](cxcmd:sel :MAN "select residue") — [α-D-
mannopyranose](http://www.rcsb.org/ligand/MAN "show residue info") (α-D-
mannose; D-mannose; mannose)  
[MLT](cxcmd:sel :MLT "select residue") —
[D-malate](http://www.rcsb.org/ligand/MLT "show residue info")
((2R)-2-hydroxybutanedioic acid; 2-hydroxy-succinic acid)  
[NAG](cxcmd:sel :NAG "select residue") — [2-acetamido-2-deoxy-β-D-
glucopyranose](http://www.rcsb.org/ligand/NAG "show residue info") (N-acetyl-
β-D-glucosamine; 2-acetamido-2-deoxy-β-D-glucose; 2-acetamido-2-deoxy-D-
glucose; 2-acetamido-2-deoxy-glucose; N-acetyl-D-glucosamine)  
[SO4](cxcmd:sel :SO4 "select residue") — [sulfate
ion](http://www.rcsb.org/ligand/SO4 "show residue info")  
  

INFO:
Executing: torsion /D:4@C2 /D:4@C1 /D:3@O4 /D:3@C4
INFO:
Torsion angle for atoms /D MAN 4 C2 C1 MAN 3 O4 C4 is -65.6108°
INFO:
Executing: torsion /D:4@C1 /D:3@O4 /D:3@C4 /D:3@C5
INFO:
Torsion angle for atoms /D MAN 4 C1 MAN 3 O4 C4 C5 is -110.711°
INFO:
Executing: close #1
INFO:
Executing: open ../../../pdbs/2zmb.pdb
INFO:
_2zmb.pdb_ title:  
 **Crystal structure of the complex of C-terminal lobe of bovine lactoferrin
with parecoxib At 2.9 A resolution** [[more info...]](cxcmd:log metadata #1)  
  

INFO:
Chain information for 2zmb.pdb #1  
---  
Chain | Description | UniProt  
[A](cxcmd:select /A:342-686 "Select chain") | [lactoferrin](cxcmd:sequence
chain #1/A "Show sequence") | [TRFL_BOVIN](cxcmd:open P24627 from uniprot
"Show annotations") [342-686](cxcmd:select #1/A:342-686 "Select sequence")  
  

INFO:
Non-standard residues in 2zmb.pdb #1  
---  
[BGC](cxcmd:sel :BGC "select residue") — [β-D-
glucopyranose](http://www.rcsb.org/ligand/BGC "show residue info") (β-D-
glucose; D-glucose; glucose)  
[CO3](cxcmd:sel :CO3 "select residue") — [carbonate
ion](http://www.rcsb.org/ligand/CO3 "show residue info")  
[FE](cxcmd:sel :FE "select residue") — [Fe (III)
ion](http://www.rcsb.org/ligand/FE "show residue info")  
[MAN](cxcmd:sel :MAN "select residue") — [α-D-
mannopyranose](http://www.rcsb.org/ligand/MAN "show residue info") (α-D-
mannose; D-mannose; mannose)  
[NAG](cxcmd:sel :NAG "select residue") — [2-acetamido-2-deoxy-β-D-
glucopyranose](http://www.rcsb.org/ligand/NAG "show residue info") (N-acetyl-
β-D-glucosamine; 2-acetamido-2-deoxy-β-D-glucose; 2-acetamido-2-deoxy-D-
glucose; 2-acetamido-2-deoxy-glucose; N-acetyl-D-glucosamine)  
[PXB](cxcmd:sel :PXB "select residue") —
[parecoxib](http://www.rcsb.org/ligand/PXB "show residue info")
(N-{[4-(5-methyl-3-phenylisoxazol-4-yl)phenyl]sulfonyl}propanamide)  
[SO4](cxcmd:sel :SO4 "select residue") — [sulfate
ion](http://www.rcsb.org/ligand/SO4 "show residue info")  
[ZN](cxcmd:sel :ZN "select residue") — [zinc
ion](http://www.rcsb.org/ligand/ZN "show residue info")  
  

INFO:
Executing: torsion /D:6@C2 /D:6@C1 /D:5@O4 /D:5@C4
INFO:
Torsion angle for atoms /D MAN 6 C2 C1 MAN 5 O4 C4 is 9.60146°
INFO:
Executing: torsion /D:6@C1 /D:5@O4 /D:5@C4 /D:5@C5
INFO:
Torsion angle for atoms /D MAN 6 C1 MAN 5 O4 C4 C5 is -120.113°
INFO:
Executing: close #1
INFO:
Executing: open ../../../pdbs/4xx6.pdb
INFO:
_4xx6.pdb_ title:  
 **Crystal structure of A glycosylated ENDO-β-1,4-xylanase (glycoside
hydrolase family 10/GH10) enzyme from gloeophyllum trabeum**
[[more info...]](cxcmd:log metadata #1)  
  

INFO:
Chain information for 4xx6.pdb #1  
---  
Chain | Description | UniProt  
[A](cxcmd:select /A:30-347 "Select chain") [B](cxcmd:select /B:27-347 "Select
chain") | [β-xylanase](cxcmd:sequence chain #1/A#1/B "Show sequence") |
[S7Q6I2_GLOTA](cxcmd:open S7Q6I2 from uniprot "Show annotations")
[27-347](cxcmd:select #1/A,B:27-347 "Select sequence")  
  

INFO:
Non-standard residues in 4xx6.pdb #1  
---  
[BMA](cxcmd:sel :BMA "select residue") — [β-D-
mannopyranose](http://www.rcsb.org/ligand/BMA "show residue info") (β-D-
mannose; D-mannose; mannose)  
[CL](cxcmd:sel :CL "select residue") — [chloride
ion](http://www.rcsb.org/ligand/CL "show residue info")  
[GOL](cxcmd:sel :GOL "select residue") —
[glycerol](http://www.rcsb.org/ligand/GOL "show residue info") (glycerin;
propane-1,2,3-triol)  
[MAN](cxcmd:sel :MAN "select residue") — [α-D-
mannopyranose](http://www.rcsb.org/ligand/MAN "show residue info") (α-D-
mannose; D-mannose; mannose)  
[MG](cxcmd:sel :MG "select residue") — [magnesium
ion](http://www.rcsb.org/ligand/MG "show residue info")  
[NAG](cxcmd:sel :NAG "select residue") — [2-acetamido-2-deoxy-β-D-
glucopyranose](http://www.rcsb.org/ligand/NAG "show residue info") (N-acetyl-
β-D-glucosamine; 2-acetamido-2-deoxy-β-D-glucose; 2-acetamido-2-deoxy-D-
glucose; 2-acetamido-2-deoxy-glucose; N-acetyl-D-glucosamine)  
[P6G](cxcmd:sel :P6G "select residue") — [hexaethylene
glycol](http://www.rcsb.org/ligand/P6G "show residue info") (polyethylene
glycol PEG400)  
[PEG](cxcmd:sel :PEG "select residue") —
[di(hydroxyethyl)ether](http://www.rcsb.org/ligand/PEG "show residue info")  
[UNX](cxcmd:sel :UNX "select residue") — [unknown atom or
ion](http://www.rcsb.org/ligand/UNX "show residue info")  
  

INFO:
Executing: torsion /F:6@C2 /F:6@C1 /F:5@O4 /F:5@C4
INFO:
Torsion angle for atoms /F MAN 6 C2 C1 MAN 5 O4 C4 is 96.5152°
INFO:
Executing: torsion /F:6@C1 /F:5@O4 /F:5@C4 /F:5@C5
INFO:
Torsion angle for atoms /F MAN 6 C1 MAN 5 O4 C4 C5 is 53.1717°
INFO:
Executing: close #1
INFO:
Executing: open ../../../pdbs/4xx6.pdb
INFO:
_4xx6.pdb_ title:  
 **Crystal structure of A glycosylated ENDO-β-1,4-xylanase (glycoside
hydrolase family 10/GH10) enzyme from gloeophyllum trabeum**
[[more info...]](cxcmd:log metadata #1)  
  

INFO:
Chain information for 4xx6.pdb #1  
---  
Chain | Description | UniProt  
[A](cxcmd:select /A:30-347 "Select chain") [B](cxcmd:select /B:27-347 "Select
chain") | [β-xylanase](cxcmd:sequence chain #1/A#1/B "Show sequence") |
[S7Q6I2_GLOTA](cxcmd:open S7Q6I2 from uniprot "Show annotations")
[27-347](cxcmd:select #1/A,B:27-347 "Select sequence")  
  

INFO:
Non-standard residues in 4xx6.pdb #1  
---  
[BMA](cxcmd:sel :BMA "select residue") — [β-D-
mannopyranose](http://www.rcsb.org/ligand/BMA "show residue info") (β-D-
mannose; D-mannose; mannose)  
[CL](cxcmd:sel :CL "select residue") — [chloride
ion](http://www.rcsb.org/ligand/CL "show residue info")  
[GOL](cxcmd:sel :GOL "select residue") —
[glycerol](http://www.rcsb.org/ligand/GOL "show residue info") (glycerin;
propane-1,2,3-triol)  
[MAN](cxcmd:sel :MAN "select residue") — [α-D-
mannopyranose](http://www.rcsb.org/ligand/MAN "show residue info") (α-D-
mannose; D-mannose; mannose)  
[MG](cxcmd:sel :MG "select residue") — [magnesium
ion](http://www.rcsb.org/ligand/MG "show residue info")  
[NAG](cxcmd:sel :NAG "select residue") — [2-acetamido-2-deoxy-β-D-
glucopyranose](http://www.rcsb.org/ligand/NAG "show residue info") (N-acetyl-
β-D-glucosamine; 2-acetamido-2-deoxy-β-D-glucose; 2-acetamido-2-deoxy-D-
glucose; 2-acetamido-2-deoxy-glucose; N-acetyl-D-glucosamine)  
[P6G](cxcmd:sel :P6G "select residue") — [hexaethylene
glycol](http://www.rcsb.org/ligand/P6G "show residue info") (polyethylene
glycol PEG400)  
[PEG](cxcmd:sel :PEG "select residue") —
[di(hydroxyethyl)ether](http://www.rcsb.org/ligand/PEG "show residue info")  
[UNX](cxcmd:sel :UNX "select residue") — [unknown atom or
ion](http://www.rcsb.org/ligand/UNX "show residue info")  
  

INFO:
Executing: torsion /F:5@C2 /F:5@C1 /F:4@O4 /F:4@C4
INFO:
Torsion angle for atoms /F MAN 5 C2 C1 MAN 4 O4 C4 is 94.1153°
INFO:
Executing: torsion /F:5@C1 /F:4@O4 /F:4@C4 /F:4@C5
INFO:
Torsion angle for atoms /F MAN 5 C1 MAN 4 O4 C4 C5 is 162.296°
INFO:
Executing: close #1
INFO:
Executing: open ../../../pdbs/3ije.pdb
INFO:
_3ije.pdb_ title:  
 **Crystal structure of the complete integrin ALHAVBETA3 ectodomain plus an
α/β transmembrane fragment** [[more info...]](cxcmd:log metadata #1)  
  

INFO:
Chain information for 3ije.pdb #1  
---  
Chain | Description | UniProt  
[A](cxcmd:select /A:1-967 "Select chain") | [integrin α-V](cxcmd:sequence
chain #1/A "Show sequence") | [ITAV_HUMAN](cxcmd:open P06756 from uniprot
"Show annotations") [1-967](cxcmd:select #1/A:1-967 "Select sequence")  
[B](cxcmd:select /B:1-695 "Select chain") | [integrin β-3](cxcmd:sequence
chain #1/B "Show sequence") | [ITB3_HUMAN](cxcmd:open P05106 from uniprot
"Show annotations") [1-695](cxcmd:select #1/B:1-695 "Select sequence")  
  

INFO:
Non-standard residues in 3ije.pdb #1  
---  
[BMA](cxcmd:sel :BMA "select residue") — [β-D-
mannopyranose](http://www.rcsb.org/ligand/BMA "show residue info") (β-D-
mannose; D-mannose; mannose)  
[CA](cxcmd:sel :CA "select residue") — [calcium
ion](http://www.rcsb.org/ligand/CA "show residue info")  
[MAN](cxcmd:sel :MAN "select residue") — [α-D-
mannopyranose](http://www.rcsb.org/ligand/MAN "show residue info") (α-D-
mannose; D-mannose; mannose)  
[NAG](cxcmd:sel :NAG "select residue") — [2-acetamido-2-deoxy-β-D-
glucopyranose](http://www.rcsb.org/ligand/NAG "show residue info") (N-acetyl-
β-D-glucosamine; 2-acetamido-2-deoxy-β-D-glucose; 2-acetamido-2-deoxy-D-
glucose; 2-acetamido-2-deoxy-glucose; N-acetyl-D-glucosamine)  
  

INFO:
Executing: torsion /E:5@C2 /E:5@C1 /E:4@O4 /E:4@C4
INFO:
Torsion angle for atoms /E MAN 5 C2 C1 MAN 4 O4 C4 is -128.695°
INFO:
Executing: torsion /E:5@C1 /E:4@O4 /E:4@C4 /E:4@C5
INFO:
Torsion angle for atoms /E MAN 5 C1 MAN 4 O4 C4 C5 is -76.1286°
INFO:
Executing: close #1
INFO:
Executing: open ../../../pdbs/1nkx.pdb
INFO:
_1nkx.pdb_ title:  
 **Crystal structure of A proteolytically generated functional monoferric
C-lobe of bovine lactoferrin At 1.9A resolution** [[more info...]](cxcmd:log
metadata #1)  
  

INFO:
Chain information for 1nkx.pdb #1  
---  
Chain | Description | UniProt  
[A](cxcmd:select /A:342-685 "Select chain") |
[lactotransferrin](cxcmd:sequence chain #1/A "Show sequence") |
[TRFL_BOVIN](cxcmd:open P24627 from uniprot "Show annotations")
[342-689](cxcmd:select #1/A:342-689 "Select sequence")  
  

INFO:
Non-standard residues in 1nkx.pdb #1  
---  
[BMA](cxcmd:sel :BMA "select residue") — [β-D-
mannopyranose](http://www.rcsb.org/ligand/BMA "show residue info") (β-D-
mannose; D-mannose; mannose)  
[CO3](cxcmd:sel :CO3 "select residue") — [carbonate
ion](http://www.rcsb.org/ligand/CO3 "show residue info")  
[FE](cxcmd:sel :FE "select residue") — [Fe (III)
ion](http://www.rcsb.org/ligand/FE "show residue info")  
[MAN](cxcmd:sel :MAN "select residue") — [α-D-
mannopyranose](http://www.rcsb.org/ligand/MAN "show residue info") (α-D-
mannose; D-mannose; mannose)  
[NAG](cxcmd:sel :NAG "select residue") — [2-acetamido-2-deoxy-β-D-
glucopyranose](http://www.rcsb.org/ligand/NAG "show residue info") (N-acetyl-
β-D-glucosamine; 2-acetamido-2-deoxy-β-D-glucose; 2-acetamido-2-deoxy-D-
glucose; 2-acetamido-2-deoxy-glucose; N-acetyl-D-glucosamine)  
[ZN](cxcmd:sel :ZN "select residue") — [zinc
ion](http://www.rcsb.org/ligand/ZN "show residue info")  
  

INFO:
Executing: torsion /C:6@C2 /C:6@C1 /C:5@O4 /C:5@C4
INFO:
Torsion angle for atoms /C MAN 6 C2 C1 MAN 5 O4 C4 is -99.2798°
INFO:
Executing: torsion /C:6@C1 /C:5@O4 /C:5@C4 /C:5@C5
INFO:
Torsion angle for atoms /C MAN 6 C1 MAN 5 O4 C4 C5 is -10.8753°
INFO:
Executing: close #1
INFO:
Executing: open ../../../pdbs/1nkx.pdb
INFO:
_1nkx.pdb_ title:  
 **Crystal structure of A proteolytically generated functional monoferric
C-lobe of bovine lactoferrin At 1.9A resolution** [[more info...]](cxcmd:log
metadata #1)  
  

INFO:
Chain information for 1nkx.pdb #1  
---  
Chain | Description | UniProt  
[A](cxcmd:select /A:342-685 "Select chain") |
[lactotransferrin](cxcmd:sequence chain #1/A "Show sequence") |
[TRFL_BOVIN](cxcmd:open P24627 from uniprot "Show annotations")
[342-689](cxcmd:select #1/A:342-689 "Select sequence")  
  

INFO:
Non-standard residues in 1nkx.pdb #1  
---  
[BMA](cxcmd:sel :BMA "select residue") — [β-D-
mannopyranose](http://www.rcsb.org/ligand/BMA "show residue info") (β-D-
mannose; D-mannose; mannose)  
[CO3](cxcmd:sel :CO3 "select residue") — [carbonate
ion](http://www.rcsb.org/ligand/CO3 "show residue info")  
[FE](cxcmd:sel :FE "select residue") — [Fe (III)
ion](http://www.rcsb.org/ligand/FE "show residue info")  
[MAN](cxcmd:sel :MAN "select residue") — [α-D-
mannopyranose](http://www.rcsb.org/ligand/MAN "show residue info") (α-D-
mannose; D-mannose; mannose)  
[NAG](cxcmd:sel :NAG "select residue") — [2-acetamido-2-deoxy-β-D-
glucopyranose](http://www.rcsb.org/ligand/NAG "show residue info") (N-acetyl-
β-D-glucosamine; 2-acetamido-2-deoxy-β-D-glucose; 2-acetamido-2-deoxy-D-
glucose; 2-acetamido-2-deoxy-glucose; N-acetyl-D-glucosamine)  
[ZN](cxcmd:sel :ZN "select residue") — [zinc
ion](http://www.rcsb.org/ligand/ZN "show residue info")  
  

INFO:
Executing: torsion /C:5@C2 /C:5@C1 /C:4@O4 /C:4@C4
INFO:
Torsion angle for atoms /C MAN 5 C2 C1 MAN 4 O4 C4 is -156.205°
INFO:
Executing: torsion /C:5@C1 /C:4@O4 /C:4@C4 /C:4@C5
INFO:
Torsion angle for atoms /C MAN 5 C1 MAN 4 O4 C4 C5 is 86.0349°
INFO:
Executing: close #1
INFO:
Executing: open ../../../pdbs/1qpa.pdb
INFO:
_1qpa.pdb_ title:  
 **Lignin peroxidase isozyme LIP4.65 (π 4.65)** [[more info...]](cxcmd:log
metadata #1)  
  

INFO:
Chain information for 1qpa.pdb #1  
---  
Chain | Description | UniProt  
[A](cxcmd:select /A:0-345 "Select chain") [B](cxcmd:select /B:0-345 "Select
chain") | [lignin peroxidase](cxcmd:sequence chain #1/A#1/B "Show sequence") |
[LIG4_PHACH](cxcmd:open P11542 from uniprot "Show annotations")
[0-345](cxcmd:select #1/A,B:0-345 "Select sequence")  
  

INFO:
Non-standard residues in 1qpa.pdb #1  
---  
[CA](cxcmd:sel :CA "select residue") — [calcium
ion](http://www.rcsb.org/ligand/CA "show residue info")  
[FUC](cxcmd:sel :FUC "select residue") — [α-L-
fucopyranose](http://www.rcsb.org/ligand/FUC "show residue info")  
[HEM](cxcmd:sel :HEM "select residue") — [protoporphyrin IX containing
Fe](http://www.rcsb.org/ligand/HEM "show residue info") (HEME)  
[MAN](cxcmd:sel :MAN "select residue") — [α-D-
mannopyranose](http://www.rcsb.org/ligand/MAN "show residue info")  
[NAG](cxcmd:sel :NAG "select residue") — [2-acetamido-2-deoxy-β-D-
glucopyranose](http://www.rcsb.org/ligand/NAG "show residue info")  
  

INFO:
Executing: torsion /D:2@C2 /D:2@C1 /D:1@O4 /D:1@C4
INFO:
Torsion angle for atoms /D MAN 2 C2 C1 MAN 1 O4 C4 is -94.4681°
INFO:
Executing: torsion /D:2@C1 /D:1@O4 /D:1@C4 /D:1@C5
INFO:
Torsion angle for atoms /D MAN 2 C1 MAN 1 O4 C4 C5 is -113.901°
INFO:
Executing: close #1
INFO:
Executing: open ../../../pdbs/4dvk.pdb
INFO:
_4dvk.pdb_ title:  
 **Crystal structure of the glycoprotein ERNS from the pestivirus BVDV-1
strain NCP-7** [[more info...]](cxcmd:log metadata #1)  
  

INFO:
Chain information for 4dvk.pdb #1  
---  
Chain | Description | UniProt  
[A](cxcmd:select /A:3-159 "Select chain") [B](cxcmd:select /B:3-159 "Select
chain") | [E(RNS) glycoprotein](cxcmd:sequence chain #1/A#1/B "Show sequence")
| [POLG_BVDVC](cxcmd:open Q96662 from uniprot "Show annotations")
[3-167](cxcmd:select #1/A,B:3-167 "Select sequence")  
  

INFO:
Non-standard residues in 4dvk.pdb #1  
---  
[BMA](cxcmd:sel :BMA "select residue") — [β-D-
mannopyranose](http://www.rcsb.org/ligand/BMA "show residue info")  
[MAN](cxcmd:sel :MAN "select residue") — [α-D-
mannopyranose](http://www.rcsb.org/ligand/MAN "show residue info")  
[NAG](cxcmd:sel :NAG "select residue") — [2-acetamido-2-deoxy-β-D-
glucopyranose](http://www.rcsb.org/ligand/NAG "show residue info")  
[SO4](cxcmd:sel :SO4 "select residue") — [sulfate
ion](http://www.rcsb.org/ligand/SO4 "show residue info")  
  

INFO:
Executing: torsion /C:5@C2 /C:5@C1 /C:4@O4 /C:4@C4
INFO:
Torsion angle for atoms /C MAN 5 C2 C1 MAN 4 O4 C4 is -125.839°
INFO:
Executing: torsion /C:5@C1 /C:4@O4 /C:4@C4 /C:4@C5
INFO:
Torsion angle for atoms /C MAN 5 C1 MAN 4 O4 C4 C5 is -179.741°
INFO:
Executing: close #1
INFO:
Executing: open ../../../pdbs/4dvk.pdb
INFO:
_4dvk.pdb_ title:  
 **Crystal structure of the glycoprotein ERNS from the pestivirus BVDV-1
strain NCP-7** [[more info...]](cxcmd:log metadata #1)  
  

INFO:
Chain information for 4dvk.pdb #1  
---  
Chain | Description | UniProt  
[A](cxcmd:select /A:3-159 "Select chain") [B](cxcmd:select /B:3-159 "Select
chain") | [E(RNS) glycoprotein](cxcmd:sequence chain #1/A#1/B "Show sequence")
| [POLG_BVDVC](cxcmd:open Q96662 from uniprot "Show annotations")
[3-167](cxcmd:select #1/A,B:3-167 "Select sequence")  
  

INFO:
Non-standard residues in 4dvk.pdb #1  
---  
[BMA](cxcmd:sel :BMA "select residue") — [β-D-
mannopyranose](http://www.rcsb.org/ligand/BMA "show residue info")  
[MAN](cxcmd:sel :MAN "select residue") — [α-D-
mannopyranose](http://www.rcsb.org/ligand/MAN "show residue info")  
[NAG](cxcmd:sel :NAG "select residue") — [2-acetamido-2-deoxy-β-D-
glucopyranose](http://www.rcsb.org/ligand/NAG "show residue info")  
[SO4](cxcmd:sel :SO4 "select residue") — [sulfate
ion](http://www.rcsb.org/ligand/SO4 "show residue info")  
  

INFO:
Executing: torsion /E:7@C2 /E:7@C1 /E:6@O4 /E:6@C4
INFO:
Torsion angle for atoms /E MAN 7 C2 C1 MAN 6 O4 C4 is -121.47°
INFO:
Executing: torsion /E:7@C1 /E:6@O4 /E:6@C4 /E:6@C5
INFO:
Torsion angle for atoms /E MAN 7 C1 MAN 6 O4 C4 C5 is -170.958°
INFO:
Executing: close #1
INFO:
Executing: open ../../../pdbs/7czf.pdb
INFO:
_7czf.pdb_ title:  
 **Crystal structure of kaposi sarcoma associated herpesvirus (KSHV ) GHGL In
complex with the ligand binding domian (LBD) of EPHA2**
[[more info...]](cxcmd:log metadata #1)  
  

INFO:
Chain information for 7czf.pdb #1  
---  
Chain | Description | UniProt  
[A](cxcmd:select /A:28-210 "Select chain") [D](cxcmd:select /D:28-198 "Select
chain") | [ephrin type-A receptor 2](cxcmd:sequence chain #1/A#1/D "Show
sequence") | [EPHA2_HUMAN](cxcmd:open P29317 from uniprot "Show annotations")
[28-206](cxcmd:select #1/A,D:28-206 "Select sequence")  
[B](cxcmd:select /B:36-698 "Select chain") [E](cxcmd:select /E:36-698 "Select
chain") | [GH](cxcmd:sequence chain #1/B#1/E "Show sequence") |
[Q98142_HHV8](cxcmd:open Q98142 from uniprot "Show annotations")
[22-698](cxcmd:select #1/B,E:22-698 "Select sequence")  
[C](cxcmd:select /C:17-130 "Select chain") [F](cxcmd:select /F:18-132 "Select
chain") | [GL](cxcmd:sequence chain #1/C#1/F "Show sequence") |
[Q76RG7_HHV8](cxcmd:open Q76RG7 from uniprot "Show annotations")
[21-167](cxcmd:select #1/C,F:21-167 "Select sequence")  
  

INFO:
Non-standard residues in 7czf.pdb #1  
---  
[FUC](cxcmd:sel :FUC "select residue") — [α-L-
fucopyranose](http://www.rcsb.org/ligand/FUC "show residue info") (α-L-fucose;
6-deoxy-α-L-galactopyranose; L-fucose; fucose)  
[MAN](cxcmd:sel :MAN "select residue") — [α-D-
mannopyranose](http://www.rcsb.org/ligand/MAN "show residue info") (α-D-
mannose; D-mannose; mannose)  
[NAG](cxcmd:sel :NAG "select residue") — [2-acetamido-2-deoxy-β-D-
glucopyranose](http://www.rcsb.org/ligand/NAG "show residue info") (N-acetyl-
β-D-glucosamine; 2-acetamido-2-deoxy-β-D-glucose; 2-acetamido-2-deoxy-D-
glucose; 2-acetamido-2-deoxy-glucose; N-acetyl-D-glucosamine)  
  

INFO:
Executing: torsion /S:4@C2 /S:4@C1 /S:3@O4 /S:3@C4
INFO:
Torsion angle for atoms /S MAN 4 C2 C1 MAN 3 O4 C4 is -110.207°
INFO:
Executing: torsion /S:4@C1 /S:3@O4 /S:3@C4 /S:3@C5
INFO:
Torsion angle for atoms /S MAN 4 C1 MAN 3 O4 C4 C5 is 146.365°
INFO:
Executing: close #1
INFO:
Executing: open ../../../pdbs/2dxr.pdb
INFO:
_2dxr.pdb_ title:  
 **Crystal structure of the complex formed between C-terminal half of bovine
lactoferrin and sorbitol At 2.85 A resolution** [[more info...]](cxcmd:log
metadata #1)  
  

INFO:
Chain information for 2dxr.pdb #1  
---  
Chain | Description | UniProt  
[A](cxcmd:select /A:342-686 "Select chain") |
[lactotransferrin](cxcmd:sequence chain #1/A "Show sequence") |
[TRFL_BOVIN](cxcmd:open P24627 from uniprot "Show annotations")
[342-686](cxcmd:select #1/A:342-686 "Select sequence")  
  

INFO:
Non-standard residues in 2dxr.pdb #1  
---  
[CO3](cxcmd:sel :CO3 "select residue") — [carbonate
ion](http://www.rcsb.org/ligand/CO3 "show residue info")  
[FE](cxcmd:sel :FE "select residue") — [Fe (III)
ion](http://www.rcsb.org/ligand/FE "show residue info")  
[MAN](cxcmd:sel :MAN "select residue") — [α-D-
mannopyranose](http://www.rcsb.org/ligand/MAN "show residue info") (α-D-
mannose; D-mannose; mannose)  
[NAG](cxcmd:sel :NAG "select residue") — [2-acetamido-2-deoxy-β-D-
glucopyranose](http://www.rcsb.org/ligand/NAG "show residue info") (N-acetyl-
β-D-glucosamine; 2-acetamido-2-deoxy-β-D-glucose; 2-acetamido-2-deoxy-D-
glucose; 2-acetamido-2-deoxy-glucose; N-acetyl-D-glucosamine)  
[SO4](cxcmd:sel :SO4 "select residue") — [sulfate
ion](http://www.rcsb.org/ligand/SO4 "show residue info")  
[SOR](cxcmd:sel :SOR "select residue") —
[sorbitol](http://www.rcsb.org/ligand/SOR "show residue info") (D-sorbitol;
D-glucitol)  
[ZN](cxcmd:sel :ZN "select residue") — [zinc
ion](http://www.rcsb.org/ligand/ZN "show residue info")  
  

INFO:
Executing: torsion /D:6@C2 /D:6@C1 /D:5@O4 /D:5@C4
INFO:
Torsion angle for atoms /D MAN 6 C2 C1 MAN 5 O4 C4 is 11.0849°
INFO:
Executing: torsion /D:6@C1 /D:5@O4 /D:5@C4 /D:5@C5
INFO:
Torsion angle for atoms /D MAN 6 C1 MAN 5 O4 C4 C5 is -118.858°
INFO:
Executing: close #1
INFO:
Executing: open ../../../pdbs/2dxr.pdb
INFO:
_2dxr.pdb_ title:  
 **Crystal structure of the complex formed between C-terminal half of bovine
lactoferrin and sorbitol At 2.85 A resolution** [[more info...]](cxcmd:log
metadata #1)  
  

INFO:
Chain information for 2dxr.pdb #1  
---  
Chain | Description | UniProt  
[A](cxcmd:select /A:342-686 "Select chain") |
[lactotransferrin](cxcmd:sequence chain #1/A "Show sequence") |
[TRFL_BOVIN](cxcmd:open P24627 from uniprot "Show annotations")
[342-686](cxcmd:select #1/A:342-686 "Select sequence")  
  

INFO:
Non-standard residues in 2dxr.pdb #1  
---  
[CO3](cxcmd:sel :CO3 "select residue") — [carbonate
ion](http://www.rcsb.org/ligand/CO3 "show residue info")  
[FE](cxcmd:sel :FE "select residue") — [Fe (III)
ion](http://www.rcsb.org/ligand/FE "show residue info")  
[MAN](cxcmd:sel :MAN "select residue") — [α-D-
mannopyranose](http://www.rcsb.org/ligand/MAN "show residue info") (α-D-
mannose; D-mannose; mannose)  
[NAG](cxcmd:sel :NAG "select residue") — [2-acetamido-2-deoxy-β-D-
glucopyranose](http://www.rcsb.org/ligand/NAG "show residue info") (N-acetyl-
β-D-glucosamine; 2-acetamido-2-deoxy-β-D-glucose; 2-acetamido-2-deoxy-D-
glucose; 2-acetamido-2-deoxy-glucose; N-acetyl-D-glucosamine)  
[SO4](cxcmd:sel :SO4 "select residue") — [sulfate
ion](http://www.rcsb.org/ligand/SO4 "show residue info")  
[SOR](cxcmd:sel :SOR "select residue") —
[sorbitol](http://www.rcsb.org/ligand/SOR "show residue info") (D-sorbitol;
D-glucitol)  
[ZN](cxcmd:sel :ZN "select residue") — [zinc
ion](http://www.rcsb.org/ligand/ZN "show residue info")  
  

INFO:
Executing: torsion /D:5@C2 /D:5@C1 /D:4@O4 /D:4@C4
INFO:
Torsion angle for atoms /D MAN 5 C2 C1 MAN 4 O4 C4 is -51.9118°
INFO:
Executing: torsion /D:5@C1 /D:4@O4 /D:4@C4 /D:4@C5
INFO:
Torsion angle for atoms /D MAN 5 C1 MAN 4 O4 C4 C5 is -110.632°
INFO:
Executing: close #1
INFO:
Executing: open ../../../pdbs/2dxr.pdb
INFO:
_2dxr.pdb_ title:  
 **Crystal structure of the complex formed between C-terminal half of bovine
lactoferrin and sorbitol At 2.85 A resolution** [[more info...]](cxcmd:log
metadata #1)  
  

INFO:
Chain information for 2dxr.pdb #1  
---  
Chain | Description | UniProt  
[A](cxcmd:select /A:342-686 "Select chain") |
[lactotransferrin](cxcmd:sequence chain #1/A "Show sequence") |
[TRFL_BOVIN](cxcmd:open P24627 from uniprot "Show annotations")
[342-686](cxcmd:select #1/A:342-686 "Select sequence")  
  

INFO:
Non-standard residues in 2dxr.pdb #1  
---  
[CO3](cxcmd:sel :CO3 "select residue") — [carbonate
ion](http://www.rcsb.org/ligand/CO3 "show residue info")  
[FE](cxcmd:sel :FE "select residue") — [Fe (III)
ion](http://www.rcsb.org/ligand/FE "show residue info")  
[MAN](cxcmd:sel :MAN "select residue") — [α-D-
mannopyranose](http://www.rcsb.org/ligand/MAN "show residue info") (α-D-
mannose; D-mannose; mannose)  
[NAG](cxcmd:sel :NAG "select residue") — [2-acetamido-2-deoxy-β-D-
glucopyranose](http://www.rcsb.org/ligand/NAG "show residue info") (N-acetyl-
β-D-glucosamine; 2-acetamido-2-deoxy-β-D-glucose; 2-acetamido-2-deoxy-D-
glucose; 2-acetamido-2-deoxy-glucose; N-acetyl-D-glucosamine)  
[SO4](cxcmd:sel :SO4 "select residue") — [sulfate
ion](http://www.rcsb.org/ligand/SO4 "show residue info")  
[SOR](cxcmd:sel :SOR "select residue") —
[sorbitol](http://www.rcsb.org/ligand/SOR "show residue info") (D-sorbitol;
D-glucitol)  
[ZN](cxcmd:sel :ZN "select residue") — [zinc
ion](http://www.rcsb.org/ligand/ZN "show residue info")  
  

INFO:
Executing: torsion /D:4@C2 /D:4@C1 /D:3@O4 /D:3@C4
INFO:
Torsion angle for atoms /D MAN 4 C2 C1 MAN 3 O4 C4 is -76.8221°
INFO:
Executing: torsion /D:4@C1 /D:3@O4 /D:3@C4 /D:3@C5
INFO:
Torsion angle for atoms /D MAN 4 C1 MAN 3 O4 C4 C5 is 92.7427°
INFO:
Executing: close #1
INFO:
Executing: open ../../../pdbs/5f1a.pdb
INFO:
_5f1a.pdb_ title:  
 **The crystal structure of salicylate bound to human cyclooxygenase-2**
[[more info...]](cxcmd:log metadata #1)  
  

INFO:
Chain information for 5f1a.pdb #1  
---  
Chain | Description | UniProt  
[A](cxcmd:select /A:33-584 "Select chain") [B](cxcmd:select /B:33-583 "Select
chain") | [prostaglandin G/H synthase 2](cxcmd:sequence chain #1/A#1/B "Show
sequence") | [PGH2_HUMAN](cxcmd:open P35354 from uniprot "Show annotations")
[34-584](cxcmd:select #1/A,B:34-584 "Select sequence")  
  

INFO:
Non-standard residues in 5f1a.pdb #1  
---  
[AKR](cxcmd:sel :AKR "select residue") — [acrylic
acid](http://www.rcsb.org/ligand/AKR "show residue info")  
[BOG](cxcmd:sel :BOG "select residue") — [octyl β-D-
glucopyranoside](http://www.rcsb.org/ligand/BOG "show residue info")  
[COH](cxcmd:sel :COH "select residue") — [protoporphyrin IX containing
Co](http://www.rcsb.org/ligand/COH "show residue info")  
[EDO](cxcmd:sel :EDO "select residue") —
[1,2-ethanediol](http://www.rcsb.org/ligand/EDO "show residue info") (ethylene
glycol)  
[MAN](cxcmd:sel :MAN "select residue") — [α-D-
mannopyranose](http://www.rcsb.org/ligand/MAN "show residue info")  
[NAG](cxcmd:sel :NAG "select residue") — [2-acetamido-2-deoxy-β-D-
glucopyranose](http://www.rcsb.org/ligand/NAG "show residue info")  
[SAL](cxcmd:sel :SAL "select residue") — [2-hydroxybenzoic
acid](http://www.rcsb.org/ligand/SAL "show residue info") (salicylic acid)  
  

INFO:
Executing: torsion /C:4@C2 /C:4@C1 /C:3@O4 /C:3@C4
INFO:
Torsion angle for atoms /C MAN 4 C2 C1 MAN 3 O4 C4 is -92.2394°
INFO:
Executing: torsion /C:4@C1 /C:3@O4 /C:3@C4 /C:3@C5
INFO:
Torsion angle for atoms /C MAN 4 C1 MAN 3 O4 C4 C5 is -72.4029°
INFO:
Executing: close #1
INFO:
Executing: open ../../../pdbs/2alu.pdb
INFO:
_2alu.pdb_ title:  
 **Detection of new binding site In the C-terminal lobe of lactoferrin:crystal
structure of the complex formed between bovine lactoferrin and A
tetrasaccharide At 2.1A resolution** [[more info...]](cxcmd:log metadata #1)  
  

INFO:
Chain information for 2alu.pdb #1  
---  
Chain | Description | UniProt  
[A](cxcmd:select /A:342-685 "Select chain") |
[lactotransferrin](cxcmd:sequence chain #1/A "Show sequence") |
[TRFL_BOVIN](cxcmd:open P24627 from uniprot "Show annotations")
[342-689](cxcmd:select #1/A:342-689 "Select sequence")  
  

INFO:
Non-standard residues in 2alu.pdb #1  
---  
[BMA](cxcmd:sel :BMA "select residue") — [β-D-
mannopyranose](http://www.rcsb.org/ligand/BMA "show residue info")  
[CO3](cxcmd:sel :CO3 "select residue") — [carbonate
ion](http://www.rcsb.org/ligand/CO3 "show residue info")  
[FE](cxcmd:sel :FE "select residue") — [Fe (III)
ion](http://www.rcsb.org/ligand/FE "show residue info")  
[MAN](cxcmd:sel :MAN "select residue") — [α-D-
mannopyranose](http://www.rcsb.org/ligand/MAN "show residue info")  
[NAG](cxcmd:sel :NAG "select residue") — [2-acetamido-2-deoxy-β-D-
glucopyranose](http://www.rcsb.org/ligand/NAG "show residue info")  
[NDG](cxcmd:sel :NDG "select residue") — [2-acetamido-2-deoxy-α-D-
glucopyranose](http://www.rcsb.org/ligand/NDG "show residue info")  
[SO4](cxcmd:sel :SO4 "select residue") — [sulfate
ion](http://www.rcsb.org/ligand/SO4 "show residue info")  
[ZN](cxcmd:sel :ZN "select residue") — [zinc
ion](http://www.rcsb.org/ligand/ZN "show residue info")  
  

INFO:
Executing: torsion /C:6@C2 /C:6@C1 /C:5@O4 /C:5@C4
INFO:
Torsion angle for atoms /C MAN 6 C2 C1 MAN 5 O4 C4 is -106.271°
INFO:
Executing: torsion /C:6@C1 /C:5@O4 /C:5@C4 /C:5@C5
INFO:
Torsion angle for atoms /C MAN 6 C1 MAN 5 O4 C4 C5 is -2.62934°
INFO:
Executing: close #1
INFO:
Executing: open ../../../pdbs/2alu.pdb
INFO:
_2alu.pdb_ title:  
 **Detection of new binding site In the C-terminal lobe of lactoferrin:crystal
structure of the complex formed between bovine lactoferrin and A
tetrasaccharide At 2.1A resolution** [[more info...]](cxcmd:log metadata #1)  
  

INFO:
Chain information for 2alu.pdb #1  
---  
Chain | Description | UniProt  
[A](cxcmd:select /A:342-685 "Select chain") |
[lactotransferrin](cxcmd:sequence chain #1/A "Show sequence") |
[TRFL_BOVIN](cxcmd:open P24627 from uniprot "Show annotations")
[342-689](cxcmd:select #1/A:342-689 "Select sequence")  
  

INFO:
Non-standard residues in 2alu.pdb #1  
---  
[BMA](cxcmd:sel :BMA "select residue") — [β-D-
mannopyranose](http://www.rcsb.org/ligand/BMA "show residue info")  
[CO3](cxcmd:sel :CO3 "select residue") — [carbonate
ion](http://www.rcsb.org/ligand/CO3 "show residue info")  
[FE](cxcmd:sel :FE "select residue") — [Fe (III)
ion](http://www.rcsb.org/ligand/FE "show residue info")  
[MAN](cxcmd:sel :MAN "select residue") — [α-D-
mannopyranose](http://www.rcsb.org/ligand/MAN "show residue info")  
[NAG](cxcmd:sel :NAG "select residue") — [2-acetamido-2-deoxy-β-D-
glucopyranose](http://www.rcsb.org/ligand/NAG "show residue info")  
[NDG](cxcmd:sel :NDG "select residue") — [2-acetamido-2-deoxy-α-D-
glucopyranose](http://www.rcsb.org/ligand/NDG "show residue info")  
[SO4](cxcmd:sel :SO4 "select residue") — [sulfate
ion](http://www.rcsb.org/ligand/SO4 "show residue info")  
[ZN](cxcmd:sel :ZN "select residue") — [zinc
ion](http://www.rcsb.org/ligand/ZN "show residue info")  
  

INFO:
Executing: torsion /C:5@C2 /C:5@C1 /C:4@O4 /C:4@C4
INFO:
Torsion angle for atoms /C MAN 5 C2 C1 MAN 4 O4 C4 is -170.777°
INFO:
Executing: torsion /C:5@C1 /C:4@O4 /C:4@C4 /C:4@C5
INFO:
Torsion angle for atoms /C MAN 5 C1 MAN 4 O4 C4 C5 is 104.782°
INFO:
Executing: close #1
INFO:
Executing: open ../../../pdbs/2dsw.pdb
INFO:
_2dsw.pdb_ title:  
 **Binding of chitin-like polysaccharides to protective signalling factor:
crystal structure of the complex of signalling protein from sheep (SPS-40)
with A pentasaccharide At 2.8 A resolution** [[more info...]](cxcmd:log
metadata #1)  
  

INFO:
Chain information for 2dsw.pdb #1  
---  
Chain | Description | UniProt  
[A](cxcmd:select /A:1-362 "Select chain") | [chitinase-3-like protein
1](cxcmd:sequence chain #1/A "Show sequence") | [CH3L1_SHEEP](cxcmd:open
Q6TMG6 from uniprot "Show annotations") [1-362](cxcmd:select #1/A:1-362
"Select sequence")  
  

INFO:
Non-standard residues in 2dsw.pdb #1  
---  
[MAN](cxcmd:sel :MAN "select residue") — [α-D-
mannopyranose](http://www.rcsb.org/ligand/MAN "show residue info") (α-D-
mannose; D-mannose; mannose)  
[NAG](cxcmd:sel :NAG "select residue") — [2-acetamido-2-deoxy-β-D-
glucopyranose](http://www.rcsb.org/ligand/NAG "show residue info") (N-acetyl-
β-D-glucosamine; 2-acetamido-2-deoxy-β-D-glucose; 2-acetamido-2-deoxy-D-
glucose; 2-acetamido-2-deoxy-glucose; N-acetyl-D-glucosamine)  
  

INFO:
Executing: torsion /B:4@C2 /B:4@C1 /B:3@O4 /B:3@C4
INFO:
Torsion angle for atoms /B MAN 4 C2 C1 MAN 3 O4 C4 is -128.405°
INFO:
Executing: torsion /B:4@C1 /B:3@O4 /B:3@C4 /B:3@C5
INFO:
Torsion angle for atoms /B MAN 4 C1 MAN 3 O4 C4 C5 is 88.0941°
INFO:
Executing: close #1
INFO:
Executing: open ../../../pdbs/5k1v.pdb
INFO:
_5k1v.pdb_ title:  
 **Crystal structure of endoplasmic reticulum aminopeptidase 2 (ERAP2) In
complex with A diaminobenzoic acid derivative ligand.**
[[more info...]](cxcmd:log metadata #1)  
  

INFO:
Chain information for 5k1v.pdb #1  
---  
Chain | Description | UniProt  
[A](cxcmd:select /A:54-964 "Select chain") [B](cxcmd:select /B:54-960 "Select
chain") | [endoplasmic reticulum aminopeptidase 2](cxcmd:sequence chain
#1/A#1/B "Show sequence") | [ERAP2_HUMAN](cxcmd:open Q6P179 from uniprot "Show
annotations") [1-960](cxcmd:select #1/A,B:1-960 "Select sequence")  
  

INFO:
Non-standard residues in 5k1v.pdb #1  
---  
[6PX](cxcmd:sel :6PX "select residue") — [methyl
N-[4-amino-3-(L-arginylamino)benzene-1-carbonyl]-L-tyrosinate](http://www.rcsb.org/ligand/6PX
"show residue info")  
[MAN](cxcmd:sel :MAN "select residue") — [α-D-
mannopyranose](http://www.rcsb.org/ligand/MAN "show residue info") (α-D-
mannose; D-mannose; mannose)  
[NAG](cxcmd:sel :NAG "select residue") — [2-acetamido-2-deoxy-β-D-
glucopyranose](http://www.rcsb.org/ligand/NAG "show residue info") (N-acetyl-
β-D-glucosamine; 2-acetamido-2-deoxy-β-D-glucose; 2-acetamido-2-deoxy-D-
glucose; 2-acetamido-2-deoxy-glucose; N-acetyl-D-glucosamine)  
[ZN](cxcmd:sel :ZN "select residue") — [zinc
ion](http://www.rcsb.org/ligand/ZN "show residue info")  
  

INFO:
Executing: torsion /E:4@C2 /E:4@C1 /E:3@O4 /E:3@C4
INFO:
Torsion angle for atoms /E MAN 4 C2 C1 MAN 3 O4 C4 is -179.735°
INFO:
Executing: torsion /E:4@C1 /E:3@O4 /E:3@C4 /E:3@C5
INFO:
Torsion angle for atoms /E MAN 4 C1 MAN 3 O4 C4 C5 is 61.0771°
INFO:
Executing: close #1
INFO:
Executing: open ../../../pdbs/2o1l.pdb
INFO:
_2o1l.pdb_ title:  
 **Structure of A complex of C-terminal lobe of bovine lactoferrin with
disaccharide At 1.97 A resolution** [[more info...]](cxcmd:log metadata #1)  
  

INFO:
Chain information for 2o1l.pdb #1  
---  
Chain | Description | UniProt  
[A](cxcmd:select /A:342-686 "Select chain") | [lactoferrin](cxcmd:sequence
chain #1/A "Show sequence") | [TRFL_BOVIN](cxcmd:open P24627 from uniprot
"Show annotations") [342-686](cxcmd:select #1/A:342-686 "Select sequence")  
  

INFO:
Non-standard residues in 2o1l.pdb #1  
---  
[CO3](cxcmd:sel :CO3 "select residue") — [carbonate
ion](http://www.rcsb.org/ligand/CO3 "show residue info")  
[FE](cxcmd:sel :FE "select residue") — [Fe (III)
ion](http://www.rcsb.org/ligand/FE "show residue info")  
[MAN](cxcmd:sel :MAN "select residue") — [α-D-
mannopyranose](http://www.rcsb.org/ligand/MAN "show residue info") (α-D-
mannose; D-mannose; mannose)  
[NAG](cxcmd:sel :NAG "select residue") — [2-acetamido-2-deoxy-β-D-
glucopyranose](http://www.rcsb.org/ligand/NAG "show residue info") (N-acetyl-
β-D-glucosamine; 2-acetamido-2-deoxy-β-D-glucose; 2-acetamido-2-deoxy-D-
glucose; 2-acetamido-2-deoxy-glucose; N-acetyl-D-glucosamine)  
[SO4](cxcmd:sel :SO4 "select residue") — [sulfate
ion](http://www.rcsb.org/ligand/SO4 "show residue info")  
[ZN](cxcmd:sel :ZN "select residue") — [zinc
ion](http://www.rcsb.org/ligand/ZN "show residue info")  
  

INFO:
Executing: torsion /D:4@C2 /D:4@C1 /D:3@O4 /D:3@C4
INFO:
Torsion angle for atoms /D MAN 4 C2 C1 MAN 3 O4 C4 is 44.9051°
INFO:
Executing: torsion /D:4@C1 /D:3@O4 /D:3@C4 /D:3@C5
INFO:
Torsion angle for atoms /D MAN 4 C1 MAN 3 O4 C4 C5 is -4.68912°
INFO:
Executing: close #1
INFO:
Executing: open ../../../pdbs/6jk8.pdb
INFO:
_6jk8.pdb_ title:  
 **Cryo-em structure of the full-length human igf-1R In complex with insulin**
[[more info...]](cxcmd:log metadata #1)  
  

INFO:
Chain information for 6jk8.pdb #1  
---  
Chain | Description | UniProt  
[A](cxcmd:select /A:31-931 "Select chain") [B](cxcmd:select /B:31-928 "Select
chain") | [insulin-like growth factor 1 receptor](cxcmd:sequence chain
#1/A#1/B "Show sequence") | [IGF1R_HUMAN](cxcmd:open P08069 from uniprot "Show
annotations") [1-1368](cxcmd:select #1/A,B:1-1368 "Select sequence")  
[C](cxcmd:select /C:1-21 "Select chain") [D](cxcmd:select /D:3-27 "Select
chain") | [insulin](cxcmd:sequence chain #1/C#1/D "Show sequence") |
[INS_HUMAN](cxcmd:open P01308 from uniprot "Show annotations")
[-88-21](cxcmd:select #1/C,D:-88-21 "Select sequence") [-23-86](cxcmd:select
#1/C,D:-23-86 "Select sequence")  
  

INFO:
Non-standard residues in 6jk8.pdb #1  
---  
[MAN](cxcmd:sel :MAN "select residue") — [α-D-
mannopyranose](http://www.rcsb.org/ligand/MAN "show residue info")  
[NAG](cxcmd:sel :NAG "select residue") — [2-acetamido-2-deoxy-β-D-
glucopyranose](http://www.rcsb.org/ligand/NAG "show residue info")  
  

INFO:
Executing: torsion /F:4@C2 /F:4@C1 /F:3@O4 /F:3@C4
INFO:
Torsion angle for atoms /F MAN 4 C2 C1 MAN 3 O4 C4 is -129.289°
INFO:
Executing: torsion /F:4@C1 /F:3@O4 /F:3@C4 /F:3@C5
INFO:
Torsion angle for atoms /F MAN 4 C1 MAN 3 O4 C4 C5 is -127.472°
INFO:
Executing: close #1
INFO:
Executing: open ../../../pdbs/4jbs.pdb
INFO:
_4jbs.pdb_ title:  
 **Crystal structure of the human endoplasmic reticulum aminopeptidase 2 In
complex with phosphinic pseudotripeptide inhibitor.**
[[more info...]](cxcmd:log metadata #1)  
  

INFO:
Chain information for 4jbs.pdb #1  
---  
Chain | Description | UniProt  
[A](cxcmd:select /A:54-961 "Select chain") [B](cxcmd:select /B:55-961 "Select
chain") | [endoplasmic reticulum aminopeptidase 2](cxcmd:sequence chain
#1/A#1/B "Show sequence") | [ERAP2_HUMAN](cxcmd:open Q6P179 from uniprot "Show
annotations") [3-960](cxcmd:select #1/A,B:3-960 "Select sequence")  
  

INFO:
Non-standard residues in 4jbs.pdb #1  
---  
[IMD](cxcmd:sel :IMD "select residue") —
[imidazole](http://www.rcsb.org/ligand/IMD "show residue info")  
[MAN](cxcmd:sel :MAN "select residue") — [α-D-
mannopyranose](http://www.rcsb.org/ligand/MAN "show residue info") (α-D-
mannose; D-mannose; mannose)  
[NAG](cxcmd:sel :NAG "select residue") — [2-acetamido-2-deoxy-β-D-
glucopyranose](http://www.rcsb.org/ligand/NAG "show residue info") (N-acetyl-
β-D-glucosamine; 2-acetamido-2-deoxy-β-D-glucose; 2-acetamido-2-deoxy-D-
glucose; 2-acetamido-2-deoxy-glucose; N-acetyl-D-glucosamine)  
[P52](cxcmd:sel :P52 "select residue") —
[nalpha-[(2S)-2-{[[(1R)-1-amino-3-phenylpropyl](hydroxy)phosphoryl]methyl}-4-methylpentanoyl]-L-tryptophanamide](http://www.rcsb.org/ligand/P52
"show residue info")  
[ZN](cxcmd:sel :ZN "select residue") — [zinc
ion](http://www.rcsb.org/ligand/ZN "show residue info")  
  

INFO:
Executing: torsion /E:4@C2 /E:4@C1 /E:3@O4 /E:3@C4
INFO:
Torsion angle for atoms /E MAN 4 C2 C1 MAN 3 O4 C4 is -87.7653°
INFO:
Executing: torsion /E:4@C1 /E:3@O4 /E:3@C4 /E:3@C5
INFO:
Torsion angle for atoms /E MAN 4 C1 MAN 3 O4 C4 C5 is -174.033°
INFO:
Executing: close #1
INFO:
Executing: open ../../../pdbs/4dw7.pdb
INFO:
_4dw7.pdb_ title:  
 **Crystal structure of an active-site mutant of the glycoprotein ERNS from
the pestivirus BVDV-1 In complex with A cpu dinucleotide**
[[more info...]](cxcmd:log metadata #1)  
  

INFO:
Chain information for 4dw7.pdb #1  
---  
Chain | Description | UniProt  
[A](cxcmd:select /A:2-160 "Select chain") [B](cxcmd:select /B:2-159 "Select
chain") | [GP44/48](cxcmd:sequence chain #1/A#1/B "Show sequence") |
[POLG_BVDVC](cxcmd:open Q96662 from uniprot "Show annotations")
[3-167](cxcmd:select #1/A,B:3-167 "Select sequence")  
[H](cxcmd:select /H:1111-1112 "Select chain") [I](cxcmd:select /I:213-214
"Select chain") | [5&#x27;-R(*CP*U)-3&#x27;](cxcmd:sequence chain #1/H#1/I
"Show sequence") |  
  

INFO:
Non-standard residues in 4dw7.pdb #1  
---  
[BMA](cxcmd:sel :BMA "select residue") — [β-D-
mannopyranose](http://www.rcsb.org/ligand/BMA "show residue info") (β-D-
mannose; D-mannose; mannose)  
[MAN](cxcmd:sel :MAN "select residue") — [α-D-
mannopyranose](http://www.rcsb.org/ligand/MAN "show residue info") (α-D-
mannose; D-mannose; mannose)  
[NAG](cxcmd:sel :NAG "select residue") — [2-acetamido-2-deoxy-β-D-
glucopyranose](http://www.rcsb.org/ligand/NAG "show residue info") (N-acetyl-
β-D-glucosamine; 2-acetamido-2-deoxy-β-D-glucose; 2-acetamido-2-deoxy-D-
glucose; 2-acetamido-2-deoxy-glucose; N-acetyl-D-glucosamine)  
[SO4](cxcmd:sel :SO4 "select residue") — [sulfate
ion](http://www.rcsb.org/ligand/SO4 "show residue info")  
  

INFO:
Executing: torsion /E:7@C2 /E:7@C1 /E:6@O4 /E:6@C4
INFO:
Torsion angle for atoms /E MAN 7 C2 C1 MAN 6 O4 C4 is -134.202°
INFO:
Executing: torsion /E:7@C1 /E:6@O4 /E:6@C4 /E:6@C5
INFO:
Torsion angle for atoms /E MAN 7 C1 MAN 6 O4 C4 C5 is -177.723°
INFO:
Executing: close #1
INFO:
Executing: open ../../../pdbs/5cu5.pdb
INFO:
_5cu5.pdb_ title:  
 **Crystal structure of ERAP2 without catalytic Zn(II) atom**
[[more info...]](cxcmd:log metadata #1)  
  

INFO:
Chain information for 5cu5.pdb #1  
---  
Chain | Description | UniProt  
[A](cxcmd:select /A:54-961 "Select chain") [B](cxcmd:select /B:55-961 "Select
chain") | [endoplasmic reticulum aminopeptidase 2](cxcmd:sequence chain
#1/A#1/B "Show sequence") | [ERAP2_HUMAN](cxcmd:open Q6P179 from uniprot "Show
annotations") [1-960](cxcmd:select #1/A,B:1-960 "Select sequence")  
  

INFO:
Non-standard residues in 5cu5.pdb #1  
---  
[MAN](cxcmd:sel :MAN "select residue") — [α-D-
mannopyranose](http://www.rcsb.org/ligand/MAN "show residue info") (α-D-
mannose; D-mannose; mannose)  
[NAG](cxcmd:sel :NAG "select residue") — [2-acetamido-2-deoxy-β-D-
glucopyranose](http://www.rcsb.org/ligand/NAG "show residue info") (N-acetyl-
β-D-glucosamine; 2-acetamido-2-deoxy-β-D-glucose; 2-acetamido-2-deoxy-D-
glucose; 2-acetamido-2-deoxy-glucose; N-acetyl-D-glucosamine)  
  

INFO:
Executing: torsion /E:4@C2 /E:4@C1 /E:3@O4 /E:3@C4
INFO:
Torsion angle for atoms /E MAN 4 C2 C1 MAN 3 O4 C4 is 107.1°
INFO:
Executing: torsion /E:4@C1 /E:3@O4 /E:3@C4 /E:3@C5
INFO:
Torsion angle for atoms /E MAN 4 C1 MAN 3 O4 C4 C5 is 141.327°
INFO:
Executing: close #1
INFO:
Executing: open ../../../pdbs/6djp.pdb
INFO:
_6djp.pdb_ title:  
 **Integrin α-V β-8 In complex with the fabs 8B8 and 68**
[[more info...]](cxcmd:log metadata #1)  
  

INFO:
Chain information for 6djp.pdb #1  
---  
Chain | Description | UniProt  
[A](cxcmd:select /A:1-593 "Select chain") | [integrin α-V](cxcmd:sequence
chain #1/A "Show sequence") | [ITAV_HUMAN](cxcmd:open P06756 from uniprot
"Show annotations") [1-965](cxcmd:select #1/A:1-965 "Select sequence")  
[B](cxcmd:select /B:57-425 "Select chain") | [integrin β-8](cxcmd:sequence
chain #1/B "Show sequence") | [ITB8_HUMAN](cxcmd:open P26012 from uniprot
"Show annotations") [1-639](cxcmd:select #1/B:1-639 "Select sequence")  
[C](cxcmd:select /C:1-117 "Select chain") | [8B8 heavy chain
fab](cxcmd:sequence chain #1/C "Show sequence") |  
[D](cxcmd:select /D:1-107 "Select chain") | [8B8 light chain
fab](cxcmd:sequence chain #1/D "Show sequence") |  
[E](cxcmd:select /E:1-115 "Select chain") | [68 heavy chain
fab](cxcmd:sequence chain #1/E "Show sequence") |  
[F](cxcmd:select /F:1-108 "Select chain") | [68 light chain
fab](cxcmd:sequence chain #1/F "Show sequence") |  
  

INFO:
Non-standard residues in 6djp.pdb #1  
---  
[BMA](cxcmd:sel :BMA "select residue") — [β-D-
mannopyranose](http://www.rcsb.org/ligand/BMA "show residue info")  
[MAN](cxcmd:sel :MAN "select residue") — [α-D-
mannopyranose](http://www.rcsb.org/ligand/MAN "show residue info")  
[NAG](cxcmd:sel :NAG "select residue") — [2-acetamido-2-deoxy-β-D-
glucopyranose](http://www.rcsb.org/ligand/NAG "show residue info")  
  

INFO:
Executing: torsion /I:5@C2 /I:5@C1 /I:4@O4 /I:4@C4
INFO:
Torsion angle for atoms /I MAN 5 C2 C1 MAN 4 O4 C4 is -124.73°
INFO:
Executing: torsion /I:5@C1 /I:4@O4 /I:4@C4 /I:4@C5
INFO:
Torsion angle for atoms /I MAN 5 C1 MAN 4 O4 C4 C5 is -96.7245°
INFO:
Executing: close #1
INFO:
Executing: open ../../../pdbs/4pfw.pdb
INFO:
_4pfw.pdb_ title:  
 **Crystal structure of mannohexaose bound oligopeptide abc transporter,
periplasmic oligopeptide-binding protein (TM1226) from thermotoga maritima At
2.2 A resolution** [[more info...]](cxcmd:log metadata #1)  
  

INFO:
Chain information for 4pfw.pdb #1  
---  
Chain | Description | UniProt  
[A](cxcmd:select /A:21-560 "Select chain") [B](cxcmd:select /B:21-560 "Select
chain") | [abc transporter substrate-binding protein](cxcmd:sequence chain
#1/A#1/B "Show sequence") | [G4FEC0_THEMA](cxcmd:open G4FEC0 from uniprot
"Show annotations") [21-560](cxcmd:select #1/A,B:21-560 "Select sequence")  
  

INFO:
Non-standard residues in 4pfw.pdb #1  
---  
[BMA](cxcmd:sel :BMA "select residue") — [β-D-
mannopyranose](http://www.rcsb.org/ligand/BMA "show residue info") (β-D-
mannose; D-mannose; mannose)  
[GOL](cxcmd:sel :GOL "select residue") —
[glycerol](http://www.rcsb.org/ligand/GOL "show residue info") (glycerin;
propane-1,2,3-triol)  
[MAN](cxcmd:sel :MAN "select residue") — [α-D-
mannopyranose](http://www.rcsb.org/ligand/MAN "show residue info") (α-D-
mannose; D-mannose; mannose)  
[MG](cxcmd:sel :MG "select residue") — [magnesium
ion](http://www.rcsb.org/ligand/MG "show residue info")  
[SO4](cxcmd:sel :SO4 "select residue") — [sulfate
ion](http://www.rcsb.org/ligand/SO4 "show residue info")  
  

INFO:
Executing: torsion /C:2@C2 /C:2@C1 /C:1@O4 /C:1@C4
INFO:
Torsion angle for atoms /C MAN 2 C2 C1 MAN 1 O4 C4 is 104.874°
INFO:
Executing: torsion /C:2@C1 /C:1@O4 /C:1@C4 /C:1@C5
INFO:
Torsion angle for atoms /C MAN 2 C1 MAN 1 O4 C4 C5 is -135.429°
INFO:
Executing: close #1
INFO:
Executing: open ../../../pdbs/4pfw.pdb
INFO:
_4pfw.pdb_ title:  
 **Crystal structure of mannohexaose bound oligopeptide abc transporter,
periplasmic oligopeptide-binding protein (TM1226) from thermotoga maritima At
2.2 A resolution** [[more info...]](cxcmd:log metadata #1)  
  

INFO:
Chain information for 4pfw.pdb #1  
---  
Chain | Description | UniProt  
[A](cxcmd:select /A:21-560 "Select chain") [B](cxcmd:select /B:21-560 "Select
chain") | [abc transporter substrate-binding protein](cxcmd:sequence chain
#1/A#1/B "Show sequence") | [G4FEC0_THEMA](cxcmd:open G4FEC0 from uniprot
"Show annotations") [21-560](cxcmd:select #1/A,B:21-560 "Select sequence")  
  

INFO:
Non-standard residues in 4pfw.pdb #1  
---  
[BMA](cxcmd:sel :BMA "select residue") — [β-D-
mannopyranose](http://www.rcsb.org/ligand/BMA "show residue info") (β-D-
mannose; D-mannose; mannose)  
[GOL](cxcmd:sel :GOL "select residue") —
[glycerol](http://www.rcsb.org/ligand/GOL "show residue info") (glycerin;
propane-1,2,3-triol)  
[MAN](cxcmd:sel :MAN "select residue") — [α-D-
mannopyranose](http://www.rcsb.org/ligand/MAN "show residue info") (α-D-
mannose; D-mannose; mannose)  
[MG](cxcmd:sel :MG "select residue") — [magnesium
ion](http://www.rcsb.org/ligand/MG "show residue info")  
[SO4](cxcmd:sel :SO4 "select residue") — [sulfate
ion](http://www.rcsb.org/ligand/SO4 "show residue info")  
  

INFO:
Executing: torsion /D:2@C2 /D:2@C1 /D:1@O4 /D:1@C4
INFO:
Torsion angle for atoms /D MAN 2 C2 C1 MAN 1 O4 C4 is 143.953°
INFO:
Executing: torsion /D:2@C1 /D:1@O4 /D:1@C4 /D:1@C5
INFO:
Torsion angle for atoms /D MAN 2 C1 MAN 1 O4 C4 C5 is -146.258°
INFO:
Executing: close #1
INFO:
Executing: open ../../../pdbs/5k9k.pdb
INFO:
_5k9k.pdb_ title:  
 **Crystal structure of multidonor HV6-1-class broadly neutralizing influenza
A antibody 56.A.09 In complex with hemagglutinin hong kong 1968.**
[[more info...]](cxcmd:log metadata #1)  
  

INFO:
Chain information for 5k9k.pdb #1  
---  
Chain | Description | UniProt  
[A](cxcmd:select /A:1-216 "Select chain") [H](cxcmd:select /H:1-216 "Select
chain") | [56.A.09 heavy chain](cxcmd:sequence chain #1/A#1/H "Show sequence")
|  
[B](cxcmd:select /B:1-214 "Select chain") [L](cxcmd:select /L:1-214 "Select
chain") | [56.A.09 light chain](cxcmd:sequence chain #1/B#1/L "Show sequence")
|  
[F](cxcmd:select /F:4-501 "Select chain") [I](cxcmd:select /I:6-501 "Select
chain") | [hemagglutinin](cxcmd:sequence chain #1/F#1/I "Show sequence") |
[HEMA_I68A4](cxcmd:open Q91MA7 from uniprot "Show annotations")
[1-503](cxcmd:select #1/F,I:1-503 "Select sequence")  
  

INFO:
Non-standard residues in 5k9k.pdb #1  
---  
[BMA](cxcmd:sel :BMA "select residue") — [β-D-
mannopyranose](http://www.rcsb.org/ligand/BMA "show residue info") (β-D-
mannose; D-mannose; mannose)  
[MAN](cxcmd:sel :MAN "select residue") — [α-D-
mannopyranose](http://www.rcsb.org/ligand/MAN "show residue info") (α-D-
mannose; D-mannose; mannose)  
[NAG](cxcmd:sel :NAG "select residue") — [2-acetamido-2-deoxy-β-D-
glucopyranose](http://www.rcsb.org/ligand/NAG "show residue info") (N-acetyl-
β-D-glucosamine; 2-acetamido-2-deoxy-β-D-glucose; 2-acetamido-2-deoxy-D-
glucose; 2-acetamido-2-deoxy-glucose; N-acetyl-D-glucosamine)  
  

INFO:
Executing: torsion /G:5@C2 /G:5@C1 /G:4@O4 /G:4@C4
INFO:
Torsion angle for atoms /G MAN 5 C2 C1 MAN 4 O4 C4 is -80.1441°
INFO:
Executing: torsion /G:5@C1 /G:4@O4 /G:4@C4 /G:4@C5
INFO:
Torsion angle for atoms /G MAN 5 C1 MAN 4 O4 C4 C5 is -71.7075°
INFO:
Executing: close #1
INFO:
Executing: open ../../../pdbs/5k9k.pdb
INFO:
_5k9k.pdb_ title:  
 **Crystal structure of multidonor HV6-1-class broadly neutralizing influenza
A antibody 56.A.09 In complex with hemagglutinin hong kong 1968.**
[[more info...]](cxcmd:log metadata #1)  
  

INFO:
Chain information for 5k9k.pdb #1  
---  
Chain | Description | UniProt  
[A](cxcmd:select /A:1-216 "Select chain") [H](cxcmd:select /H:1-216 "Select
chain") | [56.A.09 heavy chain](cxcmd:sequence chain #1/A#1/H "Show sequence")
|  
[B](cxcmd:select /B:1-214 "Select chain") [L](cxcmd:select /L:1-214 "Select
chain") | [56.A.09 light chain](cxcmd:sequence chain #1/B#1/L "Show sequence")
|  
[F](cxcmd:select /F:4-501 "Select chain") [I](cxcmd:select /I:6-501 "Select
chain") | [hemagglutinin](cxcmd:sequence chain #1/F#1/I "Show sequence") |
[HEMA_I68A4](cxcmd:open Q91MA7 from uniprot "Show annotations")
[1-503](cxcmd:select #1/F,I:1-503 "Select sequence")  
  

INFO:
Non-standard residues in 5k9k.pdb #1  
---  
[BMA](cxcmd:sel :BMA "select residue") — [β-D-
mannopyranose](http://www.rcsb.org/ligand/BMA "show residue info") (β-D-
mannose; D-mannose; mannose)  
[MAN](cxcmd:sel :MAN "select residue") — [α-D-
mannopyranose](http://www.rcsb.org/ligand/MAN "show residue info") (α-D-
mannose; D-mannose; mannose)  
[NAG](cxcmd:sel :NAG "select residue") — [2-acetamido-2-deoxy-β-D-
glucopyranose](http://www.rcsb.org/ligand/NAG "show residue info") (N-acetyl-
β-D-glucosamine; 2-acetamido-2-deoxy-β-D-glucose; 2-acetamido-2-deoxy-D-
glucose; 2-acetamido-2-deoxy-glucose; N-acetyl-D-glucosamine)  
  

INFO:
Executing: torsion /M:5@C2 /M:5@C1 /M:4@O4 /M:4@C4
INFO:
Torsion angle for atoms /M MAN 5 C2 C1 MAN 4 O4 C4 is -146.976°
INFO:
Executing: torsion /M:5@C1 /M:4@O4 /M:4@C4 /M:4@C5
INFO:
Torsion angle for atoms /M MAN 5 C1 MAN 4 O4 C4 C5 is 56.953°
INFO:
Executing: close #1
INFO:
Executing: open ../../../pdbs/1xfd.pdb
INFO:
_1xfd.pdb_ title:  
 **Structure of A human A-type potassium channel accelerating factor DPPX, A
member of the dipeptidyl aminopeptidase family** [[more info...]](cxcmd:log
metadata #1)  
  

INFO:
Chain information for 1xfd.pdb #1  
---  
Chain | Description  
[A](cxcmd:select /A:127-849 "Select chain") [B](cxcmd:select /B:127-849
"Select chain") [C](cxcmd:select /C:127-849 "Select chain") [D](cxcmd:select
/D:127-849 "Select chain") | [dipeptidylpeptidase VI; dipeptidylpeptidase 6;
dipeptidyl peptidase IV LIKE protein; dipeptidyl aminopeptidase-related
protein](cxcmd:sequence chain #1/A#1/B#1/C#1/D "Show sequence")  
  

INFO:
Non-standard residues in 1xfd.pdb #1  
---  
[BMA](cxcmd:sel :BMA "select residue") — [β-D-
mannopyranose](http://www.rcsb.org/ligand/BMA "show residue info") (β-D-
mannose; D-mannose; mannose)  
[MAN](cxcmd:sel :MAN "select residue") — [α-D-
mannopyranose](http://www.rcsb.org/ligand/MAN "show residue info") (α-D-
mannose; D-mannose; mannose)  
[NAG](cxcmd:sel :NAG "select residue") — [2-acetamido-2-deoxy-β-D-
glucopyranose](http://www.rcsb.org/ligand/NAG "show residue info") (N-acetyl-
β-D-glucosamine; 2-acetamido-2-deoxy-β-D-glucose; 2-acetamido-2-deoxy-D-
glucose; 2-acetamido-2-deoxy-glucose; N-acetyl-D-glucosamine)  
[NDG](cxcmd:sel :NDG "select residue") — [2-acetamido-2-deoxy-α-D-
glucopyranose](http://www.rcsb.org/ligand/NDG "show residue info") (N-acetyl-
α-D-glucosamine; 2-acetamido-2-deoxy-α-D-glucose; 2-acetamido-2-deoxy-D-
glucose; 2-acetamido-2-deoxy-glucose; 2-(acetylamino)-2-deoxy-A-D-
glucopyranose)  
  

INFO:
Executing: torsion /X:4@C2 /X:4@C1 /X:3@O4 /X:3@C4
INFO:
Torsion angle for atoms /X MAN 4 C2 C1 MAN 3 O4 C4 is 25.8855°
INFO:
Executing: torsion /X:4@C1 /X:3@O4 /X:3@C4 /X:3@C5
INFO:
Torsion angle for atoms /X MAN 4 C1 MAN 3 O4 C4 C5 is -57.8249°
INFO:
Executing: close #1
INFO:
Executing: open ../../../pdbs/2ays.pdb
INFO:
_2ays.pdb_ title:  
 **A conserved non-metallic binding site In the C-terminal lobe of
lactoferrin: structure of the complex of C-terminal lobe of bovine lactoferrin
with N-acetyl galactosamine At 1.86 A resolution** [[more info...]](cxcmd:log
metadata #1)  
  

INFO:
Chain information for 2ays.pdb #1  
---  
Chain | Description | UniProt  
[A](cxcmd:select /A:342-685 "Select chain") | [lactoferrin](cxcmd:sequence
chain #1/A "Show sequence") | [TRFL_BOVIN](cxcmd:open P24627 from uniprot
"Show annotations") [342-689](cxcmd:select #1/A:342-689 "Select sequence")  
  

INFO:
Non-standard residues in 2ays.pdb #1  
---  
[A2G](cxcmd:sel :A2G "select residue") — [2-acetamido-2-deoxy-α-D-
galactopyranose](http://www.rcsb.org/ligand/A2G "show residue info")
(N-acetyl-α-D-galactosamine; 2-acetamido-2-deoxy-α-D-galactose;
2-acetamido-2-deoxy-D-galactose; 2-acetamido-2-deoxy-galactose;
N-acetyl-2-deoxy-2-amino-galactose)  
[BMA](cxcmd:sel :BMA "select residue") — [β-D-
mannopyranose](http://www.rcsb.org/ligand/BMA "show residue info") (β-D-
mannose; D-mannose; mannose)  
[CO3](cxcmd:sel :CO3 "select residue") — [carbonate
ion](http://www.rcsb.org/ligand/CO3 "show residue info")  
[FE](cxcmd:sel :FE "select residue") — [Fe (III)
ion](http://www.rcsb.org/ligand/FE "show residue info")  
[MAN](cxcmd:sel :MAN "select residue") — [α-D-
mannopyranose](http://www.rcsb.org/ligand/MAN "show residue info") (α-D-
mannose; D-mannose; mannose)  
[NAG](cxcmd:sel :NAG "select residue") — [2-acetamido-2-deoxy-β-D-
glucopyranose](http://www.rcsb.org/ligand/NAG "show residue info") (N-acetyl-
β-D-glucosamine; 2-acetamido-2-deoxy-β-D-glucose; 2-acetamido-2-deoxy-D-
glucose; 2-acetamido-2-deoxy-glucose; N-acetyl-D-glucosamine)  
[SO4](cxcmd:sel :SO4 "select residue") — [sulfate
ion](http://www.rcsb.org/ligand/SO4 "show residue info")  
[ZN](cxcmd:sel :ZN "select residue") — [zinc
ion](http://www.rcsb.org/ligand/ZN "show residue info")  
  

INFO:
Executing: torsion /C:6@C2 /C:6@C1 /C:5@O4 /C:5@C4
INFO:
Torsion angle for atoms /C MAN 6 C2 C1 MAN 5 O4 C4 is -83.6782°
INFO:
Executing: torsion /C:6@C1 /C:5@O4 /C:5@C4 /C:5@C5
INFO:
Torsion angle for atoms /C MAN 6 C1 MAN 5 O4 C4 C5 is -26.2998°
INFO:
Executing: close #1
INFO:
Executing: open ../../../pdbs/2ays.pdb
INFO:
_2ays.pdb_ title:  
 **A conserved non-metallic binding site In the C-terminal lobe of
lactoferrin: structure of the complex of C-terminal lobe of bovine lactoferrin
with N-acetyl galactosamine At 1.86 A resolution** [[more info...]](cxcmd:log
metadata #1)  
  

INFO:
Chain information for 2ays.pdb #1  
---  
Chain | Description | UniProt  
[A](cxcmd:select /A:342-685 "Select chain") | [lactoferrin](cxcmd:sequence
chain #1/A "Show sequence") | [TRFL_BOVIN](cxcmd:open P24627 from uniprot
"Show annotations") [342-689](cxcmd:select #1/A:342-689 "Select sequence")  
  

INFO:
Non-standard residues in 2ays.pdb #1  
---  
[A2G](cxcmd:sel :A2G "select residue") — [2-acetamido-2-deoxy-α-D-
galactopyranose](http://www.rcsb.org/ligand/A2G "show residue info")
(N-acetyl-α-D-galactosamine; 2-acetamido-2-deoxy-α-D-galactose;
2-acetamido-2-deoxy-D-galactose; 2-acetamido-2-deoxy-galactose;
N-acetyl-2-deoxy-2-amino-galactose)  
[BMA](cxcmd:sel :BMA "select residue") — [β-D-
mannopyranose](http://www.rcsb.org/ligand/BMA "show residue info") (β-D-
mannose; D-mannose; mannose)  
[CO3](cxcmd:sel :CO3 "select residue") — [carbonate
ion](http://www.rcsb.org/ligand/CO3 "show residue info")  
[FE](cxcmd:sel :FE "select residue") — [Fe (III)
ion](http://www.rcsb.org/ligand/FE "show residue info")  
[MAN](cxcmd:sel :MAN "select residue") — [α-D-
mannopyranose](http://www.rcsb.org/ligand/MAN "show residue info") (α-D-
mannose; D-mannose; mannose)  
[NAG](cxcmd:sel :NAG "select residue") — [2-acetamido-2-deoxy-β-D-
glucopyranose](http://www.rcsb.org/ligand/NAG "show residue info") (N-acetyl-
β-D-glucosamine; 2-acetamido-2-deoxy-β-D-glucose; 2-acetamido-2-deoxy-D-
glucose; 2-acetamido-2-deoxy-glucose; N-acetyl-D-glucosamine)  
[SO4](cxcmd:sel :SO4 "select residue") — [sulfate
ion](http://www.rcsb.org/ligand/SO4 "show residue info")  
[ZN](cxcmd:sel :ZN "select residue") — [zinc
ion](http://www.rcsb.org/ligand/ZN "show residue info")  
  

INFO:
Executing: torsion /C:5@C2 /C:5@C1 /C:4@O4 /C:4@C4
INFO:
Torsion angle for atoms /C MAN 5 C2 C1 MAN 4 O4 C4 is 169.757°
INFO:
Executing: torsion /C:5@C1 /C:4@O4 /C:4@C4 /C:4@C5
INFO:
Torsion angle for atoms /C MAN 5 C1 MAN 4 O4 C4 C5 is 124.289°
INFO:
Executing: close #1
INFO:
Executing: exit
STATUS:
Exiting ...
