../../pdbs//8iuc.pdb 2.F
Timestep	Standard Nomenclature	Ring conformation
1			4C1		4d1(1.227982)		6d3(2.660399)		2d5(3.779916)	
../../pdbs//8iuc.pdb 1.F
Timestep	Standard Nomenclature	Ring conformation
1			4C1		2d5(3.064988)		4d1(4.060012)		6d3(6.978051)	
../../pdbs//8iuc.pdb 2.D
Timestep	Standard Nomenclature	Ring conformation
1			4C1		4d1(0.442351)		2d5(0.753116)		6d3(1.619423)	
../../pdbs//8iuc.pdb 1.D
Timestep	Standard Nomenclature	Ring conformation
1			4C1		2d5(0.552664)		6d3(5.042651)		4d1(6.624866)	
../../pdbs//8iuc.pdb 2.E
Timestep	Standard Nomenclature	Ring conformation
1			4C1		4d1(0.542663)		2d5(2.277646)		6d3(3.905107)	
../../pdbs//8iuc.pdb 1.E
Timestep	Standard Nomenclature	Ring conformation
1			4C1		2d5(1.181633)		6d3(4.653759)		4d1(6.219081)	
../../pdbs//3wwg.pdb 2.E
Timestep	Standard Nomenclature	Ring conformation
1			4C1		2d5(0.349580)		4d1(7.044920)		6d3(7.213729)	
../../pdbs//3wwg.pdb 1.E
Timestep	Standard Nomenclature	Ring conformation
1			4C1		6d3(0.478663)		2d5(4.716543)		4d1(5.173316)	
../../pdbs//5i0f.pdb 2.C
Timestep	Standard Nomenclature	Ring conformation
1			4C1		2d5(0.984203)		4d1(3.247813)		6d3(4.254142)	
../../pdbs//5i0f.pdb 1.C
Timestep	Standard Nomenclature	Ring conformation
1			-		q23(0.538487)		14d(5.384100)		4t6(9.878027)	
../../pdbs//3wnl.pdb 2.B
Timestep	Standard Nomenclature	Ring conformation
1			4C1		6d3(0.030220)		2d5(5.208481)		4d1(5.507970)	
../../pdbs//3wnl.pdb 1.B
Timestep	Standard Nomenclature	Ring conformation
1			-		6d3(2.061305)		2d5(7.975145)	
../../pdbs//5axh.pdb 2.D
Timestep	Standard Nomenclature	Ring conformation
1			4C1		6d3(2.219865)		4d1(3.883109)		2d5(5.910117)	
../../pdbs//5axh.pdb 1.D
Timestep	Standard Nomenclature	Ring conformation
1			4C1		6d3(1.334107)		2d5(4.401450)		4d1(5.677487)	
../../pdbs//3vmo.pdb 2.B
Timestep	Standard Nomenclature	Ring conformation
1			4C1		2d5(0.269395)		6d3(1.482465)		4d1(1.687766)	
../../pdbs//3vmo.pdb 1.B
Timestep	Standard Nomenclature	Ring conformation
1			4C1		6d3(0.184931)		4d1(1.031576)		2d5(1.173027)	
../../pdbs//1ogo.pdb 2.A
Timestep	Standard Nomenclature	Ring conformation
1			4C1		2d5(0.469095)		6d3(1.795300)		4d1(2.276738)	
../../pdbs//1ogo.pdb 1.A
Timestep	Standard Nomenclature	Ring conformation
1			4C1		6d3(0.844145)		2d5(2.366821)		4d1(3.042406)	
../../pdbs//3wnn.pdb 2.E
Timestep	Standard Nomenclature	Ring conformation
1			4C1		6d3(1.088332)		4d1(4.990542)		2d5(5.712461)	
../../pdbs//3wnn.pdb 1.E
Timestep	Standard Nomenclature	Ring conformation
1			4C1		6d3(1.291650)		2d5(7.541790)		4d1(9.794830)	
../../pdbs//3wnn.pdb 2.C
Timestep	Standard Nomenclature	Ring conformation
1			4C1		4d1(3.772908)		6d3(6.623795)		2d5(9.782306)	
../../pdbs//3wnn.pdb 1.C
Timestep	Standard Nomenclature	Ring conformation
1			-		6d3(2.033757)		2d5(8.126848)	
../../pdbs//2fh8.pdb 2.B
Timestep	Standard Nomenclature	Ring conformation
1			4C1		4d1(0.473230)		6d3(0.780707)		2d5(1.526204)	
../../pdbs//2fh8.pdb 1.B
Timestep	Standard Nomenclature	Ring conformation
1			4C1		4d1(0.331864)		6d3(1.891748)		2d5(2.353281)	
../../pdbs//5yrj.pdb 2.D
Timestep	Standard Nomenclature	Ring conformation
1			4C1		6d3(0.059966)		4d1(5.220009)		2d5(5.270117)	
../../pdbs//5yrj.pdb 1.D
Timestep	Standard Nomenclature	Ring conformation
1			4C1		4d1(0.343655)		6d3(4.861365)		2d5(5.533772)	
../../pdbs//5yrj.pdb 2.C
Timestep	Standard Nomenclature	Ring conformation
1			4C1		6d3(0.107184)		4d1(5.223625)		2d5(5.323487)	
../../pdbs//5yrj.pdb 1.C
Timestep	Standard Nomenclature	Ring conformation
1			4C1		6d3(0.070248)		2d5(0.081092)		4d1(0.087205)	
../../pdbs//2z8g.pdb 2.C
Timestep	Standard Nomenclature	Ring conformation
1			4C1		6d3(0.334424)		2d5(1.125696)		4d1(1.538529)	
../../pdbs//2z8g.pdb 1.C
Timestep	Standard Nomenclature	Ring conformation
1			4C1		6d3(0.590985)		4d1(2.106350)		2d5(2.886834)	
../../pdbs//2z8g.pdb 2.D
Timestep	Standard Nomenclature	Ring conformation
1			4C1		2d5(1.166895)		4d1(1.728765)		6d3(2.744293)	
../../pdbs//2z8g.pdb 1.D
Timestep	Standard Nomenclature	Ring conformation
1			4C1		6d3(1.216494)		2d5(1.878041)		4d1(2.945680)	
../../pdbs//5awp.pdb 2.C
Timestep	Standard Nomenclature	Ring conformation
1			4C1		2d5(1.002880)		6d3(2.125035)		4d1(3.287256)	
../../pdbs//5awp.pdb 1.C
Timestep	Standard Nomenclature	Ring conformation
1			4C1		4d1(1.237896)		6d3(5.871027)		2d5(7.088817)	
../../pdbs//5awp.pdb 2.B
Timestep	Standard Nomenclature	Ring conformation
1			4C1		2d5(1.804444)		4d1(4.001078)		6d3(5.882912)	
../../pdbs//5awp.pdb 1.B
Timestep	Standard Nomenclature	Ring conformation
1			4C1		6d3(0.065464)		2d5(0.853807)		4d1(0.999987)	
../../pdbs//3mkk.pdb 801.A
Timestep	Standard Nomenclature	Ring conformation
1			4C1		6d3(1.387881)		4d1(1.885502)		2d5(3.752185)	
../../pdbs//3mkk.pdb 802.A
Timestep	Standard Nomenclature	Ring conformation
1			4C1		6d3(1.165366)		2d5(2.589352)		4d1(3.958936)	
../../pdbs//3mkk.pdb 2.C
Timestep	Standard Nomenclature	Ring conformation
1			4C1		2d5(0.075126)		4d1(0.796344)		6d3(0.962746)	
../../pdbs//3mkk.pdb 1.C
Timestep	Standard Nomenclature	Ring conformation
1			-		24t(4.581503)		t13(6.225741)		6d3(6.315461)		2d5(8.558799)	
../../pdbs//1xcx.pdb 2.B
Timestep	Standard Nomenclature	Ring conformation
1			4C1		4d1(0.414561)		6d3(2.314489)		2d5(3.013193)	
../../pdbs//1xcx.pdb 1.B
Timestep	Standard Nomenclature	Ring conformation
1			4C1		4d1(2.032088)		6d3(2.038460)		2d5(4.797629)	
../../pdbs//5x7r.pdb 2.C
Timestep	Standard Nomenclature	Ring conformation
1			4C1		4d1(1.653937)		2d5(4.000498)		6d3(5.613579)	
../../pdbs//5x7r.pdb 1.C
Timestep	Standard Nomenclature	Ring conformation
1			4C1		2d5(1.806345)		4d1(2.962973)		6d3(4.814048)	
../../pdbs//5yrm.pdb 2.C
Timestep	Standard Nomenclature	Ring conformation
1			4C1		4d1(1.760098)		2d5(7.507183)		6d3(8.344720)	
../../pdbs//5yrm.pdb 1.C
Timestep	Standard Nomenclature	Ring conformation
1			4C1		6d3(2.328546)		2d5(2.998877)		4d1(5.483952)	
../../pdbs//5yrg.pdb 2.C
Timestep	Standard Nomenclature	Ring conformation
1			4C1		4d1(0.441853)		2d5(6.235033)		6d3(6.451457)	
../../pdbs//5yrg.pdb 1.C
Timestep	Standard Nomenclature	Ring conformation
1			4C1		2d5(0.087261)		6d3(2.988112)		4d1(3.080516)	
../../pdbs//5yrg.pdb 2.D
Timestep	Standard Nomenclature	Ring conformation
1			4C1		4d1(0.964316)		6d3(5.571068)		2d5(6.374134)	
../../pdbs//5yrg.pdb 1.D
Timestep	Standard Nomenclature	Ring conformation
1			4C1		2d5(0.978212)		4d1(3.048259)		6d3(3.881493)	
../../pdbs//2d0g.pdb 9.B
Timestep	Standard Nomenclature	Ring conformation
1			4C1		2d5(0.303822)		6d3(1.805872)		4d1(1.924076)	
../../pdbs//2d0g.pdb 8.B
Timestep	Standard Nomenclature	Ring conformation
1			4C1		4d1(1.668723)		2d5(5.742552)		6d3(7.177368)	
../../pdbs//3wnm.pdb 2.B
Timestep	Standard Nomenclature	Ring conformation
1			4C1		6d3(0.926224)		2d5(5.497096)		4d1(6.577433)	
../../pdbs//3wnm.pdb 1.B
Timestep	Standard Nomenclature	Ring conformation
1			4C1		6d3(4.432377)		2d5(4.887224)		4d1(9.149561)	
../../pdbs//3wnp.pdb 2.C
Timestep	Standard Nomenclature	Ring conformation
1			4C1		6d3(1.094849)		4d1(1.943735)		2d5(3.113316)	
../../pdbs//3wnp.pdb 1.C
Timestep	Standard Nomenclature	Ring conformation
1			4C1		6d3(1.139210)		2d5(3.813099)		4d1(4.942655)	
../../pdbs//3wnp.pdb 2.D
Timestep	Standard Nomenclature	Ring conformation
1			4C1		6d3(1.206131)		4d1(3.659087)		2d5(4.863778)	
../../pdbs//3wnp.pdb 1.D
Timestep	Standard Nomenclature	Ring conformation
1			4C1		2d5(2.570824)		6d3(5.437020)		4d1(8.091445)	
