../../pdbs//6idn.pdb 4.D
Timestep	Standard Nomenclature	Ring conformation
1			4C1		6d3(1.786455)		4d1(3.622710)		2d5(5.276453)	
../../pdbs//6idn.pdb 3.D
Timestep	Standard Nomenclature	Ring conformation
1			4C1		2d5(1.695168)		6d3(3.128497)		4d1(4.641304)	
../../pdbs//5kxe.pdb 4.F
Timestep	Standard Nomenclature	Ring conformation
1			4C1		6d3(1.016892)		2d5(1.242602)		4d1(2.293835)	
../../pdbs//5kxe.pdb 3.F
Timestep	Standard Nomenclature	Ring conformation
1			4C1		6d3(3.052558)		2d5(3.625183)		4d1(6.767048)	
../../pdbs//4zlb.pdb 307.B
Timestep	Standard Nomenclature	Ring conformation
1			4C1		6d3(0.002994)		2d5(4.665389)		4d1(4.677129)	
../../pdbs//4zlb.pdb 2.E
Timestep	Standard Nomenclature	Ring conformation
1			4C1		4d1(1.948584)		6d3(6.441529)		2d5(8.424084)	
../../pdbs//1dwj.pdb 4.B
Timestep	Standard Nomenclature	Ring conformation
1			-		2d5(1.309237)		6d3(8.849352)	
../../pdbs//1dwj.pdb 3.B
Timestep	Standard Nomenclature	Ring conformation
1			4C1		4d1(0.888228)		6d3(1.687990)		2d5(2.786223)	
../../pdbs//1dwj.pdb 4.C
Timestep	Standard Nomenclature	Ring conformation
1			4C1		4d1(1.990762)		6d3(4.662734)		2d5(6.606223)	
../../pdbs//1dwj.pdb 3.C
Timestep	Standard Nomenclature	Ring conformation
1			4C1		2d5(0.661653)		6d3(0.865751)		4d1(1.939794)	
../../pdbs//2wxd.pdb 4.D
Timestep	Standard Nomenclature	Ring conformation
1			4C1		6d3(2.838423)		4d1(3.399941)		2d5(5.796385)	
../../pdbs//2wxd.pdb 3.D
Timestep	Standard Nomenclature	Ring conformation
1			4C1		6d3(0.237930)		2d5(3.479891)		4d1(3.913553)	
../../pdbs//1e72.pdb 4.B
Timestep	Standard Nomenclature	Ring conformation
1			4C1		2d5(0.363474)		4d1(7.340348)		6d3(7.366374)	
../../pdbs//1e72.pdb 3.B
Timestep	Standard Nomenclature	Ring conformation
1			4C1		6d3(1.328816)		4d1(4.571470)		2d5(5.579882)	
../../pdbs//1e72.pdb 4.C
Timestep	Standard Nomenclature	Ring conformation
1			4C1		4d1(0.220125)		6d3(1.246763)		2d5(1.756116)	
../../pdbs//1e72.pdb 3.C
Timestep	Standard Nomenclature	Ring conformation
1			4C1		4d1(1.058959)		6d3(3.630171)		2d5(4.089093)	
../../pdbs//1e6x.pdb 4.B
Timestep	Standard Nomenclature	Ring conformation
1			4C1		2d5(1.789740)		4d1(5.447820)		6d3(6.951179)	
../../pdbs//1e6x.pdb 3.B
Timestep	Standard Nomenclature	Ring conformation
1			4C1		6d3(2.619101)		2d5(4.098935)		4d1(7.051804)	
../../pdbs//1e6x.pdb 4.C
Timestep	Standard Nomenclature	Ring conformation
1			4C1		4d1(0.686926)		6d3(0.836034)		2d5(1.663695)	
../../pdbs//1e6x.pdb 3.C
Timestep	Standard Nomenclature	Ring conformation
1			-		4d1(4.217681)		26t(8.592005)	
../../pdbs//1dwa.pdb 4.B
Timestep	Standard Nomenclature	Ring conformation
1			-		2d5(3.738931)		4d1(7.181665)	
../../pdbs//1dwa.pdb 3.B
Timestep	Standard Nomenclature	Ring conformation
1			4C1		6d3(0.454839)		4d1(7.281729)		2d5(7.539551)	
../../pdbs//1dwa.pdb 4.C
Timestep	Standard Nomenclature	Ring conformation
1			4C1		4d1(0.561174)		6d3(1.194598)		2d5(2.100370)	
../../pdbs//1dwa.pdb 3.C
Timestep	Standard Nomenclature	Ring conformation
1			-		4d1(5.052679)		6d3(5.224432)	
../../pdbs//1dwh.pdb 4.C
Timestep	Standard Nomenclature	Ring conformation
1			4C1		4d1(0.561174)		6d3(1.194598)		2d5(2.100370)	
../../pdbs//1dwh.pdb 3.C
Timestep	Standard Nomenclature	Ring conformation
1			-		4d1(5.052679)		6d3(5.224432)	
../../pdbs//1dwh.pdb 4.B
Timestep	Standard Nomenclature	Ring conformation
1			-		2d5(3.738931)		4d1(7.181665)	
../../pdbs//1dwh.pdb 3.B
Timestep	Standard Nomenclature	Ring conformation
1			4C1		6d3(0.454839)		4d1(7.281729)		2d5(7.539551)	
../../pdbs//3s5z.pdb 4.E
Timestep	Standard Nomenclature	Ring conformation
1			4C1		4d1(0.362723)		6d3(1.385500)		2d5(2.160278)	
../../pdbs//3s5z.pdb 3.E
Timestep	Standard Nomenclature	Ring conformation
1			-		t13(5.209652)		26t(5.544367)		2d5(9.482038)		4d1(9.784863)	
../../pdbs//3s5z.pdb 4.C
Timestep	Standard Nomenclature	Ring conformation
1			4C1		6d3(2.528349)		4d1(3.875357)		2d5(6.902589)	
../../pdbs//3s5z.pdb 3.C
Timestep	Standard Nomenclature	Ring conformation
1			-		2d5(6.512016)		4d1(7.319313)	
../../pdbs//1iqq.pdb 4.B
Timestep	Standard Nomenclature	Ring conformation
1			4C1		4d1(2.618426)		6d3(2.781624)		2d5(5.429016)	
../../pdbs//1iqq.pdb 3.B
Timestep	Standard Nomenclature	Ring conformation
1			4C1		6d3(0.303495)		2d5(2.583195)		4d1(3.060625)	
../../pdbs//1w9b.pdb 4.C
Timestep	Standard Nomenclature	Ring conformation
1			4C1		6d3(0.074321)		4d1(1.415551)		2d5(1.586147)	
../../pdbs//1w9b.pdb 3.C
Timestep	Standard Nomenclature	Ring conformation
1			4C1		4d1(0.173795)		2d5(0.886625)		6d3(0.961678)	
../../pdbs//1w9b.pdb 4.B
Timestep	Standard Nomenclature	Ring conformation
1			4C1		6d3(0.863519)		2d5(1.473677)		4d1(2.240152)	
../../pdbs//1w9b.pdb 3.B
Timestep	Standard Nomenclature	Ring conformation
1			4C1		6d3(0.275653)		4d1(1.488199)		2d5(1.846266)	
../../pdbs//1e70.pdb 4.B
Timestep	Standard Nomenclature	Ring conformation
1			-		2d5(1.933237)		46t(4.882790)	
../../pdbs//1e70.pdb 3.B
Timestep	Standard Nomenclature	Ring conformation
1			4C1		2d5(0.529914)		6d3(4.259294)		4d1(4.340501)	
../../pdbs//3bwh.pdb 4.B
Timestep	Standard Nomenclature	Ring conformation
1			4C1		6d3(0.518709)		2d5(3.254280)		4d1(3.667121)	
../../pdbs//3bwh.pdb 3.B
Timestep	Standard Nomenclature	Ring conformation
1			4C1		4d1(0.730450)		2d5(1.352694)		6d3(2.100610)	
../../pdbs//5kxd.pdb 4.F
Timestep	Standard Nomenclature	Ring conformation
1			4C1		4d1(0.154609)		6d3(0.571222)		2d5(0.645647)	
../../pdbs//5kxd.pdb 3.F
Timestep	Standard Nomenclature	Ring conformation
1			4C1		2d5(0.644977)		4d1(0.653409)		6d3(1.357314)	
../../pdbs//1uzy.pdb 4.E
Timestep	Standard Nomenclature	Ring conformation
1			4C1		4d1(1.885258)		2d5(5.046373)		6d3(6.486354)	
../../pdbs//1uzy.pdb 3.E
Timestep	Standard Nomenclature	Ring conformation
1			4C1		4d1(1.284254)		2d5(1.801875)		6d3(2.917373)	
../../pdbs//4z8s.pdb 4.D
Timestep	Standard Nomenclature	Ring conformation
1			4C1		6d3(0.020351)		4d1(5.095450)		2d5(5.103641)	
../../pdbs//4z8s.pdb 3.D
Timestep	Standard Nomenclature	Ring conformation
1			4C1		4d1(0.918536)		6d3(2.218600)		2d5(2.893245)	
../../pdbs//3wlk.pdb 4.C
Timestep	Standard Nomenclature	Ring conformation
1			4C1		2d5(0.305008)		4d1(2.423674)		6d3(3.004208)	
../../pdbs//3wlk.pdb 3.C
Timestep	Standard Nomenclature	Ring conformation
1			4C1		2d5(2.029347)		4d1(4.664216)		6d3(6.556798)	
../../pdbs//7eox.pdb 4.C
Timestep	Standard Nomenclature	Ring conformation
1			4C1		4d1(1.632940)		2d5(2.890997)		6d3(4.195043)	
../../pdbs//7eox.pdb 3.C
Timestep	Standard Nomenclature	Ring conformation
1			4C1		2d5(2.253642)		6d3(2.617467)		4d1(5.313369)	
../../pdbs//4zgr.pdb 309.B
Timestep	Standard Nomenclature	Ring conformation
1			-		6d3(5.000666)		4d1(6.054740)	
../../pdbs//4zgr.pdb 2.F
Timestep	Standard Nomenclature	Ring conformation
1			4C1		6d3(0.006218)		2d5(5.047067)		4d1(5.064929)	
../../pdbs//1ax0.pdb 4.B
Timestep	Standard Nomenclature	Ring conformation
1			4C1		6d3(0.492083)		2d5(1.494324)		4d1(1.878393)	
../../pdbs//1ax0.pdb 3.B
Timestep	Standard Nomenclature	Ring conformation
1			4C1		4d1(1.661372)		2d5(2.912040)		6d3(4.386225)	
../../pdbs//5lal.pdb 4.E
Timestep	Standard Nomenclature	Ring conformation
1			4C1		4d1(1.931092)		2d5(3.695995)		6d3(5.404018)	
../../pdbs//5lal.pdb 3.E
Timestep	Standard Nomenclature	Ring conformation
1			4C1		4d1(1.475658)		6d3(4.472725)		2d5(6.238769)	
../../pdbs//5lal.pdb 4.F
Timestep	Standard Nomenclature	Ring conformation
1			4C1		2d5(0.124149)		4d1(0.810263)		6d3(1.099062)	
../../pdbs//5lal.pdb 3.F
Timestep	Standard Nomenclature	Ring conformation
1			4C1		6d3(1.127010)		2d5(1.437058)		4d1(2.471007)	
../../pdbs//5lal.pdb 4.C
Timestep	Standard Nomenclature	Ring conformation
1			4C1		4d1(1.623502)		6d3(1.958204)		2d5(3.258116)	
../../pdbs//5lal.pdb 3.C
Timestep	Standard Nomenclature	Ring conformation
1			4C1		6d3(2.785007)		2d5(3.710653)		4d1(6.054251)	
../../pdbs//1myr.pdb 4.C
Timestep	Standard Nomenclature	Ring conformation
1			4C1		4d1(1.170945)		6d3(2.325025)		2d5(3.248001)	
../../pdbs//1myr.pdb 3.C
Timestep	Standard Nomenclature	Ring conformation
1			4C1		4d1(0.915908)		2d5(8.662439)		6d3(9.067666)	
../../pdbs//1myr.pdb 4.D
Timestep	Standard Nomenclature	Ring conformation
1			4C1		4d1(0.152970)		6d3(1.221541)		2d5(1.436937)	
../../pdbs//1myr.pdb 3.D
Timestep	Standard Nomenclature	Ring conformation
1			4C1		4d1(0.126083)		2d5(1.761864)		6d3(2.255238)	
../../pdbs//1ax1.pdb 4.B
Timestep	Standard Nomenclature	Ring conformation
1			4C1		2d5(0.975569)		4d1(1.458769)		6d3(2.431006)	
../../pdbs//1ax1.pdb 3.B
Timestep	Standard Nomenclature	Ring conformation
1			4C1		4d1(0.162196)		6d3(4.542424)		2d5(4.668795)	
../../pdbs//5kxb.pdb 4.E
Timestep	Standard Nomenclature	Ring conformation
1			4C1		6d3(2.019804)		4d1(2.320179)		2d5(4.467693)	
../../pdbs//5kxb.pdb 3.E
Timestep	Standard Nomenclature	Ring conformation
1			4C1		6d3(3.248628)		4d1(4.992120)		2d5(7.981551)	
../../pdbs//3ca0.pdb 4.B
Timestep	Standard Nomenclature	Ring conformation
1			4C1		6d3(0.661413)		2d5(1.850056)		4d1(2.583686)	
../../pdbs//3ca0.pdb 3.B
Timestep	Standard Nomenclature	Ring conformation
1			4C1		6d3(1.254780)		4d1(1.434444)		2d5(2.692385)	
../../pdbs//1dwg.pdb 4.C
Timestep	Standard Nomenclature	Ring conformation
1			4C1		4d1(0.561174)		6d3(1.194598)		2d5(2.100370)	
../../pdbs//1dwg.pdb 3.C
Timestep	Standard Nomenclature	Ring conformation
1			-		4d1(5.052679)		6d3(5.224432)	
../../pdbs//1dwg.pdb 4.B
Timestep	Standard Nomenclature	Ring conformation
1			-		2d5(3.738931)		4d1(7.181665)	
../../pdbs//1dwg.pdb 3.B
Timestep	Standard Nomenclature	Ring conformation
1			4C1		6d3(0.454839)		4d1(7.281729)		2d5(7.539551)	
../../pdbs//6aq6.pdb 4.D
Timestep	Standard Nomenclature	Ring conformation
1			4C1		4d1(2.641703)		2d5(2.801901)		6d3(5.285191)	
../../pdbs//6aq6.pdb 3.D
Timestep	Standard Nomenclature	Ring conformation
1			4C1		6d3(0.831349)		2d5(2.500716)		4d1(3.153802)	
../../pdbs//1e6s.pdb 4.C
Timestep	Standard Nomenclature	Ring conformation
1			4C1		6d3(1.627056)		4d1(1.952145)		2d5(3.699503)	
../../pdbs//1e6s.pdb 3.C
Timestep	Standard Nomenclature	Ring conformation
1			4C1		4d1(2.926077)		6d3(6.599311)		2d5(9.726077)	
../../pdbs//1e6s.pdb 4.B
Timestep	Standard Nomenclature	Ring conformation
1			4C1		2d5(0.061346)		6d3(4.755210)		4d1(5.065710)	
../../pdbs//1e6s.pdb 3.B
Timestep	Standard Nomenclature	Ring conformation
1			4C1		6d3(0.518766)		4d1(6.098425)		2d5(6.436802)	
../../pdbs//1cf5.pdb 4.C
Timestep	Standard Nomenclature	Ring conformation
1			4C1		6d3(1.348818)		2d5(4.427433)		4d1(5.983253)	
../../pdbs//1cf5.pdb 3.C
Timestep	Standard Nomenclature	Ring conformation
1			-		d14(5.211018)		5t1(8.523913)		23q(8.604002)	
../../pdbs//1cf5.pdb 4.D
Timestep	Standard Nomenclature	Ring conformation
1			4C1		4d1(1.962013)		6d3(6.345767)		2d5(8.837334)	
../../pdbs//1cf5.pdb 3.D
Timestep	Standard Nomenclature	Ring conformation
1			-		2d5(2.495438)		t13(6.001967)	
../../pdbs//1e6q.pdb 4.B
Timestep	Standard Nomenclature	Ring conformation
1			4C1		2d5(1.336844)		6d3(2.735692)		4d1(4.077069)	
../../pdbs//1e6q.pdb 3.B
Timestep	Standard Nomenclature	Ring conformation
1			4C1		4d1(0.642190)		2d5(4.494300)		6d3(5.198850)	
../../pdbs//1e6q.pdb 4.C
Timestep	Standard Nomenclature	Ring conformation
1			4C1		6d3(0.403098)		2d5(2.966470)		4d1(3.259661)	
../../pdbs//1e6q.pdb 3.C
Timestep	Standard Nomenclature	Ring conformation
1			4C1		4d1(0.686868)		6d3(7.715241)		2d5(8.554044)	
../../pdbs//4zfu.pdb 4.D
Timestep	Standard Nomenclature	Ring conformation
1			4C1		6d3(0.064212)		2d5(3.836502)		4d1(3.842904)	
../../pdbs//4zfu.pdb 3.D
Timestep	Standard Nomenclature	Ring conformation
1			4C1		2d5(0.137498)		6d3(1.901334)		4d1(2.062456)	
../../pdbs//1dwf.pdb 4.C
Timestep	Standard Nomenclature	Ring conformation
1			4C1		4d1(0.561174)		6d3(1.194598)		2d5(2.100370)	
../../pdbs//1dwf.pdb 3.C
Timestep	Standard Nomenclature	Ring conformation
1			-		4d1(5.052679)		6d3(5.224432)	
../../pdbs//1dwf.pdb 4.B
Timestep	Standard Nomenclature	Ring conformation
1			-		2d5(3.738931)		4d1(7.181665)	
../../pdbs//1dwf.pdb 3.B
Timestep	Standard Nomenclature	Ring conformation
1			4C1		6d3(0.454839)		4d1(7.281729)		2d5(7.539551)	
../../pdbs//1x39.pdb 4.D
Timestep	Standard Nomenclature	Ring conformation
1			4C1		6d3(2.435434)		2d5(3.668850)		4d1(5.690234)	
../../pdbs//1x39.pdb 3.D
Timestep	Standard Nomenclature	Ring conformation
1			4C1		4d1(2.008954)		6d3(2.105826)		2d5(4.090223)	
../../pdbs//1x39.pdb 6.C
Timestep	Standard Nomenclature	Ring conformation
1			4C1		6d3(0.743578)		2d5(7.596501)		4d1(7.928288)	
../../pdbs//1x39.pdb 3.C
Timestep	Standard Nomenclature	Ring conformation
1			4C1		6d3(0.010170)		2d5(4.625597)		4d1(4.647849)	
../../pdbs//1e4m.pdb 4.C
Timestep	Standard Nomenclature	Ring conformation
1			4C1		6d3(0.490883)		4d1(1.194108)		2d5(1.817854)	
../../pdbs//1e4m.pdb 3.C
Timestep	Standard Nomenclature	Ring conformation
1			4C1		4d1(3.630066)		6d3(5.033130)		2d5(8.314214)	
../../pdbs//1e4m.pdb 4.B
Timestep	Standard Nomenclature	Ring conformation
1			4C1		2d5(1.974291)		4d1(7.403179)		6d3(8.975409)	
../../pdbs//1e4m.pdb 3.B
Timestep	Standard Nomenclature	Ring conformation
1			4C1		6d3(0.618973)		4d1(6.079694)		2d5(6.357805)	
../../pdbs//3wll.pdb 6.C
Timestep	Standard Nomenclature	Ring conformation
1			4C1		6d3(0.341024)		4d1(1.007653)		2d5(1.096956)	
../../pdbs//3wll.pdb 3.C
Timestep	Standard Nomenclature	Ring conformation
1			4C1		6d3(0.495384)		4d1(4.531332)		2d5(5.091024)	
../../pdbs//3wll.pdb 4.D
Timestep	Standard Nomenclature	Ring conformation
1			4C1		2d5(1.050401)		6d3(2.735315)		4d1(3.461407)	
../../pdbs//3wll.pdb 3.D
Timestep	Standard Nomenclature	Ring conformation
1			4C1		6d3(1.013965)		4d1(2.402864)		2d5(3.430461)	
../../pdbs//1axy.pdb 4.B
Timestep	Standard Nomenclature	Ring conformation
1			4C1		4d1(0.599934)		2d5(1.859126)		6d3(2.442419)	
../../pdbs//1axy.pdb 3.B
Timestep	Standard Nomenclature	Ring conformation
1			4C1		4d1(1.441086)		2d5(3.567411)		6d3(4.851833)	
../../pdbs//1ax2.pdb 4.B
Timestep	Standard Nomenclature	Ring conformation
1			4C1		2d5(0.512834)		4d1(1.185773)		6d3(1.698400)	
../../pdbs//1ax2.pdb 3.B
Timestep	Standard Nomenclature	Ring conformation
1			4C1		4d1(0.940326)		2d5(3.452189)		6d3(4.127902)	
../../pdbs//1x38.pdb 4.D
Timestep	Standard Nomenclature	Ring conformation
1			4C1		2d5(0.835946)		6d3(3.407081)		4d1(3.941001)	
../../pdbs//1x38.pdb 3.D
Timestep	Standard Nomenclature	Ring conformation
1			4C1		6d3(0.502402)		2d5(2.660635)		4d1(3.209150)	
../../pdbs//1x38.pdb 6.C
Timestep	Standard Nomenclature	Ring conformation
1			4C1		4d1(2.455486)		6d3(3.614942)		2d5(6.542382)	
../../pdbs//1x38.pdb 3.C
Timestep	Standard Nomenclature	Ring conformation
1			4C1		6d3(1.734882)		2d5(2.423319)		4d1(4.177860)	
../../pdbs//1axz.pdb 4.B
Timestep	Standard Nomenclature	Ring conformation
1			4C1		6d3(1.662885)		2d5(1.782201)		4d1(3.387700)	
../../pdbs//1axz.pdb 3.B
Timestep	Standard Nomenclature	Ring conformation
1			4C1		4d1(1.724169)		2d5(2.417524)		6d3(3.925516)	
../../pdbs//6aq5.pdb 4.D
Timestep	Standard Nomenclature	Ring conformation
1			4C1		6d3(0.006019)		2d5(4.989820)		4d1(5.002095)	
../../pdbs//6aq5.pdb 3.D
Timestep	Standard Nomenclature	Ring conformation
1			4C1		6d3(1.786004)		4d1(1.829333)		2d5(3.583084)	
../../pdbs//5aog.pdb 4.C
Timestep	Standard Nomenclature	Ring conformation
1			4C1		6d3(0.551539)		4d1(2.719878)		2d5(3.300196)	
../../pdbs//5aog.pdb 3.C
Timestep	Standard Nomenclature	Ring conformation
1			4C1		6d3(0.566092)		4d1(0.865067)		2d5(1.405880)	
../../pdbs//3s5y.pdb 4.C
Timestep	Standard Nomenclature	Ring conformation
1			4C1		4d1(0.240223)		6d3(3.707443)		2d5(4.533764)	
../../pdbs//3s5y.pdb 3.C
Timestep	Standard Nomenclature	Ring conformation
1			4C1		4d1(0.257046)		2d5(3.217441)		6d3(3.504553)	
../../pdbs//3s5y.pdb 4.D
Timestep	Standard Nomenclature	Ring conformation
1			-		4d1(3.507676)		6d3(8.242782)	
../../pdbs//3s5y.pdb 3.D
Timestep	Standard Nomenclature	Ring conformation
1			-		4d1(3.790720)		26t(8.920276)	
../../pdbs//3s5y.pdb 4.F
Timestep	Standard Nomenclature	Ring conformation
1			4C1		6d3(0.847780)		4d1(5.825616)		2d5(7.194572)	
../../pdbs//3s5y.pdb 3.F
Timestep	Standard Nomenclature	Ring conformation
1			4C1		4d1(2.835397)		2d5(5.473963)		6d3(8.164449)	
../../pdbs//4zfw.pdb 4.D
Timestep	Standard Nomenclature	Ring conformation
1			4C1		6d3(0.039060)		2d5(5.074715)		4d1(5.130746)	
../../pdbs//4zfw.pdb 3.D
Timestep	Standard Nomenclature	Ring conformation
1			-		6d3(3.157614)		2d5(7.657035)	
../../pdbs//1e71.pdb 4.B
Timestep	Standard Nomenclature	Ring conformation
1			4C1		2d5(0.773349)		6d3(6.339991)		4d1(7.525051)	
../../pdbs//1e71.pdb 3.B
Timestep	Standard Nomenclature	Ring conformation
1			4C1		6d3(0.074288)		2d5(7.757414)		4d1(8.030002)	
../../pdbs//1e71.pdb 4.C
Timestep	Standard Nomenclature	Ring conformation
1			4C1		4d1(0.527585)		2d5(3.948060)		6d3(4.329507)	
../../pdbs//1e71.pdb 3.C
Timestep	Standard Nomenclature	Ring conformation
1			-		4d1(1.516699)		6d3(8.887971)	
../../pdbs//1w9d.pdb 4.B
Timestep	Standard Nomenclature	Ring conformation
1			4C1		6d3(0.043035)		4d1(2.089251)		2d5(2.249494)	
../../pdbs//1w9d.pdb 3.B
Timestep	Standard Nomenclature	Ring conformation
1			4C1		6d3(0.395767)		4d1(1.554313)		2d5(2.057082)	
../../pdbs//1w9d.pdb 4.C
Timestep	Standard Nomenclature	Ring conformation
1			4C1		6d3(0.234862)		2d5(1.630699)		4d1(1.762710)	
../../pdbs//1w9d.pdb 3.C
Timestep	Standard Nomenclature	Ring conformation
1			4C1		4d1(0.031535)		6d3(1.212502)		2d5(1.276476)	
../../pdbs//3wlj.pdb 4.D
Timestep	Standard Nomenclature	Ring conformation
1			4C1		2d5(0.611093)		6d3(2.884344)		4d1(3.166927)	
../../pdbs//3wlj.pdb 3.D
Timestep	Standard Nomenclature	Ring conformation
1			4C1		6d3(0.679419)		2d5(2.030741)		4d1(2.844285)	
../../pdbs//1e73.pdb 4.B
Timestep	Standard Nomenclature	Ring conformation
1			4C1		2d5(2.019851)		6d3(5.123005)		4d1(7.405927)	
../../pdbs//1e73.pdb 3.B
Timestep	Standard Nomenclature	Ring conformation
1			4C1		6d3(3.581763)		2d5(3.645177)		4d1(7.453348)	
../../pdbs//1e73.pdb 4.C
Timestep	Standard Nomenclature	Ring conformation
1			4C1		2d5(0.260898)		6d3(2.094715)		4d1(2.410805)	
../../pdbs//1e73.pdb 3.C
Timestep	Standard Nomenclature	Ring conformation
1			-		4d1(0.591208)	
../../pdbs//1dwi.pdb 4.B
Timestep	Standard Nomenclature	Ring conformation
1			-		2d5(3.738931)		4d1(7.181665)	
../../pdbs//1dwi.pdb 3.B
Timestep	Standard Nomenclature	Ring conformation
1			4C1		6d3(0.454839)		4d1(7.281729)		2d5(7.539551)	
../../pdbs//1dwi.pdb 4.C
Timestep	Standard Nomenclature	Ring conformation
1			4C1		4d1(0.561174)		6d3(1.194598)		2d5(2.100370)	
../../pdbs//1dwi.pdb 3.C
Timestep	Standard Nomenclature	Ring conformation
1			-		4d1(5.052679)		6d3(5.224432)	
../../pdbs//3wlh.pdb 4.D
Timestep	Standard Nomenclature	Ring conformation
1			4C1		2d5(1.081013)		6d3(3.116666)		4d1(3.945815)	
../../pdbs//3wlh.pdb 3.D
Timestep	Standard Nomenclature	Ring conformation
1			4C1		2d5(0.073632)		6d3(1.801907)		4d1(1.821354)	
../../pdbs//4a5g.pdb 4.C
Timestep	Standard Nomenclature	Ring conformation
1			4C1		4d1(0.295422)		2d5(4.306342)		6d3(4.834628)	
../../pdbs//4a5g.pdb 3.C
Timestep	Standard Nomenclature	Ring conformation
1			4C1		2d5(0.938259)		6d3(2.389899)		4d1(3.439516)	
../../pdbs//4a5g.pdb 4.G
Timestep	Standard Nomenclature	Ring conformation
1			4C1		4d1(1.993993)		2d5(2.179708)		6d3(3.248259)	
../../pdbs//4a5g.pdb 3.G
Timestep	Standard Nomenclature	Ring conformation
1			4C1		6d3(0.182050)		4d1(1.462728)		2d5(1.717816)	
../../pdbs//2hox.pdb 4.E
Timestep	Standard Nomenclature	Ring conformation
1			4C1		4d1(0.362959)		2d5(1.549235)		6d3(1.579114)	
../../pdbs//2hox.pdb 3.E
Timestep	Standard Nomenclature	Ring conformation
1			4C1		6d3(0.498527)		4d1(1.520918)		2d5(1.979949)	
