WARNING:
Replacing fetcher for 'pdb_nmr' and format NMRSTAR from NMRSTAR bundle with that from NMRSTAR bundle
INFO:
UCSF ChimeraX version: 1.6.1 (2023-05-09)
INFO:
© 2016-2023 Regents of the University of California.  All rights reserved.
INFO:
Executing: open ./calc_dihedral_chimerax/calc_dihedral_part_01.cxc
INFO:
Executing: close #1
INFO:
Executing: close #1
INFO:
Executing: open ../../../pdbs/5kzx.pdb
INFO:
_5kzx.pdb_ title:  
 **Crystal structure of human gaa** [[more info...]](cxcmd:log metadata #1)  
  

INFO:
Chain information for 5kzx.pdb #1  
---  
Chain | Description | UniProt  
[A](cxcmd:select /A:79-952 "Select chain") | [lysosomal
α-glucosidase](cxcmd:sequence chain #1/A "Show sequence") |
[LYAG_HUMAN](cxcmd:open P10253 from uniprot "Show annotations")
[79-952](cxcmd:select #1/A:79-952 "Select sequence")  
  

INFO:
Non-standard residues in 5kzx.pdb #1  
---  
[BGC](cxcmd:sel :BGC "select residue") — [β-D-
glucopyranose](http://www.rcsb.org/ligand/BGC "show residue info") (β-D-
glucose; D-glucose; glucose)  
[BMA](cxcmd:sel :BMA "select residue") — [β-D-
mannopyranose](http://www.rcsb.org/ligand/BMA "show residue info") (β-D-
mannose; D-mannose; mannose)  
[EDO](cxcmd:sel :EDO "select residue") —
[1,2-ethanediol](http://www.rcsb.org/ligand/EDO "show residue info") (ethylene
glycol)  
[FCA](cxcmd:sel :FCA "select residue") — [α-D-
fucopyranose](http://www.rcsb.org/ligand/FCA "show residue info") (α-D-fucose;
6-deoxy-α-D-galactopyranose; D-fucose; fucose)  
[GLC](cxcmd:sel :GLC "select residue") — [α-D-
glucopyranose](http://www.rcsb.org/ligand/GLC "show residue info") (α-D-
glucose; D-glucose; glucose)  
[NAG](cxcmd:sel :NAG "select residue") — [2-acetamido-2-deoxy-β-D-
glucopyranose](http://www.rcsb.org/ligand/NAG "show residue info") (N-acetyl-
β-D-glucosamine; 2-acetamido-2-deoxy-β-D-glucose; 2-acetamido-2-deoxy-D-
glucose; 2-acetamido-2-deoxy-glucose; N-acetyl-D-glucosamine)  
[PEG](cxcmd:sel :PEG "select residue") —
[di(hydroxyethyl)ether](http://www.rcsb.org/ligand/PEG "show residue info")  
[PGE](cxcmd:sel :PGE "select residue") — [triethylene
glycol](http://www.rcsb.org/ligand/PGE "show residue info")  
[SO4](cxcmd:sel :SO4 "select residue") — [sulfate
ion](http://www.rcsb.org/ligand/SO4 "show residue info")  
  

INFO:
Executing: torsion /B:3@C2 /B:3@C1 /B:1@O6 /B:1@C6
INFO:
Torsion angle for atoms /B FCA 3 C2 C1 NAG 1 O6 C6 is -118.841°
INFO:
Executing: torsion /B:3@C1 /B:1@O6 /B:1@C6 /B:1@C5
INFO:
Torsion angle for atoms /B FCA 3 C1 NAG 1 O6 C6 C5 is -157.107°
INFO:
Executing: close #1
INFO:
Executing: open ../../../pdbs/5kzx.pdb
INFO:
_5kzx.pdb_ title:  
 **Crystal structure of human gaa** [[more info...]](cxcmd:log metadata #1)  
  

INFO:
Chain information for 5kzx.pdb #1  
---  
Chain | Description | UniProt  
[A](cxcmd:select /A:79-952 "Select chain") | [lysosomal
α-glucosidase](cxcmd:sequence chain #1/A "Show sequence") |
[LYAG_HUMAN](cxcmd:open P10253 from uniprot "Show annotations")
[79-952](cxcmd:select #1/A:79-952 "Select sequence")  
  

INFO:
Non-standard residues in 5kzx.pdb #1  
---  
[BGC](cxcmd:sel :BGC "select residue") — [β-D-
glucopyranose](http://www.rcsb.org/ligand/BGC "show residue info") (β-D-
glucose; D-glucose; glucose)  
[BMA](cxcmd:sel :BMA "select residue") — [β-D-
mannopyranose](http://www.rcsb.org/ligand/BMA "show residue info") (β-D-
mannose; D-mannose; mannose)  
[EDO](cxcmd:sel :EDO "select residue") —
[1,2-ethanediol](http://www.rcsb.org/ligand/EDO "show residue info") (ethylene
glycol)  
[FCA](cxcmd:sel :FCA "select residue") — [α-D-
fucopyranose](http://www.rcsb.org/ligand/FCA "show residue info") (α-D-fucose;
6-deoxy-α-D-galactopyranose; D-fucose; fucose)  
[GLC](cxcmd:sel :GLC "select residue") — [α-D-
glucopyranose](http://www.rcsb.org/ligand/GLC "show residue info") (α-D-
glucose; D-glucose; glucose)  
[NAG](cxcmd:sel :NAG "select residue") — [2-acetamido-2-deoxy-β-D-
glucopyranose](http://www.rcsb.org/ligand/NAG "show residue info") (N-acetyl-
β-D-glucosamine; 2-acetamido-2-deoxy-β-D-glucose; 2-acetamido-2-deoxy-D-
glucose; 2-acetamido-2-deoxy-glucose; N-acetyl-D-glucosamine)  
[PEG](cxcmd:sel :PEG "select residue") —
[di(hydroxyethyl)ether](http://www.rcsb.org/ligand/PEG "show residue info")  
[PGE](cxcmd:sel :PGE "select residue") — [triethylene
glycol](http://www.rcsb.org/ligand/PGE "show residue info")  
[SO4](cxcmd:sel :SO4 "select residue") — [sulfate
ion](http://www.rcsb.org/ligand/SO4 "show residue info")  
  

INFO:
Executing: torsion /F:2@C2 /F:2@C1 /F:1@O6 /F:1@C6
INFO:
Torsion angle for atoms /F FCA 2 C2 C1 NAG 1 O6 C6 is -92.277°
INFO:
Executing: torsion /F:2@C1 /F:1@O6 /F:1@C6 /F:1@C5
INFO:
Torsion angle for atoms /F FCA 2 C1 NAG 1 O6 C6 C5 is -162.183°
INFO:
Executing: close #1
INFO:
Executing: open ../../../pdbs/1j86.pdb
INFO:
_1j86.pdb_ title:  
 **Human high affinity FC receptor FC(ε)ri(α), monoclinic crystal form 2**
[[more info...]](cxcmd:log metadata #1)  
  

INFO:
Chain information for 1j86.pdb #1  
---  
Chain | Description | UniProt  
[A](cxcmd:select /A:1-174 "Select chain") [B](cxcmd:select /B:1-173 "Select
chain") | [high affinity immunoglobulin ε receptor α- subunit](cxcmd:sequence
chain #1/A#1/B "Show sequence") | [FCEA_HUMAN](cxcmd:open P12319 from uniprot
"Show annotations") [1-176](cxcmd:select #1/A,B:1-176 "Select sequence")  
  

INFO:
Non-standard residues in 1j86.pdb #1  
---  
[BMA](cxcmd:sel :BMA "select residue") — [β-D-
mannopyranose](http://www.rcsb.org/ligand/BMA "show residue info") (β-D-
mannose; D-mannose; mannose)  
[FCA](cxcmd:sel :FCA "select residue") — [α-D-
fucopyranose](http://www.rcsb.org/ligand/FCA "show residue info") (α-D-fucose;
6-deoxy-α-D-galactopyranose; D-fucose; fucose)  
[MAN](cxcmd:sel :MAN "select residue") — [α-D-
mannopyranose](http://www.rcsb.org/ligand/MAN "show residue info") (α-D-
mannose; D-mannose; mannose)  
[NAG](cxcmd:sel :NAG "select residue") — [2-acetamido-2-deoxy-β-D-
glucopyranose](http://www.rcsb.org/ligand/NAG "show residue info") (N-acetyl-
β-D-glucosamine; 2-acetamido-2-deoxy-β-D-glucose; 2-acetamido-2-deoxy-D-
glucose; 2-acetamido-2-deoxy-glucose; N-acetyl-D-glucosamine)  
  

INFO:
Executing: torsion /G:3@C2 /G:3@C1 /G:1@O6 /G:1@C6
INFO:
Torsion angle for atoms /G FCA 3 C2 C1 NAG 1 O6 C6 is -100.865°
INFO:
Executing: torsion /G:3@C1 /G:1@O6 /G:1@C6 /G:1@C5
INFO:
Torsion angle for atoms /G FCA 3 C1 NAG 1 O6 C6 C5 is -156.135°
INFO:
Executing: close #1
INFO:
Executing: open ../../../pdbs/4dwc.pdb
INFO:
_4dwc.pdb_ title:  
 **Crystal structure of the glycoprotein ERNS from the pestivirus BVDV-1 In
complex with Zn ions** [[more info...]](cxcmd:log metadata #1)  
  

INFO:
Chain information for 4dwc.pdb #1  
---  
Chain | Description | UniProt  
[A](cxcmd:select /A:3-160 "Select chain") [B](cxcmd:select /B:3-160 "Select
chain") | [E(RNS) glycoprotein](cxcmd:sequence chain #1/A#1/B "Show sequence")
| [POLG_BVDVC](cxcmd:open Q96662 from uniprot "Show annotations")
[3-167](cxcmd:select #1/A,B:3-167 "Select sequence")  
  

INFO:
Non-standard residues in 4dwc.pdb #1  
---  
[BMA](cxcmd:sel :BMA "select residue") — [β-D-
mannopyranose](http://www.rcsb.org/ligand/BMA "show residue info") (β-D-
mannose; D-mannose; mannose)  
[FCA](cxcmd:sel :FCA "select residue") — [α-D-
fucopyranose](http://www.rcsb.org/ligand/FCA "show residue info") (α-D-fucose;
6-deoxy-α-D-galactopyranose; D-fucose; fucose)  
[MAN](cxcmd:sel :MAN "select residue") — [α-D-
mannopyranose](http://www.rcsb.org/ligand/MAN "show residue info") (α-D-
mannose; D-mannose; mannose)  
[NAG](cxcmd:sel :NAG "select residue") — [2-acetamido-2-deoxy-β-D-
glucopyranose](http://www.rcsb.org/ligand/NAG "show residue info") (N-acetyl-
β-D-glucosamine; 2-acetamido-2-deoxy-β-D-glucose; 2-acetamido-2-deoxy-D-
glucose; 2-acetamido-2-deoxy-glucose; N-acetyl-D-glucosamine)  
[SO4](cxcmd:sel :SO4 "select residue") — [sulfate
ion](http://www.rcsb.org/ligand/SO4 "show residue info")  
[ZN](cxcmd:sel :ZN "select residue") — [zinc
ion](http://www.rcsb.org/ligand/ZN "show residue info")  
  

INFO:
Executing: torsion /G:3@C2 /G:3@C1 /G:1@O6 /G:1@C6
INFO:
Torsion angle for atoms /G FCA 3 C2 C1 NAG 1 O6 C6 is 171.268°
INFO:
Executing: torsion /G:3@C1 /G:1@O6 /G:1@C6 /G:1@C5
INFO:
Torsion angle for atoms /G FCA 3 C1 NAG 1 O6 C6 C5 is 93.5841°
INFO:
Executing: close #1
INFO:
Executing: open ../../../pdbs/6db6.pdb
INFO:
_6db6.pdb_ title:  
 **Crystal structure of ANTI-hiv-1 V3 fab 311-11D In complex with A hiv-1
GP120 V3 peptide from Mn strain** [[more info...]](cxcmd:log metadata #1)  
  

INFO:
Chain information for 6db6.pdb #1  
---  
Chain | Description  
[H](cxcmd:select /H:1-216 "Select chain") | [human monoclonal ANTI-hiv-1 GP120
V3 antibody 311-11D fab heavy chain](cxcmd:sequence chain #1/H "Show
sequence")  
[L](cxcmd:select /L:2-212 "Select chain") | [human monoclonal ANTI-hiv-1 GP120
V3 antibody 311-11D fab light chain](cxcmd:sequence chain #1/L "Show
sequence")  
[P](cxcmd:select /P:304-319 "Select chain") | [hiv-1 GP120 V3 peptide from Mn
strain](cxcmd:sequence chain #1/P "Show sequence")  
  

INFO:
Non-standard residues in 6db6.pdb #1  
---  
[BMA](cxcmd:sel :BMA "select residue") — [β-D-
mannopyranose](http://www.rcsb.org/ligand/BMA "show residue info")  
[FCA](cxcmd:sel :FCA "select residue") — [α-D-
fucopyranose](http://www.rcsb.org/ligand/FCA "show residue info")  
[MAN](cxcmd:sel :MAN "select residue") — [α-D-
mannopyranose](http://www.rcsb.org/ligand/MAN "show residue info")  
[NAG](cxcmd:sel :NAG "select residue") — [2-acetamido-2-deoxy-β-D-
glucopyranose](http://www.rcsb.org/ligand/NAG "show residue info")  
  

INFO:
Executing: torsion /A:5@C2 /A:5@C1 /A:1@O6 /A:1@C6
INFO:
Torsion angle for atoms /A FCA 5 C2 C1 NAG 1 O6 C6 is -89.1837°
INFO:
Executing: torsion /A:5@C1 /A:1@O6 /A:1@C6 /A:1@C5
INFO:
Torsion angle for atoms /A FCA 5 C1 NAG 1 O6 C6 C5 is -93.4987°
INFO:
Executing: close #1
INFO:
Executing: open ../../../pdbs/5kzw.pdb
INFO:
_5kzw.pdb_ title:  
 **Crystal structure of human gaa** [[more info...]](cxcmd:log metadata #1)  
  

INFO:
Chain information for 5kzw.pdb #1  
---  
Chain | Description | UniProt  
[A](cxcmd:select /A:79-952 "Select chain") | [lysosomal
α-glucosidase](cxcmd:sequence chain #1/A "Show sequence") |
[LYAG_HUMAN](cxcmd:open P10253 from uniprot "Show annotations")
[79-952](cxcmd:select #1/A:79-952 "Select sequence")  
  

INFO:
Non-standard residues in 5kzw.pdb #1  
---  
[BGC](cxcmd:sel :BGC "select residue") — [β-D-
glucopyranose](http://www.rcsb.org/ligand/BGC "show residue info") (β-D-
glucose; D-glucose; glucose)  
[BMA](cxcmd:sel :BMA "select residue") — [β-D-
mannopyranose](http://www.rcsb.org/ligand/BMA "show residue info") (β-D-
mannose; D-mannose; mannose)  
[EDO](cxcmd:sel :EDO "select residue") —
[1,2-ethanediol](http://www.rcsb.org/ligand/EDO "show residue info") (ethylene
glycol)  
[FCA](cxcmd:sel :FCA "select residue") — [α-D-
fucopyranose](http://www.rcsb.org/ligand/FCA "show residue info") (α-D-fucose;
6-deoxy-α-D-galactopyranose; D-fucose; fucose)  
[GLC](cxcmd:sel :GLC "select residue") — [α-D-
glucopyranose](http://www.rcsb.org/ligand/GLC "show residue info") (α-D-
glucose; D-glucose; glucose)  
[NAG](cxcmd:sel :NAG "select residue") — [2-acetamido-2-deoxy-β-D-
glucopyranose](http://www.rcsb.org/ligand/NAG "show residue info") (N-acetyl-
β-D-glucosamine; 2-acetamido-2-deoxy-β-D-glucose; 2-acetamido-2-deoxy-D-
glucose; 2-acetamido-2-deoxy-glucose; N-acetyl-D-glucosamine)  
[PEG](cxcmd:sel :PEG "select residue") —
[di(hydroxyethyl)ether](http://www.rcsb.org/ligand/PEG "show residue info")  
[PGE](cxcmd:sel :PGE "select residue") — [triethylene
glycol](http://www.rcsb.org/ligand/PGE "show residue info")  
[SO4](cxcmd:sel :SO4 "select residue") — [sulfate
ion](http://www.rcsb.org/ligand/SO4 "show residue info")  
  

INFO:
Executing: torsion /F:2@C2 /F:2@C1 /F:1@O6 /F:1@C6
INFO:
Torsion angle for atoms /F FCA 2 C2 C1 NAG 1 O6 C6 is -92.277°
INFO:
Executing: torsion /F:2@C1 /F:1@O6 /F:1@C6 /F:1@C5
INFO:
Torsion angle for atoms /F FCA 2 C1 NAG 1 O6 C6 C5 is -162.183°
INFO:
Executing: close #1
INFO:
Executing: open ../../../pdbs/5kzw.pdb
INFO:
_5kzw.pdb_ title:  
 **Crystal structure of human gaa** [[more info...]](cxcmd:log metadata #1)  
  

INFO:
Chain information for 5kzw.pdb #1  
---  
Chain | Description | UniProt  
[A](cxcmd:select /A:79-952 "Select chain") | [lysosomal
α-glucosidase](cxcmd:sequence chain #1/A "Show sequence") |
[LYAG_HUMAN](cxcmd:open P10253 from uniprot "Show annotations")
[79-952](cxcmd:select #1/A:79-952 "Select sequence")  
  

INFO:
Non-standard residues in 5kzw.pdb #1  
---  
[BGC](cxcmd:sel :BGC "select residue") — [β-D-
glucopyranose](http://www.rcsb.org/ligand/BGC "show residue info") (β-D-
glucose; D-glucose; glucose)  
[BMA](cxcmd:sel :BMA "select residue") — [β-D-
mannopyranose](http://www.rcsb.org/ligand/BMA "show residue info") (β-D-
mannose; D-mannose; mannose)  
[EDO](cxcmd:sel :EDO "select residue") —
[1,2-ethanediol](http://www.rcsb.org/ligand/EDO "show residue info") (ethylene
glycol)  
[FCA](cxcmd:sel :FCA "select residue") — [α-D-
fucopyranose](http://www.rcsb.org/ligand/FCA "show residue info") (α-D-fucose;
6-deoxy-α-D-galactopyranose; D-fucose; fucose)  
[GLC](cxcmd:sel :GLC "select residue") — [α-D-
glucopyranose](http://www.rcsb.org/ligand/GLC "show residue info") (α-D-
glucose; D-glucose; glucose)  
[NAG](cxcmd:sel :NAG "select residue") — [2-acetamido-2-deoxy-β-D-
glucopyranose](http://www.rcsb.org/ligand/NAG "show residue info") (N-acetyl-
β-D-glucosamine; 2-acetamido-2-deoxy-β-D-glucose; 2-acetamido-2-deoxy-D-
glucose; 2-acetamido-2-deoxy-glucose; N-acetyl-D-glucosamine)  
[PEG](cxcmd:sel :PEG "select residue") —
[di(hydroxyethyl)ether](http://www.rcsb.org/ligand/PEG "show residue info")  
[PGE](cxcmd:sel :PGE "select residue") — [triethylene
glycol](http://www.rcsb.org/ligand/PGE "show residue info")  
[SO4](cxcmd:sel :SO4 "select residue") — [sulfate
ion](http://www.rcsb.org/ligand/SO4 "show residue info")  
  

INFO:
Executing: torsion /B:3@C2 /B:3@C1 /B:1@O6 /B:1@C6
INFO:
Torsion angle for atoms /B FCA 3 C2 C1 NAG 1 O6 C6 is -118.841°
INFO:
Executing: torsion /B:3@C1 /B:1@O6 /B:1@C6 /B:1@C5
INFO:
Torsion angle for atoms /B FCA 3 C1 NAG 1 O6 C6 C5 is -157.107°
INFO:
Executing: close #1
INFO:
Executing: exit
STATUS:
Exiting ...
