WARNING:
Replacing fetcher for 'pdb_nmr' and format NMRSTAR from NMRSTAR bundle with that from NMRSTAR bundle
INFO:
UCSF ChimeraX version: 1.6.1 (2023-05-09)
INFO:
© 2016-2023 Regents of the University of California.  All rights reserved.
INFO:
Executing: open ./calc_dihedral_chimerax/calc_dihedral_part_01.cxc
INFO:
Executing: close #1
INFO:
Executing: close #1
INFO:
Executing: open ../../../pdbs/3fru.pdb
INFO:
_3fru.pdb_ title:  
 **Neonatal FC receptor, pH 6.5** [[more info...]](cxcmd:log metadata #1)  
  

INFO:
Chain information for 3fru.pdb #1  
---  
Chain | Description | UniProt  
[A](cxcmd:select /A:1-269 "Select chain") [C](cxcmd:select /C:1-269 "Select
chain") [E](cxcmd:select /E:1-269 "Select chain") | [neonatal FC
receptor](cxcmd:sequence chain #1/A#1/C#1/E "Show sequence") |
[FCGN_RAT](cxcmd:open P13599 from uniprot "Show annotations")
[1-269](cxcmd:select #1/A,C,E:1-269 "Select sequence")  
[B](cxcmd:select /B:1-99 "Select chain") [D](cxcmd:select /D:1-99 "Select
chain") [F](cxcmd:select /F:1-99 "Select chain") |
[β-2-microglobulin](cxcmd:sequence chain #1/B#1/D#1/F "Show sequence") |
[B2MG_RAT](cxcmd:open P07151 from uniprot "Show annotations")
[1-99](cxcmd:select #1/B,D,F:1-99 "Select sequence")  
  

INFO:
Non-standard residues in 3fru.pdb #1  
---  
[BMA](cxcmd:sel :BMA "select residue") — [β-D-
mannopyranose](http://www.rcsb.org/ligand/BMA "show residue info")  
[BME](cxcmd:sel :BME "select residue") —
[β-mercaptoethanol](http://www.rcsb.org/ligand/BME "show residue info")  
[FUC](cxcmd:sel :FUC "select residue") — [α-L-
fucopyranose](http://www.rcsb.org/ligand/FUC "show residue info")  
[FUL](cxcmd:sel :FUL "select residue") — [β-L-
fucopyranose](http://www.rcsb.org/ligand/FUL "show residue info") (6-deoxy-β-
L-galactose)  
[GAL](cxcmd:sel :GAL "select residue") — [β-D-
galactopyranose](http://www.rcsb.org/ligand/GAL "show residue info")  
[MAN](cxcmd:sel :MAN "select residue") — [α-D-
mannopyranose](http://www.rcsb.org/ligand/MAN "show residue info")  
[NAG](cxcmd:sel :NAG "select residue") — [2-acetamido-2-deoxy-β-D-
glucopyranose](http://www.rcsb.org/ligand/NAG "show residue info")  
[NDG](cxcmd:sel :NDG "select residue") — [2-acetamido-2-deoxy-α-D-
glucopyranose](http://www.rcsb.org/ligand/NDG "show residue info")  
[SO4](cxcmd:sel :SO4 "select residue") — [sulfate
ion](http://www.rcsb.org/ligand/SO4 "show residue info")  
  

INFO:
Executing: torsion /H:5@C2 /H:5@C1 /H:4@O2 /H:4@C2
INFO:
Torsion angle for atoms /H NDG 5 C2 C1 MAN 4 O2 C2 is -153.08°
INFO:
Executing: torsion /H:5@C1 /H:4@O2 /H:4@C2 /H:4@C3
INFO:
Torsion angle for atoms /H NDG 5 C1 MAN 4 O2 C2 C3 is 71.7718°
INFO:
Executing: close #1
INFO:
Executing: open ../../../pdbs/3agv.pdb
INFO:
_3agv.pdb_ title:  
 **Crystal structure of A human igg-aptamer complex**
[[more info...]](cxcmd:log metadata #1)  
  

INFO:
Chain information for 3agv.pdb #1  
---  
Chain | Description | UniProt  
[A](cxcmd:select /A:241-443 "Select chain") [B](cxcmd:select /B:237-444
"Select chain") | [IGG](cxcmd:sequence chain #1/A#1/B "Show sequence") |
[IGHG1_HUMAN](cxcmd:open P01857 from uniprot "Show annotations")
[237-447](cxcmd:select #1/A,B:237-447 "Select sequence")  
[S](cxcmd:select /S:1-23 "Select chain") [U](cxcmd:select /U:1-24 "Select
chain") | [5&#x27;-R(*GP*GP*ap*GP*GP*(uft)P*GP*(CFZ)P*(uft)P*(CFZ)P*(CFZ)
P*GP*ap*ap*A*GP*GP*ap*ap*(CFZ)P*(uft)P*(CFZ)P*(CFZ)P*A)-3&#x27;](cxcmd:sequence
chain #1/S#1/U "Show sequence") |  
  

INFO:
Non-standard residues in 3agv.pdb #1  
---  
[BMA](cxcmd:sel :BMA "select residue") — [β-D-
mannopyranose](http://www.rcsb.org/ligand/BMA "show residue info") (β-D-
mannose; D-mannose; mannose)  
[CA](cxcmd:sel :CA "select residue") — [calcium
ion](http://www.rcsb.org/ligand/CA "show residue info")  
[CFZ](cxcmd:sel :CFZ "select residue") — [2&#x27;-deoxy-2&#x27;-fluorocytidine
5&#x27;-(dihydrogen phosphate)](http://www.rcsb.org/ligand/CFZ "show residue
info")  
[FUL](cxcmd:sel :FUL "select residue") — [β-L-
fucopyranose](http://www.rcsb.org/ligand/FUL "show residue info") (β-L-fucose;
6-deoxy-β-L-galactopyranose; L-fucose; fucose; 6-deoxy-β-L-galactose)  
[GAL](cxcmd:sel :GAL "select residue") — [β-D-
galactopyranose](http://www.rcsb.org/ligand/GAL "show residue info") (β-D-
galactose; D-galactose; galactose)  
[GLA](cxcmd:sel :GLA "select residue") — [α-D-
galactopyranose](http://www.rcsb.org/ligand/GLA "show residue info") (α-D-
galactose; D-galactose; galactose; α D-galactose)  
[MAN](cxcmd:sel :MAN "select residue") — [α-D-
mannopyranose](http://www.rcsb.org/ligand/MAN "show residue info") (α-D-
mannose; D-mannose; mannose)  
[NAG](cxcmd:sel :NAG "select residue") — [2-acetamido-2-deoxy-β-D-
glucopyranose](http://www.rcsb.org/ligand/NAG "show residue info") (N-acetyl-
β-D-glucosamine; 2-acetamido-2-deoxy-β-D-glucose; 2-acetamido-2-deoxy-D-
glucose; 2-acetamido-2-deoxy-glucose; N-acetyl-D-glucosamine)  
[NDG](cxcmd:sel :NDG "select residue") — [2-acetamido-2-deoxy-α-D-
glucopyranose](http://www.rcsb.org/ligand/NDG "show residue info") (N-acetyl-
α-D-glucosamine; 2-acetamido-2-deoxy-α-D-glucose; 2-acetamido-2-deoxy-D-
glucose; 2-acetamido-2-deoxy-glucose; 2-(acetylamino)-2-deoxy-A-D-
glucopyranose)  
[UFT](cxcmd:sel :UFT "select residue") — [2&#x27;-deoxy-2&#x27;-fluorouridine
5&#x27;-(dihydrogen phosphate)](http://www.rcsb.org/ligand/UFT "show residue
info")  
  

INFO:
Executing: torsion /C:3@C2 /C:3@C1 /C:2@O2 /C:2@C2
INFO:
Torsion angle for atoms /C NDG 3 C2 C1 MAN 2 O2 C2 is -146.09°
INFO:
Executing: torsion /C:3@C1 /C:2@O2 /C:2@C2 /C:2@C3
INFO:
Torsion angle for atoms /C NDG 3 C1 MAN 2 O2 C2 C3 is 65.5386°
INFO:
Executing: close #1
INFO:
Executing: open ../../../pdbs/6p3r.pdb
INFO:
_6p3r.pdb_ title:  
 **Crystal structure of human fab H5.31 In complex with influenza A H5N1
vietnam hemagglutinin head domain** [[more info...]](cxcmd:log metadata #1)  
  

INFO:
Chain information for 6p3r.pdb #1  
---  
Chain | Description | UniProt  
[A](cxcmd:select /A:2-230 "Select chain") [C](cxcmd:select /C:1-230 "Select
chain") | [human fab H5.31 heavy chain](cxcmd:sequence chain #1/A#1/C "Show
sequence") |  
[B](cxcmd:select /B:1-215 "Select chain") [D](cxcmd:select /D:1-215 "Select
chain") | [human fab H5.31 light chain](cxcmd:sequence chain #1/B#1/D "Show
sequence") |  
[E](cxcmd:select /E:58-266 "Select chain") [L](cxcmd:select /L:58-267 "Select
chain") | [hemagglutinin](cxcmd:sequence chain #1/E#1/L "Show sequence") |
[Q1KHK2_9INFA](cxcmd:open Q1KHK2 from uniprot "Show annotations")
[58-268](cxcmd:select #1/E,L:58-268 "Select sequence")  
  

INFO:
Non-standard residues in 6p3r.pdb #1  
---  
[BMA](cxcmd:sel :BMA "select residue") — [β-D-
mannopyranose](http://www.rcsb.org/ligand/BMA "show residue info") (β-D-
mannose; D-mannose; mannose)  
[GAL](cxcmd:sel :GAL "select residue") — [β-D-
galactopyranose](http://www.rcsb.org/ligand/GAL "show residue info") (β-D-
galactose; D-galactose; galactose)  
[GLA](cxcmd:sel :GLA "select residue") — [α-D-
galactopyranose](http://www.rcsb.org/ligand/GLA "show residue info") (α-D-
galactose; D-galactose; galactose; α D-galactose)  
[MAN](cxcmd:sel :MAN "select residue") — [α-D-
mannopyranose](http://www.rcsb.org/ligand/MAN "show residue info") (α-D-
mannose; D-mannose; mannose)  
[NAG](cxcmd:sel :NAG "select residue") — [2-acetamido-2-deoxy-β-D-
glucopyranose](http://www.rcsb.org/ligand/NAG "show residue info") (N-acetyl-
β-D-glucosamine; 2-acetamido-2-deoxy-β-D-glucose; 2-acetamido-2-deoxy-D-
glucose; 2-acetamido-2-deoxy-glucose; N-acetyl-D-glucosamine)  
[NDG](cxcmd:sel :NDG "select residue") — [2-acetamido-2-deoxy-α-D-
glucopyranose](http://www.rcsb.org/ligand/NDG "show residue info") (N-acetyl-
α-D-glucosamine; 2-acetamido-2-deoxy-α-D-glucose; 2-acetamido-2-deoxy-D-
glucose; 2-acetamido-2-deoxy-glucose; 2-(acetylamino)-2-deoxy-A-D-
glucopyranose)  
[PO4](cxcmd:sel :PO4 "select residue") — [phosphate
ion](http://www.rcsb.org/ligand/PO4 "show residue info")  
[SIA](cxcmd:sel :SIA "select residue") — [N-acetyl-α-neuraminic
acid](http://www.rcsb.org/ligand/SIA "show residue info") (N-acetylneuraminic
acid; sialic acid; α-sialicacid; O-sialic acid)  
[Z9N](cxcmd:sel :Z9N "select residue") — [α-D-
fructofuranose](http://www.rcsb.org/ligand/Z9N "show residue info") (α-D-
fructose; D-fructose; fructose)  
  

INFO:
Executing: torsion /G:5@C2 /G:5@C1 /G:4@O2 /G:4@C2
INFO:
Torsion angle for atoms /G NDG 5 C2 C1 MAN 4 O2 C2 is 146.247°
INFO:
Executing: torsion /G:5@C1 /G:4@O2 /G:4@C2 /G:4@C3
INFO:
Torsion angle for atoms /G NDG 5 C1 MAN 4 O2 C2 C3 is 128.013°
INFO:
Executing: close #1
INFO:
Executing: open ../../../pdbs/3es6.pdb
INFO:
_3es6.pdb_ title:  
 **Crystal structure of the novel complex formed between zinc 2- glycoprotein
(zag) and prolactin inducible protein (pip) from human seminal plasma**
[[more info...]](cxcmd:log metadata #1)  
  

INFO:
Chain information for 3es6.pdb #1  
---  
Chain | Description | UniProt  
[A](cxcmd:select /A:1-277 "Select chain") |
[zinc-α-2-glycoprotein](cxcmd:sequence chain #1/A "Show sequence") |
[ZA2G_HUMAN](cxcmd:open P25311 from uniprot "Show annotations")
[1-278](cxcmd:select #1/A:1-278 "Select sequence")  
[B](cxcmd:select /B:1-118 "Select chain") | [prolactin-inducible
protein](cxcmd:sequence chain #1/B "Show sequence") | [PIP_HUMAN](cxcmd:open
P12273 from uniprot "Show annotations") [1-118](cxcmd:select #1/B:1-118
"Select sequence")  
  

INFO:
Non-standard residues in 3es6.pdb #1  
---  
[BMA](cxcmd:sel :BMA "select residue") — [β-D-
mannopyranose](http://www.rcsb.org/ligand/BMA "show residue info") (β-D-
mannose; D-mannose; mannose)  
[CO3](cxcmd:sel :CO3 "select residue") — [carbonate
ion](http://www.rcsb.org/ligand/CO3 "show residue info")  
[MAN](cxcmd:sel :MAN "select residue") — [α-D-
mannopyranose](http://www.rcsb.org/ligand/MAN "show residue info") (α-D-
mannose; D-mannose; mannose)  
[NAG](cxcmd:sel :NAG "select residue") — [2-acetamido-2-deoxy-β-D-
glucopyranose](http://www.rcsb.org/ligand/NAG "show residue info") (N-acetyl-
β-D-glucosamine; 2-acetamido-2-deoxy-β-D-glucose; 2-acetamido-2-deoxy-D-
glucose; 2-acetamido-2-deoxy-glucose; N-acetyl-D-glucosamine)  
[NDG](cxcmd:sel :NDG "select residue") — [2-acetamido-2-deoxy-α-D-
glucopyranose](http://www.rcsb.org/ligand/NDG "show residue info") (N-acetyl-
α-D-glucosamine; 2-acetamido-2-deoxy-α-D-glucose; 2-acetamido-2-deoxy-D-
glucose; 2-acetamido-2-deoxy-glucose; 2-(acetylamino)-2-deoxy-A-D-
glucopyranose)  
[P6G](cxcmd:sel :P6G "select residue") — [hexaethylene
glycol](http://www.rcsb.org/ligand/P6G "show residue info") (polyethylene
glycol PEG400)  
  

INFO:
Executing: torsion /C:5@C2 /C:5@C1 /C:4@O2 /C:4@C2
INFO:
Torsion angle for atoms /C NDG 5 C2 C1 MAN 4 O2 C2 is -145.792°
INFO:
Executing: torsion /C:5@C1 /C:4@O2 /C:4@C2 /C:4@C3
INFO:
Torsion angle for atoms /C NDG 5 C1 MAN 4 O2 C2 C3 is 1.73999°
INFO:
Executing: close #1
INFO:
Executing: open ../../../pdbs/1i1a.pdb
INFO:
_1i1a.pdb_ title:  
 **Crystal structure of the neonatal FC receptor complexed with A
heterodimeric FC** [[more info...]](cxcmd:log metadata #1)  
  

INFO:
Chain information for 1i1a.pdb #1  
---  
Chain | Description | UniProt  
[A](cxcmd:select /A:5-269 "Select chain") | [neonatal FC receptor
A](cxcmd:sequence chain #1/A "Show sequence") | [FCGN_RAT](cxcmd:open P13599
from uniprot "Show annotations") [1-269](cxcmd:select #1/A:1-269 "Select
sequence")  
[B](cxcmd:select /B:1-99 "Select chain") | [HDFC](cxcmd:sequence chain #1/B
"Show sequence") | [B2MG_RAT](cxcmd:open P07151 from uniprot "Show
annotations") [1-99](cxcmd:select #1/B:1-99 "Select sequence")  
[C](cxcmd:select /C:239-443 "Select chain") | [WTFC](cxcmd:sequence chain #1/C
"Show sequence") | [GCA_RAT](cxcmd:open P20760 from uniprot "Show
annotations") [223-447](cxcmd:select #1/C:223-447 "Select sequence")  
[D](cxcmd:select /D:239-443 "Select chain") | [NBFC](cxcmd:sequence chain #1/D
"Show sequence") | [GCA_RAT](cxcmd:open P20760 from uniprot "Show
annotations") [223-447](cxcmd:select #1/D:223-447 "Select sequence")  
  

INFO:
Non-standard residues in 1i1a.pdb #1  
---  
[BMA](cxcmd:sel :BMA "select residue") — [β-D-
mannopyranose](http://www.rcsb.org/ligand/BMA "show residue info") (β-D-
mannose; D-mannose; mannose)  
[CYS](cxcmd:sel :CYS "select residue") —
[cysteine](http://www.rcsb.org/ligand/CYS "show residue info")  
[FUC](cxcmd:sel :FUC "select residue") — [α-L-
fucopyranose](http://www.rcsb.org/ligand/FUC "show residue info") (α-L-fucose;
6-deoxy-α-L-galactopyranose; L-fucose; fucose)  
[FUL](cxcmd:sel :FUL "select residue") — [β-L-
fucopyranose](http://www.rcsb.org/ligand/FUL "show residue info") (β-L-fucose;
6-deoxy-β-L-galactopyranose; L-fucose; fucose; 6-deoxy-β-L-galactose)  
[MAN](cxcmd:sel :MAN "select residue") — [α-D-
mannopyranose](http://www.rcsb.org/ligand/MAN "show residue info") (α-D-
mannose; D-mannose; mannose)  
[NAG](cxcmd:sel :NAG "select residue") — [2-acetamido-2-deoxy-β-D-
glucopyranose](http://www.rcsb.org/ligand/NAG "show residue info") (N-acetyl-
β-D-glucosamine; 2-acetamido-2-deoxy-β-D-glucose; 2-acetamido-2-deoxy-D-
glucose; 2-acetamido-2-deoxy-glucose; N-acetyl-D-glucosamine)  
[NDG](cxcmd:sel :NDG "select residue") — [2-acetamido-2-deoxy-α-D-
glucopyranose](http://www.rcsb.org/ligand/NDG "show residue info") (N-acetyl-
α-D-glucosamine; 2-acetamido-2-deoxy-α-D-glucose; 2-acetamido-2-deoxy-D-
glucose; 2-acetamido-2-deoxy-glucose; 2-(acetylamino)-2-deoxy-A-D-
glucopyranose)  
  

INFO:
Executing: torsion /F:5@C2 /F:5@C1 /F:4@O2 /F:4@C2
INFO:
Torsion angle for atoms /F NDG 5 C2 C1 MAN 4 O2 C2 is 56.0123°
INFO:
Executing: torsion /F:5@C1 /F:4@O2 /F:4@C2 /F:4@C3
INFO:
Torsion angle for atoms /F NDG 5 C1 MAN 4 O2 C2 C3 is 114.055°
INFO:
Executing: close #1
INFO:
Executing: open ../../../pdbs/6p3s.pdb
INFO:
_6p3s.pdb_ title:  
 **Crystal structure of human fab H5.28 In complex with influenza A H5N1
vietnam hemagglutinin head domain** [[more info...]](cxcmd:log metadata #1)  
  

INFO:
Chain information for 6p3s.pdb #1  
---  
Chain | Description | UniProt  
[A](cxcmd:select /A:2-230 "Select chain") [C](cxcmd:select /C:1-229 "Select
chain") [F](cxcmd:select /F:1-227 "Select chain") [I](cxcmd:select /I:1-230
"Select chain") [M](cxcmd:select /M:1-232 "Select chain") [P](cxcmd:select
/P:5-232 "Select chain") [S](cxcmd:select /S:1-229 "Select chain")
[V](cxcmd:select /V:1-227 "Select chain") | [human fab H5.28 heavy
chain](cxcmd:sequence chain #1/A#1/C#1/F#1/I#1/M#1/P#1/S#1/V "Show sequence")
|  
[B](cxcmd:select /B:1-215 "Select chain") [D](cxcmd:select /D:2-215 "Select
chain") [G](cxcmd:select /G:1-214 "Select chain") [J](cxcmd:select /J:1-203
"Select chain") [N](cxcmd:select /N:1-214 "Select chain") [Q](cxcmd:select
/Q:2-210 "Select chain") [T](cxcmd:select /T:2-215 "Select chain")
[W](cxcmd:select /W:1-208 "Select chain") | [human fab H5.28 light
chain](cxcmd:sequence chain #1/B#1/D#1/G#1/J#1/N#1/Q#1/T#1/W "Show sequence")
|  
[E](cxcmd:select /E:58-265 "Select chain") [H](cxcmd:select /H:58-266 "Select
chain") [K](cxcmd:select /K:58-266 "Select chain") [L](cxcmd:select /L:63-266
"Select chain") [O](cxcmd:select /O:58-266 "Select chain") [R](cxcmd:select
/R:58-265 "Select chain") [U](cxcmd:select /U:60-266 "Select chain")
[X](cxcmd:select /X:61-265 "Select chain") | [hemagglutinin](cxcmd:sequence
chain #1/E#1/H#1/K#1/L#1/O#1/R#1/U#1/X "Show sequence") |
[Q1KHK2_9INFA](cxcmd:open Q1KHK2 from uniprot "Show annotations")
[58-268](cxcmd:select #1/E,H,K,L,O,R,U,X:58-268 "Select sequence")  
  

INFO:
Non-standard residues in 6p3s.pdb #1  
---  
[BMA](cxcmd:sel :BMA "select residue") — [β-D-
mannopyranose](http://www.rcsb.org/ligand/BMA "show residue info") (β-D-
mannose; D-mannose; mannose)  
[GAL](cxcmd:sel :GAL "select residue") — [β-D-
galactopyranose](http://www.rcsb.org/ligand/GAL "show residue info") (β-D-
galactose; D-galactose; galactose)  
[GLA](cxcmd:sel :GLA "select residue") — [α-D-
galactopyranose](http://www.rcsb.org/ligand/GLA "show residue info") (α-D-
galactose; D-galactose; galactose; α D-galactose)  
[MAN](cxcmd:sel :MAN "select residue") — [α-D-
mannopyranose](http://www.rcsb.org/ligand/MAN "show residue info") (α-D-
mannose; D-mannose; mannose)  
[NAG](cxcmd:sel :NAG "select residue") — [2-acetamido-2-deoxy-β-D-
glucopyranose](http://www.rcsb.org/ligand/NAG "show residue info") (N-acetyl-
β-D-glucosamine; 2-acetamido-2-deoxy-β-D-glucose; 2-acetamido-2-deoxy-D-
glucose; 2-acetamido-2-deoxy-glucose; N-acetyl-D-glucosamine)  
[NDG](cxcmd:sel :NDG "select residue") — [2-acetamido-2-deoxy-α-D-
glucopyranose](http://www.rcsb.org/ligand/NDG "show residue info") (N-acetyl-
α-D-glucosamine; 2-acetamido-2-deoxy-α-D-glucose; 2-acetamido-2-deoxy-D-
glucose; 2-acetamido-2-deoxy-glucose; 2-(acetylamino)-2-deoxy-A-D-
glucopyranose)  
[SIA](cxcmd:sel :SIA "select residue") — [N-acetyl-α-neuraminic
acid](http://www.rcsb.org/ligand/SIA "show residue info") (N-acetylneuraminic
acid; sialic acid; α-sialicacid; O-sialic acid)  
  

INFO:
Executing: torsion /Y:5@C2 /Y:5@C1 /Y:4@O2 /Y:4@C2
INFO:
Torsion angle for atoms /Y NDG 5 C2 C1 MAN 4 O2 C2 is -140.537°
INFO:
Executing: torsion /Y:5@C1 /Y:4@O2 /Y:4@C2 /Y:4@C3
INFO:
Torsion angle for atoms /Y NDG 5 C1 MAN 4 O2 C2 C3 is -10.2648°
INFO:
Executing: close #1
INFO:
Executing: open ../../../pdbs/6p3s.pdb
INFO:
_6p3s.pdb_ title:  
 **Crystal structure of human fab H5.28 In complex with influenza A H5N1
vietnam hemagglutinin head domain** [[more info...]](cxcmd:log metadata #1)  
  

INFO:
Chain information for 6p3s.pdb #1  
---  
Chain | Description | UniProt  
[A](cxcmd:select /A:2-230 "Select chain") [C](cxcmd:select /C:1-229 "Select
chain") [F](cxcmd:select /F:1-227 "Select chain") [I](cxcmd:select /I:1-230
"Select chain") [M](cxcmd:select /M:1-232 "Select chain") [P](cxcmd:select
/P:5-232 "Select chain") [S](cxcmd:select /S:1-229 "Select chain")
[V](cxcmd:select /V:1-227 "Select chain") | [human fab H5.28 heavy
chain](cxcmd:sequence chain #1/A#1/C#1/F#1/I#1/M#1/P#1/S#1/V "Show sequence")
|  
[B](cxcmd:select /B:1-215 "Select chain") [D](cxcmd:select /D:2-215 "Select
chain") [G](cxcmd:select /G:1-214 "Select chain") [J](cxcmd:select /J:1-203
"Select chain") [N](cxcmd:select /N:1-214 "Select chain") [Q](cxcmd:select
/Q:2-210 "Select chain") [T](cxcmd:select /T:2-215 "Select chain")
[W](cxcmd:select /W:1-208 "Select chain") | [human fab H5.28 light
chain](cxcmd:sequence chain #1/B#1/D#1/G#1/J#1/N#1/Q#1/T#1/W "Show sequence")
|  
[E](cxcmd:select /E:58-265 "Select chain") [H](cxcmd:select /H:58-266 "Select
chain") [K](cxcmd:select /K:58-266 "Select chain") [L](cxcmd:select /L:63-266
"Select chain") [O](cxcmd:select /O:58-266 "Select chain") [R](cxcmd:select
/R:58-265 "Select chain") [U](cxcmd:select /U:60-266 "Select chain")
[X](cxcmd:select /X:61-265 "Select chain") | [hemagglutinin](cxcmd:sequence
chain #1/E#1/H#1/K#1/L#1/O#1/R#1/U#1/X "Show sequence") |
[Q1KHK2_9INFA](cxcmd:open Q1KHK2 from uniprot "Show annotations")
[58-268](cxcmd:select #1/E,H,K,L,O,R,U,X:58-268 "Select sequence")  
  

INFO:
Non-standard residues in 6p3s.pdb #1  
---  
[BMA](cxcmd:sel :BMA "select residue") — [β-D-
mannopyranose](http://www.rcsb.org/ligand/BMA "show residue info") (β-D-
mannose; D-mannose; mannose)  
[GAL](cxcmd:sel :GAL "select residue") — [β-D-
galactopyranose](http://www.rcsb.org/ligand/GAL "show residue info") (β-D-
galactose; D-galactose; galactose)  
[GLA](cxcmd:sel :GLA "select residue") — [α-D-
galactopyranose](http://www.rcsb.org/ligand/GLA "show residue info") (α-D-
galactose; D-galactose; galactose; α D-galactose)  
[MAN](cxcmd:sel :MAN "select residue") — [α-D-
mannopyranose](http://www.rcsb.org/ligand/MAN "show residue info") (α-D-
mannose; D-mannose; mannose)  
[NAG](cxcmd:sel :NAG "select residue") — [2-acetamido-2-deoxy-β-D-
glucopyranose](http://www.rcsb.org/ligand/NAG "show residue info") (N-acetyl-
β-D-glucosamine; 2-acetamido-2-deoxy-β-D-glucose; 2-acetamido-2-deoxy-D-
glucose; 2-acetamido-2-deoxy-glucose; N-acetyl-D-glucosamine)  
[NDG](cxcmd:sel :NDG "select residue") — [2-acetamido-2-deoxy-α-D-
glucopyranose](http://www.rcsb.org/ligand/NDG "show residue info") (N-acetyl-
α-D-glucosamine; 2-acetamido-2-deoxy-α-D-glucose; 2-acetamido-2-deoxy-D-
glucose; 2-acetamido-2-deoxy-glucose; 2-(acetylamino)-2-deoxy-A-D-
glucopyranose)  
[SIA](cxcmd:sel :SIA "select residue") — [N-acetyl-α-neuraminic
acid](http://www.rcsb.org/ligand/SIA "show residue info") (N-acetylneuraminic
acid; sialic acid; α-sialicacid; O-sialic acid)  
  

INFO:
Executing: torsion /a:4@C2 /a:4@C1 /a:3@O2 /a:3@C2
INFO:
Torsion angle for atoms /a NDG 4 C2 C1 MAN 3 O2 C2 is -158.192°
INFO:
Executing: torsion /a:4@C1 /a:3@O2 /a:3@C2 /a:3@C3
INFO:
Torsion angle for atoms /a NDG 4 C1 MAN 3 O2 C2 C3 is 90.5411°
INFO:
Executing: close #1
INFO:
Executing: open ../../../pdbs/6p3s.pdb
INFO:
_6p3s.pdb_ title:  
 **Crystal structure of human fab H5.28 In complex with influenza A H5N1
vietnam hemagglutinin head domain** [[more info...]](cxcmd:log metadata #1)  
  

INFO:
Chain information for 6p3s.pdb #1  
---  
Chain | Description | UniProt  
[A](cxcmd:select /A:2-230 "Select chain") [C](cxcmd:select /C:1-229 "Select
chain") [F](cxcmd:select /F:1-227 "Select chain") [I](cxcmd:select /I:1-230
"Select chain") [M](cxcmd:select /M:1-232 "Select chain") [P](cxcmd:select
/P:5-232 "Select chain") [S](cxcmd:select /S:1-229 "Select chain")
[V](cxcmd:select /V:1-227 "Select chain") | [human fab H5.28 heavy
chain](cxcmd:sequence chain #1/A#1/C#1/F#1/I#1/M#1/P#1/S#1/V "Show sequence")
|  
[B](cxcmd:select /B:1-215 "Select chain") [D](cxcmd:select /D:2-215 "Select
chain") [G](cxcmd:select /G:1-214 "Select chain") [J](cxcmd:select /J:1-203
"Select chain") [N](cxcmd:select /N:1-214 "Select chain") [Q](cxcmd:select
/Q:2-210 "Select chain") [T](cxcmd:select /T:2-215 "Select chain")
[W](cxcmd:select /W:1-208 "Select chain") | [human fab H5.28 light
chain](cxcmd:sequence chain #1/B#1/D#1/G#1/J#1/N#1/Q#1/T#1/W "Show sequence")
|  
[E](cxcmd:select /E:58-265 "Select chain") [H](cxcmd:select /H:58-266 "Select
chain") [K](cxcmd:select /K:58-266 "Select chain") [L](cxcmd:select /L:63-266
"Select chain") [O](cxcmd:select /O:58-266 "Select chain") [R](cxcmd:select
/R:58-265 "Select chain") [U](cxcmd:select /U:60-266 "Select chain")
[X](cxcmd:select /X:61-265 "Select chain") | [hemagglutinin](cxcmd:sequence
chain #1/E#1/H#1/K#1/L#1/O#1/R#1/U#1/X "Show sequence") |
[Q1KHK2_9INFA](cxcmd:open Q1KHK2 from uniprot "Show annotations")
[58-268](cxcmd:select #1/E,H,K,L,O,R,U,X:58-268 "Select sequence")  
  

INFO:
Non-standard residues in 6p3s.pdb #1  
---  
[BMA](cxcmd:sel :BMA "select residue") — [β-D-
mannopyranose](http://www.rcsb.org/ligand/BMA "show residue info") (β-D-
mannose; D-mannose; mannose)  
[GAL](cxcmd:sel :GAL "select residue") — [β-D-
galactopyranose](http://www.rcsb.org/ligand/GAL "show residue info") (β-D-
galactose; D-galactose; galactose)  
[GLA](cxcmd:sel :GLA "select residue") — [α-D-
galactopyranose](http://www.rcsb.org/ligand/GLA "show residue info") (α-D-
galactose; D-galactose; galactose; α D-galactose)  
[MAN](cxcmd:sel :MAN "select residue") — [α-D-
mannopyranose](http://www.rcsb.org/ligand/MAN "show residue info") (α-D-
mannose; D-mannose; mannose)  
[NAG](cxcmd:sel :NAG "select residue") — [2-acetamido-2-deoxy-β-D-
glucopyranose](http://www.rcsb.org/ligand/NAG "show residue info") (N-acetyl-
β-D-glucosamine; 2-acetamido-2-deoxy-β-D-glucose; 2-acetamido-2-deoxy-D-
glucose; 2-acetamido-2-deoxy-glucose; N-acetyl-D-glucosamine)  
[NDG](cxcmd:sel :NDG "select residue") — [2-acetamido-2-deoxy-α-D-
glucopyranose](http://www.rcsb.org/ligand/NDG "show residue info") (N-acetyl-
α-D-glucosamine; 2-acetamido-2-deoxy-α-D-glucose; 2-acetamido-2-deoxy-D-
glucose; 2-acetamido-2-deoxy-glucose; 2-(acetylamino)-2-deoxy-A-D-
glucopyranose)  
[SIA](cxcmd:sel :SIA "select residue") — [N-acetyl-α-neuraminic
acid](http://www.rcsb.org/ligand/SIA "show residue info") (N-acetylneuraminic
acid; sialic acid; α-sialicacid; O-sialic acid)  
  

INFO:
Executing: torsion /f:5@C2 /f:5@C1 /f:4@O2 /f:4@C2
INFO:
Torsion angle for atoms /f NDG 5 C2 C1 MAN 4 O2 C2 is -153.702°
INFO:
Executing: torsion /f:5@C1 /f:4@O2 /f:4@C2 /f:4@C3
INFO:
Torsion angle for atoms /f NDG 5 C1 MAN 4 O2 C2 C3 is 60.9368°
INFO:
Executing: close #1
INFO:
Executing: open ../../../pdbs/5y56.pdb
INFO:
_5y56.pdb_ title:  
 **FC mutant (K392D/K409D/D399K)** [[more info...]](cxcmd:log metadata #1)  
  

INFO:
Chain information for 5y56.pdb #1  
---  
Chain | Description | UniProt  
[A](cxcmd:select /A:236-443 "Select chain") [B](cxcmd:select /B:236-443
"Select chain") | [immunoglobulin γ-1 heavy chain NIE](cxcmd:sequence chain
#1/A#1/B "Show sequence") | [IGG1_HUMAN](cxcmd:open P0DOX5 from uniprot "Show
annotations") [236-443](cxcmd:select #1/A,B:236-443 "Select sequence")  
  

INFO:
Non-standard residues in 5y56.pdb #1  
---  
[BMA](cxcmd:sel :BMA "select residue") — [β-D-
mannopyranose](http://www.rcsb.org/ligand/BMA "show residue info") (β-D-
mannose; D-mannose; mannose)  
[FUL](cxcmd:sel :FUL "select residue") — [β-L-
fucopyranose](http://www.rcsb.org/ligand/FUL "show residue info") (β-L-fucose;
6-deoxy-β-L-galactopyranose; L-fucose; fucose; 6-deoxy-β-L-galactose)  
[GAL](cxcmd:sel :GAL "select residue") — [β-D-
galactopyranose](http://www.rcsb.org/ligand/GAL "show residue info") (β-D-
galactose; D-galactose; galactose)  
[MAN](cxcmd:sel :MAN "select residue") — [α-D-
mannopyranose](http://www.rcsb.org/ligand/MAN "show residue info") (α-D-
mannose; D-mannose; mannose)  
[NAG](cxcmd:sel :NAG "select residue") — [2-acetamido-2-deoxy-β-D-
glucopyranose](http://www.rcsb.org/ligand/NAG "show residue info") (N-acetyl-
β-D-glucosamine; 2-acetamido-2-deoxy-β-D-glucose; 2-acetamido-2-deoxy-D-
glucose; 2-acetamido-2-deoxy-glucose; N-acetyl-D-glucosamine)  
[NDG](cxcmd:sel :NDG "select residue") — [2-acetamido-2-deoxy-α-D-
glucopyranose](http://www.rcsb.org/ligand/NDG "show residue info") (N-acetyl-
α-D-glucosamine; 2-acetamido-2-deoxy-α-D-glucose; 2-acetamido-2-deoxy-D-
glucose; 2-acetamido-2-deoxy-glucose; 2-(acetylamino)-2-deoxy-A-D-
glucopyranose)  
  

INFO:
Executing: torsion /D:5@C2 /D:5@C1 /D:4@O2 /D:4@C2
INFO:
Torsion angle for atoms /D NDG 5 C2 C1 MAN 4 O2 C2 is 142.287°
INFO:
Executing: torsion /D:5@C1 /D:4@O2 /D:4@C2 /D:4@C3
INFO:
Torsion angle for atoms /D NDG 5 C1 MAN 4 O2 C2 C3 is 95.4409°
INFO:
Executing: close #1
INFO:
Executing: open ../../../pdbs/5y56.pdb
INFO:
_5y56.pdb_ title:  
 **FC mutant (K392D/K409D/D399K)** [[more info...]](cxcmd:log metadata #1)  
  

INFO:
Chain information for 5y56.pdb #1  
---  
Chain | Description | UniProt  
[A](cxcmd:select /A:236-443 "Select chain") [B](cxcmd:select /B:236-443
"Select chain") | [immunoglobulin γ-1 heavy chain NIE](cxcmd:sequence chain
#1/A#1/B "Show sequence") | [IGG1_HUMAN](cxcmd:open P0DOX5 from uniprot "Show
annotations") [236-443](cxcmd:select #1/A,B:236-443 "Select sequence")  
  

INFO:
Non-standard residues in 5y56.pdb #1  
---  
[BMA](cxcmd:sel :BMA "select residue") — [β-D-
mannopyranose](http://www.rcsb.org/ligand/BMA "show residue info") (β-D-
mannose; D-mannose; mannose)  
[FUL](cxcmd:sel :FUL "select residue") — [β-L-
fucopyranose](http://www.rcsb.org/ligand/FUL "show residue info") (β-L-fucose;
6-deoxy-β-L-galactopyranose; L-fucose; fucose; 6-deoxy-β-L-galactose)  
[GAL](cxcmd:sel :GAL "select residue") — [β-D-
galactopyranose](http://www.rcsb.org/ligand/GAL "show residue info") (β-D-
galactose; D-galactose; galactose)  
[MAN](cxcmd:sel :MAN "select residue") — [α-D-
mannopyranose](http://www.rcsb.org/ligand/MAN "show residue info") (α-D-
mannose; D-mannose; mannose)  
[NAG](cxcmd:sel :NAG "select residue") — [2-acetamido-2-deoxy-β-D-
glucopyranose](http://www.rcsb.org/ligand/NAG "show residue info") (N-acetyl-
β-D-glucosamine; 2-acetamido-2-deoxy-β-D-glucose; 2-acetamido-2-deoxy-D-
glucose; 2-acetamido-2-deoxy-glucose; N-acetyl-D-glucosamine)  
[NDG](cxcmd:sel :NDG "select residue") — [2-acetamido-2-deoxy-α-D-
glucopyranose](http://www.rcsb.org/ligand/NDG "show residue info") (N-acetyl-
α-D-glucosamine; 2-acetamido-2-deoxy-α-D-glucose; 2-acetamido-2-deoxy-D-
glucose; 2-acetamido-2-deoxy-glucose; 2-(acetylamino)-2-deoxy-A-D-
glucopyranose)  
  

INFO:
Executing: torsion /C:5@C2 /C:5@C1 /C:4@O2 /C:4@C2
INFO:
Torsion angle for atoms /C NDG 5 C2 C1 MAN 4 O2 C2 is 131.478°
INFO:
Executing: torsion /C:5@C1 /C:4@O2 /C:4@C2 /C:4@C3
INFO:
Torsion angle for atoms /C NDG 5 C1 MAN 4 O2 C2 C3 is 106.762°
INFO:
Executing: close #1
INFO:
Executing: open ../../../pdbs/1oqo.pdb
INFO:
_1oqo.pdb_ title:  
 **Complex between G0 version of an FC bound to A minimized version of protein
A called mini-Z** [[more info...]](cxcmd:log metadata #1)  
  

INFO:
Chain information for 1oqo.pdb #1  
---  
Chain | Description  
[A](cxcmd:select /A:237-444 "Select chain") [B](cxcmd:select /B:236-443
"Select chain") | [immunoglobulin γ-1 heavy chain constant
region](cxcmd:sequence chain #1/A#1/B "Show sequence")  
[C](cxcmd:select /C:6-39 "Select chain") [D](cxcmd:select /D:6-39 "Select
chain") | [minimized version of protein A (Z34C)](cxcmd:sequence chain
#1/C#1/D "Show sequence")  
  

INFO:
Non-standard residues in 1oqo.pdb #1  
---  
[BMA](cxcmd:sel :BMA "select residue") — [β-D-
mannopyranose](http://www.rcsb.org/ligand/BMA "show residue info") (β-D-
mannose; D-mannose; mannose)  
[FUC](cxcmd:sel :FUC "select residue") — [α-L-
fucopyranose](http://www.rcsb.org/ligand/FUC "show residue info") (α-L-fucose;
6-deoxy-α-L-galactopyranose; L-fucose; fucose)  
[FUL](cxcmd:sel :FUL "select residue") — [β-L-
fucopyranose](http://www.rcsb.org/ligand/FUL "show residue info") (β-L-fucose;
6-deoxy-β-L-galactopyranose; L-fucose; fucose; 6-deoxy-β-L-galactose)  
[MAN](cxcmd:sel :MAN "select residue") — [α-D-
mannopyranose](http://www.rcsb.org/ligand/MAN "show residue info") (α-D-
mannose; D-mannose; mannose)  
[NAG](cxcmd:sel :NAG "select residue") — [2-acetamido-2-deoxy-β-D-
glucopyranose](http://www.rcsb.org/ligand/NAG "show residue info") (N-acetyl-
β-D-glucosamine; 2-acetamido-2-deoxy-β-D-glucose; 2-acetamido-2-deoxy-D-
glucose; 2-acetamido-2-deoxy-glucose; N-acetyl-D-glucosamine)  
[NDG](cxcmd:sel :NDG "select residue") — [2-acetamido-2-deoxy-α-D-
glucopyranose](http://www.rcsb.org/ligand/NDG "show residue info") (N-acetyl-
α-D-glucosamine; 2-acetamido-2-deoxy-α-D-glucose; 2-acetamido-2-deoxy-D-
glucose; 2-acetamido-2-deoxy-glucose; 2-(acetylamino)-2-deoxy-A-D-
glucopyranose)  
  

INFO:
Executing: torsion /F:5@C2 /F:5@C1 /F:4@O2 /F:4@C2
INFO:
Torsion angle for atoms /F NDG 5 C2 C1 MAN 4 O2 C2 is -122.811°
INFO:
Executing: torsion /F:5@C1 /F:4@O2 /F:4@C2 /F:4@C3
INFO:
Torsion angle for atoms /F NDG 5 C1 MAN 4 O2 C2 C3 is -29.5878°
INFO:
Executing: close #1
INFO:
Executing: open ../../../pdbs/1t83.pdb
INFO:
_1t83.pdb_ title:  
 **Crystal structure of A human type III FC γ receptor In complex with an FC
fragment of IGG1 (orthorhombic)** [[more info...]](cxcmd:log metadata #1)  
  

INFO:
Chain information for 1t83.pdb #1  
---  
Chain | Description | UniProt  
[A](cxcmd:select /A:235-444 "Select chain") [B](cxcmd:select /B:232-443
"Select chain") | [IGG1](cxcmd:sequence chain #1/A#1/B "Show sequence") |  
[C](cxcmd:select /C:5-171 "Select chain") | [low affinity immunoglobulin γ FC
region receptor III-B](cxcmd:sequence chain #1/C "Show sequence") |
[FC3B_HUMAN](cxcmd:open O75015 from uniprot "Show annotations")
[1-176](cxcmd:select #1/C:1-176 "Select sequence")  
  

INFO:
Non-standard residues in 1t83.pdb #1  
---  
[BMA](cxcmd:sel :BMA "select residue") — [β-D-
mannopyranose](http://www.rcsb.org/ligand/BMA "show residue info") (β-D-
mannose; D-mannose; mannose)  
[FUL](cxcmd:sel :FUL "select residue") — [β-L-
fucopyranose](http://www.rcsb.org/ligand/FUL "show residue info") (β-L-fucose;
6-deoxy-β-L-galactopyranose; L-fucose; fucose; 6-deoxy-β-L-galactose)  
[GAL](cxcmd:sel :GAL "select residue") — [β-D-
galactopyranose](http://www.rcsb.org/ligand/GAL "show residue info") (β-D-
galactose; D-galactose; galactose)  
[HG2](cxcmd:sel :HG2 "select residue") —
[dibromomercury](http://www.rcsb.org/ligand/HG2 "show residue info")  
[MAN](cxcmd:sel :MAN "select residue") — [α-D-
mannopyranose](http://www.rcsb.org/ligand/MAN "show residue info") (α-D-
mannose; D-mannose; mannose)  
[NAG](cxcmd:sel :NAG "select residue") — [2-acetamido-2-deoxy-β-D-
glucopyranose](http://www.rcsb.org/ligand/NAG "show residue info") (N-acetyl-
β-D-glucosamine; 2-acetamido-2-deoxy-β-D-glucose; 2-acetamido-2-deoxy-D-
glucose; 2-acetamido-2-deoxy-glucose; N-acetyl-D-glucosamine)  
[NDG](cxcmd:sel :NDG "select residue") — [2-acetamido-2-deoxy-α-D-
glucopyranose](http://www.rcsb.org/ligand/NDG "show residue info") (N-acetyl-
α-D-glucosamine; 2-acetamido-2-deoxy-α-D-glucose; 2-acetamido-2-deoxy-D-
glucose; 2-acetamido-2-deoxy-glucose; 2-(acetylamino)-2-deoxy-A-D-
glucopyranose)  
  

INFO:
Executing: torsion /D:5@C2 /D:5@C1 /D:4@O2 /D:4@C2
INFO:
Torsion angle for atoms /D NDG 5 C2 C1 MAN 4 O2 C2 is -115.14°
INFO:
Executing: torsion /D:5@C1 /D:4@O2 /D:4@C2 /D:4@C3
INFO:
Torsion angle for atoms /D NDG 5 C1 MAN 4 O2 C2 C3 is -1.18755°
INFO:
Executing: close #1
INFO:
Executing: open ../../../pdbs/1t89.pdb
INFO:
_1t89.pdb_ title:  
 **Crystal structure of A human type III FC γ receptor In complex with an FC
fragment of IGG1 (hexagonal)** [[more info...]](cxcmd:log metadata #1)  
  

INFO:
Chain information for 1t89.pdb #1  
---  
Chain | Description | UniProt  
[A](cxcmd:select /A:235-444 "Select chain") [B](cxcmd:select /B:231-443
"Select chain") | [recombinant IGG1 heavy chain](cxcmd:sequence chain #1/A#1/B
"Show sequence") |  
[C](cxcmd:select /C:5-171 "Select chain") | [low affinity immunoglobulin γ FC
region receptor III-B](cxcmd:sequence chain #1/C "Show sequence") |
[FC3B_HUMAN](cxcmd:open O75015 from uniprot "Show annotations")
[1-176](cxcmd:select #1/C:1-176 "Select sequence")  
  

INFO:
Non-standard residues in 1t89.pdb #1  
---  
[BMA](cxcmd:sel :BMA "select residue") — [β-D-
mannopyranose](http://www.rcsb.org/ligand/BMA "show residue info") (β-D-
mannose; D-mannose; mannose)  
[FUC](cxcmd:sel :FUC "select residue") — [α-L-
fucopyranose](http://www.rcsb.org/ligand/FUC "show residue info") (α-L-fucose;
6-deoxy-α-L-galactopyranose; L-fucose; fucose)  
[FUL](cxcmd:sel :FUL "select residue") — [β-L-
fucopyranose](http://www.rcsb.org/ligand/FUL "show residue info") (β-L-fucose;
6-deoxy-β-L-galactopyranose; L-fucose; fucose; 6-deoxy-β-L-galactose)  
[GAL](cxcmd:sel :GAL "select residue") — [β-D-
galactopyranose](http://www.rcsb.org/ligand/GAL "show residue info") (β-D-
galactose; D-galactose; galactose)  
[MAN](cxcmd:sel :MAN "select residue") — [α-D-
mannopyranose](http://www.rcsb.org/ligand/MAN "show residue info") (α-D-
mannose; D-mannose; mannose)  
[NAG](cxcmd:sel :NAG "select residue") — [2-acetamido-2-deoxy-β-D-
glucopyranose](http://www.rcsb.org/ligand/NAG "show residue info") (N-acetyl-
β-D-glucosamine; 2-acetamido-2-deoxy-β-D-glucose; 2-acetamido-2-deoxy-D-
glucose; 2-acetamido-2-deoxy-glucose; N-acetyl-D-glucosamine)  
[NDG](cxcmd:sel :NDG "select residue") — [2-acetamido-2-deoxy-α-D-
glucopyranose](http://www.rcsb.org/ligand/NDG "show residue info") (N-acetyl-
α-D-glucosamine; 2-acetamido-2-deoxy-α-D-glucose; 2-acetamido-2-deoxy-D-
glucose; 2-acetamido-2-deoxy-glucose; 2-(acetylamino)-2-deoxy-A-D-
glucopyranose)  
  

INFO:
Executing: torsion /D:5@C2 /D:5@C1 /D:4@O2 /D:4@C2
INFO:
Torsion angle for atoms /D NDG 5 C2 C1 MAN 4 O2 C2 is -165.232°
INFO:
Executing: torsion /D:5@C1 /D:4@O2 /D:4@C2 /D:4@C3
INFO:
Torsion angle for atoms /D NDG 5 C1 MAN 4 O2 C2 C3 is 18.5779°
INFO:
Executing: close #1
INFO:
Executing: exit
STATUS:
Exiting ...
