WARNING:
Replacing fetcher for 'pdb_nmr' and format NMRSTAR from NMRSTAR bundle with that from NMRSTAR bundle
INFO:
UCSF ChimeraX version: 1.6.1 (2023-05-09)
INFO:
© 2016-2023 Regents of the University of California.  All rights reserved.
INFO:
Executing: open ./calc_dihedral_chimerax/calc_dihedral_part_01.cxc
INFO:
Executing: close #1
INFO:
Executing: close #1
INFO:
Executing: open ../../../pdbs/1h4p.pdb
INFO:
_1h4p.pdb_ title:  
 **Crystal structure of exo-1,3-β glucanse from saccharomyces cerevisiae**
[[more info...]](cxcmd:log metadata #1)  
  

INFO:
Chain information for 1h4p.pdb #1  
---  
Chain | Description | UniProt  
[A](cxcmd:select /A:41-448 "Select chain") [B](cxcmd:select /B:41-448 "Select
chain") | [glucan 1,3-β-glucosidase I/II](cxcmd:sequence chain #1/A#1/B "Show
sequence") | [EXG1_YEAST](cxcmd:open P23776 from uniprot "Show annotations")
[41-448](cxcmd:select #1/A,B:41-448 "Select sequence")  
  

INFO:
Non-standard residues in 1h4p.pdb #1  
---  
[BMA](cxcmd:sel :BMA "select residue") — [β-D-
mannopyranose](http://www.rcsb.org/ligand/BMA "show residue info") (β-D-
mannose; D-mannose; mannose)  
[GOL](cxcmd:sel :GOL "select residue") —
[glycerol](http://www.rcsb.org/ligand/GOL "show residue info") (glycerin;
propane-1,2,3-triol)  
[MAN](cxcmd:sel :MAN "select residue") — [α-D-
mannopyranose](http://www.rcsb.org/ligand/MAN "show residue info") (α-D-
mannose; D-mannose; mannose)  
[NAG](cxcmd:sel :NAG "select residue") — [2-acetamido-2-deoxy-β-D-
glucopyranose](http://www.rcsb.org/ligand/NAG "show residue info") (N-acetyl-
β-D-glucosamine; 2-acetamido-2-deoxy-β-D-glucose; 2-acetamido-2-deoxy-D-
glucose; 2-acetamido-2-deoxy-glucose; N-acetyl-D-glucosamine)  
  

INFO:
Executing: torsion /C:9@C2 /C:9@C1 /C:3@O2 /C:3@C2
INFO:
Torsion angle for atoms /C BMA 9 C2 C1 BMA 3 O2 C2 is 103.858°
INFO:
Executing: torsion /C:9@C1 /C:3@O2 /C:3@C2 /C:3@C3
INFO:
Torsion angle for atoms /C BMA 9 C1 BMA 3 O2 C2 C3 is 47.0676°
INFO:
Executing: close #1
INFO:
Executing: open ../../../pdbs/1h4p.pdb
INFO:
_1h4p.pdb_ title:  
 **Crystal structure of exo-1,3-β glucanse from saccharomyces cerevisiae**
[[more info...]](cxcmd:log metadata #1)  
  

INFO:
Chain information for 1h4p.pdb #1  
---  
Chain | Description | UniProt  
[A](cxcmd:select /A:41-448 "Select chain") [B](cxcmd:select /B:41-448 "Select
chain") | [glucan 1,3-β-glucosidase I/II](cxcmd:sequence chain #1/A#1/B "Show
sequence") | [EXG1_YEAST](cxcmd:open P23776 from uniprot "Show annotations")
[41-448](cxcmd:select #1/A,B:41-448 "Select sequence")  
  

INFO:
Non-standard residues in 1h4p.pdb #1  
---  
[BMA](cxcmd:sel :BMA "select residue") — [β-D-
mannopyranose](http://www.rcsb.org/ligand/BMA "show residue info") (β-D-
mannose; D-mannose; mannose)  
[GOL](cxcmd:sel :GOL "select residue") —
[glycerol](http://www.rcsb.org/ligand/GOL "show residue info") (glycerin;
propane-1,2,3-triol)  
[MAN](cxcmd:sel :MAN "select residue") — [α-D-
mannopyranose](http://www.rcsb.org/ligand/MAN "show residue info") (α-D-
mannose; D-mannose; mannose)  
[NAG](cxcmd:sel :NAG "select residue") — [2-acetamido-2-deoxy-β-D-
glucopyranose](http://www.rcsb.org/ligand/NAG "show residue info") (N-acetyl-
β-D-glucosamine; 2-acetamido-2-deoxy-β-D-glucose; 2-acetamido-2-deoxy-D-
glucose; 2-acetamido-2-deoxy-glucose; N-acetyl-D-glucosamine)  
  

INFO:
Executing: torsion /C:10@C2 /C:10@C1 /C:9@O2 /C:9@C2
INFO:
Torsion angle for atoms /C BMA 10 C2 C1 BMA 9 O2 C2 is 127.271°
INFO:
Executing: torsion /C:10@C1 /C:9@O2 /C:9@C2 /C:9@C3
INFO:
Torsion angle for atoms /C BMA 10 C1 BMA 9 O2 C2 C3 is -53.8984°
INFO:
Executing: close #1
INFO:
Executing: open ../../../pdbs/1h4p.pdb
INFO:
_1h4p.pdb_ title:  
 **Crystal structure of exo-1,3-β glucanse from saccharomyces cerevisiae**
[[more info...]](cxcmd:log metadata #1)  
  

INFO:
Chain information for 1h4p.pdb #1  
---  
Chain | Description | UniProt  
[A](cxcmd:select /A:41-448 "Select chain") [B](cxcmd:select /B:41-448 "Select
chain") | [glucan 1,3-β-glucosidase I/II](cxcmd:sequence chain #1/A#1/B "Show
sequence") | [EXG1_YEAST](cxcmd:open P23776 from uniprot "Show annotations")
[41-448](cxcmd:select #1/A,B:41-448 "Select sequence")  
  

INFO:
Non-standard residues in 1h4p.pdb #1  
---  
[BMA](cxcmd:sel :BMA "select residue") — [β-D-
mannopyranose](http://www.rcsb.org/ligand/BMA "show residue info") (β-D-
mannose; D-mannose; mannose)  
[GOL](cxcmd:sel :GOL "select residue") —
[glycerol](http://www.rcsb.org/ligand/GOL "show residue info") (glycerin;
propane-1,2,3-triol)  
[MAN](cxcmd:sel :MAN "select residue") — [α-D-
mannopyranose](http://www.rcsb.org/ligand/MAN "show residue info") (α-D-
mannose; D-mannose; mannose)  
[NAG](cxcmd:sel :NAG "select residue") — [2-acetamido-2-deoxy-β-D-
glucopyranose](http://www.rcsb.org/ligand/NAG "show residue info") (N-acetyl-
β-D-glucosamine; 2-acetamido-2-deoxy-β-D-glucose; 2-acetamido-2-deoxy-D-
glucose; 2-acetamido-2-deoxy-glucose; N-acetyl-D-glucosamine)  
  

INFO:
Executing: torsion /C:7@C2 /C:7@C1 /C:3@O2 /C:3@C2
INFO:
Torsion angle for atoms /C BMA 7 C2 C1 BMA 3 O2 C2 is 89.4195°
INFO:
Executing: torsion /C:7@C1 /C:3@O2 /C:3@C2 /C:3@C3
INFO:
Torsion angle for atoms /C BMA 7 C1 BMA 3 O2 C2 C3 is -55.1454°
INFO:
Executing: close #1
INFO:
Executing: open ../../../pdbs/1h4p.pdb
INFO:
_1h4p.pdb_ title:  
 **Crystal structure of exo-1,3-β glucanse from saccharomyces cerevisiae**
[[more info...]](cxcmd:log metadata #1)  
  

INFO:
Chain information for 1h4p.pdb #1  
---  
Chain | Description | UniProt  
[A](cxcmd:select /A:41-448 "Select chain") [B](cxcmd:select /B:41-448 "Select
chain") | [glucan 1,3-β-glucosidase I/II](cxcmd:sequence chain #1/A#1/B "Show
sequence") | [EXG1_YEAST](cxcmd:open P23776 from uniprot "Show annotations")
[41-448](cxcmd:select #1/A,B:41-448 "Select sequence")  
  

INFO:
Non-standard residues in 1h4p.pdb #1  
---  
[BMA](cxcmd:sel :BMA "select residue") — [β-D-
mannopyranose](http://www.rcsb.org/ligand/BMA "show residue info") (β-D-
mannose; D-mannose; mannose)  
[GOL](cxcmd:sel :GOL "select residue") —
[glycerol](http://www.rcsb.org/ligand/GOL "show residue info") (glycerin;
propane-1,2,3-triol)  
[MAN](cxcmd:sel :MAN "select residue") — [α-D-
mannopyranose](http://www.rcsb.org/ligand/MAN "show residue info") (α-D-
mannose; D-mannose; mannose)  
[NAG](cxcmd:sel :NAG "select residue") — [2-acetamido-2-deoxy-β-D-
glucopyranose](http://www.rcsb.org/ligand/NAG "show residue info") (N-acetyl-
β-D-glucosamine; 2-acetamido-2-deoxy-β-D-glucose; 2-acetamido-2-deoxy-D-
glucose; 2-acetamido-2-deoxy-glucose; N-acetyl-D-glucosamine)  
  

INFO:
Executing: torsion /E:7@C2 /E:7@C1 /E:6@O2 /E:6@C2
INFO:
Torsion angle for atoms /E BMA 7 C2 C1 BMA 6 O2 C2 is -127.587°
INFO:
Executing: torsion /E:7@C1 /E:6@O2 /E:6@C2 /E:6@C3
INFO:
Torsion angle for atoms /E BMA 7 C1 BMA 6 O2 C2 C3 is -8.6004°
INFO:
Executing: close #1
INFO:
Executing: open ../../../pdbs/1h4p.pdb
INFO:
_1h4p.pdb_ title:  
 **Crystal structure of exo-1,3-β glucanse from saccharomyces cerevisiae**
[[more info...]](cxcmd:log metadata #1)  
  

INFO:
Chain information for 1h4p.pdb #1  
---  
Chain | Description | UniProt  
[A](cxcmd:select /A:41-448 "Select chain") [B](cxcmd:select /B:41-448 "Select
chain") | [glucan 1,3-β-glucosidase I/II](cxcmd:sequence chain #1/A#1/B "Show
sequence") | [EXG1_YEAST](cxcmd:open P23776 from uniprot "Show annotations")
[41-448](cxcmd:select #1/A,B:41-448 "Select sequence")  
  

INFO:
Non-standard residues in 1h4p.pdb #1  
---  
[BMA](cxcmd:sel :BMA "select residue") — [β-D-
mannopyranose](http://www.rcsb.org/ligand/BMA "show residue info") (β-D-
mannose; D-mannose; mannose)  
[GOL](cxcmd:sel :GOL "select residue") —
[glycerol](http://www.rcsb.org/ligand/GOL "show residue info") (glycerin;
propane-1,2,3-triol)  
[MAN](cxcmd:sel :MAN "select residue") — [α-D-
mannopyranose](http://www.rcsb.org/ligand/MAN "show residue info") (α-D-
mannose; D-mannose; mannose)  
[NAG](cxcmd:sel :NAG "select residue") — [2-acetamido-2-deoxy-β-D-
glucopyranose](http://www.rcsb.org/ligand/NAG "show residue info") (N-acetyl-
β-D-glucosamine; 2-acetamido-2-deoxy-β-D-glucose; 2-acetamido-2-deoxy-D-
glucose; 2-acetamido-2-deoxy-glucose; N-acetyl-D-glucosamine)  
  

INFO:
Executing: torsion /E:5@C2 /E:5@C1 /E:4@O2 /E:4@C2
INFO:
Torsion angle for atoms /E BMA 5 C2 C1 BMA 4 O2 C2 is 161.901°
INFO:
Executing: torsion /E:5@C1 /E:4@O2 /E:4@C2 /E:4@C3
INFO:
Torsion angle for atoms /E BMA 5 C1 BMA 4 O2 C2 C3 is 141.945°
INFO:
Executing: close #1
INFO:
Executing: open ../../../pdbs/1h4p.pdb
INFO:
_1h4p.pdb_ title:  
 **Crystal structure of exo-1,3-β glucanse from saccharomyces cerevisiae**
[[more info...]](cxcmd:log metadata #1)  
  

INFO:
Chain information for 1h4p.pdb #1  
---  
Chain | Description | UniProt  
[A](cxcmd:select /A:41-448 "Select chain") [B](cxcmd:select /B:41-448 "Select
chain") | [glucan 1,3-β-glucosidase I/II](cxcmd:sequence chain #1/A#1/B "Show
sequence") | [EXG1_YEAST](cxcmd:open P23776 from uniprot "Show annotations")
[41-448](cxcmd:select #1/A,B:41-448 "Select sequence")  
  

INFO:
Non-standard residues in 1h4p.pdb #1  
---  
[BMA](cxcmd:sel :BMA "select residue") — [β-D-
mannopyranose](http://www.rcsb.org/ligand/BMA "show residue info") (β-D-
mannose; D-mannose; mannose)  
[GOL](cxcmd:sel :GOL "select residue") —
[glycerol](http://www.rcsb.org/ligand/GOL "show residue info") (glycerin;
propane-1,2,3-triol)  
[MAN](cxcmd:sel :MAN "select residue") — [α-D-
mannopyranose](http://www.rcsb.org/ligand/MAN "show residue info") (α-D-
mannose; D-mannose; mannose)  
[NAG](cxcmd:sel :NAG "select residue") — [2-acetamido-2-deoxy-β-D-
glucopyranose](http://www.rcsb.org/ligand/NAG "show residue info") (N-acetyl-
β-D-glucosamine; 2-acetamido-2-deoxy-β-D-glucose; 2-acetamido-2-deoxy-D-
glucose; 2-acetamido-2-deoxy-glucose; N-acetyl-D-glucosamine)  
  

INFO:
Executing: torsion /E:8@C2 /E:8@C1 /E:6@O2 /E:6@C2
INFO:
Torsion angle for atoms /E BMA 8 C2 C1 BMA 6 O2 C2 is 72.2714°
INFO:
Executing: torsion /E:8@C1 /E:6@O2 /E:6@C2 /E:6@C3
INFO:
Torsion angle for atoms /E BMA 8 C1 BMA 6 O2 C2 C3 is -64.2642°
INFO:
Executing: close #1
INFO:
Executing: open ../../../pdbs/2djg.pdb
INFO:
_2djg.pdb_ title:  
 **Re-determination of the native structure of human dipeptidyl peptidase I
(cathepsin C)** [[more info...]](cxcmd:log metadata #1)  
  

INFO:
Chain information for 2djg.pdb #1  
---  
Chain | Description | UniProt  
[A](cxcmd:select /A:1-118 "Select chain") | [cathepsin C](cxcmd:sequence chain
#1/A "Show sequence") | [CATC_HUMAN](cxcmd:open P53634 from uniprot "Show
annotations") [1-119](cxcmd:select #1/A:1-119 "Select sequence")  
[B](cxcmd:select /B:207-367 "Select chain") | [cathepsin C](cxcmd:sequence
chain #1/B "Show sequence") | [CATC_HUMAN](cxcmd:open P53634 from uniprot
"Show annotations") [207-370](cxcmd:select #1/B:207-370 "Select sequence")  
[C](cxcmd:select /C:372-439 "Select chain") | [cathepsin C](cxcmd:sequence
chain #1/C "Show sequence") | [CATC_HUMAN](cxcmd:open P53634 from uniprot
"Show annotations") [371-439](cxcmd:select #1/C:371-439 "Select sequence")  
  

INFO:
Non-standard residues in 2djg.pdb #1  
---  
[BMA](cxcmd:sel :BMA "select residue") — [β-D-
mannopyranose](http://www.rcsb.org/ligand/BMA "show residue info") (β-D-
mannose; D-mannose; mannose)  
[CL](cxcmd:sel :CL "select residue") — [chloride
ion](http://www.rcsb.org/ligand/CL "show residue info")  
[NAG](cxcmd:sel :NAG "select residue") — [2-acetamido-2-deoxy-β-D-
glucopyranose](http://www.rcsb.org/ligand/NAG "show residue info") (N-acetyl-
β-D-glucosamine; 2-acetamido-2-deoxy-β-D-glucose; 2-acetamido-2-deoxy-D-
glucose; 2-acetamido-2-deoxy-glucose; N-acetyl-D-glucosamine)  
[SO4](cxcmd:sel :SO4 "select residue") — [sulfate
ion](http://www.rcsb.org/ligand/SO4 "show residue info")  
  

INFO:
Executing: torsion /D:5@C2 /D:5@C1 /D:4@O2 /D:4@C2
INFO:
Torsion angle for atoms /D BMA 5 C2 C1 BMA 4 O2 C2 is 115.383°
INFO:
Executing: torsion /D:5@C1 /D:4@O2 /D:4@C2 /D:4@C3
INFO:
Torsion angle for atoms /D BMA 5 C1 BMA 4 O2 C2 C3 is -63.258°
INFO:
Executing: close #1
INFO:
Executing: open ../../../pdbs/2djg.pdb
INFO:
_2djg.pdb_ title:  
 **Re-determination of the native structure of human dipeptidyl peptidase I
(cathepsin C)** [[more info...]](cxcmd:log metadata #1)  
  

INFO:
Chain information for 2djg.pdb #1  
---  
Chain | Description | UniProt  
[A](cxcmd:select /A:1-118 "Select chain") | [cathepsin C](cxcmd:sequence chain
#1/A "Show sequence") | [CATC_HUMAN](cxcmd:open P53634 from uniprot "Show
annotations") [1-119](cxcmd:select #1/A:1-119 "Select sequence")  
[B](cxcmd:select /B:207-367 "Select chain") | [cathepsin C](cxcmd:sequence
chain #1/B "Show sequence") | [CATC_HUMAN](cxcmd:open P53634 from uniprot
"Show annotations") [207-370](cxcmd:select #1/B:207-370 "Select sequence")  
[C](cxcmd:select /C:372-439 "Select chain") | [cathepsin C](cxcmd:sequence
chain #1/C "Show sequence") | [CATC_HUMAN](cxcmd:open P53634 from uniprot
"Show annotations") [371-439](cxcmd:select #1/C:371-439 "Select sequence")  
  

INFO:
Non-standard residues in 2djg.pdb #1  
---  
[BMA](cxcmd:sel :BMA "select residue") — [β-D-
mannopyranose](http://www.rcsb.org/ligand/BMA "show residue info") (β-D-
mannose; D-mannose; mannose)  
[CL](cxcmd:sel :CL "select residue") — [chloride
ion](http://www.rcsb.org/ligand/CL "show residue info")  
[NAG](cxcmd:sel :NAG "select residue") — [2-acetamido-2-deoxy-β-D-
glucopyranose](http://www.rcsb.org/ligand/NAG "show residue info") (N-acetyl-
β-D-glucosamine; 2-acetamido-2-deoxy-β-D-glucose; 2-acetamido-2-deoxy-D-
glucose; 2-acetamido-2-deoxy-glucose; N-acetyl-D-glucosamine)  
[SO4](cxcmd:sel :SO4 "select residue") — [sulfate
ion](http://www.rcsb.org/ligand/SO4 "show residue info")  
  

INFO:
Executing: torsion /D:4@C2 /D:4@C1 /D:3@O2 /D:3@C2
INFO:
Torsion angle for atoms /D BMA 4 C2 C1 BMA 3 O2 C2 is -147.987°
INFO:
Executing: torsion /D:4@C1 /D:3@O2 /D:3@C2 /D:3@C3
INFO:
Torsion angle for atoms /D BMA 4 C1 BMA 3 O2 C2 C3 is 47.9614°
INFO:
Executing: close #1
INFO:
Executing: open ../../../pdbs/5b0s.pdb
INFO:
_5b0s.pdb_ title:  
 **Beta-1,2-mannobiose phosphorylase from listeria innocua - β-1,2-
mannotriose complex** [[more info...]](cxcmd:log metadata #1)  
  

INFO:
Chain information for 5b0s.pdb #1  
---  
Chain | Description | UniProt  
[A](cxcmd:select /A:1-354 "Select chain") [B](cxcmd:select /B:1-355 "Select
chain") | [LIN0857 protein](cxcmd:sequence chain #1/A#1/B "Show sequence") |
[Q92DF6_LISIN](cxcmd:open Q92DF6 from uniprot "Show annotations")
[1-355](cxcmd:select #1/A,B:1-355 "Select sequence")  
  

INFO:
Non-standard residues in 5b0s.pdb #1  
---  
[BMA](cxcmd:sel :BMA "select residue") — [β-D-
mannopyranose](http://www.rcsb.org/ligand/BMA "show residue info") (β-D-
mannose; D-mannose; mannose)  
[GOL](cxcmd:sel :GOL "select residue") —
[glycerol](http://www.rcsb.org/ligand/GOL "show residue info") (glycerin;
propane-1,2,3-triol)  
[MAN](cxcmd:sel :MAN "select residue") — [α-D-
mannopyranose](http://www.rcsb.org/ligand/MAN "show residue info") (α-D-
mannose; D-mannose; mannose)  
[MES](cxcmd:sel :MES "select residue") — [2-(N-morpholino)-ethanesulfonic
acid](http://www.rcsb.org/ligand/MES "show residue info")  
[SO4](cxcmd:sel :SO4 "select residue") — [sulfate
ion](http://www.rcsb.org/ligand/SO4 "show residue info")  
  

INFO:
Executing: torsion /C:3@C2 /C:3@C1 /C:2@O2 /C:2@C2
INFO:
Torsion angle for atoms /C BMA 3 C2 C1 BMA 2 O2 C2 is -163.852°
INFO:
Executing: torsion /C:3@C1 /C:2@O2 /C:2@C2 /C:2@C3
INFO:
Torsion angle for atoms /C BMA 3 C1 BMA 2 O2 C2 C3 is 149.896°
INFO:
Executing: close #1
INFO:
Executing: open ../../../pdbs/5b0s.pdb
INFO:
_5b0s.pdb_ title:  
 **Beta-1,2-mannobiose phosphorylase from listeria innocua - β-1,2-
mannotriose complex** [[more info...]](cxcmd:log metadata #1)  
  

INFO:
Chain information for 5b0s.pdb #1  
---  
Chain | Description | UniProt  
[A](cxcmd:select /A:1-354 "Select chain") [B](cxcmd:select /B:1-355 "Select
chain") | [LIN0857 protein](cxcmd:sequence chain #1/A#1/B "Show sequence") |
[Q92DF6_LISIN](cxcmd:open Q92DF6 from uniprot "Show annotations")
[1-355](cxcmd:select #1/A,B:1-355 "Select sequence")  
  

INFO:
Non-standard residues in 5b0s.pdb #1  
---  
[BMA](cxcmd:sel :BMA "select residue") — [β-D-
mannopyranose](http://www.rcsb.org/ligand/BMA "show residue info") (β-D-
mannose; D-mannose; mannose)  
[GOL](cxcmd:sel :GOL "select residue") —
[glycerol](http://www.rcsb.org/ligand/GOL "show residue info") (glycerin;
propane-1,2,3-triol)  
[MAN](cxcmd:sel :MAN "select residue") — [α-D-
mannopyranose](http://www.rcsb.org/ligand/MAN "show residue info") (α-D-
mannose; D-mannose; mannose)  
[MES](cxcmd:sel :MES "select residue") — [2-(N-morpholino)-ethanesulfonic
acid](http://www.rcsb.org/ligand/MES "show residue info")  
[SO4](cxcmd:sel :SO4 "select residue") — [sulfate
ion](http://www.rcsb.org/ligand/SO4 "show residue info")  
  

INFO:
Executing: torsion /D:3@C2 /D:3@C1 /D:2@O2 /D:2@C2
INFO:
Torsion angle for atoms /D BMA 3 C2 C1 BMA 2 O2 C2 is -164.218°
INFO:
Executing: torsion /D:3@C1 /D:2@O2 /D:2@C2 /D:2@C3
INFO:
Torsion angle for atoms /D BMA 3 C1 BMA 2 O2 C2 C3 is 162.596°
INFO:
Executing: close #1
INFO:
Executing: open ../../../pdbs/7eeb.pdb
INFO:
_7eeb.pdb_ title:  
 **Structure of the catspermasome** [[more info...]](cxcmd:log metadata #1)  
  

INFO:
Chain information for 7eeb.pdb #1  
---  
Chain | Description | UniProt  
[A](cxcmd:select /A:337-594 "Select chain") | [CATSPER1](cxcmd:sequence chain
#1/A "Show sequence") | [C5MKY7_HCMV](cxcmd:open C5MKY7 from uniprot "Show
annotations") [-246--8](cxcmd:select #1/A:-246--8 "Select sequence"),
[CTSR1_MOUSE](cxcmd:open Q91ZR5 from uniprot "Show annotations")
[1-686](cxcmd:select #1/A:1-686 "Select sequence")  
[B](cxcmd:select /B:94-374 "Select chain") | [CATSPER2](cxcmd:sequence chain
#1/B "Show sequence") | [CTSR2_MOUSE](cxcmd:open A2ARP9 from uniprot "Show
annotations") [1-588](cxcmd:select #1/B:1-588 "Select sequence")  
[C](cxcmd:select /C:38-315 "Select chain") | [CATSPER3](cxcmd:sequence chain
#1/C "Show sequence") | [CTSR3_MOUSE](cxcmd:open Q80W99 from uniprot "Show
annotations") [1-395](cxcmd:select #1/C:1-395 "Select sequence")  
[D](cxcmd:select /D:51-292 "Select chain") | [CATSPER4](cxcmd:sequence chain
#1/D "Show sequence") | [CTSR4_MOUSE](cxcmd:open Q8BVN3 from uniprot "Show
annotations") [1-442](cxcmd:select #1/D:1-442 "Select sequence")  
[E](cxcmd:select /E:22-1086 "Select chain") | [catsper-β](cxcmd:sequence chain
#1/E "Show sequence") | [CTSRB_MOUSE](cxcmd:open A2RTF1 from uniprot "Show
annotations") [1-1109](cxcmd:select #1/E:1-1109 "Select sequence")  
[F](cxcmd:select /F:44-1085 "Select chain") | [cation channel sperm-associated
protein subunit γ 2](cxcmd:sequence chain #1/F "Show sequence") |
[CTSG2_MOUSE](cxcmd:open C6KI89 from uniprot "Show annotations")
[1-1145](cxcmd:select #1/F:1-1145 "Select sequence")  
[G](cxcmd:select /G:17-749 "Select chain") | [cation channel sperm-associated
protein subunit δ](cxcmd:sequence chain #1/G "Show sequence") |
[CTSRD_MOUSE](cxcmd:open E9Q9F6 from uniprot "Show annotations")
[1-805](cxcmd:select #1/G:1-805 "Select sequence")  
[H](cxcmd:select /H:50-970 "Select chain") | [cation channel sperm-associated
protein subunit ε](cxcmd:sequence chain #1/H "Show sequence") |
[CTSRE_MOUSE](cxcmd:open P0DP43 from uniprot "Show annotations")
[1-985](cxcmd:select #1/H:1-985 "Select sequence")  
[I](cxcmd:select /I:1-174 "Select chain") | [ef-hand calcium-binding domain-
containing protein 9](cxcmd:sequence chain #1/I "Show sequence") |
[EFCB9_MOUSE](cxcmd:open Q9DAM2 from uniprot "Show annotations")
[1-216](cxcmd:select #1/I:1-216 "Select sequence")  
[J](cxcmd:select /J:1-164 "Select chain") | [transmembrane protein
249](cxcmd:sequence chain #1/J "Show sequence") |  
[K](cxcmd:select /K:38-186 "Select chain") | [cation channel sperm-associated
protein subunit ζ](cxcmd:sequence chain #1/K "Show sequence") |
[CTSRZ_MOUSE](cxcmd:open Q9CQP8 from uniprot "Show annotations")
[1-194](cxcmd:select #1/K:1-194 "Select sequence")  
[L](cxcmd:select /L:81-690 "Select chain") | [kazal-like domain-containing
protein](cxcmd:sequence chain #1/L "Show sequence") |
[Q3V161_MOUSE](cxcmd:open Q3V161 from uniprot "Show annotations")
[1-706](cxcmd:select #1/L:1-706 "Select sequence")  
[M](cxcmd:select /M:1-116 "Select chain") | [transmembrane protein
262](cxcmd:sequence chain #1/M "Show sequence") | [D3Z338_MOUSE](cxcmd:open
D3Z338 from uniprot "Show annotations") [1-116](cxcmd:select #1/M:1-116
"Select sequence")  
[N](cxcmd:select /N:5-32 "Select chain") | [unknown](cxcmd:sequence chain #1/N
"Show sequence") |  
  

INFO:
Non-standard residues in 7eeb.pdb #1  
---  
[9Z9](cxcmd:sel :9Z9 "select residue") —
[(3Β,14Β,17Β,25R)-3-[4-methoxy-3-(methoxymethyl)butoxy]spirost-5-en](http://www.rcsb.org/ligand/9Z9
"show residue info")  
[BMA](cxcmd:sel :BMA "select residue") — [β-D-
mannopyranose](http://www.rcsb.org/ligand/BMA "show residue info") (β-D-
mannose; D-mannose; mannose)  
[NA](cxcmd:sel :NA "select residue") — [sodium
ion](http://www.rcsb.org/ligand/NA "show residue info")  
[NAG](cxcmd:sel :NAG "select residue") — [2-acetamido-2-deoxy-β-D-
glucopyranose](http://www.rcsb.org/ligand/NAG "show residue info") (N-acetyl-
β-D-glucosamine; 2-acetamido-2-deoxy-β-D-glucose; 2-acetamido-2-deoxy-D-
glucose; 2-acetamido-2-deoxy-glucose; N-acetyl-D-glucosamine)  
  

INFO:
Executing: torsion /O:4@C2 /O:4@C1 /O:3@O2 /O:3@C2
INFO:
Torsion angle for atoms /O BMA 4 C2 C1 BMA 3 O2 C2 is 119.726°
INFO:
Executing: torsion /O:4@C1 /O:3@O2 /O:3@C2 /O:3@C3
INFO:
Torsion angle for atoms /O BMA 4 C1 BMA 3 O2 C2 C3 is 8.60471°
INFO:
Executing: close #1
INFO:
Executing: open ../../../pdbs/7eeb.pdb
INFO:
_7eeb.pdb_ title:  
 **Structure of the catspermasome** [[more info...]](cxcmd:log metadata #1)  
  

INFO:
Chain information for 7eeb.pdb #1  
---  
Chain | Description | UniProt  
[A](cxcmd:select /A:337-594 "Select chain") | [CATSPER1](cxcmd:sequence chain
#1/A "Show sequence") | [C5MKY7_HCMV](cxcmd:open C5MKY7 from uniprot "Show
annotations") [-246--8](cxcmd:select #1/A:-246--8 "Select sequence"),
[CTSR1_MOUSE](cxcmd:open Q91ZR5 from uniprot "Show annotations")
[1-686](cxcmd:select #1/A:1-686 "Select sequence")  
[B](cxcmd:select /B:94-374 "Select chain") | [CATSPER2](cxcmd:sequence chain
#1/B "Show sequence") | [CTSR2_MOUSE](cxcmd:open A2ARP9 from uniprot "Show
annotations") [1-588](cxcmd:select #1/B:1-588 "Select sequence")  
[C](cxcmd:select /C:38-315 "Select chain") | [CATSPER3](cxcmd:sequence chain
#1/C "Show sequence") | [CTSR3_MOUSE](cxcmd:open Q80W99 from uniprot "Show
annotations") [1-395](cxcmd:select #1/C:1-395 "Select sequence")  
[D](cxcmd:select /D:51-292 "Select chain") | [CATSPER4](cxcmd:sequence chain
#1/D "Show sequence") | [CTSR4_MOUSE](cxcmd:open Q8BVN3 from uniprot "Show
annotations") [1-442](cxcmd:select #1/D:1-442 "Select sequence")  
[E](cxcmd:select /E:22-1086 "Select chain") | [catsper-β](cxcmd:sequence chain
#1/E "Show sequence") | [CTSRB_MOUSE](cxcmd:open A2RTF1 from uniprot "Show
annotations") [1-1109](cxcmd:select #1/E:1-1109 "Select sequence")  
[F](cxcmd:select /F:44-1085 "Select chain") | [cation channel sperm-associated
protein subunit γ 2](cxcmd:sequence chain #1/F "Show sequence") |
[CTSG2_MOUSE](cxcmd:open C6KI89 from uniprot "Show annotations")
[1-1145](cxcmd:select #1/F:1-1145 "Select sequence")  
[G](cxcmd:select /G:17-749 "Select chain") | [cation channel sperm-associated
protein subunit δ](cxcmd:sequence chain #1/G "Show sequence") |
[CTSRD_MOUSE](cxcmd:open E9Q9F6 from uniprot "Show annotations")
[1-805](cxcmd:select #1/G:1-805 "Select sequence")  
[H](cxcmd:select /H:50-970 "Select chain") | [cation channel sperm-associated
protein subunit ε](cxcmd:sequence chain #1/H "Show sequence") |
[CTSRE_MOUSE](cxcmd:open P0DP43 from uniprot "Show annotations")
[1-985](cxcmd:select #1/H:1-985 "Select sequence")  
[I](cxcmd:select /I:1-174 "Select chain") | [ef-hand calcium-binding domain-
containing protein 9](cxcmd:sequence chain #1/I "Show sequence") |
[EFCB9_MOUSE](cxcmd:open Q9DAM2 from uniprot "Show annotations")
[1-216](cxcmd:select #1/I:1-216 "Select sequence")  
[J](cxcmd:select /J:1-164 "Select chain") | [transmembrane protein
249](cxcmd:sequence chain #1/J "Show sequence") |  
[K](cxcmd:select /K:38-186 "Select chain") | [cation channel sperm-associated
protein subunit ζ](cxcmd:sequence chain #1/K "Show sequence") |
[CTSRZ_MOUSE](cxcmd:open Q9CQP8 from uniprot "Show annotations")
[1-194](cxcmd:select #1/K:1-194 "Select sequence")  
[L](cxcmd:select /L:81-690 "Select chain") | [kazal-like domain-containing
protein](cxcmd:sequence chain #1/L "Show sequence") |
[Q3V161_MOUSE](cxcmd:open Q3V161 from uniprot "Show annotations")
[1-706](cxcmd:select #1/L:1-706 "Select sequence")  
[M](cxcmd:select /M:1-116 "Select chain") | [transmembrane protein
262](cxcmd:sequence chain #1/M "Show sequence") | [D3Z338_MOUSE](cxcmd:open
D3Z338 from uniprot "Show annotations") [1-116](cxcmd:select #1/M:1-116
"Select sequence")  
[N](cxcmd:select /N:5-32 "Select chain") | [unknown](cxcmd:sequence chain #1/N
"Show sequence") |  
  

INFO:
Non-standard residues in 7eeb.pdb #1  
---  
[9Z9](cxcmd:sel :9Z9 "select residue") —
[(3Β,14Β,17Β,25R)-3-[4-methoxy-3-(methoxymethyl)butoxy]spirost-5-en](http://www.rcsb.org/ligand/9Z9
"show residue info")  
[BMA](cxcmd:sel :BMA "select residue") — [β-D-
mannopyranose](http://www.rcsb.org/ligand/BMA "show residue info") (β-D-
mannose; D-mannose; mannose)  
[NA](cxcmd:sel :NA "select residue") — [sodium
ion](http://www.rcsb.org/ligand/NA "show residue info")  
[NAG](cxcmd:sel :NAG "select residue") — [2-acetamido-2-deoxy-β-D-
glucopyranose](http://www.rcsb.org/ligand/NAG "show residue info") (N-acetyl-
β-D-glucosamine; 2-acetamido-2-deoxy-β-D-glucose; 2-acetamido-2-deoxy-D-
glucose; 2-acetamido-2-deoxy-glucose; N-acetyl-D-glucosamine)  
  

INFO:
Executing: torsion /O:7@C2 /O:7@C1 /O:6@O2 /O:6@C2
INFO:
Torsion angle for atoms /O BMA 7 C2 C1 BMA 6 O2 C2 is -61.4823°
INFO:
Executing: torsion /O:7@C1 /O:6@O2 /O:6@C2 /O:6@C3
INFO:
Torsion angle for atoms /O BMA 7 C1 BMA 6 O2 C2 C3 is 52.9793°
INFO:
Executing: close #1
INFO:
Executing: open ../../../pdbs/7eeb.pdb
INFO:
_7eeb.pdb_ title:  
 **Structure of the catspermasome** [[more info...]](cxcmd:log metadata #1)  
  

INFO:
Chain information for 7eeb.pdb #1  
---  
Chain | Description | UniProt  
[A](cxcmd:select /A:337-594 "Select chain") | [CATSPER1](cxcmd:sequence chain
#1/A "Show sequence") | [C5MKY7_HCMV](cxcmd:open C5MKY7 from uniprot "Show
annotations") [-246--8](cxcmd:select #1/A:-246--8 "Select sequence"),
[CTSR1_MOUSE](cxcmd:open Q91ZR5 from uniprot "Show annotations")
[1-686](cxcmd:select #1/A:1-686 "Select sequence")  
[B](cxcmd:select /B:94-374 "Select chain") | [CATSPER2](cxcmd:sequence chain
#1/B "Show sequence") | [CTSR2_MOUSE](cxcmd:open A2ARP9 from uniprot "Show
annotations") [1-588](cxcmd:select #1/B:1-588 "Select sequence")  
[C](cxcmd:select /C:38-315 "Select chain") | [CATSPER3](cxcmd:sequence chain
#1/C "Show sequence") | [CTSR3_MOUSE](cxcmd:open Q80W99 from uniprot "Show
annotations") [1-395](cxcmd:select #1/C:1-395 "Select sequence")  
[D](cxcmd:select /D:51-292 "Select chain") | [CATSPER4](cxcmd:sequence chain
#1/D "Show sequence") | [CTSR4_MOUSE](cxcmd:open Q8BVN3 from uniprot "Show
annotations") [1-442](cxcmd:select #1/D:1-442 "Select sequence")  
[E](cxcmd:select /E:22-1086 "Select chain") | [catsper-β](cxcmd:sequence chain
#1/E "Show sequence") | [CTSRB_MOUSE](cxcmd:open A2RTF1 from uniprot "Show
annotations") [1-1109](cxcmd:select #1/E:1-1109 "Select sequence")  
[F](cxcmd:select /F:44-1085 "Select chain") | [cation channel sperm-associated
protein subunit γ 2](cxcmd:sequence chain #1/F "Show sequence") |
[CTSG2_MOUSE](cxcmd:open C6KI89 from uniprot "Show annotations")
[1-1145](cxcmd:select #1/F:1-1145 "Select sequence")  
[G](cxcmd:select /G:17-749 "Select chain") | [cation channel sperm-associated
protein subunit δ](cxcmd:sequence chain #1/G "Show sequence") |
[CTSRD_MOUSE](cxcmd:open E9Q9F6 from uniprot "Show annotations")
[1-805](cxcmd:select #1/G:1-805 "Select sequence")  
[H](cxcmd:select /H:50-970 "Select chain") | [cation channel sperm-associated
protein subunit ε](cxcmd:sequence chain #1/H "Show sequence") |
[CTSRE_MOUSE](cxcmd:open P0DP43 from uniprot "Show annotations")
[1-985](cxcmd:select #1/H:1-985 "Select sequence")  
[I](cxcmd:select /I:1-174 "Select chain") | [ef-hand calcium-binding domain-
containing protein 9](cxcmd:sequence chain #1/I "Show sequence") |
[EFCB9_MOUSE](cxcmd:open Q9DAM2 from uniprot "Show annotations")
[1-216](cxcmd:select #1/I:1-216 "Select sequence")  
[J](cxcmd:select /J:1-164 "Select chain") | [transmembrane protein
249](cxcmd:sequence chain #1/J "Show sequence") |  
[K](cxcmd:select /K:38-186 "Select chain") | [cation channel sperm-associated
protein subunit ζ](cxcmd:sequence chain #1/K "Show sequence") |
[CTSRZ_MOUSE](cxcmd:open Q9CQP8 from uniprot "Show annotations")
[1-194](cxcmd:select #1/K:1-194 "Select sequence")  
[L](cxcmd:select /L:81-690 "Select chain") | [kazal-like domain-containing
protein](cxcmd:sequence chain #1/L "Show sequence") |
[Q3V161_MOUSE](cxcmd:open Q3V161 from uniprot "Show annotations")
[1-706](cxcmd:select #1/L:1-706 "Select sequence")  
[M](cxcmd:select /M:1-116 "Select chain") | [transmembrane protein
262](cxcmd:sequence chain #1/M "Show sequence") | [D3Z338_MOUSE](cxcmd:open
D3Z338 from uniprot "Show annotations") [1-116](cxcmd:select #1/M:1-116
"Select sequence")  
[N](cxcmd:select /N:5-32 "Select chain") | [unknown](cxcmd:sequence chain #1/N
"Show sequence") |  
  

INFO:
Non-standard residues in 7eeb.pdb #1  
---  
[9Z9](cxcmd:sel :9Z9 "select residue") —
[(3Β,14Β,17Β,25R)-3-[4-methoxy-3-(methoxymethyl)butoxy]spirost-5-en](http://www.rcsb.org/ligand/9Z9
"show residue info")  
[BMA](cxcmd:sel :BMA "select residue") — [β-D-
mannopyranose](http://www.rcsb.org/ligand/BMA "show residue info") (β-D-
mannose; D-mannose; mannose)  
[NA](cxcmd:sel :NA "select residue") — [sodium
ion](http://www.rcsb.org/ligand/NA "show residue info")  
[NAG](cxcmd:sel :NAG "select residue") — [2-acetamido-2-deoxy-β-D-
glucopyranose](http://www.rcsb.org/ligand/NAG "show residue info") (N-acetyl-
β-D-glucosamine; 2-acetamido-2-deoxy-β-D-glucose; 2-acetamido-2-deoxy-D-
glucose; 2-acetamido-2-deoxy-glucose; N-acetyl-D-glucosamine)  
  

INFO:
Executing: torsion /O:5@C2 /O:5@C1 /O:4@O2 /O:4@C2
INFO:
Torsion angle for atoms /O BMA 5 C2 C1 BMA 4 O2 C2 is -35.3529°
INFO:
Executing: torsion /O:5@C1 /O:4@O2 /O:4@C2 /O:4@C3
INFO:
Torsion angle for atoms /O BMA 5 C1 BMA 4 O2 C2 C3 is 128.041°
INFO:
Executing: close #1
INFO:
Executing: open ../../../pdbs/7eeb.pdb
INFO:
_7eeb.pdb_ title:  
 **Structure of the catspermasome** [[more info...]](cxcmd:log metadata #1)  
  

INFO:
Chain information for 7eeb.pdb #1  
---  
Chain | Description | UniProt  
[A](cxcmd:select /A:337-594 "Select chain") | [CATSPER1](cxcmd:sequence chain
#1/A "Show sequence") | [C5MKY7_HCMV](cxcmd:open C5MKY7 from uniprot "Show
annotations") [-246--8](cxcmd:select #1/A:-246--8 "Select sequence"),
[CTSR1_MOUSE](cxcmd:open Q91ZR5 from uniprot "Show annotations")
[1-686](cxcmd:select #1/A:1-686 "Select sequence")  
[B](cxcmd:select /B:94-374 "Select chain") | [CATSPER2](cxcmd:sequence chain
#1/B "Show sequence") | [CTSR2_MOUSE](cxcmd:open A2ARP9 from uniprot "Show
annotations") [1-588](cxcmd:select #1/B:1-588 "Select sequence")  
[C](cxcmd:select /C:38-315 "Select chain") | [CATSPER3](cxcmd:sequence chain
#1/C "Show sequence") | [CTSR3_MOUSE](cxcmd:open Q80W99 from uniprot "Show
annotations") [1-395](cxcmd:select #1/C:1-395 "Select sequence")  
[D](cxcmd:select /D:51-292 "Select chain") | [CATSPER4](cxcmd:sequence chain
#1/D "Show sequence") | [CTSR4_MOUSE](cxcmd:open Q8BVN3 from uniprot "Show
annotations") [1-442](cxcmd:select #1/D:1-442 "Select sequence")  
[E](cxcmd:select /E:22-1086 "Select chain") | [catsper-β](cxcmd:sequence chain
#1/E "Show sequence") | [CTSRB_MOUSE](cxcmd:open A2RTF1 from uniprot "Show
annotations") [1-1109](cxcmd:select #1/E:1-1109 "Select sequence")  
[F](cxcmd:select /F:44-1085 "Select chain") | [cation channel sperm-associated
protein subunit γ 2](cxcmd:sequence chain #1/F "Show sequence") |
[CTSG2_MOUSE](cxcmd:open C6KI89 from uniprot "Show annotations")
[1-1145](cxcmd:select #1/F:1-1145 "Select sequence")  
[G](cxcmd:select /G:17-749 "Select chain") | [cation channel sperm-associated
protein subunit δ](cxcmd:sequence chain #1/G "Show sequence") |
[CTSRD_MOUSE](cxcmd:open E9Q9F6 from uniprot "Show annotations")
[1-805](cxcmd:select #1/G:1-805 "Select sequence")  
[H](cxcmd:select /H:50-970 "Select chain") | [cation channel sperm-associated
protein subunit ε](cxcmd:sequence chain #1/H "Show sequence") |
[CTSRE_MOUSE](cxcmd:open P0DP43 from uniprot "Show annotations")
[1-985](cxcmd:select #1/H:1-985 "Select sequence")  
[I](cxcmd:select /I:1-174 "Select chain") | [ef-hand calcium-binding domain-
containing protein 9](cxcmd:sequence chain #1/I "Show sequence") |
[EFCB9_MOUSE](cxcmd:open Q9DAM2 from uniprot "Show annotations")
[1-216](cxcmd:select #1/I:1-216 "Select sequence")  
[J](cxcmd:select /J:1-164 "Select chain") | [transmembrane protein
249](cxcmd:sequence chain #1/J "Show sequence") |  
[K](cxcmd:select /K:38-186 "Select chain") | [cation channel sperm-associated
protein subunit ζ](cxcmd:sequence chain #1/K "Show sequence") |
[CTSRZ_MOUSE](cxcmd:open Q9CQP8 from uniprot "Show annotations")
[1-194](cxcmd:select #1/K:1-194 "Select sequence")  
[L](cxcmd:select /L:81-690 "Select chain") | [kazal-like domain-containing
protein](cxcmd:sequence chain #1/L "Show sequence") |
[Q3V161_MOUSE](cxcmd:open Q3V161 from uniprot "Show annotations")
[1-706](cxcmd:select #1/L:1-706 "Select sequence")  
[M](cxcmd:select /M:1-116 "Select chain") | [transmembrane protein
262](cxcmd:sequence chain #1/M "Show sequence") | [D3Z338_MOUSE](cxcmd:open
D3Z338 from uniprot "Show annotations") [1-116](cxcmd:select #1/M:1-116
"Select sequence")  
[N](cxcmd:select /N:5-32 "Select chain") | [unknown](cxcmd:sequence chain #1/N
"Show sequence") |  
  

INFO:
Non-standard residues in 7eeb.pdb #1  
---  
[9Z9](cxcmd:sel :9Z9 "select residue") —
[(3Β,14Β,17Β,25R)-3-[4-methoxy-3-(methoxymethyl)butoxy]spirost-5-en](http://www.rcsb.org/ligand/9Z9
"show residue info")  
[BMA](cxcmd:sel :BMA "select residue") — [β-D-
mannopyranose](http://www.rcsb.org/ligand/BMA "show residue info") (β-D-
mannose; D-mannose; mannose)  
[NA](cxcmd:sel :NA "select residue") — [sodium
ion](http://www.rcsb.org/ligand/NA "show residue info")  
[NAG](cxcmd:sel :NAG "select residue") — [2-acetamido-2-deoxy-β-D-
glucopyranose](http://www.rcsb.org/ligand/NAG "show residue info") (N-acetyl-
β-D-glucosamine; 2-acetamido-2-deoxy-β-D-glucose; 2-acetamido-2-deoxy-D-
glucose; 2-acetamido-2-deoxy-glucose; N-acetyl-D-glucosamine)  
  

INFO:
Executing: torsion /O:6@C2 /O:6@C1 /O:3@O2 /O:3@C2
INFO:
Torsion angle for atoms /O BMA 6 C2 C1 BMA 3 O2 C2 is -154.795°
INFO:
Executing: torsion /O:6@C1 /O:3@O2 /O:3@C2 /O:3@C3
INFO:
Torsion angle for atoms /O BMA 6 C1 BMA 3 O2 C2 C3 is -67.0043°
INFO:
Executing: close #1
INFO:
Executing: open ../../../pdbs/4x1h.pdb
INFO:
_4x1h.pdb_ title:  
 **Opsin/G(α) peptide complex stabilized by nonyl-glucoside**
[[more info...]](cxcmd:log metadata #1)  
  

INFO:
Chain information for 4x1h.pdb #1  
---  
Chain | Description | UniProt  
[A](cxcmd:select /A:1-326 "Select chain") | [rhodopsin](cxcmd:sequence chain
#1/A "Show sequence") | [OPSD_BOVIN](cxcmd:open P02699 from uniprot "Show
annotations") [1-348](cxcmd:select #1/A:1-348 "Select sequence")  
[C](cxcmd:select /C:340-350 "Select chain") | [C-terminal derived peptide of
guanine nucleotide-binding protein G(T) subunit α-1](cxcmd:sequence chain #1/C
"Show sequence") |  
  

INFO:
Non-standard residues in 4x1h.pdb #1  
---  
[BMA](cxcmd:sel :BMA "select residue") — [β-D-
mannopyranose](http://www.rcsb.org/ligand/BMA "show residue info") (β-D-
mannose; D-mannose; mannose)  
[BNG](cxcmd:sel :BNG "select residue") — [nonyl β-D-
glucopyranoside](http://www.rcsb.org/ligand/BNG "show residue info")
(β-nonylglucoside; nonyl β-D-glucoside; nonyl D-glucoside; nonyl glucoside)  
[NAG](cxcmd:sel :NAG "select residue") — [2-acetamido-2-deoxy-β-D-
glucopyranose](http://www.rcsb.org/ligand/NAG "show residue info") (N-acetyl-
β-D-glucosamine; 2-acetamido-2-deoxy-β-D-glucose; 2-acetamido-2-deoxy-D-
glucose; 2-acetamido-2-deoxy-glucose; N-acetyl-D-glucosamine)  
[PLM](cxcmd:sel :PLM "select residue") — [palmitic
acid](http://www.rcsb.org/ligand/PLM "show residue info")  
  

INFO:
Executing: torsion /B:4@C2 /B:4@C1 /B:3@O2 /B:3@C2
INFO:
Torsion angle for atoms /B BMA 4 C2 C1 BMA 3 O2 C2 is -174.339°
INFO:
Executing: torsion /B:4@C1 /B:3@O2 /B:3@C2 /B:3@C3
INFO:
Torsion angle for atoms /B BMA 4 C1 BMA 3 O2 C2 C3 is 85.2456°
INFO:
Executing: close #1
INFO:
Executing: open ../../../pdbs/6c26.pdb
INFO:
_6c26.pdb_ title:  
 **The cryo-em structure of A eukaryotic oligosaccharyl transferase complex**
[[more info...]](cxcmd:log metadata #1)  
  

INFO:
Chain information for 6c26.pdb #1  
---  
Chain | Description | UniProt  
[1](cxcmd:select /1:26-476 "Select chain") | [dolichyl-
diphosphooligosaccharide--protein glycosyltransferase subunit
1](cxcmd:sequence chain #1/1 "Show sequence") | [OST1_YEAST](cxcmd:open P41543
from uniprot "Show annotations") [1-476](cxcmd:select #1/1:1-476 "Select
sequence")  
[2](cxcmd:select /2:22-129 "Select chain") | [dolichyl-
diphosphooligosaccharide--protein glycosyltransferase subunit
OST2](cxcmd:sequence chain #1/2 "Show sequence") | [OST2_YEAST](cxcmd:open
P46964 from uniprot "Show annotations") [1-130](cxcmd:select #1/2:1-130
"Select sequence")  
[3](cxcmd:select /3:208-342 "Select chain") | [dolichyl-
diphosphooligosaccharide--protein glycosyltransferase subunit
3](cxcmd:sequence chain #1/3 "Show sequence") | [OST3_YEAST](cxcmd:open P48439
from uniprot "Show annotations") [1-350](cxcmd:select #1/3:1-350 "Select
sequence")  
[4](cxcmd:select /4:2-35 "Select chain") | [dolichyl-diphosphooligosaccharide
--protein glycosyltransferase subunit OST4](cxcmd:sequence chain #1/4 "Show
sequence") | [OST4_YEAST](cxcmd:open Q99380 from uniprot "Show annotations")
[1-36](cxcmd:select #1/4:1-36 "Select sequence")  
[5](cxcmd:select /5:2-85 "Select chain") | [dolichyl-diphosphooligosaccharide
--protein glycosyltransferase subunit OST5](cxcmd:sequence chain #1/5 "Show
sequence") | [OST5_YEAST](cxcmd:open Q92316 from uniprot "Show annotations")
[1-86](cxcmd:select #1/5:1-86 "Select sequence")  
[A](cxcmd:select /A:5-718 "Select chain") | [oligosaccharyl transferase
subunit STT3](cxcmd:sequence chain #1/A "Show sequence") |
[STT3_YEAST](cxcmd:open P39007 from uniprot "Show annotations")
[1-718](cxcmd:select #1/A:1-718 "Select sequence")  
[B](cxcmd:select /B:24-420 "Select chain") | [dolichyl-
diphosphooligosaccharide--protein glycosyltransferase subunit
WBP1](cxcmd:sequence chain #1/B "Show sequence") | [OSTB_YEAST](cxcmd:open
P33767 from uniprot "Show annotations") [1-430](cxcmd:select #1/B:1-430
"Select sequence")  
[C](cxcmd:select /C:23-286 "Select chain") | [dolichyl-
diphosphooligosaccharide--protein glycosyltransferase subunit
SWP1](cxcmd:sequence chain #1/C "Show sequence") | [OSTD_YEAST](cxcmd:open
Q02795 from uniprot "Show annotations") [1-286](cxcmd:select #1/C:1-286
"Select sequence")  
  

INFO:
Non-standard residues in 6c26.pdb #1  
---  
[BMA](cxcmd:sel :BMA "select residue") — [β-D-
mannopyranose](http://www.rcsb.org/ligand/BMA "show residue info")  
[EGY](cxcmd:sel :EGY "select residue") —
[(4R,7R)-4-hydroxy-N,N,N-trimethyl-4,9-dioxo-7-[(undecanoyloxy)methyl]-3,5,8-trioxa-4Λ~5~-phosphadocosan-1-aminium](http://www.rcsb.org/ligand/EGY
"show residue info")  
[NAG](cxcmd:sel :NAG "select residue") — [2-acetamido-2-deoxy-β-D-
glucopyranose](http://www.rcsb.org/ligand/NAG "show residue info")  
  

INFO:
Executing: torsion /D:4@C2 /D:4@C1 /D:3@O2 /D:3@C2
INFO:
Torsion angle for atoms /D BMA 4 C2 C1 BMA 3 O2 C2 is -117.351°
INFO:
Executing: torsion /D:4@C1 /D:3@O2 /D:3@C2 /D:3@C3
INFO:
Torsion angle for atoms /D BMA 4 C1 BMA 3 O2 C2 C3 is 116.327°
INFO:
Executing: close #1
INFO:
Executing: open ../../../pdbs/6c26.pdb
INFO:
_6c26.pdb_ title:  
 **The cryo-em structure of A eukaryotic oligosaccharyl transferase complex**
[[more info...]](cxcmd:log metadata #1)  
  

INFO:
Chain information for 6c26.pdb #1  
---  
Chain | Description | UniProt  
[1](cxcmd:select /1:26-476 "Select chain") | [dolichyl-
diphosphooligosaccharide--protein glycosyltransferase subunit
1](cxcmd:sequence chain #1/1 "Show sequence") | [OST1_YEAST](cxcmd:open P41543
from uniprot "Show annotations") [1-476](cxcmd:select #1/1:1-476 "Select
sequence")  
[2](cxcmd:select /2:22-129 "Select chain") | [dolichyl-
diphosphooligosaccharide--protein glycosyltransferase subunit
OST2](cxcmd:sequence chain #1/2 "Show sequence") | [OST2_YEAST](cxcmd:open
P46964 from uniprot "Show annotations") [1-130](cxcmd:select #1/2:1-130
"Select sequence")  
[3](cxcmd:select /3:208-342 "Select chain") | [dolichyl-
diphosphooligosaccharide--protein glycosyltransferase subunit
3](cxcmd:sequence chain #1/3 "Show sequence") | [OST3_YEAST](cxcmd:open P48439
from uniprot "Show annotations") [1-350](cxcmd:select #1/3:1-350 "Select
sequence")  
[4](cxcmd:select /4:2-35 "Select chain") | [dolichyl-diphosphooligosaccharide
--protein glycosyltransferase subunit OST4](cxcmd:sequence chain #1/4 "Show
sequence") | [OST4_YEAST](cxcmd:open Q99380 from uniprot "Show annotations")
[1-36](cxcmd:select #1/4:1-36 "Select sequence")  
[5](cxcmd:select /5:2-85 "Select chain") | [dolichyl-diphosphooligosaccharide
--protein glycosyltransferase subunit OST5](cxcmd:sequence chain #1/5 "Show
sequence") | [OST5_YEAST](cxcmd:open Q92316 from uniprot "Show annotations")
[1-86](cxcmd:select #1/5:1-86 "Select sequence")  
[A](cxcmd:select /A:5-718 "Select chain") | [oligosaccharyl transferase
subunit STT3](cxcmd:sequence chain #1/A "Show sequence") |
[STT3_YEAST](cxcmd:open P39007 from uniprot "Show annotations")
[1-718](cxcmd:select #1/A:1-718 "Select sequence")  
[B](cxcmd:select /B:24-420 "Select chain") | [dolichyl-
diphosphooligosaccharide--protein glycosyltransferase subunit
WBP1](cxcmd:sequence chain #1/B "Show sequence") | [OSTB_YEAST](cxcmd:open
P33767 from uniprot "Show annotations") [1-430](cxcmd:select #1/B:1-430
"Select sequence")  
[C](cxcmd:select /C:23-286 "Select chain") | [dolichyl-
diphosphooligosaccharide--protein glycosyltransferase subunit
SWP1](cxcmd:sequence chain #1/C "Show sequence") | [OSTD_YEAST](cxcmd:open
Q02795 from uniprot "Show annotations") [1-286](cxcmd:select #1/C:1-286
"Select sequence")  
  

INFO:
Non-standard residues in 6c26.pdb #1  
---  
[BMA](cxcmd:sel :BMA "select residue") — [β-D-
mannopyranose](http://www.rcsb.org/ligand/BMA "show residue info")  
[EGY](cxcmd:sel :EGY "select residue") —
[(4R,7R)-4-hydroxy-N,N,N-trimethyl-4,9-dioxo-7-[(undecanoyloxy)methyl]-3,5,8-trioxa-4Λ~5~-phosphadocosan-1-aminium](http://www.rcsb.org/ligand/EGY
"show residue info")  
[NAG](cxcmd:sel :NAG "select residue") — [2-acetamido-2-deoxy-β-D-
glucopyranose](http://www.rcsb.org/ligand/NAG "show residue info")  
  

INFO:
Executing: torsion /D:6@C2 /D:6@C1 /D:5@O2 /D:5@C2
INFO:
Torsion angle for atoms /D BMA 6 C2 C1 BMA 5 O2 C2 is 114.446°
INFO:
Executing: torsion /D:6@C1 /D:5@O2 /D:5@C2 /D:5@C3
INFO:
Torsion angle for atoms /D BMA 6 C1 BMA 5 O2 C2 C3 is -54.0589°
INFO:
Executing: close #1
INFO:
Executing: open ../../../pdbs/6c26.pdb
INFO:
_6c26.pdb_ title:  
 **The cryo-em structure of A eukaryotic oligosaccharyl transferase complex**
[[more info...]](cxcmd:log metadata #1)  
  

INFO:
Chain information for 6c26.pdb #1  
---  
Chain | Description | UniProt  
[1](cxcmd:select /1:26-476 "Select chain") | [dolichyl-
diphosphooligosaccharide--protein glycosyltransferase subunit
1](cxcmd:sequence chain #1/1 "Show sequence") | [OST1_YEAST](cxcmd:open P41543
from uniprot "Show annotations") [1-476](cxcmd:select #1/1:1-476 "Select
sequence")  
[2](cxcmd:select /2:22-129 "Select chain") | [dolichyl-
diphosphooligosaccharide--protein glycosyltransferase subunit
OST2](cxcmd:sequence chain #1/2 "Show sequence") | [OST2_YEAST](cxcmd:open
P46964 from uniprot "Show annotations") [1-130](cxcmd:select #1/2:1-130
"Select sequence")  
[3](cxcmd:select /3:208-342 "Select chain") | [dolichyl-
diphosphooligosaccharide--protein glycosyltransferase subunit
3](cxcmd:sequence chain #1/3 "Show sequence") | [OST3_YEAST](cxcmd:open P48439
from uniprot "Show annotations") [1-350](cxcmd:select #1/3:1-350 "Select
sequence")  
[4](cxcmd:select /4:2-35 "Select chain") | [dolichyl-diphosphooligosaccharide
--protein glycosyltransferase subunit OST4](cxcmd:sequence chain #1/4 "Show
sequence") | [OST4_YEAST](cxcmd:open Q99380 from uniprot "Show annotations")
[1-36](cxcmd:select #1/4:1-36 "Select sequence")  
[5](cxcmd:select /5:2-85 "Select chain") | [dolichyl-diphosphooligosaccharide
--protein glycosyltransferase subunit OST5](cxcmd:sequence chain #1/5 "Show
sequence") | [OST5_YEAST](cxcmd:open Q92316 from uniprot "Show annotations")
[1-86](cxcmd:select #1/5:1-86 "Select sequence")  
[A](cxcmd:select /A:5-718 "Select chain") | [oligosaccharyl transferase
subunit STT3](cxcmd:sequence chain #1/A "Show sequence") |
[STT3_YEAST](cxcmd:open P39007 from uniprot "Show annotations")
[1-718](cxcmd:select #1/A:1-718 "Select sequence")  
[B](cxcmd:select /B:24-420 "Select chain") | [dolichyl-
diphosphooligosaccharide--protein glycosyltransferase subunit
WBP1](cxcmd:sequence chain #1/B "Show sequence") | [OSTB_YEAST](cxcmd:open
P33767 from uniprot "Show annotations") [1-430](cxcmd:select #1/B:1-430
"Select sequence")  
[C](cxcmd:select /C:23-286 "Select chain") | [dolichyl-
diphosphooligosaccharide--protein glycosyltransferase subunit
SWP1](cxcmd:sequence chain #1/C "Show sequence") | [OSTD_YEAST](cxcmd:open
Q02795 from uniprot "Show annotations") [1-286](cxcmd:select #1/C:1-286
"Select sequence")  
  

INFO:
Non-standard residues in 6c26.pdb #1  
---  
[BMA](cxcmd:sel :BMA "select residue") — [β-D-
mannopyranose](http://www.rcsb.org/ligand/BMA "show residue info")  
[EGY](cxcmd:sel :EGY "select residue") —
[(4R,7R)-4-hydroxy-N,N,N-trimethyl-4,9-dioxo-7-[(undecanoyloxy)methyl]-3,5,8-trioxa-4Λ~5~-phosphadocosan-1-aminium](http://www.rcsb.org/ligand/EGY
"show residue info")  
[NAG](cxcmd:sel :NAG "select residue") — [2-acetamido-2-deoxy-β-D-
glucopyranose](http://www.rcsb.org/ligand/NAG "show residue info")  
  

INFO:
Executing: torsion /D:5@C2 /D:5@C1 /D:4@O2 /D:4@C2
INFO:
Torsion angle for atoms /D BMA 5 C2 C1 BMA 4 O2 C2 is 100.121°
INFO:
Executing: torsion /D:5@C1 /D:4@O2 /D:4@C2 /D:4@C3
INFO:
Torsion angle for atoms /D BMA 5 C1 BMA 4 O2 C2 C3 is -56.0691°
INFO:
Executing: close #1
INFO:
Executing: open ../../../pdbs/6c26.pdb
INFO:
_6c26.pdb_ title:  
 **The cryo-em structure of A eukaryotic oligosaccharyl transferase complex**
[[more info...]](cxcmd:log metadata #1)  
  

INFO:
Chain information for 6c26.pdb #1  
---  
Chain | Description | UniProt  
[1](cxcmd:select /1:26-476 "Select chain") | [dolichyl-
diphosphooligosaccharide--protein glycosyltransferase subunit
1](cxcmd:sequence chain #1/1 "Show sequence") | [OST1_YEAST](cxcmd:open P41543
from uniprot "Show annotations") [1-476](cxcmd:select #1/1:1-476 "Select
sequence")  
[2](cxcmd:select /2:22-129 "Select chain") | [dolichyl-
diphosphooligosaccharide--protein glycosyltransferase subunit
OST2](cxcmd:sequence chain #1/2 "Show sequence") | [OST2_YEAST](cxcmd:open
P46964 from uniprot "Show annotations") [1-130](cxcmd:select #1/2:1-130
"Select sequence")  
[3](cxcmd:select /3:208-342 "Select chain") | [dolichyl-
diphosphooligosaccharide--protein glycosyltransferase subunit
3](cxcmd:sequence chain #1/3 "Show sequence") | [OST3_YEAST](cxcmd:open P48439
from uniprot "Show annotations") [1-350](cxcmd:select #1/3:1-350 "Select
sequence")  
[4](cxcmd:select /4:2-35 "Select chain") | [dolichyl-diphosphooligosaccharide
--protein glycosyltransferase subunit OST4](cxcmd:sequence chain #1/4 "Show
sequence") | [OST4_YEAST](cxcmd:open Q99380 from uniprot "Show annotations")
[1-36](cxcmd:select #1/4:1-36 "Select sequence")  
[5](cxcmd:select /5:2-85 "Select chain") | [dolichyl-diphosphooligosaccharide
--protein glycosyltransferase subunit OST5](cxcmd:sequence chain #1/5 "Show
sequence") | [OST5_YEAST](cxcmd:open Q92316 from uniprot "Show annotations")
[1-86](cxcmd:select #1/5:1-86 "Select sequence")  
[A](cxcmd:select /A:5-718 "Select chain") | [oligosaccharyl transferase
subunit STT3](cxcmd:sequence chain #1/A "Show sequence") |
[STT3_YEAST](cxcmd:open P39007 from uniprot "Show annotations")
[1-718](cxcmd:select #1/A:1-718 "Select sequence")  
[B](cxcmd:select /B:24-420 "Select chain") | [dolichyl-
diphosphooligosaccharide--protein glycosyltransferase subunit
WBP1](cxcmd:sequence chain #1/B "Show sequence") | [OSTB_YEAST](cxcmd:open
P33767 from uniprot "Show annotations") [1-430](cxcmd:select #1/B:1-430
"Select sequence")  
[C](cxcmd:select /C:23-286 "Select chain") | [dolichyl-
diphosphooligosaccharide--protein glycosyltransferase subunit
SWP1](cxcmd:sequence chain #1/C "Show sequence") | [OSTD_YEAST](cxcmd:open
Q02795 from uniprot "Show annotations") [1-286](cxcmd:select #1/C:1-286
"Select sequence")  
  

INFO:
Non-standard residues in 6c26.pdb #1  
---  
[BMA](cxcmd:sel :BMA "select residue") — [β-D-
mannopyranose](http://www.rcsb.org/ligand/BMA "show residue info")  
[EGY](cxcmd:sel :EGY "select residue") —
[(4R,7R)-4-hydroxy-N,N,N-trimethyl-4,9-dioxo-7-[(undecanoyloxy)methyl]-3,5,8-trioxa-4Λ~5~-phosphadocosan-1-aminium](http://www.rcsb.org/ligand/EGY
"show residue info")  
[NAG](cxcmd:sel :NAG "select residue") — [2-acetamido-2-deoxy-β-D-
glucopyranose](http://www.rcsb.org/ligand/NAG "show residue info")  
  

INFO:
Executing: torsion /D:7@C2 /D:7@C1 /D:3@O2 /D:3@C2
INFO:
Torsion angle for atoms /D BMA 7 C2 C1 BMA 3 O2 C2 is 148.469°
INFO:
Executing: torsion /D:7@C1 /D:3@O2 /D:3@C2 /D:3@C3
INFO:
Torsion angle for atoms /D BMA 7 C1 BMA 3 O2 C2 C3 is -59.3583°
INFO:
Executing: close #1
INFO:
Executing: exit
STATUS:
Exiting ...
