../../pdbs//1h4p.pdb 9.C
Timestep	Standard Nomenclature	Ring conformation
1			4C1		6d3(1.619141)		2d5(2.593407)		4d1(4.004381)	
../../pdbs//1h4p.pdb 3.C
Timestep	Standard Nomenclature	Ring conformation
1			4C1		6d3(0.513850)		4d1(3.464528)		2d5(4.046229)	
../../pdbs//1h4p.pdb 10.C
Timestep	Standard Nomenclature	Ring conformation
1			1S3		1t3(1.001988)		4t6(2.613813)	
../../pdbs//1h4p.pdb 9.C
Timestep	Standard Nomenclature	Ring conformation
1			4C1		6d3(1.619141)		2d5(2.593407)		4d1(4.004381)	
../../pdbs//1h4p.pdb 7.C
Timestep	Standard Nomenclature	Ring conformation
1			4C1		6d3(0.443675)		2d5(1.382908)		4d1(1.594572)	
../../pdbs//1h4p.pdb 3.C
Timestep	Standard Nomenclature	Ring conformation
1			4C1		6d3(0.513850)		4d1(3.464528)		2d5(4.046229)	
../../pdbs//1h4p.pdb 7.E
Timestep	Standard Nomenclature	Ring conformation
1			4C1		6d3(0.642490)		4d1(1.314572)		2d5(2.150025)	
../../pdbs//1h4p.pdb 6.E
Timestep	Standard Nomenclature	Ring conformation
1			O3B		q12(0.725173)		36d(2.203594)		q45(4.947391)	
../../pdbs//1h4p.pdb 5.E
Timestep	Standard Nomenclature	Ring conformation
1			4C1		4d1(0.068966)		6d3(1.191562)		2d5(1.461065)	
../../pdbs//1h4p.pdb 4.E
Timestep	Standard Nomenclature	Ring conformation
1			4C1		6d3(0.932677)		2d5(2.656072)		4d1(3.327641)	
../../pdbs//1h4p.pdb 8.E
Timestep	Standard Nomenclature	Ring conformation
1			4C1		6d3(0.182736)		4d1(1.820470)		2d5(1.847380)	
../../pdbs//1h4p.pdb 6.E
Timestep	Standard Nomenclature	Ring conformation
1			O3B		q12(0.725173)		36d(2.203594)		q45(4.947391)	
../../pdbs//2djg.pdb 5.D
Timestep	Standard Nomenclature	Ring conformation
1			-		4d1(6.087772)		6d3(8.665941)	
../../pdbs//2djg.pdb 4.D
Timestep	Standard Nomenclature	Ring conformation
1			4C1		6d3(0.069793)		4d1(4.753176)		2d5(4.900434)	
../../pdbs//2djg.pdb 4.D
Timestep	Standard Nomenclature	Ring conformation
1			4C1		6d3(0.069793)		4d1(4.753176)		2d5(4.900434)	
../../pdbs//2djg.pdb 3.D
Timestep	Standard Nomenclature	Ring conformation
1			4C1		2d5(0.294971)		4d1(8.460853)		6d3(8.674923)	
../../pdbs//5b0s.pdb 3.C
Timestep	Standard Nomenclature	Ring conformation
1			-		4t2(6.895909)		16q(9.202915)	
../../pdbs//5b0s.pdb 2.C
Timestep	Standard Nomenclature	Ring conformation
1			4C1		4d1(0.046773)		2d5(6.859292)		6d3(7.590688)	
../../pdbs//5b0s.pdb 3.D
Timestep	Standard Nomenclature	Ring conformation
1			1S5		1t5(3.487352)		4t2(5.047683)	
../../pdbs//5b0s.pdb 2.D
Timestep	Standard Nomenclature	Ring conformation
1			4C1		6d3(1.189053)		4d1(3.321496)		2d5(4.799665)	
../../pdbs//7eeb.pdb 4.O
Timestep	Standard Nomenclature	Ring conformation
1			-		4d1(1.657100)		6d3(8.478372)	
../../pdbs//7eeb.pdb 3.O
Timestep	Standard Nomenclature	Ring conformation
1			-		2d5(0.955997)		46t(9.947320)	
../../pdbs//7eeb.pdb 7.O
Timestep	Standard Nomenclature	Ring conformation
1			-		4d1(4.200138)		6d3(6.268492)	
../../pdbs//7eeb.pdb 6.O
Timestep	Standard Nomenclature	Ring conformation
1			4C1		4d1(2.508524)		2d5(4.087397)		6d3(6.221716)	
../../pdbs//7eeb.pdb 5.O
Timestep	Standard Nomenclature	Ring conformation
1			4C1		4d1(3.539786)		2d5(7.134669)		6d3(9.540270)	
../../pdbs//7eeb.pdb 4.O
Timestep	Standard Nomenclature	Ring conformation
1			-		4d1(1.657100)		6d3(8.478372)	
../../pdbs//7eeb.pdb 6.O
Timestep	Standard Nomenclature	Ring conformation
1			4C1		4d1(2.508524)		2d5(4.087397)		6d3(6.221716)	
../../pdbs//7eeb.pdb 3.O
Timestep	Standard Nomenclature	Ring conformation
1			-		2d5(0.955997)		46t(9.947320)	
../../pdbs//4x1h.pdb 4.B
Timestep	Standard Nomenclature	Ring conformation
1			4C1		2d5(0.848637)		4d1(2.774183)		6d3(3.776554)	
../../pdbs//4x1h.pdb 3.B
Timestep	Standard Nomenclature	Ring conformation
1			-		q12(3.182432)		36d(7.591004)	
../../pdbs//6c26.pdb 4.D
Timestep	Standard Nomenclature	Ring conformation
1			-		4d1(2.463705)		26t(3.126784)		t13(6.880850)	
../../pdbs//6c26.pdb 3.D
Timestep	Standard Nomenclature	Ring conformation
1			4C1		6d3(1.094842)		2d5(1.116806)		4d1(1.659714)	
../../pdbs//6c26.pdb 6.D
Timestep	Standard Nomenclature	Ring conformation
1			4C1		4d1(0.296578)		6d3(4.681040)		2d5(5.058672)	
../../pdbs//6c26.pdb 5.D
Timestep	Standard Nomenclature	Ring conformation
1			-		6d3(5.675410)		4d1(8.013766)		t15(9.773533)	
../../pdbs//6c26.pdb 5.D
Timestep	Standard Nomenclature	Ring conformation
1			-		6d3(5.675410)		4d1(8.013766)		t15(9.773533)	
../../pdbs//6c26.pdb 4.D
Timestep	Standard Nomenclature	Ring conformation
1			-		4d1(2.463705)		26t(3.126784)		t13(6.880850)	
../../pdbs//6c26.pdb 7.D
Timestep	Standard Nomenclature	Ring conformation
1			4C1		2d5(3.683725)		6d3(6.476534)		4d1(9.990020)	
../../pdbs//6c26.pdb 3.D
Timestep	Standard Nomenclature	Ring conformation
1			4C1		6d3(1.094842)		2d5(1.116806)		4d1(1.659714)	
