../../pdbs//4j3x.pdb 7.B
Timestep	Standard Nomenclature	Ring conformation
1			4C1		2d5(0.478720)		4d1(4.079141)		6d3(4.487724)	
../../pdbs//4j3x.pdb 6.B
Timestep	Standard Nomenclature	Ring conformation
1			4C1		6d3(2.465514)		4d1(2.819847)		2d5(5.137020)	
../../pdbs//4j3x.pdb 6.B
Timestep	Standard Nomenclature	Ring conformation
1			4C1		6d3(2.465514)		4d1(2.819847)		2d5(5.137020)	
../../pdbs//4j3x.pdb 5.B
Timestep	Standard Nomenclature	Ring conformation
1			4C1		4d1(0.316668)		6d3(2.353534)		2d5(2.573967)	
../../pdbs//4j3x.pdb 5.B
Timestep	Standard Nomenclature	Ring conformation
1			4C1		4d1(0.316668)		6d3(2.353534)		2d5(2.573967)	
../../pdbs//4j3x.pdb 4.B
Timestep	Standard Nomenclature	Ring conformation
1			4C1		6d3(1.252028)		4d1(1.980945)		2d5(4.230905)	
../../pdbs//4j3x.pdb 4.B
Timestep	Standard Nomenclature	Ring conformation
1			4C1		6d3(1.252028)		4d1(1.980945)		2d5(4.230905)	
../../pdbs//4j3x.pdb 3.B
Timestep	Standard Nomenclature	Ring conformation
1			4C1		2d5(1.017127)		4d1(4.011770)		6d3(5.213531)	
../../pdbs//4j3x.pdb 3.B
Timestep	Standard Nomenclature	Ring conformation
1			4C1		2d5(1.017127)		4d1(4.011770)		6d3(5.213531)	
../../pdbs//4j3x.pdb 2.B
Timestep	Standard Nomenclature	Ring conformation
1			4C1		2d5(0.890608)		4d1(1.071866)		6d3(2.568738)	
../../pdbs//4j3x.pdb 2.B
Timestep	Standard Nomenclature	Ring conformation
1			4C1		2d5(0.890608)		4d1(1.071866)		6d3(2.568738)	
../../pdbs//4j3x.pdb 1.B
Timestep	Standard Nomenclature	Ring conformation
1			4C1		6d3(0.001595)		4d1(1.717293)		2d5(1.899086)	
../../pdbs//7bvt.pdb 3.B
Timestep	Standard Nomenclature	Ring conformation
1			4C1		4d1(4.856077)		2d5(4.877366)		6d3(9.158918)	
../../pdbs//7bvt.pdb 2.B
Timestep	Standard Nomenclature	Ring conformation
1			4C1		4d1(0.939613)		2d5(4.025124)		6d3(4.379561)	
../../pdbs//7bvt.pdb 2.B
Timestep	Standard Nomenclature	Ring conformation
1			4C1		4d1(0.939613)		2d5(4.025124)		6d3(4.379561)	
../../pdbs//7bvt.pdb 1.B
Timestep	Standard Nomenclature	Ring conformation
1			4C1		2d5(1.586121)		6d3(2.273687)		4d1(3.682520)	
../../pdbs//3wnp.pdb 4.C
Timestep	Standard Nomenclature	Ring conformation
1			4C1		4d1(1.311552)		2d5(6.305495)		6d3(7.544438)	
../../pdbs//3wnp.pdb 3.C
Timestep	Standard Nomenclature	Ring conformation
1			-		6d3(5.731973)		2d5(7.261902)	
../../pdbs//3wnp.pdb 3.C
Timestep	Standard Nomenclature	Ring conformation
1			-		6d3(5.731973)		2d5(7.261902)	
../../pdbs//3wnp.pdb 2.C
Timestep	Standard Nomenclature	Ring conformation
1			4C1		6d3(1.094849)		4d1(1.943735)		2d5(3.113316)	
../../pdbs//3wnp.pdb 4.D
Timestep	Standard Nomenclature	Ring conformation
1			4C1		4d1(0.052316)		6d3(5.216649)		2d5(5.382066)	
../../pdbs//3wnp.pdb 3.D
Timestep	Standard Nomenclature	Ring conformation
1			-		6d3(3.249185)		t15(8.710165)	
../../pdbs//3wnp.pdb 3.D
Timestep	Standard Nomenclature	Ring conformation
1			-		6d3(3.249185)		t15(8.710165)	
../../pdbs//3wnp.pdb 2.D
Timestep	Standard Nomenclature	Ring conformation
1			4C1		6d3(1.206131)		4d1(3.659087)		2d5(4.863778)	
../../pdbs//5f7r.pdb 2.B
Timestep	Standard Nomenclature	Ring conformation
1			4C1		6d3(1.069278)		2d5(1.244367)		4d1(2.173493)	
../../pdbs//5f7r.pdb 1.B
Timestep	Standard Nomenclature	Ring conformation
1			4C1		2d5(0.591389)		4d1(1.900294)		6d3(2.165317)	
../../pdbs//5f7r.pdb 2.C
Timestep	Standard Nomenclature	Ring conformation
1			4C1		2d5(1.125396)		6d3(1.361042)		4d1(2.692222)	
../../pdbs//5f7r.pdb 1.C
Timestep	Standard Nomenclature	Ring conformation
1			4C1		2d5(0.674038)		6d3(1.437565)		4d1(2.028549)	
../../pdbs//5i0d.pdb 2.C
Timestep	Standard Nomenclature	Ring conformation
1			4C1		2d5(0.496351)		4d1(1.725116)		6d3(2.097770)	
../../pdbs//5i0d.pdb 1.C
Timestep	Standard Nomenclature	Ring conformation
1			4C1		6d3(0.038873)		4d1(2.307689)		2d5(2.491599)	
../../pdbs//5i0d.pdb 2.E
Timestep	Standard Nomenclature	Ring conformation
1			4C1		2d5(0.311876)		4d1(0.441170)		6d3(0.638844)	
../../pdbs//5i0d.pdb 1.E
Timestep	Standard Nomenclature	Ring conformation
1			4C1		2d5(0.065518)		6d3(4.115660)		4d1(4.206858)	
../../pdbs//5i0d.pdb 3.G
Timestep	Standard Nomenclature	Ring conformation
1			4C1		6d3(1.838629)		4d1(2.267839)		2d5(4.087351)	
../../pdbs//5i0d.pdb 2.G
Timestep	Standard Nomenclature	Ring conformation
1			4C1		4d1(0.964199)		2d5(1.527707)		6d3(2.457203)	
../../pdbs//5i0d.pdb 2.G
Timestep	Standard Nomenclature	Ring conformation
1			4C1		4d1(0.964199)		2d5(1.527707)		6d3(2.457203)	
../../pdbs//5i0d.pdb 1.G
Timestep	Standard Nomenclature	Ring conformation
1			4C1		2d5(1.539324)		4d1(1.938068)		6d3(3.468820)	
../../pdbs//5i0d.pdb 2.J
Timestep	Standard Nomenclature	Ring conformation
1			4C1		2d5(0.819595)		4d1(1.677349)		6d3(2.324962)	
../../pdbs//5i0d.pdb 1.J
Timestep	Standard Nomenclature	Ring conformation
1			4C1		4d1(1.121912)		6d3(1.339409)		2d5(2.607255)	
../../pdbs//5i0d.pdb 2.I
Timestep	Standard Nomenclature	Ring conformation
1			4C1		4d1(0.196012)		6d3(0.805935)		2d5(0.932687)	
../../pdbs//5i0d.pdb 1.I
Timestep	Standard Nomenclature	Ring conformation
1			4C1		2d5(0.292788)		6d3(3.494621)		4d1(3.764472)	
../../pdbs//2d0f.pdb 5.B
Timestep	Standard Nomenclature	Ring conformation
1			4C1		4d1(0.391426)		6d3(0.540136)		2d5(1.110551)	
../../pdbs//2d0f.pdb 4.B
Timestep	Standard Nomenclature	Ring conformation
1			4C1		4d1(0.236008)		2d5(0.627749)		6d3(0.671469)	
../../pdbs//2d0f.pdb 4.B
Timestep	Standard Nomenclature	Ring conformation
1			4C1		4d1(0.236008)		2d5(0.627749)		6d3(0.671469)	
../../pdbs//2d0f.pdb 3.B
Timestep	Standard Nomenclature	Ring conformation
1			4C1		4d1(0.957819)		6d3(1.223692)		2d5(2.380554)	
../../pdbs//2d0f.pdb 3.B
Timestep	Standard Nomenclature	Ring conformation
1			4C1		4d1(0.957819)		6d3(1.223692)		2d5(2.380554)	
../../pdbs//2d0f.pdb 2.B
Timestep	Standard Nomenclature	Ring conformation
1			4C1		4d1(1.577440)		6d3(1.862593)		2d5(3.650530)	
../../pdbs//3wno.pdb 4.G
Timestep	Standard Nomenclature	Ring conformation
1			4C1		6d3(1.510025)		2d5(1.686084)		4d1(3.327024)	
../../pdbs//3wno.pdb 3.G
Timestep	Standard Nomenclature	Ring conformation
1			4C1		4d1(0.472088)		6d3(1.653133)		2d5(2.223667)	
../../pdbs//3wno.pdb 3.G
Timestep	Standard Nomenclature	Ring conformation
1			4C1		4d1(0.472088)		6d3(1.653133)		2d5(2.223667)	
../../pdbs//3wno.pdb 2.G
Timestep	Standard Nomenclature	Ring conformation
1			4C1		6d3(0.065319)		4d1(2.686541)		2d5(2.855405)	
../../pdbs//3wno.pdb 2.G
Timestep	Standard Nomenclature	Ring conformation
1			4C1		6d3(0.065319)		4d1(2.686541)		2d5(2.855405)	
../../pdbs//3wno.pdb 1.G
Timestep	Standard Nomenclature	Ring conformation
1			4C1		4d1(1.602020)		2d5(4.984460)		6d3(6.500484)	
../../pdbs//5x7r.pdb 3.D
Timestep	Standard Nomenclature	Ring conformation
1			4C1		2d5(0.009567)		4d1(0.924501)		6d3(1.045482)	
../../pdbs//5x7r.pdb 2.D
Timestep	Standard Nomenclature	Ring conformation
1			4C1		6d3(0.784559)		4d1(3.076138)		2d5(3.786194)	
../../pdbs//5x7r.pdb 2.D
Timestep	Standard Nomenclature	Ring conformation
1			4C1		6d3(0.784559)		4d1(3.076138)		2d5(3.786194)	
../../pdbs//5x7r.pdb 1.D
Timestep	Standard Nomenclature	Ring conformation
1			4C1		2d5(1.338286)		4d1(2.787754)		6d3(3.986729)	
../../pdbs//5x7r.pdb 5.C
Timestep	Standard Nomenclature	Ring conformation
1			4C1		2d5(0.544721)		4d1(3.179572)		6d3(3.957177)	
../../pdbs//5x7r.pdb 4.C
Timestep	Standard Nomenclature	Ring conformation
1			4C1		4d1(1.617665)		2d5(2.536916)		6d3(4.194822)	
../../pdbs//5x7r.pdb 4.C
Timestep	Standard Nomenclature	Ring conformation
1			4C1		4d1(1.617665)		2d5(2.536916)		6d3(4.194822)	
../../pdbs//5x7r.pdb 3.C
Timestep	Standard Nomenclature	Ring conformation
1			4C1		4d1(0.630887)		6d3(3.905608)		2d5(4.604100)	
../../pdbs//5x7r.pdb 3.C
Timestep	Standard Nomenclature	Ring conformation
1			4C1		4d1(0.630887)		6d3(3.905608)		2d5(4.604100)	
../../pdbs//5x7r.pdb 2.C
Timestep	Standard Nomenclature	Ring conformation
1			4C1		4d1(1.653937)		2d5(4.000498)		6d3(5.613579)	
../../pdbs//5x7r.pdb 3.F
Timestep	Standard Nomenclature	Ring conformation
1			4C1		2d5(0.123194)		6d3(0.464007)		4d1(0.563103)	
../../pdbs//5x7r.pdb 2.F
Timestep	Standard Nomenclature	Ring conformation
1			4C1		6d3(1.189064)		4d1(1.712371)		2d5(2.938908)	
../../pdbs//5x7r.pdb 2.F
Timestep	Standard Nomenclature	Ring conformation
1			4C1		6d3(1.189064)		4d1(1.712371)		2d5(2.938908)	
../../pdbs//5x7r.pdb 1.F
Timestep	Standard Nomenclature	Ring conformation
1			4C1		4d1(0.027881)		6d3(5.628492)		2d5(5.708609)	
../../pdbs//6t1p.pdb 4.D
Timestep	Standard Nomenclature	Ring conformation
1			4C1		4d1(0.080668)		2d5(4.978522)		6d3(5.217519)	
../../pdbs//6t1p.pdb 3.D
Timestep	Standard Nomenclature	Ring conformation
1			4C1		6d3(0.399167)		2d5(5.607227)		4d1(6.151420)	
../../pdbs//6t1p.pdb 3.D
Timestep	Standard Nomenclature	Ring conformation
1			4C1		6d3(0.399167)		2d5(5.607227)		4d1(6.151420)	
../../pdbs//6t1p.pdb 2.D
Timestep	Standard Nomenclature	Ring conformation
1			4C1		4d1(2.237199)		6d3(2.611455)		2d5(4.817119)	
../../pdbs//6t1p.pdb 2.D
Timestep	Standard Nomenclature	Ring conformation
1			4C1		4d1(2.237199)		6d3(2.611455)		2d5(4.817119)	
../../pdbs//6t1p.pdb 1.D
Timestep	Standard Nomenclature	Ring conformation
1			-		4d1(3.363979)		26t(9.117608)		2d5(9.808346)	
../../pdbs//6t1p.pdb 1.D
Timestep	Standard Nomenclature	Ring conformation
1			-		4d1(3.363979)		26t(9.117608)		2d5(9.808346)	
../../pdbs//6t1p.pdb 3.C
Timestep	Standard Nomenclature	Ring conformation
1			4C1		2d5(2.488918)		6d3(3.142844)		4d1(5.769786)	
../../pdbs//6t1p.pdb 3.C
Timestep	Standard Nomenclature	Ring conformation
1			4C1		2d5(2.488918)		6d3(3.142844)		4d1(5.769786)	
../../pdbs//6t1p.pdb 2.C
Timestep	Standard Nomenclature	Ring conformation
1			4C1		6d3(3.072889)		4d1(3.095560)		2d5(5.889553)	
../../pdbs//6t1p.pdb 2.C
Timestep	Standard Nomenclature	Ring conformation
1			4C1		6d3(3.072889)		4d1(3.095560)		2d5(5.889553)	
../../pdbs//6t1p.pdb 1.C
Timestep	Standard Nomenclature	Ring conformation
1			4C1		2d5(2.807061)		4d1(4.170513)		6d3(6.799704)	
../../pdbs//4j3w.pdb 6.B
Timestep	Standard Nomenclature	Ring conformation
1			4C1		2d5(0.235401)		6d3(2.160158)		4d1(2.223115)	
../../pdbs//4j3w.pdb 2.B
Timestep	Standard Nomenclature	Ring conformation
1			4C1		2d5(0.927934)		4d1(3.984133)		6d3(4.959544)	
../../pdbs//4j3w.pdb 5.B
Timestep	Standard Nomenclature	Ring conformation
1			4C1		2d5(1.526061)		4d1(1.769851)		6d3(3.338935)	
../../pdbs//4j3w.pdb 4.B
Timestep	Standard Nomenclature	Ring conformation
1			4C1		6d3(0.004616)		4d1(1.041958)		2d5(1.329380)	
../../pdbs//4j3w.pdb 4.B
Timestep	Standard Nomenclature	Ring conformation
1			4C1		6d3(0.004616)		4d1(1.041958)		2d5(1.329380)	
../../pdbs//4j3w.pdb 3.B
Timestep	Standard Nomenclature	Ring conformation
1			-		2d5(0.782675)		t13(6.205691)	
../../pdbs//4j3w.pdb 2.B
Timestep	Standard Nomenclature	Ring conformation
1			4C1		2d5(0.927934)		4d1(3.984133)		6d3(4.959544)	
../../pdbs//4j3w.pdb 1.B
Timestep	Standard Nomenclature	Ring conformation
1			4C1		6d3(1.039508)		4d1(1.749385)		2d5(2.685240)	
../../pdbs//4j3w.pdb 3.B
Timestep	Standard Nomenclature	Ring conformation
1			-		2d5(0.782675)		t13(6.205691)	
../../pdbs//4j3w.pdb 2.B
Timestep	Standard Nomenclature	Ring conformation
1			4C1		2d5(0.927934)		4d1(3.984133)		6d3(4.959544)	
../../pdbs//6gya.pdb 3.K
Timestep	Standard Nomenclature	Ring conformation
1			4C1		4d1(0.122225)		6d3(0.959478)		2d5(1.304397)	
../../pdbs//6gya.pdb 2.K
Timestep	Standard Nomenclature	Ring conformation
1			4C1		6d3(0.029770)		2d5(1.266370)		4d1(1.471309)	
../../pdbs//6gya.pdb 2.K
Timestep	Standard Nomenclature	Ring conformation
1			4C1		6d3(0.029770)		2d5(1.266370)		4d1(1.471309)	
../../pdbs//6gya.pdb 1.K
Timestep	Standard Nomenclature	Ring conformation
1			4C1		2d5(0.574722)		6d3(0.905018)		4d1(1.251892)	
../../pdbs//6gya.pdb 3.I
Timestep	Standard Nomenclature	Ring conformation
1			4C1		6d3(0.267525)		4d1(2.673459)		2d5(2.882557)	
../../pdbs//6gya.pdb 2.I
Timestep	Standard Nomenclature	Ring conformation
1			4C1		6d3(0.545278)		2d5(1.092039)		4d1(1.225856)	
../../pdbs//6gya.pdb 2.I
Timestep	Standard Nomenclature	Ring conformation
1			4C1		6d3(0.545278)		2d5(1.092039)		4d1(1.225856)	
../../pdbs//6gya.pdb 1.I
Timestep	Standard Nomenclature	Ring conformation
1			4C1		2d5(0.235247)		6d3(0.398803)		4d1(0.732229)	
../../pdbs//6gya.pdb 3.G
Timestep	Standard Nomenclature	Ring conformation
1			4C1		2d5(0.202478)		6d3(0.565788)		4d1(0.598255)	
../../pdbs//6gya.pdb 2.G
Timestep	Standard Nomenclature	Ring conformation
1			4C1		2d5(0.203601)		6d3(0.339416)		4d1(0.393846)	
../../pdbs//6gya.pdb 2.G
Timestep	Standard Nomenclature	Ring conformation
1			4C1		2d5(0.203601)		6d3(0.339416)		4d1(0.393846)	
../../pdbs//6gya.pdb 1.G
Timestep	Standard Nomenclature	Ring conformation
1			4C1		6d3(0.093944)		4d1(0.352222)		2d5(0.578172)	
../../pdbs//6gya.pdb 3.E
Timestep	Standard Nomenclature	Ring conformation
1			4C1		2d5(0.153514)		4d1(1.157333)		6d3(1.365521)	
../../pdbs//6gya.pdb 2.E
Timestep	Standard Nomenclature	Ring conformation
1			4C1		2d5(0.362675)		6d3(0.759628)		4d1(0.823515)	
../../pdbs//6gya.pdb 2.E
Timestep	Standard Nomenclature	Ring conformation
1			4C1		2d5(0.362675)		6d3(0.759628)		4d1(0.823515)	
../../pdbs//6gya.pdb 1.E
Timestep	Standard Nomenclature	Ring conformation
1			4C1		4d1(0.025740)		2d5(0.099335)		6d3(0.218709)	
../../pdbs//6bs6.pdb 5.E
Timestep	Standard Nomenclature	Ring conformation
1			4C1		2d5(1.777268)		6d3(5.525133)		4d1(7.180400)	
../../pdbs//6bs6.pdb 4.E
Timestep	Standard Nomenclature	Ring conformation
1			4C1		4d1(2.733405)		6d3(2.807183)		2d5(5.775486)	
../../pdbs//6bs6.pdb 4.E
Timestep	Standard Nomenclature	Ring conformation
1			4C1		4d1(2.733405)		6d3(2.807183)		2d5(5.775486)	
../../pdbs//6bs6.pdb 3.E
Timestep	Standard Nomenclature	Ring conformation
1			4C1		6d3(0.787790)		2d5(2.645323)		4d1(3.222797)	
../../pdbs//6bs6.pdb 3.E
Timestep	Standard Nomenclature	Ring conformation
1			4C1		6d3(0.787790)		2d5(2.645323)		4d1(3.222797)	
../../pdbs//6bs6.pdb 2.E
Timestep	Standard Nomenclature	Ring conformation
1			4C1		4d1(0.706289)		6d3(1.359086)		2d5(2.425712)	
../../pdbs//6bs6.pdb 2.E
Timestep	Standard Nomenclature	Ring conformation
1			4C1		4d1(0.706289)		6d3(1.359086)		2d5(2.425712)	
../../pdbs//6bs6.pdb 1.E
Timestep	Standard Nomenclature	Ring conformation
1			4C1		6d3(2.835152)		2d5(3.535841)		4d1(6.278319)	
../../pdbs//6bs6.pdb 6.E
Timestep	Standard Nomenclature	Ring conformation
1			4C1		6d3(0.638313)		2d5(2.879754)		4d1(3.322795)	
../../pdbs//6bs6.pdb 4.E
Timestep	Standard Nomenclature	Ring conformation
1			4C1		4d1(2.733405)		6d3(2.807183)		2d5(5.775486)	
../../pdbs//6bs6.pdb 3.G
Timestep	Standard Nomenclature	Ring conformation
1			4C1		2d5(0.346788)		4d1(8.830031)		6d3(9.341547)	
../../pdbs//6bs6.pdb 2.G
Timestep	Standard Nomenclature	Ring conformation
1			4C1		4d1(0.199899)		2d5(3.336434)		6d3(3.402238)	
../../pdbs//6bs6.pdb 6.G
Timestep	Standard Nomenclature	Ring conformation
1			4C1		2d5(0.676005)		4d1(4.368820)		6d3(5.209262)	
../../pdbs//6bs6.pdb 5.G
Timestep	Standard Nomenclature	Ring conformation
1			4C1		4d1(1.670298)		6d3(1.754658)		2d5(3.782120)	
../../pdbs//6bs6.pdb 5.G
Timestep	Standard Nomenclature	Ring conformation
1			4C1		4d1(1.670298)		6d3(1.754658)		2d5(3.782120)	
../../pdbs//6bs6.pdb 4.G
Timestep	Standard Nomenclature	Ring conformation
1			4C1		4d1(1.057795)		2d5(1.840987)		6d3(2.661722)	
../../pdbs//6bs6.pdb 4.G
Timestep	Standard Nomenclature	Ring conformation
1			4C1		4d1(1.057795)		2d5(1.840987)		6d3(2.661722)	
../../pdbs//6bs6.pdb 3.G
Timestep	Standard Nomenclature	Ring conformation
1			4C1		2d5(0.346788)		4d1(8.830031)		6d3(9.341547)	
../../pdbs//6bs6.pdb 2.G
Timestep	Standard Nomenclature	Ring conformation
1			4C1		4d1(0.199899)		2d5(3.336434)		6d3(3.402238)	
../../pdbs//6bs6.pdb 1.G
Timestep	Standard Nomenclature	Ring conformation
1			4C1		4d1(1.442861)		6d3(2.628512)		2d5(4.258194)	
../../pdbs//6bs6.pdb 7.G
Timestep	Standard Nomenclature	Ring conformation
1			4C1		4d1(1.835713)		6d3(5.466436)		2d5(7.122822)	
../../pdbs//6bs6.pdb 2.G
Timestep	Standard Nomenclature	Ring conformation
1			4C1		4d1(0.199899)		2d5(3.336434)		6d3(3.402238)	
../../pdbs//6bs6.pdb 4.D
Timestep	Standard Nomenclature	Ring conformation
1			-		2d5(3.338406)		4d1(8.638479)	
../../pdbs//6bs6.pdb 3.D
Timestep	Standard Nomenclature	Ring conformation
1			4C1		2d5(1.474486)		4d1(2.408330)		6d3(3.675839)	
../../pdbs//6bs6.pdb 7.D
Timestep	Standard Nomenclature	Ring conformation
1			4C1		2d5(1.487454)		6d3(2.904962)		4d1(4.317037)	
../../pdbs//6bs6.pdb 6.D
Timestep	Standard Nomenclature	Ring conformation
1			4C1		2d5(1.106379)		6d3(1.130943)		4d1(1.960280)	
../../pdbs//6bs6.pdb 6.D
Timestep	Standard Nomenclature	Ring conformation
1			4C1		2d5(1.106379)		6d3(1.130943)		4d1(1.960280)	
../../pdbs//6bs6.pdb 5.D
Timestep	Standard Nomenclature	Ring conformation
1			4C1		6d3(1.755690)		4d1(2.039536)		2d5(3.893811)	
../../pdbs//6bs6.pdb 5.D
Timestep	Standard Nomenclature	Ring conformation
1			4C1		6d3(1.755690)		4d1(2.039536)		2d5(3.893811)	
../../pdbs//6bs6.pdb 4.D
Timestep	Standard Nomenclature	Ring conformation
1			-		2d5(3.338406)		4d1(8.638479)	
../../pdbs//6bs6.pdb 3.D
Timestep	Standard Nomenclature	Ring conformation
1			4C1		2d5(1.474486)		4d1(2.408330)		6d3(3.675839)	
../../pdbs//6bs6.pdb 2.D
Timestep	Standard Nomenclature	Ring conformation
1			4C1		2d5(0.734794)		4d1(2.063826)		6d3(2.899670)	
../../pdbs//6bs6.pdb 2.D
Timestep	Standard Nomenclature	Ring conformation
1			4C1		2d5(0.734794)		4d1(2.063826)		6d3(2.899670)	
../../pdbs//6bs6.pdb 1.D
Timestep	Standard Nomenclature	Ring conformation
1			-		4d1(1.596176)		t35(9.516755)	
../../pdbs//6bs6.pdb 8.D
Timestep	Standard Nomenclature	Ring conformation
1			4C1		2d5(0.488537)		4d1(3.469276)		6d3(4.053110)	
../../pdbs//6bs6.pdb 3.D
Timestep	Standard Nomenclature	Ring conformation
1			4C1		2d5(1.474486)		4d1(2.408330)		6d3(3.675839)	
../../pdbs//4c9f.pdb 4.G
Timestep	Standard Nomenclature	Ring conformation
1			-		t35(0.087911)		46t(3.836399)		4d1(7.012033)	
../../pdbs//4c9f.pdb 3.G
Timestep	Standard Nomenclature	Ring conformation
1			4C1		6d3(0.035917)		4d1(8.500031)		2d5(8.574030)	
../../pdbs//4c9f.pdb 3.G
Timestep	Standard Nomenclature	Ring conformation
1			4C1		6d3(0.035917)		4d1(8.500031)		2d5(8.574030)	
../../pdbs//4c9f.pdb 2.G
Timestep	Standard Nomenclature	Ring conformation
1			4C1		6d3(0.982769)		4d1(2.961267)		2d5(3.827834)	
../../pdbs//5x7h.pdb 7.B
Timestep	Standard Nomenclature	Ring conformation
1			4C1		6d3(0.605835)		4d1(4.540535)		2d5(5.429448)	
../../pdbs//5x7h.pdb 6.B
Timestep	Standard Nomenclature	Ring conformation
1			4C1		4d1(1.752036)		6d3(4.996021)		2d5(6.814739)	
../../pdbs//5x7h.pdb 6.B
Timestep	Standard Nomenclature	Ring conformation
1			4C1		4d1(1.752036)		6d3(4.996021)		2d5(6.814739)	
../../pdbs//5x7h.pdb 5.B
Timestep	Standard Nomenclature	Ring conformation
1			4C1		4d1(0.549677)		6d3(6.744872)		2d5(7.486023)	
../../pdbs//5x7h.pdb 5.B
Timestep	Standard Nomenclature	Ring conformation
1			4C1		4d1(0.549677)		6d3(6.744872)		2d5(7.486023)	
../../pdbs//5x7h.pdb 4.B
Timestep	Standard Nomenclature	Ring conformation
1			4C1		2d5(3.134969)		4d1(3.629773)		6d3(6.559910)	
../../pdbs//5x7h.pdb 4.B
Timestep	Standard Nomenclature	Ring conformation
1			4C1		2d5(3.134969)		4d1(3.629773)		6d3(6.559910)	
../../pdbs//5x7h.pdb 3.B
Timestep	Standard Nomenclature	Ring conformation
1			4C1		6d3(1.412739)		2d5(5.749955)		4d1(7.289729)	
../../pdbs//5x7h.pdb 3.B
Timestep	Standard Nomenclature	Ring conformation
1			4C1		6d3(1.412739)		2d5(5.749955)		4d1(7.289729)	
../../pdbs//5x7h.pdb 2.B
Timestep	Standard Nomenclature	Ring conformation
1			4C1		6d3(1.000005)		2d5(2.074955)		4d1(3.295631)	
../../pdbs//5x7h.pdb 2.B
Timestep	Standard Nomenclature	Ring conformation
1			4C1		6d3(1.000005)		2d5(2.074955)		4d1(3.295631)	
../../pdbs//5x7h.pdb 1.B
Timestep	Standard Nomenclature	Ring conformation
1			-		d36(1.445419)		12q(8.309718)		5t3(9.428651)	
../../pdbs//5x7h.pdb 3.D
Timestep	Standard Nomenclature	Ring conformation
1			-		t13(0.447500)		24t(3.379827)		2d5(7.757931)	
../../pdbs//5x7h.pdb 2.D
Timestep	Standard Nomenclature	Ring conformation
1			-		2d5(3.491684)		4d1(7.401516)		t13(9.748715)	
../../pdbs//5x7h.pdb 2.D
Timestep	Standard Nomenclature	Ring conformation
1			-		2d5(3.491684)		4d1(7.401516)		t13(9.748715)	
../../pdbs//5x7h.pdb 1.D
Timestep	Standard Nomenclature	Ring conformation
1			4C1		6d3(0.785881)		2d5(5.979405)		4d1(6.451491)	
../../pdbs//4tvc.pdb 3.B
Timestep	Standard Nomenclature	Ring conformation
1			4C1		6d3(3.943483)		2d5(4.352413)		4d1(8.285556)	
../../pdbs//4tvc.pdb 2.B
Timestep	Standard Nomenclature	Ring conformation
1			4C1		4d1(1.163087)		2d5(4.554003)		6d3(5.537970)	
../../pdbs//4tvc.pdb 2.B
Timestep	Standard Nomenclature	Ring conformation
1			4C1		4d1(1.163087)		2d5(4.554003)		6d3(5.537970)	
../../pdbs//4tvc.pdb 1.B
Timestep	Standard Nomenclature	Ring conformation
1			-		2d5(1.349885)		6d3(9.050125)	
../../pdbs//3wnn.pdb 4.D
Timestep	Standard Nomenclature	Ring conformation
1			-		12q(3.575543)		5t3(8.038329)	
../../pdbs//3wnn.pdb 3.D
Timestep	Standard Nomenclature	Ring conformation
1			4C1		6d3(0.186328)		4d1(5.247211)		2d5(5.466736)	
../../pdbs//3wnn.pdb 3.D
Timestep	Standard Nomenclature	Ring conformation
1			4C1		6d3(0.186328)		4d1(5.247211)		2d5(5.466736)	
../../pdbs//3wnn.pdb 2.D
Timestep	Standard Nomenclature	Ring conformation
1			4C1		6d3(0.438642)		2d5(4.242564)		4d1(4.569401)	
../../pdbs//3wnn.pdb 2.D
Timestep	Standard Nomenclature	Ring conformation
1			4C1		6d3(0.438642)		2d5(4.242564)		4d1(4.569401)	
../../pdbs//3wnn.pdb 1.D
Timestep	Standard Nomenclature	Ring conformation
1			2H3		2q3(0.178011)		24t(1.159978)		12q(2.194399)		2d5(2.231879)		2t6(2.655488)		t13(8.917696)	
../../pdbs//3wnn.pdb 8.E
Timestep	Standard Nomenclature	Ring conformation
1			4C1		4d1(0.207409)		6d3(1.717400)		2d5(1.861451)	
../../pdbs//3wnn.pdb 7.E
Timestep	Standard Nomenclature	Ring conformation
1			4C1		6d3(1.546828)		4d1(1.898769)		2d5(2.836758)	
../../pdbs//3wnn.pdb 7.E
Timestep	Standard Nomenclature	Ring conformation
1			4C1		6d3(1.546828)		4d1(1.898769)		2d5(2.836758)	
../../pdbs//3wnn.pdb 6.E
Timestep	Standard Nomenclature	Ring conformation
1			-		2d5(2.087077)	
../../pdbs//3wnn.pdb 6.E
Timestep	Standard Nomenclature	Ring conformation
1			-		2d5(2.087077)	
../../pdbs//3wnn.pdb 5.E
Timestep	Standard Nomenclature	Ring conformation
1			4C1		6d3(2.806820)		2d5(3.739717)		4d1(6.529877)	
../../pdbs//3wnn.pdb 5.E
Timestep	Standard Nomenclature	Ring conformation
1			4C1		6d3(2.806820)		2d5(3.739717)		4d1(6.529877)	
../../pdbs//3wnn.pdb 4.E
Timestep	Standard Nomenclature	Ring conformation
1			4C1		4d1(1.826760)		6d3(2.856664)		2d5(5.064060)	
../../pdbs//3wnn.pdb 4.E
Timestep	Standard Nomenclature	Ring conformation
1			4C1		4d1(1.826760)		6d3(2.856664)		2d5(5.064060)	
../../pdbs//3wnn.pdb 3.E
Timestep	Standard Nomenclature	Ring conformation
1			4C1		6d3(0.837719)		4d1(2.722657)		2d5(3.376079)	
../../pdbs//3wnn.pdb 3.E
Timestep	Standard Nomenclature	Ring conformation
1			4C1		6d3(0.837719)		4d1(2.722657)		2d5(3.376079)	
../../pdbs//3wnn.pdb 2.E
Timestep	Standard Nomenclature	Ring conformation
1			4C1		6d3(1.088332)		4d1(4.990542)		2d5(5.712461)	
../../pdbs//3wnn.pdb 8.C
Timestep	Standard Nomenclature	Ring conformation
1			4C1		6d3(0.376822)		4d1(0.541217)		2d5(0.820011)	
../../pdbs//3wnn.pdb 7.C
Timestep	Standard Nomenclature	Ring conformation
1			4C1		6d3(0.455747)		2d5(1.783052)		4d1(2.298683)	
../../pdbs//3wnn.pdb 7.C
Timestep	Standard Nomenclature	Ring conformation
1			4C1		6d3(0.455747)		2d5(1.783052)		4d1(2.298683)	
../../pdbs//3wnn.pdb 6.C
Timestep	Standard Nomenclature	Ring conformation
1			4C1		2d5(2.762496)		4d1(4.304399)		6d3(6.830647)	
../../pdbs//3wnn.pdb 6.C
Timestep	Standard Nomenclature	Ring conformation
1			4C1		2d5(2.762496)		4d1(4.304399)		6d3(6.830647)	
../../pdbs//3wnn.pdb 5.C
Timestep	Standard Nomenclature	Ring conformation
1			2H3		2q3(2.187782)		12q(5.678122)		24t(6.599581)		2t6(8.712926)		2d5(8.993015)	
../../pdbs//3wnn.pdb 5.C
Timestep	Standard Nomenclature	Ring conformation
1			2H3		2q3(2.187782)		12q(5.678122)		24t(6.599581)		2t6(8.712926)		2d5(8.993015)	
../../pdbs//3wnn.pdb 4.C
Timestep	Standard Nomenclature	Ring conformation
1			4C1		6d3(0.643812)		2d5(8.436567)		4d1(8.799974)	
../../pdbs//3wnn.pdb 4.C
Timestep	Standard Nomenclature	Ring conformation
1			4C1		6d3(0.643812)		2d5(8.436567)		4d1(8.799974)	
../../pdbs//3wnn.pdb 3.C
Timestep	Standard Nomenclature	Ring conformation
1			4C1		4d1(1.015888)		6d3(1.605817)		2d5(2.501917)	
../../pdbs//3wnn.pdb 3.C
Timestep	Standard Nomenclature	Ring conformation
1			4C1		4d1(1.015888)		6d3(1.605817)		2d5(2.501917)	
../../pdbs//3wnn.pdb 2.C
Timestep	Standard Nomenclature	Ring conformation
1			4C1		4d1(3.772908)		6d3(6.623795)		2d5(9.782306)	
../../pdbs//3wnn.pdb 5.F
Timestep	Standard Nomenclature	Ring conformation
1			4C1		6d3(0.236546)		2d5(0.320007)		4d1(0.670682)	
../../pdbs//3wnn.pdb 4.F
Timestep	Standard Nomenclature	Ring conformation
1			-		1t3(1.922824)		d36(6.022058)		45q(8.146774)		q23(9.394879)	
../../pdbs//3wnn.pdb 4.F
Timestep	Standard Nomenclature	Ring conformation
1			-		1t3(1.922824)		d36(6.022058)		45q(8.146774)		q23(9.394879)	
../../pdbs//3wnn.pdb 3.F
Timestep	Standard Nomenclature	Ring conformation
1			2H3		2q3(2.019126)		12q(2.594555)		24t(4.215089)		2t6(4.499613)		2d5(5.024795)	
../../pdbs//3wnn.pdb 3.F
Timestep	Standard Nomenclature	Ring conformation
1			2H3		2q3(2.019126)		12q(2.594555)		24t(4.215089)		2t6(4.499613)		2d5(5.024795)	
../../pdbs//3wnn.pdb 2.F
Timestep	Standard Nomenclature	Ring conformation
1			4C1		4d1(0.149361)		2d5(3.069521)		6d3(3.225797)	
../../pdbs//3wnn.pdb 2.F
Timestep	Standard Nomenclature	Ring conformation
1			4C1		4d1(0.149361)		2d5(3.069521)		6d3(3.225797)	
../../pdbs//3wnn.pdb 1.F
Timestep	Standard Nomenclature	Ring conformation
1			4C1		6d3(2.520099)		2d5(3.705338)		4d1(6.422004)	
../../pdbs//5ngy.pdb 4.C
Timestep	Standard Nomenclature	Ring conformation
1			4C1		2d5(1.501856)		4d1(4.830356)		6d3(6.113768)	
../../pdbs//5ngy.pdb 3.C
Timestep	Standard Nomenclature	Ring conformation
1			4C1		4d1(1.697685)		6d3(2.569042)		2d5(4.322566)	
../../pdbs//5ngy.pdb 3.C
Timestep	Standard Nomenclature	Ring conformation
1			4C1		4d1(1.697685)		6d3(2.569042)		2d5(4.322566)	
../../pdbs//5ngy.pdb 2.C
Timestep	Standard Nomenclature	Ring conformation
1			4C1		4d1(1.087846)		6d3(5.757808)		2d5(6.907687)	
../../pdbs//5ngy.pdb 2.C
Timestep	Standard Nomenclature	Ring conformation
1			4C1		4d1(1.087846)		6d3(5.757808)		2d5(6.907687)	
../../pdbs//5ngy.pdb 1.C
Timestep	Standard Nomenclature	Ring conformation
1			4C1		4d1(0.126734)		6d3(2.644814)		2d5(2.803437)	
../../pdbs//7lsu.pdb 4.C
Timestep	Standard Nomenclature	Ring conformation
1			4C1		6d3(1.263063)		4d1(1.852022)		2d5(3.080557)	
../../pdbs//7lsu.pdb 3.C
Timestep	Standard Nomenclature	Ring conformation
1			4C1		6d3(0.598845)		2d5(1.936303)		4d1(2.542570)	
../../pdbs//7lsu.pdb 3.C
Timestep	Standard Nomenclature	Ring conformation
1			4C1		6d3(0.598845)		2d5(1.936303)		4d1(2.542570)	
../../pdbs//7lsu.pdb 2.C
Timestep	Standard Nomenclature	Ring conformation
1			4C1		6d3(0.483086)		4d1(0.802315)		2d5(1.291549)	
../../pdbs//2d0h.pdb 6.B
Timestep	Standard Nomenclature	Ring conformation
1			4C1		2d5(2.424746)		4d1(3.529506)		6d3(6.058508)	
../../pdbs//2d0h.pdb 5.B
Timestep	Standard Nomenclature	Ring conformation
1			4C1		2d5(0.781611)		4d1(2.226552)		6d3(2.816303)	
../../pdbs//2d0h.pdb 5.B
Timestep	Standard Nomenclature	Ring conformation
1			4C1		2d5(0.781611)		4d1(2.226552)		6d3(2.816303)	
../../pdbs//2d0h.pdb 4.B
Timestep	Standard Nomenclature	Ring conformation
1			4C1		6d3(0.096408)		4d1(1.582808)		2d5(1.699901)	
../../pdbs//2d0h.pdb 4.B
Timestep	Standard Nomenclature	Ring conformation
1			4C1		6d3(0.096408)		4d1(1.582808)		2d5(1.699901)	
../../pdbs//2d0h.pdb 3.B
Timestep	Standard Nomenclature	Ring conformation
1			4C1		2d5(0.190409)		4d1(2.095811)		6d3(2.191782)	
../../pdbs//2d0h.pdb 3.B
Timestep	Standard Nomenclature	Ring conformation
1			4C1		2d5(0.190409)		4d1(2.095811)		6d3(2.191782)	
../../pdbs//2d0h.pdb 2.B
Timestep	Standard Nomenclature	Ring conformation
1			4C1		4d1(0.585951)		6d3(1.814734)		2d5(2.697773)	
../../pdbs//2d0h.pdb 2.B
Timestep	Standard Nomenclature	Ring conformation
1			4C1		4d1(0.585951)		6d3(1.814734)		2d5(2.697773)	
../../pdbs//2d0h.pdb 1.B
Timestep	Standard Nomenclature	Ring conformation
1			4C1		6d3(0.708162)		2d5(1.579757)		4d1(2.246673)	
../../pdbs//5axh.pdb 6.D
Timestep	Standard Nomenclature	Ring conformation
1			-		26t(5.538248)		t13(6.385112)		4d1(6.673884)		2d5(8.500090)	
../../pdbs//5axh.pdb 5.D
Timestep	Standard Nomenclature	Ring conformation
1			4C1		4d1(2.772818)		6d3(3.573153)		2d5(6.663569)	
../../pdbs//5axh.pdb 5.D
Timestep	Standard Nomenclature	Ring conformation
1			4C1		4d1(2.772818)		6d3(3.573153)		2d5(6.663569)	
../../pdbs//5axh.pdb 4.D
Timestep	Standard Nomenclature	Ring conformation
1			4C1		6d3(1.629834)		4d1(4.213987)		2d5(5.889304)	
../../pdbs//5axh.pdb 4.D
Timestep	Standard Nomenclature	Ring conformation
1			4C1		6d3(1.629834)		4d1(4.213987)		2d5(5.889304)	
../../pdbs//5axh.pdb 3.D
Timestep	Standard Nomenclature	Ring conformation
1			4C1		6d3(0.349446)		4d1(5.371730)		2d5(5.819712)	
../../pdbs//5axh.pdb 3.D
Timestep	Standard Nomenclature	Ring conformation
1			4C1		6d3(0.349446)		4d1(5.371730)		2d5(5.819712)	
../../pdbs//5axh.pdb 2.D
Timestep	Standard Nomenclature	Ring conformation
1			4C1		6d3(2.219865)		4d1(3.883109)		2d5(5.910117)	
../../pdbs//5axh.pdb 4.C
Timestep	Standard Nomenclature	Ring conformation
1			-		2t6(7.332226)	
../../pdbs//5axh.pdb 3.C
Timestep	Standard Nomenclature	Ring conformation
1			4C1		4d1(0.316665)		2d5(2.149995)		6d3(2.417881)	
../../pdbs//5axh.pdb 3.C
Timestep	Standard Nomenclature	Ring conformation
1			4C1		4d1(0.316665)		2d5(2.149995)		6d3(2.417881)	
../../pdbs//5axh.pdb 2.C
Timestep	Standard Nomenclature	Ring conformation
1			4C1		4d1(2.316230)		6d3(3.185246)		2d5(5.600190)	
../../pdbs//5axh.pdb 2.C
Timestep	Standard Nomenclature	Ring conformation
1			4C1		4d1(2.316230)		6d3(3.185246)		2d5(5.600190)	
../../pdbs//5axh.pdb 1.C
Timestep	Standard Nomenclature	Ring conformation
1			-		4t6(2.522233)		q23(5.019274)		14d(7.069740)	
../../pdbs//5hqb.pdb 3.B
Timestep	Standard Nomenclature	Ring conformation
1			-		2d5(3.650528)		6d3(6.510839)	
../../pdbs//5hqb.pdb 2.B
Timestep	Standard Nomenclature	Ring conformation
1			4C1		4d1(1.538620)		2d5(2.678620)		6d3(4.015340)	
../../pdbs//5hqb.pdb 2.B
Timestep	Standard Nomenclature	Ring conformation
1			4C1		4d1(1.538620)		2d5(2.678620)		6d3(4.015340)	
../../pdbs//5hqb.pdb 1.B
Timestep	Standard Nomenclature	Ring conformation
1			-		4t6(5.168859)		12q(8.925399)	
../../pdbs//8dl1.pdb 5.R
Timestep	Standard Nomenclature	Ring conformation
1			4C1		2d5(2.453670)		6d3(4.388996)		4d1(6.620568)	
../../pdbs//8dl1.pdb 4.R
Timestep	Standard Nomenclature	Ring conformation
1			4C1		6d3(0.664126)		4d1(2.477018)		2d5(3.409995)	
../../pdbs//8dl1.pdb 4.R
Timestep	Standard Nomenclature	Ring conformation
1			4C1		6d3(0.664126)		4d1(2.477018)		2d5(3.409995)	
../../pdbs//8dl1.pdb 3.R
Timestep	Standard Nomenclature	Ring conformation
1			-		2d5(0.830399)		t13(9.483382)	
../../pdbs//8dl1.pdb 3.R
Timestep	Standard Nomenclature	Ring conformation
1			-		2d5(0.830399)		t13(9.483382)	
../../pdbs//8dl1.pdb 2.R
Timestep	Standard Nomenclature	Ring conformation
1			4C1		2d5(0.500860)		4d1(3.061520)		6d3(3.693905)	
../../pdbs//8dl1.pdb 2.R
Timestep	Standard Nomenclature	Ring conformation
1			4C1		2d5(0.500860)		4d1(3.061520)		6d3(3.693905)	
../../pdbs//8dl1.pdb 1.R
Timestep	Standard Nomenclature	Ring conformation
1			4C1		4d1(0.000332)		6d3(0.943469)		2d5(1.197284)	
../../pdbs//8dl1.pdb 7.P
Timestep	Standard Nomenclature	Ring conformation
1			4C1		2d5(2.497203)		4d1(7.738199)		6d3(9.896441)	
../../pdbs//8dl1.pdb 4.P
Timestep	Standard Nomenclature	Ring conformation
1			-		4d1(5.646028)		6d3(6.615834)	
../../pdbs//8dl1.pdb 6.P
Timestep	Standard Nomenclature	Ring conformation
1			-		2d5(6.117808)		4d1(7.664445)		t13(8.691647)		26t(9.760921)	
../../pdbs//8dl1.pdb 5.P
Timestep	Standard Nomenclature	Ring conformation
1			4C1		2d5(2.538466)		6d3(5.406077)		4d1(8.203904)	
../../pdbs//8dl1.pdb 4.P
Timestep	Standard Nomenclature	Ring conformation
1			-		4d1(5.646028)		6d3(6.615834)	
../../pdbs//8dl1.pdb 3.P
Timestep	Standard Nomenclature	Ring conformation
1			-		2d5(5.627699)		4d1(8.440829)	
../../pdbs//8dl1.pdb 3.P
Timestep	Standard Nomenclature	Ring conformation
1			-		2d5(5.627699)		4d1(8.440829)	
../../pdbs//8dl1.pdb 2.P
Timestep	Standard Nomenclature	Ring conformation
1			4C1		2d5(0.683229)		4d1(4.054089)		6d3(5.288620)	
../../pdbs//8dl1.pdb 2.P
Timestep	Standard Nomenclature	Ring conformation
1			4C1		2d5(0.683229)		4d1(4.054089)		6d3(5.288620)	
../../pdbs//8dl1.pdb 1.P
Timestep	Standard Nomenclature	Ring conformation
1			-		2d5(0.079720)		t13(6.891688)	
../../pdbs//8dl1.pdb 5.P
Timestep	Standard Nomenclature	Ring conformation
1			4C1		2d5(2.538466)		6d3(5.406077)		4d1(8.203904)	
../../pdbs//8dl1.pdb 4.P
Timestep	Standard Nomenclature	Ring conformation
1			-		4d1(5.646028)		6d3(6.615834)	
../../pdbs//8dl1.pdb 6.Q
Timestep	Standard Nomenclature	Ring conformation
1			4C1		4d1(1.976986)		2d5(5.620701)		6d3(7.452644)	
../../pdbs//8dl1.pdb 5.Q
Timestep	Standard Nomenclature	Ring conformation
1			4C1		4d1(1.071943)		2d5(3.767657)		6d3(4.848356)	
../../pdbs//8dl1.pdb 5.Q
Timestep	Standard Nomenclature	Ring conformation
1			4C1		4d1(1.071943)		2d5(3.767657)		6d3(4.848356)	
../../pdbs//8dl1.pdb 4.Q
Timestep	Standard Nomenclature	Ring conformation
1			-		6d3(5.204469)		4d1(5.563653)	
../../pdbs//8dl1.pdb 4.Q
Timestep	Standard Nomenclature	Ring conformation
1			-		6d3(5.204469)		4d1(5.563653)	
../../pdbs//8dl1.pdb 3.Q
Timestep	Standard Nomenclature	Ring conformation
1			-		2d5(1.307363)		t13(8.532990)	
../../pdbs//8dl1.pdb 3.Q
Timestep	Standard Nomenclature	Ring conformation
1			-		2d5(1.307363)		t13(8.532990)	
../../pdbs//8dl1.pdb 2.Q
Timestep	Standard Nomenclature	Ring conformation
1			4C1		6d3(1.379574)		2d5(1.571839)		4d1(3.340247)	
../../pdbs//8dl1.pdb 2.Q
Timestep	Standard Nomenclature	Ring conformation
1			4C1		6d3(1.379574)		2d5(1.571839)		4d1(3.340247)	
../../pdbs//8dl1.pdb 1.Q
Timestep	Standard Nomenclature	Ring conformation
1			-		2d5(0.010954)		t13(8.032804)	
../../pdbs//8dl1.pdb 6.O
Timestep	Standard Nomenclature	Ring conformation
1			-		2d5(4.757172)		4d1(9.598483)	
../../pdbs//8dl1.pdb 5.O
Timestep	Standard Nomenclature	Ring conformation
1			4C1		6d3(2.446410)		4d1(3.275269)		2d5(5.478278)	
../../pdbs//8dl1.pdb 5.O
Timestep	Standard Nomenclature	Ring conformation
1			4C1		6d3(2.446410)		4d1(3.275269)		2d5(5.478278)	
../../pdbs//8dl1.pdb 4.O
Timestep	Standard Nomenclature	Ring conformation
1			-		2d5(3.353923)		t13(8.280196)		4d1(9.723545)	
../../pdbs//8dl1.pdb 4.O
Timestep	Standard Nomenclature	Ring conformation
1			-		2d5(3.353923)		t13(8.280196)		4d1(9.723545)	
../../pdbs//8dl1.pdb 3.O
Timestep	Standard Nomenclature	Ring conformation
1			4C1		2d5(0.950547)		4d1(5.656533)		6d3(7.035401)	
../../pdbs//8dl1.pdb 3.O
Timestep	Standard Nomenclature	Ring conformation
1			4C1		2d5(0.950547)		4d1(5.656533)		6d3(7.035401)	
../../pdbs//8dl1.pdb 2.O
Timestep	Standard Nomenclature	Ring conformation
1			4C1		6d3(0.712266)		4d1(1.146437)		2d5(1.908610)	
../../pdbs//8dl1.pdb 2.O
Timestep	Standard Nomenclature	Ring conformation
1			4C1		6d3(0.712266)		4d1(1.146437)		2d5(1.908610)	
../../pdbs//8dl1.pdb 1.O
Timestep	Standard Nomenclature	Ring conformation
1			4C1		2d5(0.946764)		4d1(2.471717)		6d3(3.289491)	
../../pdbs//8dl1.pdb 7.O
Timestep	Standard Nomenclature	Ring conformation
1			4C1		2d5(1.588576)		4d1(8.402369)		6d3(9.471879)	
../../pdbs//8dl1.pdb 5.O
Timestep	Standard Nomenclature	Ring conformation
1			4C1		6d3(2.446410)		4d1(3.275269)		2d5(5.478278)	
../../pdbs//5awq.pdb 3.B
Timestep	Standard Nomenclature	Ring conformation
1			4C1		2d5(1.616227)		4d1(2.727483)		6d3(4.402216)	
../../pdbs//5awq.pdb 2.B
Timestep	Standard Nomenclature	Ring conformation
1			4C1		2d5(1.852595)		4d1(1.856642)		6d3(3.695525)	
../../pdbs//5awq.pdb 2.B
Timestep	Standard Nomenclature	Ring conformation
1			4C1		2d5(1.852595)		4d1(1.856642)		6d3(3.695525)	
../../pdbs//5awq.pdb 1.B
Timestep	Standard Nomenclature	Ring conformation
1			4C1		2d5(0.860845)		6d3(1.531932)		4d1(2.819582)	
../../pdbs//5awq.pdb 2.C
Timestep	Standard Nomenclature	Ring conformation
1			4C1		6d3(0.329815)		4d1(0.848089)		2d5(1.369332)	
../../pdbs//5awq.pdb 1.C
Timestep	Standard Nomenclature	Ring conformation
1			4C1		4d1(0.668681)		6d3(1.016074)		2d5(1.782397)	
../../pdbs//6bpl.pdb 3.C
Timestep	Standard Nomenclature	Ring conformation
1			-		3t1(4.369118)		36d(4.707535)		q45(8.688888)	
../../pdbs//6bpl.pdb 2.C
Timestep	Standard Nomenclature	Ring conformation
1			4C1		4d1(0.024206)		6d3(1.457089)		2d5(1.521983)	
../../pdbs//6bpl.pdb 4.C
Timestep	Standard Nomenclature	Ring conformation
1			-		1d4(5.692232)		t26(8.764816)		5d2(9.133877)	
../../pdbs//6bpl.pdb 2.C
Timestep	Standard Nomenclature	Ring conformation
1			4C1		4d1(0.024206)		6d3(1.457089)		2d5(1.521983)	
../../pdbs//6syq.pdb 3.C
Timestep	Standard Nomenclature	Ring conformation
1			4C1		2d5(0.766935)		4d1(6.349065)		6d3(6.961120)	
../../pdbs//6syq.pdb 2.C
Timestep	Standard Nomenclature	Ring conformation
1			4C1		6d3(0.014758)		4d1(3.550173)		2d5(3.825292)	
../../pdbs//6syq.pdb 2.C
Timestep	Standard Nomenclature	Ring conformation
1			4C1		6d3(0.014758)		4d1(3.550173)		2d5(3.825292)	
../../pdbs//6syq.pdb 1.C
Timestep	Standard Nomenclature	Ring conformation
1			4C1		4d1(0.600307)		2d5(1.040187)		6d3(1.589450)	
../../pdbs//6syq.pdb 1505.A
Timestep	Standard Nomenclature	Ring conformation
1			4C1		4d1(0.807240)		2d5(1.022785)		6d3(1.890904)	
../../pdbs//6syq.pdb 2.D
Timestep	Standard Nomenclature	Ring conformation
1			4C1		6d3(1.942014)		2d5(5.117403)		4d1(7.020835)	
../../pdbs//6syq.pdb 2.D
Timestep	Standard Nomenclature	Ring conformation
1			4C1		6d3(1.942014)		2d5(5.117403)		4d1(7.020835)	
../../pdbs//6syq.pdb 1.D
Timestep	Standard Nomenclature	Ring conformation
1			4C1		4d1(2.942741)		6d3(5.484842)		2d5(8.367677)	
../../pdbs//6syq.pdb 2.E
Timestep	Standard Nomenclature	Ring conformation
1			4C1		4d1(2.039729)		2d5(2.099250)		6d3(4.094146)	
../../pdbs//6syq.pdb 1.E
Timestep	Standard Nomenclature	Ring conformation
1			-		2d5(4.900398)		6d3(8.187964)	
../../pdbs//4zze.pdb 3.D
Timestep	Standard Nomenclature	Ring conformation
1			4C1		6d3(0.024095)		2d5(0.945136)		4d1(1.034243)	
../../pdbs//4zze.pdb 2.D
Timestep	Standard Nomenclature	Ring conformation
1			4C1		2d5(0.974837)		4d1(1.488458)		6d3(2.474635)	
../../pdbs//4zze.pdb 2.D
Timestep	Standard Nomenclature	Ring conformation
1			4C1		2d5(0.974837)		4d1(1.488458)		6d3(2.474635)	
../../pdbs//4zze.pdb 1.D
Timestep	Standard Nomenclature	Ring conformation
1			4C1		4d1(0.519915)		6d3(6.588229)		2d5(7.173419)	
../../pdbs//4zze.pdb 3.C
Timestep	Standard Nomenclature	Ring conformation
1			4C1		6d3(0.729247)		4d1(1.083989)		2d5(1.858809)	
../../pdbs//4zze.pdb 2.C
Timestep	Standard Nomenclature	Ring conformation
1			4C1		2d5(0.480354)		4d1(1.630108)		6d3(2.002348)	
../../pdbs//4zze.pdb 2.C
Timestep	Standard Nomenclature	Ring conformation
1			4C1		2d5(0.480354)		4d1(1.630108)		6d3(2.002348)	
../../pdbs//4zze.pdb 1.C
Timestep	Standard Nomenclature	Ring conformation
1			4C1		4d1(2.197842)		6d3(5.359244)		2d5(7.616614)	
../../pdbs//5x3k.pdb 2.D
Timestep	Standard Nomenclature	Ring conformation
1			4C1		6d3(0.932935)		2d5(2.018092)		4d1(2.903205)	
../../pdbs//5x3k.pdb 1.D
Timestep	Standard Nomenclature	Ring conformation
1			4C1		2d5(0.864552)		4d1(4.671324)		6d3(5.447294)	
../../pdbs//6szi.pdb 2.C
Timestep	Standard Nomenclature	Ring conformation
1			4C1		2d5(0.076466)		4d1(3.566219)		6d3(3.698271)	
../../pdbs//6szi.pdb 1.C
Timestep	Standard Nomenclature	Ring conformation
1			4C1		2d5(1.877933)		4d1(3.645963)		6d3(5.290997)	
../../pdbs//6szi.pdb 2.E
Timestep	Standard Nomenclature	Ring conformation
1			4C1		6d3(0.124563)		2d5(3.189522)		4d1(3.260806)	
../../pdbs//6szi.pdb 1.E
Timestep	Standard Nomenclature	Ring conformation
1			4C1		6d3(2.070312)		4d1(5.470254)		2d5(7.653254)	
../../pdbs//6szi.pdb 2.D
Timestep	Standard Nomenclature	Ring conformation
1			4C1		2d5(2.390388)		6d3(4.715742)		4d1(7.147449)	
../../pdbs//6szi.pdb 1.D
Timestep	Standard Nomenclature	Ring conformation
1			4C1		6d3(1.033814)		4d1(4.081260)		2d5(5.084127)	
../../pdbs//8iua.pdb 2.B
Timestep	Standard Nomenclature	Ring conformation
1			4C1		6d3(0.171315)		4d1(4.127347)		2d5(4.369484)	
../../pdbs//8iua.pdb 1.B
Timestep	Standard Nomenclature	Ring conformation
1			4C1		6d3(1.401157)		4d1(3.778929)		2d5(5.044536)	
../../pdbs//6a0k.pdb 3.C
Timestep	Standard Nomenclature	Ring conformation
1			4C1		4d1(0.362011)		6d3(2.786752)		2d5(3.705748)	
../../pdbs//6a0k.pdb 2.C
Timestep	Standard Nomenclature	Ring conformation
1			4C1		4d1(2.307312)		6d3(3.161415)		2d5(5.674707)	
../../pdbs//6a0k.pdb 2.C
Timestep	Standard Nomenclature	Ring conformation
1			4C1		4d1(2.307312)		6d3(3.161415)		2d5(5.674707)	
../../pdbs//6a0k.pdb 1.C
Timestep	Standard Nomenclature	Ring conformation
1			4C1		2d5(0.708707)		6d3(6.789814)		4d1(8.134430)	
../../pdbs//6a0k.pdb 3.D
Timestep	Standard Nomenclature	Ring conformation
1			4C1		4d1(0.187517)		6d3(1.911812)		2d5(2.177441)	
../../pdbs//6a0k.pdb 2.D
Timestep	Standard Nomenclature	Ring conformation
1			4C1		4d1(1.003785)		2d5(4.938069)		6d3(5.589542)	
../../pdbs//6a0k.pdb 3.E
Timestep	Standard Nomenclature	Ring conformation
1			4C1		2d5(0.549110)		4d1(2.156635)		6d3(2.368857)	
../../pdbs//6a0k.pdb 2.E
Timestep	Standard Nomenclature	Ring conformation
1			4C1		6d3(2.238481)		4d1(5.666013)		2d5(7.775192)	
../../pdbs//6a0k.pdb 2.E
Timestep	Standard Nomenclature	Ring conformation
1			4C1		6d3(2.238481)		4d1(5.666013)		2d5(7.775192)	
../../pdbs//6a0k.pdb 1.E
Timestep	Standard Nomenclature	Ring conformation
1			-		2d5(3.080165)		6d3(7.767989)	
../../pdbs//6a0k.pdb 3.F
Timestep	Standard Nomenclature	Ring conformation
1			4C1		6d3(0.608387)		4d1(0.840123)		2d5(1.735327)	
../../pdbs//6a0k.pdb 2.F
Timestep	Standard Nomenclature	Ring conformation
1			4C1		4d1(2.139600)		6d3(6.914994)		2d5(8.820770)	
../../pdbs//3wnl.pdb 4.C
Timestep	Standard Nomenclature	Ring conformation
1			4C1		6d3(0.635578)		4d1(8.302151)		2d5(8.847161)	
../../pdbs//3wnl.pdb 3.C
Timestep	Standard Nomenclature	Ring conformation
1			4C1		2d5(2.225083)		6d3(5.763451)		4d1(8.209077)	
../../pdbs//3wnl.pdb 3.C
Timestep	Standard Nomenclature	Ring conformation
1			4C1		2d5(2.225083)		6d3(5.763451)		4d1(8.209077)	
../../pdbs//3wnl.pdb 2.C
Timestep	Standard Nomenclature	Ring conformation
1			4C1		2d5(2.990340)		4d1(3.982265)		6d3(7.006247)	
../../pdbs//3wnl.pdb 2.C
Timestep	Standard Nomenclature	Ring conformation
1			4C1		2d5(2.990340)		4d1(3.982265)		6d3(7.006247)	
../../pdbs//3wnl.pdb 1.C
Timestep	Standard Nomenclature	Ring conformation
1			-		t13(2.202556)		2d5(5.252682)		26t(5.906666)	
../../pdbs//3wnl.pdb 4.B
Timestep	Standard Nomenclature	Ring conformation
1			4C1		4d1(1.170085)		6d3(7.831686)		2d5(8.838790)	
../../pdbs//3wnl.pdb 3.B
Timestep	Standard Nomenclature	Ring conformation
1			4C1		4d1(1.459688)		6d3(5.006891)		2d5(6.519975)	
../../pdbs//3wnl.pdb 3.B
Timestep	Standard Nomenclature	Ring conformation
1			4C1		4d1(1.459688)		6d3(5.006891)		2d5(6.519975)	
../../pdbs//3wnl.pdb 2.B
Timestep	Standard Nomenclature	Ring conformation
1			4C1		6d3(0.030220)		2d5(5.208481)		4d1(5.507970)	
../../pdbs//1j0i.pdb 3.C
Timestep	Standard Nomenclature	Ring conformation
1			4C1		2d5(1.711983)		4d1(3.106472)		6d3(4.605043)	
../../pdbs//1j0i.pdb 2.C
Timestep	Standard Nomenclature	Ring conformation
1			4C1		4d1(1.086767)		2d5(2.098062)		6d3(2.962313)	
../../pdbs//1j0i.pdb 2.C
Timestep	Standard Nomenclature	Ring conformation
1			4C1		4d1(1.086767)		2d5(2.098062)		6d3(2.962313)	
../../pdbs//1j0i.pdb 1.C
Timestep	Standard Nomenclature	Ring conformation
1			4C1		2d5(1.903756)		4d1(1.939376)		6d3(3.704863)	
../../pdbs//1j0i.pdb 3.D
Timestep	Standard Nomenclature	Ring conformation
1			4C1		6d3(0.932248)		4d1(1.637370)		2d5(2.747414)	
../../pdbs//1j0i.pdb 2.D
Timestep	Standard Nomenclature	Ring conformation
1			4C1		4d1(1.113204)		2d5(4.827288)		6d3(5.631116)	
../../pdbs//1j0i.pdb 2.D
Timestep	Standard Nomenclature	Ring conformation
1			4C1		4d1(1.113204)		2d5(4.827288)		6d3(5.631116)	
../../pdbs//1j0i.pdb 1.D
Timestep	Standard Nomenclature	Ring conformation
1			4C1		2d5(0.885314)		4d1(1.408628)		6d3(2.213876)	
../../pdbs//6bpp.pdb 7.C
Timestep	Standard Nomenclature	Ring conformation
1			3S1		3t1(0.442454)		6t4(3.064037)	
../../pdbs//6bpp.pdb 6.C
Timestep	Standard Nomenclature	Ring conformation
1			-		14d(4.386376)		4t2(6.379663)	
../../pdbs//6bpp.pdb 8.C
Timestep	Standard Nomenclature	Ring conformation
1			-		1t3(1.904283)		45q(7.489655)		d36(7.788673)	
../../pdbs//6bpp.pdb 6.C
Timestep	Standard Nomenclature	Ring conformation
1			-		14d(4.386376)		4t2(6.379663)	
../../pdbs//5i0f.pdb 2.A
Timestep	Standard Nomenclature	Ring conformation
1			4C1		4d1(0.147996)		6d3(2.580855)		2d5(2.683114)	
../../pdbs//5i0f.pdb 1.A
Timestep	Standard Nomenclature	Ring conformation
1			4C1		2d5(0.146906)		6d3(1.916335)		4d1(2.035911)	
../../pdbs//5hxm.pdb 2.C
Timestep	Standard Nomenclature	Ring conformation
1			4C1		2d5(0.149866)		4d1(2.855490)		6d3(3.094413)	
../../pdbs//5hxm.pdb 1.C
Timestep	Standard Nomenclature	Ring conformation
1			4C1		4d1(0.211068)		2d5(1.285340)		6d3(1.378885)	
../../pdbs//6jr7.pdb 2.E
Timestep	Standard Nomenclature	Ring conformation
1			4C1		2d5(0.056838)		6d3(5.629538)		4d1(5.691830)	
../../pdbs//6jr7.pdb 1.E
Timestep	Standard Nomenclature	Ring conformation
1			4C1		6d3(0.344641)		2d5(0.644822)		4d1(0.955978)	
../../pdbs//6jr7.pdb 2.H
Timestep	Standard Nomenclature	Ring conformation
1			4C1		2d5(1.481618)		6d3(4.703261)		4d1(6.382676)	
../../pdbs//6jr7.pdb 1.H
Timestep	Standard Nomenclature	Ring conformation
1			4C1		6d3(1.016723)		2d5(2.062480)		4d1(2.744619)	
../../pdbs//6jr7.pdb 2.G
Timestep	Standard Nomenclature	Ring conformation
1			4C1		2d5(0.492874)		4d1(7.914696)		6d3(8.067582)	
../../pdbs//6jr7.pdb 1.G
Timestep	Standard Nomenclature	Ring conformation
1			4C1		2d5(1.422584)		6d3(1.705849)		4d1(2.923723)	
../../pdbs//6jr7.pdb 2.F
Timestep	Standard Nomenclature	Ring conformation
1			4C1		2d5(1.094554)		6d3(5.897676)		4d1(7.181475)	
../../pdbs//6jr7.pdb 1.F
Timestep	Standard Nomenclature	Ring conformation
1			4C1		2d5(0.264009)		4d1(1.018781)		6d3(1.511310)	
../../pdbs//2zid.pdb 3.B
Timestep	Standard Nomenclature	Ring conformation
1			4C1		2d5(0.710253)		6d3(6.752721)		4d1(7.709576)	
../../pdbs//2zid.pdb 2.B
Timestep	Standard Nomenclature	Ring conformation
1			4C1		6d3(0.123330)		4d1(1.980605)		2d5(2.278684)	
../../pdbs//2zid.pdb 2.B
Timestep	Standard Nomenclature	Ring conformation
1			4C1		6d3(0.123330)		4d1(1.980605)		2d5(2.278684)	
../../pdbs//2zid.pdb 1.B
Timestep	Standard Nomenclature	Ring conformation
1			4C1		6d3(1.692719)		4d1(2.559452)		2d5(4.399428)	
../../pdbs//2j73.pdb 4.C
Timestep	Standard Nomenclature	Ring conformation
1			4C1		6d3(0.631614)		4d1(3.172891)		2d5(3.566968)	
../../pdbs//2j73.pdb 3.C
Timestep	Standard Nomenclature	Ring conformation
1			4C1		4d1(1.101440)		2d5(2.247975)		6d3(2.962012)	
../../pdbs//2j73.pdb 3.C
Timestep	Standard Nomenclature	Ring conformation
1			4C1		4d1(1.101440)		2d5(2.247975)		6d3(2.962012)	
../../pdbs//2j73.pdb 2.C
Timestep	Standard Nomenclature	Ring conformation
1			4C1		4d1(0.202218)		2d5(0.270055)		6d3(0.581435)	
../../pdbs//2j73.pdb 2.C
Timestep	Standard Nomenclature	Ring conformation
1			4C1		4d1(0.202218)		2d5(0.270055)		6d3(0.581435)	
../../pdbs//2j73.pdb 1.C
Timestep	Standard Nomenclature	Ring conformation
1			4C1		4d1(0.721451)		6d3(1.281493)		2d5(1.673512)	
../../pdbs//4bfo.pdb 3.B
Timestep	Standard Nomenclature	Ring conformation
1			4C1		2d5(1.546808)		6d3(3.941548)		4d1(5.140688)	
../../pdbs//4bfo.pdb 2.B
Timestep	Standard Nomenclature	Ring conformation
1			4C1		4d1(1.352367)		2d5(1.442696)		6d3(3.428942)	
../../pdbs//4bfo.pdb 2.B
Timestep	Standard Nomenclature	Ring conformation
1			4C1		4d1(1.352367)		2d5(1.442696)		6d3(3.428942)	
../../pdbs//4bfo.pdb 1.B
Timestep	Standard Nomenclature	Ring conformation
1			-		4d1(2.730705)		t35(7.806533)		6d3(8.488578)	
../../pdbs//5i0e.pdb 2.A
Timestep	Standard Nomenclature	Ring conformation
1			4C1		4d1(0.908120)		2d5(1.557481)		6d3(2.520373)	
../../pdbs//5i0e.pdb 1.A
Timestep	Standard Nomenclature	Ring conformation
1			4C1		6d3(1.155540)		2d5(2.801391)		4d1(4.093604)	
../../pdbs//5lgw.pdb 6.F
Timestep	Standard Nomenclature	Ring conformation
1			4C1		4d1(0.868124)		2d5(1.101589)		6d3(1.862063)	
../../pdbs//5lgw.pdb 5.F
Timestep	Standard Nomenclature	Ring conformation
1			4C1		4d1(0.991879)		2d5(5.042555)		6d3(5.807621)	
../../pdbs//5lgw.pdb 5.F
Timestep	Standard Nomenclature	Ring conformation
1			4C1		4d1(0.991879)		2d5(5.042555)		6d3(5.807621)	
../../pdbs//5lgw.pdb 4.F
Timestep	Standard Nomenclature	Ring conformation
1			4C1		2d5(0.033494)		4d1(1.652132)		6d3(1.693216)	
../../pdbs//5lgw.pdb 4.F
Timestep	Standard Nomenclature	Ring conformation
1			4C1		2d5(0.033494)		4d1(1.652132)		6d3(1.693216)	
../../pdbs//5lgw.pdb 3.F
Timestep	Standard Nomenclature	Ring conformation
1			4C1		6d3(0.343518)		4d1(0.566450)		2d5(1.003530)	
../../pdbs//5lgw.pdb 3.F
Timestep	Standard Nomenclature	Ring conformation
1			4C1		6d3(0.343518)		4d1(0.566450)		2d5(1.003530)	
../../pdbs//5lgw.pdb 2.F
Timestep	Standard Nomenclature	Ring conformation
1			4C1		2d5(1.012109)		4d1(3.740631)		6d3(4.830071)	
../../pdbs//5lgw.pdb 2.F
Timestep	Standard Nomenclature	Ring conformation
1			4C1		2d5(1.012109)		4d1(3.740631)		6d3(4.830071)	
../../pdbs//5lgw.pdb 1.F
Timestep	Standard Nomenclature	Ring conformation
1			4C1		6d3(0.787161)		2d5(0.815062)		4d1(1.500870)	
../../pdbs//5lgw.pdb 8.D
Timestep	Standard Nomenclature	Ring conformation
1			4C1		4d1(0.227493)		6d3(0.637593)		2d5(1.052424)	
../../pdbs//5lgw.pdb 2.D
Timestep	Standard Nomenclature	Ring conformation
1			4C1		4d1(1.109669)		6d3(2.176850)		2d5(3.500272)	
../../pdbs//5lgw.pdb 7.D
Timestep	Standard Nomenclature	Ring conformation
1			4C1		6d3(0.656147)		4d1(0.707606)		2d5(1.399240)	
../../pdbs//5lgw.pdb 6.D
Timestep	Standard Nomenclature	Ring conformation
1			4C1		4d1(1.608040)		6d3(3.456231)		2d5(5.164013)	
../../pdbs//5lgw.pdb 6.D
Timestep	Standard Nomenclature	Ring conformation
1			4C1		4d1(1.608040)		6d3(3.456231)		2d5(5.164013)	
../../pdbs//5lgw.pdb 5.D
Timestep	Standard Nomenclature	Ring conformation
1			4C1		4d1(0.449533)		2d5(0.582693)		6d3(0.883760)	
../../pdbs//5lgw.pdb 5.D
Timestep	Standard Nomenclature	Ring conformation
1			4C1		4d1(0.449533)		2d5(0.582693)		6d3(0.883760)	
../../pdbs//5lgw.pdb 4.D
Timestep	Standard Nomenclature	Ring conformation
1			4C1		2d5(0.301989)		4d1(3.341070)		6d3(3.740274)	
../../pdbs//5lgw.pdb 4.D
Timestep	Standard Nomenclature	Ring conformation
1			4C1		2d5(0.301989)		4d1(3.341070)		6d3(3.740274)	
../../pdbs//5lgw.pdb 3.D
Timestep	Standard Nomenclature	Ring conformation
1			4C1		4d1(0.618420)		6d3(0.716019)		2d5(1.518931)	
../../pdbs//5lgw.pdb 9.D
Timestep	Standard Nomenclature	Ring conformation
1			4C1		6d3(1.215230)		4d1(4.086174)		2d5(5.243712)	
../../pdbs//5lgw.pdb 8.D
Timestep	Standard Nomenclature	Ring conformation
1			4C1		4d1(0.227493)		6d3(0.637593)		2d5(1.052424)	
../../pdbs//5lgw.pdb 2.D
Timestep	Standard Nomenclature	Ring conformation
1			4C1		4d1(1.109669)		6d3(2.176850)		2d5(3.500272)	
../../pdbs//5lgw.pdb 1.D
Timestep	Standard Nomenclature	Ring conformation
1			4C1		2d5(0.589092)		6d3(1.732052)		4d1(2.194860)	
../../pdbs//5lgw.pdb 3.D
Timestep	Standard Nomenclature	Ring conformation
1			4C1		4d1(0.618420)		6d3(0.716019)		2d5(1.518931)	
../../pdbs//5lgw.pdb 2.D
Timestep	Standard Nomenclature	Ring conformation
1			4C1		4d1(1.109669)		6d3(2.176850)		2d5(3.500272)	
../../pdbs//1j0k.pdb 3.C
Timestep	Standard Nomenclature	Ring conformation
1			4C1		4d1(0.590836)		6d3(1.284962)		2d5(2.170392)	
../../pdbs//1j0k.pdb 2.C
Timestep	Standard Nomenclature	Ring conformation
1			4C1		2d5(1.598713)		6d3(3.742725)		4d1(5.544366)	
../../pdbs//1j0k.pdb 2.C
Timestep	Standard Nomenclature	Ring conformation
1			4C1		2d5(1.598713)		6d3(3.742725)		4d1(5.544366)	
../../pdbs//1j0k.pdb 1.C
Timestep	Standard Nomenclature	Ring conformation
1			4C1		2d5(3.268946)		4d1(4.016587)		6d3(7.312261)	
../../pdbs//1j0k.pdb 3.D
Timestep	Standard Nomenclature	Ring conformation
1			4C1		6d3(0.951920)		4d1(2.218107)		2d5(2.977610)	
../../pdbs//1j0k.pdb 2.D
Timestep	Standard Nomenclature	Ring conformation
1			4C1		6d3(1.535745)		2d5(1.768068)		4d1(3.465554)	
../../pdbs//1j0k.pdb 2.D
Timestep	Standard Nomenclature	Ring conformation
1			4C1		6d3(1.535745)		2d5(1.768068)		4d1(3.465554)	
../../pdbs//1j0k.pdb 1.D
Timestep	Standard Nomenclature	Ring conformation
1			4C1		2d5(0.671313)		4d1(6.865854)		6d3(7.560746)	
../../pdbs//4bfn.pdb 4.B
Timestep	Standard Nomenclature	Ring conformation
1			-		45q(1.389651)		q23(2.069818)		4t6(7.695851)	
../../pdbs//4bfn.pdb 3.B
Timestep	Standard Nomenclature	Ring conformation
1			4C1		2d5(1.065727)		6d3(4.821164)		4d1(5.731617)	
../../pdbs//4bfn.pdb 3.B
Timestep	Standard Nomenclature	Ring conformation
1			4C1		2d5(1.065727)		6d3(4.821164)		4d1(5.731617)	
../../pdbs//4bfn.pdb 2.B
Timestep	Standard Nomenclature	Ring conformation
1			4C1		6d3(0.141920)		4d1(2.389210)		2d5(2.945515)	
../../pdbs//4bfn.pdb 2.B
Timestep	Standard Nomenclature	Ring conformation
1			4C1		6d3(0.141920)		4d1(2.389210)		2d5(2.945515)	
../../pdbs//4bfn.pdb 1.B
Timestep	Standard Nomenclature	Ring conformation
1			1S3		1t3(8.738782)		4t6(9.487890)	
../../pdbs//4ttu.pdb 2.B
Timestep	Standard Nomenclature	Ring conformation
1			4C1		4d1(2.909592)		6d3(5.511644)		2d5(8.475485)	
../../pdbs//4ttu.pdb 1.B
Timestep	Standard Nomenclature	Ring conformation
1			4C1		4d1(2.144664)		6d3(6.996682)		2d5(9.378942)	
../../pdbs//5jbe.pdb 5.C
Timestep	Standard Nomenclature	Ring conformation
1			4C1		2d5(1.903092)		4d1(2.435640)		6d3(4.365968)	
../../pdbs//5jbe.pdb 4.C
Timestep	Standard Nomenclature	Ring conformation
1			4C1		4d1(0.356441)		6d3(1.687555)		2d5(2.210671)	
../../pdbs//5jbe.pdb 4.C
Timestep	Standard Nomenclature	Ring conformation
1			4C1		4d1(0.356441)		6d3(1.687555)		2d5(2.210671)	
../../pdbs//5jbe.pdb 3.C
Timestep	Standard Nomenclature	Ring conformation
1			4C1		2d5(0.852889)		4d1(1.103525)		6d3(1.807893)	
../../pdbs//5jbe.pdb 3.C
Timestep	Standard Nomenclature	Ring conformation
1			4C1		2d5(0.852889)		4d1(1.103525)		6d3(1.807893)	
../../pdbs//5jbe.pdb 2.C
Timestep	Standard Nomenclature	Ring conformation
1			4C1		6d3(0.199184)		2d5(0.842568)		4d1(1.226185)	
../../pdbs//5jbe.pdb 2.C
Timestep	Standard Nomenclature	Ring conformation
1			4C1		6d3(0.199184)		2d5(0.842568)		4d1(1.226185)	
../../pdbs//5jbe.pdb 1.C
Timestep	Standard Nomenclature	Ring conformation
1			4C1		2d5(0.915044)		4d1(4.949334)		6d3(6.196645)	
../../pdbs//5jbe.pdb 5.D
Timestep	Standard Nomenclature	Ring conformation
1			4C1		4d1(0.279697)		6d3(1.282348)		2d5(1.327095)	
../../pdbs//5jbe.pdb 4.D
Timestep	Standard Nomenclature	Ring conformation
1			4C1		6d3(1.304474)		4d1(5.278933)		2d5(6.800636)	
../../pdbs//5jbe.pdb 4.D
Timestep	Standard Nomenclature	Ring conformation
1			4C1		6d3(1.304474)		4d1(5.278933)		2d5(6.800636)	
../../pdbs//5jbe.pdb 3.D
Timestep	Standard Nomenclature	Ring conformation
1			4C1		6d3(0.606071)		4d1(1.836422)		2d5(2.649800)	
../../pdbs//5jbe.pdb 3.D
Timestep	Standard Nomenclature	Ring conformation
1			4C1		6d3(0.606071)		4d1(1.836422)		2d5(2.649800)	
../../pdbs//5jbe.pdb 2.D
Timestep	Standard Nomenclature	Ring conformation
1			4C1		6d3(0.044047)		4d1(1.240908)		2d5(1.524520)	
../../pdbs//5jbe.pdb 2.D
Timestep	Standard Nomenclature	Ring conformation
1			4C1		6d3(0.044047)		4d1(1.240908)		2d5(1.524520)	
../../pdbs//5jbe.pdb 1.D
Timestep	Standard Nomenclature	Ring conformation
1			4C1		2d5(1.241330)		4d1(3.132011)		6d3(4.492349)	
../../pdbs//1vb9.pdb 3.C
Timestep	Standard Nomenclature	Ring conformation
1			-		2d5(0.270667)		t13(8.451274)	
../../pdbs//1vb9.pdb 2.C
Timestep	Standard Nomenclature	Ring conformation
1			4C1		6d3(0.306874)		2d5(0.601275)		4d1(1.131298)	
../../pdbs//1vb9.pdb 5.C
Timestep	Standard Nomenclature	Ring conformation
1			4C1		4d1(0.034503)		6d3(0.799327)		2d5(0.930217)	
../../pdbs//1vb9.pdb 4.C
Timestep	Standard Nomenclature	Ring conformation
1			4C1		2d5(0.980632)		4d1(1.745905)		6d3(2.453036)	
../../pdbs//1vb9.pdb 4.C
Timestep	Standard Nomenclature	Ring conformation
1			4C1		2d5(0.980632)		4d1(1.745905)		6d3(2.453036)	
../../pdbs//1vb9.pdb 3.C
Timestep	Standard Nomenclature	Ring conformation
1			-		2d5(0.270667)		t13(8.451274)	
../../pdbs//1vb9.pdb 2.C
Timestep	Standard Nomenclature	Ring conformation
1			4C1		6d3(0.306874)		2d5(0.601275)		4d1(1.131298)	
../../pdbs//1vb9.pdb 1.C
Timestep	Standard Nomenclature	Ring conformation
1			4C1		2d5(1.288746)		6d3(2.391568)		4d1(3.642304)	
../../pdbs//1vb9.pdb 6.C
Timestep	Standard Nomenclature	Ring conformation
1			4C1		6d3(0.419646)		2d5(1.491458)		4d1(1.708672)	
../../pdbs//1vb9.pdb 2.C
Timestep	Standard Nomenclature	Ring conformation
1			4C1		6d3(0.306874)		2d5(0.601275)		4d1(1.131298)	
../../pdbs//1vb9.pdb 3.D
Timestep	Standard Nomenclature	Ring conformation
1			4C1		2d5(0.884644)		4d1(6.897212)		6d3(7.471105)	
../../pdbs//1vb9.pdb 2.D
Timestep	Standard Nomenclature	Ring conformation
1			4C1		6d3(0.408893)		4d1(1.785589)		2d5(1.977780)	
../../pdbs//1vb9.pdb 5.D
Timestep	Standard Nomenclature	Ring conformation
1			4C1		6d3(0.476224)		4d1(1.248529)		2d5(1.932191)	
../../pdbs//1vb9.pdb 4.D
Timestep	Standard Nomenclature	Ring conformation
1			4C1		4d1(1.693296)		2d5(1.803070)		6d3(3.232167)	
../../pdbs//1vb9.pdb 4.D
Timestep	Standard Nomenclature	Ring conformation
1			4C1		4d1(1.693296)		2d5(1.803070)		6d3(3.232167)	
../../pdbs//1vb9.pdb 3.D
Timestep	Standard Nomenclature	Ring conformation
1			4C1		2d5(0.884644)		4d1(6.897212)		6d3(7.471105)	
../../pdbs//1vb9.pdb 2.D
Timestep	Standard Nomenclature	Ring conformation
1			4C1		6d3(0.408893)		4d1(1.785589)		2d5(1.977780)	
../../pdbs//1vb9.pdb 1.D
Timestep	Standard Nomenclature	Ring conformation
1			4C1		2d5(0.542273)		6d3(1.454431)		4d1(1.894005)	
../../pdbs//1vb9.pdb 6.D
Timestep	Standard Nomenclature	Ring conformation
1			4C1		4d1(0.147364)		6d3(1.096857)		2d5(1.467462)	
../../pdbs//1vb9.pdb 2.D
Timestep	Standard Nomenclature	Ring conformation
1			4C1		6d3(0.408893)		4d1(1.785589)		2d5(1.977780)	
../../pdbs//6jr8.pdb 3.H
Timestep	Standard Nomenclature	Ring conformation
1			4C1		2d5(0.255619)		4d1(1.964527)		6d3(1.981065)	
../../pdbs//6jr8.pdb 2.H
Timestep	Standard Nomenclature	Ring conformation
1			4C1		2d5(1.536540)		6d3(3.687789)		4d1(5.459656)	
../../pdbs//6jr8.pdb 2.H
Timestep	Standard Nomenclature	Ring conformation
1			4C1		2d5(1.536540)		6d3(3.687789)		4d1(5.459656)	
../../pdbs//6jr8.pdb 1.H
Timestep	Standard Nomenclature	Ring conformation
1			4C1		4d1(0.157185)		2d5(0.531639)		6d3(0.920554)	
../../pdbs//6jr8.pdb 3.F
Timestep	Standard Nomenclature	Ring conformation
1			4C1		4d1(0.588637)		6d3(2.597773)		2d5(3.110097)	
../../pdbs//6jr8.pdb 2.F
Timestep	Standard Nomenclature	Ring conformation
1			4C1		2d5(1.399059)		4d1(4.692419)		6d3(5.543811)	
../../pdbs//6jr8.pdb 2.F
Timestep	Standard Nomenclature	Ring conformation
1			4C1		2d5(1.399059)		4d1(4.692419)		6d3(5.543811)	
../../pdbs//6jr8.pdb 1.F
Timestep	Standard Nomenclature	Ring conformation
1			4C1		2d5(0.646862)		4d1(1.344387)		6d3(2.052098)	
../../pdbs//6jr8.pdb 3.E
Timestep	Standard Nomenclature	Ring conformation
1			4C1		6d3(0.626418)		2d5(1.112070)		4d1(1.710279)	
../../pdbs//6jr8.pdb 2.E
Timestep	Standard Nomenclature	Ring conformation
1			4C1		2d5(1.721269)		4d1(2.429956)		6d3(3.582923)	
../../pdbs//6jr8.pdb 2.E
Timestep	Standard Nomenclature	Ring conformation
1			4C1		2d5(1.721269)		4d1(2.429956)		6d3(3.582923)	
../../pdbs//6jr8.pdb 1.E
Timestep	Standard Nomenclature	Ring conformation
1			4C1		4d1(1.051411)		2d5(1.358772)		6d3(2.559575)	
../../pdbs//6jr8.pdb 3.G
Timestep	Standard Nomenclature	Ring conformation
1			4C1		4d1(1.105686)		2d5(1.974197)		6d3(3.043195)	
../../pdbs//6jr8.pdb 2.G
Timestep	Standard Nomenclature	Ring conformation
1			4C1		2d5(0.184877)		6d3(5.158840)		4d1(5.202669)	
../../pdbs//6jr8.pdb 2.G
Timestep	Standard Nomenclature	Ring conformation
1			4C1		2d5(0.184877)		6d3(5.158840)		4d1(5.202669)	
../../pdbs//6jr8.pdb 1.G
Timestep	Standard Nomenclature	Ring conformation
1			4C1		2d5(0.319893)		6d3(2.762858)		4d1(2.939605)	
../../pdbs//8iub.pdb 3.B
Timestep	Standard Nomenclature	Ring conformation
1			4C1		2d5(1.137821)		4d1(1.300323)		6d3(2.346465)	
../../pdbs//8iub.pdb 2.B
Timestep	Standard Nomenclature	Ring conformation
1			4C1		6d3(0.303191)		4d1(0.852375)		2d5(1.467766)	
../../pdbs//8iub.pdb 2.B
Timestep	Standard Nomenclature	Ring conformation
1			4C1		6d3(0.303191)		4d1(0.852375)		2d5(1.467766)	
../../pdbs//8iub.pdb 1.B
Timestep	Standard Nomenclature	Ring conformation
1			4C1		6d3(0.674416)		4d1(2.176313)		2d5(3.982047)	
../../pdbs//6t16.pdb 1503.A
Timestep	Standard Nomenclature	Ring conformation
1			4C1		4d1(0.567833)		2d5(4.120850)		6d3(4.745560)	
../../pdbs//6t16.pdb 1504.A
Timestep	Standard Nomenclature	Ring conformation
1			4C1		6d3(1.913102)		2d5(2.947397)		4d1(4.684708)	
../../pdbs//6t16.pdb 1504.A
Timestep	Standard Nomenclature	Ring conformation
1			4C1		6d3(1.913102)		2d5(2.947397)		4d1(4.684708)	
../../pdbs//6t16.pdb 1505.A
Timestep	Standard Nomenclature	Ring conformation
1			4C1		4d1(2.476227)		6d3(2.813077)		2d5(5.400160)	
../../pdbs//6t16.pdb 2.E
Timestep	Standard Nomenclature	Ring conformation
1			4C1		2d5(1.301861)		4d1(1.555464)		6d3(2.844410)	
../../pdbs//6t16.pdb 1.E
Timestep	Standard Nomenclature	Ring conformation
1			4C1		6d3(1.503748)		4d1(2.632967)		2d5(4.249730)	
../../pdbs//6t16.pdb 1.E
Timestep	Standard Nomenclature	Ring conformation
1			4C1		6d3(1.503748)		4d1(2.632967)		2d5(4.249730)	
../../pdbs//6t16.pdb 1508.A
Timestep	Standard Nomenclature	Ring conformation
1			4C1		2d5(2.096154)		6d3(3.778380)		4d1(5.868432)	
../../pdbs//6t16.pdb 2.C
Timestep	Standard Nomenclature	Ring conformation
1			4C1		4d1(3.948775)		6d3(5.184940)		2d5(9.183437)	
../../pdbs//6t16.pdb 1.C
Timestep	Standard Nomenclature	Ring conformation
1			4C1		6d3(0.474692)		4d1(6.116584)		2d5(6.628281)	
../../pdbs//6t16.pdb 1.C
Timestep	Standard Nomenclature	Ring conformation
1			4C1		6d3(0.474692)		4d1(6.116584)		2d5(6.628281)	
../../pdbs//6t16.pdb 1501.A
Timestep	Standard Nomenclature	Ring conformation
1			4C1		6d3(2.481484)		4d1(4.403030)		2d5(6.892223)	
../../pdbs//6t16.pdb 1504.B
Timestep	Standard Nomenclature	Ring conformation
1			4C1		6d3(2.641831)		4d1(4.353687)		2d5(7.097088)	
../../pdbs//6t16.pdb 2.D
Timestep	Standard Nomenclature	Ring conformation
1			4C1		4d1(2.004682)		6d3(2.857851)		2d5(4.879937)	
../../pdbs//6t16.pdb 2.D
Timestep	Standard Nomenclature	Ring conformation
1			4C1		4d1(2.004682)		6d3(2.857851)		2d5(4.879937)	
../../pdbs//6t16.pdb 1.D
Timestep	Standard Nomenclature	Ring conformation
1			4C1		2d5(0.150294)		4d1(0.285652)		6d3(0.729787)	
../../pdbs//3wnm.pdb 7.B
Timestep	Standard Nomenclature	Ring conformation
1			4C1		4d1(1.772010)		6d3(2.478864)		2d5(4.011981)	
../../pdbs//3wnm.pdb 6.B
Timestep	Standard Nomenclature	Ring conformation
1			4C1		6d3(1.343324)		2d5(2.719969)		4d1(3.852004)	
../../pdbs//3wnm.pdb 6.B
Timestep	Standard Nomenclature	Ring conformation
1			4C1		6d3(1.343324)		2d5(2.719969)		4d1(3.852004)	
../../pdbs//3wnm.pdb 5.B
Timestep	Standard Nomenclature	Ring conformation
1			4C1		4d1(0.437381)		2d5(0.616769)		6d3(1.008817)	
../../pdbs//3wnm.pdb 5.B
Timestep	Standard Nomenclature	Ring conformation
1			4C1		4d1(0.437381)		2d5(0.616769)		6d3(1.008817)	
../../pdbs//3wnm.pdb 4.B
Timestep	Standard Nomenclature	Ring conformation
1			4C1		2d5(0.600255)		6d3(1.914269)		4d1(2.660301)	
../../pdbs//3wnm.pdb 4.B
Timestep	Standard Nomenclature	Ring conformation
1			4C1		2d5(0.600255)		6d3(1.914269)		4d1(2.660301)	
../../pdbs//3wnm.pdb 3.B
Timestep	Standard Nomenclature	Ring conformation
1			4C1		4d1(0.715420)		2d5(5.242100)		6d3(6.088283)	
../../pdbs//3wnm.pdb 3.B
Timestep	Standard Nomenclature	Ring conformation
1			4C1		4d1(0.715420)		2d5(5.242100)		6d3(6.088283)	
../../pdbs//3wnm.pdb 2.B
Timestep	Standard Nomenclature	Ring conformation
1			4C1		6d3(0.926224)		2d5(5.497096)		4d1(6.577433)	
../../pdbs//3wnm.pdb 4.C
Timestep	Standard Nomenclature	Ring conformation
1			-		2d5(0.301116)		t13(4.398415)	
../../pdbs//3wnm.pdb 3.C
Timestep	Standard Nomenclature	Ring conformation
1			4C1		4d1(1.268461)		6d3(4.294948)		2d5(5.669221)	
../../pdbs//3wnm.pdb 3.C
Timestep	Standard Nomenclature	Ring conformation
1			4C1		4d1(1.268461)		6d3(4.294948)		2d5(5.669221)	
../../pdbs//3wnm.pdb 2.C
Timestep	Standard Nomenclature	Ring conformation
1			4C1		2d5(1.223446)		4d1(1.590747)		6d3(2.763109)	
../../pdbs//3wnm.pdb 2.C
Timestep	Standard Nomenclature	Ring conformation
1			4C1		2d5(1.223446)		4d1(1.590747)		6d3(2.763109)	
../../pdbs//3wnm.pdb 1.C
Timestep	Standard Nomenclature	Ring conformation
1			-		4d1(2.326522)		26t(7.673682)		6d3(8.087261)	
../../pdbs//5x7q.pdb 4.F
Timestep	Standard Nomenclature	Ring conformation
1			4C1		4d1(0.518065)		6d3(1.359163)		2d5(1.839900)	
../../pdbs//5x7q.pdb 3.F
Timestep	Standard Nomenclature	Ring conformation
1			4C1		2d5(0.676315)		4d1(0.754863)		6d3(1.429190)	
../../pdbs//5x7q.pdb 3.F
Timestep	Standard Nomenclature	Ring conformation
1			4C1		2d5(0.676315)		4d1(0.754863)		6d3(1.429190)	
../../pdbs//5x7q.pdb 2.F
Timestep	Standard Nomenclature	Ring conformation
1			4C1		6d3(0.262633)		4d1(0.650321)		2d5(1.020333)	
../../pdbs//5x7q.pdb 2.H
Timestep	Standard Nomenclature	Ring conformation
1			4C1		4d1(0.196764)		6d3(1.163747)		2d5(1.337153)	
../../pdbs//5x7q.pdb 1.H
Timestep	Standard Nomenclature	Ring conformation
1			4C1		2d5(0.350984)		4d1(2.732873)		6d3(2.931630)	
../../pdbs//5x7q.pdb 4.J
Timestep	Standard Nomenclature	Ring conformation
1			4C1		2d5(0.397417)		6d3(4.429928)		4d1(4.797526)	
../../pdbs//5x7q.pdb 3.J
Timestep	Standard Nomenclature	Ring conformation
1			4C1		6d3(0.044800)		4d1(0.055033)		2d5(0.166278)	
../../pdbs//5x7q.pdb 3.J
Timestep	Standard Nomenclature	Ring conformation
1			4C1		6d3(0.044800)		4d1(0.055033)		2d5(0.166278)	
../../pdbs//5x7q.pdb 2.J
Timestep	Standard Nomenclature	Ring conformation
1			4C1		4d1(0.227168)		2d5(1.558727)		6d3(1.807622)	
../../pdbs//5x7q.pdb 2.D
Timestep	Standard Nomenclature	Ring conformation
1			4C1		2d5(0.041767)		4d1(0.914650)		6d3(0.970248)	
../../pdbs//5x7q.pdb 1.D
Timestep	Standard Nomenclature	Ring conformation
1			4C1		4d1(0.394071)		2d5(2.075894)		6d3(2.411208)	
../../pdbs//6htv.pdb 4.B
Timestep	Standard Nomenclature	Ring conformation
1			4C1		2d5(0.120861)		4d1(2.118767)		6d3(2.241440)	
../../pdbs//6htv.pdb 3.B
Timestep	Standard Nomenclature	Ring conformation
1			4C1		4d1(0.161539)		6d3(2.783533)		2d5(2.948261)	
../../pdbs//6htv.pdb 3.B
Timestep	Standard Nomenclature	Ring conformation
1			4C1		4d1(0.161539)		6d3(2.783533)		2d5(2.948261)	
../../pdbs//6htv.pdb 2.B
Timestep	Standard Nomenclature	Ring conformation
1			4C1		4d1(1.969174)		2d5(8.024857)		6d3(9.534029)	
../../pdbs//6htv.pdb 2.B
Timestep	Standard Nomenclature	Ring conformation
1			4C1		4d1(1.969174)		2d5(8.024857)		6d3(9.534029)	
../../pdbs//6htv.pdb 1.B
Timestep	Standard Nomenclature	Ring conformation
1			-		4d1(0.819533)		26t(9.897296)	
../../pdbs//2d0g.pdb 6.B
Timestep	Standard Nomenclature	Ring conformation
1			4C1		4d1(2.605546)		6d3(4.866747)		2d5(7.603453)	
../../pdbs//2d0g.pdb 5.B
Timestep	Standard Nomenclature	Ring conformation
1			4C1		6d3(0.599274)		4d1(1.259355)		2d5(2.194808)	
../../pdbs//2d0g.pdb 5.B
Timestep	Standard Nomenclature	Ring conformation
1			4C1		6d3(0.599274)		4d1(1.259355)		2d5(2.194808)	
../../pdbs//2d0g.pdb 4.B
Timestep	Standard Nomenclature	Ring conformation
1			4C1		6d3(0.424284)		4d1(2.019799)		2d5(2.753601)	
../../pdbs//2d0g.pdb 4.B
Timestep	Standard Nomenclature	Ring conformation
1			4C1		6d3(0.424284)		4d1(2.019799)		2d5(2.753601)	
../../pdbs//2d0g.pdb 3.B
Timestep	Standard Nomenclature	Ring conformation
1			4C1		2d5(0.015350)		6d3(2.596939)		4d1(2.683890)	
../../pdbs//2d0g.pdb 3.B
Timestep	Standard Nomenclature	Ring conformation
1			4C1		2d5(0.015350)		6d3(2.596939)		4d1(2.683890)	
../../pdbs//2d0g.pdb 2.B
Timestep	Standard Nomenclature	Ring conformation
1			4C1		4d1(0.920951)		2d5(1.059251)		6d3(1.811694)	
../../pdbs//2d0g.pdb 2.B
Timestep	Standard Nomenclature	Ring conformation
1			4C1		4d1(0.920951)		2d5(1.059251)		6d3(1.811694)	
../../pdbs//2d0g.pdb 1.B
Timestep	Standard Nomenclature	Ring conformation
1			4C1		6d3(1.490637)		2d5(3.026171)		4d1(4.492119)	
../../pdbs//6t18.pdb 6.C
Timestep	Standard Nomenclature	Ring conformation
1			4C1		6d3(1.057571)		4d1(1.677984)		2d5(2.801317)	
../../pdbs//6t18.pdb 5.C
Timestep	Standard Nomenclature	Ring conformation
1			4C1		6d3(0.670372)		4d1(1.280295)		2d5(1.990470)	
../../pdbs//6t18.pdb 5.C
Timestep	Standard Nomenclature	Ring conformation
1			4C1		6d3(0.670372)		4d1(1.280295)		2d5(1.990470)	
../../pdbs//6t18.pdb 4.C
Timestep	Standard Nomenclature	Ring conformation
1			4C1		6d3(1.375384)		2d5(5.561991)		4d1(6.779511)	
../../pdbs//6t18.pdb 4.C
Timestep	Standard Nomenclature	Ring conformation
1			4C1		6d3(1.375384)		2d5(5.561991)		4d1(6.779511)	
../../pdbs//6t18.pdb 3.C
Timestep	Standard Nomenclature	Ring conformation
1			4C1		6d3(0.075253)		2d5(0.450086)		4d1(0.486819)	
../../pdbs//6t18.pdb 3.C
Timestep	Standard Nomenclature	Ring conformation
1			4C1		6d3(0.075253)		2d5(0.450086)		4d1(0.486819)	
../../pdbs//6t18.pdb 2.C
Timestep	Standard Nomenclature	Ring conformation
1			-		4d1(4.342846)		6d3(6.392629)	
../../pdbs//6t18.pdb 2.C
Timestep	Standard Nomenclature	Ring conformation
1			-		4d1(4.342846)		6d3(6.392629)	
../../pdbs//6t18.pdb 1.C
Timestep	Standard Nomenclature	Ring conformation
1			4C1		2d5(1.124433)		4d1(1.643934)		6d3(2.681136)	
../../pdbs//6t18.pdb 3.D
Timestep	Standard Nomenclature	Ring conformation
1			4C1		6d3(2.227222)		4d1(2.334293)		2d5(4.393116)	
../../pdbs//6t18.pdb 2.D
Timestep	Standard Nomenclature	Ring conformation
1			4C1		6d3(0.586721)		2d5(6.455468)		4d1(7.177186)	
../../pdbs//6t18.pdb 2.D
Timestep	Standard Nomenclature	Ring conformation
1			4C1		6d3(0.586721)		2d5(6.455468)		4d1(7.177186)	
../../pdbs//6t18.pdb 1.D
Timestep	Standard Nomenclature	Ring conformation
1			-		t35(3.937215)		24t(6.779475)		4d1(6.850403)	
../../pdbs//6t18.pdb 4.E
Timestep	Standard Nomenclature	Ring conformation
1			4C1		4d1(0.331154)		2d5(5.548909)		6d3(5.684162)	
../../pdbs//6t18.pdb 3.E
Timestep	Standard Nomenclature	Ring conformation
1			4C1		2d5(2.876256)		6d3(4.771194)		4d1(7.522024)	
../../pdbs//6t18.pdb 3.E
Timestep	Standard Nomenclature	Ring conformation
1			4C1		2d5(2.876256)		6d3(4.771194)		4d1(7.522024)	
../../pdbs//6t18.pdb 2.E
Timestep	Standard Nomenclature	Ring conformation
1			4C1		2d5(2.040224)		6d3(2.938688)		4d1(5.033911)	
../../pdbs//6t18.pdb 2.E
Timestep	Standard Nomenclature	Ring conformation
1			4C1		2d5(2.040224)		6d3(2.938688)		4d1(5.033911)	
../../pdbs//6t18.pdb 1.E
Timestep	Standard Nomenclature	Ring conformation
1			4C1		4d1(4.365738)		6d3(5.570797)		2d5(9.879372)	
../../pdbs//3vmo.pdb 2.C
Timestep	Standard Nomenclature	Ring conformation
1			4C1		2d5(0.547173)		4d1(1.366184)		6d3(1.733068)	
../../pdbs//3vmo.pdb 1.C
Timestep	Standard Nomenclature	Ring conformation
1			4C1		6d3(0.411483)		2d5(1.853489)		4d1(2.334111)	
../../pdbs//3vmo.pdb 4.B
Timestep	Standard Nomenclature	Ring conformation
1			-		6d3(2.892410)		t15(8.689291)		4d1(9.075081)	
../../pdbs//3vmo.pdb 3.B
Timestep	Standard Nomenclature	Ring conformation
1			4C1		4d1(0.358354)		6d3(2.754871)		2d5(3.096052)	
../../pdbs//3vmo.pdb 3.B
Timestep	Standard Nomenclature	Ring conformation
1			4C1		4d1(0.358354)		6d3(2.754871)		2d5(3.096052)	
../../pdbs//3vmo.pdb 2.B
Timestep	Standard Nomenclature	Ring conformation
1			4C1		2d5(0.269395)		6d3(1.482465)		4d1(1.687766)	
../../pdbs//5f7u.pdb 3.F
Timestep	Standard Nomenclature	Ring conformation
1			4C1		2d5(1.035764)		4d1(3.145758)		6d3(4.067407)	
../../pdbs//5f7u.pdb 2.F
Timestep	Standard Nomenclature	Ring conformation
1			4C1		4d1(1.024429)		6d3(4.232841)		2d5(5.436300)	
../../pdbs//5f7u.pdb 2.F
Timestep	Standard Nomenclature	Ring conformation
1			4C1		4d1(1.024429)		6d3(4.232841)		2d5(5.436300)	
../../pdbs//5f7u.pdb 1.F
Timestep	Standard Nomenclature	Ring conformation
1			4C1		6d3(0.139397)		4d1(4.057240)		2d5(4.218416)	
../../pdbs//5f7u.pdb 2.B
Timestep	Standard Nomenclature	Ring conformation
1			4C1		6d3(0.832108)		4d1(0.847026)		2d5(1.797918)	
../../pdbs//5f7u.pdb 1.B
Timestep	Standard Nomenclature	Ring conformation
1			-		d36(2.698179)		45q(6.093321)	
../../pdbs//5f7u.pdb 3.B
Timestep	Standard Nomenclature	Ring conformation
1			4C1		2d5(0.064802)		6d3(2.566693)		4d1(2.665967)	
../../pdbs//5f7u.pdb 2.B
Timestep	Standard Nomenclature	Ring conformation
1			4C1		6d3(0.832108)		4d1(0.847026)		2d5(1.797918)	
../../pdbs//5f7u.pdb 4.B
Timestep	Standard Nomenclature	Ring conformation
1			BO3		12q(0.870451)		d36(4.578974)		45q(8.809972)	
../../pdbs//5f7u.pdb 1.B
Timestep	Standard Nomenclature	Ring conformation
1			-		d36(2.698179)		45q(6.093321)	
../../pdbs//5f7u.pdb 2.C
Timestep	Standard Nomenclature	Ring conformation
1			4C1		6d3(0.047819)		2d5(0.241909)		4d1(0.249251)	
../../pdbs//5f7u.pdb 1.C
Timestep	Standard Nomenclature	Ring conformation
1			-		2d5(3.067060)		4d1(7.701382)	
../../pdbs//5f7u.pdb 2.D
Timestep	Standard Nomenclature	Ring conformation
1			4C1		4d1(0.093671)		6d3(3.284355)		2d5(3.472377)	
../../pdbs//5f7u.pdb 1.D
Timestep	Standard Nomenclature	Ring conformation
1			4C1		2d5(1.660945)		4d1(1.729388)		6d3(3.349103)	
