../../pdbs//4aha.pdb 2.F
Timestep	Standard Nomenclature	Ring conformation
1			1C4		1d4(3.553830)		3d6(5.516178)		5d2(8.877849)	
../../pdbs//4aha.pdb 1.F
Timestep	Standard Nomenclature	Ring conformation
1			-		4d1(1.697708)		2d5(9.374467)		26t(9.640966)	
../../pdbs//6xun.pdb 4.G
Timestep	Standard Nomenclature	Ring conformation
1			1C4		3d6(0.282395)		5d2(2.244094)		1d4(2.771642)	
../../pdbs//6xun.pdb 1.G
Timestep	Standard Nomenclature	Ring conformation
1			4C1		6d3(0.352046)		2d5(2.955572)		4d1(3.114402)	
../../pdbs//6xun.pdb 4.F
Timestep	Standard Nomenclature	Ring conformation
1			1C4		5d2(0.703235)		3d6(1.319848)		1d4(1.623198)	
../../pdbs//6xun.pdb 1.F
Timestep	Standard Nomenclature	Ring conformation
1			4C1		4d1(0.139436)		6d3(1.480901)		2d5(1.518244)	
../../pdbs//6xun.pdb 4.E
Timestep	Standard Nomenclature	Ring conformation
1			1C4		3d6(0.911517)		1d4(2.639104)		5d2(3.014069)	
../../pdbs//6xun.pdb 1.E
Timestep	Standard Nomenclature	Ring conformation
1			4C1		4d1(0.118774)		2d5(1.523191)		6d3(1.719052)	
../../pdbs//3asr.pdb 3.D
Timestep	Standard Nomenclature	Ring conformation
1			1C4		1d4(0.788220)		5d2(1.433112)		3d6(2.326358)	
../../pdbs//3asr.pdb 1.D
Timestep	Standard Nomenclature	Ring conformation
1			4C1		6d3(0.006437)		2d5(5.113728)		4d1(5.166145)	
../../pdbs//3asr.pdb 3.C
Timestep	Standard Nomenclature	Ring conformation
1			1C4		3d6(1.207563)		1d4(3.525454)		5d2(4.694271)	
../../pdbs//3asr.pdb 1.C
Timestep	Standard Nomenclature	Ring conformation
1			4C1		6d3(1.784352)		4d1(4.584835)		2d5(6.348377)	
../../pdbs//5f7m.pdb 6.E
Timestep	Standard Nomenclature	Ring conformation
1			1C4		1d4(1.274121)		3d6(2.944504)		5d2(4.497981)	
../../pdbs//5f7m.pdb 3.E
Timestep	Standard Nomenclature	Ring conformation
1			4C1		2d5(2.793108)		4d1(3.839625)		6d3(6.715034)	
../../pdbs//5f7m.pdb 6.F
Timestep	Standard Nomenclature	Ring conformation
1			1C4		5d2(1.795584)		1d4(2.842300)		3d6(4.726445)	
../../pdbs//5f7m.pdb 3.F
Timestep	Standard Nomenclature	Ring conformation
1			4C1		6d3(2.095440)		2d5(3.290039)		4d1(5.214490)	
../../pdbs//3sej.pdb 6.K
Timestep	Standard Nomenclature	Ring conformation
1			1C4		3d6(0.002660)		1d4(6.718506)		5d2(6.736845)	
../../pdbs//3sej.pdb 3.K
Timestep	Standard Nomenclature	Ring conformation
1			4C1		6d3(1.855030)		2d5(3.768344)		4d1(5.624853)	
../../pdbs//3sej.pdb 6.Q
Timestep	Standard Nomenclature	Ring conformation
1			1C4		3d6(0.015658)		1d4(6.699447)		5d2(6.723723)	
../../pdbs//3sej.pdb 3.Q
Timestep	Standard Nomenclature	Ring conformation
1			4C1		6d3(1.835053)		2d5(3.699310)		4d1(5.532369)	
../../pdbs//3sej.pdb 6.M
Timestep	Standard Nomenclature	Ring conformation
1			1C4		3d6(1.315097)		1d4(6.125375)		5d2(7.464598)	
../../pdbs//3sej.pdb 3.M
Timestep	Standard Nomenclature	Ring conformation
1			4C1		6d3(0.683137)		2d5(3.869501)		4d1(3.993667)	
../../pdbs//3sej.pdb 6.L
Timestep	Standard Nomenclature	Ring conformation
1			-		t26(8.691144)		15t(8.838970)		3d6(9.174119)		1d4(9.543398)	
../../pdbs//3sej.pdb 3.L
Timestep	Standard Nomenclature	Ring conformation
1			4C1		6d3(2.073133)		4d1(4.286334)		2d5(6.701848)	
../../pdbs//3sej.pdb 6.N
Timestep	Standard Nomenclature	Ring conformation
1			1C4		3d6(0.810593)		5d2(6.714735)		1d4(7.336817)	
../../pdbs//3sej.pdb 3.N
Timestep	Standard Nomenclature	Ring conformation
1			4C1		6d3(0.001863)		2d5(4.780982)		4d1(5.558777)	
../../pdbs//3sej.pdb 6.P
Timestep	Standard Nomenclature	Ring conformation
1			1C4		3d6(0.010878)		5d2(6.725383)		1d4(6.732022)	
../../pdbs//3sej.pdb 3.P
Timestep	Standard Nomenclature	Ring conformation
1			4C1		6d3(1.695310)		2d5(3.633806)		4d1(5.331094)	
../../pdbs//3sej.pdb 6.R
Timestep	Standard Nomenclature	Ring conformation
1			1C4		3d6(0.035096)		1d4(6.704191)		5d2(6.719658)	
../../pdbs//3sej.pdb 3.R
Timestep	Standard Nomenclature	Ring conformation
1			4C1		6d3(1.595300)		2d5(3.948672)		4d1(5.568911)	
../../pdbs//3sej.pdb 6.O
Timestep	Standard Nomenclature	Ring conformation
1			1C4		3d6(0.028379)		1d4(6.664455)		5d2(6.694223)	
../../pdbs//3sej.pdb 3.O
Timestep	Standard Nomenclature	Ring conformation
1			-		6d3(1.948064)		t15(9.846834)	
../../pdbs//4zh7.pdb 5.B
Timestep	Standard Nomenclature	Ring conformation
1			1C4		1d4(4.086800)		5d2(4.985016)		3d6(9.077844)	
../../pdbs//4zh7.pdb 2.B
Timestep	Standard Nomenclature	Ring conformation
1			4C1		6d3(2.894160)		2d5(4.097944)		4d1(6.994792)	
../../pdbs//7khu.pdb 6.E
Timestep	Standard Nomenclature	Ring conformation
1			1C4		3d6(0.879213)		1d4(1.800203)		5d2(2.577474)	
../../pdbs//7khu.pdb 3.E
Timestep	Standard Nomenclature	Ring conformation
1			4C1		6d3(0.666308)		2d5(7.656713)		4d1(8.342165)	
../../pdbs//7khu.pdb 6.C
Timestep	Standard Nomenclature	Ring conformation
1			1C4		3d6(0.230356)		5d2(3.759397)		1d4(4.665136)	
../../pdbs//7khu.pdb 3.C
Timestep	Standard Nomenclature	Ring conformation
1			4C1		6d3(1.012901)		2d5(3.920710)		4d1(4.303382)	
../../pdbs//3uet.pdb 3.C
Timestep	Standard Nomenclature	Ring conformation
1			1C4		3d6(2.261902)		5d2(6.691722)		1d4(8.235652)	
../../pdbs//3uet.pdb 1.C
Timestep	Standard Nomenclature	Ring conformation
1			4C1		6d3(2.299435)		4d1(5.589319)		2d5(7.831480)	
../../pdbs//4opo.pdb 4.C
Timestep	Standard Nomenclature	Ring conformation
1			1C4		3d6(0.520678)		1d4(0.834761)		5d2(0.846705)	
../../pdbs//4opo.pdb 1.C
Timestep	Standard Nomenclature	Ring conformation
1			4C1		4d1(2.271355)		6d3(2.992967)		2d5(5.471236)	
../../pdbs//4opo.pdb 4.D
Timestep	Standard Nomenclature	Ring conformation
1			1C4		3d6(0.867100)		5d2(3.325832)		1d4(4.438998)	
../../pdbs//4opo.pdb 1.D
Timestep	Standard Nomenclature	Ring conformation
1			4C1		6d3(0.308187)		4d1(1.990452)		2d5(2.376425)	
../../pdbs//5f7w.pdb 7.E
Timestep	Standard Nomenclature	Ring conformation
1			1C4		3d6(0.485035)		1d4(2.200970)		5d2(2.497976)	
../../pdbs//5f7w.pdb 3.E
Timestep	Standard Nomenclature	Ring conformation
1			4C1		6d3(2.111163)		4d1(3.093011)		2d5(5.323004)	
../../pdbs//5f7w.pdb 7.F
Timestep	Standard Nomenclature	Ring conformation
1			1C4		1d4(0.849670)		3d6(3.453902)		5d2(4.213081)	
../../pdbs//5f7w.pdb 3.F
Timestep	Standard Nomenclature	Ring conformation
1			4C1		6d3(1.576548)		2d5(1.867516)		4d1(3.397708)	
../../pdbs//4p3i.pdb 3.G
Timestep	Standard Nomenclature	Ring conformation
1			-		12q(6.339090)	
../../pdbs//4p3i.pdb 1.G
Timestep	Standard Nomenclature	Ring conformation
1			4C1		6d3(0.008308)		4d1(3.644097)		2d5(3.649680)	
../../pdbs//4p3i.pdb 3.F
Timestep	Standard Nomenclature	Ring conformation
1			BO3		12q(3.709353)		d36(7.065268)		45q(8.844352)	
../../pdbs//4p3i.pdb 1.F
Timestep	Standard Nomenclature	Ring conformation
1			4C1		6d3(0.046386)		4d1(3.718750)		2d5(3.740478)	
../../pdbs//4p3i.pdb 3.E
Timestep	Standard Nomenclature	Ring conformation
1			1C4		3d6(0.053019)		1d4(3.588431)		5d2(3.624878)	
../../pdbs//4p3i.pdb 1.E
Timestep	Standard Nomenclature	Ring conformation
1			4C1		6d3(0.039472)		4d1(3.724928)		2d5(3.760576)	
../../pdbs//4p3i.pdb 3.H
Timestep	Standard Nomenclature	Ring conformation
1			1C4		3d6(0.008565)		5d2(3.631991)		1d4(3.643300)	
../../pdbs//4p3i.pdb 1.H
Timestep	Standard Nomenclature	Ring conformation
1			4C1		6d3(0.028191)		2d5(3.527114)		4d1(3.556860)	
../../pdbs//6or4.pdb 3.C
Timestep	Standard Nomenclature	Ring conformation
1			1C4		5d2(1.842221)		1d4(4.483078)		3d6(6.050425)	
../../pdbs//6or4.pdb 1.C
Timestep	Standard Nomenclature	Ring conformation
1			4C1		4d1(2.381581)		6d3(5.538820)		2d5(7.832383)	
../../pdbs//6or4.pdb 3.D
Timestep	Standard Nomenclature	Ring conformation
1			1C4		5d2(0.800543)		1d4(5.597751)		3d6(6.423808)	
../../pdbs//6or4.pdb 1.D
Timestep	Standard Nomenclature	Ring conformation
1			4C1		4d1(4.139681)		6d3(5.054094)		2d5(9.268629)	
../../pdbs//3ast.pdb 4.C
Timestep	Standard Nomenclature	Ring conformation
1			1C4		1d4(0.759534)		3d6(1.777461)		5d2(2.572987)	
../../pdbs//3ast.pdb 1.C
Timestep	Standard Nomenclature	Ring conformation
1			4C1		6d3(0.065181)		2d5(5.952625)		4d1(6.135000)	
../../pdbs//3ast.pdb 4.D
Timestep	Standard Nomenclature	Ring conformation
1			1C4		5d2(0.676563)		1d4(1.527478)		3d6(2.250049)	
../../pdbs//3ast.pdb 1.D
Timestep	Standard Nomenclature	Ring conformation
1			4C1		6d3(0.203494)		2d5(5.236292)		4d1(5.526882)	
../../pdbs//6xuk.pdb 4.A
Timestep	Standard Nomenclature	Ring conformation
1			1C4		1d4(0.579961)		5d2(0.990063)		3d6(1.647867)	
../../pdbs//6xuk.pdb 1.A
Timestep	Standard Nomenclature	Ring conformation
1			4C1		2d5(0.311021)		4d1(1.007869)		6d3(1.259681)	
../../pdbs//7l64.pdb 3.B
Timestep	Standard Nomenclature	Ring conformation
1			1C4		5d2(0.190521)		3d6(1.127771)		1d4(1.269280)	
../../pdbs//7l64.pdb 1.B
Timestep	Standard Nomenclature	Ring conformation
1			4C1		6d3(0.649903)		2d5(3.594922)		4d1(4.032472)	
../../pdbs//5f93.pdb 6.J
Timestep	Standard Nomenclature	Ring conformation
1			-		5d2(4.861269)		1d4(5.758841)	
../../pdbs//5f93.pdb 3.J
Timestep	Standard Nomenclature	Ring conformation
1			4C1		6d3(0.034361)		2d5(0.244710)		4d1(0.310786)	
../../pdbs//5f93.pdb 6.L
Timestep	Standard Nomenclature	Ring conformation
1			1C4		3d6(2.605537)		5d2(7.424975)		1d4(9.882836)	
../../pdbs//5f93.pdb 3.L
Timestep	Standard Nomenclature	Ring conformation
1			4C1		4d1(0.586013)		2d5(2.177489)		6d3(2.788769)	
../../pdbs//5f93.pdb 6.I
Timestep	Standard Nomenclature	Ring conformation
1			1C4		5d2(2.054838)		1d4(2.271013)		3d6(4.191802)	
../../pdbs//5f93.pdb 3.I
Timestep	Standard Nomenclature	Ring conformation
1			4C1		2d5(1.099472)		4d1(1.826950)		6d3(3.086132)	
../../pdbs//5f93.pdb 6.K
Timestep	Standard Nomenclature	Ring conformation
1			-		5d2(4.663259)		1d4(7.557607)	
../../pdbs//5f93.pdb 3.K
Timestep	Standard Nomenclature	Ring conformation
1			4C1		6d3(0.502663)		4d1(1.786098)		2d5(2.263498)	
../../pdbs//6l6r.pdb 2.H
Timestep	Standard Nomenclature	Ring conformation
1			O3B		36d(1.462411)		q12(3.153407)		q45(5.651008)	
../../pdbs//6l6r.pdb 1.H
Timestep	Standard Nomenclature	Ring conformation
1			4C1		6d3(0.560840)		2d5(1.230576)		4d1(1.882313)	
../../pdbs//6l6r.pdb 3.H
Timestep	Standard Nomenclature	Ring conformation
1			1C4		5d2(0.536456)		1d4(1.939057)		3d6(2.034672)	
../../pdbs//6l6r.pdb 1.H
Timestep	Standard Nomenclature	Ring conformation
1			4C1		6d3(0.560840)		2d5(1.230576)		4d1(1.882313)	
../../pdbs//6l6r.pdb 2.F
Timestep	Standard Nomenclature	Ring conformation
1			-		q45(6.956919)		3t1(9.152328)	
../../pdbs//6l6r.pdb 1.F
Timestep	Standard Nomenclature	Ring conformation
1			4C1		4d1(0.421924)		6d3(2.480007)		2d5(2.961892)	
../../pdbs//6l6r.pdb 3.F
Timestep	Standard Nomenclature	Ring conformation
1			1C4		5d2(2.045199)		1d4(2.342783)		3d6(3.963821)	
../../pdbs//6l6r.pdb 1.F
Timestep	Standard Nomenclature	Ring conformation
1			4C1		4d1(0.421924)		6d3(2.480007)		2d5(2.961892)	
../../pdbs//7jhz.pdb 6.F
Timestep	Standard Nomenclature	Ring conformation
1			-		q12(5.569322)	
../../pdbs//7jhz.pdb 3.F
Timestep	Standard Nomenclature	Ring conformation
1			4C1		4d1(1.454872)		2d5(1.604053)		6d3(3.243973)	
../../pdbs//7jhz.pdb 5.E
Timestep	Standard Nomenclature	Ring conformation
1			1C4		3d6(0.331746)		5d2(0.444006)		1d4(0.943714)	
../../pdbs//7jhz.pdb 2.E
Timestep	Standard Nomenclature	Ring conformation
1			4C1		4d1(2.006092)		6d3(5.735368)		2d5(8.436602)	
../../pdbs//5f7n.pdb 5.F
Timestep	Standard Nomenclature	Ring conformation
1			1C4		1d4(0.733636)		3d6(1.538534)		5d2(2.327872)	
../../pdbs//5f7n.pdb 1.F
Timestep	Standard Nomenclature	Ring conformation
1			4C1		6d3(0.606523)		4d1(3.467310)		2d5(4.261722)	
../../pdbs//5f7n.pdb 5.E
Timestep	Standard Nomenclature	Ring conformation
1			1C4		5d2(3.253441)		3d6(4.797111)		1d4(8.267168)	
../../pdbs//5f7n.pdb 1.E
Timestep	Standard Nomenclature	Ring conformation
1			-		4d1(1.261559)	
../../pdbs//5zvc.pdb 3.C
Timestep	Standard Nomenclature	Ring conformation
1			1C4		5d2(3.842909)		3d6(3.979215)		1d4(7.972804)	
../../pdbs//5zvc.pdb 1.C
Timestep	Standard Nomenclature	Ring conformation
1			4C1		2d5(0.299958)		6d3(1.791331)		4d1(1.907184)	
../../pdbs//5zvc.pdb 3.D
Timestep	Standard Nomenclature	Ring conformation
1			1C4		5d2(0.210351)		3d6(2.381615)		1d4(2.451787)	
../../pdbs//5zvc.pdb 1.D
Timestep	Standard Nomenclature	Ring conformation
1			4C1		4d1(0.394469)		6d3(8.115599)		2d5(9.157157)	
../../pdbs//6xtg.pdb 4.A
Timestep	Standard Nomenclature	Ring conformation
1			1C4		5d2(0.283034)		1d4(0.690408)		3d6(1.362063)	
../../pdbs//6xtg.pdb 1.A
Timestep	Standard Nomenclature	Ring conformation
1			4C1		6d3(1.091971)		4d1(1.408255)		2d5(2.885127)	
../../pdbs//4gwj.pdb 4.B
Timestep	Standard Nomenclature	Ring conformation
1			1C4		3d6(0.984631)		1d4(2.407511)		5d2(3.277234)	
../../pdbs//4gwj.pdb 1.B
Timestep	Standard Nomenclature	Ring conformation
1			-		6d3(4.555821)		t15(6.664682)		46t(7.605054)		2d5(8.043635)	
../../pdbs//7lir.pdb 2.E
Timestep	Standard Nomenclature	Ring conformation
1			-		q12(1.528449)		36d(6.702233)		3t5(8.228109)	
../../pdbs//7lir.pdb 1.E
Timestep	Standard Nomenclature	Ring conformation
1			-		45q(8.702719)	
../../pdbs//5f9a.pdb 6.B
Timestep	Standard Nomenclature	Ring conformation
1			1C4		5d2(4.718132)		1d4(4.921257)		3d6(9.534872)	
../../pdbs//5f9a.pdb 3.B
Timestep	Standard Nomenclature	Ring conformation
1			4C1		6d3(0.300371)		2d5(1.754925)		4d1(1.823673)	
../../pdbs//4ut5.pdb 4.F
Timestep	Standard Nomenclature	Ring conformation
1			1C4		3d6(0.230889)		1d4(1.389521)		5d2(1.545004)	
../../pdbs//4ut5.pdb 2.F
Timestep	Standard Nomenclature	Ring conformation
1			4C1		6d3(4.213774)		4d1(5.520001)		2d5(9.466685)	
../../pdbs//4ut5.pdb 4.G
Timestep	Standard Nomenclature	Ring conformation
1			1C4		1d4(0.308006)		5d2(1.748378)		3d6(1.962092)	
../../pdbs//4ut5.pdb 2.G
Timestep	Standard Nomenclature	Ring conformation
1			4C1		4d1(4.151616)		6d3(5.424242)		2d5(9.658760)	
../../pdbs//4ut5.pdb 4.E
Timestep	Standard Nomenclature	Ring conformation
1			1C4		5d2(0.591190)		1d4(0.823626)		3d6(1.483792)	
../../pdbs//4ut5.pdb 2.E
Timestep	Standard Nomenclature	Ring conformation
1			4C1		6d3(0.433486)		4d1(2.200609)		2d5(2.600365)	
../../pdbs//4ut5.pdb 3.H
Timestep	Standard Nomenclature	Ring conformation
1			1C4		1d4(1.257464)		3d6(3.093151)		5d2(3.643916)	
../../pdbs//4ut5.pdb 1.H
Timestep	Standard Nomenclature	Ring conformation
1			-		4d1(6.619370)		6d3(7.311824)	
../../pdbs//5f9d.pdb 7.B
Timestep	Standard Nomenclature	Ring conformation
1			-		1d4(5.039357)		5d2(8.825300)		t26(9.534339)	
../../pdbs//5f9d.pdb 3.B
Timestep	Standard Nomenclature	Ring conformation
1			4C1		2d5(1.633718)		4d1(4.849627)		6d3(6.426457)	
../../pdbs//5a6z.pdb 4.E
Timestep	Standard Nomenclature	Ring conformation
1			1C4		5d2(0.606886)		3d6(1.938052)		1d4(2.893723)	
../../pdbs//5a6z.pdb 2.E
Timestep	Standard Nomenclature	Ring conformation
1			4C1		6d3(0.329842)		4d1(3.777151)		2d5(4.078955)	
../../pdbs//5a6z.pdb 4.G
Timestep	Standard Nomenclature	Ring conformation
1			1C4		1d4(0.122151)		5d2(1.566661)		3d6(1.926976)	
../../pdbs//5a6z.pdb 2.G
Timestep	Standard Nomenclature	Ring conformation
1			4C1		6d3(1.818982)		2d5(5.878404)		4d1(7.277752)	
../../pdbs//5a6z.pdb 3.F
Timestep	Standard Nomenclature	Ring conformation
1			1C4		3d6(0.795529)		5d2(1.678958)		1d4(2.934624)	
../../pdbs//5a6z.pdb 1.F
Timestep	Standard Nomenclature	Ring conformation
1			4C1		6d3(0.651260)		4d1(5.521421)		2d5(6.394360)	
../../pdbs//5a6z.pdb 4.H
Timestep	Standard Nomenclature	Ring conformation
1			1C4		1d4(1.149608)		3d6(1.409924)		5d2(2.210685)	
../../pdbs//5a6z.pdb 2.H
Timestep	Standard Nomenclature	Ring conformation
1			4C1		6d3(1.234540)		4d1(5.088084)		2d5(6.757075)	
../../pdbs//4rm0.pdb 3.C
Timestep	Standard Nomenclature	Ring conformation
1			1C4		1d4(1.564001)		5d2(1.653002)		3d6(2.968516)	
../../pdbs//4rm0.pdb 1.C
Timestep	Standard Nomenclature	Ring conformation
1			4C1		2d5(0.024743)		6d3(0.942303)		4d1(1.265447)	
../../pdbs//4ops.pdb 4.C
Timestep	Standard Nomenclature	Ring conformation
1			1C4		3d6(0.018907)		1d4(5.113850)		5d2(5.130985)	
../../pdbs//4ops.pdb 1.C
Timestep	Standard Nomenclature	Ring conformation
1			4C1		6d3(0.024927)		4d1(5.153606)		2d5(5.178858)	
../../pdbs//6idv.pdb 3.E
Timestep	Standard Nomenclature	Ring conformation
1			5S1		5t1(7.188988)		2t4(8.257859)	
../../pdbs//6idv.pdb 2.E
Timestep	Standard Nomenclature	Ring conformation
1			4C1		6d3(0.572404)		2d5(7.044010)		4d1(7.801382)	
../../pdbs//6idv.pdb 3.C
Timestep	Standard Nomenclature	Ring conformation
1			O3B		q45(3.293629)		36d(5.079622)		q12(5.701015)	
../../pdbs//6idv.pdb 2.C
Timestep	Standard Nomenclature	Ring conformation
1			4C1		4d1(1.759918)		6d3(4.024446)		2d5(5.647044)	
../../pdbs//5urz.pdb 2.C
Timestep	Standard Nomenclature	Ring conformation
1			-		q12(2.019785)		3t5(3.885764)		36d(9.953370)	
../../pdbs//5urz.pdb 1.C
Timestep	Standard Nomenclature	Ring conformation
1			4C1		6d3(1.008978)		2d5(2.175500)		4d1(2.916242)	
../../pdbs//5urz.pdb 3.C
Timestep	Standard Nomenclature	Ring conformation
1			1C4		5d2(0.556051)		3d6(3.382617)		1d4(3.508478)	
../../pdbs//5urz.pdb 1.C
Timestep	Standard Nomenclature	Ring conformation
1			4C1		6d3(1.008978)		2d5(2.175500)		4d1(2.916242)	
../../pdbs//3ass.pdb 4.D
Timestep	Standard Nomenclature	Ring conformation
1			1C4		1d4(0.510427)		5d2(0.889531)		3d6(1.509784)	
../../pdbs//3ass.pdb 1.D
Timestep	Standard Nomenclature	Ring conformation
1			4C1		6d3(0.024647)		2d5(4.518834)		4d1(4.586954)	
../../pdbs//3ass.pdb 4.C
Timestep	Standard Nomenclature	Ring conformation
1			1C4		5d2(1.272194)		1d4(2.066521)		3d6(3.368020)	
../../pdbs//3ass.pdb 1.C
Timestep	Standard Nomenclature	Ring conformation
1			4C1		6d3(0.660520)		4d1(5.708726)		2d5(6.212405)	
../../pdbs//5f8r.pdb 6.F
Timestep	Standard Nomenclature	Ring conformation
1			1C4		1d4(1.210571)		5d2(4.241651)		3d6(5.284504)	
../../pdbs//5f8r.pdb 3.F
Timestep	Standard Nomenclature	Ring conformation
1			4C1		6d3(0.127343)		4d1(0.236964)		2d5(0.518362)	
../../pdbs//5f8r.pdb 6.E
Timestep	Standard Nomenclature	Ring conformation
1			1C4		5d2(1.980830)		3d6(3.701630)		1d4(5.312116)	
../../pdbs//5f8r.pdb 3.E
Timestep	Standard Nomenclature	Ring conformation
1			4C1		4d1(0.783367)		2d5(1.983630)		6d3(2.498108)	
