../../pdbs//4xla.pdb 2.B
Timestep	Standard Nomenclature	Ring conformation
1			4C1		4d1(0.912470)		2d5(1.115969)		6d3(1.972597)	
../../pdbs//4xla.pdb 1.B
Timestep	Standard Nomenclature	Ring conformation
1			4C1		2d5(0.113929)		4d1(5.705593)		6d3(6.280534)	
../../pdbs//2x85.pdb 2.B
Timestep	Standard Nomenclature	Ring conformation
1			4C1		4d1(1.932890)		2d5(4.985538)		6d3(5.971425)	
../../pdbs//2x85.pdb 1.B
Timestep	Standard Nomenclature	Ring conformation
1			4C1		2d5(0.237471)		4d1(6.233318)		6d3(6.289086)	
../../pdbs//1ay2.pdb 2.B
Timestep	Standard Nomenclature	Ring conformation
1			4C1		6d3(0.089364)		2d5(1.122274)		4d1(1.130342)	
../../pdbs//1ay2.pdb 1.B
Timestep	Standard Nomenclature	Ring conformation
1			4C1		2d5(0.317987)		6d3(3.848058)		4d1(4.229383)	
../../pdbs//2x6y.pdb 2.B
Timestep	Standard Nomenclature	Ring conformation
1			4C1		4d1(1.088614)		2d5(3.806631)		6d3(4.799090)	
../../pdbs//2x6y.pdb 1.B
Timestep	Standard Nomenclature	Ring conformation
1			4C1		2d5(0.260803)		4d1(4.462657)		6d3(4.509581)	
