../../pdbs//1l5g.pdb 2.I
Timestep	Standard Nomenclature	Ring conformation
1			-		q56(2.030000)		14d(8.290620)	
../../pdbs//1l5g.pdb 1.I
Timestep	Standard Nomenclature	Ring conformation
1			-		q45(1.605551)		36d(7.988482)	
../../pdbs//1l5g.pdb 2.J
Timestep	Standard Nomenclature	Ring conformation
1			4C1		6d3(1.705311)		4d1(1.915098)		2d5(3.797277)	
../../pdbs//1l5g.pdb 1.J
Timestep	Standard Nomenclature	Ring conformation
1			1C4		5d2(0.470157)		1d4(3.237717)		3d6(3.538850)	
../../pdbs//1l5g.pdb 2.G
Timestep	Standard Nomenclature	Ring conformation
1			-		5t3(9.391492)	
../../pdbs//1l5g.pdb 1.G
Timestep	Standard Nomenclature	Ring conformation
1			25B		q34(3.892679)		25d(7.749561)		q16(8.398784)	
../../pdbs//2dsu.pdb 2.B
Timestep	Standard Nomenclature	Ring conformation
1			1S3		4t6(0.291916)		1t3(8.222549)	
../../pdbs//2dsu.pdb 1.B
Timestep	Standard Nomenclature	Ring conformation
1			-		4d1(1.568329)		26t(9.175585)	
../../pdbs//2fdm.pdb 3.C
Timestep	Standard Nomenclature	Ring conformation
1			-		45q(4.492414)		4q3(6.650040)		q23(8.399263)	
../../pdbs//2fdm.pdb 2.C
Timestep	Standard Nomenclature	Ring conformation
1			-		q56(9.347525)		q23(9.758241)	
../../pdbs//2fdm.pdb 2.B
Timestep	Standard Nomenclature	Ring conformation
1			1S3		4t6(2.899054)		1t3(6.496262)	
../../pdbs//2fdm.pdb 1.B
Timestep	Standard Nomenclature	Ring conformation
1			-		6d3(0.332756)		t15(8.383977)	
../../pdbs//1q4g.pdb 2.H
Timestep	Standard Nomenclature	Ring conformation
1			-		4d1(3.905392)		6d3(6.599985)	
../../pdbs//1q4g.pdb 1.H
Timestep	Standard Nomenclature	Ring conformation
1			4C1		2d5(0.227404)		4d1(2.487574)		6d3(2.916516)	
../../pdbs//1q4g.pdb 2.F
Timestep	Standard Nomenclature	Ring conformation
1			4C1		2d5(0.766754)		6d3(3.544783)		4d1(4.094651)	
../../pdbs//1q4g.pdb 1.F
Timestep	Standard Nomenclature	Ring conformation
1			4C1		2d5(1.666394)		4d1(2.776049)		6d3(4.493849)	
../../pdbs//1q4g.pdb 2.E
Timestep	Standard Nomenclature	Ring conformation
1			-		4d1(5.363320)		6d3(8.854611)		t35(9.322118)	
../../pdbs//1q4g.pdb 1.E
Timestep	Standard Nomenclature	Ring conformation
1			4C1		4d1(1.860097)		2d5(2.690698)		6d3(4.681908)	
../../pdbs//1q4g.pdb 2.C
Timestep	Standard Nomenclature	Ring conformation
1			4C1		4d1(0.140497)		6d3(2.047867)		2d5(2.420723)	
../../pdbs//1q4g.pdb 1.C
Timestep	Standard Nomenclature	Ring conformation
1			4C1		2d5(0.965163)		6d3(3.403453)		4d1(4.247034)	
../../pdbs//1qfu.pdb 2.C
Timestep	Standard Nomenclature	Ring conformation
1			-		45q(2.630672)		d36(7.499624)		1t3(9.062936)	
../../pdbs//1qfu.pdb 1.C
Timestep	Standard Nomenclature	Ring conformation
1			-		2d5(3.879411)		6d3(5.379870)	
../../pdbs//1rd3.pdb 2.F
Timestep	Standard Nomenclature	Ring conformation
1			4C1		2d5(1.584894)		4d1(4.494048)		6d3(6.124143)	
../../pdbs//1rd3.pdb 1.F
Timestep	Standard Nomenclature	Ring conformation
1			4C1		2d5(2.806789)		4d1(3.254049)		6d3(5.975613)	
../../pdbs//2oye.pdb 2.A
Timestep	Standard Nomenclature	Ring conformation
1			-		4d1(4.273780)		6d3(6.562299)	
../../pdbs//2oye.pdb 1.A
Timestep	Standard Nomenclature	Ring conformation
1			4C1		4d1(0.280712)		6d3(4.511829)		2d5(4.513652)	
../../pdbs//3n8w.pdb 2.H
Timestep	Standard Nomenclature	Ring conformation
1			-		12q(0.531828)		4t6(3.011384)		d36(8.527229)	
../../pdbs//3n8w.pdb 1.H
Timestep	Standard Nomenclature	Ring conformation
1			4C1		4d1(0.386398)		6d3(0.713886)		2d5(1.102878)	
../../pdbs//3n8w.pdb 2.E
Timestep	Standard Nomenclature	Ring conformation
1			4C1		4d1(2.371859)		6d3(5.324665)		2d5(7.830927)	
../../pdbs//3n8w.pdb 1.E
Timestep	Standard Nomenclature	Ring conformation
1			4C1		2d5(0.709535)		4d1(5.020801)		6d3(5.591684)	
../../pdbs//3n8w.pdb 2.F
Timestep	Standard Nomenclature	Ring conformation
1			14B		q23(0.170928)		14d(5.804122)		q56(8.199855)	
../../pdbs//3n8w.pdb 1.F
Timestep	Standard Nomenclature	Ring conformation
1			4C1		6d3(1.979675)		4d1(3.662514)		2d5(5.700905)	
../../pdbs//1u8c.pdb 2.H
Timestep	Standard Nomenclature	Ring conformation
1			BO3		12q(0.774031)		d36(2.010427)		45q(3.027491)	
../../pdbs//1u8c.pdb 1.H
Timestep	Standard Nomenclature	Ring conformation
1			-		36d(4.210727)		q45(6.216329)		6t2(8.743542)	
../../pdbs//1u8c.pdb 2.F
Timestep	Standard Nomenclature	Ring conformation
1			4C1		4d1(1.012240)		2d5(4.598574)		6d3(5.453927)	
../../pdbs//1u8c.pdb 1.F
Timestep	Standard Nomenclature	Ring conformation
1			-		4d1(3.936743)		6d3(7.138747)	
../../pdbs//1u8c.pdb 2.I
Timestep	Standard Nomenclature	Ring conformation
1			4C1		6d3(0.031519)		4d1(0.465725)		2d5(0.642067)	
../../pdbs//1u8c.pdb 1.I
Timestep	Standard Nomenclature	Ring conformation
1			-		t15(1.821430)		6d3(3.056885)		46t(7.299739)	
../../pdbs//3ciy.pdb 2.O
Timestep	Standard Nomenclature	Ring conformation
1			3S1		6t4(5.086260)		3t1(6.437259)	
../../pdbs//3ciy.pdb 1.O
Timestep	Standard Nomenclature	Ring conformation
1			1S3		4t6(5.095432)		1t3(9.314707)	
../../pdbs//3ciy.pdb 2.H
Timestep	Standard Nomenclature	Ring conformation
1			2SO		2t6(5.980232)		5t3(6.480961)	
../../pdbs//3ciy.pdb 1.H
Timestep	Standard Nomenclature	Ring conformation
1			-			m	
../../pdbs//3ciy.pdb 2.L
Timestep	Standard Nomenclature	Ring conformation
1			4C1		4d1(0.503612)		2d5(3.057995)		6d3(3.372744)	
../../pdbs//3ciy.pdb 1.L
Timestep	Standard Nomenclature	Ring conformation
1			-		5d2(3.417840)		t46(4.067481)		15t(8.575985)	
../../pdbs//3ciy.pdb 2.E
Timestep	Standard Nomenclature	Ring conformation
1			4C1		4d1(0.300153)		6d3(4.401283)		2d5(4.668027)	
../../pdbs//3ciy.pdb 1.E
Timestep	Standard Nomenclature	Ring conformation
1			-		q16(2.903648)		5t3(5.525057)	
../../pdbs//1d9u.pdb 4.D
Timestep	Standard Nomenclature	Ring conformation
1			-		2d5(4.683202)		4d1(7.785636)	
../../pdbs//1d9u.pdb 3.D
Timestep	Standard Nomenclature	Ring conformation
1			4C1		2d5(0.469244)		4d1(3.337199)		6d3(3.936194)	
../../pdbs//1d9u.pdb 3.C
Timestep	Standard Nomenclature	Ring conformation
1			4C1		4d1(2.785426)		2d5(2.985716)		6d3(5.895669)	
../../pdbs//1d9u.pdb 2.C
Timestep	Standard Nomenclature	Ring conformation
1			4C1		4d1(0.005111)		2d5(4.218956)		6d3(4.234068)	
../../pdbs//3eri.pdb 2.E
Timestep	Standard Nomenclature	Ring conformation
1			O3B		q12(3.134127)		36d(3.713544)		q45(9.828365)	
../../pdbs//3eri.pdb 1.E
Timestep	Standard Nomenclature	Ring conformation
1			-		6d3(6.006293)		2d5(6.241779)	
../../pdbs//2e7q.pdb 3.I
Timestep	Standard Nomenclature	Ring conformation
1			-		2d5(2.520146)		46t(2.682831)		t15(9.334502)	
../../pdbs//2e7q.pdb 1.I
Timestep	Standard Nomenclature	Ring conformation
1			4C1		2d5(0.613463)		6d3(1.253276)		4d1(1.998125)	
../../pdbs//1jv2.pdb 2.H
Timestep	Standard Nomenclature	Ring conformation
1			1S3		1t3(1.794534)		4t6(7.566622)	
../../pdbs//1jv2.pdb 1.H
Timestep	Standard Nomenclature	Ring conformation
1			OS2		-		6t2(4.617675)		3t5(6.162389)	
../../pdbs//1jv2.pdb 2.F
Timestep	Standard Nomenclature	Ring conformation
1			25B		q34(1.327802)		25d(1.788020)		q16(3.593525)	
../../pdbs//1jv2.pdb 1.F
Timestep	Standard Nomenclature	Ring conformation
1			-		q34(1.226809)		25d(5.863177)	
../../pdbs//1jv2.pdb 2.I
Timestep	Standard Nomenclature	Ring conformation
1			4C1		4d1(1.346189)		6d3(4.266878)		2d5(6.015234)	
../../pdbs//1jv2.pdb 1.I
Timestep	Standard Nomenclature	Ring conformation
1			4C1		4d1(0.408740)		2d5(6.265930)		6d3(6.545314)	
../../pdbs//1tkr.pdb 2.F
Timestep	Standard Nomenclature	Ring conformation
1			-		2d5(3.022870)		46t(9.175863)	
../../pdbs//1tkr.pdb 1.F
Timestep	Standard Nomenclature	Ring conformation
1			4C1		4d1(0.213164)		6d3(2.802924)		2d5(3.076897)	
../../pdbs//1tkr.pdb 2.C
Timestep	Standard Nomenclature	Ring conformation
1			4C1		2d5(2.616133)		4d1(3.417066)		6d3(6.063674)	
../../pdbs//1tkr.pdb 1.C
Timestep	Standard Nomenclature	Ring conformation
1			-		26t(5.963133)		t15(6.688709)		4d1(8.258515)		6d3(8.524984)	
../../pdbs//3n43.pdb 2.C
Timestep	Standard Nomenclature	Ring conformation
1			BO3		d36(1.908533)		12q(2.158238)		45q(5.701598)	
../../pdbs//3n43.pdb 1.C
Timestep	Standard Nomenclature	Ring conformation
1			4C1		6d3(0.201722)		4d1(2.524028)		2d5(2.984292)	
../../pdbs//3krq.pdb 2.E
Timestep	Standard Nomenclature	Ring conformation
1			14B		14d(1.418421)		q56(1.751746)		q23(2.341229)	
../../pdbs//3krq.pdb 1.E
Timestep	Standard Nomenclature	Ring conformation
1			OS2		-		3t5(2.305441)		16q(8.885191)		6t2(9.987702)	
../../pdbs//1pum.pdb 2.C
Timestep	Standard Nomenclature	Ring conformation
1			4C1		4d1(0.177118)		6d3(4.208811)		2d5(4.291991)	
../../pdbs//1pum.pdb 1.C
Timestep	Standard Nomenclature	Ring conformation
1			4C1		6d3(0.353633)		4d1(2.817109)		2d5(3.277314)	
../../pdbs//1m1x.pdb 2.I
Timestep	Standard Nomenclature	Ring conformation
1			4C1		4d1(0.357258)		2d5(0.370578)		6d3(0.924209)	
../../pdbs//1m1x.pdb 1.I
Timestep	Standard Nomenclature	Ring conformation
1			BO3		d36(0.806856)		45q(4.654475)		12q(6.146661)	
../../pdbs//1m1x.pdb 2.H
Timestep	Standard Nomenclature	Ring conformation
1			-		q56(6.431739)		14d(9.665974)	
../../pdbs//1m1x.pdb 1.H
Timestep	Standard Nomenclature	Ring conformation
1			OS2		-		6t2(2.732070)		3t5(6.961618)	
../../pdbs//1m1x.pdb 2.F
Timestep	Standard Nomenclature	Ring conformation
1			-		2t4(8.312438)		q16(9.518248)	
../../pdbs//1m1x.pdb 1.F
Timestep	Standard Nomenclature	Ring conformation
1			25B		q16(1.489571)		25d(1.736870)		q34(6.344786)	
../../pdbs//2h43.pdb 2.H
Timestep	Standard Nomenclature	Ring conformation
1			4C1		2d5(0.506322)		6d3(7.076567)		4d1(7.504225)	
../../pdbs//2h43.pdb 1.H
Timestep	Standard Nomenclature	Ring conformation
1			-		12q(3.447435)		d36(8.004913)	
../../pdbs//2z7x.pdb 2.D
Timestep	Standard Nomenclature	Ring conformation
1			1C4		1d4(4.287297)		5d2(4.764958)		3d6(8.698487)	
../../pdbs//2z7x.pdb 1.D
Timestep	Standard Nomenclature	Ring conformation
1			4C1		6d3(1.333628)		2d5(1.903608)		4d1(3.098281)	
../../pdbs//6yi5.pdb 2.I
Timestep	Standard Nomenclature	Ring conformation
1			-		4d1(4.087196)		2d5(7.754343)	
../../pdbs//6yi5.pdb 1.I
Timestep	Standard Nomenclature	Ring conformation
1			4C1		2d5(0.997082)		4d1(5.346481)		6d3(6.184447)	
../../pdbs//6yi5.pdb 2.O
Timestep	Standard Nomenclature	Ring conformation
1			-		4d1(2.022501)	
../../pdbs//6yi5.pdb 1.O
Timestep	Standard Nomenclature	Ring conformation
1			4C1		2d5(1.434493)		6d3(3.505681)		4d1(5.023808)	
../../pdbs//6yi5.pdb 2.L
Timestep	Standard Nomenclature	Ring conformation
1			-		4d1(4.664427)		2d5(7.418876)	
../../pdbs//6yi5.pdb 1.L
Timestep	Standard Nomenclature	Ring conformation
1			4C1		2d5(0.668318)		6d3(4.289996)		4d1(5.009027)	
../../pdbs//3n8y.pdb 2.D
Timestep	Standard Nomenclature	Ring conformation
1			BO3		45q(0.889315)		d36(2.634153)		12q(5.116835)	
../../pdbs//3n8y.pdb 1.D
Timestep	Standard Nomenclature	Ring conformation
1			4C1		6d3(2.817753)		2d5(3.112130)		4d1(5.980674)	
../../pdbs//3fru.pdb 2.G
Timestep	Standard Nomenclature	Ring conformation
1			4C1		4d1(2.894137)		2d5(4.778272)		6d3(7.334950)	
../../pdbs//3fru.pdb 1.G
Timestep	Standard Nomenclature	Ring conformation
1			4C1		4d1(3.830672)		2d5(4.422856)		6d3(8.340338)	
../../pdbs//3qh0.pdb 2.E
Timestep	Standard Nomenclature	Ring conformation
1			1S5		4t2(3.909500)		1t5(7.166452)	
../../pdbs//3qh0.pdb 1.E
Timestep	Standard Nomenclature	Ring conformation
1			-		4d1(5.032657)		26t(9.601755)		6d3(9.630380)	
../../pdbs//1s4o.pdb 2.D
Timestep	Standard Nomenclature	Ring conformation
1			1C4		1d4(1.920832)		5d2(1.992344)		3d6(3.953073)	
../../pdbs//1s4o.pdb 1.D
Timestep	Standard Nomenclature	Ring conformation
1			4C1		6d3(3.044166)		2d5(4.426604)		4d1(7.358587)	
../../pdbs//1s4o.pdb 2.C
Timestep	Standard Nomenclature	Ring conformation
1			-		12q(9.233181)		4t6(9.791562)	
../../pdbs//1s4o.pdb 1.C
Timestep	Standard Nomenclature	Ring conformation
1			4C1		6d3(0.247631)		4d1(6.130498)		2d5(6.519124)	
../../pdbs//1ivy.pdb 2.C
Timestep	Standard Nomenclature	Ring conformation
1			BO3		45q(2.612902)		d36(4.030376)		12q(4.271029)	
../../pdbs//1ivy.pdb 1.C
Timestep	Standard Nomenclature	Ring conformation
1			4C1		4d1(0.825547)		2d5(4.471270)		6d3(5.082042)	
../../pdbs//1j8h.pdb 2.F
Timestep	Standard Nomenclature	Ring conformation
1			4C1		2d5(1.694482)		6d3(2.463178)		4d1(4.064632)	
../../pdbs//1j8h.pdb 1.F
Timestep	Standard Nomenclature	Ring conformation
1			-		4d1(0.254220)	
../../pdbs//3k24.pdb 2.E
Timestep	Standard Nomenclature	Ring conformation
1			-		12q(4.062934)		1q6(5.429278)		1t3(9.222113)		15t(9.765785)	
../../pdbs//3k24.pdb 1.E
Timestep	Standard Nomenclature	Ring conformation
1			-		6d3(5.580145)		4d1(5.986070)	
../../pdbs//2qt9.pdb 2.L
Timestep	Standard Nomenclature	Ring conformation
1			4C1		4d1(0.950385)		6d3(6.262272)		2d5(7.400376)	
../../pdbs//2qt9.pdb 1.L
Timestep	Standard Nomenclature	Ring conformation
1			4C1		4d1(2.674655)		6d3(6.822269)		2d5(9.604646)	
../../pdbs//2qt9.pdb 2.O
Timestep	Standard Nomenclature	Ring conformation
1			-		2d5(1.791572)		46t(9.873811)	
../../pdbs//2qt9.pdb 1.O
Timestep	Standard Nomenclature	Ring conformation
1			4C1		2d5(1.099250)		6d3(1.222461)		4d1(2.122563)	
../../pdbs//3d4l.pdb 2.F
Timestep	Standard Nomenclature	Ring conformation
1			-		46t(0.821143)		2d5(3.969425)		t15(5.973257)	
../../pdbs//3d4l.pdb 1.F
Timestep	Standard Nomenclature	Ring conformation
1			4C1		2d5(0.536213)		6d3(2.013042)		4d1(2.483917)	
../../pdbs//3d4l.pdb 2.C
Timestep	Standard Nomenclature	Ring conformation
1			4C1		4d1(2.077638)		6d3(4.653818)		2d5(6.887679)	
../../pdbs//3d4l.pdb 1.C
Timestep	Standard Nomenclature	Ring conformation
1			4C1		4d1(0.995558)		2d5(5.735367)		6d3(6.696895)	
../../pdbs//2oph.pdb 2.C
Timestep	Standard Nomenclature	Ring conformation
1			-		4d1(2.319725)		6d3(7.549540)	
../../pdbs//2oph.pdb 1.C
Timestep	Standard Nomenclature	Ring conformation
1			4C1		4d1(1.355229)		2d5(5.456455)		6d3(6.722929)	
../../pdbs//2oph.pdb 2.F
Timestep	Standard Nomenclature	Ring conformation
1			4C1		2d5(0.326918)		4d1(7.677724)		6d3(7.888655)	
../../pdbs//2oph.pdb 1.F
Timestep	Standard Nomenclature	Ring conformation
1			4C1		2d5(0.065893)		6d3(2.858166)		4d1(3.009536)	
../../pdbs//2ri9.pdb 2.D
Timestep	Standard Nomenclature	Ring conformation
1			1S3		4t6(2.664833)		1t3(3.876076)	
../../pdbs//2ri9.pdb 1.D
Timestep	Standard Nomenclature	Ring conformation
1			4C1		6d3(3.677054)		2d5(3.694807)		4d1(7.161028)	
../../pdbs//2ri9.pdb 2.H
Timestep	Standard Nomenclature	Ring conformation
1			-		1t3(6.727112)	
../../pdbs//2ri9.pdb 1.H
Timestep	Standard Nomenclature	Ring conformation
1			4C1		2d5(2.157911)		4d1(2.825375)		6d3(4.635281)	
../../pdbs//2ri9.pdb 2.I
Timestep	Standard Nomenclature	Ring conformation
1			-			m	
../../pdbs//2ri9.pdb 1.I
Timestep	Standard Nomenclature	Ring conformation
1			4C1		6d3(2.267508)		2d5(4.325128)		4d1(6.336008)	
../../pdbs//1z8l.pdb 2.O
Timestep	Standard Nomenclature	Ring conformation
1			4C1		2d5(2.533982)		4d1(3.163405)		6d3(5.646666)	
../../pdbs//1z8l.pdb 1.O
Timestep	Standard Nomenclature	Ring conformation
1			4C1		2d5(0.890285)		6d3(1.735675)		4d1(2.735600)	
../../pdbs//1z8l.pdb 2.J
Timestep	Standard Nomenclature	Ring conformation
1			4C1		2d5(2.530412)		4d1(3.175982)		6d3(5.657681)	
../../pdbs//1z8l.pdb 1.J
Timestep	Standard Nomenclature	Ring conformation
1			4C1		2d5(0.870972)		6d3(1.734540)		4d1(2.725068)	
../../pdbs//1z8l.pdb 2.E
Timestep	Standard Nomenclature	Ring conformation
1			4C1		2d5(2.530456)		4d1(3.162831)		6d3(5.655630)	
../../pdbs//1z8l.pdb 1.E
Timestep	Standard Nomenclature	Ring conformation
1			4C1		2d5(0.883078)		6d3(1.729226)		4d1(2.729730)	
../../pdbs//1z8l.pdb 2.T
Timestep	Standard Nomenclature	Ring conformation
1			4C1		2d5(2.497866)		4d1(3.178259)		6d3(5.641683)	
../../pdbs//1z8l.pdb 1.T
Timestep	Standard Nomenclature	Ring conformation
1			4C1		2d5(0.858067)		6d3(1.751922)		4d1(2.727363)	
../../pdbs//2g5b.pdb 2.N
Timestep	Standard Nomenclature	Ring conformation
1			4C1		2d5(1.812353)		4d1(3.497546)		6d3(5.293712)	
../../pdbs//2g5b.pdb 1.N
Timestep	Standard Nomenclature	Ring conformation
1			4C1		2d5(0.441803)		6d3(0.990259)		4d1(1.304646)	
../../pdbs//2dtw.pdb 3.H
Timestep	Standard Nomenclature	Ring conformation
1			-		2d5(0.295289)		46t(9.940995)	
../../pdbs//2dtw.pdb 1.H
Timestep	Standard Nomenclature	Ring conformation
1			4C1		2d5(0.056331)		4d1(4.089326)		6d3(4.109929)	
../../pdbs//7byx.pdb 2.I
Timestep	Standard Nomenclature	Ring conformation
1			4C1		4d1(1.452512)		2d5(7.028985)		6d3(8.291204)	
../../pdbs//7byx.pdb 1.I
Timestep	Standard Nomenclature	Ring conformation
1			4C1		4d1(2.814152)		2d5(6.440761)		6d3(8.835856)	
../../pdbs//7byx.pdb 2.N
Timestep	Standard Nomenclature	Ring conformation
1			1S5		4t2(0.093130)		q56(8.765309)		1t5(8.882708)	
../../pdbs//7byx.pdb 1.N
Timestep	Standard Nomenclature	Ring conformation
1			-		4d1(5.831432)		2d5(7.894469)		26t(7.926072)		t13(9.212416)	
../../pdbs//3cig.pdb 2.E
Timestep	Standard Nomenclature	Ring conformation
1			4C1		6d3(0.439767)		4d1(0.701586)		2d5(1.220070)	
../../pdbs//3cig.pdb 1.E
Timestep	Standard Nomenclature	Ring conformation
1			1S3		4t6(5.668303)		1t3(8.991272)	
../../pdbs//3cig.pdb 2.B
Timestep	Standard Nomenclature	Ring conformation
1			4C1		6d3(0.891782)		4d1(2.311959)		2d5(3.236392)	
../../pdbs//3cig.pdb 1.B
Timestep	Standard Nomenclature	Ring conformation
1			25B		q34(1.416487)		25d(6.694654)		q16(7.413609)	
../../pdbs//2a0z.pdb 2.K
Timestep	Standard Nomenclature	Ring conformation
1			4C1		2d5(0.763863)		6d3(3.640498)		4d1(4.395411)	
../../pdbs//2a0z.pdb 1.K
Timestep	Standard Nomenclature	Ring conformation
1			4C1		2d5(0.365666)		6d3(4.403939)		4d1(4.670116)	
../../pdbs//1zl1.pdb 2.B
Timestep	Standard Nomenclature	Ring conformation
1			1S3		1t3(5.882691)		4t6(8.557671)	
../../pdbs//1zl1.pdb 1.B
Timestep	Standard Nomenclature	Ring conformation
1			4C1		6d3(1.475439)		4d1(8.323684)		2d5(9.851840)	
../../pdbs//1ju2.pdb 2.C
Timestep	Standard Nomenclature	Ring conformation
1			4C1		2d5(2.105874)		4d1(4.729301)		6d3(6.833584)	
../../pdbs//1ju2.pdb 1.C
Timestep	Standard Nomenclature	Ring conformation
1			4C1		2d5(1.754626)		4d1(2.708137)		6d3(4.552278)	
../../pdbs//1t83.pdb 2.E
Timestep	Standard Nomenclature	Ring conformation
1			-		t15(0.434865)		46t(3.677283)		6q5(6.991849)		2d5(8.803182)	
../../pdbs//1t83.pdb 1.E
Timestep	Standard Nomenclature	Ring conformation
1			4C1		4d1(2.979342)		2d5(3.151632)		6d3(5.639843)	
../../pdbs//1sdx.pdb 2.C
Timestep	Standard Nomenclature	Ring conformation
1			-		4t6(3.619634)	
../../pdbs//1sdx.pdb 1.C
Timestep	Standard Nomenclature	Ring conformation
1			4C1		4d1(1.856964)		6d3(4.643891)		2d5(7.068236)	
../../pdbs//1sdx.pdb 2.B
Timestep	Standard Nomenclature	Ring conformation
1			-		q23(1.575304)		1t3(5.859282)		45q(6.290424)	
../../pdbs//1sdx.pdb 1.B
Timestep	Standard Nomenclature	Ring conformation
1			-		26t(2.839707)		t15(6.545700)		4d1(7.990420)	
../../pdbs//3huj.pdb 2.J
Timestep	Standard Nomenclature	Ring conformation
1			-		q45(0.886091)		3t5(5.958198)		16q(9.453503)	
../../pdbs//3huj.pdb 1.J
Timestep	Standard Nomenclature	Ring conformation
1			4C1		4d1(1.825646)		6d3(3.340336)		2d5(5.216464)	
../../pdbs//3bt6.pdb 2.F
Timestep	Standard Nomenclature	Ring conformation
1			-		46t(0.342186)		t15(2.213901)		2d5(8.639265)	
../../pdbs//3bt6.pdb 1.F
Timestep	Standard Nomenclature	Ring conformation
1			-		6d3(4.313591)		2d5(7.156632)	
../../pdbs//3bt6.pdb 2.D
Timestep	Standard Nomenclature	Ring conformation
1			4C1		6d3(0.496443)		4d1(2.269928)		2d5(2.780042)	
../../pdbs//3bt6.pdb 1.D
Timestep	Standard Nomenclature	Ring conformation
1			4C1		6d3(2.487967)		2d5(2.791468)		4d1(5.306933)	
../../pdbs//3dgv.pdb 2.D
Timestep	Standard Nomenclature	Ring conformation
1			4C1		6d3(0.544751)		2d5(2.279357)		4d1(2.529316)	
../../pdbs//3dgv.pdb 1.D
Timestep	Standard Nomenclature	Ring conformation
1			-		4d1(3.628428)		2d5(7.066623)	
../../pdbs//3dgv.pdb 2.I
Timestep	Standard Nomenclature	Ring conformation
1			4C1		4d1(1.559502)		2d5(7.250079)		6d3(8.546869)	
../../pdbs//3dgv.pdb 1.I
Timestep	Standard Nomenclature	Ring conformation
1			-		26t(3.742815)		4d1(4.929426)		t15(8.529800)	
../../pdbs//2dt0.pdb 2.B
Timestep	Standard Nomenclature	Ring conformation
1			1S3		1t3(1.224072)		4t6(3.667127)	
../../pdbs//2dt0.pdb 1.B
Timestep	Standard Nomenclature	Ring conformation
1			-		6d3(4.814657)		2d5(5.967330)	
../../pdbs//3n8v.pdb 2.C
Timestep	Standard Nomenclature	Ring conformation
1			4C1		2d5(0.107541)		6d3(3.335106)		4d1(3.518742)	
../../pdbs//3n8v.pdb 1.C
Timestep	Standard Nomenclature	Ring conformation
1			4C1		6d3(0.930010)		2d5(4.634628)		4d1(5.625063)	
../../pdbs//3n8v.pdb 2.E
Timestep	Standard Nomenclature	Ring conformation
1			1S3		4t6(0.901283)		1t3(4.194331)	
../../pdbs//3n8v.pdb 1.E
Timestep	Standard Nomenclature	Ring conformation
1			4C1		6d3(1.033124)		4d1(1.543520)		2d5(2.628361)	
../../pdbs//3n8v.pdb 2.H
Timestep	Standard Nomenclature	Ring conformation
1			4C1		4d1(0.626714)		6d3(2.644835)		2d5(3.351776)	
../../pdbs//3n8v.pdb 1.H
Timestep	Standard Nomenclature	Ring conformation
1			-		6d3(0.382842)		t15(1.874626)		46t(9.608169)	
../../pdbs//3n8v.pdb 2.F
Timestep	Standard Nomenclature	Ring conformation
1			4C1		6d3(1.182185)		4d1(1.316120)		2d5(2.523609)	
../../pdbs//3n8v.pdb 1.F
Timestep	Standard Nomenclature	Ring conformation
1			-		2d5(3.334516)		46t(6.768597)	
../../pdbs//1nwu.pdb 4.H
Timestep	Standard Nomenclature	Ring conformation
1			4C1		2d5(1.658524)		4d1(5.979072)		6d3(7.591320)	
../../pdbs//1nwu.pdb 3.H
Timestep	Standard Nomenclature	Ring conformation
1			-		q56(1.754720)		14d(7.564066)	
../../pdbs//1nwu.pdb 4.L
Timestep	Standard Nomenclature	Ring conformation
1			4C1		2d5(3.735555)		4d1(6.172106)		6d3(9.854436)	
../../pdbs//1nwu.pdb 3.L
Timestep	Standard Nomenclature	Ring conformation
1			-		q56(1.772010)		14d(7.943201)	
../../pdbs//1nwu.pdb 4.J
Timestep	Standard Nomenclature	Ring conformation
1			1S3		1t3(7.622773)		4t6(7.745633)	
../../pdbs//1nwu.pdb 3.J
Timestep	Standard Nomenclature	Ring conformation
1			14B		q56(1.215297)		14d(2.102130)		q23(6.771405)	
../../pdbs//1nwu.pdb 4.F
Timestep	Standard Nomenclature	Ring conformation
1			4C1		2d5(3.707991)		4d1(5.478137)		6d3(9.147946)	
../../pdbs//1nwu.pdb 3.F
Timestep	Standard Nomenclature	Ring conformation
1			-		q56(6.124130)		4t2(7.986126)	
../../pdbs//2qtb.pdb 2.O
Timestep	Standard Nomenclature	Ring conformation
1			4C1		2d5(0.357370)		4d1(9.660385)		6d3(9.943187)	
../../pdbs//2qtb.pdb 1.O
Timestep	Standard Nomenclature	Ring conformation
1			4C1		2d5(0.657126)		4d1(3.303919)		6d3(4.085464)	
../../pdbs//2qtb.pdb 2.L
Timestep	Standard Nomenclature	Ring conformation
1			-		4d1(2.340052)		6d3(7.699561)	
../../pdbs//2qtb.pdb 1.L
Timestep	Standard Nomenclature	Ring conformation
1			4C1		4d1(0.168389)		6d3(6.168043)		2d5(6.480898)	
../../pdbs//3n42.pdb 2.C
Timestep	Standard Nomenclature	Ring conformation
1			-		12q(3.698940)		4t6(7.238173)		d36(9.654588)	
../../pdbs//3n42.pdb 1.C
Timestep	Standard Nomenclature	Ring conformation
1			4C1		4d1(0.329790)		2d5(4.515797)		6d3(4.521090)	
../../pdbs//3iaz.pdb 2.C
Timestep	Standard Nomenclature	Ring conformation
1			1S3		1t3(5.139849)		4t6(5.765063)	
../../pdbs//3iaz.pdb 1.C
Timestep	Standard Nomenclature	Ring conformation
1			4C1		6d3(1.341213)		2d5(4.564002)		4d1(5.817170)	
../../pdbs//3n41.pdb 2.C
Timestep	Standard Nomenclature	Ring conformation
1			-		13t(0.777119)		t26(0.823718)		5d2(9.457958)	
../../pdbs//3n41.pdb 1.C
Timestep	Standard Nomenclature	Ring conformation
1			-		2d5(1.300474)		46t(6.793800)	
../../pdbs//1jpy.pdb 2.C
Timestep	Standard Nomenclature	Ring conformation
1			4C1		4d1(0.029537)		6d3(2.982409)		2d5(3.343228)	
../../pdbs//1jpy.pdb 1.C
Timestep	Standard Nomenclature	Ring conformation
1			4C1		2d5(1.252752)		6d3(3.475697)		4d1(4.740297)	
../../pdbs//2zxe.pdb 2.C
Timestep	Standard Nomenclature	Ring conformation
1			4C1		2d5(1.314342)		6d3(6.309622)		4d1(7.812894)	
../../pdbs//2zxe.pdb 1.C
Timestep	Standard Nomenclature	Ring conformation
1			4C1		6d3(2.951072)		4d1(3.609336)		2d5(6.579241)	
../../pdbs//1mx1.pdb 2.G
Timestep	Standard Nomenclature	Ring conformation
1			-		2d5(4.701761)		t13(6.733315)	
../../pdbs//1mx1.pdb 1.G
Timestep	Standard Nomenclature	Ring conformation
1			4C1		6d3(2.021029)		4d1(3.768623)		2d5(6.097450)	
../../pdbs//1owq.pdb 3.B
Timestep	Standard Nomenclature	Ring conformation
1			4C1		2d5(0.926677)		4d1(2.689361)		6d3(3.666039)	
../../pdbs//1owq.pdb 2.B
Timestep	Standard Nomenclature	Ring conformation
1			4C1		4d1(1.753126)		2d5(1.844552)		6d3(3.675082)	
../../pdbs//1tk3.pdb 2.F
Timestep	Standard Nomenclature	Ring conformation
1			-		2d5(3.317559)		4d1(7.498139)	
../../pdbs//1tk3.pdb 1.F
Timestep	Standard Nomenclature	Ring conformation
1			4C1		6d3(0.082322)		4d1(1.950459)		2d5(1.955977)	
../../pdbs//1igy.pdb 2.F
Timestep	Standard Nomenclature	Ring conformation
1			4C1		4d1(0.860276)		6d3(6.087293)		2d5(7.074099)	
../../pdbs//1igy.pdb 1.F
Timestep	Standard Nomenclature	Ring conformation
1			1S3		1t3(1.824606)		4t6(5.727547)	
../../pdbs//1igy.pdb 2.E
Timestep	Standard Nomenclature	Ring conformation
1			4C1		4d1(0.487001)		6d3(5.817750)		2d5(6.421398)	
../../pdbs//1igy.pdb 1.E
Timestep	Standard Nomenclature	Ring conformation
1			1S3		1t3(1.549998)		4t6(5.169364)	
../../pdbs//2fa7.pdb 5.E
Timestep	Standard Nomenclature	Ring conformation
1			4C1		6d3(0.704170)		4d1(7.448864)		2d5(8.561253)	
../../pdbs//2fa7.pdb 4.E
Timestep	Standard Nomenclature	Ring conformation
1			-		t15(1.914738)		26t(2.521325)		6q1(7.633125)	
../../pdbs//2fa7.pdb 2.C
Timestep	Standard Nomenclature	Ring conformation
1			1S3		1t3(7.323536)		4t6(8.180874)	
../../pdbs//2fa7.pdb 1.C
Timestep	Standard Nomenclature	Ring conformation
1			-		2d5(0.762307)	
../../pdbs//2gy7.pdb 4.C
Timestep	Standard Nomenclature	Ring conformation
1			4C1		6d3(1.056047)		4d1(2.966418)		2d5(4.122310)	
../../pdbs//2gy7.pdb 3.C
Timestep	Standard Nomenclature	Ring conformation
1			-		4d1(2.984953)		2d5(8.104967)	
../../pdbs//1x70.pdb 2.F
Timestep	Standard Nomenclature	Ring conformation
1			-		6t2(0.243231)		q45(6.878065)		16q(8.659395)		36d(8.690254)	
../../pdbs//1x70.pdb 1.F
Timestep	Standard Nomenclature	Ring conformation
1			4C1		6d3(0.554055)		4d1(4.113812)		2d5(4.866700)	
../../pdbs//1x70.pdb 2.C
Timestep	Standard Nomenclature	Ring conformation
1			4C1		6d3(0.302168)		4d1(4.725812)		2d5(5.280102)	
../../pdbs//1x70.pdb 1.C
Timestep	Standard Nomenclature	Ring conformation
1			4C1		4d1(2.435430)		2d5(5.113314)		6d3(7.532679)	
../../pdbs//1aiv.pdb 2.B
Timestep	Standard Nomenclature	Ring conformation
1			BO3		12q(5.162247)		45q(5.486598)		d36(6.188128)	
../../pdbs//1aiv.pdb 1.B
Timestep	Standard Nomenclature	Ring conformation
1			1S3		1t3(2.409529)		4t6(4.625039)	
../../pdbs//1s4n.pdb 2.D
Timestep	Standard Nomenclature	Ring conformation
1			1C4		1d4(0.468013)		5d2(1.988980)		3d6(2.427826)	
../../pdbs//1s4n.pdb 1.D
Timestep	Standard Nomenclature	Ring conformation
1			4C1		6d3(1.230457)		4d1(3.836986)		2d5(5.166986)	
../../pdbs//1n1m.pdb 2.C
Timestep	Standard Nomenclature	Ring conformation
1			-		4d1(0.454992)		t35(6.029122)	
../../pdbs//1n1m.pdb 1.C
Timestep	Standard Nomenclature	Ring conformation
1			-		4d1(6.050136)		6d3(8.165764)		26t(8.306674)	
../../pdbs//1n1m.pdb 2.F
Timestep	Standard Nomenclature	Ring conformation
1			-		4d1(2.943390)		2d5(8.093219)	
../../pdbs//1n1m.pdb 1.F
Timestep	Standard Nomenclature	Ring conformation
1			4C1		6d3(1.260024)		2d5(1.386894)		4d1(2.762185)	
../../pdbs//1sr0.pdb 2.B
Timestep	Standard Nomenclature	Ring conformation
1			1S3		1t3(0.527332)		4t6(7.336291)	
../../pdbs//1sr0.pdb 1.B
Timestep	Standard Nomenclature	Ring conformation
1			-		6d3(2.616002)		2d5(8.154469)	
../../pdbs//1diy.pdb 2.B
Timestep	Standard Nomenclature	Ring conformation
1			-		t15(2.665043)		6d3(3.939913)		26t(7.261552)	
../../pdbs//1diy.pdb 1.B
Timestep	Standard Nomenclature	Ring conformation
1			4C1		4d1(0.692423)		6d3(1.843629)		2d5(2.420539)	
../../pdbs//2dt1.pdb 2.B
Timestep	Standard Nomenclature	Ring conformation
1			1S3		1t3(3.552067)		4t6(7.280278)	
../../pdbs//2dt1.pdb 1.B
Timestep	Standard Nomenclature	Ring conformation
1			4C1		2d5(3.384974)		6d3(3.904344)		4d1(7.199202)	
../../pdbs//1dlh.pdb 2.G
Timestep	Standard Nomenclature	Ring conformation
1			-		46t(2.191241)		t15(3.505276)		2d5(9.502941)	
../../pdbs//1dlh.pdb 1.G
Timestep	Standard Nomenclature	Ring conformation
1			4C1		4d1(0.632170)		2d5(5.546132)		6d3(6.101857)	
../../pdbs//1dlh.pdb 2.H
Timestep	Standard Nomenclature	Ring conformation
1			4C1		2d5(4.640283)		4d1(4.815747)		6d3(9.552894)	
../../pdbs//1dlh.pdb 1.H
Timestep	Standard Nomenclature	Ring conformation
1			4C1		2d5(4.529899)		4d1(4.565774)		6d3(9.039684)	
../../pdbs//1ow0.pdb 2.K
Timestep	Standard Nomenclature	Ring conformation
1			4C1		4d1(1.283794)		2d5(7.284934)		6d3(8.490521)	
../../pdbs//1ow0.pdb 1.K
Timestep	Standard Nomenclature	Ring conformation
1			4C1		4d1(0.685606)		6d3(1.053576)		2d5(1.934114)	
../../pdbs//1ow0.pdb 2.H
Timestep	Standard Nomenclature	Ring conformation
1			4C1		4d1(1.288843)		2d5(7.234285)		6d3(8.462740)	
../../pdbs//1ow0.pdb 1.H
Timestep	Standard Nomenclature	Ring conformation
1			4C1		4d1(0.751767)		6d3(0.998652)		2d5(1.929995)	
../../pdbs//1flc.pdb 2.U
Timestep	Standard Nomenclature	Ring conformation
1			-		4d1(2.397285)		t35(6.316505)	
../../pdbs//1flc.pdb 1.U
Timestep	Standard Nomenclature	Ring conformation
1			-		4d1(3.962564)		2d5(6.366913)	
../../pdbs//1flc.pdb 2.N
Timestep	Standard Nomenclature	Ring conformation
1			1S3		1t3(5.035151)		4t6(5.669744)	
../../pdbs//1flc.pdb 1.N
Timestep	Standard Nomenclature	Ring conformation
1			4C1		2d5(0.248418)		6d3(1.299932)		4d1(1.416216)	
../../pdbs//1flc.pdb 2.K
Timestep	Standard Nomenclature	Ring conformation
1			-		4d1(5.539045)		t35(8.648128)	
../../pdbs//1flc.pdb 1.K
Timestep	Standard Nomenclature	Ring conformation
1			4C1		2d5(4.567857)		4d1(5.197482)		6d3(9.696747)	
../../pdbs//1flc.pdb 2.P
Timestep	Standard Nomenclature	Ring conformation
1			-		1t3(5.855191)	
../../pdbs//1flc.pdb 1.P
Timestep	Standard Nomenclature	Ring conformation
1			4C1		2d5(0.690566)		6d3(2.283673)		4d1(2.977827)	
../../pdbs//1d9k.pdb 2.L
Timestep	Standard Nomenclature	Ring conformation
1			BO3		12q(0.391135)		d36(3.029845)		45q(5.715343)	
../../pdbs//1d9k.pdb 1.L
Timestep	Standard Nomenclature	Ring conformation
1			-		2t6(3.169640)		d36(3.483986)		q16(8.292550)		4t6(9.136631)	
../../pdbs//3qmo.pdb 2.E
Timestep	Standard Nomenclature	Ring conformation
1			-		q56(4.360133)		14d(8.574697)	
../../pdbs//3qmo.pdb 1.E
Timestep	Standard Nomenclature	Ring conformation
1			4C1		4d1(0.484087)		6d3(2.311260)		2d5(2.925209)	
../../pdbs//3qmo.pdb 2.C
Timestep	Standard Nomenclature	Ring conformation
1			4H5		4q5(0.455969)		46t(7.169224)		34q(9.886649)	
../../pdbs//3qmo.pdb 1.C
Timestep	Standard Nomenclature	Ring conformation
1			-		2d5(0.988115)		46t(9.699793)	
../../pdbs//1g6i.pdb 2.B
Timestep	Standard Nomenclature	Ring conformation
1			1S3		4t6(4.155270)		1t3(5.468481)	
../../pdbs//1g6i.pdb 1.B
Timestep	Standard Nomenclature	Ring conformation
1			4C1		4d1(2.310011)		6d3(4.453252)		2d5(6.916520)	
../../pdbs//2e53.pdb 3.I
Timestep	Standard Nomenclature	Ring conformation
1			4C1		2d5(1.745100)		6d3(2.700823)		4d1(4.360437)	
../../pdbs//2e53.pdb 1.I
Timestep	Standard Nomenclature	Ring conformation
1			4C1		6d3(0.751837)		2d5(2.369099)		4d1(3.049547)	
../../pdbs//2b31.pdb 2.C
Timestep	Standard Nomenclature	Ring conformation
1			14B		q56(1.038982)		14d(2.109438)		q23(8.089700)	
../../pdbs//2b31.pdb 1.C
Timestep	Standard Nomenclature	Ring conformation
1			-		2d5(6.030552)		6d3(7.976624)	
../../pdbs//2hha.pdb 2.C
Timestep	Standard Nomenclature	Ring conformation
1			-		4d1(0.370081)	
../../pdbs//2hha.pdb 1.C
Timestep	Standard Nomenclature	Ring conformation
1			-		4d1(1.429104)		6d3(8.921946)	
../../pdbs//2hha.pdb 2.F
Timestep	Standard Nomenclature	Ring conformation
1			4C1		2d5(0.043436)		6d3(6.353583)		4d1(6.411791)	
../../pdbs//2hha.pdb 1.F
Timestep	Standard Nomenclature	Ring conformation
1			4C1		6d3(1.333661)		2d5(1.753634)		4d1(2.930654)	
../../pdbs//3n8z.pdb 2.C
Timestep	Standard Nomenclature	Ring conformation
1			4C1		2d5(1.574538)		6d3(3.651730)		4d1(5.336348)	
../../pdbs//3n8z.pdb 1.C
Timestep	Standard Nomenclature	Ring conformation
1			4C1		6d3(0.374866)		2d5(4.330842)		4d1(4.657905)	
../../pdbs//1u67.pdb 2.D
Timestep	Standard Nomenclature	Ring conformation
1			4C1		4d1(2.678365)		2d5(6.499868)		6d3(9.083709)	
../../pdbs//1u67.pdb 1.D
Timestep	Standard Nomenclature	Ring conformation
1			4C1		6d3(2.044728)		4d1(3.061396)		2d5(5.259742)	
../../pdbs//1u67.pdb 2.B
Timestep	Standard Nomenclature	Ring conformation
1			-		2d5(1.281874)		46t(8.265152)	
../../pdbs//1u67.pdb 1.B
Timestep	Standard Nomenclature	Ring conformation
1			4C1		2d5(1.228587)		4d1(2.406356)		6d3(3.278104)	
../../pdbs//2qoe.pdb 2.S
Timestep	Standard Nomenclature	Ring conformation
1			3S1		6t4(5.100965)		3t1(5.409112)	
../../pdbs//2qoe.pdb 1.S
Timestep	Standard Nomenclature	Ring conformation
1			-		4d1(6.301078)		t35(7.539939)		46t(9.697641)		2d5(9.734786)	
../../pdbs//2qoe.pdb 2.E
Timestep	Standard Nomenclature	Ring conformation
1			4C1		2d5(0.077622)		4d1(4.344377)		6d3(4.373278)	
../../pdbs//2qoe.pdb 1.E
Timestep	Standard Nomenclature	Ring conformation
1			4C1		4d1(0.045674)		6d3(2.167103)		2d5(2.260344)	
../../pdbs//3n40.pdb 2.B
Timestep	Standard Nomenclature	Ring conformation
1			BO3		12q(0.618216)		d36(1.981375)		45q(3.005189)	
../../pdbs//3n40.pdb 1.B
Timestep	Standard Nomenclature	Ring conformation
1			4C1		6d3(0.544626)		2d5(2.237573)		4d1(2.575121)	
../../pdbs//2doj.pdb 2.C
Timestep	Standard Nomenclature	Ring conformation
1			1S3		1t3(2.753361)		4t6(4.218541)	
../../pdbs//2doj.pdb 1.C
Timestep	Standard Nomenclature	Ring conformation
1			4C1		2d5(1.834846)		6d3(5.558353)		4d1(7.590670)	
../../pdbs//1c1z.pdb 2.C
Timestep	Standard Nomenclature	Ring conformation
1			4C1		4d1(0.013465)		2d5(2.793758)		6d3(2.823666)	
../../pdbs//1c1z.pdb 1.C
Timestep	Standard Nomenclature	Ring conformation
1			4C1		4d1(0.268143)		6d3(0.363579)		2d5(0.496634)	
../../pdbs//2ifg.pdb 2.M
Timestep	Standard Nomenclature	Ring conformation
1			1C4		1d4(0.538466)		3d6(6.158737)		5d2(6.871217)	
../../pdbs//2ifg.pdb 1.M
Timestep	Standard Nomenclature	Ring conformation
1			OS2		-		6t2(0.570444)		3t5(4.302875)	
../../pdbs//2ifg.pdb 2.K
Timestep	Standard Nomenclature	Ring conformation
1			1C4		1d4(0.198574)		3d6(3.842835)		5d2(4.151563)	
../../pdbs//2ifg.pdb 1.K
Timestep	Standard Nomenclature	Ring conformation
1			4C1		6d3(0.914998)		4d1(1.722344)		2d5(2.742902)	
../../pdbs//2ifg.pdb 2.D
Timestep	Standard Nomenclature	Ring conformation
1			14B		q56(3.410416)		14d(6.228625)		q23(9.596189)	
../../pdbs//2ifg.pdb 1.D
Timestep	Standard Nomenclature	Ring conformation
1			2SO		5t3(4.930524)		2t6(5.409624)	
../../pdbs//2ifg.pdb 2.G
Timestep	Standard Nomenclature	Ring conformation
1			1C4		1d4(0.004315)		3d6(5.931317)		5d2(6.171313)	
../../pdbs//2ifg.pdb 1.G
Timestep	Standard Nomenclature	Ring conformation
1			4C1		6d3(2.496442)		4d1(3.357911)		2d5(6.116045)	
../../pdbs//2ifg.pdb 2.L
Timestep	Standard Nomenclature	Ring conformation
1			1C4		1d4(0.985403)		3d6(2.185256)		5d2(3.397622)	
../../pdbs//2ifg.pdb 1.L
Timestep	Standard Nomenclature	Ring conformation
1			BO3		12q(0.253833)		d36(0.571383)		45q(0.918439)	
../../pdbs//2ifg.pdb 2.C
Timestep	Standard Nomenclature	Ring conformation
1			1C4		3d6(0.932437)		1d4(0.986191)		5d2(2.103714)	
../../pdbs//2ifg.pdb 1.C
Timestep	Standard Nomenclature	Ring conformation
1			4C1		6d3(0.342697)		4d1(6.666685)		2d5(7.220244)	
../../pdbs//2ifg.pdb 2.N
Timestep	Standard Nomenclature	Ring conformation
1			1C4		1d4(1.162679)		5d2(8.302888)		3d6(9.255269)	
../../pdbs//2ifg.pdb 1.N
Timestep	Standard Nomenclature	Ring conformation
1			4C1		4d1(2.102567)		6d3(2.473022)		2d5(4.660050)	
../../pdbs//1igz.pdb 2.B
Timestep	Standard Nomenclature	Ring conformation
1			-		6d3(6.035599)		4d1(6.908978)		t15(9.889046)		26t(9.945261)	
../../pdbs//1igz.pdb 1.B
Timestep	Standard Nomenclature	Ring conformation
1			4C1		4d1(1.090316)		6d3(5.543154)		2d5(6.544207)	
../../pdbs//1ozn.pdb 2.C
Timestep	Standard Nomenclature	Ring conformation
1			1S3		1t3(1.711669)		4t6(2.081900)	
../../pdbs//1ozn.pdb 1.C
Timestep	Standard Nomenclature	Ring conformation
1			4C1		6d3(0.034001)		4d1(4.640543)		2d5(4.694056)	
../../pdbs//1fl7.pdb 2.I
Timestep	Standard Nomenclature	Ring conformation
1			O3B		36d(1.283231)		q45(5.878860)		q12(7.965243)	
../../pdbs//1fl7.pdb 1.I
Timestep	Standard Nomenclature	Ring conformation
1			4C1		4d1(2.007687)		6d3(3.753597)		2d5(5.871939)	
../../pdbs//1fl7.pdb 2.E
Timestep	Standard Nomenclature	Ring conformation
1			4C1		2d5(0.514339)		4d1(5.330279)		6d3(5.870312)	
../../pdbs//1fl7.pdb 1.E
Timestep	Standard Nomenclature	Ring conformation
1			14B		q56(1.367579)		14d(5.104055)		q23(9.344943)	
../../pdbs//1fl7.pdb 2.H
Timestep	Standard Nomenclature	Ring conformation
1			4C1		6d3(2.849185)		2d5(3.313668)		4d1(6.033277)	
../../pdbs//1fl7.pdb 1.H
Timestep	Standard Nomenclature	Ring conformation
1			4C1		6d3(2.178957)		4d1(5.399786)		2d5(7.714110)	
../../pdbs//2aez.pdb 2.B
Timestep	Standard Nomenclature	Ring conformation
1			-		1d4(4.212654)		5d2(6.525643)	
../../pdbs//2aez.pdb 1.B
Timestep	Standard Nomenclature	Ring conformation
1			4C1		4d1(0.362893)		2d5(0.527225)		6d3(0.816678)	
../../pdbs//1igx.pdb 2.B
Timestep	Standard Nomenclature	Ring conformation
1			-		6d3(1.544497)		t15(6.232991)	
../../pdbs//1igx.pdb 1.B
Timestep	Standard Nomenclature	Ring conformation
1			4C1		4d1(0.108603)		2d5(4.076131)		6d3(4.156905)	
../../pdbs//2ips.pdb 2.E
Timestep	Standard Nomenclature	Ring conformation
1			OH1		6q1(1.644275)		26t(1.866054)		6d3(4.946513)		56q(5.779670)		6t4(6.516995)		t15(9.359839)	
../../pdbs//2ips.pdb 1.E
Timestep	Standard Nomenclature	Ring conformation
1			4C1		6d3(2.460884)		2d5(3.829568)		4d1(6.165556)	
../../pdbs//3hs6.pdb 2.E
Timestep	Standard Nomenclature	Ring conformation
1			-		q56(6.563454)		1t3(6.710554)	
../../pdbs//3hs6.pdb 1.E
Timestep	Standard Nomenclature	Ring conformation
1			4C1		6d3(2.388621)		2d5(5.702851)		4d1(8.041406)	
../../pdbs//1nwt.pdb 4.H
Timestep	Standard Nomenclature	Ring conformation
1			-		4d1(6.341258)		2d5(7.758557)		t35(9.814731)	
../../pdbs//1nwt.pdb 3.H
Timestep	Standard Nomenclature	Ring conformation
1			-		q56(0.066721)		14d(7.171936)	
../../pdbs//1nwt.pdb 5.F
Timestep	Standard Nomenclature	Ring conformation
1			-		4d1(5.249988)		t35(7.138075)	
../../pdbs//1nwt.pdb 4.F
Timestep	Standard Nomenclature	Ring conformation
1			-		q56(1.097349)		14d(9.172945)	
../../pdbs//1nwt.pdb 5.J
Timestep	Standard Nomenclature	Ring conformation
1			1S3		1t3(6.676931)		4t6(8.562999)	
../../pdbs//1nwt.pdb 4.J
Timestep	Standard Nomenclature	Ring conformation
1			-		q56(5.884719)	
../../pdbs//1nwt.pdb 5.L
Timestep	Standard Nomenclature	Ring conformation
1			-		4d1(6.562309)		t35(6.617486)		46t(8.929449)	
../../pdbs//1nwt.pdb 4.L
Timestep	Standard Nomenclature	Ring conformation
1			-		q56(2.802245)		14d(9.867709)	
../../pdbs//2px1.pdb 2.D
Timestep	Standard Nomenclature	Ring conformation
1			-		4d1(0.737288)		t35(3.074254)		24t(8.495917)		46t(9.231761)	
../../pdbs//2px1.pdb 1.D
Timestep	Standard Nomenclature	Ring conformation
1			-		4d1(3.180708)		26t(6.323380)	
../../pdbs//6jo8.pdb 2.I
Timestep	Standard Nomenclature	Ring conformation
1			-		t35(1.288783)		4d1(2.617189)		24t(9.208189)	
../../pdbs//6jo8.pdb 1.I
Timestep	Standard Nomenclature	Ring conformation
1			4C1		4d1(2.707496)		6d3(5.327716)		2d5(8.327311)	
../../pdbs//6jo8.pdb 2.H
Timestep	Standard Nomenclature	Ring conformation
1			1S3		4t6(0.222628)		1t3(7.519904)	
../../pdbs//6jo8.pdb 1.H
Timestep	Standard Nomenclature	Ring conformation
1			4C1		6d3(1.823049)		4d1(2.107754)		2d5(4.135167)	
../../pdbs//6jo8.pdb 2.G
Timestep	Standard Nomenclature	Ring conformation
1			-		45q(0.454218)		4t6(5.534783)		4q3(7.825356)		14d(9.071136)	
../../pdbs//6jo8.pdb 1.G
Timestep	Standard Nomenclature	Ring conformation
1			4C1		2d5(1.376518)		4d1(3.109077)		6d3(4.544667)	
../../pdbs//3htt.pdb 2.C
Timestep	Standard Nomenclature	Ring conformation
1			-		16q(5.371784)		3t5(8.755760)	
../../pdbs//3htt.pdb 1.C
Timestep	Standard Nomenclature	Ring conformation
1			4C1		4d1(1.529685)		2d5(3.814161)		6d3(5.060051)	
../../pdbs//2iit.pdb 2.F
Timestep	Standard Nomenclature	Ring conformation
1			4C1		2d5(3.735764)		6d3(5.699675)		4d1(9.253436)	
../../pdbs//2iit.pdb 1.F
Timestep	Standard Nomenclature	Ring conformation
1			4C1		6d3(1.145393)		2d5(2.724800)		4d1(3.937031)	
../../pdbs//2iit.pdb 2.C
Timestep	Standard Nomenclature	Ring conformation
1			4C1		4d1(2.031766)		6d3(5.964674)		2d5(8.180439)	
../../pdbs//2iit.pdb 1.C
Timestep	Standard Nomenclature	Ring conformation
1			4C1		4d1(1.511475)		6d3(6.201985)		2d5(7.683678)	
../../pdbs//1zu8.pdb 2.C
Timestep	Standard Nomenclature	Ring conformation
1			-		1t3(3.802440)		q56(4.166201)	
../../pdbs//1zu8.pdb 1.C
Timestep	Standard Nomenclature	Ring conformation
1			-		2d5(5.992048)		6d3(8.992854)	
../../pdbs//1u8e.pdb 2.L
Timestep	Standard Nomenclature	Ring conformation
1			1S3		4t6(0.363438)		1t3(2.453617)	
../../pdbs//1u8e.pdb 1.L
Timestep	Standard Nomenclature	Ring conformation
1			4C1		4d1(1.582963)		2d5(2.662616)		6d3(4.215057)	
../../pdbs//1u8e.pdb 2.F
Timestep	Standard Nomenclature	Ring conformation
1			-		2d5(0.334328)		46t(8.312795)		6d3(9.083085)		4d1(9.619096)	
../../pdbs//1u8e.pdb 1.F
Timestep	Standard Nomenclature	Ring conformation
1			4C1		4d1(1.889411)		6d3(2.857836)		2d5(4.832453)	
